20_fit_unc
/home/aidrive/tb5zhh/.conda/envs/tbw_3dscan/lib/python3.8/site-packages/MinkowskiEngine/__init__.py:36: UserWarning: The environment variable `OMP_NUM_THREADS` not set. MinkowskiEngine will automatically set `OMP_NUM_THREADS=16`. If you want to set `OMP_NUM_THREADS` manually, please export it on the command line before running a python script. e.g. `export OMP_NUM_THREADS=12; python your_program.py`. It is recommended to set it below 24.
  warnings.warn(
[2021-11-09 15:54:11][__main__	][INFO	] Run with 1 cpu
[2021-11-09 15:54:11][__main__	][INFO	] Running config
[2021-11-09 15:54:11][__main__	][INFO	] --->                          model: Res16UNet34C
[2021-11-09 15:54:11][__main__	][INFO	] --->              conv1_kernel_size: 5
[2021-11-09 15:54:11][__main__	][INFO	] --->                        weights: checkpoints/pretrain_20000.pth
[2021-11-09 15:54:11][__main__	][INFO	] --->                       weights1: /home/aidrive1/workspace/luoly/dataset/final/min_weights/LR/unc/1/512/checkpoint_NoneRes16UNet34Cbest_val.pth
[2021-11-09 15:54:11][__main__	][INFO	] --->                       weights2: /home/aidrive1/workspace/luoly/dataset/final/min_weights/LR/512/1/checkpoint_NoneRes16UNet34Cbest_val.pth
[2021-11-09 15:54:11][__main__	][INFO	] --->                       weights3: /home/aidrive1/workspace/luoly/dataset/final/min_weights/LR/1024/1/checkpoint_NoneRes16UNet34Cbest_val.pth
[2021-11-09 15:54:11][__main__	][INFO	] --->        weights_for_inner_model: False
[2021-11-09 15:54:11][__main__	][INFO	] --->                      dilations: [1, 1, 1, 1]
[2021-11-09 15:54:11][__main__	][INFO	] --->                   wrapper_type: None
[2021-11-09 15:54:11][__main__	][INFO	] --->            wrapper_region_type: 1
[2021-11-09 15:54:11][__main__	][INFO	] --->            wrapper_kernel_size: 3
[2021-11-09 15:54:11][__main__	][INFO	] --->                     wrapper_lr: 0.1
[2021-11-09 15:54:11][__main__	][INFO	] --->           meanfield_iterations: 10
[2021-11-09 15:54:11][__main__	][INFO	] --->              crf_spatial_sigma: 1
[2021-11-09 15:54:11][__main__	][INFO	] --->            crf_chromatic_sigma: 12
[2021-11-09 15:54:11][__main__	][INFO	] --->                      optimizer: SGD
[2021-11-09 15:54:11][__main__	][INFO	] --->                             lr: 0.1
[2021-11-09 15:54:11][__main__	][INFO	] --->                   sgd_momentum: 0.9
[2021-11-09 15:54:11][__main__	][INFO	] --->                  sgd_dampening: 0.1
[2021-11-09 15:54:11][__main__	][INFO	] --->                     adam_beta1: 0.9
[2021-11-09 15:54:11][__main__	][INFO	] --->                     adam_beta2: 0.999
[2021-11-09 15:54:11][__main__	][INFO	] --->                   weight_decay: 0.0001
[2021-11-09 15:54:11][__main__	][INFO	] --->           param_histogram_freq: 100
[2021-11-09 15:54:11][__main__	][INFO	] --->           save_param_histogram: False
[2021-11-09 15:54:11][__main__	][INFO	] --->                      iter_size: 1
[2021-11-09 15:54:11][__main__	][INFO	] --->                    bn_momentum: 0.02
[2021-11-09 15:54:11][__main__	][INFO	] --->                      scheduler: PolyLR
[2021-11-09 15:54:11][__main__	][INFO	] --->                       max_iter: 30000
[2021-11-09 15:54:11][__main__	][INFO	] --->                      step_size: 20000.0
[2021-11-09 15:54:11][__main__	][INFO	] --->                     step_gamma: 0.1
[2021-11-09 15:54:11][__main__	][INFO	] --->                     poly_power: 0.9
[2021-11-09 15:54:11][__main__	][INFO	] --->                      exp_gamma: 0.95
[2021-11-09 15:54:11][__main__	][INFO	] --->                  exp_step_size: 445
[2021-11-09 15:54:11][__main__	][INFO	] --->                        log_dir: log
[2021-11-09 15:54:11][__main__	][INFO	] --->                       data_dir: data
[2021-11-09 15:54:11][__main__	][INFO	] --->                        dataset: ScannetVoxelization2cmDataset
[2021-11-09 15:54:11][__main__	][INFO	] --->                    testdataset: ScannetVoxelization2cmtestDataset
[2021-11-09 15:54:11][__main__	][INFO	] --->              temporal_dilation: 30
[2021-11-09 15:54:11][__main__	][INFO	] --->                temporal_numseq: 3
[2021-11-09 15:54:11][__main__	][INFO	] --->                      point_lim: -1
[2021-11-09 15:54:11][__main__	][INFO	] --->                  pre_point_lim: -1
[2021-11-09 15:54:11][__main__	][INFO	] --->                     batch_size: 1
[2021-11-09 15:54:11][__main__	][INFO	] --->                test_batch_size: 1
[2021-11-09 15:54:11][__main__	][INFO	] --->                     cache_data: False
[2021-11-09 15:54:11][__main__	][INFO	] --->                    num_workers: 4
[2021-11-09 15:54:11][__main__	][INFO	] --->                num_val_workers: 1
[2021-11-09 15:54:11][__main__	][INFO	] --->                   ignore_label: 255
[2021-11-09 15:54:11][__main__	][INFO	] --->          return_transformation: False
[2021-11-09 15:54:11][__main__	][INFO	] --->         ignore_duplicate_class: False
[2021-11-09 15:54:11][__main__	][INFO	] --->                   partial_crop: 0.0
[2021-11-09 15:54:11][__main__	][INFO	] --->          train_limit_numpoints: 0
[2021-11-09 15:54:11][__main__	][INFO	] --->                   synthia_path: /home/chrischoy/datasets/Synthia/Synthia4D
[2021-11-09 15:54:11][__main__	][INFO	] --->            synthia_camera_path: /home/chrischoy/datasets/Synthia/%s/CameraParams/
[2021-11-09 15:54:11][__main__	][INFO	] --->  synthia_camera_intrinsic_file: intrinsics.txt
[2021-11-09 15:54:11][__main__	][INFO	] ---> synthia_camera_extrinsics_file: Stereo_Right/Omni_F/%s.txt
[2021-11-09 15:54:11][__main__	][INFO	] --->         temporal_rand_dilation: False
[2021-11-09 15:54:11][__main__	][INFO	] --->           temporal_rand_numseq: False
[2021-11-09 15:54:11][__main__	][INFO	] --->                   scannet_path: /home/aidrive/tb5zhh/data/20_fit_unc/train
[2021-11-09 15:54:11][__main__	][INFO	] --->              scannet_test_path: /home/aidrive/tb5zhh/data/full/train
[2021-11-09 15:54:11][__main__	][INFO	] --->                stanford3d_path: /home/chrischoy/datasets/Stanford3D
[2021-11-09 15:54:11][__main__	][INFO	] --->                       is_train: True
[2021-11-09 15:54:11][__main__	][INFO	] --->                      stat_freq: 40
[2021-11-09 15:54:11][__main__	][INFO	] --->                 test_stat_freq: 100
[2021-11-09 15:54:11][__main__	][INFO	] --->                test_stat_freq1: 312
[2021-11-09 15:54:11][__main__	][INFO	] --->                      save_freq: 1000
[2021-11-09 15:54:11][__main__	][INFO	] --->                       val_freq: 2
[2021-11-09 15:54:11][__main__	][INFO	] --->               empty_cache_freq: 1
[2021-11-09 15:54:11][__main__	][INFO	] --->                    train_phase: train
[2021-11-09 15:54:11][__main__	][INFO	] --->                      val_phase: val
[2021-11-09 15:54:11][__main__	][INFO	] --->              overwrite_weights: True
[2021-11-09 15:54:11][__main__	][INFO	] --->                         resume: 1
[2021-11-09 15:54:11][__main__	][INFO	] --->               resume_optimizer: True
[2021-11-09 15:54:11][__main__	][INFO	] --->                  eval_upsample: False
[2021-11-09 15:54:11][__main__	][INFO	] --->         lenient_weight_loading: False
[2021-11-09 15:54:11][__main__	][INFO	] --->         distributed_world_size: 2
[2021-11-09 15:54:11][__main__	][INFO	] --->               distributed_rank: 0
[2021-11-09 15:54:11][__main__	][INFO	] --->            distributed_backend: nccl
[2021-11-09 15:54:11][__main__	][INFO	] --->        distributed_init_method: 
[2021-11-09 15:54:11][__main__	][INFO	] --->               distributed_port: 10010
[2021-11-09 15:54:11][__main__	][INFO	] --->                      device_id: 0
[2021-11-09 15:54:11][__main__	][INFO	] --->           distributed_no_spawn: True
[2021-11-09 15:54:11][__main__	][INFO	] --->                    ddp_backend: c10d
[2021-11-09 15:54:11][__main__	][INFO	] --->                  bucket_cap_mb: 25
[2021-11-09 15:54:11][__main__	][INFO	] --->                   use_feat_aug: True
[2021-11-09 15:54:11][__main__	][INFO	] --->     data_aug_color_trans_ratio: 0.1
[2021-11-09 15:54:11][__main__	][INFO	] --->      data_aug_color_jitter_std: 0.05
[2021-11-09 15:54:11][__main__	][INFO	] --->                normalize_color: True
[2021-11-09 15:54:11][__main__	][INFO	] --->             data_aug_scale_min: 0.9
[2021-11-09 15:54:11][__main__	][INFO	] --->             data_aug_scale_max: 1.1
[2021-11-09 15:54:11][__main__	][INFO	] --->               data_aug_hue_max: 0.5
[2021-11-09 15:54:11][__main__	][INFO	] --->        data_aug_saturation_max: 0.2
[2021-11-09 15:54:11][__main__	][INFO	] --->                      visualize: False
[2021-11-09 15:54:11][__main__	][INFO	] --->          test_temporal_average: False
[2021-11-09 15:54:11][__main__	][INFO	] --->                 visualize_path: outputs/visualize
[2021-11-09 15:54:11][__main__	][INFO	] --->                save_prediction: False
[2021-11-09 15:54:11][__main__	][INFO	] --->                  save_pred_dir: outputs/pred
[2021-11-09 15:54:11][__main__	][INFO	] --->                     test_phase: test
[2021-11-09 15:54:11][__main__	][INFO	] --->   evaluate_original_pointcloud: False
[2021-11-09 15:54:11][__main__	][INFO	] --->       test_original_pointcloud: False
[2021-11-09 15:54:11][__main__	][INFO	] --->                        is_cuda: True
[2021-11-09 15:54:11][__main__	][INFO	] --->                      load_path: 
[2021-11-09 15:54:11][__main__	][INFO	] --->                       log_step: 50
[2021-11-09 15:54:11][__main__	][INFO	] --->                      log_level: INFO
[2021-11-09 15:54:11][__main__	][INFO	] --->                        num_gpu: 1
[2021-11-09 15:54:11][__main__	][INFO	] --->                           seed: 42
[2021-11-09 15:54:11][__main__	][INFO	] --->                       run_name: finetune_20_fit_unc_0.1_Res16UNet34C
[2021-11-09 15:54:11][__main__	][INFO	] --->                      unc_round: 20
[2021-11-09 15:54:11][__main__	][INFO	] --->                 unc_result_dir: /
[2021-11-09 15:54:11][__main__	][INFO	] --->                          wandb: True
[2021-11-09 15:54:11][__main__	][INFO	] --->                  train_dataset: ScannetVoxelization2cmDataset
[2021-11-09 15:54:11][__main__	][INFO	] --->                    val_dataset: ScannetVoxelization2cmtestDataset
[2021-11-09 15:54:11][__main__	][INFO	] --->                 checkpoint_dir: checkpoints
[2021-11-09 15:54:11][__main__	][INFO	] --->                     optim_step: 2
[2021-11-09 15:54:11][__main__	][INFO	] --->                  validate_step: 150
[2021-11-09 15:54:11][__main__	][INFO	] --->                    train_epoch: 20000
[2021-11-09 15:54:11][__main__	][INFO	] --->               train_batch_size: 8
[2021-11-09 15:54:11][__main__	][INFO	] --->                 val_batch_size: 2
[2021-11-09 15:54:11][__main__	][INFO	] --->                eval_result_dir: /
[2021-11-09 15:54:11][__main__	][INFO	] --->                  unc_stat_path: /
[2021-11-09 15:54:11][__main__	][INFO	] --->                     save_epoch: 1
[2021-11-09 15:54:11][__main__	][INFO	] --->                   ignore_index: 255
[2021-11-09 15:54:11][__main__	][INFO	] --->                       do_train: True
[2021-11-09 15:54:11][__main__	][INFO	] --->               do_unc_inference: False
[2021-11-09 15:54:11][__main__	][INFO	] --->                    do_unc_demo: False
[2021-11-09 15:54:11][__main__	][INFO	] --->                    unc_dataset: 
[2021-11-09 15:54:11][__main__	][INFO	] --->           do_verbose_inference: False
[2021-11-09 15:54:11][__main__	][INFO	] --->                  do_unc_render: False
[2021-11-09 15:54:23][__main__	][INFO	] Weights loaded from checkpoints/pretrain_20000.pth
[2021-11-09 15:54:23][__main__	][INFO	] [Errno 2] No such file or directory: 'checkpoints/finetune_20_fit_unc_0.1_Res16UNet34C_latest.pth'
new.py:162: DeprecationWarning: The 'warn' method is deprecated, use 'warning' instead
  logger.warn(f"checkpoint not found")
[2021-11-09 15:54:23][__main__	][WARNING	] checkpoint not found
[2021-11-09 15:54:23][__main__	][INFO	] Model setup done
[2021-11-09 15:54:23][__main__	][INFO	] 
Res16UNet34C(
  (conv0p1s1): MinkowskiConvolution(in=3, out=32, kernel_size=[5, 5, 5], stride=[1, 1, 1], dilation=[1, 1, 1])
  (bn0): MinkowskiBatchNorm(32, eps=1e-05, momentum=0.02, affine=True, track_running_stats=True)
  (conv1p1s2): MinkowskiConvolution(in=32, out=32, kernel_size=[2, 2, 2], stride=[2, 2, 2], dilation=[1, 1, 1])
  (bn1): MinkowskiBatchNorm(32, eps=1e-05, momentum=0.02, affine=True, track_running_stats=True)
  (block1): Sequential(
    (0): BasicBlock(
      (conv1): MinkowskiConvolution(in=32, out=32, kernel_size=[3, 3, 3], stride=[1, 1, 1], dilation=[1, 1, 1])
      (norm1): MinkowskiBatchNorm(32, eps=1e-05, momentum=0.1, affine=True, track_running_stats=True)
      (conv2): MinkowskiConvolution(in=32, out=32, kernel_size=[3, 3, 3], stride=[1, 1, 1], dilation=[1, 1, 1])
      (norm2): MinkowskiBatchNorm(32, eps=1e-05, momentum=0.1, affine=True, track_running_stats=True)
      (relu): MinkowskiReLU()
    )
    (1): BasicBlock(
      (conv1): MinkowskiConvolution(in=32, out=32, kernel_size=[3, 3, 3], stride=[1, 1, 1], dilation=[1, 1, 1])
      (norm1): MinkowskiBatchNorm(32, eps=1e-05, momentum=0.1, affine=True, track_running_stats=True)
      (conv2): MinkowskiConvolution(in=32, out=32, kernel_size=[3, 3, 3], stride=[1, 1, 1], dilation=[1, 1, 1])
      (norm2): MinkowskiBatchNorm(32, eps=1e-05, momentum=0.1, affine=True, track_running_stats=True)
      (relu): MinkowskiReLU()
    )
  )
  (conv2p2s2): MinkowskiConvolution(in=32, out=32, kernel_size=[2, 2, 2], stride=[2, 2, 2], dilation=[1, 1, 1])
  (bn2): MinkowskiBatchNorm(32, eps=1e-05, momentum=0.02, affine=True, track_running_stats=True)
  (block2): Sequential(
    (0): BasicBlock(
      (conv1): MinkowskiConvolution(in=32, out=64, kernel_size=[3, 3, 3], stride=[1, 1, 1], dilation=[1, 1, 1])
      (norm1): MinkowskiBatchNorm(64, eps=1e-05, momentum=0.1, affine=True, track_running_stats=True)
      (conv2): MinkowskiConvolution(in=64, out=64, kernel_size=[3, 3, 3], stride=[1, 1, 1], dilation=[1, 1, 1])
      (norm2): MinkowskiBatchNorm(64, eps=1e-05, momentum=0.1, affine=True, track_running_stats=True)
      (relu): MinkowskiReLU()
      (downsample): Sequential(
        (0): MinkowskiConvolution(in=32, out=64, kernel_size=[1, 1, 1], stride=[1, 1, 1], dilation=[1, 1, 1])
        (1): MinkowskiBatchNorm(64, eps=1e-05, momentum=0.02, affine=True, track_running_stats=True)
      )
    )
    (1): BasicBlock(
      (conv1): MinkowskiConvolution(in=64, out=64, kernel_size=[3, 3, 3], stride=[1, 1, 1], dilation=[1, 1, 1])
      (norm1): MinkowskiBatchNorm(64, eps=1e-05, momentum=0.1, affine=True, track_running_stats=True)
      (conv2): MinkowskiConvolution(in=64, out=64, kernel_size=[3, 3, 3], stride=[1, 1, 1], dilation=[1, 1, 1])
      (norm2): MinkowskiBatchNorm(64, eps=1e-05, momentum=0.1, affine=True, track_running_stats=True)
      (relu): MinkowskiReLU()
    )
    (2): BasicBlock(
      (conv1): MinkowskiConvolution(in=64, out=64, kernel_size=[3, 3, 3], stride=[1, 1, 1], dilation=[1, 1, 1])
      (norm1): MinkowskiBatchNorm(64, eps=1e-05, momentum=0.1, affine=True, track_running_stats=True)
      (conv2): MinkowskiConvolution(in=64, out=64, kernel_size=[3, 3, 3], stride=[1, 1, 1], dilation=[1, 1, 1])
      (norm2): MinkowskiBatchNorm(64, eps=1e-05, momentum=0.1, affine=True, track_running_stats=True)
      (relu): MinkowskiReLU()
    )
  )
  (conv3p4s2): MinkowskiConvolution(in=64, out=64, kernel_size=[2, 2, 2], stride=[2, 2, 2], dilation=[1, 1, 1])
  (bn3): MinkowskiBatchNorm(64, eps=1e-05, momentum=0.02, affine=True, track_running_stats=True)
  (block3): Sequential(
    (0): BasicBlock(
      (conv1): MinkowskiConvolution(in=64, out=128, kernel_size=[3, 3, 3], stride=[1, 1, 1], dilation=[1, 1, 1])
      (norm1): MinkowskiBatchNorm(128, eps=1e-05, momentum=0.1, affine=True, track_running_stats=True)
      (conv2): MinkowskiConvolution(in=128, out=128, kernel_size=[3, 3, 3], stride=[1, 1, 1], dilation=[1, 1, 1])
      (norm2): MinkowskiBatchNorm(128, eps=1e-05, momentum=0.1, affine=True, track_running_stats=True)
      (relu): MinkowskiReLU()
      (downsample): Sequential(
        (0): MinkowskiConvolution(in=64, out=128, kernel_size=[1, 1, 1], stride=[1, 1, 1], dilation=[1, 1, 1])
        (1): MinkowskiBatchNorm(128, eps=1e-05, momentum=0.02, affine=True, track_running_stats=True)
      )
    )
    (1): BasicBlock(
      (conv1): MinkowskiConvolution(in=128, out=128, kernel_size=[3, 3, 3], stride=[1, 1, 1], dilation=[1, 1, 1])
      (norm1): MinkowskiBatchNorm(128, eps=1e-05, momentum=0.1, affine=True, track_running_stats=True)
      (conv2): MinkowskiConvolution(in=128, out=128, kernel_size=[3, 3, 3], stride=[1, 1, 1], dilation=[1, 1, 1])
      (norm2): MinkowskiBatchNorm(128, eps=1e-05, momentum=0.1, affine=True, track_running_stats=True)
      (relu): MinkowskiReLU()
    )
    (2): BasicBlock(
      (conv1): MinkowskiConvolution(in=128, out=128, kernel_size=[3, 3, 3], stride=[1, 1, 1], dilation=[1, 1, 1])
      (norm1): MinkowskiBatchNorm(128, eps=1e-05, momentum=0.1, affine=True, track_running_stats=True)
      (conv2): MinkowskiConvolution(in=128, out=128, kernel_size=[3, 3, 3], stride=[1, 1, 1], dilation=[1, 1, 1])
      (norm2): MinkowskiBatchNorm(128, eps=1e-05, momentum=0.1, affine=True, track_running_stats=True)
      (relu): MinkowskiReLU()
    )
    (3): BasicBlock(
      (conv1): MinkowskiConvolution(in=128, out=128, kernel_size=[3, 3, 3], stride=[1, 1, 1], dilation=[1, 1, 1])
      (norm1): MinkowskiBatchNorm(128, eps=1e-05, momentum=0.1, affine=True, track_running_stats=True)
      (conv2): MinkowskiConvolution(in=128, out=128, kernel_size=[3, 3, 3], stride=[1, 1, 1], dilation=[1, 1, 1])
      (norm2): MinkowskiBatchNorm(128, eps=1e-05, momentum=0.1, affine=True, track_running_stats=True)
      (relu): MinkowskiReLU()
    )
  )
  (conv4p8s2): MinkowskiConvolution(in=128, out=128, kernel_size=[2, 2, 2], stride=[2, 2, 2], dilation=[1, 1, 1])
  (bn4): MinkowskiBatchNorm(128, eps=1e-05, momentum=0.02, affine=True, track_running_stats=True)
  (block4): Sequential(
    (0): BasicBlock(
      (conv1): MinkowskiConvolution(in=128, out=256, kernel_size=[3, 3, 3], stride=[1, 1, 1], dilation=[1, 1, 1])
      (norm1): MinkowskiBatchNorm(256, eps=1e-05, momentum=0.1, affine=True, track_running_stats=True)
      (conv2): MinkowskiConvolution(in=256, out=256, kernel_size=[3, 3, 3], stride=[1, 1, 1], dilation=[1, 1, 1])
      (norm2): MinkowskiBatchNorm(256, eps=1e-05, momentum=0.1, affine=True, track_running_stats=True)
      (relu): MinkowskiReLU()
      (downsample): Sequential(
        (0): MinkowskiConvolution(in=128, out=256, kernel_size=[1, 1, 1], stride=[1, 1, 1], dilation=[1, 1, 1])
        (1): MinkowskiBatchNorm(256, eps=1e-05, momentum=0.02, affine=True, track_running_stats=True)
      )
    )
    (1): BasicBlock(
      (conv1): MinkowskiConvolution(in=256, out=256, kernel_size=[3, 3, 3], stride=[1, 1, 1], dilation=[1, 1, 1])
      (norm1): MinkowskiBatchNorm(256, eps=1e-05, momentum=0.1, affine=True, track_running_stats=True)
      (conv2): MinkowskiConvolution(in=256, out=256, kernel_size=[3, 3, 3], stride=[1, 1, 1], dilation=[1, 1, 1])
      (norm2): MinkowskiBatchNorm(256, eps=1e-05, momentum=0.1, affine=True, track_running_stats=True)
      (relu): MinkowskiReLU()
    )
    (2): BasicBlock(
      (conv1): MinkowskiConvolution(in=256, out=256, kernel_size=[3, 3, 3], stride=[1, 1, 1], dilation=[1, 1, 1])
      (norm1): MinkowskiBatchNorm(256, eps=1e-05, momentum=0.1, affine=True, track_running_stats=True)
      (conv2): MinkowskiConvolution(in=256, out=256, kernel_size=[3, 3, 3], stride=[1, 1, 1], dilation=[1, 1, 1])
      (norm2): MinkowskiBatchNorm(256, eps=1e-05, momentum=0.1, affine=True, track_running_stats=True)
      (relu): MinkowskiReLU()
    )
    (3): BasicBlock(
      (conv1): MinkowskiConvolution(in=256, out=256, kernel_size=[3, 3, 3], stride=[1, 1, 1], dilation=[1, 1, 1])
      (norm1): MinkowskiBatchNorm(256, eps=1e-05, momentum=0.1, affine=True, track_running_stats=True)
      (conv2): MinkowskiConvolution(in=256, out=256, kernel_size=[3, 3, 3], stride=[1, 1, 1], dilation=[1, 1, 1])
      (norm2): MinkowskiBatchNorm(256, eps=1e-05, momentum=0.1, affine=True, track_running_stats=True)
      (relu): MinkowskiReLU()
    )
    (4): BasicBlock(
      (conv1): MinkowskiConvolution(in=256, out=256, kernel_size=[3, 3, 3], stride=[1, 1, 1], dilation=[1, 1, 1])
      (norm1): MinkowskiBatchNorm(256, eps=1e-05, momentum=0.1, affine=True, track_running_stats=True)
      (conv2): MinkowskiConvolution(in=256, out=256, kernel_size=[3, 3, 3], stride=[1, 1, 1], dilation=[1, 1, 1])
      (norm2): MinkowskiBatchNorm(256, eps=1e-05, momentum=0.1, affine=True, track_running_stats=True)
      (relu): MinkowskiReLU()
    )
    (5): BasicBlock(
      (conv1): MinkowskiConvolution(in=256, out=256, kernel_size=[3, 3, 3], stride=[1, 1, 1], dilation=[1, 1, 1])
      (norm1): MinkowskiBatchNorm(256, eps=1e-05, momentum=0.1, affine=True, track_running_stats=True)
      (conv2): MinkowskiConvolution(in=256, out=256, kernel_size=[3, 3, 3], stride=[1, 1, 1], dilation=[1, 1, 1])
      (norm2): MinkowskiBatchNorm(256, eps=1e-05, momentum=0.1, affine=True, track_running_stats=True)
      (relu): MinkowskiReLU()
    )
  )
  (convtr4p16s2): MinkowskiConvolutionTranspose(in=256, out=256, kernel_size=[2, 2, 2], stride=[2, 2, 2], dilation=[1, 1, 1])
  (bntr4): MinkowskiBatchNorm(256, eps=1e-05, momentum=0.02, affine=True, track_running_stats=True)
  (block5): Sequential(
    (0): BasicBlock(
      (conv1): MinkowskiConvolution(in=384, out=256, kernel_size=[3, 3, 3], stride=[1, 1, 1], dilation=[1, 1, 1])
      (norm1): MinkowskiBatchNorm(256, eps=1e-05, momentum=0.1, affine=True, track_running_stats=True)
      (conv2): MinkowskiConvolution(in=256, out=256, kernel_size=[3, 3, 3], stride=[1, 1, 1], dilation=[1, 1, 1])
      (norm2): MinkowskiBatchNorm(256, eps=1e-05, momentum=0.1, affine=True, track_running_stats=True)
      (relu): MinkowskiReLU()
      (downsample): Sequential(
        (0): MinkowskiConvolution(in=384, out=256, kernel_size=[1, 1, 1], stride=[1, 1, 1], dilation=[1, 1, 1])
        (1): MinkowskiBatchNorm(256, eps=1e-05, momentum=0.02, affine=True, track_running_stats=True)
      )
    )
    (1): BasicBlock(
      (conv1): MinkowskiConvolution(in=256, out=256, kernel_size=[3, 3, 3], stride=[1, 1, 1], dilation=[1, 1, 1])
      (norm1): MinkowskiBatchNorm(256, eps=1e-05, momentum=0.1, affine=True, track_running_stats=True)
      (conv2): MinkowskiConvolution(in=256, out=256, kernel_size=[3, 3, 3], stride=[1, 1, 1], dilation=[1, 1, 1])
      (norm2): MinkowskiBatchNorm(256, eps=1e-05, momentum=0.1, affine=True, track_running_stats=True)
      (relu): MinkowskiReLU()
    )
  )
  (convtr5p8s2): MinkowskiConvolutionTranspose(in=256, out=128, kernel_size=[2, 2, 2], stride=[2, 2, 2], dilation=[1, 1, 1])
  (bntr5): MinkowskiBatchNorm(128, eps=1e-05, momentum=0.02, affine=True, track_running_stats=True)
  (block6): Sequential(
    (0): BasicBlock(
      (conv1): MinkowskiConvolution(in=192, out=128, kernel_size=[3, 3, 3], stride=[1, 1, 1], dilation=[1, 1, 1])
      (norm1): MinkowskiBatchNorm(128, eps=1e-05, momentum=0.1, affine=True, track_running_stats=True)
      (conv2): MinkowskiConvolution(in=128, out=128, kernel_size=[3, 3, 3], stride=[1, 1, 1], dilation=[1, 1, 1])
      (norm2): MinkowskiBatchNorm(128, eps=1e-05, momentum=0.1, affine=True, track_running_stats=True)
      (relu): MinkowskiReLU()
      (downsample): Sequential(
        (0): MinkowskiConvolution(in=192, out=128, kernel_size=[1, 1, 1], stride=[1, 1, 1], dilation=[1, 1, 1])
        (1): MinkowskiBatchNorm(128, eps=1e-05, momentum=0.02, affine=True, track_running_stats=True)
      )
    )
    (1): BasicBlock(
      (conv1): MinkowskiConvolution(in=128, out=128, kernel_size=[3, 3, 3], stride=[1, 1, 1], dilation=[1, 1, 1])
      (norm1): MinkowskiBatchNorm(128, eps=1e-05, momentum=0.1, affine=True, track_running_stats=True)
      (conv2): MinkowskiConvolution(in=128, out=128, kernel_size=[3, 3, 3], stride=[1, 1, 1], dilation=[1, 1, 1])
      (norm2): MinkowskiBatchNorm(128, eps=1e-05, momentum=0.1, affine=True, track_running_stats=True)
      (relu): MinkowskiReLU()
    )
  )
  (convtr6p4s2): MinkowskiConvolutionTranspose(in=128, out=96, kernel_size=[2, 2, 2], stride=[2, 2, 2], dilation=[1, 1, 1])
  (bntr6): MinkowskiBatchNorm(96, eps=1e-05, momentum=0.02, affine=True, track_running_stats=True)
  (block7): Sequential(
    (0): BasicBlock(
      (conv1): MinkowskiConvolution(in=128, out=96, kernel_size=[3, 3, 3], stride=[1, 1, 1], dilation=[1, 1, 1])
      (norm1): MinkowskiBatchNorm(96, eps=1e-05, momentum=0.1, affine=True, track_running_stats=True)
      (conv2): MinkowskiConvolution(in=96, out=96, kernel_size=[3, 3, 3], stride=[1, 1, 1], dilation=[1, 1, 1])
      (norm2): MinkowskiBatchNorm(96, eps=1e-05, momentum=0.1, affine=True, track_running_stats=True)
      (relu): MinkowskiReLU()
      (downsample): Sequential(
        (0): MinkowskiConvolution(in=128, out=96, kernel_size=[1, 1, 1], stride=[1, 1, 1], dilation=[1, 1, 1])
        (1): MinkowskiBatchNorm(96, eps=1e-05, momentum=0.02, affine=True, track_running_stats=True)
      )
    )
    (1): BasicBlock(
      (conv1): MinkowskiConvolution(in=96, out=96, kernel_size=[3, 3, 3], stride=[1, 1, 1], dilation=[1, 1, 1])
      (norm1): MinkowskiBatchNorm(96, eps=1e-05, momentum=0.1, affine=True, track_running_stats=True)
      (conv2): MinkowskiConvolution(in=96, out=96, kernel_size=[3, 3, 3], stride=[1, 1, 1], dilation=[1, 1, 1])
      (norm2): MinkowskiBatchNorm(96, eps=1e-05, momentum=0.1, affine=True, track_running_stats=True)
      (relu): MinkowskiReLU()
    )
  )
  (convtr7p2s2): MinkowskiConvolutionTranspose(in=96, out=96, kernel_size=[2, 2, 2], stride=[2, 2, 2], dilation=[1, 1, 1])
  (bntr7): MinkowskiBatchNorm(96, eps=1e-05, momentum=0.02, affine=True, track_running_stats=True)
  (block8): Sequential(
    (0): BasicBlock(
      (conv1): MinkowskiConvolution(in=128, out=96, kernel_size=[3, 3, 3], stride=[1, 1, 1], dilation=[1, 1, 1])
      (norm1): MinkowskiBatchNorm(96, eps=1e-05, momentum=0.1, affine=True, track_running_stats=True)
      (conv2): MinkowskiConvolution(in=96, out=96, kernel_size=[3, 3, 3], stride=[1, 1, 1], dilation=[1, 1, 1])
      (norm2): MinkowskiBatchNorm(96, eps=1e-05, momentum=0.1, affine=True, track_running_stats=True)
      (relu): MinkowskiReLU()
      (downsample): Sequential(
        (0): MinkowskiConvolution(in=128, out=96, kernel_size=[1, 1, 1], stride=[1, 1, 1], dilation=[1, 1, 1])
        (1): MinkowskiBatchNorm(96, eps=1e-05, momentum=0.02, affine=True, track_running_stats=True)
      )
    )
    (1): BasicBlock(
      (conv1): MinkowskiConvolution(in=96, out=96, kernel_size=[3, 3, 3], stride=[1, 1, 1], dilation=[1, 1, 1])
      (norm1): MinkowskiBatchNorm(96, eps=1e-05, momentum=0.1, affine=True, track_running_stats=True)
      (conv2): MinkowskiConvolution(in=96, out=96, kernel_size=[3, 3, 3], stride=[1, 1, 1], dilation=[1, 1, 1])
      (norm2): MinkowskiBatchNorm(96, eps=1e-05, momentum=0.1, affine=True, track_running_stats=True)
      (relu): MinkowskiReLU()
    )
  )
  (final): MinkowskiConvolution(in=96, out=20, kernel_size=[1, 1, 1], stride=[1, 1, 1], dilation=[1, 1, 1])
  (relu): MinkowskiReLU()
)
wandb: Currently logged in as: tb5zhh (use `wandb login --relogin` to force relogin)
wandb: wandb version 0.12.6 is available!  To upgrade, please run:
wandb:  $ pip install wandb --upgrade
wandb: Tracking run with wandb version 0.12.4
wandb: Syncing run snowy-donkey-275
wandb:  View project at https://wandb.ai/tb5zhh/3dsp
wandb:  View run at https://wandb.ai/tb5zhh/3dsp/runs/2ypg23ki
wandb: Run data is saved locally in /home/aidrive/tb5zhh/3DScanSeg/wandb/run-20211109_155424-2ypg23ki
wandb: Run `wandb offline` to turn off syncing.

[34m[1mwandb[0m: [33mWARNING[0m Calling run.save without any arguments is deprecated.Changes to attributes are automatically persisted.
[2021-11-09 15:54:28][root	][INFO	] Loading ScannetVoxelization2cmDataset: scannetv2_train.txt
[2021-11-09 15:54:28][root	][INFO	] Loading ScannetVoxelization2cmtestDataset: scannetv2_val.txt
[2021-11-09 15:54:28][__main__	][INFO	] Dataloader setup done
[2021-11-09 15:54:28][__main__	][INFO	] My rank : 0 / 1
[2021-11-09 15:54:28][__main__	][INFO	] Start training
[2021-11-09 15:54:40][__main__	][INFO	] TRAIN at global step #1 Epoch #1 Step #2 / 151: loss:3.3646, precision: 1.7119
[2021-11-09 15:54:48][__main__	][INFO	] TRAIN at global step #2 Epoch #1 Step #4 / 151: loss:3.1771, precision: 2.1491
[2021-11-09 15:54:54][__main__	][INFO	] TRAIN at global step #3 Epoch #1 Step #6 / 151: loss:2.8198, precision: 15.9792
[2021-11-09 15:55:01][__main__	][INFO	] TRAIN at global step #4 Epoch #1 Step #8 / 151: loss:2.5955, precision: 20.3929
[2021-11-09 15:55:09][__main__	][INFO	] TRAIN at global step #5 Epoch #1 Step #10 / 151: loss:2.3815, precision: 25.1168
[2021-11-09 15:55:16][__main__	][INFO	] TRAIN at global step #6 Epoch #1 Step #12 / 151: loss:2.5867, precision: 19.4885
[2021-11-09 15:55:23][__main__	][INFO	] TRAIN at global step #7 Epoch #1 Step #14 / 151: loss:1.9507, precision: 40.9486
[2021-11-09 15:55:30][__main__	][INFO	] TRAIN at global step #8 Epoch #1 Step #16 / 151: loss:2.3488, precision: 24.7041
[2021-11-09 15:55:37][__main__	][INFO	] TRAIN at global step #9 Epoch #1 Step #18 / 151: loss:2.1324, precision: 33.0396
[2021-11-09 15:55:44][__main__	][INFO	] TRAIN at global step #10 Epoch #1 Step #20 / 151: loss:2.3906, precision: 23.5998
[2021-11-09 15:55:50][__main__	][INFO	] TRAIN at global step #11 Epoch #1 Step #22 / 151: loss:2.2396, precision: 31.6540
[2021-11-09 15:55:57][__main__	][INFO	] TRAIN at global step #12 Epoch #1 Step #24 / 151: loss:2.1133, precision: 33.9613
[2021-11-09 15:56:03][__main__	][INFO	] TRAIN at global step #13 Epoch #1 Step #26 / 151: loss:2.1516, precision: 27.5694
[2021-11-09 15:56:09][__main__	][INFO	] TRAIN at global step #14 Epoch #1 Step #28 / 151: loss:2.1887, precision: 27.6875
[2021-11-09 15:56:16][__main__	][INFO	] TRAIN at global step #15 Epoch #1 Step #30 / 151: loss:2.1983, precision: 25.3724
[2021-11-09 15:56:22][__main__	][INFO	] TRAIN at global step #16 Epoch #1 Step #32 / 151: loss:2.1178, precision: 34.7269
[2021-11-09 15:56:28][__main__	][INFO	] TRAIN at global step #17 Epoch #1 Step #34 / 151: loss:2.3511, precision: 19.3487
[2021-11-09 15:56:34][__main__	][INFO	] TRAIN at global step #18 Epoch #1 Step #36 / 151: loss:1.9402, precision: 34.0454
[2021-11-09 15:56:41][__main__	][INFO	] TRAIN at global step #19 Epoch #1 Step #38 / 151: loss:2.0476, precision: 30.0858
[2021-11-09 15:56:48][__main__	][INFO	] TRAIN at global step #20 Epoch #1 Step #40 / 151: loss:2.0361, precision: 31.5462
[2021-11-09 15:56:56][__main__	][INFO	] TRAIN at global step #21 Epoch #1 Step #42 / 151: loss:2.1715, precision: 27.2775
[2021-11-09 15:57:02][__main__	][INFO	] TRAIN at global step #22 Epoch #1 Step #44 / 151: loss:2.0041, precision: 32.0077
[2021-11-09 15:57:09][__main__	][INFO	] TRAIN at global step #23 Epoch #1 Step #46 / 151: loss:2.2872, precision: 22.5877
[2021-11-09 15:57:16][__main__	][INFO	] TRAIN at global step #24 Epoch #1 Step #48 / 151: loss:2.0062, precision: 35.8786
[2021-11-09 15:57:24][__main__	][INFO	] TRAIN at global step #25 Epoch #1 Step #50 / 151: loss:1.9794, precision: 35.2564
[2021-11-09 15:57:28][__main__	][INFO	] TRAIN at global step #26 Epoch #1 Step #52 / 151: loss:1.8930, precision: 37.3656
[2021-11-09 15:57:35][__main__	][INFO	] TRAIN at global step #27 Epoch #1 Step #54 / 151: loss:2.0012, precision: 35.7903
[2021-11-09 15:57:42][__main__	][INFO	] TRAIN at global step #28 Epoch #1 Step #56 / 151: loss:2.0143, precision: 29.3806
[2021-11-09 15:57:49][__main__	][INFO	] TRAIN at global step #29 Epoch #1 Step #58 / 151: loss:2.1295, precision: 27.2968
[2021-11-09 15:57:55][__main__	][INFO	] TRAIN at global step #30 Epoch #1 Step #60 / 151: loss:1.7646, precision: 37.4147
[2021-11-09 15:58:02][__main__	][INFO	] TRAIN at global step #31 Epoch #1 Step #62 / 151: loss:1.8640, precision: 37.8163
[2021-11-09 15:58:09][__main__	][INFO	] TRAIN at global step #32 Epoch #1 Step #64 / 151: loss:1.9817, precision: 29.1965
[2021-11-09 15:58:15][__main__	][INFO	] TRAIN at global step #33 Epoch #1 Step #66 / 151: loss:1.7434, precision: 42.2231
[2021-11-09 15:58:21][__main__	][INFO	] TRAIN at global step #34 Epoch #1 Step #68 / 151: loss:2.2693, precision: 21.9978
[2021-11-09 15:58:27][__main__	][INFO	] TRAIN at global step #35 Epoch #1 Step #70 / 151: loss:1.7529, precision: 42.2844
[2021-11-09 15:58:34][__main__	][INFO	] TRAIN at global step #36 Epoch #1 Step #72 / 151: loss:2.0684, precision: 27.9139
[2021-11-09 15:58:41][__main__	][INFO	] TRAIN at global step #37 Epoch #1 Step #74 / 151: loss:2.2245, precision: 18.8487
[2021-11-09 15:58:47][__main__	][INFO	] TRAIN at global step #38 Epoch #1 Step #76 / 151: loss:1.9035, precision: 37.0006
slurmstepd: error: *** JOB 1001 ON air-node-01 CANCELLED AT 2021-11-09T15:58:52 ***
