50_fit_sdouble
/home/aidrive/tb5zhh/.conda/envs/tbw_3dscan/lib/python3.8/site-packages/MinkowskiEngine/__init__.py:36: UserWarning: The environment variable `OMP_NUM_THREADS` not set. MinkowskiEngine will automatically set `OMP_NUM_THREADS=16`. If you want to set `OMP_NUM_THREADS` manually, please export it on the command line before running a python script. e.g. `export OMP_NUM_THREADS=12; python your_program.py`. It is recommended to set it below 24.
  warnings.warn(
[2021-11-09 15:58:53][__main__	][INFO	] Run with 1 cpu
[2021-11-09 15:58:53][__main__	][INFO	] Running config
[2021-11-09 15:58:53][__main__	][INFO	] --->                          model: Res16UNet34C
[2021-11-09 15:58:53][__main__	][INFO	] --->              conv1_kernel_size: 5
[2021-11-09 15:58:53][__main__	][INFO	] --->                        weights: checkpoints/pretrain_20000.pth
[2021-11-09 15:58:53][__main__	][INFO	] --->                       weights1: /home/aidrive1/workspace/luoly/dataset/final/min_weights/LR/unc/1/512/checkpoint_NoneRes16UNet34Cbest_val.pth
[2021-11-09 15:58:53][__main__	][INFO	] --->                       weights2: /home/aidrive1/workspace/luoly/dataset/final/min_weights/LR/512/1/checkpoint_NoneRes16UNet34Cbest_val.pth
[2021-11-09 15:58:53][__main__	][INFO	] --->                       weights3: /home/aidrive1/workspace/luoly/dataset/final/min_weights/LR/1024/1/checkpoint_NoneRes16UNet34Cbest_val.pth
[2021-11-09 15:58:53][__main__	][INFO	] --->        weights_for_inner_model: False
[2021-11-09 15:58:53][__main__	][INFO	] --->                      dilations: [1, 1, 1, 1]
[2021-11-09 15:58:53][__main__	][INFO	] --->                   wrapper_type: None
[2021-11-09 15:58:53][__main__	][INFO	] --->            wrapper_region_type: 1
[2021-11-09 15:58:53][__main__	][INFO	] --->            wrapper_kernel_size: 3
[2021-11-09 15:58:53][__main__	][INFO	] --->                     wrapper_lr: 0.1
[2021-11-09 15:58:53][__main__	][INFO	] --->           meanfield_iterations: 10
[2021-11-09 15:58:53][__main__	][INFO	] --->              crf_spatial_sigma: 1
[2021-11-09 15:58:53][__main__	][INFO	] --->            crf_chromatic_sigma: 12
[2021-11-09 15:58:53][__main__	][INFO	] --->                      optimizer: SGD
[2021-11-09 15:58:53][__main__	][INFO	] --->                             lr: 0.1
[2021-11-09 15:58:53][__main__	][INFO	] --->                   sgd_momentum: 0.9
[2021-11-09 15:58:53][__main__	][INFO	] --->                  sgd_dampening: 0.1
[2021-11-09 15:58:53][__main__	][INFO	] --->                     adam_beta1: 0.9
[2021-11-09 15:58:53][__main__	][INFO	] --->                     adam_beta2: 0.999
[2021-11-09 15:58:53][__main__	][INFO	] --->                   weight_decay: 0.0001
[2021-11-09 15:58:53][__main__	][INFO	] --->           param_histogram_freq: 100
[2021-11-09 15:58:53][__main__	][INFO	] --->           save_param_histogram: False
[2021-11-09 15:58:53][__main__	][INFO	] --->                      iter_size: 1
[2021-11-09 15:58:53][__main__	][INFO	] --->                    bn_momentum: 0.02
[2021-11-09 15:58:53][__main__	][INFO	] --->                      scheduler: PolyLR
[2021-11-09 15:58:53][__main__	][INFO	] --->                       max_iter: 30000
[2021-11-09 15:58:53][__main__	][INFO	] --->                      step_size: 20000.0
[2021-11-09 15:58:53][__main__	][INFO	] --->                     step_gamma: 0.1
[2021-11-09 15:58:53][__main__	][INFO	] --->                     poly_power: 0.9
[2021-11-09 15:58:53][__main__	][INFO	] --->                      exp_gamma: 0.95
[2021-11-09 15:58:53][__main__	][INFO	] --->                  exp_step_size: 445
[2021-11-09 15:58:53][__main__	][INFO	] --->                        log_dir: log
[2021-11-09 15:58:53][__main__	][INFO	] --->                       data_dir: data
[2021-11-09 15:58:53][__main__	][INFO	] --->                        dataset: ScannetVoxelization2cmDataset
[2021-11-09 15:58:53][__main__	][INFO	] --->                    testdataset: ScannetVoxelization2cmtestDataset
[2021-11-09 15:58:53][__main__	][INFO	] --->              temporal_dilation: 30
[2021-11-09 15:58:53][__main__	][INFO	] --->                temporal_numseq: 3
[2021-11-09 15:58:53][__main__	][INFO	] --->                      point_lim: -1
[2021-11-09 15:58:53][__main__	][INFO	] --->                  pre_point_lim: -1
[2021-11-09 15:58:53][__main__	][INFO	] --->                     batch_size: 1
[2021-11-09 15:58:53][__main__	][INFO	] --->                test_batch_size: 1
[2021-11-09 15:58:53][__main__	][INFO	] --->                     cache_data: False
[2021-11-09 15:58:53][__main__	][INFO	] --->                    num_workers: 4
[2021-11-09 15:58:53][__main__	][INFO	] --->                num_val_workers: 1
[2021-11-09 15:58:53][__main__	][INFO	] --->                   ignore_label: 255
[2021-11-09 15:58:53][__main__	][INFO	] --->          return_transformation: False
[2021-11-09 15:58:53][__main__	][INFO	] --->         ignore_duplicate_class: False
[2021-11-09 15:58:53][__main__	][INFO	] --->                   partial_crop: 0.0
[2021-11-09 15:58:53][__main__	][INFO	] --->          train_limit_numpoints: 0
[2021-11-09 15:58:53][__main__	][INFO	] --->                   synthia_path: /home/chrischoy/datasets/Synthia/Synthia4D
[2021-11-09 15:58:53][__main__	][INFO	] --->            synthia_camera_path: /home/chrischoy/datasets/Synthia/%s/CameraParams/
[2021-11-09 15:58:53][__main__	][INFO	] --->  synthia_camera_intrinsic_file: intrinsics.txt
[2021-11-09 15:58:53][__main__	][INFO	] ---> synthia_camera_extrinsics_file: Stereo_Right/Omni_F/%s.txt
[2021-11-09 15:58:53][__main__	][INFO	] --->         temporal_rand_dilation: False
[2021-11-09 15:58:53][__main__	][INFO	] --->           temporal_rand_numseq: False
[2021-11-09 15:58:53][__main__	][INFO	] --->                   scannet_path: /home/aidrive/tb5zhh/data/50_fit_sdouble/train
[2021-11-09 15:58:53][__main__	][INFO	] --->              scannet_test_path: /home/aidrive/tb5zhh/data/full/train
[2021-11-09 15:58:53][__main__	][INFO	] --->                stanford3d_path: /home/chrischoy/datasets/Stanford3D
[2021-11-09 15:58:53][__main__	][INFO	] --->                       is_train: True
[2021-11-09 15:58:53][__main__	][INFO	] --->                      stat_freq: 40
[2021-11-09 15:58:53][__main__	][INFO	] --->                 test_stat_freq: 100
[2021-11-09 15:58:53][__main__	][INFO	] --->                test_stat_freq1: 312
[2021-11-09 15:58:53][__main__	][INFO	] --->                      save_freq: 1000
[2021-11-09 15:58:53][__main__	][INFO	] --->                       val_freq: 2
[2021-11-09 15:58:53][__main__	][INFO	] --->               empty_cache_freq: 1
[2021-11-09 15:58:53][__main__	][INFO	] --->                    train_phase: train
[2021-11-09 15:58:53][__main__	][INFO	] --->                      val_phase: val
[2021-11-09 15:58:53][__main__	][INFO	] --->              overwrite_weights: True
[2021-11-09 15:58:53][__main__	][INFO	] --->                         resume: 1
[2021-11-09 15:58:53][__main__	][INFO	] --->               resume_optimizer: True
[2021-11-09 15:58:53][__main__	][INFO	] --->                  eval_upsample: False
[2021-11-09 15:58:53][__main__	][INFO	] --->         lenient_weight_loading: False
[2021-11-09 15:58:53][__main__	][INFO	] --->         distributed_world_size: 2
[2021-11-09 15:58:53][__main__	][INFO	] --->               distributed_rank: 0
[2021-11-09 15:58:53][__main__	][INFO	] --->            distributed_backend: nccl
[2021-11-09 15:58:53][__main__	][INFO	] --->        distributed_init_method: 
[2021-11-09 15:58:53][__main__	][INFO	] --->               distributed_port: 10010
[2021-11-09 15:58:53][__main__	][INFO	] --->                      device_id: 0
[2021-11-09 15:58:53][__main__	][INFO	] --->           distributed_no_spawn: True
[2021-11-09 15:58:53][__main__	][INFO	] --->                    ddp_backend: c10d
[2021-11-09 15:58:53][__main__	][INFO	] --->                  bucket_cap_mb: 25
[2021-11-09 15:58:53][__main__	][INFO	] --->                   use_feat_aug: True
[2021-11-09 15:58:53][__main__	][INFO	] --->     data_aug_color_trans_ratio: 0.1
[2021-11-09 15:58:53][__main__	][INFO	] --->      data_aug_color_jitter_std: 0.05
[2021-11-09 15:58:53][__main__	][INFO	] --->                normalize_color: True
[2021-11-09 15:58:53][__main__	][INFO	] --->             data_aug_scale_min: 0.9
[2021-11-09 15:58:53][__main__	][INFO	] --->             data_aug_scale_max: 1.1
[2021-11-09 15:58:53][__main__	][INFO	] --->               data_aug_hue_max: 0.5
[2021-11-09 15:58:53][__main__	][INFO	] --->        data_aug_saturation_max: 0.2
[2021-11-09 15:58:53][__main__	][INFO	] --->                      visualize: False
[2021-11-09 15:58:53][__main__	][INFO	] --->          test_temporal_average: False
[2021-11-09 15:58:53][__main__	][INFO	] --->                 visualize_path: outputs/visualize
[2021-11-09 15:58:53][__main__	][INFO	] --->                save_prediction: False
[2021-11-09 15:58:53][__main__	][INFO	] --->                  save_pred_dir: outputs/pred
[2021-11-09 15:58:53][__main__	][INFO	] --->                     test_phase: test
[2021-11-09 15:58:53][__main__	][INFO	] --->   evaluate_original_pointcloud: False
[2021-11-09 15:58:53][__main__	][INFO	] --->       test_original_pointcloud: False
[2021-11-09 15:58:53][__main__	][INFO	] --->                        is_cuda: True
[2021-11-09 15:58:53][__main__	][INFO	] --->                      load_path: 
[2021-11-09 15:58:53][__main__	][INFO	] --->                       log_step: 50
[2021-11-09 15:58:53][__main__	][INFO	] --->                      log_level: INFO
[2021-11-09 15:58:53][__main__	][INFO	] --->                        num_gpu: 1
[2021-11-09 15:58:53][__main__	][INFO	] --->                           seed: 42
[2021-11-09 15:58:53][__main__	][INFO	] --->                       run_name: finetune_50_fit_sdouble_0.1_Res16UNet34C
[2021-11-09 15:58:53][__main__	][INFO	] --->                      unc_round: 20
[2021-11-09 15:58:53][__main__	][INFO	] --->                 unc_result_dir: /
[2021-11-09 15:58:53][__main__	][INFO	] --->                          wandb: True
[2021-11-09 15:58:53][__main__	][INFO	] --->                  train_dataset: ScannetVoxelization2cmDataset
[2021-11-09 15:58:53][__main__	][INFO	] --->                    val_dataset: ScannetVoxelization2cmtestDataset
[2021-11-09 15:58:53][__main__	][INFO	] --->                 checkpoint_dir: checkpoints
[2021-11-09 15:58:53][__main__	][INFO	] --->                     optim_step: 2
[2021-11-09 15:58:53][__main__	][INFO	] --->                  validate_step: 150
[2021-11-09 15:58:53][__main__	][INFO	] --->                    train_epoch: 20000
[2021-11-09 15:58:53][__main__	][INFO	] --->               train_batch_size: 8
[2021-11-09 15:58:53][__main__	][INFO	] --->                 val_batch_size: 2
[2021-11-09 15:58:53][__main__	][INFO	] --->                eval_result_dir: /
[2021-11-09 15:58:53][__main__	][INFO	] --->                  unc_stat_path: /
[2021-11-09 15:58:53][__main__	][INFO	] --->                     save_epoch: 1
[2021-11-09 15:58:53][__main__	][INFO	] --->                   ignore_index: 255
[2021-11-09 15:58:53][__main__	][INFO	] --->                       do_train: True
[2021-11-09 15:58:53][__main__	][INFO	] --->               do_unc_inference: False
[2021-11-09 15:58:53][__main__	][INFO	] --->                    do_unc_demo: False
[2021-11-09 15:58:53][__main__	][INFO	] --->                    unc_dataset: 
[2021-11-09 15:58:53][__main__	][INFO	] --->           do_verbose_inference: False
[2021-11-09 15:58:53][__main__	][INFO	] --->                  do_unc_render: False
[2021-11-09 15:59:14][__main__	][INFO	] Weights loaded from checkpoints/pretrain_20000.pth
[2021-11-09 15:59:14][__main__	][INFO	] [Errno 2] No such file or directory: 'checkpoints/finetune_50_fit_sdouble_0.1_Res16UNet34C_latest.pth'
new.py:162: DeprecationWarning: The 'warn' method is deprecated, use 'warning' instead
  logger.warn(f"checkpoint not found")
[2021-11-09 15:59:14][__main__	][WARNING	] checkpoint not found
[2021-11-09 15:59:14][__main__	][INFO	] Model setup done
[2021-11-09 15:59:14][__main__	][INFO	] 
Res16UNet34C(
  (conv0p1s1): MinkowskiConvolution(in=3, out=32, kernel_size=[5, 5, 5], stride=[1, 1, 1], dilation=[1, 1, 1])
  (bn0): MinkowskiBatchNorm(32, eps=1e-05, momentum=0.02, affine=True, track_running_stats=True)
  (conv1p1s2): MinkowskiConvolution(in=32, out=32, kernel_size=[2, 2, 2], stride=[2, 2, 2], dilation=[1, 1, 1])
  (bn1): MinkowskiBatchNorm(32, eps=1e-05, momentum=0.02, affine=True, track_running_stats=True)
  (block1): Sequential(
    (0): BasicBlock(
      (conv1): MinkowskiConvolution(in=32, out=32, kernel_size=[3, 3, 3], stride=[1, 1, 1], dilation=[1, 1, 1])
      (norm1): MinkowskiBatchNorm(32, eps=1e-05, momentum=0.1, affine=True, track_running_stats=True)
      (conv2): MinkowskiConvolution(in=32, out=32, kernel_size=[3, 3, 3], stride=[1, 1, 1], dilation=[1, 1, 1])
      (norm2): MinkowskiBatchNorm(32, eps=1e-05, momentum=0.1, affine=True, track_running_stats=True)
      (relu): MinkowskiReLU()
    )
    (1): BasicBlock(
      (conv1): MinkowskiConvolution(in=32, out=32, kernel_size=[3, 3, 3], stride=[1, 1, 1], dilation=[1, 1, 1])
      (norm1): MinkowskiBatchNorm(32, eps=1e-05, momentum=0.1, affine=True, track_running_stats=True)
      (conv2): MinkowskiConvolution(in=32, out=32, kernel_size=[3, 3, 3], stride=[1, 1, 1], dilation=[1, 1, 1])
      (norm2): MinkowskiBatchNorm(32, eps=1e-05, momentum=0.1, affine=True, track_running_stats=True)
      (relu): MinkowskiReLU()
    )
  )
  (conv2p2s2): MinkowskiConvolution(in=32, out=32, kernel_size=[2, 2, 2], stride=[2, 2, 2], dilation=[1, 1, 1])
  (bn2): MinkowskiBatchNorm(32, eps=1e-05, momentum=0.02, affine=True, track_running_stats=True)
  (block2): Sequential(
    (0): BasicBlock(
      (conv1): MinkowskiConvolution(in=32, out=64, kernel_size=[3, 3, 3], stride=[1, 1, 1], dilation=[1, 1, 1])
      (norm1): MinkowskiBatchNorm(64, eps=1e-05, momentum=0.1, affine=True, track_running_stats=True)
      (conv2): MinkowskiConvolution(in=64, out=64, kernel_size=[3, 3, 3], stride=[1, 1, 1], dilation=[1, 1, 1])
      (norm2): MinkowskiBatchNorm(64, eps=1e-05, momentum=0.1, affine=True, track_running_stats=True)
      (relu): MinkowskiReLU()
      (downsample): Sequential(
        (0): MinkowskiConvolution(in=32, out=64, kernel_size=[1, 1, 1], stride=[1, 1, 1], dilation=[1, 1, 1])
        (1): MinkowskiBatchNorm(64, eps=1e-05, momentum=0.02, affine=True, track_running_stats=True)
      )
    )
    (1): BasicBlock(
      (conv1): MinkowskiConvolution(in=64, out=64, kernel_size=[3, 3, 3], stride=[1, 1, 1], dilation=[1, 1, 1])
      (norm1): MinkowskiBatchNorm(64, eps=1e-05, momentum=0.1, affine=True, track_running_stats=True)
      (conv2): MinkowskiConvolution(in=64, out=64, kernel_size=[3, 3, 3], stride=[1, 1, 1], dilation=[1, 1, 1])
      (norm2): MinkowskiBatchNorm(64, eps=1e-05, momentum=0.1, affine=True, track_running_stats=True)
      (relu): MinkowskiReLU()
    )
    (2): BasicBlock(
      (conv1): MinkowskiConvolution(in=64, out=64, kernel_size=[3, 3, 3], stride=[1, 1, 1], dilation=[1, 1, 1])
      (norm1): MinkowskiBatchNorm(64, eps=1e-05, momentum=0.1, affine=True, track_running_stats=True)
      (conv2): MinkowskiConvolution(in=64, out=64, kernel_size=[3, 3, 3], stride=[1, 1, 1], dilation=[1, 1, 1])
      (norm2): MinkowskiBatchNorm(64, eps=1e-05, momentum=0.1, affine=True, track_running_stats=True)
      (relu): MinkowskiReLU()
    )
  )
  (conv3p4s2): MinkowskiConvolution(in=64, out=64, kernel_size=[2, 2, 2], stride=[2, 2, 2], dilation=[1, 1, 1])
  (bn3): MinkowskiBatchNorm(64, eps=1e-05, momentum=0.02, affine=True, track_running_stats=True)
  (block3): Sequential(
    (0): BasicBlock(
      (conv1): MinkowskiConvolution(in=64, out=128, kernel_size=[3, 3, 3], stride=[1, 1, 1], dilation=[1, 1, 1])
      (norm1): MinkowskiBatchNorm(128, eps=1e-05, momentum=0.1, affine=True, track_running_stats=True)
      (conv2): MinkowskiConvolution(in=128, out=128, kernel_size=[3, 3, 3], stride=[1, 1, 1], dilation=[1, 1, 1])
      (norm2): MinkowskiBatchNorm(128, eps=1e-05, momentum=0.1, affine=True, track_running_stats=True)
      (relu): MinkowskiReLU()
      (downsample): Sequential(
        (0): MinkowskiConvolution(in=64, out=128, kernel_size=[1, 1, 1], stride=[1, 1, 1], dilation=[1, 1, 1])
        (1): MinkowskiBatchNorm(128, eps=1e-05, momentum=0.02, affine=True, track_running_stats=True)
      )
    )
    (1): BasicBlock(
      (conv1): MinkowskiConvolution(in=128, out=128, kernel_size=[3, 3, 3], stride=[1, 1, 1], dilation=[1, 1, 1])
      (norm1): MinkowskiBatchNorm(128, eps=1e-05, momentum=0.1, affine=True, track_running_stats=True)
      (conv2): MinkowskiConvolution(in=128, out=128, kernel_size=[3, 3, 3], stride=[1, 1, 1], dilation=[1, 1, 1])
      (norm2): MinkowskiBatchNorm(128, eps=1e-05, momentum=0.1, affine=True, track_running_stats=True)
      (relu): MinkowskiReLU()
    )
    (2): BasicBlock(
      (conv1): MinkowskiConvolution(in=128, out=128, kernel_size=[3, 3, 3], stride=[1, 1, 1], dilation=[1, 1, 1])
      (norm1): MinkowskiBatchNorm(128, eps=1e-05, momentum=0.1, affine=True, track_running_stats=True)
      (conv2): MinkowskiConvolution(in=128, out=128, kernel_size=[3, 3, 3], stride=[1, 1, 1], dilation=[1, 1, 1])
      (norm2): MinkowskiBatchNorm(128, eps=1e-05, momentum=0.1, affine=True, track_running_stats=True)
      (relu): MinkowskiReLU()
    )
    (3): BasicBlock(
      (conv1): MinkowskiConvolution(in=128, out=128, kernel_size=[3, 3, 3], stride=[1, 1, 1], dilation=[1, 1, 1])
      (norm1): MinkowskiBatchNorm(128, eps=1e-05, momentum=0.1, affine=True, track_running_stats=True)
      (conv2): MinkowskiConvolution(in=128, out=128, kernel_size=[3, 3, 3], stride=[1, 1, 1], dilation=[1, 1, 1])
      (norm2): MinkowskiBatchNorm(128, eps=1e-05, momentum=0.1, affine=True, track_running_stats=True)
      (relu): MinkowskiReLU()
    )
  )
  (conv4p8s2): MinkowskiConvolution(in=128, out=128, kernel_size=[2, 2, 2], stride=[2, 2, 2], dilation=[1, 1, 1])
  (bn4): MinkowskiBatchNorm(128, eps=1e-05, momentum=0.02, affine=True, track_running_stats=True)
  (block4): Sequential(
    (0): BasicBlock(
      (conv1): MinkowskiConvolution(in=128, out=256, kernel_size=[3, 3, 3], stride=[1, 1, 1], dilation=[1, 1, 1])
      (norm1): MinkowskiBatchNorm(256, eps=1e-05, momentum=0.1, affine=True, track_running_stats=True)
      (conv2): MinkowskiConvolution(in=256, out=256, kernel_size=[3, 3, 3], stride=[1, 1, 1], dilation=[1, 1, 1])
      (norm2): MinkowskiBatchNorm(256, eps=1e-05, momentum=0.1, affine=True, track_running_stats=True)
      (relu): MinkowskiReLU()
      (downsample): Sequential(
        (0): MinkowskiConvolution(in=128, out=256, kernel_size=[1, 1, 1], stride=[1, 1, 1], dilation=[1, 1, 1])
        (1): MinkowskiBatchNorm(256, eps=1e-05, momentum=0.02, affine=True, track_running_stats=True)
      )
    )
    (1): BasicBlock(
      (conv1): MinkowskiConvolution(in=256, out=256, kernel_size=[3, 3, 3], stride=[1, 1, 1], dilation=[1, 1, 1])
      (norm1): MinkowskiBatchNorm(256, eps=1e-05, momentum=0.1, affine=True, track_running_stats=True)
      (conv2): MinkowskiConvolution(in=256, out=256, kernel_size=[3, 3, 3], stride=[1, 1, 1], dilation=[1, 1, 1])
      (norm2): MinkowskiBatchNorm(256, eps=1e-05, momentum=0.1, affine=True, track_running_stats=True)
      (relu): MinkowskiReLU()
    )
    (2): BasicBlock(
      (conv1): MinkowskiConvolution(in=256, out=256, kernel_size=[3, 3, 3], stride=[1, 1, 1], dilation=[1, 1, 1])
      (norm1): MinkowskiBatchNorm(256, eps=1e-05, momentum=0.1, affine=True, track_running_stats=True)
      (conv2): MinkowskiConvolution(in=256, out=256, kernel_size=[3, 3, 3], stride=[1, 1, 1], dilation=[1, 1, 1])
      (norm2): MinkowskiBatchNorm(256, eps=1e-05, momentum=0.1, affine=True, track_running_stats=True)
      (relu): MinkowskiReLU()
    )
    (3): BasicBlock(
      (conv1): MinkowskiConvolution(in=256, out=256, kernel_size=[3, 3, 3], stride=[1, 1, 1], dilation=[1, 1, 1])
      (norm1): MinkowskiBatchNorm(256, eps=1e-05, momentum=0.1, affine=True, track_running_stats=True)
      (conv2): MinkowskiConvolution(in=256, out=256, kernel_size=[3, 3, 3], stride=[1, 1, 1], dilation=[1, 1, 1])
      (norm2): MinkowskiBatchNorm(256, eps=1e-05, momentum=0.1, affine=True, track_running_stats=True)
      (relu): MinkowskiReLU()
    )
    (4): BasicBlock(
      (conv1): MinkowskiConvolution(in=256, out=256, kernel_size=[3, 3, 3], stride=[1, 1, 1], dilation=[1, 1, 1])
      (norm1): MinkowskiBatchNorm(256, eps=1e-05, momentum=0.1, affine=True, track_running_stats=True)
      (conv2): MinkowskiConvolution(in=256, out=256, kernel_size=[3, 3, 3], stride=[1, 1, 1], dilation=[1, 1, 1])
      (norm2): MinkowskiBatchNorm(256, eps=1e-05, momentum=0.1, affine=True, track_running_stats=True)
      (relu): MinkowskiReLU()
    )
    (5): BasicBlock(
      (conv1): MinkowskiConvolution(in=256, out=256, kernel_size=[3, 3, 3], stride=[1, 1, 1], dilation=[1, 1, 1])
      (norm1): MinkowskiBatchNorm(256, eps=1e-05, momentum=0.1, affine=True, track_running_stats=True)
      (conv2): MinkowskiConvolution(in=256, out=256, kernel_size=[3, 3, 3], stride=[1, 1, 1], dilation=[1, 1, 1])
      (norm2): MinkowskiBatchNorm(256, eps=1e-05, momentum=0.1, affine=True, track_running_stats=True)
      (relu): MinkowskiReLU()
    )
  )
  (convtr4p16s2): MinkowskiConvolutionTranspose(in=256, out=256, kernel_size=[2, 2, 2], stride=[2, 2, 2], dilation=[1, 1, 1])
  (bntr4): MinkowskiBatchNorm(256, eps=1e-05, momentum=0.02, affine=True, track_running_stats=True)
  (block5): Sequential(
    (0): BasicBlock(
      (conv1): MinkowskiConvolution(in=384, out=256, kernel_size=[3, 3, 3], stride=[1, 1, 1], dilation=[1, 1, 1])
      (norm1): MinkowskiBatchNorm(256, eps=1e-05, momentum=0.1, affine=True, track_running_stats=True)
      (conv2): MinkowskiConvolution(in=256, out=256, kernel_size=[3, 3, 3], stride=[1, 1, 1], dilation=[1, 1, 1])
      (norm2): MinkowskiBatchNorm(256, eps=1e-05, momentum=0.1, affine=True, track_running_stats=True)
      (relu): MinkowskiReLU()
      (downsample): Sequential(
        (0): MinkowskiConvolution(in=384, out=256, kernel_size=[1, 1, 1], stride=[1, 1, 1], dilation=[1, 1, 1])
        (1): MinkowskiBatchNorm(256, eps=1e-05, momentum=0.02, affine=True, track_running_stats=True)
      )
    )
    (1): BasicBlock(
      (conv1): MinkowskiConvolution(in=256, out=256, kernel_size=[3, 3, 3], stride=[1, 1, 1], dilation=[1, 1, 1])
      (norm1): MinkowskiBatchNorm(256, eps=1e-05, momentum=0.1, affine=True, track_running_stats=True)
      (conv2): MinkowskiConvolution(in=256, out=256, kernel_size=[3, 3, 3], stride=[1, 1, 1], dilation=[1, 1, 1])
      (norm2): MinkowskiBatchNorm(256, eps=1e-05, momentum=0.1, affine=True, track_running_stats=True)
      (relu): MinkowskiReLU()
    )
  )
  (convtr5p8s2): MinkowskiConvolutionTranspose(in=256, out=128, kernel_size=[2, 2, 2], stride=[2, 2, 2], dilation=[1, 1, 1])
  (bntr5): MinkowskiBatchNorm(128, eps=1e-05, momentum=0.02, affine=True, track_running_stats=True)
  (block6): Sequential(
    (0): BasicBlock(
      (conv1): MinkowskiConvolution(in=192, out=128, kernel_size=[3, 3, 3], stride=[1, 1, 1], dilation=[1, 1, 1])
      (norm1): MinkowskiBatchNorm(128, eps=1e-05, momentum=0.1, affine=True, track_running_stats=True)
      (conv2): MinkowskiConvolution(in=128, out=128, kernel_size=[3, 3, 3], stride=[1, 1, 1], dilation=[1, 1, 1])
      (norm2): MinkowskiBatchNorm(128, eps=1e-05, momentum=0.1, affine=True, track_running_stats=True)
      (relu): MinkowskiReLU()
      (downsample): Sequential(
        (0): MinkowskiConvolution(in=192, out=128, kernel_size=[1, 1, 1], stride=[1, 1, 1], dilation=[1, 1, 1])
        (1): MinkowskiBatchNorm(128, eps=1e-05, momentum=0.02, affine=True, track_running_stats=True)
      )
    )
    (1): BasicBlock(
      (conv1): MinkowskiConvolution(in=128, out=128, kernel_size=[3, 3, 3], stride=[1, 1, 1], dilation=[1, 1, 1])
      (norm1): MinkowskiBatchNorm(128, eps=1e-05, momentum=0.1, affine=True, track_running_stats=True)
      (conv2): MinkowskiConvolution(in=128, out=128, kernel_size=[3, 3, 3], stride=[1, 1, 1], dilation=[1, 1, 1])
      (norm2): MinkowskiBatchNorm(128, eps=1e-05, momentum=0.1, affine=True, track_running_stats=True)
      (relu): MinkowskiReLU()
    )
  )
  (convtr6p4s2): MinkowskiConvolutionTranspose(in=128, out=96, kernel_size=[2, 2, 2], stride=[2, 2, 2], dilation=[1, 1, 1])
  (bntr6): MinkowskiBatchNorm(96, eps=1e-05, momentum=0.02, affine=True, track_running_stats=True)
  (block7): Sequential(
    (0): BasicBlock(
      (conv1): MinkowskiConvolution(in=128, out=96, kernel_size=[3, 3, 3], stride=[1, 1, 1], dilation=[1, 1, 1])
      (norm1): MinkowskiBatchNorm(96, eps=1e-05, momentum=0.1, affine=True, track_running_stats=True)
      (conv2): MinkowskiConvolution(in=96, out=96, kernel_size=[3, 3, 3], stride=[1, 1, 1], dilation=[1, 1, 1])
      (norm2): MinkowskiBatchNorm(96, eps=1e-05, momentum=0.1, affine=True, track_running_stats=True)
      (relu): MinkowskiReLU()
      (downsample): Sequential(
        (0): MinkowskiConvolution(in=128, out=96, kernel_size=[1, 1, 1], stride=[1, 1, 1], dilation=[1, 1, 1])
        (1): MinkowskiBatchNorm(96, eps=1e-05, momentum=0.02, affine=True, track_running_stats=True)
      )
    )
    (1): BasicBlock(
      (conv1): MinkowskiConvolution(in=96, out=96, kernel_size=[3, 3, 3], stride=[1, 1, 1], dilation=[1, 1, 1])
      (norm1): MinkowskiBatchNorm(96, eps=1e-05, momentum=0.1, affine=True, track_running_stats=True)
      (conv2): MinkowskiConvolution(in=96, out=96, kernel_size=[3, 3, 3], stride=[1, 1, 1], dilation=[1, 1, 1])
      (norm2): MinkowskiBatchNorm(96, eps=1e-05, momentum=0.1, affine=True, track_running_stats=True)
      (relu): MinkowskiReLU()
    )
  )
  (convtr7p2s2): MinkowskiConvolutionTranspose(in=96, out=96, kernel_size=[2, 2, 2], stride=[2, 2, 2], dilation=[1, 1, 1])
  (bntr7): MinkowskiBatchNorm(96, eps=1e-05, momentum=0.02, affine=True, track_running_stats=True)
  (block8): Sequential(
    (0): BasicBlock(
      (conv1): MinkowskiConvolution(in=128, out=96, kernel_size=[3, 3, 3], stride=[1, 1, 1], dilation=[1, 1, 1])
      (norm1): MinkowskiBatchNorm(96, eps=1e-05, momentum=0.1, affine=True, track_running_stats=True)
      (conv2): MinkowskiConvolution(in=96, out=96, kernel_size=[3, 3, 3], stride=[1, 1, 1], dilation=[1, 1, 1])
      (norm2): MinkowskiBatchNorm(96, eps=1e-05, momentum=0.1, affine=True, track_running_stats=True)
      (relu): MinkowskiReLU()
      (downsample): Sequential(
        (0): MinkowskiConvolution(in=128, out=96, kernel_size=[1, 1, 1], stride=[1, 1, 1], dilation=[1, 1, 1])
        (1): MinkowskiBatchNorm(96, eps=1e-05, momentum=0.02, affine=True, track_running_stats=True)
      )
    )
    (1): BasicBlock(
      (conv1): MinkowskiConvolution(in=96, out=96, kernel_size=[3, 3, 3], stride=[1, 1, 1], dilation=[1, 1, 1])
      (norm1): MinkowskiBatchNorm(96, eps=1e-05, momentum=0.1, affine=True, track_running_stats=True)
      (conv2): MinkowskiConvolution(in=96, out=96, kernel_size=[3, 3, 3], stride=[1, 1, 1], dilation=[1, 1, 1])
      (norm2): MinkowskiBatchNorm(96, eps=1e-05, momentum=0.1, affine=True, track_running_stats=True)
      (relu): MinkowskiReLU()
    )
  )
  (final): MinkowskiConvolution(in=96, out=20, kernel_size=[1, 1, 1], stride=[1, 1, 1], dilation=[1, 1, 1])
  (relu): MinkowskiReLU()
)
wandb: Currently logged in as: tb5zhh (use `wandb login --relogin` to force relogin)
wandb: wandb version 0.12.6 is available!  To upgrade, please run:
wandb:  $ pip install wandb --upgrade
wandb: Tracking run with wandb version 0.12.4
wandb: Syncing run hearty-pond-279
wandb:  View project at https://wandb.ai/tb5zhh/3dsp
wandb:  View run at https://wandb.ai/tb5zhh/3dsp/runs/3thvak35
wandb: Run data is saved locally in /home/aidrive/tb5zhh/3DScanSeg/wandb/run-20211109_155915-3thvak35
wandb: Run `wandb offline` to turn off syncing.

[34m[1mwandb[0m: [33mWARNING[0m Calling run.save without any arguments is deprecated.Changes to attributes are automatically persisted.
[2021-11-09 15:59:19][root	][INFO	] Loading ScannetVoxelization2cmDataset: scannetv2_train.txt
[2021-11-09 15:59:19][root	][INFO	] Loading ScannetVoxelization2cmtestDataset: scannetv2_val.txt
[2021-11-09 15:59:19][__main__	][INFO	] Dataloader setup done
[2021-11-09 15:59:19][__main__	][INFO	] My rank : 0 / 1
[2021-11-09 15:59:19][__main__	][INFO	] Start training
[2021-11-09 15:59:33][__main__	][INFO	] TRAIN at global step #1 Epoch #1 Step #2 / 151: loss:3.4886, precision: 0.4229
[2021-11-09 15:59:41][__main__	][INFO	] TRAIN at global step #2 Epoch #1 Step #4 / 151: loss:3.2312, precision: 0.5381
[2021-11-09 15:59:47][__main__	][INFO	] TRAIN at global step #3 Epoch #1 Step #6 / 151: loss:2.9708, precision: 1.6347
[2021-11-09 15:59:54][__main__	][INFO	] TRAIN at global step #4 Epoch #1 Step #8 / 151: loss:2.8056, precision: 2.4377
[2021-11-09 16:00:02][__main__	][INFO	] TRAIN at global step #5 Epoch #1 Step #10 / 151: loss:2.4104, precision: 5.8899
[2021-11-09 16:00:10][__main__	][INFO	] TRAIN at global step #6 Epoch #1 Step #12 / 151: loss:2.3942, precision: 6.5605
[2021-11-09 16:00:17][__main__	][INFO	] TRAIN at global step #7 Epoch #1 Step #14 / 151: loss:1.9992, precision: 9.1602
[2021-11-09 16:00:24][__main__	][INFO	] TRAIN at global step #8 Epoch #1 Step #16 / 151: loss:2.2531, precision: 5.4521
[2021-11-09 16:00:31][__main__	][INFO	] TRAIN at global step #9 Epoch #1 Step #18 / 151: loss:2.3859, precision: 4.3134
[2021-11-09 16:00:38][__main__	][INFO	] TRAIN at global step #10 Epoch #1 Step #20 / 151: loss:2.6942, precision: 3.8609
[2021-11-09 16:00:44][__main__	][INFO	] TRAIN at global step #11 Epoch #1 Step #22 / 151: loss:2.2731, precision: 6.3443
[2021-11-09 16:00:52][__main__	][INFO	] TRAIN at global step #12 Epoch #1 Step #24 / 151: loss:2.4420, precision: 4.5488
[2021-11-09 16:00:58][__main__	][INFO	] TRAIN at global step #13 Epoch #1 Step #26 / 151: loss:2.4047, precision: 3.9095
[2021-11-09 16:01:04][__main__	][INFO	] TRAIN at global step #14 Epoch #1 Step #28 / 151: loss:2.3011, precision: 3.5689
[2021-11-09 16:01:11][__main__	][INFO	] TRAIN at global step #15 Epoch #1 Step #30 / 151: loss:2.1754, precision: 5.6079
[2021-11-09 16:01:17][__main__	][INFO	] TRAIN at global step #16 Epoch #1 Step #32 / 151: loss:2.1431, precision: 6.7165
[2021-11-09 16:01:24][__main__	][INFO	] TRAIN at global step #17 Epoch #1 Step #34 / 151: loss:2.2848, precision: 6.0514
[2021-11-09 16:01:32][__main__	][INFO	] TRAIN at global step #18 Epoch #1 Step #36 / 151: loss:2.1351, precision: 5.0391
[2021-11-09 16:01:38][__main__	][INFO	] TRAIN at global step #19 Epoch #1 Step #38 / 151: loss:2.2138, precision: 5.9272
[2021-11-09 16:01:45][__main__	][INFO	] TRAIN at global step #20 Epoch #1 Step #40 / 151: loss:2.2897, precision: 4.7806
[2021-11-09 16:01:53][__main__	][INFO	] TRAIN at global step #21 Epoch #1 Step #42 / 151: loss:2.4572, precision: 3.7116
[2021-11-09 16:02:00][__main__	][INFO	] TRAIN at global step #22 Epoch #1 Step #44 / 151: loss:2.2296, precision: 5.0932
[2021-11-09 16:02:06][__main__	][INFO	] TRAIN at global step #23 Epoch #1 Step #46 / 151: loss:2.6260, precision: 1.8041
[2021-11-09 16:02:14][__main__	][INFO	] TRAIN at global step #24 Epoch #1 Step #48 / 151: loss:2.1363, precision: 6.9346
[2021-11-09 16:02:22][__main__	][INFO	] TRAIN at global step #25 Epoch #1 Step #50 / 151: loss:2.1650, precision: 6.8619
[2021-11-09 16:02:26][__main__	][INFO	] TRAIN at global step #26 Epoch #1 Step #52 / 151: loss:2.1455, precision: 7.2245
[2021-11-09 16:02:33][__main__	][INFO	] TRAIN at global step #27 Epoch #1 Step #54 / 151: loss:2.1499, precision: 6.1368
[2021-11-09 16:02:41][__main__	][INFO	] TRAIN at global step #28 Epoch #1 Step #56 / 151: loss:2.2930, precision: 3.4623
[2021-11-09 16:02:48][__main__	][INFO	] TRAIN at global step #29 Epoch #1 Step #58 / 151: loss:2.3375, precision: 4.0735
[2021-11-09 16:02:54][__main__	][INFO	] TRAIN at global step #30 Epoch #1 Step #60 / 151: loss:1.9341, precision: 7.8132
[2021-11-09 16:03:00][__main__	][INFO	] TRAIN at global step #31 Epoch #1 Step #62 / 151: loss:1.9810, precision: 8.9169
[2021-11-09 16:03:08][__main__	][INFO	] TRAIN at global step #32 Epoch #1 Step #64 / 151: loss:1.9895, precision: 5.2932
[2021-11-09 16:03:14][__main__	][INFO	] TRAIN at global step #33 Epoch #1 Step #66 / 151: loss:2.1981, precision: 5.2544
[2021-11-09 16:03:20][__main__	][INFO	] TRAIN at global step #34 Epoch #1 Step #68 / 151: loss:2.1484, precision: 5.5530
[2021-11-09 16:03:26][__main__	][INFO	] TRAIN at global step #35 Epoch #1 Step #70 / 151: loss:2.0853, precision: 6.9208
[2021-11-09 16:03:33][__main__	][INFO	] TRAIN at global step #36 Epoch #1 Step #72 / 151: loss:2.3614, precision: 3.7402
[2021-11-09 16:03:40][__main__	][INFO	] TRAIN at global step #37 Epoch #1 Step #74 / 151: loss:2.3551, precision: 4.1835
[2021-11-09 16:03:47][__main__	][INFO	] TRAIN at global step #38 Epoch #1 Step #76 / 151: loss:2.0162, precision: 6.5524
[2021-11-09 16:03:54][__main__	][INFO	] TRAIN at global step #39 Epoch #1 Step #78 / 151: loss:2.1923, precision: 4.8143
[2021-11-09 16:04:01][__main__	][INFO	] TRAIN at global step #40 Epoch #1 Step #80 / 151: loss:2.3045, precision: 4.4958
[2021-11-09 16:04:07][__main__	][INFO	] TRAIN at global step #41 Epoch #1 Step #82 / 151: loss:2.2005, precision: 6.0113
[2021-11-09 16:04:14][__main__	][INFO	] TRAIN at global step #42 Epoch #1 Step #84 / 151: loss:2.2179, precision: 6.5900
[2021-11-09 16:04:21][__main__	][INFO	] TRAIN at global step #43 Epoch #1 Step #86 / 151: loss:2.1872, precision: 5.5094
[2021-11-09 16:04:29][__main__	][INFO	] TRAIN at global step #44 Epoch #1 Step #88 / 151: loss:2.1184, precision: 5.8682
[2021-11-09 16:04:35][__main__	][INFO	] TRAIN at global step #45 Epoch #1 Step #90 / 151: loss:1.9819, precision: 7.4404
[2021-11-09 16:04:43][__main__	][INFO	] TRAIN at global step #46 Epoch #1 Step #92 / 151: loss:2.1776, precision: 3.3051
[2021-11-09 16:04:51][__main__	][INFO	] TRAIN at global step #47 Epoch #1 Step #94 / 151: loss:1.9809, precision: 7.8754
[2021-11-09 16:04:58][__main__	][INFO	] TRAIN at global step #48 Epoch #1 Step #96 / 151: loss:1.9676, precision: 6.9752
[2021-11-09 16:05:05][__main__	][INFO	] TRAIN at global step #49 Epoch #1 Step #98 / 151: loss:1.8483, precision: 8.0776
[2021-11-09 16:05:13][__main__	][INFO	] TRAIN at global step #50 Epoch #1 Step #100 / 151: loss:2.1161, precision: 5.1193
[2021-11-09 16:05:19][__main__	][INFO	] TRAIN at global step #51 Epoch #1 Step #102 / 151: loss:2.3786, precision: 3.9349
[2021-11-09 16:05:26][__main__	][INFO	] TRAIN at global step #52 Epoch #1 Step #104 / 151: loss:1.9173, precision: 6.9172
[2021-11-09 16:05:31][__main__	][INFO	] TRAIN at global step #53 Epoch #1 Step #106 / 151: loss:2.1470, precision: 6.4304
[2021-11-09 16:05:38][__main__	][INFO	] TRAIN at global step #54 Epoch #1 Step #108 / 151: loss:1.8835, precision: 7.9916
[2021-11-09 16:05:44][__main__	][INFO	] TRAIN at global step #55 Epoch #1 Step #110 / 151: loss:2.0539, precision: 8.2489
[2021-11-09 16:05:50][__main__	][INFO	] TRAIN at global step #56 Epoch #1 Step #112 / 151: loss:2.2182, precision: 4.4702
[2021-11-09 16:05:56][__main__	][INFO	] TRAIN at global step #57 Epoch #1 Step #114 / 151: loss:2.1817, precision: 4.8746
[2021-11-09 16:06:02][__main__	][INFO	] TRAIN at global step #58 Epoch #1 Step #116 / 151: loss:2.1831, precision: 6.9602
[2021-11-09 16:06:09][__main__	][INFO	] TRAIN at global step #59 Epoch #1 Step #118 / 151: loss:2.0142, precision: 6.3778
[2021-11-09 16:06:16][__main__	][INFO	] TRAIN at global step #60 Epoch #1 Step #120 / 151: loss:2.1088, precision: 5.5497
[2021-11-09 16:06:22][__main__	][INFO	] TRAIN at global step #61 Epoch #1 Step #122 / 151: loss:1.9656, precision: 5.5244
[2021-11-09 16:06:29][__main__	][INFO	] TRAIN at global step #62 Epoch #1 Step #124 / 151: loss:2.0718, precision: 4.2607
[2021-11-09 16:06:35][__main__	][INFO	] TRAIN at global step #63 Epoch #1 Step #126 / 151: loss:2.1190, precision: 5.1309
[2021-11-09 16:06:40][__main__	][INFO	] TRAIN at global step #64 Epoch #1 Step #128 / 151: loss:2.3321, precision: 5.2154
[2021-11-09 16:06:47][__main__	][INFO	] TRAIN at global step #65 Epoch #1 Step #130 / 151: loss:1.8736, precision: 8.5747
[2021-11-09 16:06:53][__main__	][INFO	] TRAIN at global step #66 Epoch #1 Step #132 / 151: loss:2.0961, precision: 6.9145
[2021-11-09 16:06:59][__main__	][INFO	] TRAIN at global step #67 Epoch #1 Step #134 / 151: loss:2.2444, precision: 4.1588
[2021-11-09 16:07:05][__main__	][INFO	] TRAIN at global step #68 Epoch #1 Step #136 / 151: loss:2.2135, precision: 4.7630
[2021-11-09 16:07:12][__main__	][INFO	] TRAIN at global step #69 Epoch #1 Step #138 / 151: loss:2.0956, precision: 6.3737
[2021-11-09 16:07:18][__main__	][INFO	] TRAIN at global step #70 Epoch #1 Step #140 / 151: loss:2.1575, precision: 5.3163
[2021-11-09 16:07:25][__main__	][INFO	] TRAIN at global step #71 Epoch #1 Step #142 / 151: loss:2.1338, precision: 4.2406
[2021-11-09 16:07:33][__main__	][INFO	] TRAIN at global step #72 Epoch #1 Step #144 / 151: loss:1.9828, precision: 7.0307
[2021-11-09 16:07:39][__main__	][INFO	] TRAIN at global step #73 Epoch #1 Step #146 / 151: loss:1.9558, precision: 8.3207
[2021-11-09 16:07:44][__main__	][INFO	] TRAIN at global step #74 Epoch #1 Step #148 / 151: loss:2.0018, precision: 5.7322
[2021-11-09 16:07:50][__main__	][INFO	] TRAIN at global step #75 Epoch #1 Step #150 / 151: loss:2.1926, precision: 4.8048
[2021-11-09 16:07:53][__main__	][INFO	] Checkpoint at epoch #0 saved
[2021-11-09 16:08:03][__main__	][INFO	] TRAIN at global step #76 Epoch #2 Step #1 / 151: loss:2.4031, precision: 2.6168
[2021-11-09 16:08:09][__main__	][INFO	] TRAIN at global step #77 Epoch #2 Step #3 / 151: loss:2.0954, precision: 7.1141
[2021-11-09 16:08:17][__main__	][INFO	] TRAIN at global step #78 Epoch #2 Step #5 / 151: loss:2.0812, precision: 4.5274
[2021-11-09 16:08:24][__main__	][INFO	] TRAIN at global step #79 Epoch #2 Step #7 / 151: loss:2.1183, precision: 5.9819
[2021-11-09 16:08:29][__main__	][INFO	] TRAIN at global step #80 Epoch #2 Step #9 / 151: loss:1.9638, precision: 6.4252
[2021-11-09 16:08:38][__main__	][INFO	] TRAIN at global step #81 Epoch #2 Step #11 / 151: loss:1.9712, precision: 6.2078
[2021-11-09 16:08:44][__main__	][INFO	] TRAIN at global step #82 Epoch #2 Step #13 / 151: loss:2.2094, precision: 3.3861
[2021-11-09 16:08:50][__main__	][INFO	] TRAIN at global step #83 Epoch #2 Step #15 / 151: loss:1.8423, precision: 7.3115
[2021-11-09 16:08:56][__main__	][INFO	] TRAIN at global step #84 Epoch #2 Step #17 / 151: loss:2.1752, precision: 5.4816
[2021-11-09 16:09:02][__main__	][INFO	] TRAIN at global step #85 Epoch #2 Step #19 / 151: loss:2.0188, precision: 7.9084
[2021-11-09 16:09:08][__main__	][INFO	] TRAIN at global step #86 Epoch #2 Step #21 / 151: loss:2.0494, precision: 6.1776
[2021-11-09 16:09:15][__main__	][INFO	] TRAIN at global step #87 Epoch #2 Step #23 / 151: loss:2.0546, precision: 5.9425
[2021-11-09 16:09:22][__main__	][INFO	] TRAIN at global step #88 Epoch #2 Step #25 / 151: loss:2.0825, precision: 5.2949
[2021-11-09 16:09:29][__main__	][INFO	] TRAIN at global step #89 Epoch #2 Step #27 / 151: loss:2.3086, precision: 3.7271
[2021-11-09 16:09:36][__main__	][INFO	] TRAIN at global step #90 Epoch #2 Step #29 / 151: loss:1.7988, precision: 8.8685
[2021-11-09 16:09:42][__main__	][INFO	] TRAIN at global step #91 Epoch #2 Step #31 / 151: loss:2.0376, precision: 6.6344
[2021-11-09 16:09:48][__main__	][INFO	] TRAIN at global step #92 Epoch #2 Step #33 / 151: loss:1.9293, precision: 7.4192
[2021-11-09 16:09:54][__main__	][INFO	] TRAIN at global step #93 Epoch #2 Step #35 / 151: loss:2.1931, precision: 3.2871
[2021-11-09 16:10:01][__main__	][INFO	] TRAIN at global step #94 Epoch #2 Step #37 / 151: loss:2.3015, precision: 3.3652
[2021-11-09 16:10:08][__main__	][INFO	] TRAIN at global step #95 Epoch #2 Step #39 / 151: loss:1.8821, precision: 7.5611
[2021-11-09 16:10:13][__main__	][INFO	] TRAIN at global step #96 Epoch #2 Step #41 / 151: loss:2.1013, precision: 6.4036
[2021-11-09 16:10:17][__main__	][INFO	] TRAIN at global step #97 Epoch #2 Step #43 / 151: loss:2.2234, precision: 5.8598
[2021-11-09 16:10:23][__main__	][INFO	] TRAIN at global step #98 Epoch #2 Step #45 / 151: loss:2.0921, precision: 6.5369
[2021-11-09 16:10:30][__main__	][INFO	] TRAIN at global step #99 Epoch #2 Step #47 / 151: loss:2.1019, precision: 5.7934
[2021-11-09 16:10:36][__main__	][INFO	] TRAIN at global step #100 Epoch #2 Step #49 / 151: loss:2.1590, precision: 4.6246
[2021-11-09 16:10:44][__main__	][INFO	] TRAIN at global step #101 Epoch #2 Step #51 / 151: loss:2.0567, precision: 5.4137
[2021-11-09 16:10:50][__main__	][INFO	] TRAIN at global step #102 Epoch #2 Step #53 / 151: loss:1.9133, precision: 8.6214
[2021-11-09 16:10:57][__main__	][INFO	] TRAIN at global step #103 Epoch #2 Step #55 / 151: loss:2.1014, precision: 6.0924
[2021-11-09 16:11:04][__main__	][INFO	] TRAIN at global step #104 Epoch #2 Step #57 / 151: loss:2.1294, precision: 3.9080
[2021-11-09 16:11:12][__main__	][INFO	] TRAIN at global step #105 Epoch #2 Step #59 / 151: loss:2.0686, precision: 5.6485
[2021-11-09 16:11:19][__main__	][INFO	] TRAIN at global step #106 Epoch #2 Step #61 / 151: loss:2.2220, precision: 4.5817
[2021-11-09 16:11:27][__main__	][INFO	] TRAIN at global step #107 Epoch #2 Step #63 / 151: loss:2.0292, precision: 5.6913
[2021-11-09 16:11:33][__main__	][INFO	] TRAIN at global step #108 Epoch #2 Step #65 / 151: loss:2.0862, precision: 6.1551
[2021-11-09 16:11:40][__main__	][INFO	] TRAIN at global step #109 Epoch #2 Step #67 / 151: loss:2.0211, precision: 7.4326
[2021-11-09 16:11:46][__main__	][INFO	] TRAIN at global step #110 Epoch #2 Step #69 / 151: loss:2.0785, precision: 5.3171
[2021-11-09 16:11:55][__main__	][INFO	] TRAIN at global step #111 Epoch #2 Step #71 / 151: loss:1.9719, precision: 5.0462
[2021-11-09 16:12:01][__main__	][INFO	] TRAIN at global step #112 Epoch #2 Step #73 / 151: loss:2.0539, precision: 7.5173
[2021-11-09 16:12:06][__main__	][INFO	] TRAIN at global step #113 Epoch #2 Step #75 / 151: loss:1.9013, precision: 9.1733
[2021-11-09 16:12:12][__main__	][INFO	] TRAIN at global step #114 Epoch #2 Step #77 / 151: loss:2.1136, precision: 5.5917
[2021-11-09 16:12:19][__main__	][INFO	] TRAIN at global step #115 Epoch #2 Step #79 / 151: loss:2.1767, precision: 4.3212
[2021-11-09 16:12:26][__main__	][INFO	] TRAIN at global step #116 Epoch #2 Step #81 / 151: loss:2.0343, precision: 6.8436
[2021-11-09 16:12:33][__main__	][INFO	] TRAIN at global step #117 Epoch #2 Step #83 / 151: loss:2.4555, precision: 2.1769
[2021-11-09 16:12:38][__main__	][INFO	] TRAIN at global step #118 Epoch #2 Step #85 / 151: loss:1.9976, precision: 6.3699
[2021-11-09 16:12:47][__main__	][INFO	] TRAIN at global step #119 Epoch #2 Step #87 / 151: loss:1.8648, precision: 7.3463
[2021-11-09 16:12:56][__main__	][INFO	] TRAIN at global step #120 Epoch #2 Step #89 / 151: loss:2.2777, precision: 4.6357
[2021-11-09 16:13:03][__main__	][INFO	] TRAIN at global step #121 Epoch #2 Step #91 / 151: loss:1.8345, precision: 7.0491
[2021-11-09 16:13:09][__main__	][INFO	] TRAIN at global step #122 Epoch #2 Step #93 / 151: loss:1.9746, precision: 7.4467
[2021-11-09 16:13:16][__main__	][INFO	] TRAIN at global step #123 Epoch #2 Step #95 / 151: loss:1.5690, precision: 12.2340
[2021-11-09 16:13:23][__main__	][INFO	] TRAIN at global step #124 Epoch #2 Step #97 / 151: loss:2.0798, precision: 5.3751
[2021-11-09 16:13:30][__main__	][INFO	] TRAIN at global step #125 Epoch #2 Step #99 / 151: loss:2.0962, precision: 5.1330
[2021-11-09 16:13:36][__main__	][INFO	] TRAIN at global step #126 Epoch #2 Step #101 / 151: loss:2.1221, precision: 5.8102
[2021-11-09 16:13:44][__main__	][INFO	] TRAIN at global step #127 Epoch #2 Step #103 / 151: loss:2.2661, precision: 3.9531
[2021-11-09 16:13:52][__main__	][INFO	] TRAIN at global step #128 Epoch #2 Step #105 / 151: loss:2.1224, precision: 6.1533
[2021-11-09 16:13:58][__main__	][INFO	] TRAIN at global step #129 Epoch #2 Step #107 / 151: loss:2.3338, precision: 4.8403
[2021-11-09 16:14:05][__main__	][INFO	] TRAIN at global step #130 Epoch #2 Step #109 / 151: loss:1.8872, precision: 7.5083
[2021-11-09 16:14:12][__main__	][INFO	] TRAIN at global step #131 Epoch #2 Step #111 / 151: loss:2.0050, precision: 5.4661
[2021-11-09 16:14:18][__main__	][INFO	] TRAIN at global step #132 Epoch #2 Step #113 / 151: loss:2.1564, precision: 5.0372
[2021-11-09 16:14:25][__main__	][INFO	] TRAIN at global step #133 Epoch #2 Step #115 / 151: loss:2.1239, precision: 4.3311
[2021-11-09 16:14:31][__main__	][INFO	] TRAIN at global step #134 Epoch #2 Step #117 / 151: loss:2.0835, precision: 5.4999
[2021-11-09 16:14:36][__main__	][INFO	] TRAIN at global step #135 Epoch #2 Step #119 / 151: loss:2.0176, precision: 6.1638
[2021-11-09 16:14:43][__main__	][INFO	] TRAIN at global step #136 Epoch #2 Step #121 / 151: loss:1.9595, precision: 6.3399
[2021-11-09 16:14:49][__main__	][INFO	] TRAIN at global step #137 Epoch #2 Step #123 / 151: loss:1.7970, precision: 10.3315
[2021-11-09 16:14:57][__main__	][INFO	] TRAIN at global step #138 Epoch #2 Step #125 / 151: loss:1.8971, precision: 6.7063
[2021-11-09 16:15:05][__main__	][INFO	] TRAIN at global step #139 Epoch #2 Step #127 / 151: loss:2.2169, precision: 3.1030
[2021-11-09 16:15:11][__main__	][INFO	] TRAIN at global step #140 Epoch #2 Step #129 / 151: loss:2.0289, precision: 6.2946
[2021-11-09 16:15:18][__main__	][INFO	] TRAIN at global step #141 Epoch #2 Step #131 / 151: loss:1.9961, precision: 5.7356
[2021-11-09 16:15:25][__main__	][INFO	] TRAIN at global step #142 Epoch #2 Step #133 / 151: loss:2.2534, precision: 5.2661
[2021-11-09 16:15:32][__main__	][INFO	] TRAIN at global step #143 Epoch #2 Step #135 / 151: loss:2.1479, precision: 6.0371
[2021-11-09 16:15:38][__main__	][INFO	] TRAIN at global step #144 Epoch #2 Step #137 / 151: loss:1.7757, precision: 9.6676
[2021-11-09 16:15:45][__main__	][INFO	] TRAIN at global step #145 Epoch #2 Step #139 / 151: loss:2.3736, precision: 2.4047
[2021-11-09 16:15:51][__main__	][INFO	] TRAIN at global step #146 Epoch #2 Step #141 / 151: loss:1.8801, precision: 7.9833
[2021-11-09 16:15:56][__main__	][INFO	] TRAIN at global step #147 Epoch #2 Step #143 / 151: loss:1.9099, precision: 7.1109
[2021-11-09 16:16:03][__main__	][INFO	] TRAIN at global step #148 Epoch #2 Step #145 / 151: loss:2.1433, precision: 3.9464
[2021-11-09 16:16:11][__main__	][INFO	] TRAIN at global step #149 Epoch #2 Step #147 / 151: loss:1.8894, precision: 6.8432
[2021-11-09 16:16:18][__main__	][INFO	] TRAIN at global step #150 Epoch #2 Step #149 / 151: loss:1.8119, precision: 7.8679
[2021-11-09 16:16:21][__main__	][INFO	] ---> inference #0 of 156 loss: 3.5217 iou: 0.0600
[2021-11-09 16:16:22][__main__	][INFO	] ---> inference #1 of 156 loss: 3.2537 iou: 0.0536
[2021-11-09 16:16:22][__main__	][INFO	] ---> inference #2 of 156 loss: 2.5674 iou: 0.0443
[2021-11-09 16:16:22][__main__	][INFO	] ---> inference #3 of 156 loss: 2.2224 iou: 0.0478
[2021-11-09 16:16:23][__main__	][INFO	] ---> inference #4 of 156 loss: 2.9945 iou: 0.0693
[2021-11-09 16:16:23][__main__	][INFO	] ---> inference #5 of 156 loss: 2.8813 iou: 0.0587
[2021-11-09 16:16:24][__main__	][INFO	] ---> inference #6 of 156 loss: 2.5446 iou: 0.0342
[2021-11-09 16:16:24][__main__	][INFO	] ---> inference #7 of 156 loss: 2.8935 iou: 0.0373
[2021-11-09 16:16:25][__main__	][INFO	] ---> inference #8 of 156 loss: 3.1687 iou: 0.0356
[2021-11-09 16:16:25][__main__	][INFO	] ---> inference #9 of 156 loss: 3.6056 iou: 0.0307
[2021-11-09 16:16:25][__main__	][INFO	] ---> inference #10 of 156 loss: 2.9962 iou: 0.0685
[2021-11-09 16:16:26][__main__	][INFO	] ---> inference #11 of 156 loss: 4.2288 iou: 0.0235
[2021-11-09 16:16:26][__main__	][INFO	] ---> inference #12 of 156 loss: 3.5673 iou: 0.0653
[2021-11-09 16:16:26][__main__	][INFO	] ---> inference #13 of 156 loss: 2.9278 iou: 0.0426
[2021-11-09 16:16:26][__main__	][INFO	] ---> inference #14 of 156 loss: 3.2750 iou: 0.0483
[2021-11-09 16:16:27][__main__	][INFO	] ---> inference #15 of 156 loss: 3.4601 iou: 0.0873
[2021-11-09 16:16:27][__main__	][INFO	] ---> inference #16 of 156 loss: 3.3071 iou: 0.0602
[2021-11-09 16:16:27][__main__	][INFO	] ---> inference #17 of 156 loss: 3.3732 iou: 0.0622
[2021-11-09 16:16:28][__main__	][INFO	] ---> inference #18 of 156 loss: 3.1395 iou: 0.0639
[2021-11-09 16:16:28][__main__	][INFO	] ---> inference #19 of 156 loss: 2.4533 iou: 0.0397
[2021-11-09 16:16:28][__main__	][INFO	] ---> inference #20 of 156 loss: 3.5009 iou: 0.0461
[2021-11-09 16:16:28][__main__	][INFO	] ---> inference #21 of 156 loss: 3.2655 iou: 0.0495
[2021-11-09 16:16:28][__main__	][INFO	] ---> inference #22 of 156 loss: 2.6695 iou: 0.0668
[2021-11-09 16:16:29][__main__	][INFO	] ---> inference #23 of 156 loss: 2.7186 iou: 0.0408
[2021-11-09 16:16:29][__main__	][INFO	] ---> inference #24 of 156 loss: 2.8209 iou: 0.0634
[2021-11-09 16:16:29][__main__	][INFO	] ---> inference #25 of 156 loss: 2.7517 iou: 0.0296
[2021-11-09 16:16:30][__main__	][INFO	] ---> inference #26 of 156 loss: 2.6235 iou: 0.0214
[2021-11-09 16:16:30][__main__	][INFO	] ---> inference #27 of 156 loss: 2.7149 iou: 0.0198
[2021-11-09 16:16:30][__main__	][INFO	] ---> inference #28 of 156 loss: 3.2590 iou: 0.0579
[2021-11-09 16:16:31][__main__	][INFO	] ---> inference #29 of 156 loss: 4.3315 iou: 0.0441
[2021-11-09 16:16:31][__main__	][INFO	] ---> inference #30 of 156 loss: 2.9013 iou: 0.0461
[2021-11-09 16:16:31][__main__	][INFO	] ---> inference #31 of 156 loss: 3.5117 iou: 0.0502
[2021-11-09 16:16:32][__main__	][INFO	] ---> inference #32 of 156 loss: 3.3494 iou: 0.0317
[2021-11-09 16:16:32][__main__	][INFO	] ---> inference #33 of 156 loss: 2.8356 iou: 0.0338
[2021-11-09 16:16:33][__main__	][INFO	] ---> inference #34 of 156 loss: 3.1360 iou: 0.0256
[2021-11-09 16:16:33][__main__	][INFO	] ---> inference #35 of 156 loss: 3.2104 iou: 0.0413
[2021-11-09 16:16:34][__main__	][INFO	] ---> inference #36 of 156 loss: 3.0055 iou: 0.0347
[2021-11-09 16:16:34][__main__	][INFO	] ---> inference #37 of 156 loss: 3.1163 iou: 0.0445
[2021-11-09 16:16:35][__main__	][INFO	] ---> inference #38 of 156 loss: 3.1139 iou: 0.0435
[2021-11-09 16:16:35][__main__	][INFO	] ---> inference #39 of 156 loss: 3.8666 iou: 0.0602
[2021-11-09 16:16:36][__main__	][INFO	] ---> inference #40 of 156 loss: 3.7885 iou: 0.0271
[2021-11-09 16:16:36][__main__	][INFO	] ---> inference #41 of 156 loss: 3.7687 iou: 0.0183
[2021-11-09 16:16:36][__main__	][INFO	] ---> inference #42 of 156 loss: 3.2760 iou: 0.0530
[2021-11-09 16:16:37][__main__	][INFO	] ---> inference #43 of 156 loss: 3.0229 iou: 0.0442
[2021-11-09 16:16:37][__main__	][INFO	] ---> inference #44 of 156 loss: 2.5531 iou: 0.0331
[2021-11-09 16:16:37][__main__	][INFO	] ---> inference #45 of 156 loss: 3.5682 iou: 0.0267
[2021-11-09 16:16:37][__main__	][INFO	] ---> inference #46 of 156 loss: 3.6081 iou: 0.0316
[2021-11-09 16:16:38][__main__	][INFO	] ---> inference #47 of 156 loss: 3.4707 iou: 0.0400
[2021-11-09 16:16:38][__main__	][INFO	] ---> inference #48 of 156 loss: 3.7289 iou: 0.0482
[2021-11-09 16:16:39][__main__	][INFO	] ---> inference #49 of 156 loss: 3.5877 iou: 0.0353
[2021-11-09 16:16:39][__main__	][INFO	] ---> inference #50 of 156 loss: 3.5904 iou: 0.0315
[2021-11-09 16:16:40][__main__	][INFO	] ---> inference #51 of 156 loss: 4.5611 iou: 0.0200
[2021-11-09 16:16:40][__main__	][INFO	] ---> inference #52 of 156 loss: 4.1321 iou: 0.0312
[2021-11-09 16:16:40][__main__	][INFO	] ---> inference #53 of 156 loss: 2.7420 iou: 0.0490
[2021-11-09 16:16:40][__main__	][INFO	] ---> inference #54 of 156 loss: 3.7971 iou: 0.0542
[2021-11-09 16:16:41][__main__	][INFO	] ---> inference #55 of 156 loss: 2.1238 iou: 0.0574
[2021-11-09 16:16:41][__main__	][INFO	] ---> inference #56 of 156 loss: 2.7312 iou: 0.0388
[2021-11-09 16:16:41][__main__	][INFO	] ---> inference #57 of 156 loss: 2.9062 iou: 0.0486
[2021-11-09 16:16:42][__main__	][INFO	] ---> inference #58 of 156 loss: 4.2138 iou: 0.0524
[2021-11-09 16:16:42][__main__	][INFO	] ---> inference #59 of 156 loss: 3.1268 iou: 0.0453
[2021-11-09 16:16:42][__main__	][INFO	] ---> inference #60 of 156 loss: 2.8936 iou: 0.0586
[2021-11-09 16:16:42][__main__	][INFO	] ---> inference #61 of 156 loss: 2.5539 iou: 0.0626
[2021-11-09 16:16:43][__main__	][INFO	] ---> inference #62 of 156 loss: 2.4250 iou: 0.0624
[2021-11-09 16:16:43][__main__	][INFO	] ---> inference #63 of 156 loss: 2.8768 iou: 0.0353
[2021-11-09 16:16:43][__main__	][INFO	] ---> inference #64 of 156 loss: 2.8713 iou: 0.0470
[2021-11-09 16:16:44][__main__	][INFO	] ---> inference #65 of 156 loss: 2.9487 iou: 0.0465
[2021-11-09 16:16:44][__main__	][INFO	] ---> inference #66 of 156 loss: 3.0578 iou: 0.0293
[2021-11-09 16:16:44][__main__	][INFO	] ---> inference #67 of 156 loss: 2.9502 iou: 0.0300
[2021-11-09 16:16:44][__main__	][INFO	] ---> inference #68 of 156 loss: 3.3152 iou: 0.0656
[2021-11-09 16:16:45][__main__	][INFO	] ---> inference #69 of 156 loss: 4.8906 iou: 0.0106
[2021-11-09 16:16:45][__main__	][INFO	] ---> inference #70 of 156 loss: 3.5445 iou: 0.0355
[2021-11-09 16:16:45][__main__	][INFO	] ---> inference #71 of 156 loss: 2.3924 iou: 0.0446
[2021-11-09 16:16:46][__main__	][INFO	] ---> inference #72 of 156 loss: 2.5405 iou: 0.0563
[2021-11-09 16:16:46][__main__	][INFO	] ---> inference #73 of 156 loss: 3.5005 iou: 0.0685
[2021-11-09 16:16:46][__main__	][INFO	] ---> inference #74 of 156 loss: 3.8951 iou: 0.0456
[2021-11-09 16:16:46][__main__	][INFO	] ---> inference #75 of 156 loss: 3.0306 iou: 0.0366
[2021-11-09 16:16:47][__main__	][INFO	] ---> inference #76 of 156 loss: 2.8041 iou: 0.0364
[2021-11-09 16:16:47][__main__	][INFO	] ---> inference #77 of 156 loss: 2.5188 iou: 0.0480
[2021-11-09 16:16:47][__main__	][INFO	] ---> inference #78 of 156 loss: 2.7675 iou: 0.0570
[2021-11-09 16:16:47][__main__	][INFO	] ---> inference #79 of 156 loss: 2.6344 iou: 0.0533
[2021-11-09 16:16:48][__main__	][INFO	] ---> inference #80 of 156 loss: 2.8775 iou: 0.0405
[2021-11-09 16:16:48][__main__	][INFO	] ---> inference #81 of 156 loss: 2.9357 iou: 0.0542
[2021-11-09 16:16:48][__main__	][INFO	] ---> inference #82 of 156 loss: 3.1231 iou: 0.0247
[2021-11-09 16:16:49][__main__	][INFO	] ---> inference #83 of 156 loss: 3.0343 iou: 0.0562
[2021-11-09 16:16:49][__main__	][INFO	] ---> inference #84 of 156 loss: 3.4459 iou: 0.0644
[2021-11-09 16:16:49][__main__	][INFO	] ---> inference #85 of 156 loss: 3.3168 iou: 0.0576
[2021-11-09 16:16:50][__main__	][INFO	] ---> inference #86 of 156 loss: 3.4068 iou: 0.0254
[2021-11-09 16:16:50][__main__	][INFO	] ---> inference #87 of 156 loss: 3.7221 iou: 0.0435
[2021-11-09 16:16:50][__main__	][INFO	] ---> inference #88 of 156 loss: 3.6224 iou: 0.0434
[2021-11-09 16:16:51][__main__	][INFO	] ---> inference #89 of 156 loss: 3.5761 iou: 0.0421
[2021-11-09 16:16:51][__main__	][INFO	] ---> inference #90 of 156 loss: 2.5765 iou: 0.0401
[2021-11-09 16:16:51][__main__	][INFO	] ---> inference #91 of 156 loss: 3.0694 iou: 0.0554
[2021-11-09 16:16:51][__main__	][INFO	] ---> inference #92 of 156 loss: 3.7537 iou: 0.0352
[2021-11-09 16:16:52][__main__	][INFO	] ---> inference #93 of 156 loss: 3.2293 iou: 0.0421
[2021-11-09 16:16:52][__main__	][INFO	] ---> inference #94 of 156 loss: 3.7754 iou: 0.0339
[2021-11-09 16:16:52][__main__	][INFO	] ---> inference #95 of 156 loss: 3.3313 iou: 0.0432
[2021-11-09 16:16:53][__main__	][INFO	] ---> inference #96 of 156 loss: 3.3407 iou: 0.0414
[2021-11-09 16:16:53][__main__	][INFO	] ---> inference #97 of 156 loss: 3.1230 iou: 0.0240
[2021-11-09 16:16:53][__main__	][INFO	] ---> inference #98 of 156 loss: 2.8839 iou: 0.0551
[2021-11-09 16:16:54][__main__	][INFO	] ---> inference #99 of 156 loss: 2.8329 iou: 0.0593
[2021-11-09 16:16:54][__main__	][INFO	] ---> inference #100 of 156 loss: 3.0740 iou: 0.0561
[2021-11-09 16:16:54][__main__	][INFO	] ---> inference #101 of 156 loss: 2.1438 iou: 0.0500
[2021-11-09 16:16:54][__main__	][INFO	] ---> inference #102 of 156 loss: 3.4304 iou: 0.0511
[2021-11-09 16:16:55][__main__	][INFO	] ---> inference #103 of 156 loss: 3.3169 iou: 0.0369
[2021-11-09 16:16:55][__main__	][INFO	] ---> inference #104 of 156 loss: 2.8903 iou: 0.0335
[2021-11-09 16:16:55][__main__	][INFO	] ---> inference #105 of 156 loss: 2.8436 iou: 0.0817
[2021-11-09 16:16:56][__main__	][INFO	] ---> inference #106 of 156 loss: 3.3232 iou: 0.0330
[2021-11-09 16:16:56][__main__	][INFO	] ---> inference #107 of 156 loss: 3.4268 iou: 0.0267
[2021-11-09 16:16:56][__main__	][INFO	] ---> inference #108 of 156 loss: 2.7872 iou: 0.0611
[2021-11-09 16:16:57][__main__	][INFO	] ---> inference #109 of 156 loss: 3.4031 iou: 0.0677
[2021-11-09 16:16:57][__main__	][INFO	] ---> inference #110 of 156 loss: 3.7933 iou: 0.0418
[2021-11-09 16:16:57][__main__	][INFO	] ---> inference #111 of 156 loss: 3.9540 iou: 0.0621
[2021-11-09 16:16:57][__main__	][INFO	] ---> inference #112 of 156 loss: 3.0592 iou: 0.0566
[2021-11-09 16:16:58][__main__	][INFO	] ---> inference #113 of 156 loss: 3.2697 iou: 0.0509
[2021-11-09 16:16:58][__main__	][INFO	] ---> inference #114 of 156 loss: 4.6300 iou: 0.0206
[2021-11-09 16:16:58][__main__	][INFO	] ---> inference #115 of 156 loss: 3.4869 iou: 0.0399
[2021-11-09 16:16:59][__main__	][INFO	] ---> inference #116 of 156 loss: 3.2433 iou: 0.0546
[2021-11-09 16:16:59][__main__	][INFO	] ---> inference #117 of 156 loss: 3.1016 iou: 0.0490
[2021-11-09 16:17:00][__main__	][INFO	] ---> inference #118 of 156 loss: 3.0463 iou: 0.0358
[2021-11-09 16:17:00][__main__	][INFO	] ---> inference #119 of 156 loss: 3.1704 iou: 0.0222
[2021-11-09 16:17:01][__main__	][INFO	] ---> inference #120 of 156 loss: 3.3076 iou: 0.0471
[2021-11-09 16:17:01][__main__	][INFO	] ---> inference #121 of 156 loss: 3.1026 iou: 0.0379
[2021-11-09 16:17:02][__main__	][INFO	] ---> inference #122 of 156 loss: 3.5680 iou: 0.0431
[2021-11-09 16:17:02][__main__	][INFO	] ---> inference #123 of 156 loss: 3.0276 iou: 0.0765
[2021-11-09 16:17:02][__main__	][INFO	] ---> inference #124 of 156 loss: 2.7544 iou: 0.0563
[2021-11-09 16:17:03][__main__	][INFO	] ---> inference #125 of 156 loss: 3.2022 iou: 0.0374
[2021-11-09 16:17:03][__main__	][INFO	] ---> inference #126 of 156 loss: 2.9100 iou: 0.0685
[2021-11-09 16:17:04][__main__	][INFO	] ---> inference #127 of 156 loss: 2.7957 iou: 0.0780
[2021-11-09 16:17:04][__main__	][INFO	] ---> inference #128 of 156 loss: 3.0647 iou: 0.0708
[2021-11-09 16:17:04][__main__	][INFO	] ---> inference #129 of 156 loss: 3.3148 iou: 0.0814
[2021-11-09 16:17:05][__main__	][INFO	] ---> inference #130 of 156 loss: 2.7486 iou: 0.0586
[2021-11-09 16:17:05][__main__	][INFO	] ---> inference #131 of 156 loss: 2.8715 iou: 0.0333
[2021-11-09 16:17:05][__main__	][INFO	] ---> inference #132 of 156 loss: 2.7194 iou: 0.0312
[2021-11-09 16:17:06][__main__	][INFO	] ---> inference #133 of 156 loss: 3.6994 iou: 0.0637
[2021-11-09 16:17:06][__main__	][INFO	] ---> inference #134 of 156 loss: 3.5239 iou: 0.0380
[2021-11-09 16:17:06][__main__	][INFO	] ---> inference #135 of 156 loss: 4.5828 iou: 0.0224
[2021-11-09 16:17:07][__main__	][INFO	] ---> inference #136 of 156 loss: 3.7219 iou: 0.0121
[2021-11-09 16:17:07][__main__	][INFO	] ---> inference #137 of 156 loss: 3.7731 iou: 0.0162
[2021-11-09 16:17:07][__main__	][INFO	] ---> inference #138 of 156 loss: 2.7613 iou: 0.0479
[2021-11-09 16:17:08][__main__	][INFO	] ---> inference #139 of 156 loss: 2.3732 iou: 0.0421
[2021-11-09 16:17:08][__main__	][INFO	] ---> inference #140 of 156 loss: 2.9071 iou: 0.0385
[2021-11-09 16:17:08][__main__	][INFO	] ---> inference #141 of 156 loss: 3.2816 iou: 0.0622
[2021-11-09 16:17:09][__main__	][INFO	] ---> inference #142 of 156 loss: 3.3812 iou: 0.0152
[2021-11-09 16:17:09][__main__	][INFO	] ---> inference #143 of 156 loss: 2.5067 iou: 0.0479
[2021-11-09 16:17:09][__main__	][INFO	] ---> inference #144 of 156 loss: 2.6886 iou: 0.0438
[2021-11-09 16:17:09][__main__	][INFO	] ---> inference #145 of 156 loss: 2.6695 iou: 0.0428
[2021-11-09 16:17:10][__main__	][INFO	] ---> inference #146 of 156 loss: 2.7842 iou: 0.0467
[2021-11-09 16:17:10][__main__	][INFO	] ---> inference #147 of 156 loss: 2.9956 iou: 0.0434
[2021-11-09 16:17:11][__main__	][INFO	] ---> inference #148 of 156 loss: 2.8252 iou: 0.0346
[2021-11-09 16:17:11][__main__	][INFO	] ---> inference #149 of 156 loss: 2.7862 iou: 0.0339
[2021-11-09 16:17:11][__main__	][INFO	] ---> inference #150 of 156 loss: 2.9507 iou: 0.0547
[2021-11-09 16:17:12][__main__	][INFO	] ---> inference #151 of 156 loss: 2.9707 iou: 0.0572
[2021-11-09 16:17:12][__main__	][INFO	] ---> inference #152 of 156 loss: 3.8535 iou: 0.0140
[2021-11-09 16:17:12][__main__	][INFO	] ---> inference #153 of 156 loss: 3.7272 iou: 0.0273
[2021-11-09 16:17:12][__main__	][INFO	] ---> inference #154 of 156 loss: 2.6390 iou: 0.0295
[2021-11-09 16:17:12][__main__	][INFO	] ---> inference #155 of 156 loss: 3.0762 iou: 0.0308
[2021-11-09 16:17:13][__main__	][INFO	] VAL   at global step #150: loss (avg): 3.1797, iou (avg): 0.0449
[2021-11-09 16:17:13][__main__	][INFO	] VAL   at global step #150: iou (cls#0): 0.5305
[2021-11-09 16:17:13][__main__	][INFO	] VAL   at global step #150: iou (cls#1): 0.0000
[2021-11-09 16:17:13][__main__	][INFO	] VAL   at global step #150: iou (cls#2): 0.0289
[2021-11-09 16:17:13][__main__	][INFO	] VAL   at global step #150: iou (cls#3): 0.0030
[2021-11-09 16:17:13][__main__	][INFO	] VAL   at global step #150: iou (cls#4): 0.1523
[2021-11-09 16:17:13][__main__	][INFO	] VAL   at global step #150: iou (cls#5): 0.0000
[2021-11-09 16:17:13][__main__	][INFO	] VAL   at global step #150: iou (cls#6): 0.0603
[2021-11-09 16:17:13][__main__	][INFO	] VAL   at global step #150: iou (cls#7): 0.0036
[2021-11-09 16:17:13][__main__	][INFO	] VAL   at global step #150: iou (cls#8): 0.1186
[2021-11-09 16:17:13][__main__	][INFO	] VAL   at global step #150: iou (cls#9): 0.0000
[2021-11-09 16:17:13][__main__	][INFO	] VAL   at global step #150: iou (cls#10): 0.0000
[2021-11-09 16:17:13][__main__	][INFO	] VAL   at global step #150: iou (cls#11): 0.0000
[2021-11-09 16:17:13][__main__	][INFO	] VAL   at global step #150: iou (cls#12): 0.0000
[2021-11-09 16:17:13][__main__	][INFO	] VAL   at global step #150: iou (cls#13): 0.0000
[2021-11-09 16:17:13][__main__	][INFO	] VAL   at global step #150: iou (cls#14): 0.0000
[2021-11-09 16:17:13][__main__	][INFO	] VAL   at global step #150: iou (cls#15): 0.0000
[2021-11-09 16:17:13][__main__	][INFO	] VAL   at global step #150: iou (cls#16): 0.0000
[2021-11-09 16:17:13][__main__	][INFO	] VAL   at global step #150: iou (cls#17): 0.0000
[2021-11-09 16:17:13][__main__	][INFO	] VAL   at global step #150: iou (cls#18): 0.0000
[2021-11-09 16:17:13][__main__	][INFO	] VAL   at global step #150: iou (cls#19): 0.0000
[2021-11-09 16:17:13][__main__	][INFO	] Better checkpoint saved
[2021-11-09 16:17:19][__main__	][INFO	] TRAIN at global step #151 Epoch #2 Step #151 / 151: loss:2.1655, precision: 7.4782
[2021-11-09 16:17:24][__main__	][INFO	] Checkpoint at epoch #1 saved
[2021-11-09 16:17:41][__main__	][INFO	] TRAIN at global step #152 Epoch #3 Step #2 / 151: loss:2.0622, precision: 5.8400
[2021-11-09 16:17:48][__main__	][INFO	] TRAIN at global step #153 Epoch #3 Step #4 / 151: loss:1.8859, precision: 6.8787
[2021-11-09 16:17:53][__main__	][INFO	] TRAIN at global step #154 Epoch #3 Step #6 / 151: loss:2.0051, precision: 7.6084
[2021-11-09 16:18:00][__main__	][INFO	] TRAIN at global step #155 Epoch #3 Step #8 / 151: loss:1.8597, precision: 8.1663
[2021-11-09 16:18:06][__main__	][INFO	] TRAIN at global step #156 Epoch #3 Step #10 / 151: loss:2.2365, precision: 3.7683
[2021-11-09 16:18:11][__main__	][INFO	] TRAIN at global step #157 Epoch #3 Step #12 / 151: loss:2.2155, precision: 4.7065
[2021-11-09 16:18:18][__main__	][INFO	] TRAIN at global step #158 Epoch #3 Step #14 / 151: loss:1.6701, precision: 8.9267
[2021-11-09 16:18:24][__main__	][INFO	] TRAIN at global step #159 Epoch #3 Step #16 / 151: loss:1.9984, precision: 6.9303
[2021-11-09 16:18:32][__main__	][INFO	] TRAIN at global step #160 Epoch #3 Step #18 / 151: loss:1.9343, precision: 6.5419
[2021-11-09 16:18:39][__main__	][INFO	] TRAIN at global step #161 Epoch #3 Step #20 / 151: loss:2.1269, precision: 4.4880
[2021-11-09 16:18:45][__main__	][INFO	] TRAIN at global step #162 Epoch #3 Step #22 / 151: loss:2.0759, precision: 5.7245
[2021-11-09 16:18:51][__main__	][INFO	] TRAIN at global step #163 Epoch #3 Step #24 / 151: loss:1.9965, precision: 6.0954
[2021-11-09 16:18:57][__main__	][INFO	] TRAIN at global step #164 Epoch #3 Step #26 / 151: loss:2.3908, precision: 2.6821
[2021-11-09 16:19:03][__main__	][INFO	] TRAIN at global step #165 Epoch #3 Step #28 / 151: loss:1.9726, precision: 7.5293
[2021-11-09 16:19:09][__main__	][INFO	] TRAIN at global step #166 Epoch #3 Step #30 / 151: loss:1.8089, precision: 9.1889
[2021-11-09 16:19:16][__main__	][INFO	] TRAIN at global step #167 Epoch #3 Step #32 / 151: loss:1.9377, precision: 5.7178
[2021-11-09 16:19:24][__main__	][INFO	] TRAIN at global step #168 Epoch #3 Step #34 / 151: loss:2.0006, precision: 5.9149
[2021-11-09 16:19:29][__main__	][INFO	] TRAIN at global step #169 Epoch #3 Step #36 / 151: loss:1.9578, precision: 5.1102
[2021-11-09 16:19:37][__main__	][INFO	] TRAIN at global step #170 Epoch #3 Step #38 / 151: loss:1.8467, precision: 8.2023
[2021-11-09 16:19:43][__main__	][INFO	] TRAIN at global step #171 Epoch #3 Step #40 / 151: loss:1.8476, precision: 8.3533
[2021-11-09 16:19:51][__main__	][INFO	] TRAIN at global step #172 Epoch #3 Step #42 / 151: loss:2.1221, precision: 4.9622
[2021-11-09 16:19:57][__main__	][INFO	] TRAIN at global step #173 Epoch #3 Step #44 / 151: loss:2.0984, precision: 4.9805
[2021-11-09 16:20:05][__main__	][INFO	] TRAIN at global step #174 Epoch #3 Step #46 / 151: loss:2.1245, precision: 5.1352
[2021-11-09 16:20:11][__main__	][INFO	] TRAIN at global step #175 Epoch #3 Step #48 / 151: loss:2.3234, precision: 2.0244
[2021-11-09 16:20:18][__main__	][INFO	] TRAIN at global step #176 Epoch #3 Step #50 / 151: loss:1.9486, precision: 6.7865
[2021-11-09 16:20:24][__main__	][INFO	] TRAIN at global step #177 Epoch #3 Step #52 / 151: loss:1.9906, precision: 5.4237
[2021-11-09 16:20:31][__main__	][INFO	] TRAIN at global step #178 Epoch #3 Step #54 / 151: loss:1.8572, precision: 5.8255
[2021-11-09 16:20:38][__main__	][INFO	] TRAIN at global step #179 Epoch #3 Step #56 / 151: loss:2.0268, precision: 5.4064
[2021-11-09 16:20:44][__main__	][INFO	] TRAIN at global step #180 Epoch #3 Step #58 / 151: loss:2.1207, precision: 6.0356
[2021-11-09 16:20:52][__main__	][INFO	] TRAIN at global step #181 Epoch #3 Step #60 / 151: loss:1.9634, precision: 6.0542
[2021-11-09 16:20:59][__main__	][INFO	] TRAIN at global step #182 Epoch #3 Step #62 / 151: loss:1.8406, precision: 7.4442
[2021-11-09 16:21:06][__main__	][INFO	] TRAIN at global step #183 Epoch #3 Step #64 / 151: loss:1.9149, precision: 8.6575
[2021-11-09 16:21:13][__main__	][INFO	] TRAIN at global step #184 Epoch #3 Step #66 / 151: loss:1.9246, precision: 6.7831
[2021-11-09 16:21:18][__main__	][INFO	] TRAIN at global step #185 Epoch #3 Step #68 / 151: loss:2.1059, precision: 5.0863
[2021-11-09 16:21:25][__main__	][INFO	] TRAIN at global step #186 Epoch #3 Step #70 / 151: loss:2.0326, precision: 6.8456
[2021-11-09 16:21:32][__main__	][INFO	] TRAIN at global step #187 Epoch #3 Step #72 / 151: loss:1.8416, precision: 7.9885
[2021-11-09 16:21:39][__main__	][INFO	] TRAIN at global step #188 Epoch #3 Step #74 / 151: loss:1.7138, precision: 9.4942
[2021-11-09 16:21:45][__main__	][INFO	] TRAIN at global step #189 Epoch #3 Step #76 / 151: loss:1.9169, precision: 9.1293
[2021-11-09 16:21:52][__main__	][INFO	] TRAIN at global step #190 Epoch #3 Step #78 / 151: loss:1.8455, precision: 6.6385
[2021-11-09 16:21:59][__main__	][INFO	] TRAIN at global step #191 Epoch #3 Step #80 / 151: loss:2.5152, precision: 2.0116
[2021-11-09 16:22:08][__main__	][INFO	] TRAIN at global step #192 Epoch #3 Step #82 / 151: loss:1.9081, precision: 5.9704
[2021-11-09 16:22:17][__main__	][INFO	] TRAIN at global step #193 Epoch #3 Step #84 / 151: loss:2.0300, precision: 5.5030
[2021-11-09 16:22:22][__main__	][INFO	] TRAIN at global step #194 Epoch #3 Step #86 / 151: loss:2.0559, precision: 4.9165
[2021-11-09 16:22:30][__main__	][INFO	] TRAIN at global step #195 Epoch #3 Step #88 / 151: loss:2.0334, precision: 6.9298
[2021-11-09 16:22:39][__main__	][INFO	] TRAIN at global step #196 Epoch #3 Step #90 / 151: loss:2.1753, precision: 4.0700
[2021-11-09 16:22:45][__main__	][INFO	] TRAIN at global step #197 Epoch #3 Step #92 / 151: loss:2.0942, precision: 4.6165
[2021-11-09 16:22:51][__main__	][INFO	] TRAIN at global step #198 Epoch #3 Step #94 / 151: loss:2.0242, precision: 5.3924
[2021-11-09 16:22:58][__main__	][INFO	] TRAIN at global step #199 Epoch #3 Step #96 / 151: loss:2.0113, precision: 5.8619
[2021-11-09 16:23:03][__main__	][INFO	] TRAIN at global step #200 Epoch #3 Step #98 / 151: loss:1.9689, precision: 5.4974
[2021-11-09 16:23:11][__main__	][INFO	] TRAIN at global step #201 Epoch #3 Step #100 / 151: loss:1.9841, precision: 6.1914
[2021-11-09 16:23:19][__main__	][INFO	] TRAIN at global step #202 Epoch #3 Step #102 / 151: loss:2.0175, precision: 3.7990
[2021-11-09 16:23:26][__main__	][INFO	] TRAIN at global step #203 Epoch #3 Step #104 / 151: loss:1.9239, precision: 6.1096
[2021-11-09 16:23:34][__main__	][INFO	] TRAIN at global step #204 Epoch #3 Step #106 / 151: loss:2.0171, precision: 5.6541
[2021-11-09 16:23:42][__main__	][INFO	] TRAIN at global step #205 Epoch #3 Step #108 / 151: loss:1.8280, precision: 7.1660
[2021-11-09 16:23:48][__main__	][INFO	] TRAIN at global step #206 Epoch #3 Step #110 / 151: loss:1.8537, precision: 10.1734
[2021-11-09 16:23:55][__main__	][INFO	] TRAIN at global step #207 Epoch #3 Step #112 / 151: loss:2.0635, precision: 5.4468
[2021-11-09 16:24:03][__main__	][INFO	] TRAIN at global step #208 Epoch #3 Step #114 / 151: loss:2.0180, precision: 6.4566
[2021-11-09 16:24:09][__main__	][INFO	] TRAIN at global step #209 Epoch #3 Step #116 / 151: loss:2.0464, precision: 4.9755
[2021-11-09 16:24:16][__main__	][INFO	] TRAIN at global step #210 Epoch #3 Step #118 / 151: loss:2.0071, precision: 7.3632
[2021-11-09 16:24:24][__main__	][INFO	] TRAIN at global step #211 Epoch #3 Step #120 / 151: loss:1.9193, precision: 7.9688
[2021-11-09 16:24:29][__main__	][INFO	] TRAIN at global step #212 Epoch #3 Step #122 / 151: loss:2.0922, precision: 5.6198
[2021-11-09 16:24:36][__main__	][INFO	] TRAIN at global step #213 Epoch #3 Step #124 / 151: loss:2.0316, precision: 5.4272
[2021-11-09 16:24:42][__main__	][INFO	] TRAIN at global step #214 Epoch #3 Step #126 / 151: loss:1.8780, precision: 7.6929
[2021-11-09 16:24:49][__main__	][INFO	] TRAIN at global step #215 Epoch #3 Step #128 / 151: loss:2.2918, precision: 3.8200
[2021-11-09 16:24:56][__main__	][INFO	] TRAIN at global step #216 Epoch #3 Step #130 / 151: loss:2.0842, precision: 5.8525
[2021-11-09 16:25:01][__main__	][INFO	] TRAIN at global step #217 Epoch #3 Step #132 / 151: loss:1.9443, precision: 7.4003
[2021-11-09 16:25:07][__main__	][INFO	] TRAIN at global step #218 Epoch #3 Step #134 / 151: loss:2.0357, precision: 4.3318
[2021-11-09 16:25:13][__main__	][INFO	] TRAIN at global step #219 Epoch #3 Step #136 / 151: loss:1.8256, precision: 7.2925
[2021-11-09 16:25:19][__main__	][INFO	] TRAIN at global step #220 Epoch #3 Step #138 / 151: loss:2.1118, precision: 6.6870
[2021-11-09 16:25:26][__main__	][INFO	] TRAIN at global step #221 Epoch #3 Step #140 / 151: loss:2.1210, precision: 4.8377
[2021-11-09 16:25:32][__main__	][INFO	] TRAIN at global step #222 Epoch #3 Step #142 / 151: loss:2.3056, precision: 3.7006
[2021-11-09 16:25:37][__main__	][INFO	] TRAIN at global step #223 Epoch #3 Step #144 / 151: loss:2.0176, precision: 7.6065
[2021-11-09 16:25:43][__main__	][INFO	] TRAIN at global step #224 Epoch #3 Step #146 / 151: loss:1.8611, precision: 6.7526
[2021-11-09 16:25:49][__main__	][INFO	] TRAIN at global step #225 Epoch #3 Step #148 / 151: loss:1.8773, precision: 6.3083
[2021-11-09 16:25:56][__main__	][INFO	] TRAIN at global step #226 Epoch #3 Step #150 / 151: loss:2.0296, precision: 6.8618
[2021-11-09 16:25:59][__main__	][INFO	] Checkpoint at epoch #2 saved
[2021-11-09 16:26:06][__main__	][INFO	] TRAIN at global step #227 Epoch #4 Step #1 / 151: loss:2.1930, precision: 2.9579
[2021-11-09 16:26:12][__main__	][INFO	] TRAIN at global step #228 Epoch #4 Step #3 / 151: loss:2.2078, precision: 4.1685
[2021-11-09 16:26:19][__main__	][INFO	] TRAIN at global step #229 Epoch #4 Step #5 / 151: loss:1.8922, precision: 6.7611
[2021-11-09 16:26:25][__main__	][INFO	] TRAIN at global step #230 Epoch #4 Step #7 / 151: loss:1.8549, precision: 6.8089
[2021-11-09 16:26:32][__main__	][INFO	] TRAIN at global step #231 Epoch #4 Step #9 / 151: loss:1.9412, precision: 6.1369
[2021-11-09 16:26:38][__main__	][INFO	] TRAIN at global step #232 Epoch #4 Step #11 / 151: loss:1.9178, precision: 6.3799
[2021-11-09 16:26:45][__main__	][INFO	] TRAIN at global step #233 Epoch #4 Step #13 / 151: loss:1.7680, precision: 9.2366
[2021-11-09 16:26:53][__main__	][INFO	] TRAIN at global step #234 Epoch #4 Step #15 / 151: loss:1.8149, precision: 7.3286
[2021-11-09 16:26:58][__main__	][INFO	] TRAIN at global step #235 Epoch #4 Step #17 / 151: loss:1.8759, precision: 7.3454
[2021-11-09 16:27:05][__main__	][INFO	] TRAIN at global step #236 Epoch #4 Step #19 / 151: loss:1.9369, precision: 5.3808
[2021-11-09 16:27:11][__main__	][INFO	] TRAIN at global step #237 Epoch #4 Step #21 / 151: loss:1.7952, precision: 9.0719
[2021-11-09 16:27:18][__main__	][INFO	] TRAIN at global step #238 Epoch #4 Step #23 / 151: loss:1.8442, precision: 5.5697
[2021-11-09 16:27:23][__main__	][INFO	] TRAIN at global step #239 Epoch #4 Step #25 / 151: loss:2.0689, precision: 6.9406
[2021-11-09 16:27:29][__main__	][INFO	] TRAIN at global step #240 Epoch #4 Step #27 / 151: loss:2.0502, precision: 5.2791
[2021-11-09 16:27:38][__main__	][INFO	] TRAIN at global step #241 Epoch #4 Step #29 / 151: loss:1.7890, precision: 7.8262
[2021-11-09 16:27:46][__main__	][INFO	] TRAIN at global step #242 Epoch #4 Step #31 / 151: loss:1.8423, precision: 6.0896
[2021-11-09 16:27:53][__main__	][INFO	] TRAIN at global step #243 Epoch #4 Step #33 / 151: loss:2.2653, precision: 3.7529
[2021-11-09 16:27:59][__main__	][INFO	] TRAIN at global step #244 Epoch #4 Step #35 / 151: loss:1.8273, precision: 8.4828
[2021-11-09 16:28:05][__main__	][INFO	] TRAIN at global step #245 Epoch #4 Step #37 / 151: loss:1.8609, precision: 6.4901
[2021-11-09 16:28:10][__main__	][INFO	] TRAIN at global step #246 Epoch #4 Step #39 / 151: loss:1.9238, precision: 7.2390
[2021-11-09 16:28:18][__main__	][INFO	] TRAIN at global step #247 Epoch #4 Step #41 / 151: loss:1.8418, precision: 7.5467
[2021-11-09 16:28:23][__main__	][INFO	] TRAIN at global step #248 Epoch #4 Step #43 / 151: loss:1.9031, precision: 7.4485
[2021-11-09 16:28:31][__main__	][INFO	] TRAIN at global step #249 Epoch #4 Step #45 / 151: loss:1.8955, precision: 6.4410
[2021-11-09 16:28:38][__main__	][INFO	] TRAIN at global step #250 Epoch #4 Step #47 / 151: loss:2.1668, precision: 4.1054
[2021-11-09 16:28:44][__main__	][INFO	] TRAIN at global step #251 Epoch #4 Step #49 / 151: loss:2.1837, precision: 3.2607
[2021-11-09 16:28:51][__main__	][INFO	] TRAIN at global step #252 Epoch #4 Step #51 / 151: loss:2.1961, precision: 4.9853
[2021-11-09 16:28:58][__main__	][INFO	] TRAIN at global step #253 Epoch #4 Step #53 / 151: loss:1.8763, precision: 8.1729
[2021-11-09 16:29:04][__main__	][INFO	] TRAIN at global step #254 Epoch #4 Step #55 / 151: loss:2.0634, precision: 5.4474
[2021-11-09 16:29:11][__main__	][INFO	] TRAIN at global step #255 Epoch #4 Step #57 / 151: loss:1.8164, precision: 7.0351
[2021-11-09 16:29:18][__main__	][INFO	] TRAIN at global step #256 Epoch #4 Step #59 / 151: loss:1.8755, precision: 7.5621
[2021-11-09 16:29:25][__main__	][INFO	] TRAIN at global step #257 Epoch #4 Step #61 / 151: loss:1.7002, precision: 7.8816
[2021-11-09 16:29:32][__main__	][INFO	] TRAIN at global step #258 Epoch #4 Step #63 / 151: loss:2.1907, precision: 3.9822
[2021-11-09 16:29:39][__main__	][INFO	] TRAIN at global step #259 Epoch #4 Step #65 / 151: loss:1.6056, precision: 10.1666
[2021-11-09 16:29:45][__main__	][INFO	] TRAIN at global step #260 Epoch #4 Step #67 / 151: loss:2.0500, precision: 4.6801
[2021-11-09 16:29:51][__main__	][INFO	] TRAIN at global step #261 Epoch #4 Step #69 / 151: loss:1.9279, precision: 7.3666
[2021-11-09 16:30:00][__main__	][INFO	] TRAIN at global step #262 Epoch #4 Step #71 / 151: loss:2.0273, precision: 4.5746
[2021-11-09 16:30:06][__main__	][INFO	] TRAIN at global step #263 Epoch #4 Step #73 / 151: loss:1.8791, precision: 7.0521
[2021-11-09 16:30:15][__main__	][INFO	] TRAIN at global step #264 Epoch #4 Step #75 / 151: loss:1.9397, precision: 5.4966
[2021-11-09 16:30:23][__main__	][INFO	] TRAIN at global step #265 Epoch #4 Step #77 / 151: loss:1.8321, precision: 7.2531
[2021-11-09 16:30:30][__main__	][INFO	] TRAIN at global step #266 Epoch #4 Step #79 / 151: loss:1.7597, precision: 7.6713
[2021-11-09 16:30:37][__main__	][INFO	] TRAIN at global step #267 Epoch #4 Step #81 / 151: loss:1.6558, precision: 10.5081
[2021-11-09 16:30:42][__main__	][INFO	] TRAIN at global step #268 Epoch #4 Step #83 / 151: loss:2.0546, precision: 5.4336
[2021-11-09 16:30:47][__main__	][INFO	] TRAIN at global step #269 Epoch #4 Step #85 / 151: loss:1.9451, precision: 7.0354
[2021-11-09 16:30:54][__main__	][INFO	] TRAIN at global step #270 Epoch #4 Step #87 / 151: loss:1.7522, precision: 10.6678
[2021-11-09 16:31:00][__main__	][INFO	] TRAIN at global step #271 Epoch #4 Step #89 / 151: loss:1.9261, precision: 5.6383
[2021-11-09 16:31:06][__main__	][INFO	] TRAIN at global step #272 Epoch #4 Step #91 / 151: loss:1.7280, precision: 7.6336
[2021-11-09 16:31:14][__main__	][INFO	] TRAIN at global step #273 Epoch #4 Step #93 / 151: loss:1.9288, precision: 5.4032
[2021-11-09 16:31:21][__main__	][INFO	] TRAIN at global step #274 Epoch #4 Step #95 / 151: loss:1.9439, precision: 6.3893
[2021-11-09 16:31:29][__main__	][INFO	] TRAIN at global step #275 Epoch #4 Step #97 / 151: loss:2.0416, precision: 4.5957
[2021-11-09 16:31:35][__main__	][INFO	] TRAIN at global step #276 Epoch #4 Step #99 / 151: loss:1.9971, precision: 5.2624
[2021-11-09 16:31:41][__main__	][INFO	] TRAIN at global step #277 Epoch #4 Step #101 / 151: loss:2.1923, precision: 2.7224
[2021-11-09 16:31:47][__main__	][INFO	] TRAIN at global step #278 Epoch #4 Step #103 / 151: loss:1.8065, precision: 8.9831
[2021-11-09 16:31:53][__main__	][INFO	] TRAIN at global step #279 Epoch #4 Step #105 / 151: loss:2.0460, precision: 3.7847
[2021-11-09 16:32:00][__main__	][INFO	] TRAIN at global step #280 Epoch #4 Step #107 / 151: loss:1.9312, precision: 6.2970
[2021-11-09 16:32:06][__main__	][INFO	] TRAIN at global step #281 Epoch #4 Step #109 / 151: loss:1.9407, precision: 6.9962
[2021-11-09 16:32:14][__main__	][INFO	] TRAIN at global step #282 Epoch #4 Step #111 / 151: loss:1.9706, precision: 5.3655
[2021-11-09 16:32:22][__main__	][INFO	] TRAIN at global step #283 Epoch #4 Step #113 / 151: loss:1.9509, precision: 5.4822
[2021-11-09 16:32:29][__main__	][INFO	] TRAIN at global step #284 Epoch #4 Step #115 / 151: loss:2.1284, precision: 2.6135
[2021-11-09 16:32:35][__main__	][INFO	] TRAIN at global step #285 Epoch #4 Step #117 / 151: loss:1.8557, precision: 6.0258
[2021-11-09 16:32:42][__main__	][INFO	] TRAIN at global step #286 Epoch #4 Step #119 / 151: loss:1.9103, precision: 6.9190
[2021-11-09 16:32:48][__main__	][INFO	] TRAIN at global step #287 Epoch #4 Step #121 / 151: loss:1.8944, precision: 6.3975
[2021-11-09 16:32:56][__main__	][INFO	] TRAIN at global step #288 Epoch #4 Step #123 / 151: loss:1.9241, precision: 7.0990
[2021-11-09 16:33:02][__main__	][INFO	] TRAIN at global step #289 Epoch #4 Step #125 / 151: loss:1.8456, precision: 6.8905
[2021-11-09 16:33:10][__main__	][INFO	] TRAIN at global step #290 Epoch #4 Step #127 / 151: loss:1.7979, precision: 7.0352
[2021-11-09 16:33:16][__main__	][INFO	] TRAIN at global step #291 Epoch #4 Step #129 / 151: loss:1.8362, precision: 6.8201
[2021-11-09 16:33:23][__main__	][INFO	] TRAIN at global step #292 Epoch #4 Step #131 / 151: loss:1.8741, precision: 7.0848
[2021-11-09 16:33:31][__main__	][INFO	] TRAIN at global step #293 Epoch #4 Step #133 / 151: loss:1.7903, precision: 6.2182
[2021-11-09 16:33:38][__main__	][INFO	] TRAIN at global step #294 Epoch #4 Step #135 / 151: loss:1.9377, precision: 6.9145
[2021-11-09 16:33:44][__main__	][INFO	] TRAIN at global step #295 Epoch #4 Step #137 / 151: loss:1.9920, precision: 5.5771
[2021-11-09 16:33:51][__main__	][INFO	] TRAIN at global step #296 Epoch #4 Step #139 / 151: loss:1.5591, precision: 10.3932
[2021-11-09 16:33:56][__main__	][INFO	] TRAIN at global step #297 Epoch #4 Step #141 / 151: loss:2.1073, precision: 5.1265
[2021-11-09 16:34:02][__main__	][INFO	] TRAIN at global step #298 Epoch #4 Step #143 / 151: loss:1.8725, precision: 5.6119
[2021-11-09 16:34:08][__main__	][INFO	] TRAIN at global step #299 Epoch #4 Step #145 / 151: loss:1.8080, precision: 7.5186
[2021-11-09 16:34:15][__main__	][INFO	] TRAIN at global step #300 Epoch #4 Step #147 / 151: loss:1.8033, precision: 7.9221
[2021-11-09 16:34:17][__main__	][INFO	] ---> inference #0 of 156 loss: 3.7913 iou: 0.0509
[2021-11-09 16:34:17][__main__	][INFO	] ---> inference #1 of 156 loss: 3.4925 iou: 0.0615
[2021-11-09 16:34:18][__main__	][INFO	] ---> inference #2 of 156 loss: 2.6209 iou: 0.0486
[2021-11-09 16:34:18][__main__	][INFO	] ---> inference #3 of 156 loss: 2.1392 iou: 0.0479
[2021-11-09 16:34:18][__main__	][INFO	] ---> inference #4 of 156 loss: 3.0975 iou: 0.0879
[2021-11-09 16:34:19][__main__	][INFO	] ---> inference #5 of 156 loss: 2.8815 iou: 0.1009
[2021-11-09 16:34:19][__main__	][INFO	] ---> inference #6 of 156 loss: 2.3485 iou: 0.0632
[2021-11-09 16:34:19][__main__	][INFO	] ---> inference #7 of 156 loss: 2.9696 iou: 0.0464
[2021-11-09 16:34:20][__main__	][INFO	] ---> inference #8 of 156 loss: 3.4022 iou: 0.0421
[2021-11-09 16:34:20][__main__	][INFO	] ---> inference #9 of 156 loss: 3.7025 iou: 0.0431
[2021-11-09 16:34:20][__main__	][INFO	] ---> inference #10 of 156 loss: 3.0217 iou: 0.0740
[2021-11-09 16:34:21][__main__	][INFO	] ---> inference #11 of 156 loss: 4.5211 iou: 0.0230
[2021-11-09 16:34:21][__main__	][INFO	] ---> inference #12 of 156 loss: 3.8708 iou: 0.0718
[2021-11-09 16:34:21][__main__	][INFO	] ---> inference #13 of 156 loss: 3.0679 iou: 0.0506
[2021-11-09 16:34:21][__main__	][INFO	] ---> inference #14 of 156 loss: 3.5246 iou: 0.0464
[2021-11-09 16:34:22][__main__	][INFO	] ---> inference #15 of 156 loss: 3.7483 iou: 0.0883
[2021-11-09 16:34:22][__main__	][INFO	] ---> inference #16 of 156 loss: 3.5224 iou: 0.0819
[2021-11-09 16:34:22][__main__	][INFO	] ---> inference #17 of 156 loss: 3.5926 iou: 0.0694
[2021-11-09 16:34:22][__main__	][INFO	] ---> inference #18 of 156 loss: 3.2394 iou: 0.0678
[2021-11-09 16:34:22][__main__	][INFO	] ---> inference #19 of 156 loss: 2.4239 iou: 0.0461
[2021-11-09 16:34:23][__main__	][INFO	] ---> inference #20 of 156 loss: 3.6609 iou: 0.0494
[2021-11-09 16:34:23][__main__	][INFO	] ---> inference #21 of 156 loss: 3.3987 iou: 0.0524
[2021-11-09 16:34:23][__main__	][INFO	] ---> inference #22 of 156 loss: 2.7291 iou: 0.0882
[2021-11-09 16:34:23][__main__	][INFO	] ---> inference #23 of 156 loss: 2.6661 iou: 0.0554
[2021-11-09 16:34:23][__main__	][INFO	] ---> inference #24 of 156 loss: 2.8408 iou: 0.0665
[2021-11-09 16:34:23][__main__	][INFO	] ---> inference #25 of 156 loss: 2.6439 iou: 0.0312
[2021-11-09 16:34:24][__main__	][INFO	] ---> inference #26 of 156 loss: 2.6987 iou: 0.0221
[2021-11-09 16:34:24][__main__	][INFO	] ---> inference #27 of 156 loss: 2.8888 iou: 0.0207
[2021-11-09 16:34:24][__main__	][INFO	] ---> inference #28 of 156 loss: 3.4206 iou: 0.0700
[2021-11-09 16:34:24][__main__	][INFO	] ---> inference #29 of 156 loss: 4.6999 iou: 0.0516
[2021-11-09 16:34:25][__main__	][INFO	] ---> inference #30 of 156 loss: 2.9569 iou: 0.0803
[2021-11-09 16:34:25][__main__	][INFO	] ---> inference #31 of 156 loss: 3.6601 iou: 0.0629
[2021-11-09 16:34:25][__main__	][INFO	] ---> inference #32 of 156 loss: 3.4107 iou: 0.0429
[2021-11-09 16:34:26][__main__	][INFO	] ---> inference #33 of 156 loss: 2.8488 iou: 0.0379
[2021-11-09 16:34:26][__main__	][INFO	] ---> inference #34 of 156 loss: 3.0878 iou: 0.0406
[2021-11-09 16:34:27][__main__	][INFO	] ---> inference #35 of 156 loss: 3.2939 iou: 0.0506
[2021-11-09 16:34:27][__main__	][INFO	] ---> inference #36 of 156 loss: 3.0439 iou: 0.0458
[2021-11-09 16:34:28][__main__	][INFO	] ---> inference #37 of 156 loss: 3.1944 iou: 0.0463
[2021-11-09 16:34:28][__main__	][INFO	] ---> inference #38 of 156 loss: 3.1908 iou: 0.0456
[2021-11-09 16:34:29][__main__	][INFO	] ---> inference #39 of 156 loss: 4.0916 iou: 0.0728
[2021-11-09 16:34:29][__main__	][INFO	] ---> inference #40 of 156 loss: 3.7092 iou: 0.0511
[2021-11-09 16:34:29][__main__	][INFO	] ---> inference #41 of 156 loss: 3.2673 iou: 0.0471
[2021-11-09 16:34:29][__main__	][INFO	] ---> inference #42 of 156 loss: 3.4465 iou: 0.0650
[2021-11-09 16:34:29][__main__	][INFO	] ---> inference #43 of 156 loss: 3.0656 iou: 0.0692
[2021-11-09 16:34:30][__main__	][INFO	] ---> inference #44 of 156 loss: 2.5262 iou: 0.0458
[2021-11-09 16:34:30][__main__	][INFO	] ---> inference #45 of 156 loss: 3.7850 iou: 0.0305
[2021-11-09 16:34:30][__main__	][INFO	] ---> inference #46 of 156 loss: 3.7720 iou: 0.0371
[2021-11-09 16:34:31][__main__	][INFO	] ---> inference #47 of 156 loss: 3.6187 iou: 0.0476
[2021-11-09 16:34:31][__main__	][INFO	] ---> inference #48 of 156 loss: 3.8270 iou: 0.0560
[2021-11-09 16:34:32][__main__	][INFO	] ---> inference #49 of 156 loss: 3.7127 iou: 0.0447
[2021-11-09 16:34:32][__main__	][INFO	] ---> inference #50 of 156 loss: 3.7197 iou: 0.0384
[2021-11-09 16:34:33][__main__	][INFO	] ---> inference #51 of 156 loss: 4.7105 iou: 0.0324
[2021-11-09 16:34:33][__main__	][INFO	] ---> inference #52 of 156 loss: 4.2732 iou: 0.0398
[2021-11-09 16:34:33][__main__	][INFO	] ---> inference #53 of 156 loss: 2.7012 iou: 0.0563
[2021-11-09 16:34:34][__main__	][INFO	] ---> inference #54 of 156 loss: 4.1711 iou: 0.0496
slurmstepd: error: *** JOB 1012 ON air-node-01 CANCELLED AT 2021-11-09T16:34:34 ***
