200_fit_sdouble
/home/aidrive/tb5zhh/.conda/envs/tbw_3dscan/lib/python3.8/site-packages/MinkowskiEngine/__init__.py:36: UserWarning: The environment variable `OMP_NUM_THREADS` not set. MinkowskiEngine will automatically set `OMP_NUM_THREADS=16`. If you want to set `OMP_NUM_THREADS` manually, please export it on the command line before running a python script. e.g. `export OMP_NUM_THREADS=12; python your_program.py`. It is recommended to set it below 24.
  warnings.warn(
[2021-11-09 15:58:52][__main__	][INFO	] Run with 1 cpu
[2021-11-09 15:58:52][__main__	][INFO	] Running config
[2021-11-09 15:58:52][__main__	][INFO	] --->                          model: Res16UNet34C
[2021-11-09 15:58:52][__main__	][INFO	] --->              conv1_kernel_size: 5
[2021-11-09 15:58:52][__main__	][INFO	] --->                        weights: checkpoints/pretrain_20000.pth
[2021-11-09 15:58:52][__main__	][INFO	] --->                       weights1: /home/aidrive1/workspace/luoly/dataset/final/min_weights/LR/unc/1/512/checkpoint_NoneRes16UNet34Cbest_val.pth
[2021-11-09 15:58:52][__main__	][INFO	] --->                       weights2: /home/aidrive1/workspace/luoly/dataset/final/min_weights/LR/512/1/checkpoint_NoneRes16UNet34Cbest_val.pth
[2021-11-09 15:58:52][__main__	][INFO	] --->                       weights3: /home/aidrive1/workspace/luoly/dataset/final/min_weights/LR/1024/1/checkpoint_NoneRes16UNet34Cbest_val.pth
[2021-11-09 15:58:52][__main__	][INFO	] --->        weights_for_inner_model: False
[2021-11-09 15:58:52][__main__	][INFO	] --->                      dilations: [1, 1, 1, 1]
[2021-11-09 15:58:52][__main__	][INFO	] --->                   wrapper_type: None
[2021-11-09 15:58:52][__main__	][INFO	] --->            wrapper_region_type: 1
[2021-11-09 15:58:52][__main__	][INFO	] --->            wrapper_kernel_size: 3
[2021-11-09 15:58:52][__main__	][INFO	] --->                     wrapper_lr: 0.1
[2021-11-09 15:58:52][__main__	][INFO	] --->           meanfield_iterations: 10
[2021-11-09 15:58:52][__main__	][INFO	] --->              crf_spatial_sigma: 1
[2021-11-09 15:58:52][__main__	][INFO	] --->            crf_chromatic_sigma: 12
[2021-11-09 15:58:52][__main__	][INFO	] --->                      optimizer: SGD
[2021-11-09 15:58:52][__main__	][INFO	] --->                             lr: 0.1
[2021-11-09 15:58:52][__main__	][INFO	] --->                   sgd_momentum: 0.9
[2021-11-09 15:58:52][__main__	][INFO	] --->                  sgd_dampening: 0.1
[2021-11-09 15:58:52][__main__	][INFO	] --->                     adam_beta1: 0.9
[2021-11-09 15:58:52][__main__	][INFO	] --->                     adam_beta2: 0.999
[2021-11-09 15:58:52][__main__	][INFO	] --->                   weight_decay: 0.0001
[2021-11-09 15:58:52][__main__	][INFO	] --->           param_histogram_freq: 100
[2021-11-09 15:58:52][__main__	][INFO	] --->           save_param_histogram: False
[2021-11-09 15:58:52][__main__	][INFO	] --->                      iter_size: 1
[2021-11-09 15:58:52][__main__	][INFO	] --->                    bn_momentum: 0.02
[2021-11-09 15:58:52][__main__	][INFO	] --->                      scheduler: PolyLR
[2021-11-09 15:58:52][__main__	][INFO	] --->                       max_iter: 30000
[2021-11-09 15:58:52][__main__	][INFO	] --->                      step_size: 20000.0
[2021-11-09 15:58:52][__main__	][INFO	] --->                     step_gamma: 0.1
[2021-11-09 15:58:52][__main__	][INFO	] --->                     poly_power: 0.9
[2021-11-09 15:58:52][__main__	][INFO	] --->                      exp_gamma: 0.95
[2021-11-09 15:58:52][__main__	][INFO	] --->                  exp_step_size: 445
[2021-11-09 15:58:52][__main__	][INFO	] --->                        log_dir: log
[2021-11-09 15:58:52][__main__	][INFO	] --->                       data_dir: data
[2021-11-09 15:58:52][__main__	][INFO	] --->                        dataset: ScannetVoxelization2cmDataset
[2021-11-09 15:58:52][__main__	][INFO	] --->                    testdataset: ScannetVoxelization2cmtestDataset
[2021-11-09 15:58:52][__main__	][INFO	] --->              temporal_dilation: 30
[2021-11-09 15:58:52][__main__	][INFO	] --->                temporal_numseq: 3
[2021-11-09 15:58:52][__main__	][INFO	] --->                      point_lim: -1
[2021-11-09 15:58:52][__main__	][INFO	] --->                  pre_point_lim: -1
[2021-11-09 15:58:52][__main__	][INFO	] --->                     batch_size: 1
[2021-11-09 15:58:52][__main__	][INFO	] --->                test_batch_size: 1
[2021-11-09 15:58:52][__main__	][INFO	] --->                     cache_data: False
[2021-11-09 15:58:52][__main__	][INFO	] --->                    num_workers: 4
[2021-11-09 15:58:52][__main__	][INFO	] --->                num_val_workers: 1
[2021-11-09 15:58:52][__main__	][INFO	] --->                   ignore_label: 255
[2021-11-09 15:58:52][__main__	][INFO	] --->          return_transformation: False
[2021-11-09 15:58:52][__main__	][INFO	] --->         ignore_duplicate_class: False
[2021-11-09 15:58:52][__main__	][INFO	] --->                   partial_crop: 0.0
[2021-11-09 15:58:52][__main__	][INFO	] --->          train_limit_numpoints: 0
[2021-11-09 15:58:52][__main__	][INFO	] --->                   synthia_path: /home/chrischoy/datasets/Synthia/Synthia4D
[2021-11-09 15:58:52][__main__	][INFO	] --->            synthia_camera_path: /home/chrischoy/datasets/Synthia/%s/CameraParams/
[2021-11-09 15:58:52][__main__	][INFO	] --->  synthia_camera_intrinsic_file: intrinsics.txt
[2021-11-09 15:58:52][__main__	][INFO	] ---> synthia_camera_extrinsics_file: Stereo_Right/Omni_F/%s.txt
[2021-11-09 15:58:52][__main__	][INFO	] --->         temporal_rand_dilation: False
[2021-11-09 15:58:52][__main__	][INFO	] --->           temporal_rand_numseq: False
[2021-11-09 15:58:52][__main__	][INFO	] --->                   scannet_path: /home/aidrive/tb5zhh/data/200_fit_sdouble/train
[2021-11-09 15:58:52][__main__	][INFO	] --->              scannet_test_path: /home/aidrive/tb5zhh/data/full/train
[2021-11-09 15:58:52][__main__	][INFO	] --->                stanford3d_path: /home/chrischoy/datasets/Stanford3D
[2021-11-09 15:58:52][__main__	][INFO	] --->                       is_train: True
[2021-11-09 15:58:52][__main__	][INFO	] --->                      stat_freq: 40
[2021-11-09 15:58:52][__main__	][INFO	] --->                 test_stat_freq: 100
[2021-11-09 15:58:52][__main__	][INFO	] --->                test_stat_freq1: 312
[2021-11-09 15:58:52][__main__	][INFO	] --->                      save_freq: 1000
[2021-11-09 15:58:52][__main__	][INFO	] --->                       val_freq: 2
[2021-11-09 15:58:52][__main__	][INFO	] --->               empty_cache_freq: 1
[2021-11-09 15:58:52][__main__	][INFO	] --->                    train_phase: train
[2021-11-09 15:58:52][__main__	][INFO	] --->                      val_phase: val
[2021-11-09 15:58:52][__main__	][INFO	] --->              overwrite_weights: True
[2021-11-09 15:58:52][__main__	][INFO	] --->                         resume: 1
[2021-11-09 15:58:52][__main__	][INFO	] --->               resume_optimizer: True
[2021-11-09 15:58:52][__main__	][INFO	] --->                  eval_upsample: False
[2021-11-09 15:58:52][__main__	][INFO	] --->         lenient_weight_loading: False
[2021-11-09 15:58:52][__main__	][INFO	] --->         distributed_world_size: 2
[2021-11-09 15:58:52][__main__	][INFO	] --->               distributed_rank: 0
[2021-11-09 15:58:52][__main__	][INFO	] --->            distributed_backend: nccl
[2021-11-09 15:58:52][__main__	][INFO	] --->        distributed_init_method: 
[2021-11-09 15:58:52][__main__	][INFO	] --->               distributed_port: 10010
[2021-11-09 15:58:52][__main__	][INFO	] --->                      device_id: 0
[2021-11-09 15:58:52][__main__	][INFO	] --->           distributed_no_spawn: True
[2021-11-09 15:58:52][__main__	][INFO	] --->                    ddp_backend: c10d
[2021-11-09 15:58:52][__main__	][INFO	] --->                  bucket_cap_mb: 25
[2021-11-09 15:58:52][__main__	][INFO	] --->                   use_feat_aug: True
[2021-11-09 15:58:52][__main__	][INFO	] --->     data_aug_color_trans_ratio: 0.1
[2021-11-09 15:58:52][__main__	][INFO	] --->      data_aug_color_jitter_std: 0.05
[2021-11-09 15:58:52][__main__	][INFO	] --->                normalize_color: True
[2021-11-09 15:58:52][__main__	][INFO	] --->             data_aug_scale_min: 0.9
[2021-11-09 15:58:52][__main__	][INFO	] --->             data_aug_scale_max: 1.1
[2021-11-09 15:58:52][__main__	][INFO	] --->               data_aug_hue_max: 0.5
[2021-11-09 15:58:52][__main__	][INFO	] --->        data_aug_saturation_max: 0.2
[2021-11-09 15:58:52][__main__	][INFO	] --->                      visualize: False
[2021-11-09 15:58:52][__main__	][INFO	] --->          test_temporal_average: False
[2021-11-09 15:58:52][__main__	][INFO	] --->                 visualize_path: outputs/visualize
[2021-11-09 15:58:52][__main__	][INFO	] --->                save_prediction: False
[2021-11-09 15:58:52][__main__	][INFO	] --->                  save_pred_dir: outputs/pred
[2021-11-09 15:58:52][__main__	][INFO	] --->                     test_phase: test
[2021-11-09 15:58:52][__main__	][INFO	] --->   evaluate_original_pointcloud: False
[2021-11-09 15:58:52][__main__	][INFO	] --->       test_original_pointcloud: False
[2021-11-09 15:58:52][__main__	][INFO	] --->                        is_cuda: True
[2021-11-09 15:58:52][__main__	][INFO	] --->                      load_path: 
[2021-11-09 15:58:52][__main__	][INFO	] --->                       log_step: 50
[2021-11-09 15:58:52][__main__	][INFO	] --->                      log_level: INFO
[2021-11-09 15:58:52][__main__	][INFO	] --->                        num_gpu: 1
[2021-11-09 15:58:52][__main__	][INFO	] --->                           seed: 42
[2021-11-09 15:58:52][__main__	][INFO	] --->                       run_name: finetune_200_fit_sdouble_0.1_Res16UNet34C
[2021-11-09 15:58:52][__main__	][INFO	] --->                      unc_round: 20
[2021-11-09 15:58:52][__main__	][INFO	] --->                 unc_result_dir: /
[2021-11-09 15:58:52][__main__	][INFO	] --->                          wandb: True
[2021-11-09 15:58:52][__main__	][INFO	] --->                  train_dataset: ScannetVoxelization2cmDataset
[2021-11-09 15:58:52][__main__	][INFO	] --->                    val_dataset: ScannetVoxelization2cmtestDataset
[2021-11-09 15:58:52][__main__	][INFO	] --->                 checkpoint_dir: checkpoints
[2021-11-09 15:58:52][__main__	][INFO	] --->                     optim_step: 2
[2021-11-09 15:58:52][__main__	][INFO	] --->                  validate_step: 150
[2021-11-09 15:58:52][__main__	][INFO	] --->                    train_epoch: 20000
[2021-11-09 15:58:52][__main__	][INFO	] --->               train_batch_size: 8
[2021-11-09 15:58:52][__main__	][INFO	] --->                 val_batch_size: 2
[2021-11-09 15:58:52][__main__	][INFO	] --->                eval_result_dir: /
[2021-11-09 15:58:52][__main__	][INFO	] --->                  unc_stat_path: /
[2021-11-09 15:58:52][__main__	][INFO	] --->                     save_epoch: 1
[2021-11-09 15:58:52][__main__	][INFO	] --->                   ignore_index: 255
[2021-11-09 15:58:52][__main__	][INFO	] --->                       do_train: True
[2021-11-09 15:58:52][__main__	][INFO	] --->               do_unc_inference: False
[2021-11-09 15:58:52][__main__	][INFO	] --->                    do_unc_demo: False
[2021-11-09 15:58:52][__main__	][INFO	] --->                    unc_dataset: 
[2021-11-09 15:58:52][__main__	][INFO	] --->           do_verbose_inference: False
[2021-11-09 15:58:52][__main__	][INFO	] --->                  do_unc_render: False
[2021-11-09 15:59:14][__main__	][INFO	] Weights loaded from checkpoints/pretrain_20000.pth
[2021-11-09 15:59:14][__main__	][INFO	] [Errno 2] No such file or directory: 'checkpoints/finetune_200_fit_sdouble_0.1_Res16UNet34C_latest.pth'
new.py:162: DeprecationWarning: The 'warn' method is deprecated, use 'warning' instead
  logger.warn(f"checkpoint not found")
[2021-11-09 15:59:14][__main__	][WARNING	] checkpoint not found
[2021-11-09 15:59:14][__main__	][INFO	] Model setup done
[2021-11-09 15:59:14][__main__	][INFO	] 
Res16UNet34C(
  (conv0p1s1): MinkowskiConvolution(in=3, out=32, kernel_size=[5, 5, 5], stride=[1, 1, 1], dilation=[1, 1, 1])
  (bn0): MinkowskiBatchNorm(32, eps=1e-05, momentum=0.02, affine=True, track_running_stats=True)
  (conv1p1s2): MinkowskiConvolution(in=32, out=32, kernel_size=[2, 2, 2], stride=[2, 2, 2], dilation=[1, 1, 1])
  (bn1): MinkowskiBatchNorm(32, eps=1e-05, momentum=0.02, affine=True, track_running_stats=True)
  (block1): Sequential(
    (0): BasicBlock(
      (conv1): MinkowskiConvolution(in=32, out=32, kernel_size=[3, 3, 3], stride=[1, 1, 1], dilation=[1, 1, 1])
      (norm1): MinkowskiBatchNorm(32, eps=1e-05, momentum=0.1, affine=True, track_running_stats=True)
      (conv2): MinkowskiConvolution(in=32, out=32, kernel_size=[3, 3, 3], stride=[1, 1, 1], dilation=[1, 1, 1])
      (norm2): MinkowskiBatchNorm(32, eps=1e-05, momentum=0.1, affine=True, track_running_stats=True)
      (relu): MinkowskiReLU()
    )
    (1): BasicBlock(
      (conv1): MinkowskiConvolution(in=32, out=32, kernel_size=[3, 3, 3], stride=[1, 1, 1], dilation=[1, 1, 1])
      (norm1): MinkowskiBatchNorm(32, eps=1e-05, momentum=0.1, affine=True, track_running_stats=True)
      (conv2): MinkowskiConvolution(in=32, out=32, kernel_size=[3, 3, 3], stride=[1, 1, 1], dilation=[1, 1, 1])
      (norm2): MinkowskiBatchNorm(32, eps=1e-05, momentum=0.1, affine=True, track_running_stats=True)
      (relu): MinkowskiReLU()
    )
  )
  (conv2p2s2): MinkowskiConvolution(in=32, out=32, kernel_size=[2, 2, 2], stride=[2, 2, 2], dilation=[1, 1, 1])
  (bn2): MinkowskiBatchNorm(32, eps=1e-05, momentum=0.02, affine=True, track_running_stats=True)
  (block2): Sequential(
    (0): BasicBlock(
      (conv1): MinkowskiConvolution(in=32, out=64, kernel_size=[3, 3, 3], stride=[1, 1, 1], dilation=[1, 1, 1])
      (norm1): MinkowskiBatchNorm(64, eps=1e-05, momentum=0.1, affine=True, track_running_stats=True)
      (conv2): MinkowskiConvolution(in=64, out=64, kernel_size=[3, 3, 3], stride=[1, 1, 1], dilation=[1, 1, 1])
      (norm2): MinkowskiBatchNorm(64, eps=1e-05, momentum=0.1, affine=True, track_running_stats=True)
      (relu): MinkowskiReLU()
      (downsample): Sequential(
        (0): MinkowskiConvolution(in=32, out=64, kernel_size=[1, 1, 1], stride=[1, 1, 1], dilation=[1, 1, 1])
        (1): MinkowskiBatchNorm(64, eps=1e-05, momentum=0.02, affine=True, track_running_stats=True)
      )
    )
    (1): BasicBlock(
      (conv1): MinkowskiConvolution(in=64, out=64, kernel_size=[3, 3, 3], stride=[1, 1, 1], dilation=[1, 1, 1])
      (norm1): MinkowskiBatchNorm(64, eps=1e-05, momentum=0.1, affine=True, track_running_stats=True)
      (conv2): MinkowskiConvolution(in=64, out=64, kernel_size=[3, 3, 3], stride=[1, 1, 1], dilation=[1, 1, 1])
      (norm2): MinkowskiBatchNorm(64, eps=1e-05, momentum=0.1, affine=True, track_running_stats=True)
      (relu): MinkowskiReLU()
    )
    (2): BasicBlock(
      (conv1): MinkowskiConvolution(in=64, out=64, kernel_size=[3, 3, 3], stride=[1, 1, 1], dilation=[1, 1, 1])
      (norm1): MinkowskiBatchNorm(64, eps=1e-05, momentum=0.1, affine=True, track_running_stats=True)
      (conv2): MinkowskiConvolution(in=64, out=64, kernel_size=[3, 3, 3], stride=[1, 1, 1], dilation=[1, 1, 1])
      (norm2): MinkowskiBatchNorm(64, eps=1e-05, momentum=0.1, affine=True, track_running_stats=True)
      (relu): MinkowskiReLU()
    )
  )
  (conv3p4s2): MinkowskiConvolution(in=64, out=64, kernel_size=[2, 2, 2], stride=[2, 2, 2], dilation=[1, 1, 1])
  (bn3): MinkowskiBatchNorm(64, eps=1e-05, momentum=0.02, affine=True, track_running_stats=True)
  (block3): Sequential(
    (0): BasicBlock(
      (conv1): MinkowskiConvolution(in=64, out=128, kernel_size=[3, 3, 3], stride=[1, 1, 1], dilation=[1, 1, 1])
      (norm1): MinkowskiBatchNorm(128, eps=1e-05, momentum=0.1, affine=True, track_running_stats=True)
      (conv2): MinkowskiConvolution(in=128, out=128, kernel_size=[3, 3, 3], stride=[1, 1, 1], dilation=[1, 1, 1])
      (norm2): MinkowskiBatchNorm(128, eps=1e-05, momentum=0.1, affine=True, track_running_stats=True)
      (relu): MinkowskiReLU()
      (downsample): Sequential(
        (0): MinkowskiConvolution(in=64, out=128, kernel_size=[1, 1, 1], stride=[1, 1, 1], dilation=[1, 1, 1])
        (1): MinkowskiBatchNorm(128, eps=1e-05, momentum=0.02, affine=True, track_running_stats=True)
      )
    )
    (1): BasicBlock(
      (conv1): MinkowskiConvolution(in=128, out=128, kernel_size=[3, 3, 3], stride=[1, 1, 1], dilation=[1, 1, 1])
      (norm1): MinkowskiBatchNorm(128, eps=1e-05, momentum=0.1, affine=True, track_running_stats=True)
      (conv2): MinkowskiConvolution(in=128, out=128, kernel_size=[3, 3, 3], stride=[1, 1, 1], dilation=[1, 1, 1])
      (norm2): MinkowskiBatchNorm(128, eps=1e-05, momentum=0.1, affine=True, track_running_stats=True)
      (relu): MinkowskiReLU()
    )
    (2): BasicBlock(
      (conv1): MinkowskiConvolution(in=128, out=128, kernel_size=[3, 3, 3], stride=[1, 1, 1], dilation=[1, 1, 1])
      (norm1): MinkowskiBatchNorm(128, eps=1e-05, momentum=0.1, affine=True, track_running_stats=True)
      (conv2): MinkowskiConvolution(in=128, out=128, kernel_size=[3, 3, 3], stride=[1, 1, 1], dilation=[1, 1, 1])
      (norm2): MinkowskiBatchNorm(128, eps=1e-05, momentum=0.1, affine=True, track_running_stats=True)
      (relu): MinkowskiReLU()
    )
    (3): BasicBlock(
      (conv1): MinkowskiConvolution(in=128, out=128, kernel_size=[3, 3, 3], stride=[1, 1, 1], dilation=[1, 1, 1])
      (norm1): MinkowskiBatchNorm(128, eps=1e-05, momentum=0.1, affine=True, track_running_stats=True)
      (conv2): MinkowskiConvolution(in=128, out=128, kernel_size=[3, 3, 3], stride=[1, 1, 1], dilation=[1, 1, 1])
      (norm2): MinkowskiBatchNorm(128, eps=1e-05, momentum=0.1, affine=True, track_running_stats=True)
      (relu): MinkowskiReLU()
    )
  )
  (conv4p8s2): MinkowskiConvolution(in=128, out=128, kernel_size=[2, 2, 2], stride=[2, 2, 2], dilation=[1, 1, 1])
  (bn4): MinkowskiBatchNorm(128, eps=1e-05, momentum=0.02, affine=True, track_running_stats=True)
  (block4): Sequential(
    (0): BasicBlock(
      (conv1): MinkowskiConvolution(in=128, out=256, kernel_size=[3, 3, 3], stride=[1, 1, 1], dilation=[1, 1, 1])
      (norm1): MinkowskiBatchNorm(256, eps=1e-05, momentum=0.1, affine=True, track_running_stats=True)
      (conv2): MinkowskiConvolution(in=256, out=256, kernel_size=[3, 3, 3], stride=[1, 1, 1], dilation=[1, 1, 1])
      (norm2): MinkowskiBatchNorm(256, eps=1e-05, momentum=0.1, affine=True, track_running_stats=True)
      (relu): MinkowskiReLU()
      (downsample): Sequential(
        (0): MinkowskiConvolution(in=128, out=256, kernel_size=[1, 1, 1], stride=[1, 1, 1], dilation=[1, 1, 1])
        (1): MinkowskiBatchNorm(256, eps=1e-05, momentum=0.02, affine=True, track_running_stats=True)
      )
    )
    (1): BasicBlock(
      (conv1): MinkowskiConvolution(in=256, out=256, kernel_size=[3, 3, 3], stride=[1, 1, 1], dilation=[1, 1, 1])
      (norm1): MinkowskiBatchNorm(256, eps=1e-05, momentum=0.1, affine=True, track_running_stats=True)
      (conv2): MinkowskiConvolution(in=256, out=256, kernel_size=[3, 3, 3], stride=[1, 1, 1], dilation=[1, 1, 1])
      (norm2): MinkowskiBatchNorm(256, eps=1e-05, momentum=0.1, affine=True, track_running_stats=True)
      (relu): MinkowskiReLU()
    )
    (2): BasicBlock(
      (conv1): MinkowskiConvolution(in=256, out=256, kernel_size=[3, 3, 3], stride=[1, 1, 1], dilation=[1, 1, 1])
      (norm1): MinkowskiBatchNorm(256, eps=1e-05, momentum=0.1, affine=True, track_running_stats=True)
      (conv2): MinkowskiConvolution(in=256, out=256, kernel_size=[3, 3, 3], stride=[1, 1, 1], dilation=[1, 1, 1])
      (norm2): MinkowskiBatchNorm(256, eps=1e-05, momentum=0.1, affine=True, track_running_stats=True)
      (relu): MinkowskiReLU()
    )
    (3): BasicBlock(
      (conv1): MinkowskiConvolution(in=256, out=256, kernel_size=[3, 3, 3], stride=[1, 1, 1], dilation=[1, 1, 1])
      (norm1): MinkowskiBatchNorm(256, eps=1e-05, momentum=0.1, affine=True, track_running_stats=True)
      (conv2): MinkowskiConvolution(in=256, out=256, kernel_size=[3, 3, 3], stride=[1, 1, 1], dilation=[1, 1, 1])
      (norm2): MinkowskiBatchNorm(256, eps=1e-05, momentum=0.1, affine=True, track_running_stats=True)
      (relu): MinkowskiReLU()
    )
    (4): BasicBlock(
      (conv1): MinkowskiConvolution(in=256, out=256, kernel_size=[3, 3, 3], stride=[1, 1, 1], dilation=[1, 1, 1])
      (norm1): MinkowskiBatchNorm(256, eps=1e-05, momentum=0.1, affine=True, track_running_stats=True)
      (conv2): MinkowskiConvolution(in=256, out=256, kernel_size=[3, 3, 3], stride=[1, 1, 1], dilation=[1, 1, 1])
      (norm2): MinkowskiBatchNorm(256, eps=1e-05, momentum=0.1, affine=True, track_running_stats=True)
      (relu): MinkowskiReLU()
    )
    (5): BasicBlock(
      (conv1): MinkowskiConvolution(in=256, out=256, kernel_size=[3, 3, 3], stride=[1, 1, 1], dilation=[1, 1, 1])
      (norm1): MinkowskiBatchNorm(256, eps=1e-05, momentum=0.1, affine=True, track_running_stats=True)
      (conv2): MinkowskiConvolution(in=256, out=256, kernel_size=[3, 3, 3], stride=[1, 1, 1], dilation=[1, 1, 1])
      (norm2): MinkowskiBatchNorm(256, eps=1e-05, momentum=0.1, affine=True, track_running_stats=True)
      (relu): MinkowskiReLU()
    )
  )
  (convtr4p16s2): MinkowskiConvolutionTranspose(in=256, out=256, kernel_size=[2, 2, 2], stride=[2, 2, 2], dilation=[1, 1, 1])
  (bntr4): MinkowskiBatchNorm(256, eps=1e-05, momentum=0.02, affine=True, track_running_stats=True)
  (block5): Sequential(
    (0): BasicBlock(
      (conv1): MinkowskiConvolution(in=384, out=256, kernel_size=[3, 3, 3], stride=[1, 1, 1], dilation=[1, 1, 1])
      (norm1): MinkowskiBatchNorm(256, eps=1e-05, momentum=0.1, affine=True, track_running_stats=True)
      (conv2): MinkowskiConvolution(in=256, out=256, kernel_size=[3, 3, 3], stride=[1, 1, 1], dilation=[1, 1, 1])
      (norm2): MinkowskiBatchNorm(256, eps=1e-05, momentum=0.1, affine=True, track_running_stats=True)
      (relu): MinkowskiReLU()
      (downsample): Sequential(
        (0): MinkowskiConvolution(in=384, out=256, kernel_size=[1, 1, 1], stride=[1, 1, 1], dilation=[1, 1, 1])
        (1): MinkowskiBatchNorm(256, eps=1e-05, momentum=0.02, affine=True, track_running_stats=True)
      )
    )
    (1): BasicBlock(
      (conv1): MinkowskiConvolution(in=256, out=256, kernel_size=[3, 3, 3], stride=[1, 1, 1], dilation=[1, 1, 1])
      (norm1): MinkowskiBatchNorm(256, eps=1e-05, momentum=0.1, affine=True, track_running_stats=True)
      (conv2): MinkowskiConvolution(in=256, out=256, kernel_size=[3, 3, 3], stride=[1, 1, 1], dilation=[1, 1, 1])
      (norm2): MinkowskiBatchNorm(256, eps=1e-05, momentum=0.1, affine=True, track_running_stats=True)
      (relu): MinkowskiReLU()
    )
  )
  (convtr5p8s2): MinkowskiConvolutionTranspose(in=256, out=128, kernel_size=[2, 2, 2], stride=[2, 2, 2], dilation=[1, 1, 1])
  (bntr5): MinkowskiBatchNorm(128, eps=1e-05, momentum=0.02, affine=True, track_running_stats=True)
  (block6): Sequential(
    (0): BasicBlock(
      (conv1): MinkowskiConvolution(in=192, out=128, kernel_size=[3, 3, 3], stride=[1, 1, 1], dilation=[1, 1, 1])
      (norm1): MinkowskiBatchNorm(128, eps=1e-05, momentum=0.1, affine=True, track_running_stats=True)
      (conv2): MinkowskiConvolution(in=128, out=128, kernel_size=[3, 3, 3], stride=[1, 1, 1], dilation=[1, 1, 1])
      (norm2): MinkowskiBatchNorm(128, eps=1e-05, momentum=0.1, affine=True, track_running_stats=True)
      (relu): MinkowskiReLU()
      (downsample): Sequential(
        (0): MinkowskiConvolution(in=192, out=128, kernel_size=[1, 1, 1], stride=[1, 1, 1], dilation=[1, 1, 1])
        (1): MinkowskiBatchNorm(128, eps=1e-05, momentum=0.02, affine=True, track_running_stats=True)
      )
    )
    (1): BasicBlock(
      (conv1): MinkowskiConvolution(in=128, out=128, kernel_size=[3, 3, 3], stride=[1, 1, 1], dilation=[1, 1, 1])
      (norm1): MinkowskiBatchNorm(128, eps=1e-05, momentum=0.1, affine=True, track_running_stats=True)
      (conv2): MinkowskiConvolution(in=128, out=128, kernel_size=[3, 3, 3], stride=[1, 1, 1], dilation=[1, 1, 1])
      (norm2): MinkowskiBatchNorm(128, eps=1e-05, momentum=0.1, affine=True, track_running_stats=True)
      (relu): MinkowskiReLU()
    )
  )
  (convtr6p4s2): MinkowskiConvolutionTranspose(in=128, out=96, kernel_size=[2, 2, 2], stride=[2, 2, 2], dilation=[1, 1, 1])
  (bntr6): MinkowskiBatchNorm(96, eps=1e-05, momentum=0.02, affine=True, track_running_stats=True)
  (block7): Sequential(
    (0): BasicBlock(
      (conv1): MinkowskiConvolution(in=128, out=96, kernel_size=[3, 3, 3], stride=[1, 1, 1], dilation=[1, 1, 1])
      (norm1): MinkowskiBatchNorm(96, eps=1e-05, momentum=0.1, affine=True, track_running_stats=True)
      (conv2): MinkowskiConvolution(in=96, out=96, kernel_size=[3, 3, 3], stride=[1, 1, 1], dilation=[1, 1, 1])
      (norm2): MinkowskiBatchNorm(96, eps=1e-05, momentum=0.1, affine=True, track_running_stats=True)
      (relu): MinkowskiReLU()
      (downsample): Sequential(
        (0): MinkowskiConvolution(in=128, out=96, kernel_size=[1, 1, 1], stride=[1, 1, 1], dilation=[1, 1, 1])
        (1): MinkowskiBatchNorm(96, eps=1e-05, momentum=0.02, affine=True, track_running_stats=True)
      )
    )
    (1): BasicBlock(
      (conv1): MinkowskiConvolution(in=96, out=96, kernel_size=[3, 3, 3], stride=[1, 1, 1], dilation=[1, 1, 1])
      (norm1): MinkowskiBatchNorm(96, eps=1e-05, momentum=0.1, affine=True, track_running_stats=True)
      (conv2): MinkowskiConvolution(in=96, out=96, kernel_size=[3, 3, 3], stride=[1, 1, 1], dilation=[1, 1, 1])
      (norm2): MinkowskiBatchNorm(96, eps=1e-05, momentum=0.1, affine=True, track_running_stats=True)
      (relu): MinkowskiReLU()
    )
  )
  (convtr7p2s2): MinkowskiConvolutionTranspose(in=96, out=96, kernel_size=[2, 2, 2], stride=[2, 2, 2], dilation=[1, 1, 1])
  (bntr7): MinkowskiBatchNorm(96, eps=1e-05, momentum=0.02, affine=True, track_running_stats=True)
  (block8): Sequential(
    (0): BasicBlock(
      (conv1): MinkowskiConvolution(in=128, out=96, kernel_size=[3, 3, 3], stride=[1, 1, 1], dilation=[1, 1, 1])
      (norm1): MinkowskiBatchNorm(96, eps=1e-05, momentum=0.1, affine=True, track_running_stats=True)
      (conv2): MinkowskiConvolution(in=96, out=96, kernel_size=[3, 3, 3], stride=[1, 1, 1], dilation=[1, 1, 1])
      (norm2): MinkowskiBatchNorm(96, eps=1e-05, momentum=0.1, affine=True, track_running_stats=True)
      (relu): MinkowskiReLU()
      (downsample): Sequential(
        (0): MinkowskiConvolution(in=128, out=96, kernel_size=[1, 1, 1], stride=[1, 1, 1], dilation=[1, 1, 1])
        (1): MinkowskiBatchNorm(96, eps=1e-05, momentum=0.02, affine=True, track_running_stats=True)
      )
    )
    (1): BasicBlock(
      (conv1): MinkowskiConvolution(in=96, out=96, kernel_size=[3, 3, 3], stride=[1, 1, 1], dilation=[1, 1, 1])
      (norm1): MinkowskiBatchNorm(96, eps=1e-05, momentum=0.1, affine=True, track_running_stats=True)
      (conv2): MinkowskiConvolution(in=96, out=96, kernel_size=[3, 3, 3], stride=[1, 1, 1], dilation=[1, 1, 1])
      (norm2): MinkowskiBatchNorm(96, eps=1e-05, momentum=0.1, affine=True, track_running_stats=True)
      (relu): MinkowskiReLU()
    )
  )
  (final): MinkowskiConvolution(in=96, out=20, kernel_size=[1, 1, 1], stride=[1, 1, 1], dilation=[1, 1, 1])
  (relu): MinkowskiReLU()
)
wandb: Currently logged in as: tb5zhh (use `wandb login --relogin` to force relogin)
wandb: wandb version 0.12.6 is available!  To upgrade, please run:
wandb:  $ pip install wandb --upgrade
wandb: Tracking run with wandb version 0.12.4
wandb: Syncing run upbeat-bee-277
wandb:  View project at https://wandb.ai/tb5zhh/3dsp
wandb:  View run at https://wandb.ai/tb5zhh/3dsp/runs/3f4wxfwu
wandb: Run data is saved locally in /home/aidrive/tb5zhh/3DScanSeg/wandb/run-20211109_155915-3f4wxfwu
wandb: Run `wandb offline` to turn off syncing.

[34m[1mwandb[0m: [33mWARNING[0m Calling run.save without any arguments is deprecated.Changes to attributes are automatically persisted.
[2021-11-09 15:59:19][root	][INFO	] Loading ScannetVoxelization2cmDataset: scannetv2_train.txt
[2021-11-09 15:59:19][root	][INFO	] Loading ScannetVoxelization2cmtestDataset: scannetv2_val.txt
[2021-11-09 15:59:19][__main__	][INFO	] Dataloader setup done
[2021-11-09 15:59:19][__main__	][INFO	] My rank : 0 / 1
[2021-11-09 15:59:19][__main__	][INFO	] Start training
[2021-11-09 15:59:33][__main__	][INFO	] TRAIN at global step #1 Epoch #1 Step #2 / 151: loss:3.4136, precision: 0.4176
[2021-11-09 15:59:41][__main__	][INFO	] TRAIN at global step #2 Epoch #1 Step #4 / 151: loss:3.1762, precision: 0.9728
[2021-11-09 15:59:47][__main__	][INFO	] TRAIN at global step #3 Epoch #1 Step #6 / 151: loss:2.7097, precision: 7.1340
[2021-11-09 15:59:54][__main__	][INFO	] TRAIN at global step #4 Epoch #1 Step #8 / 151: loss:2.7080, precision: 7.5260
[2021-11-09 16:00:02][__main__	][INFO	] TRAIN at global step #5 Epoch #1 Step #10 / 151: loss:2.3700, precision: 7.8374
[2021-11-09 16:00:10][__main__	][INFO	] TRAIN at global step #6 Epoch #1 Step #12 / 151: loss:2.4525, precision: 8.8897
[2021-11-09 16:00:17][__main__	][INFO	] TRAIN at global step #7 Epoch #1 Step #14 / 151: loss:2.2218, precision: 9.9678
[2021-11-09 16:00:24][__main__	][INFO	] TRAIN at global step #8 Epoch #1 Step #16 / 151: loss:2.3553, precision: 8.8387
[2021-11-09 16:00:31][__main__	][INFO	] TRAIN at global step #9 Epoch #1 Step #18 / 151: loss:2.3450, precision: 7.2979
[2021-11-09 16:00:38][__main__	][INFO	] TRAIN at global step #10 Epoch #1 Step #20 / 151: loss:2.4779, precision: 6.3948
[2021-11-09 16:00:43][__main__	][INFO	] TRAIN at global step #11 Epoch #1 Step #22 / 151: loss:2.2785, precision: 9.2834
[2021-11-09 16:00:51][__main__	][INFO	] TRAIN at global step #12 Epoch #1 Step #24 / 151: loss:2.2571, precision: 7.3769
[2021-11-09 16:00:57][__main__	][INFO	] TRAIN at global step #13 Epoch #1 Step #26 / 151: loss:2.2620, precision: 8.1263
[2021-11-09 16:01:03][__main__	][INFO	] TRAIN at global step #14 Epoch #1 Step #28 / 151: loss:2.2859, precision: 7.7315
[2021-11-09 16:01:10][__main__	][INFO	] TRAIN at global step #15 Epoch #1 Step #30 / 151: loss:2.1767, precision: 8.7899
[2021-11-09 16:01:16][__main__	][INFO	] TRAIN at global step #16 Epoch #1 Step #32 / 151: loss:2.1826, precision: 9.8600
[2021-11-09 16:01:23][__main__	][INFO	] TRAIN at global step #17 Epoch #1 Step #34 / 151: loss:2.2331, precision: 9.9615
[2021-11-09 16:01:30][__main__	][INFO	] TRAIN at global step #18 Epoch #1 Step #36 / 151: loss:2.0998, precision: 10.1001
[2021-11-09 16:01:37][__main__	][INFO	] TRAIN at global step #19 Epoch #1 Step #38 / 151: loss:2.1446, precision: 10.6557
[2021-11-09 16:01:44][__main__	][INFO	] TRAIN at global step #20 Epoch #1 Step #40 / 151: loss:2.3816, precision: 6.1678
[2021-11-09 16:01:52][__main__	][INFO	] TRAIN at global step #21 Epoch #1 Step #42 / 151: loss:2.2212, precision: 8.6999
[2021-11-09 16:01:59][__main__	][INFO	] TRAIN at global step #22 Epoch #1 Step #44 / 151: loss:2.3575, precision: 6.6753
[2021-11-09 16:02:06][__main__	][INFO	] TRAIN at global step #23 Epoch #1 Step #46 / 151: loss:2.3161, precision: 7.5128
[2021-11-09 16:02:14][__main__	][INFO	] TRAIN at global step #24 Epoch #1 Step #48 / 151: loss:2.0764, precision: 11.1785
[2021-11-09 16:02:21][__main__	][INFO	] TRAIN at global step #25 Epoch #1 Step #50 / 151: loss:2.2113, precision: 8.5546
[2021-11-09 16:02:26][__main__	][INFO	] TRAIN at global step #26 Epoch #1 Step #52 / 151: loss:2.1059, precision: 9.9098
[2021-11-09 16:02:32][__main__	][INFO	] TRAIN at global step #27 Epoch #1 Step #54 / 151: loss:2.0766, precision: 10.8800
[2021-11-09 16:02:41][__main__	][INFO	] TRAIN at global step #28 Epoch #1 Step #56 / 151: loss:2.1652, precision: 10.0650
[2021-11-09 16:02:48][__main__	][INFO	] TRAIN at global step #29 Epoch #1 Step #58 / 151: loss:2.2019, precision: 8.6490
[2021-11-09 16:02:54][__main__	][INFO	] TRAIN at global step #30 Epoch #1 Step #60 / 151: loss:1.8793, precision: 10.7555
[2021-11-09 16:03:00][__main__	][INFO	] TRAIN at global step #31 Epoch #1 Step #62 / 151: loss:1.8677, precision: 12.8864
[2021-11-09 16:03:08][__main__	][INFO	] TRAIN at global step #32 Epoch #1 Step #64 / 151: loss:2.1780, precision: 7.6901
[2021-11-09 16:03:14][__main__	][INFO	] TRAIN at global step #33 Epoch #1 Step #66 / 151: loss:1.8773, precision: 11.8967
[2021-11-09 16:03:20][__main__	][INFO	] TRAIN at global step #34 Epoch #1 Step #68 / 151: loss:2.0954, precision: 9.5748
[2021-11-09 16:03:26][__main__	][INFO	] TRAIN at global step #35 Epoch #1 Step #70 / 151: loss:1.6817, precision: 17.2194
[2021-11-09 16:03:34][__main__	][INFO	] TRAIN at global step #36 Epoch #1 Step #72 / 151: loss:2.2835, precision: 7.2797
[2021-11-09 16:03:41][__main__	][INFO	] TRAIN at global step #37 Epoch #1 Step #74 / 151: loss:2.0501, precision: 10.3670
[2021-11-09 16:03:48][__main__	][INFO	] TRAIN at global step #38 Epoch #1 Step #76 / 151: loss:1.9624, precision: 12.1169
[2021-11-09 16:03:55][__main__	][INFO	] TRAIN at global step #39 Epoch #1 Step #78 / 151: loss:2.0902, precision: 10.4401
[2021-11-09 16:04:02][__main__	][INFO	] TRAIN at global step #40 Epoch #1 Step #80 / 151: loss:2.1382, precision: 11.5236
[2021-11-09 16:04:08][__main__	][INFO	] TRAIN at global step #41 Epoch #1 Step #82 / 151: loss:2.3101, precision: 7.6243
[2021-11-09 16:04:15][__main__	][INFO	] TRAIN at global step #42 Epoch #1 Step #84 / 151: loss:2.1025, precision: 8.9405
[2021-11-09 16:04:22][__main__	][INFO	] TRAIN at global step #43 Epoch #1 Step #86 / 151: loss:1.9492, precision: 13.5100
[2021-11-09 16:04:30][__main__	][INFO	] TRAIN at global step #44 Epoch #1 Step #88 / 151: loss:2.0797, precision: 9.7994
[2021-11-09 16:04:35][__main__	][INFO	] TRAIN at global step #45 Epoch #1 Step #90 / 151: loss:2.1235, precision: 7.8997
[2021-11-09 16:04:44][__main__	][INFO	] TRAIN at global step #46 Epoch #1 Step #92 / 151: loss:2.3381, precision: 5.4643
[2021-11-09 16:04:52][__main__	][INFO	] TRAIN at global step #47 Epoch #1 Step #94 / 151: loss:2.0058, precision: 9.9563
[2021-11-09 16:04:59][__main__	][INFO	] TRAIN at global step #48 Epoch #1 Step #96 / 151: loss:2.0896, precision: 9.5595
[2021-11-09 16:05:06][__main__	][INFO	] TRAIN at global step #49 Epoch #1 Step #98 / 151: loss:1.9304, precision: 12.0681
[2021-11-09 16:05:14][__main__	][INFO	] TRAIN at global step #50 Epoch #1 Step #100 / 151: loss:2.0933, precision: 6.9027
[2021-11-09 16:05:20][__main__	][INFO	] TRAIN at global step #51 Epoch #1 Step #102 / 151: loss:2.0934, precision: 9.1104
[2021-11-09 16:05:27][__main__	][INFO	] TRAIN at global step #52 Epoch #1 Step #104 / 151: loss:1.9435, precision: 10.9661
[2021-11-09 16:05:32][__main__	][INFO	] TRAIN at global step #53 Epoch #1 Step #106 / 151: loss:1.9239, precision: 12.3260
[2021-11-09 16:05:39][__main__	][INFO	] TRAIN at global step #54 Epoch #1 Step #108 / 151: loss:2.0128, precision: 9.5915
[2021-11-09 16:05:45][__main__	][INFO	] TRAIN at global step #55 Epoch #1 Step #110 / 151: loss:1.9961, precision: 12.4444
[2021-11-09 16:05:51][__main__	][INFO	] TRAIN at global step #56 Epoch #1 Step #112 / 151: loss:2.3360, precision: 6.4877
[2021-11-09 16:05:57][__main__	][INFO	] TRAIN at global step #57 Epoch #1 Step #114 / 151: loss:2.1052, precision: 11.3670
[2021-11-09 16:06:02][__main__	][INFO	] TRAIN at global step #58 Epoch #1 Step #116 / 151: loss:2.0788, precision: 10.5335
[2021-11-09 16:06:10][__main__	][INFO	] TRAIN at global step #59 Epoch #1 Step #118 / 151: loss:1.9080, precision: 11.1572
[2021-11-09 16:06:16][__main__	][INFO	] TRAIN at global step #60 Epoch #1 Step #120 / 151: loss:1.9774, precision: 10.8323
[2021-11-09 16:06:23][__main__	][INFO	] TRAIN at global step #61 Epoch #1 Step #122 / 151: loss:2.0501, precision: 9.0075
[2021-11-09 16:06:29][__main__	][INFO	] TRAIN at global step #62 Epoch #1 Step #124 / 151: loss:2.0587, precision: 8.1419
[2021-11-09 16:06:35][__main__	][INFO	] TRAIN at global step #63 Epoch #1 Step #126 / 151: loss:1.9593, precision: 9.6081
[2021-11-09 16:06:41][__main__	][INFO	] TRAIN at global step #64 Epoch #1 Step #128 / 151: loss:2.0032, precision: 12.3682
[2021-11-09 16:06:48][__main__	][INFO	] TRAIN at global step #65 Epoch #1 Step #130 / 151: loss:1.9604, precision: 11.0659
[2021-11-09 16:06:54][__main__	][INFO	] TRAIN at global step #66 Epoch #1 Step #132 / 151: loss:2.1900, precision: 8.8035
[2021-11-09 16:06:59][__main__	][INFO	] TRAIN at global step #67 Epoch #1 Step #134 / 151: loss:1.9487, precision: 10.1815
[2021-11-09 16:07:06][__main__	][INFO	] TRAIN at global step #68 Epoch #1 Step #136 / 151: loss:2.3132, precision: 6.1840
[2021-11-09 16:07:12][__main__	][INFO	] TRAIN at global step #69 Epoch #1 Step #138 / 151: loss:2.1173, precision: 9.1001
[2021-11-09 16:07:18][__main__	][INFO	] TRAIN at global step #70 Epoch #1 Step #140 / 151: loss:2.0352, precision: 10.7264
[2021-11-09 16:07:25][__main__	][INFO	] TRAIN at global step #71 Epoch #1 Step #142 / 151: loss:2.2276, precision: 7.8793
[2021-11-09 16:07:33][__main__	][INFO	] TRAIN at global step #72 Epoch #1 Step #144 / 151: loss:2.0835, precision: 9.0013
[2021-11-09 16:07:40][__main__	][INFO	] TRAIN at global step #73 Epoch #1 Step #146 / 151: loss:1.8832, precision: 11.4113
[2021-11-09 16:07:44][__main__	][INFO	] TRAIN at global step #74 Epoch #1 Step #148 / 151: loss:2.0902, precision: 8.5683
[2021-11-09 16:07:50][__main__	][INFO	] TRAIN at global step #75 Epoch #1 Step #150 / 151: loss:2.0098, precision: 12.0012
[2021-11-09 16:07:53][__main__	][INFO	] Checkpoint at epoch #0 saved
[2021-11-09 16:08:03][__main__	][INFO	] TRAIN at global step #76 Epoch #2 Step #1 / 151: loss:1.9929, precision: 12.3172
[2021-11-09 16:08:08][__main__	][INFO	] TRAIN at global step #77 Epoch #2 Step #3 / 151: loss:2.0638, precision: 9.8082
[2021-11-09 16:08:16][__main__	][INFO	] TRAIN at global step #78 Epoch #2 Step #5 / 151: loss:1.9963, precision: 9.0353
[2021-11-09 16:08:23][__main__	][INFO	] TRAIN at global step #79 Epoch #2 Step #7 / 151: loss:1.9515, precision: 12.6552
[2021-11-09 16:08:29][__main__	][INFO	] TRAIN at global step #80 Epoch #2 Step #9 / 151: loss:2.0040, precision: 8.1230
[2021-11-09 16:08:38][__main__	][INFO	] TRAIN at global step #81 Epoch #2 Step #11 / 151: loss:2.2225, precision: 6.2689
[2021-11-09 16:08:44][__main__	][INFO	] TRAIN at global step #82 Epoch #2 Step #13 / 151: loss:1.9631, precision: 10.2789
[2021-11-09 16:08:50][__main__	][INFO	] TRAIN at global step #83 Epoch #2 Step #15 / 151: loss:1.6980, precision: 12.4039
[2021-11-09 16:08:57][__main__	][INFO	] TRAIN at global step #84 Epoch #2 Step #17 / 151: loss:2.1207, precision: 9.8149
[2021-11-09 16:09:03][__main__	][INFO	] TRAIN at global step #85 Epoch #2 Step #19 / 151: loss:1.9609, precision: 10.2711
[2021-11-09 16:09:08][__main__	][INFO	] TRAIN at global step #86 Epoch #2 Step #21 / 151: loss:2.0897, precision: 8.5487
[2021-11-09 16:09:15][__main__	][INFO	] TRAIN at global step #87 Epoch #2 Step #23 / 151: loss:2.0422, precision: 8.8962
[2021-11-09 16:09:23][__main__	][INFO	] TRAIN at global step #88 Epoch #2 Step #25 / 151: loss:2.0057, precision: 10.8755
[2021-11-09 16:09:29][__main__	][INFO	] TRAIN at global step #89 Epoch #2 Step #27 / 151: loss:2.2199, precision: 6.8835
[2021-11-09 16:09:36][__main__	][INFO	] TRAIN at global step #90 Epoch #2 Step #29 / 151: loss:1.7761, precision: 14.6034
[2021-11-09 16:09:42][__main__	][INFO	] TRAIN at global step #91 Epoch #2 Step #31 / 151: loss:2.0324, precision: 9.9502
[2021-11-09 16:09:49][__main__	][INFO	] TRAIN at global step #92 Epoch #2 Step #33 / 151: loss:2.0187, precision: 10.6109
[2021-11-09 16:09:55][__main__	][INFO	] TRAIN at global step #93 Epoch #2 Step #35 / 151: loss:2.0817, precision: 6.6409
[2021-11-09 16:10:02][__main__	][INFO	] TRAIN at global step #94 Epoch #2 Step #37 / 151: loss:2.1140, precision: 9.1358
[2021-11-09 16:10:09][__main__	][INFO	] TRAIN at global step #95 Epoch #2 Step #39 / 151: loss:1.9125, precision: 10.0074
[2021-11-09 16:10:14][__main__	][INFO	] TRAIN at global step #96 Epoch #2 Step #41 / 151: loss:2.2045, precision: 8.8986
[2021-11-09 16:10:18][__main__	][INFO	] TRAIN at global step #97 Epoch #2 Step #43 / 151: loss:1.8839, precision: 11.7230
[2021-11-09 16:10:25][__main__	][INFO	] TRAIN at global step #98 Epoch #2 Step #45 / 151: loss:2.0615, precision: 8.7987
[2021-11-09 16:10:32][__main__	][INFO	] TRAIN at global step #99 Epoch #2 Step #47 / 151: loss:2.2202, precision: 8.9638
[2021-11-09 16:10:38][__main__	][INFO	] TRAIN at global step #100 Epoch #2 Step #49 / 151: loss:2.1685, precision: 8.4539
[2021-11-09 16:10:46][__main__	][INFO	] TRAIN at global step #101 Epoch #2 Step #51 / 151: loss:2.0150, precision: 8.4179
[2021-11-09 16:10:52][__main__	][INFO	] TRAIN at global step #102 Epoch #2 Step #53 / 151: loss:2.1397, precision: 8.5600
[2021-11-09 16:10:58][__main__	][INFO	] TRAIN at global step #103 Epoch #2 Step #55 / 151: loss:2.1161, precision: 9.9371
[2021-11-09 16:11:06][__main__	][INFO	] TRAIN at global step #104 Epoch #2 Step #57 / 151: loss:2.1427, precision: 6.9400
[2021-11-09 16:11:13][__main__	][INFO	] TRAIN at global step #105 Epoch #2 Step #59 / 151: loss:2.0468, precision: 9.1406
[2021-11-09 16:11:20][__main__	][INFO	] TRAIN at global step #106 Epoch #2 Step #61 / 151: loss:2.0788, precision: 9.3476
[2021-11-09 16:11:28][__main__	][INFO	] TRAIN at global step #107 Epoch #2 Step #63 / 151: loss:1.8456, precision: 12.9484
[2021-11-09 16:11:34][__main__	][INFO	] TRAIN at global step #108 Epoch #2 Step #65 / 151: loss:1.9193, precision: 10.7584
[2021-11-09 16:11:41][__main__	][INFO	] TRAIN at global step #109 Epoch #2 Step #67 / 151: loss:2.1371, precision: 8.2267
[2021-11-09 16:11:48][__main__	][INFO	] TRAIN at global step #110 Epoch #2 Step #69 / 151: loss:1.9536, precision: 10.7586
[2021-11-09 16:11:56][__main__	][INFO	] TRAIN at global step #111 Epoch #2 Step #71 / 151: loss:1.7816, precision: 12.6607
[2021-11-09 16:12:02][__main__	][INFO	] TRAIN at global step #112 Epoch #2 Step #73 / 151: loss:2.1284, precision: 9.4255
[2021-11-09 16:12:07][__main__	][INFO	] TRAIN at global step #113 Epoch #2 Step #75 / 151: loss:1.9671, precision: 11.1067
[2021-11-09 16:12:13][__main__	][INFO	] TRAIN at global step #114 Epoch #2 Step #77 / 151: loss:2.1554, precision: 8.0741
[2021-11-09 16:12:20][__main__	][INFO	] TRAIN at global step #115 Epoch #2 Step #79 / 151: loss:2.0910, precision: 10.8392
[2021-11-09 16:12:28][__main__	][INFO	] TRAIN at global step #116 Epoch #2 Step #81 / 151: loss:2.0389, precision: 10.9427
[2021-11-09 16:12:34][__main__	][INFO	] TRAIN at global step #117 Epoch #2 Step #83 / 151: loss:2.1332, precision: 9.1310
[2021-11-09 16:12:40][__main__	][INFO	] TRAIN at global step #118 Epoch #2 Step #85 / 151: loss:1.9847, precision: 9.8415
[2021-11-09 16:12:48][__main__	][INFO	] TRAIN at global step #119 Epoch #2 Step #87 / 151: loss:1.8745, precision: 11.5597
[2021-11-09 16:12:57][__main__	][INFO	] TRAIN at global step #120 Epoch #2 Step #89 / 151: loss:2.2134, precision: 8.9192
[2021-11-09 16:13:04][__main__	][INFO	] TRAIN at global step #121 Epoch #2 Step #91 / 151: loss:1.9585, precision: 9.7462
[2021-11-09 16:13:10][__main__	][INFO	] TRAIN at global step #122 Epoch #2 Step #93 / 151: loss:1.8477, precision: 12.8805
[2021-11-09 16:13:17][__main__	][INFO	] TRAIN at global step #123 Epoch #2 Step #95 / 151: loss:1.7185, precision: 15.3971
[2021-11-09 16:13:24][__main__	][INFO	] TRAIN at global step #124 Epoch #2 Step #97 / 151: loss:2.0553, precision: 8.3771
[2021-11-09 16:13:32][__main__	][INFO	] TRAIN at global step #125 Epoch #2 Step #99 / 151: loss:2.1106, precision: 9.3241
[2021-11-09 16:13:38][__main__	][INFO	] TRAIN at global step #126 Epoch #2 Step #101 / 151: loss:2.0891, precision: 10.5537
[2021-11-09 16:13:45][__main__	][INFO	] TRAIN at global step #127 Epoch #2 Step #103 / 151: loss:2.1703, precision: 8.1556
[2021-11-09 16:13:53][__main__	][INFO	] TRAIN at global step #128 Epoch #2 Step #105 / 151: loss:2.0416, precision: 10.3916
[2021-11-09 16:13:59][__main__	][INFO	] TRAIN at global step #129 Epoch #2 Step #107 / 151: loss:2.1962, precision: 8.5027
[2021-11-09 16:14:07][__main__	][INFO	] TRAIN at global step #130 Epoch #2 Step #109 / 151: loss:1.9419, precision: 11.9103
[2021-11-09 16:14:13][__main__	][INFO	] TRAIN at global step #131 Epoch #2 Step #111 / 151: loss:1.8834, precision: 12.1713
[2021-11-09 16:14:19][__main__	][INFO	] TRAIN at global step #132 Epoch #2 Step #113 / 151: loss:2.1156, precision: 8.7348
[2021-11-09 16:14:26][__main__	][INFO	] TRAIN at global step #133 Epoch #2 Step #115 / 151: loss:1.9208, precision: 11.2489
[2021-11-09 16:14:32][__main__	][INFO	] TRAIN at global step #134 Epoch #2 Step #117 / 151: loss:2.0464, precision: 7.9719
[2021-11-09 16:14:38][__main__	][INFO	] TRAIN at global step #135 Epoch #2 Step #119 / 151: loss:1.9719, precision: 10.3573
[2021-11-09 16:14:44][__main__	][INFO	] TRAIN at global step #136 Epoch #2 Step #121 / 151: loss:1.9396, precision: 10.4871
[2021-11-09 16:14:50][__main__	][INFO	] TRAIN at global step #137 Epoch #2 Step #123 / 151: loss:1.9448, precision: 12.1001
[2021-11-09 16:14:57][__main__	][INFO	] TRAIN at global step #138 Epoch #2 Step #125 / 151: loss:1.9580, precision: 8.9793
[2021-11-09 16:15:05][__main__	][INFO	] TRAIN at global step #139 Epoch #2 Step #127 / 151: loss:2.1430, precision: 7.7904
[2021-11-09 16:15:12][__main__	][INFO	] TRAIN at global step #140 Epoch #2 Step #129 / 151: loss:2.0430, precision: 10.1017
[2021-11-09 16:15:19][__main__	][INFO	] TRAIN at global step #141 Epoch #2 Step #131 / 151: loss:1.9396, precision: 10.9781
[2021-11-09 16:15:26][__main__	][INFO	] TRAIN at global step #142 Epoch #2 Step #133 / 151: loss:2.1953, precision: 8.4291
[2021-11-09 16:15:32][__main__	][INFO	] TRAIN at global step #143 Epoch #2 Step #135 / 151: loss:2.0796, precision: 11.3413
[2021-11-09 16:15:38][__main__	][INFO	] TRAIN at global step #144 Epoch #2 Step #137 / 151: loss:1.9520, precision: 12.0577
[2021-11-09 16:15:45][__main__	][INFO	] TRAIN at global step #145 Epoch #2 Step #139 / 151: loss:2.0256, precision: 8.7639
[2021-11-09 16:15:51][__main__	][INFO	] TRAIN at global step #146 Epoch #2 Step #141 / 151: loss:1.8205, precision: 12.9521
[2021-11-09 16:15:56][__main__	][INFO	] TRAIN at global step #147 Epoch #2 Step #143 / 151: loss:1.7920, precision: 9.6734
[2021-11-09 16:16:04][__main__	][INFO	] TRAIN at global step #148 Epoch #2 Step #145 / 151: loss:2.0357, precision: 10.7330
[2021-11-09 16:16:11][__main__	][INFO	] TRAIN at global step #149 Epoch #2 Step #147 / 151: loss:1.9310, precision: 11.1341
[2021-11-09 16:16:18][__main__	][INFO	] TRAIN at global step #150 Epoch #2 Step #149 / 151: loss:1.7878, precision: 12.4839
[2021-11-09 16:16:21][__main__	][INFO	] ---> inference #0 of 156 loss: 3.4700 iou: 0.0428
[2021-11-09 16:16:22][__main__	][INFO	] ---> inference #1 of 156 loss: 3.1291 iou: 0.0572
[2021-11-09 16:16:22][__main__	][INFO	] ---> inference #2 of 156 loss: 2.4230 iou: 0.0432
[2021-11-09 16:16:22][__main__	][INFO	] ---> inference #3 of 156 loss: 2.0295 iou: 0.0473
[2021-11-09 16:16:23][__main__	][INFO	] ---> inference #4 of 156 loss: 3.0396 iou: 0.0503
[2021-11-09 16:16:23][__main__	][INFO	] ---> inference #5 of 156 loss: 2.8989 iou: 0.0481
[2021-11-09 16:16:24][__main__	][INFO	] ---> inference #6 of 156 loss: 2.5663 iou: 0.0309
[2021-11-09 16:16:24][__main__	][INFO	] ---> inference #7 of 156 loss: 2.6137 iou: 0.0307
[2021-11-09 16:16:24][__main__	][INFO	] ---> inference #8 of 156 loss: 2.8881 iou: 0.0312
[2021-11-09 16:16:25][__main__	][INFO	] ---> inference #9 of 156 loss: 3.5690 iou: 0.0246
[2021-11-09 16:16:25][__main__	][INFO	] ---> inference #10 of 156 loss: 3.0688 iou: 0.0308
[2021-11-09 16:16:25][__main__	][INFO	] ---> inference #11 of 156 loss: 4.2422 iou: 0.0197
[2021-11-09 16:16:26][__main__	][INFO	] ---> inference #12 of 156 loss: 3.4500 iou: 0.0498
[2021-11-09 16:16:26][__main__	][INFO	] ---> inference #13 of 156 loss: 2.6911 iou: 0.0404
[2021-11-09 16:16:26][__main__	][INFO	] ---> inference #14 of 156 loss: 3.2870 iou: 0.0326
[2021-11-09 16:16:26][__main__	][INFO	] ---> inference #15 of 156 loss: 3.4164 iou: 0.0572
[2021-11-09 16:16:27][__main__	][INFO	] ---> inference #16 of 156 loss: 3.1647 iou: 0.0531
[2021-11-09 16:16:27][__main__	][INFO	] ---> inference #17 of 156 loss: 3.3067 iou: 0.0572
[2021-11-09 16:16:27][__main__	][INFO	] ---> inference #18 of 156 loss: 2.9623 iou: 0.0522
[2021-11-09 16:16:27][__main__	][INFO	] ---> inference #19 of 156 loss: 2.3451 iou: 0.0311
[2021-11-09 16:16:27][__main__	][INFO	] ---> inference #20 of 156 loss: 3.1735 iou: 0.0482
[2021-11-09 16:16:28][__main__	][INFO	] ---> inference #21 of 156 loss: 3.0473 iou: 0.0444
[2021-11-09 16:16:28][__main__	][INFO	] ---> inference #22 of 156 loss: 2.7648 iou: 0.0417
[2021-11-09 16:16:28][__main__	][INFO	] ---> inference #23 of 156 loss: 2.4636 iou: 0.0413
[2021-11-09 16:16:28][__main__	][INFO	] ---> inference #24 of 156 loss: 2.7072 iou: 0.0340
[2021-11-09 16:16:29][__main__	][INFO	] ---> inference #25 of 156 loss: 2.8874 iou: 0.0295
[2021-11-09 16:16:29][__main__	][INFO	] ---> inference #26 of 156 loss: 2.6447 iou: 0.0223
[2021-11-09 16:16:29][__main__	][INFO	] ---> inference #27 of 156 loss: 2.7396 iou: 0.0215
[2021-11-09 16:16:30][__main__	][INFO	] ---> inference #28 of 156 loss: 3.1513 iou: 0.0550
[2021-11-09 16:16:30][__main__	][INFO	] ---> inference #29 of 156 loss: 4.1569 iou: 0.0423
[2021-11-09 16:16:30][__main__	][INFO	] ---> inference #30 of 156 loss: 2.8358 iou: 0.0374
[2021-11-09 16:16:30][__main__	][INFO	] ---> inference #31 of 156 loss: 3.3933 iou: 0.0420
[2021-11-09 16:16:31][__main__	][INFO	] ---> inference #32 of 156 loss: 3.3929 iou: 0.0243
[2021-11-09 16:16:31][__main__	][INFO	] ---> inference #33 of 156 loss: 2.8393 iou: 0.0329
[2021-11-09 16:16:32][__main__	][INFO	] ---> inference #34 of 156 loss: 3.1389 iou: 0.0226
[2021-11-09 16:16:32][__main__	][INFO	] ---> inference #35 of 156 loss: 3.1362 iou: 0.0337
[2021-11-09 16:16:33][__main__	][INFO	] ---> inference #36 of 156 loss: 2.9210 iou: 0.0333
[2021-11-09 16:16:33][__main__	][INFO	] ---> inference #37 of 156 loss: 3.0147 iou: 0.0338
[2021-11-09 16:16:34][__main__	][INFO	] ---> inference #38 of 156 loss: 2.9597 iou: 0.0342
[2021-11-09 16:16:34][__main__	][INFO	] ---> inference #39 of 156 loss: 3.8319 iou: 0.0529
[2021-11-09 16:16:35][__main__	][INFO	] ---> inference #40 of 156 loss: 3.6355 iou: 0.0307
[2021-11-09 16:16:35][__main__	][INFO	] ---> inference #41 of 156 loss: 3.7979 iou: 0.0227
[2021-11-09 16:16:35][__main__	][INFO	] ---> inference #42 of 156 loss: 3.1421 iou: 0.0493
[2021-11-09 16:16:35][__main__	][INFO	] ---> inference #43 of 156 loss: 2.8865 iou: 0.0339
[2021-11-09 16:16:36][__main__	][INFO	] ---> inference #44 of 156 loss: 2.4792 iou: 0.0341
[2021-11-09 16:16:36][__main__	][INFO	] ---> inference #45 of 156 loss: 3.5265 iou: 0.0247
[2021-11-09 16:16:36][__main__	][INFO	] ---> inference #46 of 156 loss: 3.5088 iou: 0.0281
[2021-11-09 16:16:37][__main__	][INFO	] ---> inference #47 of 156 loss: 3.4022 iou: 0.0275
[2021-11-09 16:16:37][__main__	][INFO	] ---> inference #48 of 156 loss: 3.5435 iou: 0.0466
[2021-11-09 16:16:38][__main__	][INFO	] ---> inference #49 of 156 loss: 3.4202 iou: 0.0364
[2021-11-09 16:16:38][__main__	][INFO	] ---> inference #50 of 156 loss: 3.2893 iou: 0.0396
[2021-11-09 16:16:39][__main__	][INFO	] ---> inference #51 of 156 loss: 4.4358 iou: 0.0257
[2021-11-09 16:16:39][__main__	][INFO	] ---> inference #52 of 156 loss: 4.0277 iou: 0.0331
[2021-11-09 16:16:39][__main__	][INFO	] ---> inference #53 of 156 loss: 2.6165 iou: 0.0339
[2021-11-09 16:16:40][__main__	][INFO	] ---> inference #54 of 156 loss: 3.6190 iou: 0.0513
[2021-11-09 16:16:40][__main__	][INFO	] ---> inference #55 of 156 loss: 2.0332 iou: 0.0414
[2021-11-09 16:16:40][__main__	][INFO	] ---> inference #56 of 156 loss: 2.8085 iou: 0.0296
[2021-11-09 16:16:41][__main__	][INFO	] ---> inference #57 of 156 loss: 2.9435 iou: 0.0437
[2021-11-09 16:16:41][__main__	][INFO	] ---> inference #58 of 156 loss: 4.0461 iou: 0.0515
[2021-11-09 16:16:41][__main__	][INFO	] ---> inference #59 of 156 loss: 3.1499 iou: 0.0303
[2021-11-09 16:16:41][__main__	][INFO	] ---> inference #60 of 156 loss: 2.9463 iou: 0.0296
[2021-11-09 16:16:42][__main__	][INFO	] ---> inference #61 of 156 loss: 2.4202 iou: 0.0431
[2021-11-09 16:16:42][__main__	][INFO	] ---> inference #62 of 156 loss: 2.0773 iou: 0.0525
[2021-11-09 16:16:42][__main__	][INFO	] ---> inference #63 of 156 loss: 2.8538 iou: 0.0314
[2021-11-09 16:16:43][__main__	][INFO	] ---> inference #64 of 156 loss: 2.8392 iou: 0.0363
[2021-11-09 16:16:43][__main__	][INFO	] ---> inference #65 of 156 loss: 2.8281 iou: 0.0368
[2021-11-09 16:16:43][__main__	][INFO	] ---> inference #66 of 156 loss: 2.9582 iou: 0.0296
[2021-11-09 16:16:43][__main__	][INFO	] ---> inference #67 of 156 loss: 2.8291 iou: 0.0306
[2021-11-09 16:16:44][__main__	][INFO	] ---> inference #68 of 156 loss: 3.2285 iou: 0.0508
[2021-11-09 16:16:44][__main__	][INFO	] ---> inference #69 of 156 loss: 4.9566 iou: 0.0039
[2021-11-09 16:16:44][__main__	][INFO	] ---> inference #70 of 156 loss: 3.5493 iou: 0.0289
[2021-11-09 16:16:44][__main__	][INFO	] ---> inference #71 of 156 loss: 2.3296 iou: 0.0439
[2021-11-09 16:16:45][__main__	][INFO	] ---> inference #72 of 156 loss: 2.4529 iou: 0.0538
[2021-11-09 16:16:45][__main__	][INFO	] ---> inference #73 of 156 loss: 3.3790 iou: 0.0606
[2021-11-09 16:16:45][__main__	][INFO	] ---> inference #74 of 156 loss: 3.8379 iou: 0.0360
[2021-11-09 16:16:46][__main__	][INFO	] ---> inference #75 of 156 loss: 3.0677 iou: 0.0305
[2021-11-09 16:16:46][__main__	][INFO	] ---> inference #76 of 156 loss: 2.8672 iou: 0.0323
[2021-11-09 16:16:46][__main__	][INFO	] ---> inference #77 of 156 loss: 2.3864 iou: 0.0370
[2021-11-09 16:16:47][__main__	][INFO	] ---> inference #78 of 156 loss: 2.7099 iou: 0.0293
[2021-11-09 16:16:47][__main__	][INFO	] ---> inference #79 of 156 loss: 2.5440 iou: 0.0413
[2021-11-09 16:16:47][__main__	][INFO	] ---> inference #80 of 156 loss: 2.7383 iou: 0.0395
[2021-11-09 16:16:48][__main__	][INFO	] ---> inference #81 of 156 loss: 2.7756 iou: 0.0391
[2021-11-09 16:16:48][__main__	][INFO	] ---> inference #82 of 156 loss: 3.1530 iou: 0.0227
[2021-11-09 16:16:48][__main__	][INFO	] ---> inference #83 of 156 loss: 3.0527 iou: 0.0566
[2021-11-09 16:16:48][__main__	][INFO	] ---> inference #84 of 156 loss: 3.3053 iou: 0.0639
[2021-11-09 16:16:49][__main__	][INFO	] ---> inference #85 of 156 loss: 3.3213 iou: 0.0374
[2021-11-09 16:16:49][__main__	][INFO	] ---> inference #86 of 156 loss: 3.2853 iou: 0.0290
[2021-11-09 16:16:49][__main__	][INFO	] ---> inference #87 of 156 loss: 3.6118 iou: 0.0365
[2021-11-09 16:16:50][__main__	][INFO	] ---> inference #88 of 156 loss: 3.5380 iou: 0.0351
[2021-11-09 16:16:50][__main__	][INFO	] ---> inference #89 of 156 loss: 3.4514 iou: 0.0379
[2021-11-09 16:16:50][__main__	][INFO	] ---> inference #90 of 156 loss: 2.3463 iou: 0.0399
[2021-11-09 16:16:50][__main__	][INFO	] ---> inference #91 of 156 loss: 3.0486 iou: 0.0384
[2021-11-09 16:16:51][__main__	][INFO	] ---> inference #92 of 156 loss: 3.9672 iou: 0.0159
[2021-11-09 16:16:51][__main__	][INFO	] ---> inference #93 of 156 loss: 3.0610 iou: 0.0590
[2021-11-09 16:16:51][__main__	][INFO	] ---> inference #94 of 156 loss: 3.6468 iou: 0.0366
[2021-11-09 16:16:52][__main__	][INFO	] ---> inference #95 of 156 loss: 3.2387 iou: 0.0405
[2021-11-09 16:16:52][__main__	][INFO	] ---> inference #96 of 156 loss: 3.2489 iou: 0.0379
[2021-11-09 16:16:52][__main__	][INFO	] ---> inference #97 of 156 loss: 3.0398 iou: 0.0290
[2021-11-09 16:16:53][__main__	][INFO	] ---> inference #98 of 156 loss: 2.6762 iou: 0.0680
[2021-11-09 16:16:53][__main__	][INFO	] ---> inference #99 of 156 loss: 2.6520 iou: 0.0614
[2021-11-09 16:16:53][__main__	][INFO	] ---> inference #100 of 156 loss: 2.8180 iou: 0.0535
[2021-11-09 16:16:54][__main__	][INFO	] ---> inference #101 of 156 loss: 2.3454 iou: 0.0322
[2021-11-09 16:16:54][__main__	][INFO	] ---> inference #102 of 156 loss: 3.6192 iou: 0.0228
[2021-11-09 16:16:54][__main__	][INFO	] ---> inference #103 of 156 loss: 3.4151 iou: 0.0237
[2021-11-09 16:16:54][__main__	][INFO	] ---> inference #104 of 156 loss: 2.8228 iou: 0.0308
[2021-11-09 16:16:55][__main__	][INFO	] ---> inference #105 of 156 loss: 2.8448 iou: 0.0298
[2021-11-09 16:16:55][__main__	][INFO	] ---> inference #106 of 156 loss: 3.3450 iou: 0.0294
[2021-11-09 16:16:55][__main__	][INFO	] ---> inference #107 of 156 loss: 3.3856 iou: 0.0302
[2021-11-09 16:16:56][__main__	][INFO	] ---> inference #108 of 156 loss: 2.6721 iou: 0.0470
[2021-11-09 16:16:56][__main__	][INFO	] ---> inference #109 of 156 loss: 3.4116 iou: 0.0387
[2021-11-09 16:16:56][__main__	][INFO	] ---> inference #110 of 156 loss: 3.8402 iou: 0.0282
[2021-11-09 16:16:57][__main__	][INFO	] ---> inference #111 of 156 loss: 3.8095 iou: 0.0450
[2021-11-09 16:16:57][__main__	][INFO	] ---> inference #112 of 156 loss: 2.9182 iou: 0.0459
[2021-11-09 16:16:58][__main__	][INFO	] ---> inference #113 of 156 loss: 3.1025 iou: 0.0447
[2021-11-09 16:16:58][__main__	][INFO	] ---> inference #114 of 156 loss: 4.6314 iou: 0.0138
[2021-11-09 16:16:58][__main__	][INFO	] ---> inference #115 of 156 loss: 3.2233 iou: 0.0346
[2021-11-09 16:16:59][__main__	][INFO	] ---> inference #116 of 156 loss: 2.9395 iou: 0.0416
[2021-11-09 16:16:59][__main__	][INFO	] ---> inference #117 of 156 loss: 2.8451 iou: 0.0560
[2021-11-09 16:17:00][__main__	][INFO	] ---> inference #118 of 156 loss: 2.8607 iou: 0.0354
[2021-11-09 16:17:00][__main__	][INFO	] ---> inference #119 of 156 loss: 3.0295 iou: 0.0227
[2021-11-09 16:17:00][__main__	][INFO	] ---> inference #120 of 156 loss: 3.1392 iou: 0.0484
[2021-11-09 16:17:01][__main__	][INFO	] ---> inference #121 of 156 loss: 2.9772 iou: 0.0346
[2021-11-09 16:17:01][__main__	][INFO	] ---> inference #122 of 156 loss: 3.3698 iou: 0.0362
[2021-11-09 16:17:02][__main__	][INFO	] ---> inference #123 of 156 loss: 2.9506 iou: 0.0477
[2021-11-09 16:17:02][__main__	][INFO	] ---> inference #124 of 156 loss: 2.7553 iou: 0.0411
[2021-11-09 16:17:02][__main__	][INFO	] ---> inference #125 of 156 loss: 3.2382 iou: 0.0334
[2021-11-09 16:17:02][__main__	][INFO	] ---> inference #126 of 156 loss: 2.8604 iou: 0.0379
[2021-11-09 16:17:03][__main__	][INFO	] ---> inference #127 of 156 loss: 2.6451 iou: 0.0534
[2021-11-09 16:17:03][__main__	][INFO	] ---> inference #128 of 156 loss: 2.9018 iou: 0.0732
[2021-11-09 16:17:04][__main__	][INFO	] ---> inference #129 of 156 loss: 3.2218 iou: 0.0506
[2021-11-09 16:17:04][__main__	][INFO	] ---> inference #130 of 156 loss: 2.5531 iou: 0.0418
[2021-11-09 16:17:04][__main__	][INFO	] ---> inference #131 of 156 loss: 2.6932 iou: 0.0363
[2021-11-09 16:17:04][__main__	][INFO	] ---> inference #132 of 156 loss: 2.7345 iou: 0.0295
[2021-11-09 16:17:05][__main__	][INFO	] ---> inference #133 of 156 loss: 3.4732 iou: 0.0527
[2021-11-09 16:17:05][__main__	][INFO	] ---> inference #134 of 156 loss: 3.4319 iou: 0.0237
[2021-11-09 16:17:05][__main__	][INFO	] ---> inference #135 of 156 loss: 4.4587 iou: 0.0246
[2021-11-09 16:17:06][__main__	][INFO	] ---> inference #136 of 156 loss: 3.7827 iou: 0.0115
[2021-11-09 16:17:06][__main__	][INFO	] ---> inference #137 of 156 loss: 3.8069 iou: 0.0161
[2021-11-09 16:17:07][__main__	][INFO	] ---> inference #138 of 156 loss: 2.5692 iou: 0.0509
[2021-11-09 16:17:07][__main__	][INFO	] ---> inference #139 of 156 loss: 2.0503 iou: 0.0519
[2021-11-09 16:17:07][__main__	][INFO	] ---> inference #140 of 156 loss: 2.7709 iou: 0.0386
[2021-11-09 16:17:07][__main__	][INFO	] ---> inference #141 of 156 loss: 3.2440 iou: 0.0550
[2021-11-09 16:17:08][__main__	][INFO	] ---> inference #142 of 156 loss: 3.4871 iou: 0.0117
[2021-11-09 16:17:08][__main__	][INFO	] ---> inference #143 of 156 loss: 2.3961 iou: 0.0322
[2021-11-09 16:17:08][__main__	][INFO	] ---> inference #144 of 156 loss: 2.5471 iou: 0.0379
[2021-11-09 16:17:08][__main__	][INFO	] ---> inference #145 of 156 loss: 2.6427 iou: 0.0415
[2021-11-09 16:17:09][__main__	][INFO	] ---> inference #146 of 156 loss: 2.7808 iou: 0.0410
[2021-11-09 16:17:09][__main__	][INFO	] ---> inference #147 of 156 loss: 3.1376 iou: 0.0306
[2021-11-09 16:17:10][__main__	][INFO	] ---> inference #148 of 156 loss: 3.0059 iou: 0.0239
[2021-11-09 16:17:10][__main__	][INFO	] ---> inference #149 of 156 loss: 2.8748 iou: 0.0293
[2021-11-09 16:17:10][__main__	][INFO	] ---> inference #150 of 156 loss: 2.9492 iou: 0.0386
[2021-11-09 16:17:11][__main__	][INFO	] ---> inference #151 of 156 loss: 2.9960 iou: 0.0375
[2021-11-09 16:17:11][__main__	][INFO	] ---> inference #152 of 156 loss: 3.9952 iou: 0.0151
[2021-11-09 16:17:11][__main__	][INFO	] ---> inference #153 of 156 loss: 3.8510 iou: 0.0245
[2021-11-09 16:17:11][__main__	][INFO	] ---> inference #154 of 156 loss: 2.5411 iou: 0.0311
[2021-11-09 16:17:11][__main__	][INFO	] ---> inference #155 of 156 loss: 2.9253 iou: 0.0328
[2021-11-09 16:17:12][__main__	][INFO	] VAL   at global step #150: loss (avg): 3.1021, iou (avg): 0.0375
[2021-11-09 16:17:12][__main__	][INFO	] VAL   at global step #150: iou (cls#0): 0.5316
[2021-11-09 16:17:12][__main__	][INFO	] VAL   at global step #150: iou (cls#1): 0.0000
[2021-11-09 16:17:12][__main__	][INFO	] VAL   at global step #150: iou (cls#2): 0.0000
[2021-11-09 16:17:12][__main__	][INFO	] VAL   at global step #150: iou (cls#3): 0.0000
[2021-11-09 16:17:12][__main__	][INFO	] VAL   at global step #150: iou (cls#4): 0.1324
[2021-11-09 16:17:12][__main__	][INFO	] VAL   at global step #150: iou (cls#5): 0.0000
[2021-11-09 16:17:12][__main__	][INFO	] VAL   at global step #150: iou (cls#6): 0.0669
[2021-11-09 16:17:12][__main__	][INFO	] VAL   at global step #150: iou (cls#7): 0.0000
[2021-11-09 16:17:12][__main__	][INFO	] VAL   at global step #150: iou (cls#8): 0.0199
[2021-11-09 16:17:12][__main__	][INFO	] VAL   at global step #150: iou (cls#9): 0.0000
[2021-11-09 16:17:12][__main__	][INFO	] VAL   at global step #150: iou (cls#10): 0.0000
[2021-11-09 16:17:12][__main__	][INFO	] VAL   at global step #150: iou (cls#11): 0.0000
[2021-11-09 16:17:12][__main__	][INFO	] VAL   at global step #150: iou (cls#12): 0.0000
[2021-11-09 16:17:12][__main__	][INFO	] VAL   at global step #150: iou (cls#13): 0.0000
[2021-11-09 16:17:12][__main__	][INFO	] VAL   at global step #150: iou (cls#14): 0.0000
[2021-11-09 16:17:12][__main__	][INFO	] VAL   at global step #150: iou (cls#15): 0.0000
[2021-11-09 16:17:12][__main__	][INFO	] VAL   at global step #150: iou (cls#16): 0.0000
[2021-11-09 16:17:12][__main__	][INFO	] VAL   at global step #150: iou (cls#17): 0.0000
[2021-11-09 16:17:12][__main__	][INFO	] VAL   at global step #150: iou (cls#18): 0.0000
[2021-11-09 16:17:12][__main__	][INFO	] VAL   at global step #150: iou (cls#19): 0.0000
[2021-11-09 16:17:12][__main__	][INFO	] Better checkpoint saved
[2021-11-09 16:17:17][__main__	][INFO	] TRAIN at global step #151 Epoch #2 Step #151 / 151: loss:2.0443, precision: 11.1547
[2021-11-09 16:17:22][__main__	][INFO	] Checkpoint at epoch #1 saved
[2021-11-09 16:17:39][__main__	][INFO	] TRAIN at global step #152 Epoch #3 Step #2 / 151: loss:2.2051, precision: 8.0115
[2021-11-09 16:17:46][__main__	][INFO	] TRAIN at global step #153 Epoch #3 Step #4 / 151: loss:1.8466, precision: 12.5173
[2021-11-09 16:17:52][__main__	][INFO	] TRAIN at global step #154 Epoch #3 Step #6 / 151: loss:1.9809, precision: 11.7293
[2021-11-09 16:17:59][__main__	][INFO	] TRAIN at global step #155 Epoch #3 Step #8 / 151: loss:1.9560, precision: 10.0040
[2021-11-09 16:18:05][__main__	][INFO	] TRAIN at global step #156 Epoch #3 Step #10 / 151: loss:2.1067, precision: 9.4877
[2021-11-09 16:18:10][__main__	][INFO	] TRAIN at global step #157 Epoch #3 Step #12 / 151: loss:1.8640, precision: 12.7977
[2021-11-09 16:18:17][__main__	][INFO	] TRAIN at global step #158 Epoch #3 Step #14 / 151: loss:1.7341, precision: 12.6536
[2021-11-09 16:18:23][__main__	][INFO	] TRAIN at global step #159 Epoch #3 Step #16 / 151: loss:2.0696, precision: 10.5279
[2021-11-09 16:18:30][__main__	][INFO	] TRAIN at global step #160 Epoch #3 Step #18 / 151: loss:1.9247, precision: 10.5218
[2021-11-09 16:18:38][__main__	][INFO	] TRAIN at global step #161 Epoch #3 Step #20 / 151: loss:1.9453, precision: 11.1464
[2021-11-09 16:18:43][__main__	][INFO	] TRAIN at global step #162 Epoch #3 Step #22 / 151: loss:1.9908, precision: 10.9370
[2021-11-09 16:18:49][__main__	][INFO	] TRAIN at global step #163 Epoch #3 Step #24 / 151: loss:1.9624, precision: 10.9644
[2021-11-09 16:18:56][__main__	][INFO	] TRAIN at global step #164 Epoch #3 Step #26 / 151: loss:2.3233, precision: 6.3079
[2021-11-09 16:19:02][__main__	][INFO	] TRAIN at global step #165 Epoch #3 Step #28 / 151: loss:1.9316, precision: 10.4651
[2021-11-09 16:19:08][__main__	][INFO	] TRAIN at global step #166 Epoch #3 Step #30 / 151: loss:1.8601, precision: 12.8531
[2021-11-09 16:19:15][__main__	][INFO	] TRAIN at global step #167 Epoch #3 Step #32 / 151: loss:1.9257, precision: 11.2995
[2021-11-09 16:19:22][__main__	][INFO	] TRAIN at global step #168 Epoch #3 Step #34 / 151: loss:2.0980, precision: 8.2710
[2021-11-09 16:19:28][__main__	][INFO	] TRAIN at global step #169 Epoch #3 Step #36 / 151: loss:1.7769, precision: 13.7238
[2021-11-09 16:19:36][__main__	][INFO	] TRAIN at global step #170 Epoch #3 Step #38 / 151: loss:1.8183, precision: 15.0334
[2021-11-09 16:19:42][__main__	][INFO	] TRAIN at global step #171 Epoch #3 Step #40 / 151: loss:1.7564, precision: 14.5786
[2021-11-09 16:19:50][__main__	][INFO	] TRAIN at global step #172 Epoch #3 Step #42 / 151: loss:2.0821, precision: 8.8039
[2021-11-09 16:19:56][__main__	][INFO	] TRAIN at global step #173 Epoch #3 Step #44 / 151: loss:2.1834, precision: 5.6337
[2021-11-09 16:20:04][__main__	][INFO	] TRAIN at global step #174 Epoch #3 Step #46 / 151: loss:2.0486, precision: 8.7731
[2021-11-09 16:20:11][__main__	][INFO	] TRAIN at global step #175 Epoch #3 Step #48 / 151: loss:2.2773, precision: 6.5428
[2021-11-09 16:20:17][__main__	][INFO	] TRAIN at global step #176 Epoch #3 Step #50 / 151: loss:2.1635, precision: 7.9525
[2021-11-09 16:20:23][__main__	][INFO	] TRAIN at global step #177 Epoch #3 Step #52 / 151: loss:1.9802, precision: 9.3105
[2021-11-09 16:20:31][__main__	][INFO	] TRAIN at global step #178 Epoch #3 Step #54 / 151: loss:1.9272, precision: 10.2073
[2021-11-09 16:20:37][__main__	][INFO	] TRAIN at global step #179 Epoch #3 Step #56 / 151: loss:2.0896, precision: 9.8806
[2021-11-09 16:20:44][__main__	][INFO	] TRAIN at global step #180 Epoch #3 Step #58 / 151: loss:1.9976, precision: 11.5236
[2021-11-09 16:20:51][__main__	][INFO	] TRAIN at global step #181 Epoch #3 Step #60 / 151: loss:2.1515, precision: 6.8340
[2021-11-09 16:20:59][__main__	][INFO	] TRAIN at global step #182 Epoch #3 Step #62 / 151: loss:1.7254, precision: 13.2620
[2021-11-09 16:21:05][__main__	][INFO	] TRAIN at global step #183 Epoch #3 Step #64 / 151: loss:2.0044, precision: 10.1039
[2021-11-09 16:21:12][__main__	][INFO	] TRAIN at global step #184 Epoch #3 Step #66 / 151: loss:1.8645, precision: 12.3755
[2021-11-09 16:21:18][__main__	][INFO	] TRAIN at global step #185 Epoch #3 Step #68 / 151: loss:2.2955, precision: 6.4092
[2021-11-09 16:21:25][__main__	][INFO	] TRAIN at global step #186 Epoch #3 Step #70 / 151: loss:1.9974, precision: 11.1603
[2021-11-09 16:21:31][__main__	][INFO	] TRAIN at global step #187 Epoch #3 Step #72 / 151: loss:1.9587, precision: 11.3023
[2021-11-09 16:21:39][__main__	][INFO	] TRAIN at global step #188 Epoch #3 Step #74 / 151: loss:1.8333, precision: 11.8858
[2021-11-09 16:21:46][__main__	][INFO	] TRAIN at global step #189 Epoch #3 Step #76 / 151: loss:2.0153, precision: 10.1781
[2021-11-09 16:21:52][__main__	][INFO	] TRAIN at global step #190 Epoch #3 Step #78 / 151: loss:1.8236, precision: 9.3564
[2021-11-09 16:21:59][__main__	][INFO	] TRAIN at global step #191 Epoch #3 Step #80 / 151: loss:2.2134, precision: 6.5061
[2021-11-09 16:22:08][__main__	][INFO	] TRAIN at global step #192 Epoch #3 Step #82 / 151: loss:2.0631, precision: 7.8512
[2021-11-09 16:22:17][__main__	][INFO	] TRAIN at global step #193 Epoch #3 Step #84 / 151: loss:1.9465, precision: 10.7907
[2021-11-09 16:22:23][__main__	][INFO	] TRAIN at global step #194 Epoch #3 Step #86 / 151: loss:1.9231, precision: 10.9309
[2021-11-09 16:22:31][__main__	][INFO	] TRAIN at global step #195 Epoch #3 Step #88 / 151: loss:1.9375, precision: 12.7364
[2021-11-09 16:22:39][__main__	][INFO	] TRAIN at global step #196 Epoch #3 Step #90 / 151: loss:2.1446, precision: 8.7016
[2021-11-09 16:22:45][__main__	][INFO	] TRAIN at global step #197 Epoch #3 Step #92 / 151: loss:2.1062, precision: 8.8219
[2021-11-09 16:22:51][__main__	][INFO	] TRAIN at global step #198 Epoch #3 Step #94 / 151: loss:2.0060, precision: 12.0565
[2021-11-09 16:22:58][__main__	][INFO	] TRAIN at global step #199 Epoch #3 Step #96 / 151: loss:1.7567, precision: 13.7655
[2021-11-09 16:23:04][__main__	][INFO	] TRAIN at global step #200 Epoch #3 Step #98 / 151: loss:2.0825, precision: 6.2987
[2021-11-09 16:23:12][__main__	][INFO	] TRAIN at global step #201 Epoch #3 Step #100 / 151: loss:1.7836, precision: 11.5787
[2021-11-09 16:23:20][__main__	][INFO	] TRAIN at global step #202 Epoch #3 Step #102 / 151: loss:2.0704, precision: 7.3093
[2021-11-09 16:23:26][__main__	][INFO	] TRAIN at global step #203 Epoch #3 Step #104 / 151: loss:1.8200, precision: 12.7334
[2021-11-09 16:23:34][__main__	][INFO	] TRAIN at global step #204 Epoch #3 Step #106 / 151: loss:1.9036, precision: 9.0552
[2021-11-09 16:23:42][__main__	][INFO	] TRAIN at global step #205 Epoch #3 Step #108 / 151: loss:1.8251, precision: 11.1356
[2021-11-09 16:23:48][__main__	][INFO	] TRAIN at global step #206 Epoch #3 Step #110 / 151: loss:1.9285, precision: 11.2393
[2021-11-09 16:23:55][__main__	][INFO	] TRAIN at global step #207 Epoch #3 Step #112 / 151: loss:1.9361, precision: 11.5496
[2021-11-09 16:24:02][__main__	][INFO	] TRAIN at global step #208 Epoch #3 Step #114 / 151: loss:2.0628, precision: 9.0158
[2021-11-09 16:24:09][__main__	][INFO	] TRAIN at global step #209 Epoch #3 Step #116 / 151: loss:2.0583, precision: 9.4920
[2021-11-09 16:24:16][__main__	][INFO	] TRAIN at global step #210 Epoch #3 Step #118 / 151: loss:2.1182, precision: 9.6165
[2021-11-09 16:24:23][__main__	][INFO	] TRAIN at global step #211 Epoch #3 Step #120 / 151: loss:1.8933, precision: 11.1437
[2021-11-09 16:24:29][__main__	][INFO	] TRAIN at global step #212 Epoch #3 Step #122 / 151: loss:2.2297, precision: 6.9279
[2021-11-09 16:24:35][__main__	][INFO	] TRAIN at global step #213 Epoch #3 Step #124 / 151: loss:1.8942, precision: 11.8989
[2021-11-09 16:24:41][__main__	][INFO	] TRAIN at global step #214 Epoch #3 Step #126 / 151: loss:1.9446, precision: 11.8863
[2021-11-09 16:24:48][__main__	][INFO	] TRAIN at global step #215 Epoch #3 Step #128 / 151: loss:2.2507, precision: 6.9752
[2021-11-09 16:24:55][__main__	][INFO	] TRAIN at global step #216 Epoch #3 Step #130 / 151: loss:2.1590, precision: 7.8691
[2021-11-09 16:25:00][__main__	][INFO	] TRAIN at global step #217 Epoch #3 Step #132 / 151: loss:1.9201, precision: 11.1917
[2021-11-09 16:25:06][__main__	][INFO	] TRAIN at global step #218 Epoch #3 Step #134 / 151: loss:2.0374, precision: 7.6359
[2021-11-09 16:25:12][__main__	][INFO	] TRAIN at global step #219 Epoch #3 Step #136 / 151: loss:1.8163, precision: 11.8874
[2021-11-09 16:25:18][__main__	][INFO	] TRAIN at global step #220 Epoch #3 Step #138 / 151: loss:2.1190, precision: 8.9170
[2021-11-09 16:25:25][__main__	][INFO	] TRAIN at global step #221 Epoch #3 Step #140 / 151: loss:2.0717, precision: 8.9392
[2021-11-09 16:25:31][__main__	][INFO	] TRAIN at global step #222 Epoch #3 Step #142 / 151: loss:2.1761, precision: 9.2529
[2021-11-09 16:25:36][__main__	][INFO	] TRAIN at global step #223 Epoch #3 Step #144 / 151: loss:1.9599, precision: 12.1320
[2021-11-09 16:25:43][__main__	][INFO	] TRAIN at global step #224 Epoch #3 Step #146 / 151: loss:1.9319, precision: 11.0504
[2021-11-09 16:25:49][__main__	][INFO	] TRAIN at global step #225 Epoch #3 Step #148 / 151: loss:1.9407, precision: 9.4838
[2021-11-09 16:25:55][__main__	][INFO	] TRAIN at global step #226 Epoch #3 Step #150 / 151: loss:2.1561, precision: 8.0897
[2021-11-09 16:25:58][__main__	][INFO	] Checkpoint at epoch #2 saved
[2021-11-09 16:26:05][__main__	][INFO	] TRAIN at global step #227 Epoch #4 Step #1 / 151: loss:1.9041, precision: 12.8665
[2021-11-09 16:26:12][__main__	][INFO	] TRAIN at global step #228 Epoch #4 Step #3 / 151: loss:2.1815, precision: 7.0691
[2021-11-09 16:26:19][__main__	][INFO	] TRAIN at global step #229 Epoch #4 Step #5 / 151: loss:1.9094, precision: 10.4053
[2021-11-09 16:26:25][__main__	][INFO	] TRAIN at global step #230 Epoch #4 Step #7 / 151: loss:1.8301, precision: 9.7470
[2021-11-09 16:26:32][__main__	][INFO	] TRAIN at global step #231 Epoch #4 Step #9 / 151: loss:2.1150, precision: 6.1028
[2021-11-09 16:26:38][__main__	][INFO	] TRAIN at global step #232 Epoch #4 Step #11 / 151: loss:1.7800, precision: 14.1571
[2021-11-09 16:26:45][__main__	][INFO	] TRAIN at global step #233 Epoch #4 Step #13 / 151: loss:1.8096, precision: 13.7729
[2021-11-09 16:26:53][__main__	][INFO	] TRAIN at global step #234 Epoch #4 Step #15 / 151: loss:1.8829, precision: 11.7483
[2021-11-09 16:26:59][__main__	][INFO	] TRAIN at global step #235 Epoch #4 Step #17 / 151: loss:1.8050, precision: 12.1672
[2021-11-09 16:27:05][__main__	][INFO	] TRAIN at global step #236 Epoch #4 Step #19 / 151: loss:1.8710, precision: 10.5836
[2021-11-09 16:27:11][__main__	][INFO	] TRAIN at global step #237 Epoch #4 Step #21 / 151: loss:1.7839, precision: 13.9596
[2021-11-09 16:27:18][__main__	][INFO	] TRAIN at global step #238 Epoch #4 Step #23 / 151: loss:1.7546, precision: 9.5702
[2021-11-09 16:27:22][__main__	][INFO	] TRAIN at global step #239 Epoch #4 Step #25 / 151: loss:2.1140, precision: 9.7663
[2021-11-09 16:27:28][__main__	][INFO	] TRAIN at global step #240 Epoch #4 Step #27 / 151: loss:1.9434, precision: 11.7357
[2021-11-09 16:27:37][__main__	][INFO	] TRAIN at global step #241 Epoch #4 Step #29 / 151: loss:1.8175, precision: 11.4009
[2021-11-09 16:27:45][__main__	][INFO	] TRAIN at global step #242 Epoch #4 Step #31 / 151: loss:2.0865, precision: 8.6346
[2021-11-09 16:27:52][__main__	][INFO	] TRAIN at global step #243 Epoch #4 Step #33 / 151: loss:2.1322, precision: 7.8791
[2021-11-09 16:27:58][__main__	][INFO	] TRAIN at global step #244 Epoch #4 Step #35 / 151: loss:1.7742, precision: 14.1385
[2021-11-09 16:28:04][__main__	][INFO	] TRAIN at global step #245 Epoch #4 Step #37 / 151: loss:1.8384, precision: 10.1356
[2021-11-09 16:28:10][__main__	][INFO	] TRAIN at global step #246 Epoch #4 Step #39 / 151: loss:2.1123, precision: 7.8390
[2021-11-09 16:28:17][__main__	][INFO	] TRAIN at global step #247 Epoch #4 Step #41 / 151: loss:1.7212, precision: 12.9970
[2021-11-09 16:28:22][__main__	][INFO	] TRAIN at global step #248 Epoch #4 Step #43 / 151: loss:1.8498, precision: 10.3208
[2021-11-09 16:28:29][__main__	][INFO	] TRAIN at global step #249 Epoch #4 Step #45 / 151: loss:1.8351, precision: 11.7548
[2021-11-09 16:28:36][__main__	][INFO	] TRAIN at global step #250 Epoch #4 Step #47 / 151: loss:2.1945, precision: 7.0613
[2021-11-09 16:28:42][__main__	][INFO	] TRAIN at global step #251 Epoch #4 Step #49 / 151: loss:2.1603, precision: 7.8202
[2021-11-09 16:28:49][__main__	][INFO	] TRAIN at global step #252 Epoch #4 Step #51 / 151: loss:1.9015, precision: 11.0473
[2021-11-09 16:28:55][__main__	][INFO	] TRAIN at global step #253 Epoch #4 Step #53 / 151: loss:1.8052, precision: 14.5977
[2021-11-09 16:29:01][__main__	][INFO	] TRAIN at global step #254 Epoch #4 Step #55 / 151: loss:1.9460, precision: 9.7498
[2021-11-09 16:29:09][__main__	][INFO	] TRAIN at global step #255 Epoch #4 Step #57 / 151: loss:1.7091, precision: 12.7086
[2021-11-09 16:29:16][__main__	][INFO	] TRAIN at global step #256 Epoch #4 Step #59 / 151: loss:2.1309, precision: 7.5339
[2021-11-09 16:29:23][__main__	][INFO	] TRAIN at global step #257 Epoch #4 Step #61 / 151: loss:1.9505, precision: 9.3921
[2021-11-09 16:29:30][__main__	][INFO	] TRAIN at global step #258 Epoch #4 Step #63 / 151: loss:2.0840, precision: 8.1770
[2021-11-09 16:29:37][__main__	][INFO	] TRAIN at global step #259 Epoch #4 Step #65 / 151: loss:1.7714, precision: 15.3743
[2021-11-09 16:29:43][__main__	][INFO	] TRAIN at global step #260 Epoch #4 Step #67 / 151: loss:1.8916, precision: 10.2298
[2021-11-09 16:29:49][__main__	][INFO	] TRAIN at global step #261 Epoch #4 Step #69 / 151: loss:1.8194, precision: 12.5003
[2021-11-09 16:29:57][__main__	][INFO	] TRAIN at global step #262 Epoch #4 Step #71 / 151: loss:1.8474, precision: 9.9888
[2021-11-09 16:30:04][__main__	][INFO	] TRAIN at global step #263 Epoch #4 Step #73 / 151: loss:1.7529, precision: 12.3262
Traceback (most recent call last):
  File "new.py", line 1012, in <module>
    main()
  File "new.py", line 90, in main
    main_worker()
  File "new.py", line 217, in main_worker
    train(model, train_dataloader, val_dataloader, config, logger, rank=rank, world_size=world_size)
  File "new.py", line 747, in train
    loss.backward()
  File "/home/aidrive/tb5zhh/.conda/envs/tbw_3dscan/lib/python3.8/site-packages/torch/tensor.py", line 245, in backward
    torch.autograd.backward(self, gradient, retain_graph, create_graph, inputs=inputs)
  File "/home/aidrive/tb5zhh/.conda/envs/tbw_3dscan/lib/python3.8/site-packages/torch/autograd/__init__.py", line 145, in backward
    Variable._execution_engine.run_backward(
RuntimeError: CUDA out of memory. Tried to allocate 480.00 MiB (GPU 0; 19.62 GiB total capacity; 16.77 GiB already allocated; 377.12 MiB free; 17.65 GiB reserved in total by PyTorch)

wandb: Waiting for W&B process to finish, PID 232412... (failed 1). Press ctrl-c to abort syncing.
wandb: - 0.05MB of 0.05MB uploaded (0.00MB deduped)wandb: \ 0.05MB of 0.05MB uploaded (0.00MB deduped)wandb: | 0.05MB of 0.11MB uploaded (0.00MB deduped)wandb: / 0.05MB of 0.11MB uploaded (0.00MB deduped)wandb: - 0.05MB of 0.11MB uploaded (0.00MB deduped)wandb: \ 0.05MB of 0.11MB uploaded (0.00MB deduped)wandb: | 0.05MB of 0.11MB uploaded (0.00MB deduped)wandb: / 0.05MB of 0.11MB uploaded (0.00MB deduped)wandb: - 0.11MB of 0.11MB uploaded (0.00MB deduped)wandb: \ 0.11MB of 0.11MB uploaded (0.00MB deduped)wandb: | 0.11MB of 0.11MB uploaded (0.00MB deduped)wandb: / 0.11MB of 0.11MB uploaded (0.00MB deduped)wandb: - 0.11MB of 0.11MB uploaded (0.00MB deduped)wandb: \ 0.11MB of 0.11MB uploaded (0.00MB deduped)wandb: | 0.11MB of 0.11MB uploaded (0.00MB deduped)wandb: / 0.11MB of 0.11MB uploaded (0.00MB deduped)wandb: - 0.11MB of 0.11MB uploaded (0.00MB deduped)wandb:                                                                                
wandb: Run history:
wandb:     global_step ▁▁▁▂▂▂▂▂▂▃▃▃▃▃▃▄▄▄▄▄▅▅▅▅▅▅▆▆▆▆▆▆▇▇▇▇▇███
wandb:   learning rate ████▇▇▇▇▇▆▆▆▆▆▆▅▅▅▅▅▅▄▄▄▄▄▃▃▃▃▃▃▂▂▂▂▂▁▁▁
wandb:            loss █▅▄▆▄▅▄▃▅▃▅▃▃▃▃▄▂▄▄▃▄▃▃▄▂▃▃▃▂▃▃▂▄▄▂▁▂▁▂▂
wandb:      optim_step ▁▁▁▁▂▂▂▂▂▃▃▃▃▃▃▄▄▄▄▄▅▅▅▅▅▅▆▆▆▆▆▆▇▇▇▇▇███
wandb:       precision ▂▃▄▁▄▂▆▄▁▅▁▆▃▅▅▃▅▄▃▅▃▄▅▃▅▃▃▆▆▂▁▄▂▃▅█▆█▅▅
wandb:        val_loss ▁
wandb:   val_miou_mean ▁
wandb:        val_step ▁
wandb: 
wandb: Run summary:
wandb:     global_step 263
wandb:   learning rate 0.09921
wandb:            loss 1.7529
wandb:      optim_step 263
wandb:       precision 12.32623
wandb:        val_loss 3.10211
wandb:   val_miou_mean 0.03754
wandb:        val_step 1
wandb: 
wandb: Synced 6 W&B file(s), 0 media file(s), 0 artifact file(s) and 1 other file(s)
wandb: Synced upbeat-bee-277: https://wandb.ai/tb5zhh/3dsp/runs/3f4wxfwu
wandb: Find logs at: ./wandb/run-20211109_155915-3f4wxfwu/logs/debug.log
wandb: 
