50_fit_double
/home/aidrive/tb5zhh/.conda/envs/tbw_3dscan/lib/python3.8/site-packages/MinkowskiEngine/__init__.py:36: UserWarning: The environment variable `OMP_NUM_THREADS` not set. MinkowskiEngine will automatically set `OMP_NUM_THREADS=16`. If you want to set `OMP_NUM_THREADS` manually, please export it on the command line before running a python script. e.g. `export OMP_NUM_THREADS=12; python your_program.py`. It is recommended to set it below 24.
  warnings.warn(
[2021-11-09 15:58:52][__main__	][INFO	] Run with 1 cpu
[2021-11-09 15:58:52][__main__	][INFO	] Running config
[2021-11-09 15:58:52][__main__	][INFO	] --->                          model: Res16UNet34C
[2021-11-09 15:58:52][__main__	][INFO	] --->              conv1_kernel_size: 5
[2021-11-09 15:58:52][__main__	][INFO	] --->                        weights: checkpoints/pretrain_20000.pth
[2021-11-09 15:58:52][__main__	][INFO	] --->                       weights1: /home/aidrive1/workspace/luoly/dataset/final/min_weights/LR/unc/1/512/checkpoint_NoneRes16UNet34Cbest_val.pth
[2021-11-09 15:58:52][__main__	][INFO	] --->                       weights2: /home/aidrive1/workspace/luoly/dataset/final/min_weights/LR/512/1/checkpoint_NoneRes16UNet34Cbest_val.pth
[2021-11-09 15:58:52][__main__	][INFO	] --->                       weights3: /home/aidrive1/workspace/luoly/dataset/final/min_weights/LR/1024/1/checkpoint_NoneRes16UNet34Cbest_val.pth
[2021-11-09 15:58:52][__main__	][INFO	] --->        weights_for_inner_model: False
[2021-11-09 15:58:52][__main__	][INFO	] --->                      dilations: [1, 1, 1, 1]
[2021-11-09 15:58:52][__main__	][INFO	] --->                   wrapper_type: None
[2021-11-09 15:58:52][__main__	][INFO	] --->            wrapper_region_type: 1
[2021-11-09 15:58:52][__main__	][INFO	] --->            wrapper_kernel_size: 3
[2021-11-09 15:58:52][__main__	][INFO	] --->                     wrapper_lr: 0.1
[2021-11-09 15:58:52][__main__	][INFO	] --->           meanfield_iterations: 10
[2021-11-09 15:58:52][__main__	][INFO	] --->              crf_spatial_sigma: 1
[2021-11-09 15:58:52][__main__	][INFO	] --->            crf_chromatic_sigma: 12
[2021-11-09 15:58:52][__main__	][INFO	] --->                      optimizer: SGD
[2021-11-09 15:58:52][__main__	][INFO	] --->                             lr: 0.1
[2021-11-09 15:58:52][__main__	][INFO	] --->                   sgd_momentum: 0.9
[2021-11-09 15:58:52][__main__	][INFO	] --->                  sgd_dampening: 0.1
[2021-11-09 15:58:52][__main__	][INFO	] --->                     adam_beta1: 0.9
[2021-11-09 15:58:52][__main__	][INFO	] --->                     adam_beta2: 0.999
[2021-11-09 15:58:52][__main__	][INFO	] --->                   weight_decay: 0.0001
[2021-11-09 15:58:52][__main__	][INFO	] --->           param_histogram_freq: 100
[2021-11-09 15:58:52][__main__	][INFO	] --->           save_param_histogram: False
[2021-11-09 15:58:52][__main__	][INFO	] --->                      iter_size: 1
[2021-11-09 15:58:52][__main__	][INFO	] --->                    bn_momentum: 0.02
[2021-11-09 15:58:52][__main__	][INFO	] --->                      scheduler: PolyLR
[2021-11-09 15:58:52][__main__	][INFO	] --->                       max_iter: 30000
[2021-11-09 15:58:52][__main__	][INFO	] --->                      step_size: 20000.0
[2021-11-09 15:58:52][__main__	][INFO	] --->                     step_gamma: 0.1
[2021-11-09 15:58:52][__main__	][INFO	] --->                     poly_power: 0.9
[2021-11-09 15:58:52][__main__	][INFO	] --->                      exp_gamma: 0.95
[2021-11-09 15:58:52][__main__	][INFO	] --->                  exp_step_size: 445
[2021-11-09 15:58:52][__main__	][INFO	] --->                        log_dir: log
[2021-11-09 15:58:52][__main__	][INFO	] --->                       data_dir: data
[2021-11-09 15:58:52][__main__	][INFO	] --->                        dataset: ScannetVoxelization2cmDataset
[2021-11-09 15:58:52][__main__	][INFO	] --->                    testdataset: ScannetVoxelization2cmtestDataset
[2021-11-09 15:58:52][__main__	][INFO	] --->              temporal_dilation: 30
[2021-11-09 15:58:52][__main__	][INFO	] --->                temporal_numseq: 3
[2021-11-09 15:58:52][__main__	][INFO	] --->                      point_lim: -1
[2021-11-09 15:58:52][__main__	][INFO	] --->                  pre_point_lim: -1
[2021-11-09 15:58:52][__main__	][INFO	] --->                     batch_size: 1
[2021-11-09 15:58:52][__main__	][INFO	] --->                test_batch_size: 1
[2021-11-09 15:58:52][__main__	][INFO	] --->                     cache_data: False
[2021-11-09 15:58:52][__main__	][INFO	] --->                    num_workers: 4
[2021-11-09 15:58:52][__main__	][INFO	] --->                num_val_workers: 1
[2021-11-09 15:58:52][__main__	][INFO	] --->                   ignore_label: 255
[2021-11-09 15:58:52][__main__	][INFO	] --->          return_transformation: False
[2021-11-09 15:58:52][__main__	][INFO	] --->         ignore_duplicate_class: False
[2021-11-09 15:58:52][__main__	][INFO	] --->                   partial_crop: 0.0
[2021-11-09 15:58:52][__main__	][INFO	] --->          train_limit_numpoints: 0
[2021-11-09 15:58:52][__main__	][INFO	] --->                   synthia_path: /home/chrischoy/datasets/Synthia/Synthia4D
[2021-11-09 15:58:52][__main__	][INFO	] --->            synthia_camera_path: /home/chrischoy/datasets/Synthia/%s/CameraParams/
[2021-11-09 15:58:52][__main__	][INFO	] --->  synthia_camera_intrinsic_file: intrinsics.txt
[2021-11-09 15:58:52][__main__	][INFO	] ---> synthia_camera_extrinsics_file: Stereo_Right/Omni_F/%s.txt
[2021-11-09 15:58:52][__main__	][INFO	] --->         temporal_rand_dilation: False
[2021-11-09 15:58:52][__main__	][INFO	] --->           temporal_rand_numseq: False
[2021-11-09 15:58:52][__main__	][INFO	] --->                   scannet_path: /home/aidrive/tb5zhh/data/50_fit_double/train
[2021-11-09 15:58:52][__main__	][INFO	] --->              scannet_test_path: /home/aidrive/tb5zhh/data/full/train
[2021-11-09 15:58:52][__main__	][INFO	] --->                stanford3d_path: /home/chrischoy/datasets/Stanford3D
[2021-11-09 15:58:52][__main__	][INFO	] --->                       is_train: True
[2021-11-09 15:58:52][__main__	][INFO	] --->                      stat_freq: 40
[2021-11-09 15:58:52][__main__	][INFO	] --->                 test_stat_freq: 100
[2021-11-09 15:58:52][__main__	][INFO	] --->                test_stat_freq1: 312
[2021-11-09 15:58:52][__main__	][INFO	] --->                      save_freq: 1000
[2021-11-09 15:58:52][__main__	][INFO	] --->                       val_freq: 2
[2021-11-09 15:58:52][__main__	][INFO	] --->               empty_cache_freq: 1
[2021-11-09 15:58:52][__main__	][INFO	] --->                    train_phase: train
[2021-11-09 15:58:52][__main__	][INFO	] --->                      val_phase: val
[2021-11-09 15:58:52][__main__	][INFO	] --->              overwrite_weights: True
[2021-11-09 15:58:52][__main__	][INFO	] --->                         resume: 1
[2021-11-09 15:58:52][__main__	][INFO	] --->               resume_optimizer: True
[2021-11-09 15:58:52][__main__	][INFO	] --->                  eval_upsample: False
[2021-11-09 15:58:52][__main__	][INFO	] --->         lenient_weight_loading: False
[2021-11-09 15:58:52][__main__	][INFO	] --->         distributed_world_size: 2
[2021-11-09 15:58:52][__main__	][INFO	] --->               distributed_rank: 0
[2021-11-09 15:58:52][__main__	][INFO	] --->            distributed_backend: nccl
[2021-11-09 15:58:52][__main__	][INFO	] --->        distributed_init_method: 
[2021-11-09 15:58:52][__main__	][INFO	] --->               distributed_port: 10010
[2021-11-09 15:58:52][__main__	][INFO	] --->                      device_id: 0
[2021-11-09 15:58:52][__main__	][INFO	] --->           distributed_no_spawn: True
[2021-11-09 15:58:52][__main__	][INFO	] --->                    ddp_backend: c10d
[2021-11-09 15:58:52][__main__	][INFO	] --->                  bucket_cap_mb: 25
[2021-11-09 15:58:52][__main__	][INFO	] --->                   use_feat_aug: True
[2021-11-09 15:58:52][__main__	][INFO	] --->     data_aug_color_trans_ratio: 0.1
[2021-11-09 15:58:52][__main__	][INFO	] --->      data_aug_color_jitter_std: 0.05
[2021-11-09 15:58:52][__main__	][INFO	] --->                normalize_color: True
[2021-11-09 15:58:52][__main__	][INFO	] --->             data_aug_scale_min: 0.9
[2021-11-09 15:58:52][__main__	][INFO	] --->             data_aug_scale_max: 1.1
[2021-11-09 15:58:52][__main__	][INFO	] --->               data_aug_hue_max: 0.5
[2021-11-09 15:58:52][__main__	][INFO	] --->        data_aug_saturation_max: 0.2
[2021-11-09 15:58:52][__main__	][INFO	] --->                      visualize: False
[2021-11-09 15:58:52][__main__	][INFO	] --->          test_temporal_average: False
[2021-11-09 15:58:52][__main__	][INFO	] --->                 visualize_path: outputs/visualize
[2021-11-09 15:58:52][__main__	][INFO	] --->                save_prediction: False
[2021-11-09 15:58:52][__main__	][INFO	] --->                  save_pred_dir: outputs/pred
[2021-11-09 15:58:52][__main__	][INFO	] --->                     test_phase: test
[2021-11-09 15:58:52][__main__	][INFO	] --->   evaluate_original_pointcloud: False
[2021-11-09 15:58:52][__main__	][INFO	] --->       test_original_pointcloud: False
[2021-11-09 15:58:52][__main__	][INFO	] --->                        is_cuda: True
[2021-11-09 15:58:52][__main__	][INFO	] --->                      load_path: 
[2021-11-09 15:58:52][__main__	][INFO	] --->                       log_step: 50
[2021-11-09 15:58:52][__main__	][INFO	] --->                      log_level: INFO
[2021-11-09 15:58:52][__main__	][INFO	] --->                        num_gpu: 1
[2021-11-09 15:58:52][__main__	][INFO	] --->                           seed: 42
[2021-11-09 15:58:52][__main__	][INFO	] --->                       run_name: finetune_50_fit_double_0.1_Res16UNet34C
[2021-11-09 15:58:52][__main__	][INFO	] --->                      unc_round: 20
[2021-11-09 15:58:52][__main__	][INFO	] --->                 unc_result_dir: /
[2021-11-09 15:58:52][__main__	][INFO	] --->                          wandb: True
[2021-11-09 15:58:52][__main__	][INFO	] --->                  train_dataset: ScannetVoxelization2cmDataset
[2021-11-09 15:58:52][__main__	][INFO	] --->                    val_dataset: ScannetVoxelization2cmtestDataset
[2021-11-09 15:58:52][__main__	][INFO	] --->                 checkpoint_dir: checkpoints
[2021-11-09 15:58:52][__main__	][INFO	] --->                     optim_step: 2
[2021-11-09 15:58:52][__main__	][INFO	] --->                  validate_step: 150
[2021-11-09 15:58:52][__main__	][INFO	] --->                    train_epoch: 20000
[2021-11-09 15:58:52][__main__	][INFO	] --->               train_batch_size: 8
[2021-11-09 15:58:52][__main__	][INFO	] --->                 val_batch_size: 2
[2021-11-09 15:58:52][__main__	][INFO	] --->                eval_result_dir: /
[2021-11-09 15:58:52][__main__	][INFO	] --->                  unc_stat_path: /
[2021-11-09 15:58:52][__main__	][INFO	] --->                     save_epoch: 1
[2021-11-09 15:58:52][__main__	][INFO	] --->                   ignore_index: 255
[2021-11-09 15:58:52][__main__	][INFO	] --->                       do_train: True
[2021-11-09 15:58:52][__main__	][INFO	] --->               do_unc_inference: False
[2021-11-09 15:58:52][__main__	][INFO	] --->                    do_unc_demo: False
[2021-11-09 15:58:52][__main__	][INFO	] --->                    unc_dataset: 
[2021-11-09 15:58:52][__main__	][INFO	] --->           do_verbose_inference: False
[2021-11-09 15:58:52][__main__	][INFO	] --->                  do_unc_render: False
[2021-11-09 15:59:14][__main__	][INFO	] Weights loaded from checkpoints/pretrain_20000.pth
[2021-11-09 15:59:14][__main__	][INFO	] [Errno 2] No such file or directory: 'checkpoints/finetune_50_fit_double_0.1_Res16UNet34C_latest.pth'
new.py:162: DeprecationWarning: The 'warn' method is deprecated, use 'warning' instead
  logger.warn(f"checkpoint not found")
[2021-11-09 15:59:14][__main__	][WARNING	] checkpoint not found
[2021-11-09 15:59:14][__main__	][INFO	] Model setup done
[2021-11-09 15:59:14][__main__	][INFO	] 
Res16UNet34C(
  (conv0p1s1): MinkowskiConvolution(in=3, out=32, kernel_size=[5, 5, 5], stride=[1, 1, 1], dilation=[1, 1, 1])
  (bn0): MinkowskiBatchNorm(32, eps=1e-05, momentum=0.02, affine=True, track_running_stats=True)
  (conv1p1s2): MinkowskiConvolution(in=32, out=32, kernel_size=[2, 2, 2], stride=[2, 2, 2], dilation=[1, 1, 1])
  (bn1): MinkowskiBatchNorm(32, eps=1e-05, momentum=0.02, affine=True, track_running_stats=True)
  (block1): Sequential(
    (0): BasicBlock(
      (conv1): MinkowskiConvolution(in=32, out=32, kernel_size=[3, 3, 3], stride=[1, 1, 1], dilation=[1, 1, 1])
      (norm1): MinkowskiBatchNorm(32, eps=1e-05, momentum=0.1, affine=True, track_running_stats=True)
      (conv2): MinkowskiConvolution(in=32, out=32, kernel_size=[3, 3, 3], stride=[1, 1, 1], dilation=[1, 1, 1])
      (norm2): MinkowskiBatchNorm(32, eps=1e-05, momentum=0.1, affine=True, track_running_stats=True)
      (relu): MinkowskiReLU()
    )
    (1): BasicBlock(
      (conv1): MinkowskiConvolution(in=32, out=32, kernel_size=[3, 3, 3], stride=[1, 1, 1], dilation=[1, 1, 1])
      (norm1): MinkowskiBatchNorm(32, eps=1e-05, momentum=0.1, affine=True, track_running_stats=True)
      (conv2): MinkowskiConvolution(in=32, out=32, kernel_size=[3, 3, 3], stride=[1, 1, 1], dilation=[1, 1, 1])
      (norm2): MinkowskiBatchNorm(32, eps=1e-05, momentum=0.1, affine=True, track_running_stats=True)
      (relu): MinkowskiReLU()
    )
  )
  (conv2p2s2): MinkowskiConvolution(in=32, out=32, kernel_size=[2, 2, 2], stride=[2, 2, 2], dilation=[1, 1, 1])
  (bn2): MinkowskiBatchNorm(32, eps=1e-05, momentum=0.02, affine=True, track_running_stats=True)
  (block2): Sequential(
    (0): BasicBlock(
      (conv1): MinkowskiConvolution(in=32, out=64, kernel_size=[3, 3, 3], stride=[1, 1, 1], dilation=[1, 1, 1])
      (norm1): MinkowskiBatchNorm(64, eps=1e-05, momentum=0.1, affine=True, track_running_stats=True)
      (conv2): MinkowskiConvolution(in=64, out=64, kernel_size=[3, 3, 3], stride=[1, 1, 1], dilation=[1, 1, 1])
      (norm2): MinkowskiBatchNorm(64, eps=1e-05, momentum=0.1, affine=True, track_running_stats=True)
      (relu): MinkowskiReLU()
      (downsample): Sequential(
        (0): MinkowskiConvolution(in=32, out=64, kernel_size=[1, 1, 1], stride=[1, 1, 1], dilation=[1, 1, 1])
        (1): MinkowskiBatchNorm(64, eps=1e-05, momentum=0.02, affine=True, track_running_stats=True)
      )
    )
    (1): BasicBlock(
      (conv1): MinkowskiConvolution(in=64, out=64, kernel_size=[3, 3, 3], stride=[1, 1, 1], dilation=[1, 1, 1])
      (norm1): MinkowskiBatchNorm(64, eps=1e-05, momentum=0.1, affine=True, track_running_stats=True)
      (conv2): MinkowskiConvolution(in=64, out=64, kernel_size=[3, 3, 3], stride=[1, 1, 1], dilation=[1, 1, 1])
      (norm2): MinkowskiBatchNorm(64, eps=1e-05, momentum=0.1, affine=True, track_running_stats=True)
      (relu): MinkowskiReLU()
    )
    (2): BasicBlock(
      (conv1): MinkowskiConvolution(in=64, out=64, kernel_size=[3, 3, 3], stride=[1, 1, 1], dilation=[1, 1, 1])
      (norm1): MinkowskiBatchNorm(64, eps=1e-05, momentum=0.1, affine=True, track_running_stats=True)
      (conv2): MinkowskiConvolution(in=64, out=64, kernel_size=[3, 3, 3], stride=[1, 1, 1], dilation=[1, 1, 1])
      (norm2): MinkowskiBatchNorm(64, eps=1e-05, momentum=0.1, affine=True, track_running_stats=True)
      (relu): MinkowskiReLU()
    )
  )
  (conv3p4s2): MinkowskiConvolution(in=64, out=64, kernel_size=[2, 2, 2], stride=[2, 2, 2], dilation=[1, 1, 1])
  (bn3): MinkowskiBatchNorm(64, eps=1e-05, momentum=0.02, affine=True, track_running_stats=True)
  (block3): Sequential(
    (0): BasicBlock(
      (conv1): MinkowskiConvolution(in=64, out=128, kernel_size=[3, 3, 3], stride=[1, 1, 1], dilation=[1, 1, 1])
      (norm1): MinkowskiBatchNorm(128, eps=1e-05, momentum=0.1, affine=True, track_running_stats=True)
      (conv2): MinkowskiConvolution(in=128, out=128, kernel_size=[3, 3, 3], stride=[1, 1, 1], dilation=[1, 1, 1])
      (norm2): MinkowskiBatchNorm(128, eps=1e-05, momentum=0.1, affine=True, track_running_stats=True)
      (relu): MinkowskiReLU()
      (downsample): Sequential(
        (0): MinkowskiConvolution(in=64, out=128, kernel_size=[1, 1, 1], stride=[1, 1, 1], dilation=[1, 1, 1])
        (1): MinkowskiBatchNorm(128, eps=1e-05, momentum=0.02, affine=True, track_running_stats=True)
      )
    )
    (1): BasicBlock(
      (conv1): MinkowskiConvolution(in=128, out=128, kernel_size=[3, 3, 3], stride=[1, 1, 1], dilation=[1, 1, 1])
      (norm1): MinkowskiBatchNorm(128, eps=1e-05, momentum=0.1, affine=True, track_running_stats=True)
      (conv2): MinkowskiConvolution(in=128, out=128, kernel_size=[3, 3, 3], stride=[1, 1, 1], dilation=[1, 1, 1])
      (norm2): MinkowskiBatchNorm(128, eps=1e-05, momentum=0.1, affine=True, track_running_stats=True)
      (relu): MinkowskiReLU()
    )
    (2): BasicBlock(
      (conv1): MinkowskiConvolution(in=128, out=128, kernel_size=[3, 3, 3], stride=[1, 1, 1], dilation=[1, 1, 1])
      (norm1): MinkowskiBatchNorm(128, eps=1e-05, momentum=0.1, affine=True, track_running_stats=True)
      (conv2): MinkowskiConvolution(in=128, out=128, kernel_size=[3, 3, 3], stride=[1, 1, 1], dilation=[1, 1, 1])
      (norm2): MinkowskiBatchNorm(128, eps=1e-05, momentum=0.1, affine=True, track_running_stats=True)
      (relu): MinkowskiReLU()
    )
    (3): BasicBlock(
      (conv1): MinkowskiConvolution(in=128, out=128, kernel_size=[3, 3, 3], stride=[1, 1, 1], dilation=[1, 1, 1])
      (norm1): MinkowskiBatchNorm(128, eps=1e-05, momentum=0.1, affine=True, track_running_stats=True)
      (conv2): MinkowskiConvolution(in=128, out=128, kernel_size=[3, 3, 3], stride=[1, 1, 1], dilation=[1, 1, 1])
      (norm2): MinkowskiBatchNorm(128, eps=1e-05, momentum=0.1, affine=True, track_running_stats=True)
      (relu): MinkowskiReLU()
    )
  )
  (conv4p8s2): MinkowskiConvolution(in=128, out=128, kernel_size=[2, 2, 2], stride=[2, 2, 2], dilation=[1, 1, 1])
  (bn4): MinkowskiBatchNorm(128, eps=1e-05, momentum=0.02, affine=True, track_running_stats=True)
  (block4): Sequential(
    (0): BasicBlock(
      (conv1): MinkowskiConvolution(in=128, out=256, kernel_size=[3, 3, 3], stride=[1, 1, 1], dilation=[1, 1, 1])
      (norm1): MinkowskiBatchNorm(256, eps=1e-05, momentum=0.1, affine=True, track_running_stats=True)
      (conv2): MinkowskiConvolution(in=256, out=256, kernel_size=[3, 3, 3], stride=[1, 1, 1], dilation=[1, 1, 1])
      (norm2): MinkowskiBatchNorm(256, eps=1e-05, momentum=0.1, affine=True, track_running_stats=True)
      (relu): MinkowskiReLU()
      (downsample): Sequential(
        (0): MinkowskiConvolution(in=128, out=256, kernel_size=[1, 1, 1], stride=[1, 1, 1], dilation=[1, 1, 1])
        (1): MinkowskiBatchNorm(256, eps=1e-05, momentum=0.02, affine=True, track_running_stats=True)
      )
    )
    (1): BasicBlock(
      (conv1): MinkowskiConvolution(in=256, out=256, kernel_size=[3, 3, 3], stride=[1, 1, 1], dilation=[1, 1, 1])
      (norm1): MinkowskiBatchNorm(256, eps=1e-05, momentum=0.1, affine=True, track_running_stats=True)
      (conv2): MinkowskiConvolution(in=256, out=256, kernel_size=[3, 3, 3], stride=[1, 1, 1], dilation=[1, 1, 1])
      (norm2): MinkowskiBatchNorm(256, eps=1e-05, momentum=0.1, affine=True, track_running_stats=True)
      (relu): MinkowskiReLU()
    )
    (2): BasicBlock(
      (conv1): MinkowskiConvolution(in=256, out=256, kernel_size=[3, 3, 3], stride=[1, 1, 1], dilation=[1, 1, 1])
      (norm1): MinkowskiBatchNorm(256, eps=1e-05, momentum=0.1, affine=True, track_running_stats=True)
      (conv2): MinkowskiConvolution(in=256, out=256, kernel_size=[3, 3, 3], stride=[1, 1, 1], dilation=[1, 1, 1])
      (norm2): MinkowskiBatchNorm(256, eps=1e-05, momentum=0.1, affine=True, track_running_stats=True)
      (relu): MinkowskiReLU()
    )
    (3): BasicBlock(
      (conv1): MinkowskiConvolution(in=256, out=256, kernel_size=[3, 3, 3], stride=[1, 1, 1], dilation=[1, 1, 1])
      (norm1): MinkowskiBatchNorm(256, eps=1e-05, momentum=0.1, affine=True, track_running_stats=True)
      (conv2): MinkowskiConvolution(in=256, out=256, kernel_size=[3, 3, 3], stride=[1, 1, 1], dilation=[1, 1, 1])
      (norm2): MinkowskiBatchNorm(256, eps=1e-05, momentum=0.1, affine=True, track_running_stats=True)
      (relu): MinkowskiReLU()
    )
    (4): BasicBlock(
      (conv1): MinkowskiConvolution(in=256, out=256, kernel_size=[3, 3, 3], stride=[1, 1, 1], dilation=[1, 1, 1])
      (norm1): MinkowskiBatchNorm(256, eps=1e-05, momentum=0.1, affine=True, track_running_stats=True)
      (conv2): MinkowskiConvolution(in=256, out=256, kernel_size=[3, 3, 3], stride=[1, 1, 1], dilation=[1, 1, 1])
      (norm2): MinkowskiBatchNorm(256, eps=1e-05, momentum=0.1, affine=True, track_running_stats=True)
      (relu): MinkowskiReLU()
    )
    (5): BasicBlock(
      (conv1): MinkowskiConvolution(in=256, out=256, kernel_size=[3, 3, 3], stride=[1, 1, 1], dilation=[1, 1, 1])
      (norm1): MinkowskiBatchNorm(256, eps=1e-05, momentum=0.1, affine=True, track_running_stats=True)
      (conv2): MinkowskiConvolution(in=256, out=256, kernel_size=[3, 3, 3], stride=[1, 1, 1], dilation=[1, 1, 1])
      (norm2): MinkowskiBatchNorm(256, eps=1e-05, momentum=0.1, affine=True, track_running_stats=True)
      (relu): MinkowskiReLU()
    )
  )
  (convtr4p16s2): MinkowskiConvolutionTranspose(in=256, out=256, kernel_size=[2, 2, 2], stride=[2, 2, 2], dilation=[1, 1, 1])
  (bntr4): MinkowskiBatchNorm(256, eps=1e-05, momentum=0.02, affine=True, track_running_stats=True)
  (block5): Sequential(
    (0): BasicBlock(
      (conv1): MinkowskiConvolution(in=384, out=256, kernel_size=[3, 3, 3], stride=[1, 1, 1], dilation=[1, 1, 1])
      (norm1): MinkowskiBatchNorm(256, eps=1e-05, momentum=0.1, affine=True, track_running_stats=True)
      (conv2): MinkowskiConvolution(in=256, out=256, kernel_size=[3, 3, 3], stride=[1, 1, 1], dilation=[1, 1, 1])
      (norm2): MinkowskiBatchNorm(256, eps=1e-05, momentum=0.1, affine=True, track_running_stats=True)
      (relu): MinkowskiReLU()
      (downsample): Sequential(
        (0): MinkowskiConvolution(in=384, out=256, kernel_size=[1, 1, 1], stride=[1, 1, 1], dilation=[1, 1, 1])
        (1): MinkowskiBatchNorm(256, eps=1e-05, momentum=0.02, affine=True, track_running_stats=True)
      )
    )
    (1): BasicBlock(
      (conv1): MinkowskiConvolution(in=256, out=256, kernel_size=[3, 3, 3], stride=[1, 1, 1], dilation=[1, 1, 1])
      (norm1): MinkowskiBatchNorm(256, eps=1e-05, momentum=0.1, affine=True, track_running_stats=True)
      (conv2): MinkowskiConvolution(in=256, out=256, kernel_size=[3, 3, 3], stride=[1, 1, 1], dilation=[1, 1, 1])
      (norm2): MinkowskiBatchNorm(256, eps=1e-05, momentum=0.1, affine=True, track_running_stats=True)
      (relu): MinkowskiReLU()
    )
  )
  (convtr5p8s2): MinkowskiConvolutionTranspose(in=256, out=128, kernel_size=[2, 2, 2], stride=[2, 2, 2], dilation=[1, 1, 1])
  (bntr5): MinkowskiBatchNorm(128, eps=1e-05, momentum=0.02, affine=True, track_running_stats=True)
  (block6): Sequential(
    (0): BasicBlock(
      (conv1): MinkowskiConvolution(in=192, out=128, kernel_size=[3, 3, 3], stride=[1, 1, 1], dilation=[1, 1, 1])
      (norm1): MinkowskiBatchNorm(128, eps=1e-05, momentum=0.1, affine=True, track_running_stats=True)
      (conv2): MinkowskiConvolution(in=128, out=128, kernel_size=[3, 3, 3], stride=[1, 1, 1], dilation=[1, 1, 1])
      (norm2): MinkowskiBatchNorm(128, eps=1e-05, momentum=0.1, affine=True, track_running_stats=True)
      (relu): MinkowskiReLU()
      (downsample): Sequential(
        (0): MinkowskiConvolution(in=192, out=128, kernel_size=[1, 1, 1], stride=[1, 1, 1], dilation=[1, 1, 1])
        (1): MinkowskiBatchNorm(128, eps=1e-05, momentum=0.02, affine=True, track_running_stats=True)
      )
    )
    (1): BasicBlock(
      (conv1): MinkowskiConvolution(in=128, out=128, kernel_size=[3, 3, 3], stride=[1, 1, 1], dilation=[1, 1, 1])
      (norm1): MinkowskiBatchNorm(128, eps=1e-05, momentum=0.1, affine=True, track_running_stats=True)
      (conv2): MinkowskiConvolution(in=128, out=128, kernel_size=[3, 3, 3], stride=[1, 1, 1], dilation=[1, 1, 1])
      (norm2): MinkowskiBatchNorm(128, eps=1e-05, momentum=0.1, affine=True, track_running_stats=True)
      (relu): MinkowskiReLU()
    )
  )
  (convtr6p4s2): MinkowskiConvolutionTranspose(in=128, out=96, kernel_size=[2, 2, 2], stride=[2, 2, 2], dilation=[1, 1, 1])
  (bntr6): MinkowskiBatchNorm(96, eps=1e-05, momentum=0.02, affine=True, track_running_stats=True)
  (block7): Sequential(
    (0): BasicBlock(
      (conv1): MinkowskiConvolution(in=128, out=96, kernel_size=[3, 3, 3], stride=[1, 1, 1], dilation=[1, 1, 1])
      (norm1): MinkowskiBatchNorm(96, eps=1e-05, momentum=0.1, affine=True, track_running_stats=True)
      (conv2): MinkowskiConvolution(in=96, out=96, kernel_size=[3, 3, 3], stride=[1, 1, 1], dilation=[1, 1, 1])
      (norm2): MinkowskiBatchNorm(96, eps=1e-05, momentum=0.1, affine=True, track_running_stats=True)
      (relu): MinkowskiReLU()
      (downsample): Sequential(
        (0): MinkowskiConvolution(in=128, out=96, kernel_size=[1, 1, 1], stride=[1, 1, 1], dilation=[1, 1, 1])
        (1): MinkowskiBatchNorm(96, eps=1e-05, momentum=0.02, affine=True, track_running_stats=True)
      )
    )
    (1): BasicBlock(
      (conv1): MinkowskiConvolution(in=96, out=96, kernel_size=[3, 3, 3], stride=[1, 1, 1], dilation=[1, 1, 1])
      (norm1): MinkowskiBatchNorm(96, eps=1e-05, momentum=0.1, affine=True, track_running_stats=True)
      (conv2): MinkowskiConvolution(in=96, out=96, kernel_size=[3, 3, 3], stride=[1, 1, 1], dilation=[1, 1, 1])
      (norm2): MinkowskiBatchNorm(96, eps=1e-05, momentum=0.1, affine=True, track_running_stats=True)
      (relu): MinkowskiReLU()
    )
  )
  (convtr7p2s2): MinkowskiConvolutionTranspose(in=96, out=96, kernel_size=[2, 2, 2], stride=[2, 2, 2], dilation=[1, 1, 1])
  (bntr7): MinkowskiBatchNorm(96, eps=1e-05, momentum=0.02, affine=True, track_running_stats=True)
  (block8): Sequential(
    (0): BasicBlock(
      (conv1): MinkowskiConvolution(in=128, out=96, kernel_size=[3, 3, 3], stride=[1, 1, 1], dilation=[1, 1, 1])
      (norm1): MinkowskiBatchNorm(96, eps=1e-05, momentum=0.1, affine=True, track_running_stats=True)
      (conv2): MinkowskiConvolution(in=96, out=96, kernel_size=[3, 3, 3], stride=[1, 1, 1], dilation=[1, 1, 1])
      (norm2): MinkowskiBatchNorm(96, eps=1e-05, momentum=0.1, affine=True, track_running_stats=True)
      (relu): MinkowskiReLU()
      (downsample): Sequential(
        (0): MinkowskiConvolution(in=128, out=96, kernel_size=[1, 1, 1], stride=[1, 1, 1], dilation=[1, 1, 1])
        (1): MinkowskiBatchNorm(96, eps=1e-05, momentum=0.02, affine=True, track_running_stats=True)
      )
    )
    (1): BasicBlock(
      (conv1): MinkowskiConvolution(in=96, out=96, kernel_size=[3, 3, 3], stride=[1, 1, 1], dilation=[1, 1, 1])
      (norm1): MinkowskiBatchNorm(96, eps=1e-05, momentum=0.1, affine=True, track_running_stats=True)
      (conv2): MinkowskiConvolution(in=96, out=96, kernel_size=[3, 3, 3], stride=[1, 1, 1], dilation=[1, 1, 1])
      (norm2): MinkowskiBatchNorm(96, eps=1e-05, momentum=0.1, affine=True, track_running_stats=True)
      (relu): MinkowskiReLU()
    )
  )
  (final): MinkowskiConvolution(in=96, out=20, kernel_size=[1, 1, 1], stride=[1, 1, 1], dilation=[1, 1, 1])
  (relu): MinkowskiReLU()
)
wandb: Currently logged in as: tb5zhh (use `wandb login --relogin` to force relogin)
wandb: wandb version 0.12.6 is available!  To upgrade, please run:
wandb:  $ pip install wandb --upgrade
wandb: Tracking run with wandb version 0.12.4
wandb: Syncing run wise-tree-280
wandb:  View project at https://wandb.ai/tb5zhh/3dsp
wandb:  View run at https://wandb.ai/tb5zhh/3dsp/runs/hn84u400
wandb: Run data is saved locally in /home/aidrive/tb5zhh/3DScanSeg/wandb/run-20211109_155915-hn84u400
wandb: Run `wandb offline` to turn off syncing.

[34m[1mwandb[0m: [33mWARNING[0m Calling run.save without any arguments is deprecated.Changes to attributes are automatically persisted.
[2021-11-09 15:59:19][root	][INFO	] Loading ScannetVoxelization2cmDataset: scannetv2_train.txt
[2021-11-09 15:59:19][root	][INFO	] Loading ScannetVoxelization2cmtestDataset: scannetv2_val.txt
[2021-11-09 15:59:19][__main__	][INFO	] Dataloader setup done
[2021-11-09 15:59:19][__main__	][INFO	] My rank : 0 / 1
[2021-11-09 15:59:19][__main__	][INFO	] Start training
[2021-11-09 15:59:34][__main__	][INFO	] TRAIN at global step #1 Epoch #1 Step #2 / 151: loss:3.3901, precision: 1.4682
[2021-11-09 15:59:42][__main__	][INFO	] TRAIN at global step #2 Epoch #1 Step #4 / 151: loss:3.2585, precision: 1.9617
[2021-11-09 15:59:48][__main__	][INFO	] TRAIN at global step #3 Epoch #1 Step #6 / 151: loss:2.9616, precision: 7.3259
[2021-11-09 15:59:56][__main__	][INFO	] TRAIN at global step #4 Epoch #1 Step #8 / 151: loss:2.8413, precision: 4.9396
[2021-11-09 16:00:04][__main__	][INFO	] TRAIN at global step #5 Epoch #1 Step #10 / 151: loss:2.5836, precision: 8.6106
[2021-11-09 16:00:12][__main__	][INFO	] TRAIN at global step #6 Epoch #1 Step #12 / 151: loss:2.5501, precision: 10.5832
[2021-11-09 16:00:19][__main__	][INFO	] TRAIN at global step #7 Epoch #1 Step #14 / 151: loss:2.2553, precision: 17.0583
[2021-11-09 16:00:26][__main__	][INFO	] TRAIN at global step #8 Epoch #1 Step #16 / 151: loss:2.5051, precision: 11.0077
[2021-11-09 16:00:34][__main__	][INFO	] TRAIN at global step #9 Epoch #1 Step #18 / 151: loss:2.5375, precision: 9.6993
[2021-11-09 16:00:41][__main__	][INFO	] TRAIN at global step #10 Epoch #1 Step #20 / 151: loss:2.7720, precision: 8.2969
[2021-11-09 16:00:47][__main__	][INFO	] TRAIN at global step #11 Epoch #1 Step #22 / 151: loss:2.5506, precision: 12.0377
[2021-11-09 16:00:54][__main__	][INFO	] TRAIN at global step #12 Epoch #1 Step #24 / 151: loss:2.5917, precision: 9.8429
[2021-11-09 16:01:00][__main__	][INFO	] TRAIN at global step #13 Epoch #1 Step #26 / 151: loss:2.4649, precision: 12.6970
[2021-11-09 16:01:06][__main__	][INFO	] TRAIN at global step #14 Epoch #1 Step #28 / 151: loss:2.4025, precision: 8.9872
[2021-11-09 16:01:14][__main__	][INFO	] TRAIN at global step #15 Epoch #1 Step #30 / 151: loss:2.3417, precision: 9.1864
[2021-11-09 16:01:20][__main__	][INFO	] TRAIN at global step #16 Epoch #1 Step #32 / 151: loss:2.3547, precision: 9.4044
[2021-11-09 16:01:27][__main__	][INFO	] TRAIN at global step #17 Epoch #1 Step #34 / 151: loss:2.4523, precision: 11.7427
[2021-11-09 16:01:34][__main__	][INFO	] TRAIN at global step #18 Epoch #1 Step #36 / 151: loss:2.2940, precision: 10.4894
[2021-11-09 16:01:41][__main__	][INFO	] TRAIN at global step #19 Epoch #1 Step #38 / 151: loss:2.3285, precision: 11.6185
[2021-11-09 16:01:48][__main__	][INFO	] TRAIN at global step #20 Epoch #1 Step #40 / 151: loss:2.4232, precision: 10.1934
[2021-11-09 16:01:56][__main__	][INFO	] TRAIN at global step #21 Epoch #1 Step #42 / 151: loss:2.5740, precision: 7.0672
[2021-11-09 16:02:02][__main__	][INFO	] TRAIN at global step #22 Epoch #1 Step #44 / 151: loss:2.4080, precision: 9.0778
[2021-11-09 16:02:09][__main__	][INFO	] TRAIN at global step #23 Epoch #1 Step #46 / 151: loss:2.6251, precision: 6.0978
[2021-11-09 16:02:17][__main__	][INFO	] TRAIN at global step #24 Epoch #1 Step #48 / 151: loss:2.3462, precision: 13.0018
[2021-11-09 16:02:25][__main__	][INFO	] TRAIN at global step #25 Epoch #1 Step #50 / 151: loss:2.3426, precision: 12.7556
[2021-11-09 16:02:29][__main__	][INFO	] TRAIN at global step #26 Epoch #1 Step #52 / 151: loss:2.3819, precision: 13.3976
[2021-11-09 16:02:36][__main__	][INFO	] TRAIN at global step #27 Epoch #1 Step #54 / 151: loss:2.3393, precision: 10.5899
[2021-11-09 16:02:45][__main__	][INFO	] TRAIN at global step #28 Epoch #1 Step #56 / 151: loss:2.3967, precision: 9.0150
[2021-11-09 16:02:51][__main__	][INFO	] TRAIN at global step #29 Epoch #1 Step #58 / 151: loss:2.4167, precision: 10.1254
[2021-11-09 16:02:57][__main__	][INFO	] TRAIN at global step #30 Epoch #1 Step #60 / 151: loss:2.1738, precision: 16.0769
[2021-11-09 16:03:03][__main__	][INFO	] TRAIN at global step #31 Epoch #1 Step #62 / 151: loss:2.2191, precision: 16.9341
[2021-11-09 16:03:11][__main__	][INFO	] TRAIN at global step #32 Epoch #1 Step #64 / 151: loss:2.2290, precision: 10.5644
[2021-11-09 16:03:17][__main__	][INFO	] TRAIN at global step #33 Epoch #1 Step #66 / 151: loss:2.3348, precision: 15.3798
[2021-11-09 16:03:23][__main__	][INFO	] TRAIN at global step #34 Epoch #1 Step #68 / 151: loss:2.4299, precision: 9.2031
[2021-11-09 16:03:29][__main__	][INFO	] TRAIN at global step #35 Epoch #1 Step #70 / 151: loss:2.0565, precision: 18.8747
[2021-11-09 16:03:37][__main__	][INFO	] TRAIN at global step #36 Epoch #1 Step #72 / 151: loss:2.4935, precision: 8.1523
[2021-11-09 16:03:44][__main__	][INFO	] TRAIN at global step #37 Epoch #1 Step #74 / 151: loss:2.4603, precision: 8.5798
[2021-11-09 16:03:51][__main__	][INFO	] TRAIN at global step #38 Epoch #1 Step #76 / 151: loss:2.2270, precision: 14.0689
[2021-11-09 16:03:58][__main__	][INFO	] TRAIN at global step #39 Epoch #1 Step #78 / 151: loss:2.2644, precision: 12.8121
[2021-11-09 16:04:05][__main__	][INFO	] TRAIN at global step #40 Epoch #1 Step #80 / 151: loss:2.4873, precision: 10.3640
[2021-11-09 16:04:11][__main__	][INFO	] TRAIN at global step #41 Epoch #1 Step #82 / 151: loss:2.3338, precision: 10.7682
[2021-11-09 16:04:17][__main__	][INFO	] TRAIN at global step #42 Epoch #1 Step #84 / 151: loss:2.3839, precision: 12.9905
[2021-11-09 16:04:24][__main__	][INFO	] TRAIN at global step #43 Epoch #1 Step #86 / 151: loss:2.4632, precision: 10.0514
[2021-11-09 16:04:33][__main__	][INFO	] TRAIN at global step #44 Epoch #1 Step #88 / 151: loss:2.3249, precision: 11.9080
[2021-11-09 16:04:38][__main__	][INFO	] TRAIN at global step #45 Epoch #1 Step #90 / 151: loss:2.2456, precision: 14.3189
[2021-11-09 16:04:47][__main__	][INFO	] TRAIN at global step #46 Epoch #1 Step #92 / 151: loss:2.2467, precision: 9.0817
[2021-11-09 16:04:56][__main__	][INFO	] TRAIN at global step #47 Epoch #1 Step #94 / 151: loss:2.2260, precision: 15.5767
[2021-11-09 16:05:02][__main__	][INFO	] TRAIN at global step #48 Epoch #1 Step #96 / 151: loss:2.2393, precision: 13.2679
[2021-11-09 16:05:09][__main__	][INFO	] TRAIN at global step #49 Epoch #1 Step #98 / 151: loss:2.1752, precision: 16.0181
[2021-11-09 16:05:17][__main__	][INFO	] TRAIN at global step #50 Epoch #1 Step #100 / 151: loss:2.2974, precision: 12.6631
[2021-11-09 16:05:23][__main__	][INFO	] TRAIN at global step #51 Epoch #1 Step #102 / 151: loss:2.3359, precision: 9.4145
[2021-11-09 16:05:29][__main__	][INFO	] TRAIN at global step #52 Epoch #1 Step #104 / 151: loss:2.1616, precision: 13.0456
[2021-11-09 16:05:35][__main__	][INFO	] TRAIN at global step #53 Epoch #1 Step #106 / 151: loss:2.3200, precision: 11.8638
[2021-11-09 16:05:41][__main__	][INFO	] TRAIN at global step #54 Epoch #1 Step #108 / 151: loss:2.1200, precision: 14.6830
[2021-11-09 16:05:47][__main__	][INFO	] TRAIN at global step #55 Epoch #1 Step #110 / 151: loss:2.3369, precision: 13.7391
[2021-11-09 16:05:53][__main__	][INFO	] TRAIN at global step #56 Epoch #1 Step #112 / 151: loss:2.3497, precision: 10.6164
[2021-11-09 16:06:00][__main__	][INFO	] TRAIN at global step #57 Epoch #1 Step #114 / 151: loss:2.2843, precision: 12.7167
[2021-11-09 16:06:05][__main__	][INFO	] TRAIN at global step #58 Epoch #1 Step #116 / 151: loss:2.3018, precision: 13.5437
[2021-11-09 16:06:13][__main__	][INFO	] TRAIN at global step #59 Epoch #1 Step #118 / 151: loss:2.1709, precision: 13.7573
[2021-11-09 16:06:19][__main__	][INFO	] TRAIN at global step #60 Epoch #1 Step #120 / 151: loss:2.3592, precision: 11.6748
[2021-11-09 16:06:26][__main__	][INFO	] TRAIN at global step #61 Epoch #1 Step #122 / 151: loss:2.1840, precision: 10.8551
[2021-11-09 16:06:32][__main__	][INFO	] TRAIN at global step #62 Epoch #1 Step #124 / 151: loss:2.2261, precision: 9.2351
[2021-11-09 16:06:38][__main__	][INFO	] TRAIN at global step #63 Epoch #1 Step #126 / 151: loss:2.2362, precision: 11.5660
[2021-11-09 16:06:44][__main__	][INFO	] TRAIN at global step #64 Epoch #1 Step #128 / 151: loss:2.3758, precision: 11.6652
[2021-11-09 16:06:50][__main__	][INFO	] TRAIN at global step #65 Epoch #1 Step #130 / 151: loss:2.2013, precision: 15.3818
[2021-11-09 16:06:57][__main__	][INFO	] TRAIN at global step #66 Epoch #1 Step #132 / 151: loss:2.3593, precision: 11.7669
[2021-11-09 16:07:02][__main__	][INFO	] TRAIN at global step #67 Epoch #1 Step #134 / 151: loss:2.2794, precision: 10.7721
[2021-11-09 16:07:09][__main__	][INFO	] TRAIN at global step #68 Epoch #1 Step #136 / 151: loss:2.3830, precision: 9.0011
[2021-11-09 16:07:16][__main__	][INFO	] TRAIN at global step #69 Epoch #1 Step #138 / 151: loss:2.2522, precision: 14.8454
[2021-11-09 16:07:21][__main__	][INFO	] TRAIN at global step #70 Epoch #1 Step #140 / 151: loss:2.3114, precision: 10.5695
[2021-11-09 16:07:29][__main__	][INFO	] TRAIN at global step #71 Epoch #1 Step #142 / 151: loss:2.2631, precision: 10.9262
[2021-11-09 16:07:38][__main__	][INFO	] TRAIN at global step #72 Epoch #1 Step #144 / 151: loss:2.2389, precision: 13.3728
[2021-11-09 16:07:44][__main__	][INFO	] TRAIN at global step #73 Epoch #1 Step #146 / 151: loss:2.1465, precision: 16.6190
[2021-11-09 16:07:49][__main__	][INFO	] TRAIN at global step #74 Epoch #1 Step #148 / 151: loss:2.1992, precision: 12.4669
[2021-11-09 16:07:55][__main__	][INFO	] TRAIN at global step #75 Epoch #1 Step #150 / 151: loss:2.3267, precision: 11.6500
[2021-11-09 16:07:57][__main__	][INFO	] Checkpoint at epoch #0 saved
[2021-11-09 16:08:08][__main__	][INFO	] TRAIN at global step #76 Epoch #2 Step #1 / 151: loss:2.3246, precision: 7.4093
[2021-11-09 16:08:13][__main__	][INFO	] TRAIN at global step #77 Epoch #2 Step #3 / 151: loss:2.2437, precision: 15.1118
[2021-11-09 16:08:21][__main__	][INFO	] TRAIN at global step #78 Epoch #2 Step #5 / 151: loss:2.2489, precision: 11.4937
[2021-11-09 16:08:29][__main__	][INFO	] TRAIN at global step #79 Epoch #2 Step #7 / 151: loss:2.2524, precision: 12.4188
[2021-11-09 16:08:34][__main__	][INFO	] TRAIN at global step #80 Epoch #2 Step #9 / 151: loss:2.1461, precision: 13.6437
[2021-11-09 16:08:43][__main__	][INFO	] TRAIN at global step #81 Epoch #2 Step #11 / 151: loss:2.1853, precision: 12.9210
[2021-11-09 16:08:49][__main__	][INFO	] TRAIN at global step #82 Epoch #2 Step #13 / 151: loss:2.2098, precision: 12.4097
[2021-11-09 16:08:55][__main__	][INFO	] TRAIN at global step #83 Epoch #2 Step #15 / 151: loss:2.1198, precision: 12.7556
[2021-11-09 16:09:02][__main__	][INFO	] TRAIN at global step #84 Epoch #2 Step #17 / 151: loss:2.3244, precision: 11.0082
[2021-11-09 16:09:08][__main__	][INFO	] TRAIN at global step #85 Epoch #2 Step #19 / 151: loss:2.2454, precision: 14.5885
[2021-11-09 16:09:14][__main__	][INFO	] TRAIN at global step #86 Epoch #2 Step #21 / 151: loss:2.2522, precision: 12.7329
[2021-11-09 16:09:21][__main__	][INFO	] TRAIN at global step #87 Epoch #2 Step #23 / 151: loss:2.2116, precision: 13.1339
[2021-11-09 16:09:29][__main__	][INFO	] TRAIN at global step #88 Epoch #2 Step #25 / 151: loss:2.3315, precision: 9.9048
[2021-11-09 16:09:35][__main__	][INFO	] TRAIN at global step #89 Epoch #2 Step #27 / 151: loss:2.2979, precision: 9.4388
[2021-11-09 16:09:41][__main__	][INFO	] TRAIN at global step #90 Epoch #2 Step #29 / 151: loss:1.9826, precision: 19.8417
[2021-11-09 16:09:48][__main__	][INFO	] TRAIN at global step #91 Epoch #2 Step #31 / 151: loss:2.2568, precision: 12.2384
[2021-11-09 16:09:54][__main__	][INFO	] TRAIN at global step #92 Epoch #2 Step #33 / 151: loss:2.1503, precision: 15.7998
[2021-11-09 16:10:00][__main__	][INFO	] TRAIN at global step #93 Epoch #2 Step #35 / 151: loss:2.3508, precision: 8.7544
[2021-11-09 16:10:07][__main__	][INFO	] TRAIN at global step #94 Epoch #2 Step #37 / 151: loss:2.3528, precision: 9.5697
[2021-11-09 16:10:14][__main__	][INFO	] TRAIN at global step #95 Epoch #2 Step #39 / 151: loss:2.0660, precision: 16.3164
[2021-11-09 16:10:19][__main__	][INFO	] TRAIN at global step #96 Epoch #2 Step #41 / 151: loss:2.2892, precision: 14.0680
[2021-11-09 16:10:24][__main__	][INFO	] TRAIN at global step #97 Epoch #2 Step #43 / 151: loss:2.3960, precision: 14.2274
[2021-11-09 16:10:30][__main__	][INFO	] TRAIN at global step #98 Epoch #2 Step #45 / 151: loss:2.3090, precision: 11.4717
[2021-11-09 16:10:38][__main__	][INFO	] TRAIN at global step #99 Epoch #2 Step #47 / 151: loss:2.3509, precision: 11.0154
[2021-11-09 16:10:44][__main__	][INFO	] TRAIN at global step #100 Epoch #2 Step #49 / 151: loss:2.2854, precision: 9.0617
[2021-11-09 16:10:51][__main__	][INFO	] TRAIN at global step #101 Epoch #2 Step #51 / 151: loss:2.1736, precision: 13.5415
[2021-11-09 16:10:57][__main__	][INFO	] TRAIN at global step #102 Epoch #2 Step #53 / 151: loss:2.2098, precision: 16.0174
[2021-11-09 16:11:03][__main__	][INFO	] TRAIN at global step #103 Epoch #2 Step #55 / 151: loss:2.2629, precision: 14.3666
[2021-11-09 16:11:11][__main__	][INFO	] TRAIN at global step #104 Epoch #2 Step #57 / 151: loss:2.1992, precision: 9.4863
[2021-11-09 16:11:19][__main__	][INFO	] TRAIN at global step #105 Epoch #2 Step #59 / 151: loss:2.2353, precision: 11.2944
[2021-11-09 16:11:26][__main__	][INFO	] TRAIN at global step #106 Epoch #2 Step #61 / 151: loss:2.2777, precision: 10.1309
[2021-11-09 16:11:33][__main__	][INFO	] TRAIN at global step #107 Epoch #2 Step #63 / 151: loss:2.1702, precision: 14.8433
[2021-11-09 16:11:40][__main__	][INFO	] TRAIN at global step #108 Epoch #2 Step #65 / 151: loss:2.2550, precision: 11.8754
[2021-11-09 16:11:48][__main__	][INFO	] TRAIN at global step #109 Epoch #2 Step #67 / 151: loss:2.2674, precision: 15.9548
[2021-11-09 16:11:54][__main__	][INFO	] TRAIN at global step #110 Epoch #2 Step #69 / 151: loss:2.1884, precision: 13.3800
[2021-11-09 16:12:02][__main__	][INFO	] TRAIN at global step #111 Epoch #2 Step #71 / 151: loss:2.1350, precision: 12.2307
[2021-11-09 16:12:08][__main__	][INFO	] TRAIN at global step #112 Epoch #2 Step #73 / 151: loss:2.1588, precision: 17.2410
[2021-11-09 16:12:13][__main__	][INFO	] TRAIN at global step #113 Epoch #2 Step #75 / 151: loss:2.1400, precision: 17.7551
[2021-11-09 16:12:19][__main__	][INFO	] TRAIN at global step #114 Epoch #2 Step #77 / 151: loss:2.2440, precision: 12.3706
[2021-11-09 16:12:26][__main__	][INFO	] TRAIN at global step #115 Epoch #2 Step #79 / 151: loss:2.2767, precision: 11.0936
[2021-11-09 16:12:33][__main__	][INFO	] TRAIN at global step #116 Epoch #2 Step #81 / 151: loss:2.1952, precision: 14.9091
[2021-11-09 16:12:40][__main__	][INFO	] TRAIN at global step #117 Epoch #2 Step #83 / 151: loss:2.4023, precision: 7.3421
[2021-11-09 16:12:45][__main__	][INFO	] TRAIN at global step #118 Epoch #2 Step #85 / 151: loss:2.1728, precision: 12.6738
[2021-11-09 16:12:53][__main__	][INFO	] TRAIN at global step #119 Epoch #2 Step #87 / 151: loss:2.0347, precision: 17.8633
[2021-11-09 16:13:02][__main__	][INFO	] TRAIN at global step #120 Epoch #2 Step #89 / 151: loss:2.3353, precision: 11.5089
[2021-11-09 16:13:09][__main__	][INFO	] TRAIN at global step #121 Epoch #2 Step #91 / 151: loss:2.1116, precision: 15.2882
[2021-11-09 16:13:14][__main__	][INFO	] TRAIN at global step #122 Epoch #2 Step #93 / 151: loss:2.2077, precision: 15.5933
[2021-11-09 16:13:21][__main__	][INFO	] TRAIN at global step #123 Epoch #2 Step #95 / 151: loss:1.9067, precision: 20.8982
[2021-11-09 16:13:28][__main__	][INFO	] TRAIN at global step #124 Epoch #2 Step #97 / 151: loss:2.1447, precision: 12.0741
[2021-11-09 16:13:35][__main__	][INFO	] TRAIN at global step #125 Epoch #2 Step #99 / 151: loss:2.2623, precision: 11.3813
[2021-11-09 16:13:42][__main__	][INFO	] TRAIN at global step #126 Epoch #2 Step #101 / 151: loss:2.2761, precision: 12.2996
[2021-11-09 16:13:50][__main__	][INFO	] TRAIN at global step #127 Epoch #2 Step #103 / 151: loss:2.3469, precision: 11.1428
[2021-11-09 16:13:58][__main__	][INFO	] TRAIN at global step #128 Epoch #2 Step #105 / 151: loss:2.3353, precision: 12.1752
[2021-11-09 16:14:04][__main__	][INFO	] TRAIN at global step #129 Epoch #2 Step #107 / 151: loss:2.3678, precision: 10.8489
[2021-11-09 16:14:11][__main__	][INFO	] TRAIN at global step #130 Epoch #2 Step #109 / 151: loss:2.1351, precision: 14.0131
[2021-11-09 16:14:18][__main__	][INFO	] TRAIN at global step #131 Epoch #2 Step #111 / 151: loss:2.1431, precision: 14.5652
[2021-11-09 16:14:24][__main__	][INFO	] TRAIN at global step #132 Epoch #2 Step #113 / 151: loss:2.2977, precision: 12.6327
[2021-11-09 16:14:31][__main__	][INFO	] TRAIN at global step #133 Epoch #2 Step #115 / 151: loss:2.2893, precision: 9.7504
[2021-11-09 16:14:38][__main__	][INFO	] TRAIN at global step #134 Epoch #2 Step #117 / 151: loss:2.1794, precision: 13.5192
[2021-11-09 16:14:43][__main__	][INFO	] TRAIN at global step #135 Epoch #2 Step #119 / 151: loss:2.2182, precision: 13.6137
[2021-11-09 16:14:50][__main__	][INFO	] TRAIN at global step #136 Epoch #2 Step #121 / 151: loss:2.1269, precision: 13.2496
[2021-11-09 16:14:56][__main__	][INFO	] TRAIN at global step #137 Epoch #2 Step #123 / 151: loss:2.0414, precision: 18.4738
[2021-11-09 16:15:03][__main__	][INFO	] TRAIN at global step #138 Epoch #2 Step #125 / 151: loss:2.0737, precision: 13.6231
[2021-11-09 16:15:12][__main__	][INFO	] TRAIN at global step #139 Epoch #2 Step #127 / 151: loss:2.3117, precision: 9.0582
[2021-11-09 16:15:18][__main__	][INFO	] TRAIN at global step #140 Epoch #2 Step #129 / 151: loss:2.2347, precision: 14.6266
[2021-11-09 16:15:25][__main__	][INFO	] TRAIN at global step #141 Epoch #2 Step #131 / 151: loss:2.2291, precision: 10.9581
[2021-11-09 16:15:32][__main__	][INFO	] TRAIN at global step #142 Epoch #2 Step #133 / 151: loss:2.2758, precision: 13.0037
[2021-11-09 16:15:39][__main__	][INFO	] TRAIN at global step #143 Epoch #2 Step #135 / 151: loss:2.2403, precision: 14.5021
[2021-11-09 16:15:44][__main__	][INFO	] TRAIN at global step #144 Epoch #2 Step #137 / 151: loss:2.1409, precision: 17.7435
[2021-11-09 16:15:52][__main__	][INFO	] TRAIN at global step #145 Epoch #2 Step #139 / 151: loss:2.2815, precision: 9.4127
[2021-11-09 16:15:58][__main__	][INFO	] TRAIN at global step #146 Epoch #2 Step #141 / 151: loss:2.0790, precision: 16.7352
[2021-11-09 16:16:03][__main__	][INFO	] TRAIN at global step #147 Epoch #2 Step #143 / 151: loss:2.1012, precision: 16.0696
[2021-11-09 16:16:11][__main__	][INFO	] TRAIN at global step #148 Epoch #2 Step #145 / 151: loss:2.1735, precision: 11.6154
[2021-11-09 16:16:19][__main__	][INFO	] TRAIN at global step #149 Epoch #2 Step #147 / 151: loss:2.0963, precision: 12.7543
[2021-11-09 16:16:26][__main__	][INFO	] TRAIN at global step #150 Epoch #2 Step #149 / 151: loss:1.9738, precision: 16.7471
[2021-11-09 16:16:29][__main__	][INFO	] ---> inference #0 of 156 loss: 3.6058 iou: 0.0527
[2021-11-09 16:16:29][__main__	][INFO	] ---> inference #1 of 156 loss: 3.3684 iou: 0.0587
[2021-11-09 16:16:29][__main__	][INFO	] ---> inference #2 of 156 loss: 2.5837 iou: 0.0457
[2021-11-09 16:16:30][__main__	][INFO	] ---> inference #3 of 156 loss: 2.2389 iou: 0.0490
[2021-11-09 16:16:30][__main__	][INFO	] ---> inference #4 of 156 loss: 3.0812 iou: 0.0586
[2021-11-09 16:16:31][__main__	][INFO	] ---> inference #5 of 156 loss: 2.9624 iou: 0.0512
[2021-11-09 16:16:31][__main__	][INFO	] ---> inference #6 of 156 loss: 2.5711 iou: 0.0348
[2021-11-09 16:16:32][__main__	][INFO	] ---> inference #7 of 156 loss: 2.7452 iou: 0.0390
[2021-11-09 16:16:32][__main__	][INFO	] ---> inference #8 of 156 loss: 3.0642 iou: 0.0369
[2021-11-09 16:16:32][__main__	][INFO	] ---> inference #9 of 156 loss: 3.4858 iou: 0.0333
[2021-11-09 16:16:33][__main__	][INFO	] ---> inference #10 of 156 loss: 3.1160 iou: 0.0646
[2021-11-09 16:16:33][__main__	][INFO	] ---> inference #11 of 156 loss: 4.2962 iou: 0.0242
[2021-11-09 16:16:33][__main__	][INFO	] ---> inference #12 of 156 loss: 3.6479 iou: 0.0572
[2021-11-09 16:16:33][__main__	][INFO	] ---> inference #13 of 156 loss: 2.9779 iou: 0.0367
[2021-11-09 16:16:34][__main__	][INFO	] ---> inference #14 of 156 loss: 3.3103 iou: 0.0410
[2021-11-09 16:16:34][__main__	][INFO	] ---> inference #15 of 156 loss: 3.5395 iou: 0.0860
[2021-11-09 16:16:34][__main__	][INFO	] ---> inference #16 of 156 loss: 3.3296 iou: 0.0684
[2021-11-09 16:16:35][__main__	][INFO	] ---> inference #17 of 156 loss: 3.5557 iou: 0.0632
[2021-11-09 16:16:35][__main__	][INFO	] ---> inference #18 of 156 loss: 3.3411 iou: 0.0537
[2021-11-09 16:16:35][__main__	][INFO	] ---> inference #19 of 156 loss: 2.4233 iou: 0.0360
[2021-11-09 16:16:36][__main__	][INFO	] ---> inference #20 of 156 loss: 3.7626 iou: 0.0430
[2021-11-09 16:16:36][__main__	][INFO	] ---> inference #21 of 156 loss: 3.4224 iou: 0.0448
[2021-11-09 16:16:36][__main__	][INFO	] ---> inference #22 of 156 loss: 2.7607 iou: 0.0610
[2021-11-09 16:16:36][__main__	][INFO	] ---> inference #23 of 156 loss: 2.7018 iou: 0.0548
[2021-11-09 16:16:37][__main__	][INFO	] ---> inference #24 of 156 loss: 2.8942 iou: 0.0538
[2021-11-09 16:16:37][__main__	][INFO	] ---> inference #25 of 156 loss: 2.7315 iou: 0.0321
[2021-11-09 16:16:37][__main__	][INFO	] ---> inference #26 of 156 loss: 2.6099 iou: 0.0227
[2021-11-09 16:16:37][__main__	][INFO	] ---> inference #27 of 156 loss: 2.6834 iou: 0.0219
[2021-11-09 16:16:38][__main__	][INFO	] ---> inference #28 of 156 loss: 3.3497 iou: 0.0592
[2021-11-09 16:16:38][__main__	][INFO	] ---> inference #29 of 156 loss: 4.3591 iou: 0.0482
[2021-11-09 16:16:38][__main__	][INFO	] ---> inference #30 of 156 loss: 3.0593 iou: 0.0426
[2021-11-09 16:16:39][__main__	][INFO	] ---> inference #31 of 156 loss: 3.5591 iou: 0.0477
[2021-11-09 16:16:39][__main__	][INFO	] ---> inference #32 of 156 loss: 3.3822 iou: 0.0311
[2021-11-09 16:16:40][__main__	][INFO	] ---> inference #33 of 156 loss: 2.8563 iou: 0.0341
[2021-11-09 16:16:40][__main__	][INFO	] ---> inference #34 of 156 loss: 3.0277 iou: 0.0282
[2021-11-09 16:16:41][__main__	][INFO	] ---> inference #35 of 156 loss: 3.3398 iou: 0.0379
[2021-11-09 16:16:41][__main__	][INFO	] ---> inference #36 of 156 loss: 3.1694 iou: 0.0346
[2021-11-09 16:16:42][__main__	][INFO	] ---> inference #37 of 156 loss: 3.2879 iou: 0.0376
[2021-11-09 16:16:42][__main__	][INFO	] ---> inference #38 of 156 loss: 3.1083 iou: 0.0442
[2021-11-09 16:16:43][__main__	][INFO	] ---> inference #39 of 156 loss: 4.0304 iou: 0.0613
[2021-11-09 16:16:43][__main__	][INFO	] ---> inference #40 of 156 loss: 3.7717 iou: 0.0304
[2021-11-09 16:16:43][__main__	][INFO	] ---> inference #41 of 156 loss: 3.7765 iou: 0.0220
[2021-11-09 16:16:44][__main__	][INFO	] ---> inference #42 of 156 loss: 3.3630 iou: 0.0479
[2021-11-09 16:16:44][__main__	][INFO	] ---> inference #43 of 156 loss: 3.1231 iou: 0.0394
[2021-11-09 16:16:44][__main__	][INFO	] ---> inference #44 of 156 loss: 2.5511 iou: 0.0339
[2021-11-09 16:16:44][__main__	][INFO	] ---> inference #45 of 156 loss: 3.6258 iou: 0.0274
[2021-11-09 16:16:45][__main__	][INFO	] ---> inference #46 of 156 loss: 3.7013 iou: 0.0331
[2021-11-09 16:16:45][__main__	][INFO	] ---> inference #47 of 156 loss: 3.5500 iou: 0.0347
[2021-11-09 16:16:46][__main__	][INFO	] ---> inference #48 of 156 loss: 3.7345 iou: 0.0488
[2021-11-09 16:16:46][__main__	][INFO	] ---> inference #49 of 156 loss: 3.6760 iou: 0.0376
[2021-11-09 16:16:47][__main__	][INFO	] ---> inference #50 of 156 loss: 3.5603 iou: 0.0374
[2021-11-09 16:16:47][__main__	][INFO	] ---> inference #51 of 156 loss: 4.8654 iou: 0.0189
[2021-11-09 16:16:47][__main__	][INFO	] ---> inference #52 of 156 loss: 4.3305 iou: 0.0315
[2021-11-09 16:16:47][__main__	][INFO	] ---> inference #53 of 156 loss: 2.7378 iou: 0.0403
[2021-11-09 16:16:48][__main__	][INFO	] ---> inference #54 of 156 loss: 3.8825 iou: 0.0541
[2021-11-09 16:16:48][__main__	][INFO	] ---> inference #55 of 156 loss: 2.3942 iou: 0.0440
[2021-11-09 16:16:48][__main__	][INFO	] ---> inference #56 of 156 loss: 2.8581 iou: 0.0366
[2021-11-09 16:16:49][__main__	][INFO	] ---> inference #57 of 156 loss: 3.0146 iou: 0.0527
[2021-11-09 16:16:49][__main__	][INFO	] ---> inference #58 of 156 loss: 4.3642 iou: 0.0561
[2021-11-09 16:16:49][__main__	][INFO	] ---> inference #59 of 156 loss: 3.2362 iou: 0.0381
[2021-11-09 16:16:50][__main__	][INFO	] ---> inference #60 of 156 loss: 3.0071 iou: 0.0417
[2021-11-09 16:16:50][__main__	][INFO	] ---> inference #61 of 156 loss: 2.6642 iou: 0.0481
[2021-11-09 16:16:50][__main__	][INFO	] ---> inference #62 of 156 loss: 2.5768 iou: 0.0476
[2021-11-09 16:16:50][__main__	][INFO	] ---> inference #63 of 156 loss: 2.9923 iou: 0.0361
[2021-11-09 16:16:51][__main__	][INFO	] ---> inference #64 of 156 loss: 3.0419 iou: 0.0414
[2021-11-09 16:16:51][__main__	][INFO	] ---> inference #65 of 156 loss: 3.0121 iou: 0.0388
[2021-11-09 16:16:51][__main__	][INFO	] ---> inference #66 of 156 loss: 3.0114 iou: 0.0295
[2021-11-09 16:16:52][__main__	][INFO	] ---> inference #67 of 156 loss: 2.8986 iou: 0.0313
[2021-11-09 16:16:52][__main__	][INFO	] ---> inference #68 of 156 loss: 3.3872 iou: 0.0591
[2021-11-09 16:16:52][__main__	][INFO	] ---> inference #69 of 156 loss: 5.1480 iou: 0.0064
[2021-11-09 16:16:52][__main__	][INFO	] ---> inference #70 of 156 loss: 3.6819 iou: 0.0330
[2021-11-09 16:16:53][__main__	][INFO	] ---> inference #71 of 156 loss: 2.4350 iou: 0.0440
[2021-11-09 16:16:53][__main__	][INFO	] ---> inference #72 of 156 loss: 2.5645 iou: 0.0573
[2021-11-09 16:16:53][__main__	][INFO	] ---> inference #73 of 156 loss: 3.6109 iou: 0.0717
[2021-11-09 16:16:53][__main__	][INFO	] ---> inference #74 of 156 loss: 3.9656 iou: 0.0455
[2021-11-09 16:16:54][__main__	][INFO	] ---> inference #75 of 156 loss: 3.1327 iou: 0.0326
[2021-11-09 16:16:54][__main__	][INFO	] ---> inference #76 of 156 loss: 2.9790 iou: 0.0340
[2021-11-09 16:16:54][__main__	][INFO	] ---> inference #77 of 156 loss: 2.3801 iou: 0.0673
[2021-11-09 16:16:55][__main__	][INFO	] ---> inference #78 of 156 loss: 2.6910 iou: 0.0576
[2021-11-09 16:16:55][__main__	][INFO	] ---> inference #79 of 156 loss: 2.6371 iou: 0.0569
[2021-11-09 16:16:55][__main__	][INFO	] ---> inference #80 of 156 loss: 2.9309 iou: 0.0386
[2021-11-09 16:16:56][__main__	][INFO	] ---> inference #81 of 156 loss: 3.0166 iou: 0.0504
[2021-11-09 16:16:56][__main__	][INFO	] ---> inference #82 of 156 loss: 3.1207 iou: 0.0271
[2021-11-09 16:16:56][__main__	][INFO	] ---> inference #83 of 156 loss: 3.1334 iou: 0.0587
[2021-11-09 16:16:56][__main__	][INFO	] ---> inference #84 of 156 loss: 3.4956 iou: 0.0629
[2021-11-09 16:16:57][__main__	][INFO	] ---> inference #85 of 156 loss: 3.4277 iou: 0.0588
[2021-11-09 16:16:57][__main__	][INFO	] ---> inference #86 of 156 loss: 3.5636 iou: 0.0223
[2021-11-09 16:16:57][__main__	][INFO	] ---> inference #87 of 156 loss: 3.8249 iou: 0.0447
[2021-11-09 16:16:58][__main__	][INFO	] ---> inference #88 of 156 loss: 3.6614 iou: 0.0502
[2021-11-09 16:16:58][__main__	][INFO	] ---> inference #89 of 156 loss: 3.6075 iou: 0.0440
[2021-11-09 16:16:58][__main__	][INFO	] ---> inference #90 of 156 loss: 2.5403 iou: 0.0546
[2021-11-09 16:16:58][__main__	][INFO	] ---> inference #91 of 156 loss: 3.1222 iou: 0.0496
[2021-11-09 16:16:59][__main__	][INFO	] ---> inference #92 of 156 loss: 3.8493 iou: 0.0253
[2021-11-09 16:16:59][__main__	][INFO	] ---> inference #93 of 156 loss: 3.3930 iou: 0.0590
[2021-11-09 16:16:59][__main__	][INFO	] ---> inference #94 of 156 loss: 3.9498 iou: 0.0359
[2021-11-09 16:17:00][__main__	][INFO	] ---> inference #95 of 156 loss: 3.3749 iou: 0.0418
[2021-11-09 16:17:00][__main__	][INFO	] ---> inference #96 of 156 loss: 3.4105 iou: 0.0378
[2021-11-09 16:17:00][__main__	][INFO	] ---> inference #97 of 156 loss: 3.2321 iou: 0.0248
[2021-11-09 16:17:00][__main__	][INFO	] ---> inference #98 of 156 loss: 2.9130 iou: 0.0731
[2021-11-09 16:17:01][__main__	][INFO	] ---> inference #99 of 156 loss: 2.8981 iou: 0.0627
[2021-11-09 16:17:01][__main__	][INFO	] ---> inference #100 of 156 loss: 3.0619 iou: 0.0568
[2021-11-09 16:17:01][__main__	][INFO	] ---> inference #101 of 156 loss: 2.2475 iou: 0.0521
[2021-11-09 16:17:02][__main__	][INFO	] ---> inference #102 of 156 loss: 3.5615 iou: 0.0308
[2021-11-09 16:17:02][__main__	][INFO	] ---> inference #103 of 156 loss: 3.4053 iou: 0.0289
[2021-11-09 16:17:02][__main__	][INFO	] ---> inference #104 of 156 loss: 2.9082 iou: 0.0333
[2021-11-09 16:17:03][__main__	][INFO	] ---> inference #105 of 156 loss: 2.9788 iou: 0.0511
[2021-11-09 16:17:03][__main__	][INFO	] ---> inference #106 of 156 loss: 3.4113 iou: 0.0323
[2021-11-09 16:17:03][__main__	][INFO	] ---> inference #107 of 156 loss: 3.4270 iou: 0.0263
[2021-11-09 16:17:04][__main__	][INFO	] ---> inference #108 of 156 loss: 2.8816 iou: 0.0559
[2021-11-09 16:17:04][__main__	][INFO	] ---> inference #109 of 156 loss: 3.5822 iou: 0.0466
[2021-11-09 16:17:04][__main__	][INFO	] ---> inference #110 of 156 loss: 4.0060 iou: 0.0311
[2021-11-09 16:17:05][__main__	][INFO	] ---> inference #111 of 156 loss: 3.9773 iou: 0.0515
[2021-11-09 16:17:05][__main__	][INFO	] ---> inference #112 of 156 loss: 3.1620 iou: 0.0550
[2021-11-09 16:17:06][__main__	][INFO	] ---> inference #113 of 156 loss: 3.3908 iou: 0.0450
[2021-11-09 16:17:06][__main__	][INFO	] ---> inference #114 of 156 loss: 4.8166 iou: 0.0155
[2021-11-09 16:17:06][__main__	][INFO	] ---> inference #115 of 156 loss: 3.6827 iou: 0.0341
[2021-11-09 16:17:07][__main__	][INFO	] ---> inference #116 of 156 loss: 3.3378 iou: 0.0460
[2021-11-09 16:17:07][__main__	][INFO	] ---> inference #117 of 156 loss: 3.0960 iou: 0.0541
[2021-11-09 16:17:08][__main__	][INFO	] ---> inference #118 of 156 loss: 3.0811 iou: 0.0352
[2021-11-09 16:17:08][__main__	][INFO	] ---> inference #119 of 156 loss: 3.1207 iou: 0.0238
[2021-11-09 16:17:08][__main__	][INFO	] ---> inference #120 of 156 loss: 3.3832 iou: 0.0517
[2021-11-09 16:17:09][__main__	][INFO	] ---> inference #121 of 156 loss: 3.1248 iou: 0.0353
[2021-11-09 16:17:09][__main__	][INFO	] ---> inference #122 of 156 loss: 3.6586 iou: 0.0383
[2021-11-09 16:17:10][__main__	][INFO	] ---> inference #123 of 156 loss: 3.1222 iou: 0.0702
[2021-11-09 16:17:10][__main__	][INFO	] ---> inference #124 of 156 loss: 2.7894 iou: 0.0604
[2021-11-09 16:17:10][__main__	][INFO	] ---> inference #125 of 156 loss: 3.2416 iou: 0.0390
[2021-11-09 16:17:11][__main__	][INFO	] ---> inference #126 of 156 loss: 3.0306 iou: 0.0596
[2021-11-09 16:17:11][__main__	][INFO	] ---> inference #127 of 156 loss: 2.9232 iou: 0.0706
[2021-11-09 16:17:11][__main__	][INFO	] ---> inference #128 of 156 loss: 3.1765 iou: 0.0792
[2021-11-09 16:17:12][__main__	][INFO	] ---> inference #129 of 156 loss: 3.4803 iou: 0.0638
[2021-11-09 16:17:12][__main__	][INFO	] ---> inference #130 of 156 loss: 2.9073 iou: 0.0549
[2021-11-09 16:17:12][__main__	][INFO	] ---> inference #131 of 156 loss: 2.9060 iou: 0.0307
[2021-11-09 16:17:13][__main__	][INFO	] ---> inference #132 of 156 loss: 2.6948 iou: 0.0304
[2021-11-09 16:17:13][__main__	][INFO	] ---> inference #133 of 156 loss: 3.7896 iou: 0.0573
[2021-11-09 16:17:13][__main__	][INFO	] ---> inference #134 of 156 loss: 3.6469 iou: 0.0287
[2021-11-09 16:17:14][__main__	][INFO	] ---> inference #135 of 156 loss: 4.7954 iou: 0.0184
[2021-11-09 16:17:14][__main__	][INFO	] ---> inference #136 of 156 loss: 3.8363 iou: 0.0128
[2021-11-09 16:17:14][__main__	][INFO	] ---> inference #137 of 156 loss: 3.9076 iou: 0.0169
[2021-11-09 16:17:15][__main__	][INFO	] ---> inference #138 of 156 loss: 2.7609 iou: 0.0537
[2021-11-09 16:17:15][__main__	][INFO	] ---> inference #139 of 156 loss: 2.3178 iou: 0.0535
[2021-11-09 16:17:15][__main__	][INFO	] ---> inference #140 of 156 loss: 2.8982 iou: 0.0387
[2021-11-09 16:17:15][__main__	][INFO	] ---> inference #141 of 156 loss: 3.3366 iou: 0.0605
[2021-11-09 16:17:16][__main__	][INFO	] ---> inference #142 of 156 loss: 3.5024 iou: 0.0150
[2021-11-09 16:17:16][__main__	][INFO	] ---> inference #143 of 156 loss: 2.4873 iou: 0.0367
[2021-11-09 16:17:16][__main__	][INFO	] ---> inference #144 of 156 loss: 2.7129 iou: 0.0385
[2021-11-09 16:17:16][__main__	][INFO	] ---> inference #145 of 156 loss: 2.7208 iou: 0.0439
[2021-11-09 16:17:17][__main__	][INFO	] ---> inference #146 of 156 loss: 2.8456 iou: 0.0424
[2021-11-09 16:17:17][__main__	][INFO	] ---> inference #147 of 156 loss: 3.1544 iou: 0.0352
[2021-11-09 16:17:17][__main__	][INFO	] ---> inference #148 of 156 loss: 2.8324 iou: 0.0335
[2021-11-09 16:17:18][__main__	][INFO	] ---> inference #149 of 156 loss: 2.8351 iou: 0.0315
[2021-11-09 16:17:18][__main__	][INFO	] ---> inference #150 of 156 loss: 3.0160 iou: 0.0457
[2021-11-09 16:17:18][__main__	][INFO	] ---> inference #151 of 156 loss: 3.0835 iou: 0.0556
[2021-11-09 16:17:18][__main__	][INFO	] ---> inference #152 of 156 loss: 3.8523 iou: 0.0165
[2021-11-09 16:17:18][__main__	][INFO	] ---> inference #153 of 156 loss: 3.7706 iou: 0.0305
[2021-11-09 16:17:19][__main__	][INFO	] ---> inference #154 of 156 loss: 2.6397 iou: 0.0301
[2021-11-09 16:17:19][__main__	][INFO	] ---> inference #155 of 156 loss: 3.1295 iou: 0.0314
[2021-11-09 16:17:20][__main__	][INFO	] VAL   at global step #150: loss (avg): 3.2512, iou (avg): 0.0430
[2021-11-09 16:17:20][__main__	][INFO	] VAL   at global step #150: iou (cls#0): 0.5484
[2021-11-09 16:17:20][__main__	][INFO	] VAL   at global step #150: iou (cls#1): 0.0000
[2021-11-09 16:17:20][__main__	][INFO	] VAL   at global step #150: iou (cls#2): 0.0047
[2021-11-09 16:17:20][__main__	][INFO	] VAL   at global step #150: iou (cls#3): 0.0000
[2021-11-09 16:17:20][__main__	][INFO	] VAL   at global step #150: iou (cls#4): 0.1310
[2021-11-09 16:17:20][__main__	][INFO	] VAL   at global step #150: iou (cls#5): 0.0000
[2021-11-09 16:17:20][__main__	][INFO	] VAL   at global step #150: iou (cls#6): 0.0775
[2021-11-09 16:17:20][__main__	][INFO	] VAL   at global step #150: iou (cls#7): 0.0104
[2021-11-09 16:17:20][__main__	][INFO	] VAL   at global step #150: iou (cls#8): 0.0886
[2021-11-09 16:17:20][__main__	][INFO	] VAL   at global step #150: iou (cls#9): 0.0003
[2021-11-09 16:17:20][__main__	][INFO	] VAL   at global step #150: iou (cls#10): 0.0000
[2021-11-09 16:17:20][__main__	][INFO	] VAL   at global step #150: iou (cls#11): 0.0000
[2021-11-09 16:17:20][__main__	][INFO	] VAL   at global step #150: iou (cls#12): 0.0000
[2021-11-09 16:17:20][__main__	][INFO	] VAL   at global step #150: iou (cls#13): 0.0000
[2021-11-09 16:17:20][__main__	][INFO	] VAL   at global step #150: iou (cls#14): 0.0000
[2021-11-09 16:17:20][__main__	][INFO	] VAL   at global step #150: iou (cls#15): 0.0000
[2021-11-09 16:17:20][__main__	][INFO	] VAL   at global step #150: iou (cls#16): 0.0000
[2021-11-09 16:17:20][__main__	][INFO	] VAL   at global step #150: iou (cls#17): 0.0000
[2021-11-09 16:17:20][__main__	][INFO	] VAL   at global step #150: iou (cls#18): 0.0000
[2021-11-09 16:17:20][__main__	][INFO	] VAL   at global step #150: iou (cls#19): 0.0000
[2021-11-09 16:17:20][__main__	][INFO	] Better checkpoint saved
[2021-11-09 16:17:28][__main__	][INFO	] TRAIN at global step #151 Epoch #2 Step #151 / 151: loss:2.3100, precision: 11.8389
[2021-11-09 16:17:30][__main__	][INFO	] Checkpoint at epoch #1 saved
[2021-11-09 16:17:47][__main__	][INFO	] TRAIN at global step #152 Epoch #3 Step #2 / 151: loss:2.2564, precision: 12.4804
[2021-11-09 16:17:54][__main__	][INFO	] TRAIN at global step #153 Epoch #3 Step #4 / 151: loss:2.0149, precision: 16.3599
[2021-11-09 16:17:59][__main__	][INFO	] TRAIN at global step #154 Epoch #3 Step #6 / 151: loss:2.1987, precision: 14.5019
[2021-11-09 16:18:06][__main__	][INFO	] TRAIN at global step #155 Epoch #3 Step #8 / 151: loss:2.1027, precision: 15.4139
[2021-11-09 16:18:12][__main__	][INFO	] TRAIN at global step #156 Epoch #3 Step #10 / 151: loss:2.4129, precision: 9.0941
[2021-11-09 16:18:17][__main__	][INFO	] TRAIN at global step #157 Epoch #3 Step #12 / 151: loss:2.2571, precision: 13.1119
[2021-11-09 16:18:24][__main__	][INFO	] TRAIN at global step #158 Epoch #3 Step #14 / 151: loss:1.9487, precision: 19.0590
[2021-11-09 16:18:30][__main__	][INFO	] TRAIN at global step #159 Epoch #3 Step #16 / 151: loss:2.1461, precision: 16.0249
[2021-11-09 16:18:39][__main__	][INFO	] TRAIN at global step #160 Epoch #3 Step #18 / 151: loss:2.1088, precision: 14.0683
[2021-11-09 16:18:46][__main__	][INFO	] TRAIN at global step #161 Epoch #3 Step #20 / 151: loss:2.2279, precision: 12.1933
[2021-11-09 16:18:51][__main__	][INFO	] TRAIN at global step #162 Epoch #3 Step #22 / 151: loss:2.2663, precision: 11.4421
[2021-11-09 16:18:57][__main__	][INFO	] TRAIN at global step #163 Epoch #3 Step #24 / 151: loss:2.1449, precision: 14.6700
[2021-11-09 16:19:04][__main__	][INFO	] TRAIN at global step #164 Epoch #3 Step #26 / 151: loss:2.2709, precision: 10.3681
[2021-11-09 16:19:10][__main__	][INFO	] TRAIN at global step #165 Epoch #3 Step #28 / 151: loss:2.1210, precision: 17.0270
[2021-11-09 16:19:16][__main__	][INFO	] TRAIN at global step #166 Epoch #3 Step #30 / 151: loss:2.0005, precision: 17.6047
[2021-11-09 16:19:23][__main__	][INFO	] TRAIN at global step #167 Epoch #3 Step #32 / 151: loss:2.0573, precision: 14.9470
[2021-11-09 16:19:30][__main__	][INFO	] TRAIN at global step #168 Epoch #3 Step #34 / 151: loss:2.1271, precision: 12.9180
[2021-11-09 16:19:36][__main__	][INFO	] TRAIN at global step #169 Epoch #3 Step #36 / 151: loss:2.0029, precision: 13.0851
[2021-11-09 16:19:44][__main__	][INFO	] TRAIN at global step #170 Epoch #3 Step #38 / 151: loss:1.9473, precision: 20.6304
[2021-11-09 16:19:50][__main__	][INFO	] TRAIN at global step #171 Epoch #3 Step #40 / 151: loss:2.0917, precision: 16.5322
[2021-11-09 16:19:57][__main__	][INFO	] TRAIN at global step #172 Epoch #3 Step #42 / 151: loss:2.2070, precision: 12.3216
[2021-11-09 16:20:03][__main__	][INFO	] TRAIN at global step #173 Epoch #3 Step #44 / 151: loss:2.2882, precision: 11.8069
[2021-11-09 16:20:11][__main__	][INFO	] TRAIN at global step #174 Epoch #3 Step #46 / 151: loss:2.2346, precision: 14.2891
[2021-11-09 16:20:18][__main__	][INFO	] TRAIN at global step #175 Epoch #3 Step #48 / 151: loss:2.2471, precision: 9.9087
[2021-11-09 16:20:25][__main__	][INFO	] TRAIN at global step #176 Epoch #3 Step #50 / 151: loss:2.1990, precision: 13.3239
[2021-11-09 16:20:31][__main__	][INFO	] TRAIN at global step #177 Epoch #3 Step #52 / 151: loss:2.1024, precision: 14.8290
[2021-11-09 16:20:38][__main__	][INFO	] TRAIN at global step #178 Epoch #3 Step #54 / 151: loss:2.0780, precision: 11.8386
[2021-11-09 16:20:45][__main__	][INFO	] TRAIN at global step #179 Epoch #3 Step #56 / 151: loss:2.2369, precision: 10.6615
[2021-11-09 16:20:53][__main__	][INFO	] TRAIN at global step #180 Epoch #3 Step #58 / 151: loss:2.2252, precision: 11.9042
[2021-11-09 16:21:00][__main__	][INFO	] TRAIN at global step #181 Epoch #3 Step #60 / 151: loss:2.1249, precision: 12.3236
[2021-11-09 16:21:07][__main__	][INFO	] TRAIN at global step #182 Epoch #3 Step #62 / 151: loss:1.9946, precision: 16.8074
[2021-11-09 16:21:14][__main__	][INFO	] TRAIN at global step #183 Epoch #3 Step #64 / 151: loss:2.1263, precision: 16.4763
[2021-11-09 16:21:20][__main__	][INFO	] TRAIN at global step #184 Epoch #3 Step #66 / 151: loss:2.0819, precision: 15.2552
[2021-11-09 16:21:26][__main__	][INFO	] TRAIN at global step #185 Epoch #3 Step #68 / 151: loss:2.1921, precision: 12.0770
[2021-11-09 16:21:32][__main__	][INFO	] TRAIN at global step #186 Epoch #3 Step #70 / 151: loss:2.0395, precision: 17.6981
[2021-11-09 16:21:39][__main__	][INFO	] TRAIN at global step #187 Epoch #3 Step #72 / 151: loss:2.0492, precision: 16.0174
[2021-11-09 16:21:47][__main__	][INFO	] TRAIN at global step #188 Epoch #3 Step #74 / 151: loss:1.9944, precision: 18.0479
[2021-11-09 16:21:53][__main__	][INFO	] TRAIN at global step #189 Epoch #3 Step #76 / 151: loss:2.2013, precision: 15.9768
[2021-11-09 16:22:00][__main__	][INFO	] TRAIN at global step #190 Epoch #3 Step #78 / 151: loss:2.0652, precision: 14.7943
[2021-11-09 16:22:08][__main__	][INFO	] TRAIN at global step #191 Epoch #3 Step #80 / 151: loss:2.4873, precision: 7.5673
[2021-11-09 16:22:17][__main__	][INFO	] TRAIN at global step #192 Epoch #3 Step #82 / 151: loss:2.0802, precision: 13.5284
[2021-11-09 16:22:26][__main__	][INFO	] TRAIN at global step #193 Epoch #3 Step #84 / 151: loss:2.0705, precision: 14.7394
[2021-11-09 16:22:31][__main__	][INFO	] TRAIN at global step #194 Epoch #3 Step #86 / 151: loss:2.1208, precision: 12.6000
[2021-11-09 16:22:39][__main__	][INFO	] TRAIN at global step #195 Epoch #3 Step #88 / 151: loss:2.0796, precision: 15.8620
[2021-11-09 16:22:47][__main__	][INFO	] TRAIN at global step #196 Epoch #3 Step #90 / 151: loss:2.1767, precision: 12.5075
[2021-11-09 16:22:53][__main__	][INFO	] TRAIN at global step #197 Epoch #3 Step #92 / 151: loss:2.0960, precision: 13.0738
[2021-11-09 16:22:59][__main__	][INFO	] TRAIN at global step #198 Epoch #3 Step #94 / 151: loss:2.1196, precision: 12.3102
[2021-11-09 16:23:06][__main__	][INFO	] TRAIN at global step #199 Epoch #3 Step #96 / 151: loss:2.0752, precision: 15.0611
[2021-11-09 16:23:12][__main__	][INFO	] TRAIN at global step #200 Epoch #3 Step #98 / 151: loss:2.0968, precision: 11.8514
[2021-11-09 16:23:20][__main__	][INFO	] TRAIN at global step #201 Epoch #3 Step #100 / 151: loss:2.0411, precision: 14.8397
[2021-11-09 16:23:27][__main__	][INFO	] TRAIN at global step #202 Epoch #3 Step #102 / 151: loss:2.1246, precision: 9.8957
[2021-11-09 16:23:34][__main__	][INFO	] TRAIN at global step #203 Epoch #3 Step #104 / 151: loss:2.0228, precision: 15.5615
[2021-11-09 16:23:41][__main__	][INFO	] TRAIN at global step #204 Epoch #3 Step #106 / 151: loss:2.0457, precision: 15.6392
[2021-11-09 16:23:49][__main__	][INFO	] TRAIN at global step #205 Epoch #3 Step #108 / 151: loss:1.9089, precision: 18.7435
[2021-11-09 16:23:55][__main__	][INFO	] TRAIN at global step #206 Epoch #3 Step #110 / 151: loss:2.0418, precision: 18.4693
[2021-11-09 16:24:02][__main__	][INFO	] TRAIN at global step #207 Epoch #3 Step #112 / 151: loss:2.1564, precision: 13.6073
[2021-11-09 16:24:09][__main__	][INFO	] TRAIN at global step #208 Epoch #3 Step #114 / 151: loss:2.0945, precision: 14.7106
[2021-11-09 16:24:17][__main__	][INFO	] TRAIN at global step #209 Epoch #3 Step #116 / 151: loss:2.1237, precision: 12.0764
[2021-11-09 16:24:24][__main__	][INFO	] TRAIN at global step #210 Epoch #3 Step #118 / 151: loss:2.0659, precision: 18.3259
[2021-11-09 16:24:31][__main__	][INFO	] TRAIN at global step #211 Epoch #3 Step #120 / 151: loss:2.1268, precision: 16.1395
[2021-11-09 16:24:36][__main__	][INFO	] TRAIN at global step #212 Epoch #3 Step #122 / 151: loss:2.2460, precision: 12.4707
[2021-11-09 16:24:43][__main__	][INFO	] TRAIN at global step #213 Epoch #3 Step #124 / 151: loss:2.0122, precision: 17.0708
[2021-11-09 16:24:49][__main__	][INFO	] TRAIN at global step #214 Epoch #3 Step #126 / 151: loss:2.0282, precision: 18.6058
[2021-11-09 16:24:56][__main__	][INFO	] TRAIN at global step #215 Epoch #3 Step #128 / 151: loss:2.2888, precision: 13.7539
[2021-11-09 16:25:02][__main__	][INFO	] TRAIN at global step #216 Epoch #3 Step #130 / 151: loss:2.2123, precision: 14.1326
[2021-11-09 16:25:08][__main__	][INFO	] TRAIN at global step #217 Epoch #3 Step #132 / 151: loss:2.1489, precision: 14.3828
[2021-11-09 16:25:14][__main__	][INFO	] TRAIN at global step #218 Epoch #3 Step #134 / 151: loss:2.0728, precision: 11.0683
[2021-11-09 16:25:20][__main__	][INFO	] TRAIN at global step #219 Epoch #3 Step #136 / 151: loss:1.9182, precision: 19.4632
[2021-11-09 16:25:26][__main__	][INFO	] TRAIN at global step #220 Epoch #3 Step #138 / 151: loss:2.3429, precision: 10.9697
[2021-11-09 16:25:33][__main__	][INFO	] TRAIN at global step #221 Epoch #3 Step #140 / 151: loss:2.1414, precision: 14.3532
[2021-11-09 16:25:38][__main__	][INFO	] TRAIN at global step #222 Epoch #3 Step #142 / 151: loss:2.3533, precision: 9.4584
[2021-11-09 16:25:43][__main__	][INFO	] TRAIN at global step #223 Epoch #3 Step #144 / 151: loss:2.1881, precision: 14.6949
[2021-11-09 16:25:49][__main__	][INFO	] TRAIN at global step #224 Epoch #3 Step #146 / 151: loss:2.0229, precision: 16.9857
[2021-11-09 16:25:56][__main__	][INFO	] TRAIN at global step #225 Epoch #3 Step #148 / 151: loss:2.0352, precision: 14.2229
[2021-11-09 16:26:02][__main__	][INFO	] TRAIN at global step #226 Epoch #3 Step #150 / 151: loss:2.2892, precision: 13.1193
[2021-11-09 16:26:05][__main__	][INFO	] Checkpoint at epoch #2 saved
[2021-11-09 16:26:13][__main__	][INFO	] TRAIN at global step #227 Epoch #4 Step #1 / 151: loss:2.2676, precision: 8.8648
[2021-11-09 16:26:19][__main__	][INFO	] TRAIN at global step #228 Epoch #4 Step #3 / 151: loss:2.1946, precision: 14.5444
[2021-11-09 16:26:26][__main__	][INFO	] TRAIN at global step #229 Epoch #4 Step #5 / 151: loss:2.0725, precision: 15.0859
[2021-11-09 16:26:33][__main__	][INFO	] TRAIN at global step #230 Epoch #4 Step #7 / 151: loss:1.9662, precision: 16.8882
[2021-11-09 16:26:40][__main__	][INFO	] TRAIN at global step #231 Epoch #4 Step #9 / 151: loss:2.0022, precision: 15.2379
[2021-11-09 16:26:45][__main__	][INFO	] TRAIN at global step #232 Epoch #4 Step #11 / 151: loss:2.0548, precision: 14.9680
[2021-11-09 16:26:52][__main__	][INFO	] TRAIN at global step #233 Epoch #4 Step #13 / 151: loss:2.0290, precision: 17.4210
[2021-11-09 16:27:00][__main__	][INFO	] TRAIN at global step #234 Epoch #4 Step #15 / 151: loss:2.0082, precision: 17.3813
[2021-11-09 16:27:05][__main__	][INFO	] TRAIN at global step #235 Epoch #4 Step #17 / 151: loss:1.9696, precision: 16.3944
[2021-11-09 16:27:11][__main__	][INFO	] TRAIN at global step #236 Epoch #4 Step #19 / 151: loss:2.0573, precision: 14.5057
[2021-11-09 16:27:18][__main__	][INFO	] TRAIN at global step #237 Epoch #4 Step #21 / 151: loss:1.9667, precision: 20.4953
[2021-11-09 16:27:24][__main__	][INFO	] TRAIN at global step #238 Epoch #4 Step #23 / 151: loss:1.9439, precision: 13.4339
[2021-11-09 16:27:29][__main__	][INFO	] TRAIN at global step #239 Epoch #4 Step #25 / 151: loss:2.1412, precision: 16.9107
[2021-11-09 16:27:36][__main__	][INFO	] TRAIN at global step #240 Epoch #4 Step #27 / 151: loss:2.1290, precision: 14.2191
[2021-11-09 16:27:45][__main__	][INFO	] TRAIN at global step #241 Epoch #4 Step #29 / 151: loss:1.9480, precision: 17.9668
[2021-11-09 16:27:53][__main__	][INFO	] TRAIN at global step #242 Epoch #4 Step #31 / 151: loss:2.0115, precision: 16.5685
[2021-11-09 16:28:00][__main__	][INFO	] TRAIN at global step #243 Epoch #4 Step #33 / 151: loss:2.1882, precision: 14.0256
[2021-11-09 16:28:05][__main__	][INFO	] TRAIN at global step #244 Epoch #4 Step #35 / 151: loss:1.8857, precision: 21.3886
[2021-11-09 16:28:11][__main__	][INFO	] TRAIN at global step #245 Epoch #4 Step #37 / 151: loss:2.0100, precision: 16.8688
[2021-11-09 16:28:17][__main__	][INFO	] TRAIN at global step #246 Epoch #4 Step #39 / 151: loss:2.0992, precision: 14.8896
[2021-11-09 16:28:25][__main__	][INFO	] TRAIN at global step #247 Epoch #4 Step #41 / 151: loss:1.9585, precision: 16.3600
[2021-11-09 16:28:30][__main__	][INFO	] TRAIN at global step #248 Epoch #4 Step #43 / 151: loss:1.9303, precision: 17.5523
[2021-11-09 16:28:37][__main__	][INFO	] TRAIN at global step #249 Epoch #4 Step #45 / 151: loss:1.8748, precision: 18.4787
[2021-11-09 16:28:44][__main__	][INFO	] TRAIN at global step #250 Epoch #4 Step #47 / 151: loss:2.2938, precision: 10.4481
[2021-11-09 16:28:51][__main__	][INFO	] TRAIN at global step #251 Epoch #4 Step #49 / 151: loss:2.2533, precision: 10.6791
[2021-11-09 16:28:58][__main__	][INFO	] TRAIN at global step #252 Epoch #4 Step #51 / 151: loss:2.2819, precision: 11.5985
[2021-11-09 16:29:04][__main__	][INFO	] TRAIN at global step #253 Epoch #4 Step #53 / 151: loss:2.0588, precision: 18.1654
[2021-11-09 16:29:10][__main__	][INFO	] TRAIN at global step #254 Epoch #4 Step #55 / 151: loss:2.0442, precision: 15.4811
[2021-11-09 16:29:17][__main__	][INFO	] TRAIN at global step #255 Epoch #4 Step #57 / 151: loss:2.0628, precision: 15.4768
[2021-11-09 16:29:24][__main__	][INFO	] TRAIN at global step #256 Epoch #4 Step #59 / 151: loss:2.0914, precision: 16.8191
[2021-11-09 16:29:31][__main__	][INFO	] TRAIN at global step #257 Epoch #4 Step #61 / 151: loss:1.9316, precision: 15.1216
[2021-11-09 16:29:38][__main__	][INFO	] TRAIN at global step #258 Epoch #4 Step #63 / 151: loss:2.1206, precision: 14.1903
[2021-11-09 16:29:45][__main__	][INFO	] TRAIN at global step #259 Epoch #4 Step #65 / 151: loss:1.8628, precision: 18.9271
[2021-11-09 16:29:52][__main__	][INFO	] TRAIN at global step #260 Epoch #4 Step #67 / 151: loss:2.0528, precision: 14.5948
[2021-11-09 16:29:59][__main__	][INFO	] TRAIN at global step #261 Epoch #4 Step #69 / 151: loss:2.1022, precision: 16.0065
[2021-11-09 16:30:07][__main__	][INFO	] TRAIN at global step #262 Epoch #4 Step #71 / 151: loss:1.9798, precision: 16.1221
[2021-11-09 16:30:13][__main__	][INFO	] TRAIN at global step #263 Epoch #4 Step #73 / 151: loss:1.9644, precision: 17.0221
Traceback (most recent call last):
  File "new.py", line 1012, in <module>
    main()
  File "new.py", line 90, in main
    main_worker()
  File "new.py", line 217, in main_worker
    train(model, train_dataloader, val_dataloader, config, logger, rank=rank, world_size=world_size)
  File "new.py", line 747, in train
    loss.backward()
  File "/home/aidrive/tb5zhh/.conda/envs/tbw_3dscan/lib/python3.8/site-packages/torch/tensor.py", line 245, in backward
    torch.autograd.backward(self, gradient, retain_graph, create_graph, inputs=inputs)
  File "/home/aidrive/tb5zhh/.conda/envs/tbw_3dscan/lib/python3.8/site-packages/torch/autograd/__init__.py", line 145, in backward
    Variable._execution_engine.run_backward(
RuntimeError: CUDA out of memory. Tried to allocate 482.00 MiB (GPU 0; 19.62 GiB total capacity; 16.81 GiB already allocated; 443.12 MiB free; 17.59 GiB reserved in total by PyTorch)

wandb: Waiting for W&B process to finish, PID 232402... (failed 1). Press ctrl-c to abort syncing.
wandb: - 0.05MB of 0.05MB uploaded (0.00MB deduped)wandb: \ 0.05MB of 0.05MB uploaded (0.00MB deduped)wandb: | 0.05MB of 0.06MB uploaded (0.00MB deduped)wandb: / 0.05MB of 0.11MB uploaded (0.00MB deduped)wandb: - 0.05MB of 0.11MB uploaded (0.00MB deduped)wandb: \ 0.05MB of 0.11MB uploaded (0.00MB deduped)wandb: | 0.05MB of 0.11MB uploaded (0.00MB deduped)wandb: / 0.05MB of 0.11MB uploaded (0.00MB deduped)wandb: - 0.11MB of 0.11MB uploaded (0.00MB deduped)wandb: \ 0.11MB of 0.11MB uploaded (0.00MB deduped)wandb: | 0.11MB of 0.11MB uploaded (0.00MB deduped)wandb: / 0.11MB of 0.11MB uploaded (0.00MB deduped)wandb: - 0.11MB of 0.11MB uploaded (0.00MB deduped)wandb: \ 0.11MB of 0.11MB uploaded (0.00MB deduped)wandb: | 0.11MB of 0.11MB uploaded (0.00MB deduped)wandb: / 0.11MB of 0.11MB uploaded (0.00MB deduped)wandb: - 0.11MB of 0.11MB uploaded (0.00MB deduped)wandb: \ 0.11MB of 0.11MB uploaded (0.00MB deduped)wandb:                                                                                
wandb: Run history:
wandb:     global_step ▁▁▁▂▂▂▂▂▂▃▃▃▃▃▃▄▄▄▄▄▅▅▅▅▅▅▆▆▆▆▆▆▇▇▇▇▇███
wandb:   learning rate ████▇▇▇▇▇▆▆▆▆▆▆▅▅▅▅▅▅▄▄▄▄▄▃▃▃▃▃▃▂▂▂▂▂▁▁▁
wandb:            loss █▆▄▅▅▅▅▄▄▄▅▄▃▄▃▄▄▃▄▄▄▄▃▄▃▃▃▃▂▂▃▂▄▄▂▂▃▁▄▂
wandb:      optim_step ▁▁▁▁▂▂▂▂▂▃▃▃▃▃▃▄▄▄▄▄▅▅▅▅▅▅▆▆▆▆▆▆▇▇▇▇▇███
wandb:       precision ▁▄▃▃▃▂▃▅▃▄▃▂▅▃▆▃▄▆▄▄▄▅▄▄▅▄▄▄▅▅▄▆▄▄▆▅▅█▄▅
wandb:        val_loss ▁
wandb:   val_miou_mean ▁
wandb:        val_step ▁
wandb: 
wandb: Run summary:
wandb:     global_step 263
wandb:   learning rate 0.09921
wandb:            loss 1.96435
wandb:      optim_step 263
wandb:       precision 17.02209
wandb:        val_loss 3.25119
wandb:   val_miou_mean 0.04305
wandb:        val_step 1
wandb: 
wandb: Synced 6 W&B file(s), 0 media file(s), 0 artifact file(s) and 1 other file(s)
wandb: Synced wise-tree-280: https://wandb.ai/tb5zhh/3dsp/runs/hn84u400
wandb: Find logs at: ./wandb/run-20211109_155915-hn84u400/logs/debug.log
wandb: 
