20_fit_sdouble
/home/aidrive/tb5zhh/.conda/envs/tbw_3dscan/lib/python3.8/site-packages/MinkowskiEngine/__init__.py:36: UserWarning: The environment variable `OMP_NUM_THREADS` not set. MinkowskiEngine will automatically set `OMP_NUM_THREADS=16`. If you want to set `OMP_NUM_THREADS` manually, please export it on the command line before running a python script. e.g. `export OMP_NUM_THREADS=12; python your_program.py`. It is recommended to set it below 24.
  warnings.warn(
[2021-11-09 15:58:53][__main__	][INFO	] Run with 1 cpu
[2021-11-09 15:58:53][__main__	][INFO	] Running config
[2021-11-09 15:58:53][__main__	][INFO	] --->                          model: Res16UNet34C
[2021-11-09 15:58:53][__main__	][INFO	] --->              conv1_kernel_size: 5
[2021-11-09 15:58:53][__main__	][INFO	] --->                        weights: checkpoints/pretrain_20000.pth
[2021-11-09 15:58:53][__main__	][INFO	] --->                       weights1: /home/aidrive1/workspace/luoly/dataset/final/min_weights/LR/unc/1/512/checkpoint_NoneRes16UNet34Cbest_val.pth
[2021-11-09 15:58:53][__main__	][INFO	] --->                       weights2: /home/aidrive1/workspace/luoly/dataset/final/min_weights/LR/512/1/checkpoint_NoneRes16UNet34Cbest_val.pth
[2021-11-09 15:58:53][__main__	][INFO	] --->                       weights3: /home/aidrive1/workspace/luoly/dataset/final/min_weights/LR/1024/1/checkpoint_NoneRes16UNet34Cbest_val.pth
[2021-11-09 15:58:53][__main__	][INFO	] --->        weights_for_inner_model: False
[2021-11-09 15:58:53][__main__	][INFO	] --->                      dilations: [1, 1, 1, 1]
[2021-11-09 15:58:53][__main__	][INFO	] --->                   wrapper_type: None
[2021-11-09 15:58:53][__main__	][INFO	] --->            wrapper_region_type: 1
[2021-11-09 15:58:53][__main__	][INFO	] --->            wrapper_kernel_size: 3
[2021-11-09 15:58:53][__main__	][INFO	] --->                     wrapper_lr: 0.1
[2021-11-09 15:58:53][__main__	][INFO	] --->           meanfield_iterations: 10
[2021-11-09 15:58:53][__main__	][INFO	] --->              crf_spatial_sigma: 1
[2021-11-09 15:58:53][__main__	][INFO	] --->            crf_chromatic_sigma: 12
[2021-11-09 15:58:53][__main__	][INFO	] --->                      optimizer: SGD
[2021-11-09 15:58:53][__main__	][INFO	] --->                             lr: 0.1
[2021-11-09 15:58:53][__main__	][INFO	] --->                   sgd_momentum: 0.9
[2021-11-09 15:58:53][__main__	][INFO	] --->                  sgd_dampening: 0.1
[2021-11-09 15:58:53][__main__	][INFO	] --->                     adam_beta1: 0.9
[2021-11-09 15:58:53][__main__	][INFO	] --->                     adam_beta2: 0.999
[2021-11-09 15:58:53][__main__	][INFO	] --->                   weight_decay: 0.0001
[2021-11-09 15:58:53][__main__	][INFO	] --->           param_histogram_freq: 100
[2021-11-09 15:58:53][__main__	][INFO	] --->           save_param_histogram: False
[2021-11-09 15:58:53][__main__	][INFO	] --->                      iter_size: 1
[2021-11-09 15:58:53][__main__	][INFO	] --->                    bn_momentum: 0.02
[2021-11-09 15:58:53][__main__	][INFO	] --->                      scheduler: PolyLR
[2021-11-09 15:58:53][__main__	][INFO	] --->                       max_iter: 30000
[2021-11-09 15:58:53][__main__	][INFO	] --->                      step_size: 20000.0
[2021-11-09 15:58:53][__main__	][INFO	] --->                     step_gamma: 0.1
[2021-11-09 15:58:53][__main__	][INFO	] --->                     poly_power: 0.9
[2021-11-09 15:58:53][__main__	][INFO	] --->                      exp_gamma: 0.95
[2021-11-09 15:58:53][__main__	][INFO	] --->                  exp_step_size: 445
[2021-11-09 15:58:53][__main__	][INFO	] --->                        log_dir: log
[2021-11-09 15:58:53][__main__	][INFO	] --->                       data_dir: data
[2021-11-09 15:58:53][__main__	][INFO	] --->                        dataset: ScannetVoxelization2cmDataset
[2021-11-09 15:58:53][__main__	][INFO	] --->                    testdataset: ScannetVoxelization2cmtestDataset
[2021-11-09 15:58:53][__main__	][INFO	] --->              temporal_dilation: 30
[2021-11-09 15:58:53][__main__	][INFO	] --->                temporal_numseq: 3
[2021-11-09 15:58:53][__main__	][INFO	] --->                      point_lim: -1
[2021-11-09 15:58:53][__main__	][INFO	] --->                  pre_point_lim: -1
[2021-11-09 15:58:53][__main__	][INFO	] --->                     batch_size: 1
[2021-11-09 15:58:53][__main__	][INFO	] --->                test_batch_size: 1
[2021-11-09 15:58:53][__main__	][INFO	] --->                     cache_data: False
[2021-11-09 15:58:53][__main__	][INFO	] --->                    num_workers: 4
[2021-11-09 15:58:53][__main__	][INFO	] --->                num_val_workers: 1
[2021-11-09 15:58:53][__main__	][INFO	] --->                   ignore_label: 255
[2021-11-09 15:58:53][__main__	][INFO	] --->          return_transformation: False
[2021-11-09 15:58:53][__main__	][INFO	] --->         ignore_duplicate_class: False
[2021-11-09 15:58:53][__main__	][INFO	] --->                   partial_crop: 0.0
[2021-11-09 15:58:53][__main__	][INFO	] --->          train_limit_numpoints: 0
[2021-11-09 15:58:53][__main__	][INFO	] --->                   synthia_path: /home/chrischoy/datasets/Synthia/Synthia4D
[2021-11-09 15:58:53][__main__	][INFO	] --->            synthia_camera_path: /home/chrischoy/datasets/Synthia/%s/CameraParams/
[2021-11-09 15:58:53][__main__	][INFO	] --->  synthia_camera_intrinsic_file: intrinsics.txt
[2021-11-09 15:58:53][__main__	][INFO	] ---> synthia_camera_extrinsics_file: Stereo_Right/Omni_F/%s.txt
[2021-11-09 15:58:53][__main__	][INFO	] --->         temporal_rand_dilation: False
[2021-11-09 15:58:53][__main__	][INFO	] --->           temporal_rand_numseq: False
[2021-11-09 15:58:53][__main__	][INFO	] --->                   scannet_path: /home/aidrive/tb5zhh/data/20_fit_sdouble/train
[2021-11-09 15:58:53][__main__	][INFO	] --->              scannet_test_path: /home/aidrive/tb5zhh/data/full/train
[2021-11-09 15:58:53][__main__	][INFO	] --->                stanford3d_path: /home/chrischoy/datasets/Stanford3D
[2021-11-09 15:58:53][__main__	][INFO	] --->                       is_train: True
[2021-11-09 15:58:53][__main__	][INFO	] --->                      stat_freq: 40
[2021-11-09 15:58:53][__main__	][INFO	] --->                 test_stat_freq: 100
[2021-11-09 15:58:53][__main__	][INFO	] --->                test_stat_freq1: 312
[2021-11-09 15:58:53][__main__	][INFO	] --->                      save_freq: 1000
[2021-11-09 15:58:53][__main__	][INFO	] --->                       val_freq: 2
[2021-11-09 15:58:53][__main__	][INFO	] --->               empty_cache_freq: 1
[2021-11-09 15:58:53][__main__	][INFO	] --->                    train_phase: train
[2021-11-09 15:58:53][__main__	][INFO	] --->                      val_phase: val
[2021-11-09 15:58:53][__main__	][INFO	] --->              overwrite_weights: True
[2021-11-09 15:58:53][__main__	][INFO	] --->                         resume: 1
[2021-11-09 15:58:53][__main__	][INFO	] --->               resume_optimizer: True
[2021-11-09 15:58:53][__main__	][INFO	] --->                  eval_upsample: False
[2021-11-09 15:58:53][__main__	][INFO	] --->         lenient_weight_loading: False
[2021-11-09 15:58:53][__main__	][INFO	] --->         distributed_world_size: 2
[2021-11-09 15:58:53][__main__	][INFO	] --->               distributed_rank: 0
[2021-11-09 15:58:53][__main__	][INFO	] --->            distributed_backend: nccl
[2021-11-09 15:58:53][__main__	][INFO	] --->        distributed_init_method: 
[2021-11-09 15:58:53][__main__	][INFO	] --->               distributed_port: 10010
[2021-11-09 15:58:53][__main__	][INFO	] --->                      device_id: 0
[2021-11-09 15:58:53][__main__	][INFO	] --->           distributed_no_spawn: True
[2021-11-09 15:58:53][__main__	][INFO	] --->                    ddp_backend: c10d
[2021-11-09 15:58:53][__main__	][INFO	] --->                  bucket_cap_mb: 25
[2021-11-09 15:58:53][__main__	][INFO	] --->                   use_feat_aug: True
[2021-11-09 15:58:53][__main__	][INFO	] --->     data_aug_color_trans_ratio: 0.1
[2021-11-09 15:58:53][__main__	][INFO	] --->      data_aug_color_jitter_std: 0.05
[2021-11-09 15:58:53][__main__	][INFO	] --->                normalize_color: True
[2021-11-09 15:58:53][__main__	][INFO	] --->             data_aug_scale_min: 0.9
[2021-11-09 15:58:53][__main__	][INFO	] --->             data_aug_scale_max: 1.1
[2021-11-09 15:58:53][__main__	][INFO	] --->               data_aug_hue_max: 0.5
[2021-11-09 15:58:53][__main__	][INFO	] --->        data_aug_saturation_max: 0.2
[2021-11-09 15:58:53][__main__	][INFO	] --->                      visualize: False
[2021-11-09 15:58:53][__main__	][INFO	] --->          test_temporal_average: False
[2021-11-09 15:58:53][__main__	][INFO	] --->                 visualize_path: outputs/visualize
[2021-11-09 15:58:53][__main__	][INFO	] --->                save_prediction: False
[2021-11-09 15:58:53][__main__	][INFO	] --->                  save_pred_dir: outputs/pred
[2021-11-09 15:58:53][__main__	][INFO	] --->                     test_phase: test
[2021-11-09 15:58:53][__main__	][INFO	] --->   evaluate_original_pointcloud: False
[2021-11-09 15:58:53][__main__	][INFO	] --->       test_original_pointcloud: False
[2021-11-09 15:58:53][__main__	][INFO	] --->                        is_cuda: True
[2021-11-09 15:58:53][__main__	][INFO	] --->                      load_path: 
[2021-11-09 15:58:53][__main__	][INFO	] --->                       log_step: 50
[2021-11-09 15:58:53][__main__	][INFO	] --->                      log_level: INFO
[2021-11-09 15:58:53][__main__	][INFO	] --->                        num_gpu: 1
[2021-11-09 15:58:53][__main__	][INFO	] --->                           seed: 42
[2021-11-09 15:58:53][__main__	][INFO	] --->                       run_name: finetune_20_fit_sdouble_0.1_Res16UNet34C
[2021-11-09 15:58:53][__main__	][INFO	] --->                      unc_round: 20
[2021-11-09 15:58:53][__main__	][INFO	] --->                 unc_result_dir: /
[2021-11-09 15:58:53][__main__	][INFO	] --->                          wandb: True
[2021-11-09 15:58:53][__main__	][INFO	] --->                  train_dataset: ScannetVoxelization2cmDataset
[2021-11-09 15:58:53][__main__	][INFO	] --->                    val_dataset: ScannetVoxelization2cmtestDataset
[2021-11-09 15:58:53][__main__	][INFO	] --->                 checkpoint_dir: checkpoints
[2021-11-09 15:58:53][__main__	][INFO	] --->                     optim_step: 2
[2021-11-09 15:58:53][__main__	][INFO	] --->                  validate_step: 150
[2021-11-09 15:58:53][__main__	][INFO	] --->                    train_epoch: 20000
[2021-11-09 15:58:53][__main__	][INFO	] --->               train_batch_size: 8
[2021-11-09 15:58:53][__main__	][INFO	] --->                 val_batch_size: 2
[2021-11-09 15:58:53][__main__	][INFO	] --->                eval_result_dir: /
[2021-11-09 15:58:53][__main__	][INFO	] --->                  unc_stat_path: /
[2021-11-09 15:58:53][__main__	][INFO	] --->                     save_epoch: 1
[2021-11-09 15:58:53][__main__	][INFO	] --->                   ignore_index: 255
[2021-11-09 15:58:53][__main__	][INFO	] --->                       do_train: True
[2021-11-09 15:58:53][__main__	][INFO	] --->               do_unc_inference: False
[2021-11-09 15:58:53][__main__	][INFO	] --->                    do_unc_demo: False
[2021-11-09 15:58:53][__main__	][INFO	] --->                    unc_dataset: 
[2021-11-09 15:58:53][__main__	][INFO	] --->           do_verbose_inference: False
[2021-11-09 15:58:53][__main__	][INFO	] --->                  do_unc_render: False
[2021-11-09 15:59:14][__main__	][INFO	] Weights loaded from checkpoints/pretrain_20000.pth
[2021-11-09 15:59:14][__main__	][INFO	] [Errno 2] No such file or directory: 'checkpoints/finetune_20_fit_sdouble_0.1_Res16UNet34C_latest.pth'
new.py:162: DeprecationWarning: The 'warn' method is deprecated, use 'warning' instead
  logger.warn(f"checkpoint not found")
[2021-11-09 15:59:14][__main__	][WARNING	] checkpoint not found
[2021-11-09 15:59:14][__main__	][INFO	] Model setup done
[2021-11-09 15:59:14][__main__	][INFO	] 
Res16UNet34C(
  (conv0p1s1): MinkowskiConvolution(in=3, out=32, kernel_size=[5, 5, 5], stride=[1, 1, 1], dilation=[1, 1, 1])
  (bn0): MinkowskiBatchNorm(32, eps=1e-05, momentum=0.02, affine=True, track_running_stats=True)
  (conv1p1s2): MinkowskiConvolution(in=32, out=32, kernel_size=[2, 2, 2], stride=[2, 2, 2], dilation=[1, 1, 1])
  (bn1): MinkowskiBatchNorm(32, eps=1e-05, momentum=0.02, affine=True, track_running_stats=True)
  (block1): Sequential(
    (0): BasicBlock(
      (conv1): MinkowskiConvolution(in=32, out=32, kernel_size=[3, 3, 3], stride=[1, 1, 1], dilation=[1, 1, 1])
      (norm1): MinkowskiBatchNorm(32, eps=1e-05, momentum=0.1, affine=True, track_running_stats=True)
      (conv2): MinkowskiConvolution(in=32, out=32, kernel_size=[3, 3, 3], stride=[1, 1, 1], dilation=[1, 1, 1])
      (norm2): MinkowskiBatchNorm(32, eps=1e-05, momentum=0.1, affine=True, track_running_stats=True)
      (relu): MinkowskiReLU()
    )
    (1): BasicBlock(
      (conv1): MinkowskiConvolution(in=32, out=32, kernel_size=[3, 3, 3], stride=[1, 1, 1], dilation=[1, 1, 1])
      (norm1): MinkowskiBatchNorm(32, eps=1e-05, momentum=0.1, affine=True, track_running_stats=True)
      (conv2): MinkowskiConvolution(in=32, out=32, kernel_size=[3, 3, 3], stride=[1, 1, 1], dilation=[1, 1, 1])
      (norm2): MinkowskiBatchNorm(32, eps=1e-05, momentum=0.1, affine=True, track_running_stats=True)
      (relu): MinkowskiReLU()
    )
  )
  (conv2p2s2): MinkowskiConvolution(in=32, out=32, kernel_size=[2, 2, 2], stride=[2, 2, 2], dilation=[1, 1, 1])
  (bn2): MinkowskiBatchNorm(32, eps=1e-05, momentum=0.02, affine=True, track_running_stats=True)
  (block2): Sequential(
    (0): BasicBlock(
      (conv1): MinkowskiConvolution(in=32, out=64, kernel_size=[3, 3, 3], stride=[1, 1, 1], dilation=[1, 1, 1])
      (norm1): MinkowskiBatchNorm(64, eps=1e-05, momentum=0.1, affine=True, track_running_stats=True)
      (conv2): MinkowskiConvolution(in=64, out=64, kernel_size=[3, 3, 3], stride=[1, 1, 1], dilation=[1, 1, 1])
      (norm2): MinkowskiBatchNorm(64, eps=1e-05, momentum=0.1, affine=True, track_running_stats=True)
      (relu): MinkowskiReLU()
      (downsample): Sequential(
        (0): MinkowskiConvolution(in=32, out=64, kernel_size=[1, 1, 1], stride=[1, 1, 1], dilation=[1, 1, 1])
        (1): MinkowskiBatchNorm(64, eps=1e-05, momentum=0.02, affine=True, track_running_stats=True)
      )
    )
    (1): BasicBlock(
      (conv1): MinkowskiConvolution(in=64, out=64, kernel_size=[3, 3, 3], stride=[1, 1, 1], dilation=[1, 1, 1])
      (norm1): MinkowskiBatchNorm(64, eps=1e-05, momentum=0.1, affine=True, track_running_stats=True)
      (conv2): MinkowskiConvolution(in=64, out=64, kernel_size=[3, 3, 3], stride=[1, 1, 1], dilation=[1, 1, 1])
      (norm2): MinkowskiBatchNorm(64, eps=1e-05, momentum=0.1, affine=True, track_running_stats=True)
      (relu): MinkowskiReLU()
    )
    (2): BasicBlock(
      (conv1): MinkowskiConvolution(in=64, out=64, kernel_size=[3, 3, 3], stride=[1, 1, 1], dilation=[1, 1, 1])
      (norm1): MinkowskiBatchNorm(64, eps=1e-05, momentum=0.1, affine=True, track_running_stats=True)
      (conv2): MinkowskiConvolution(in=64, out=64, kernel_size=[3, 3, 3], stride=[1, 1, 1], dilation=[1, 1, 1])
      (norm2): MinkowskiBatchNorm(64, eps=1e-05, momentum=0.1, affine=True, track_running_stats=True)
      (relu): MinkowskiReLU()
    )
  )
  (conv3p4s2): MinkowskiConvolution(in=64, out=64, kernel_size=[2, 2, 2], stride=[2, 2, 2], dilation=[1, 1, 1])
  (bn3): MinkowskiBatchNorm(64, eps=1e-05, momentum=0.02, affine=True, track_running_stats=True)
  (block3): Sequential(
    (0): BasicBlock(
      (conv1): MinkowskiConvolution(in=64, out=128, kernel_size=[3, 3, 3], stride=[1, 1, 1], dilation=[1, 1, 1])
      (norm1): MinkowskiBatchNorm(128, eps=1e-05, momentum=0.1, affine=True, track_running_stats=True)
      (conv2): MinkowskiConvolution(in=128, out=128, kernel_size=[3, 3, 3], stride=[1, 1, 1], dilation=[1, 1, 1])
      (norm2): MinkowskiBatchNorm(128, eps=1e-05, momentum=0.1, affine=True, track_running_stats=True)
      (relu): MinkowskiReLU()
      (downsample): Sequential(
        (0): MinkowskiConvolution(in=64, out=128, kernel_size=[1, 1, 1], stride=[1, 1, 1], dilation=[1, 1, 1])
        (1): MinkowskiBatchNorm(128, eps=1e-05, momentum=0.02, affine=True, track_running_stats=True)
      )
    )
    (1): BasicBlock(
      (conv1): MinkowskiConvolution(in=128, out=128, kernel_size=[3, 3, 3], stride=[1, 1, 1], dilation=[1, 1, 1])
      (norm1): MinkowskiBatchNorm(128, eps=1e-05, momentum=0.1, affine=True, track_running_stats=True)
      (conv2): MinkowskiConvolution(in=128, out=128, kernel_size=[3, 3, 3], stride=[1, 1, 1], dilation=[1, 1, 1])
      (norm2): MinkowskiBatchNorm(128, eps=1e-05, momentum=0.1, affine=True, track_running_stats=True)
      (relu): MinkowskiReLU()
    )
    (2): BasicBlock(
      (conv1): MinkowskiConvolution(in=128, out=128, kernel_size=[3, 3, 3], stride=[1, 1, 1], dilation=[1, 1, 1])
      (norm1): MinkowskiBatchNorm(128, eps=1e-05, momentum=0.1, affine=True, track_running_stats=True)
      (conv2): MinkowskiConvolution(in=128, out=128, kernel_size=[3, 3, 3], stride=[1, 1, 1], dilation=[1, 1, 1])
      (norm2): MinkowskiBatchNorm(128, eps=1e-05, momentum=0.1, affine=True, track_running_stats=True)
      (relu): MinkowskiReLU()
    )
    (3): BasicBlock(
      (conv1): MinkowskiConvolution(in=128, out=128, kernel_size=[3, 3, 3], stride=[1, 1, 1], dilation=[1, 1, 1])
      (norm1): MinkowskiBatchNorm(128, eps=1e-05, momentum=0.1, affine=True, track_running_stats=True)
      (conv2): MinkowskiConvolution(in=128, out=128, kernel_size=[3, 3, 3], stride=[1, 1, 1], dilation=[1, 1, 1])
      (norm2): MinkowskiBatchNorm(128, eps=1e-05, momentum=0.1, affine=True, track_running_stats=True)
      (relu): MinkowskiReLU()
    )
  )
  (conv4p8s2): MinkowskiConvolution(in=128, out=128, kernel_size=[2, 2, 2], stride=[2, 2, 2], dilation=[1, 1, 1])
  (bn4): MinkowskiBatchNorm(128, eps=1e-05, momentum=0.02, affine=True, track_running_stats=True)
  (block4): Sequential(
    (0): BasicBlock(
      (conv1): MinkowskiConvolution(in=128, out=256, kernel_size=[3, 3, 3], stride=[1, 1, 1], dilation=[1, 1, 1])
      (norm1): MinkowskiBatchNorm(256, eps=1e-05, momentum=0.1, affine=True, track_running_stats=True)
      (conv2): MinkowskiConvolution(in=256, out=256, kernel_size=[3, 3, 3], stride=[1, 1, 1], dilation=[1, 1, 1])
      (norm2): MinkowskiBatchNorm(256, eps=1e-05, momentum=0.1, affine=True, track_running_stats=True)
      (relu): MinkowskiReLU()
      (downsample): Sequential(
        (0): MinkowskiConvolution(in=128, out=256, kernel_size=[1, 1, 1], stride=[1, 1, 1], dilation=[1, 1, 1])
        (1): MinkowskiBatchNorm(256, eps=1e-05, momentum=0.02, affine=True, track_running_stats=True)
      )
    )
    (1): BasicBlock(
      (conv1): MinkowskiConvolution(in=256, out=256, kernel_size=[3, 3, 3], stride=[1, 1, 1], dilation=[1, 1, 1])
      (norm1): MinkowskiBatchNorm(256, eps=1e-05, momentum=0.1, affine=True, track_running_stats=True)
      (conv2): MinkowskiConvolution(in=256, out=256, kernel_size=[3, 3, 3], stride=[1, 1, 1], dilation=[1, 1, 1])
      (norm2): MinkowskiBatchNorm(256, eps=1e-05, momentum=0.1, affine=True, track_running_stats=True)
      (relu): MinkowskiReLU()
    )
    (2): BasicBlock(
      (conv1): MinkowskiConvolution(in=256, out=256, kernel_size=[3, 3, 3], stride=[1, 1, 1], dilation=[1, 1, 1])
      (norm1): MinkowskiBatchNorm(256, eps=1e-05, momentum=0.1, affine=True, track_running_stats=True)
      (conv2): MinkowskiConvolution(in=256, out=256, kernel_size=[3, 3, 3], stride=[1, 1, 1], dilation=[1, 1, 1])
      (norm2): MinkowskiBatchNorm(256, eps=1e-05, momentum=0.1, affine=True, track_running_stats=True)
      (relu): MinkowskiReLU()
    )
    (3): BasicBlock(
      (conv1): MinkowskiConvolution(in=256, out=256, kernel_size=[3, 3, 3], stride=[1, 1, 1], dilation=[1, 1, 1])
      (norm1): MinkowskiBatchNorm(256, eps=1e-05, momentum=0.1, affine=True, track_running_stats=True)
      (conv2): MinkowskiConvolution(in=256, out=256, kernel_size=[3, 3, 3], stride=[1, 1, 1], dilation=[1, 1, 1])
      (norm2): MinkowskiBatchNorm(256, eps=1e-05, momentum=0.1, affine=True, track_running_stats=True)
      (relu): MinkowskiReLU()
    )
    (4): BasicBlock(
      (conv1): MinkowskiConvolution(in=256, out=256, kernel_size=[3, 3, 3], stride=[1, 1, 1], dilation=[1, 1, 1])
      (norm1): MinkowskiBatchNorm(256, eps=1e-05, momentum=0.1, affine=True, track_running_stats=True)
      (conv2): MinkowskiConvolution(in=256, out=256, kernel_size=[3, 3, 3], stride=[1, 1, 1], dilation=[1, 1, 1])
      (norm2): MinkowskiBatchNorm(256, eps=1e-05, momentum=0.1, affine=True, track_running_stats=True)
      (relu): MinkowskiReLU()
    )
    (5): BasicBlock(
      (conv1): MinkowskiConvolution(in=256, out=256, kernel_size=[3, 3, 3], stride=[1, 1, 1], dilation=[1, 1, 1])
      (norm1): MinkowskiBatchNorm(256, eps=1e-05, momentum=0.1, affine=True, track_running_stats=True)
      (conv2): MinkowskiConvolution(in=256, out=256, kernel_size=[3, 3, 3], stride=[1, 1, 1], dilation=[1, 1, 1])
      (norm2): MinkowskiBatchNorm(256, eps=1e-05, momentum=0.1, affine=True, track_running_stats=True)
      (relu): MinkowskiReLU()
    )
  )
  (convtr4p16s2): MinkowskiConvolutionTranspose(in=256, out=256, kernel_size=[2, 2, 2], stride=[2, 2, 2], dilation=[1, 1, 1])
  (bntr4): MinkowskiBatchNorm(256, eps=1e-05, momentum=0.02, affine=True, track_running_stats=True)
  (block5): Sequential(
    (0): BasicBlock(
      (conv1): MinkowskiConvolution(in=384, out=256, kernel_size=[3, 3, 3], stride=[1, 1, 1], dilation=[1, 1, 1])
      (norm1): MinkowskiBatchNorm(256, eps=1e-05, momentum=0.1, affine=True, track_running_stats=True)
      (conv2): MinkowskiConvolution(in=256, out=256, kernel_size=[3, 3, 3], stride=[1, 1, 1], dilation=[1, 1, 1])
      (norm2): MinkowskiBatchNorm(256, eps=1e-05, momentum=0.1, affine=True, track_running_stats=True)
      (relu): MinkowskiReLU()
      (downsample): Sequential(
        (0): MinkowskiConvolution(in=384, out=256, kernel_size=[1, 1, 1], stride=[1, 1, 1], dilation=[1, 1, 1])
        (1): MinkowskiBatchNorm(256, eps=1e-05, momentum=0.02, affine=True, track_running_stats=True)
      )
    )
    (1): BasicBlock(
      (conv1): MinkowskiConvolution(in=256, out=256, kernel_size=[3, 3, 3], stride=[1, 1, 1], dilation=[1, 1, 1])
      (norm1): MinkowskiBatchNorm(256, eps=1e-05, momentum=0.1, affine=True, track_running_stats=True)
      (conv2): MinkowskiConvolution(in=256, out=256, kernel_size=[3, 3, 3], stride=[1, 1, 1], dilation=[1, 1, 1])
      (norm2): MinkowskiBatchNorm(256, eps=1e-05, momentum=0.1, affine=True, track_running_stats=True)
      (relu): MinkowskiReLU()
    )
  )
  (convtr5p8s2): MinkowskiConvolutionTranspose(in=256, out=128, kernel_size=[2, 2, 2], stride=[2, 2, 2], dilation=[1, 1, 1])
  (bntr5): MinkowskiBatchNorm(128, eps=1e-05, momentum=0.02, affine=True, track_running_stats=True)
  (block6): Sequential(
    (0): BasicBlock(
      (conv1): MinkowskiConvolution(in=192, out=128, kernel_size=[3, 3, 3], stride=[1, 1, 1], dilation=[1, 1, 1])
      (norm1): MinkowskiBatchNorm(128, eps=1e-05, momentum=0.1, affine=True, track_running_stats=True)
      (conv2): MinkowskiConvolution(in=128, out=128, kernel_size=[3, 3, 3], stride=[1, 1, 1], dilation=[1, 1, 1])
      (norm2): MinkowskiBatchNorm(128, eps=1e-05, momentum=0.1, affine=True, track_running_stats=True)
      (relu): MinkowskiReLU()
      (downsample): Sequential(
        (0): MinkowskiConvolution(in=192, out=128, kernel_size=[1, 1, 1], stride=[1, 1, 1], dilation=[1, 1, 1])
        (1): MinkowskiBatchNorm(128, eps=1e-05, momentum=0.02, affine=True, track_running_stats=True)
      )
    )
    (1): BasicBlock(
      (conv1): MinkowskiConvolution(in=128, out=128, kernel_size=[3, 3, 3], stride=[1, 1, 1], dilation=[1, 1, 1])
      (norm1): MinkowskiBatchNorm(128, eps=1e-05, momentum=0.1, affine=True, track_running_stats=True)
      (conv2): MinkowskiConvolution(in=128, out=128, kernel_size=[3, 3, 3], stride=[1, 1, 1], dilation=[1, 1, 1])
      (norm2): MinkowskiBatchNorm(128, eps=1e-05, momentum=0.1, affine=True, track_running_stats=True)
      (relu): MinkowskiReLU()
    )
  )
  (convtr6p4s2): MinkowskiConvolutionTranspose(in=128, out=96, kernel_size=[2, 2, 2], stride=[2, 2, 2], dilation=[1, 1, 1])
  (bntr6): MinkowskiBatchNorm(96, eps=1e-05, momentum=0.02, affine=True, track_running_stats=True)
  (block7): Sequential(
    (0): BasicBlock(
      (conv1): MinkowskiConvolution(in=128, out=96, kernel_size=[3, 3, 3], stride=[1, 1, 1], dilation=[1, 1, 1])
      (norm1): MinkowskiBatchNorm(96, eps=1e-05, momentum=0.1, affine=True, track_running_stats=True)
      (conv2): MinkowskiConvolution(in=96, out=96, kernel_size=[3, 3, 3], stride=[1, 1, 1], dilation=[1, 1, 1])
      (norm2): MinkowskiBatchNorm(96, eps=1e-05, momentum=0.1, affine=True, track_running_stats=True)
      (relu): MinkowskiReLU()
      (downsample): Sequential(
        (0): MinkowskiConvolution(in=128, out=96, kernel_size=[1, 1, 1], stride=[1, 1, 1], dilation=[1, 1, 1])
        (1): MinkowskiBatchNorm(96, eps=1e-05, momentum=0.02, affine=True, track_running_stats=True)
      )
    )
    (1): BasicBlock(
      (conv1): MinkowskiConvolution(in=96, out=96, kernel_size=[3, 3, 3], stride=[1, 1, 1], dilation=[1, 1, 1])
      (norm1): MinkowskiBatchNorm(96, eps=1e-05, momentum=0.1, affine=True, track_running_stats=True)
      (conv2): MinkowskiConvolution(in=96, out=96, kernel_size=[3, 3, 3], stride=[1, 1, 1], dilation=[1, 1, 1])
      (norm2): MinkowskiBatchNorm(96, eps=1e-05, momentum=0.1, affine=True, track_running_stats=True)
      (relu): MinkowskiReLU()
    )
  )
  (convtr7p2s2): MinkowskiConvolutionTranspose(in=96, out=96, kernel_size=[2, 2, 2], stride=[2, 2, 2], dilation=[1, 1, 1])
  (bntr7): MinkowskiBatchNorm(96, eps=1e-05, momentum=0.02, affine=True, track_running_stats=True)
  (block8): Sequential(
    (0): BasicBlock(
      (conv1): MinkowskiConvolution(in=128, out=96, kernel_size=[3, 3, 3], stride=[1, 1, 1], dilation=[1, 1, 1])
      (norm1): MinkowskiBatchNorm(96, eps=1e-05, momentum=0.1, affine=True, track_running_stats=True)
      (conv2): MinkowskiConvolution(in=96, out=96, kernel_size=[3, 3, 3], stride=[1, 1, 1], dilation=[1, 1, 1])
      (norm2): MinkowskiBatchNorm(96, eps=1e-05, momentum=0.1, affine=True, track_running_stats=True)
      (relu): MinkowskiReLU()
      (downsample): Sequential(
        (0): MinkowskiConvolution(in=128, out=96, kernel_size=[1, 1, 1], stride=[1, 1, 1], dilation=[1, 1, 1])
        (1): MinkowskiBatchNorm(96, eps=1e-05, momentum=0.02, affine=True, track_running_stats=True)
      )
    )
    (1): BasicBlock(
      (conv1): MinkowskiConvolution(in=96, out=96, kernel_size=[3, 3, 3], stride=[1, 1, 1], dilation=[1, 1, 1])
      (norm1): MinkowskiBatchNorm(96, eps=1e-05, momentum=0.1, affine=True, track_running_stats=True)
      (conv2): MinkowskiConvolution(in=96, out=96, kernel_size=[3, 3, 3], stride=[1, 1, 1], dilation=[1, 1, 1])
      (norm2): MinkowskiBatchNorm(96, eps=1e-05, momentum=0.1, affine=True, track_running_stats=True)
      (relu): MinkowskiReLU()
    )
  )
  (final): MinkowskiConvolution(in=96, out=20, kernel_size=[1, 1, 1], stride=[1, 1, 1], dilation=[1, 1, 1])
  (relu): MinkowskiReLU()
)
wandb: Currently logged in as: tb5zhh (use `wandb login --relogin` to force relogin)
wandb: wandb version 0.12.6 is available!  To upgrade, please run:
wandb:  $ pip install wandb --upgrade
wandb: Tracking run with wandb version 0.12.4
wandb: Syncing run celestial-glade-282
wandb:  View project at https://wandb.ai/tb5zhh/3dsp
wandb:  View run at https://wandb.ai/tb5zhh/3dsp/runs/2zel6nq4
wandb: Run data is saved locally in /home/aidrive/tb5zhh/3DScanSeg/wandb/run-20211109_155916-2zel6nq4
wandb: Run `wandb offline` to turn off syncing.

[34m[1mwandb[0m: [33mWARNING[0m Calling run.save without any arguments is deprecated.Changes to attributes are automatically persisted.
[2021-11-09 15:59:20][root	][INFO	] Loading ScannetVoxelization2cmDataset: scannetv2_train.txt
[2021-11-09 15:59:20][root	][INFO	] Loading ScannetVoxelization2cmtestDataset: scannetv2_val.txt
[2021-11-09 15:59:20][__main__	][INFO	] Dataloader setup done
[2021-11-09 15:59:20][__main__	][INFO	] My rank : 0 / 1
[2021-11-09 15:59:20][__main__	][INFO	] Start training
[2021-11-09 15:59:34][__main__	][INFO	] TRAIN at global step #1 Epoch #1 Step #2 / 151: loss:3.3598, precision: 0.5015
[2021-11-09 15:59:41][__main__	][INFO	] TRAIN at global step #2 Epoch #1 Step #4 / 151: loss:3.0057, precision: 1.3733
[2021-11-09 15:59:47][__main__	][INFO	] TRAIN at global step #3 Epoch #1 Step #6 / 151: loss:2.6022, precision: 8.0754
[2021-11-09 15:59:55][__main__	][INFO	] TRAIN at global step #4 Epoch #1 Step #8 / 151: loss:2.3906, precision: 9.2902
[2021-11-09 16:00:03][__main__	][INFO	] TRAIN at global step #5 Epoch #1 Step #10 / 151: loss:2.1306, precision: 11.0208
[2021-11-09 16:00:11][__main__	][INFO	] TRAIN at global step #6 Epoch #1 Step #12 / 151: loss:2.6136, precision: 7.0125
[2021-11-09 16:00:18][__main__	][INFO	] TRAIN at global step #7 Epoch #1 Step #14 / 151: loss:1.6373, precision: 20.7835
[2021-11-09 16:00:25][__main__	][INFO	] TRAIN at global step #8 Epoch #1 Step #16 / 151: loss:2.2166, precision: 10.4374
[2021-11-09 16:00:33][__main__	][INFO	] TRAIN at global step #9 Epoch #1 Step #18 / 151: loss:1.9220, precision: 14.2993
[2021-11-09 16:00:40][__main__	][INFO	] TRAIN at global step #10 Epoch #1 Step #20 / 151: loss:2.1564, precision: 10.1316
[2021-11-09 16:00:46][__main__	][INFO	] TRAIN at global step #11 Epoch #1 Step #22 / 151: loss:1.9900, precision: 14.1990
[2021-11-09 16:00:53][__main__	][INFO	] TRAIN at global step #12 Epoch #1 Step #24 / 151: loss:1.8982, precision: 14.5651
[2021-11-09 16:00:59][__main__	][INFO	] TRAIN at global step #13 Epoch #1 Step #26 / 151: loss:1.8760, precision: 12.9445
[2021-11-09 16:01:05][__main__	][INFO	] TRAIN at global step #14 Epoch #1 Step #28 / 151: loss:1.8904, precision: 13.7399
[2021-11-09 16:01:13][__main__	][INFO	] TRAIN at global step #15 Epoch #1 Step #30 / 151: loss:1.8946, precision: 11.5543
[2021-11-09 16:01:19][__main__	][INFO	] TRAIN at global step #16 Epoch #1 Step #32 / 151: loss:1.8660, precision: 16.2575
[2021-11-09 16:01:25][__main__	][INFO	] TRAIN at global step #17 Epoch #1 Step #34 / 151: loss:2.1670, precision: 8.5969
[2021-11-09 16:01:33][__main__	][INFO	] TRAIN at global step #18 Epoch #1 Step #36 / 151: loss:1.6311, precision: 14.3458
[2021-11-09 16:01:40][__main__	][INFO	] TRAIN at global step #19 Epoch #1 Step #38 / 151: loss:1.7567, precision: 12.8642
[2021-11-09 16:01:47][__main__	][INFO	] TRAIN at global step #20 Epoch #1 Step #40 / 151: loss:1.6477, precision: 14.9626
[2021-11-09 16:01:55][__main__	][INFO	] TRAIN at global step #21 Epoch #1 Step #42 / 151: loss:1.9771, precision: 10.4125
[2021-11-09 16:02:01][__main__	][INFO	] TRAIN at global step #22 Epoch #1 Step #44 / 151: loss:1.6449, precision: 16.3606
[2021-11-09 16:02:08][__main__	][INFO	] TRAIN at global step #23 Epoch #1 Step #46 / 151: loss:2.1069, precision: 9.8578
[2021-11-09 16:02:15][__main__	][INFO	] TRAIN at global step #24 Epoch #1 Step #48 / 151: loss:1.6996, precision: 16.3695
[2021-11-09 16:02:23][__main__	][INFO	] TRAIN at global step #25 Epoch #1 Step #50 / 151: loss:1.6336, precision: 17.0734
[2021-11-09 16:02:28][__main__	][INFO	] TRAIN at global step #26 Epoch #1 Step #52 / 151: loss:1.5098, precision: 18.3365
[2021-11-09 16:02:34][__main__	][INFO	] TRAIN at global step #27 Epoch #1 Step #54 / 151: loss:1.7707, precision: 13.9174
[2021-11-09 16:02:43][__main__	][INFO	] TRAIN at global step #28 Epoch #1 Step #56 / 151: loss:1.6743, precision: 13.1700
[2021-11-09 16:02:50][__main__	][INFO	] TRAIN at global step #29 Epoch #1 Step #58 / 151: loss:1.7857, precision: 12.0170
[2021-11-09 16:02:56][__main__	][INFO	] TRAIN at global step #30 Epoch #1 Step #60 / 151: loss:1.4082, precision: 17.3942
[2021-11-09 16:03:02][__main__	][INFO	] TRAIN at global step #31 Epoch #1 Step #62 / 151: loss:1.5344, precision: 16.6778
[2021-11-09 16:03:10][__main__	][INFO	] TRAIN at global step #32 Epoch #1 Step #64 / 151: loss:1.7625, precision: 12.0370
[2021-11-09 16:03:16][__main__	][INFO	] TRAIN at global step #33 Epoch #1 Step #66 / 151: loss:1.4274, precision: 19.8333
[2021-11-09 16:03:22][__main__	][INFO	] TRAIN at global step #34 Epoch #1 Step #68 / 151: loss:2.1121, precision: 10.4724
[2021-11-09 16:03:28][__main__	][INFO	] TRAIN at global step #35 Epoch #1 Step #70 / 151: loss:1.4663, precision: 21.4663
[2021-11-09 16:03:35][__main__	][INFO	] TRAIN at global step #36 Epoch #1 Step #72 / 151: loss:1.7132, precision: 12.2871
[2021-11-09 16:03:43][__main__	][INFO	] TRAIN at global step #37 Epoch #1 Step #74 / 151: loss:1.9105, precision: 8.6319
[2021-11-09 16:03:49][__main__	][INFO	] TRAIN at global step #38 Epoch #1 Step #76 / 151: loss:1.6306, precision: 16.5118
[2021-11-09 16:03:56][__main__	][INFO	] TRAIN at global step #39 Epoch #1 Step #78 / 151: loss:1.7139, precision: 13.1512
[2021-11-09 16:04:03][__main__	][INFO	] TRAIN at global step #40 Epoch #1 Step #80 / 151: loss:1.8766, precision: 11.2682
[2021-11-09 16:04:09][__main__	][INFO	] TRAIN at global step #41 Epoch #1 Step #82 / 151: loss:2.1216, precision: 10.6021
[2021-11-09 16:04:16][__main__	][INFO	] TRAIN at global step #42 Epoch #1 Step #84 / 151: loss:1.6797, precision: 16.6778
[2021-11-09 16:04:23][__main__	][INFO	] TRAIN at global step #43 Epoch #1 Step #86 / 151: loss:1.7130, precision: 16.1578
[2021-11-09 16:04:31][__main__	][INFO	] TRAIN at global step #44 Epoch #1 Step #88 / 151: loss:1.6061, precision: 14.0201
[2021-11-09 16:04:36][__main__	][INFO	] TRAIN at global step #45 Epoch #1 Step #90 / 151: loss:1.7462, precision: 12.8541
[2021-11-09 16:04:45][__main__	][INFO	] TRAIN at global step #46 Epoch #1 Step #92 / 151: loss:1.7843, precision: 11.0789
[2021-11-09 16:04:54][__main__	][INFO	] TRAIN at global step #47 Epoch #1 Step #94 / 151: loss:1.6463, precision: 14.4968
[2021-11-09 16:05:00][__main__	][INFO	] TRAIN at global step #48 Epoch #1 Step #96 / 151: loss:1.5096, precision: 17.7676
[2021-11-09 16:05:07][__main__	][INFO	] TRAIN at global step #49 Epoch #1 Step #98 / 151: loss:1.5871, precision: 15.6309
[2021-11-09 16:05:15][__main__	][INFO	] TRAIN at global step #50 Epoch #1 Step #100 / 151: loss:1.4783, precision: 16.2106
[2021-11-09 16:05:21][__main__	][INFO	] TRAIN at global step #51 Epoch #1 Step #102 / 151: loss:1.7137, precision: 14.5191
[2021-11-09 16:05:28][__main__	][INFO	] TRAIN at global step #52 Epoch #1 Step #104 / 151: loss:1.7714, precision: 13.6526
[2021-11-09 16:05:33][__main__	][INFO	] TRAIN at global step #53 Epoch #1 Step #106 / 151: loss:1.6707, precision: 17.1563
[2021-11-09 16:05:40][__main__	][INFO	] TRAIN at global step #54 Epoch #1 Step #108 / 151: loss:1.5406, precision: 15.3639
[2021-11-09 16:05:46][__main__	][INFO	] TRAIN at global step #55 Epoch #1 Step #110 / 151: loss:1.8553, precision: 12.4932
[2021-11-09 16:05:52][__main__	][INFO	] TRAIN at global step #56 Epoch #1 Step #112 / 151: loss:1.9761, precision: 9.4387
[2021-11-09 16:05:59][__main__	][INFO	] TRAIN at global step #57 Epoch #1 Step #114 / 151: loss:1.6202, precision: 15.6121
[2021-11-09 16:06:04][__main__	][INFO	] TRAIN at global step #58 Epoch #1 Step #116 / 151: loss:1.6873, precision: 15.5775
[2021-11-09 16:06:12][__main__	][INFO	] TRAIN at global step #59 Epoch #1 Step #118 / 151: loss:1.6291, precision: 15.0611
[2021-11-09 16:06:18][__main__	][INFO	] TRAIN at global step #60 Epoch #1 Step #120 / 151: loss:1.7501, precision: 12.7410
[2021-11-09 16:06:25][__main__	][INFO	] TRAIN at global step #61 Epoch #1 Step #122 / 151: loss:1.6129, precision: 13.8111
[2021-11-09 16:06:31][__main__	][INFO	] TRAIN at global step #62 Epoch #1 Step #124 / 151: loss:1.7246, precision: 9.9581
[2021-11-09 16:06:38][__main__	][INFO	] TRAIN at global step #63 Epoch #1 Step #126 / 151: loss:1.5500, precision: 14.8792
[2021-11-09 16:06:43][__main__	][INFO	] TRAIN at global step #64 Epoch #1 Step #128 / 151: loss:1.6651, precision: 15.7016
[2021-11-09 16:06:50][__main__	][INFO	] TRAIN at global step #65 Epoch #1 Step #130 / 151: loss:1.5769, precision: 15.8979
[2021-11-09 16:06:56][__main__	][INFO	] TRAIN at global step #66 Epoch #1 Step #132 / 151: loss:1.9553, precision: 10.9914
[2021-11-09 16:07:01][__main__	][INFO	] TRAIN at global step #67 Epoch #1 Step #134 / 151: loss:1.7503, precision: 11.4508
[2021-11-09 16:07:08][__main__	][INFO	] TRAIN at global step #68 Epoch #1 Step #136 / 151: loss:2.1457, precision: 7.5762
[2021-11-09 16:07:15][__main__	][INFO	] TRAIN at global step #69 Epoch #1 Step #138 / 151: loss:1.7633, precision: 13.4621
[2021-11-09 16:07:20][__main__	][INFO	] TRAIN at global step #70 Epoch #1 Step #140 / 151: loss:1.8251, precision: 12.4458
[2021-11-09 16:07:27][__main__	][INFO	] TRAIN at global step #71 Epoch #1 Step #142 / 151: loss:1.8345, precision: 10.3550
[2021-11-09 16:07:36][__main__	][INFO	] TRAIN at global step #72 Epoch #1 Step #144 / 151: loss:1.7433, precision: 12.3190
[2021-11-09 16:07:42][__main__	][INFO	] TRAIN at global step #73 Epoch #1 Step #146 / 151: loss:1.5203, precision: 20.2132
[2021-11-09 16:07:47][__main__	][INFO	] TRAIN at global step #74 Epoch #1 Step #148 / 151: loss:1.5521, precision: 18.8108
[2021-11-09 16:07:53][__main__	][INFO	] TRAIN at global step #75 Epoch #1 Step #150 / 151: loss:1.6916, precision: 15.7350
[2021-11-09 16:07:55][__main__	][INFO	] Checkpoint at epoch #0 saved
[2021-11-09 16:08:06][__main__	][INFO	] TRAIN at global step #76 Epoch #2 Step #1 / 151: loss:1.8262, precision: 9.2708
[2021-11-09 16:08:11][__main__	][INFO	] TRAIN at global step #77 Epoch #2 Step #3 / 151: loss:1.6584, precision: 16.4298
[2021-11-09 16:08:20][__main__	][INFO	] TRAIN at global step #78 Epoch #2 Step #5 / 151: loss:1.5256, precision: 14.2976
[2021-11-09 16:08:27][__main__	][INFO	] TRAIN at global step #79 Epoch #2 Step #7 / 151: loss:1.7249, precision: 12.9179
[2021-11-09 16:08:32][__main__	][INFO	] TRAIN at global step #80 Epoch #2 Step #9 / 151: loss:1.4416, precision: 18.1921
[2021-11-09 16:08:41][__main__	][INFO	] TRAIN at global step #81 Epoch #2 Step #11 / 151: loss:1.4507, precision: 15.5757
[2021-11-09 16:08:48][__main__	][INFO	] TRAIN at global step #82 Epoch #2 Step #13 / 151: loss:1.5895, precision: 14.6352
[2021-11-09 16:08:54][__main__	][INFO	] TRAIN at global step #83 Epoch #2 Step #15 / 151: loss:1.5090, precision: 13.8666
[2021-11-09 16:09:00][__main__	][INFO	] TRAIN at global step #84 Epoch #2 Step #17 / 151: loss:1.8245, precision: 11.6510
[2021-11-09 16:09:06][__main__	][INFO	] TRAIN at global step #85 Epoch #2 Step #19 / 151: loss:1.5945, precision: 17.7118
[2021-11-09 16:09:12][__main__	][INFO	] TRAIN at global step #86 Epoch #2 Step #21 / 151: loss:1.7092, precision: 15.5064
[2021-11-09 16:09:19][__main__	][INFO	] TRAIN at global step #87 Epoch #2 Step #23 / 151: loss:1.6432, precision: 13.2645
[2021-11-09 16:09:26][__main__	][INFO	] TRAIN at global step #88 Epoch #2 Step #25 / 151: loss:1.6750, precision: 15.2001
[2021-11-09 16:09:33][__main__	][INFO	] TRAIN at global step #89 Epoch #2 Step #27 / 151: loss:1.5483, precision: 16.2253
[2021-11-09 16:09:39][__main__	][INFO	] TRAIN at global step #90 Epoch #2 Step #29 / 151: loss:1.3366, precision: 20.8969
[2021-11-09 16:09:46][__main__	][INFO	] TRAIN at global step #91 Epoch #2 Step #31 / 151: loss:1.7184, precision: 12.6437
[2021-11-09 16:09:52][__main__	][INFO	] TRAIN at global step #92 Epoch #2 Step #33 / 151: loss:1.5795, precision: 15.1636
[2021-11-09 16:09:58][__main__	][INFO	] TRAIN at global step #93 Epoch #2 Step #35 / 151: loss:1.6455, precision: 12.0483
[2021-11-09 16:10:05][__main__	][INFO	] TRAIN at global step #94 Epoch #2 Step #37 / 151: loss:1.7838, precision: 12.3554
[2021-11-09 16:10:13][__main__	][INFO	] TRAIN at global step #95 Epoch #2 Step #39 / 151: loss:1.5004, precision: 16.3466
[2021-11-09 16:10:17][__main__	][INFO	] TRAIN at global step #96 Epoch #2 Step #41 / 151: loss:1.8184, precision: 14.6413
[2021-11-09 16:10:22][__main__	][INFO	] TRAIN at global step #97 Epoch #2 Step #43 / 151: loss:1.5795, precision: 18.3887
[2021-11-09 16:10:28][__main__	][INFO	] TRAIN at global step #98 Epoch #2 Step #45 / 151: loss:1.6644, precision: 14.5060
[2021-11-09 16:10:35][__main__	][INFO	] TRAIN at global step #99 Epoch #2 Step #47 / 151: loss:1.8910, precision: 11.2949
[2021-11-09 16:10:41][__main__	][INFO	] TRAIN at global step #100 Epoch #2 Step #49 / 151: loss:1.6622, precision: 14.3700
[2021-11-09 16:10:48][__main__	][INFO	] TRAIN at global step #101 Epoch #2 Step #51 / 151: loss:1.6502, precision: 12.2927
[2021-11-09 16:10:55][__main__	][INFO	] TRAIN at global step #102 Epoch #2 Step #53 / 151: loss:1.6956, precision: 16.7780
[2021-11-09 16:11:01][__main__	][INFO	] TRAIN at global step #103 Epoch #2 Step #55 / 151: loss:1.7867, precision: 11.7574
[2021-11-09 16:11:09][__main__	][INFO	] TRAIN at global step #104 Epoch #2 Step #57 / 151: loss:1.6161, precision: 13.0687
[2021-11-09 16:11:17][__main__	][INFO	] TRAIN at global step #105 Epoch #2 Step #59 / 151: loss:1.6344, precision: 12.4151
[2021-11-09 16:11:24][__main__	][INFO	] TRAIN at global step #106 Epoch #2 Step #61 / 151: loss:1.8069, precision: 9.0344
[2021-11-09 16:11:32][__main__	][INFO	] TRAIN at global step #107 Epoch #2 Step #63 / 151: loss:1.4620, precision: 17.2192
[2021-11-09 16:11:38][__main__	][INFO	] TRAIN at global step #108 Epoch #2 Step #65 / 151: loss:1.6613, precision: 12.3266
[2021-11-09 16:11:45][__main__	][INFO	] TRAIN at global step #109 Epoch #2 Step #67 / 151: loss:1.5271, precision: 16.8368
[2021-11-09 16:11:52][__main__	][INFO	] TRAIN at global step #110 Epoch #2 Step #69 / 151: loss:1.6938, precision: 14.3954
[2021-11-09 16:11:59][__main__	][INFO	] TRAIN at global step #111 Epoch #2 Step #71 / 151: loss:1.3270, precision: 18.8583
[2021-11-09 16:12:06][__main__	][INFO	] TRAIN at global step #112 Epoch #2 Step #73 / 151: loss:1.7965, precision: 13.5522
[2021-11-09 16:12:11][__main__	][INFO	] TRAIN at global step #113 Epoch #2 Step #75 / 151: loss:1.3944, precision: 20.0799
[2021-11-09 16:12:17][__main__	][INFO	] TRAIN at global step #114 Epoch #2 Step #77 / 151: loss:1.8800, precision: 9.0976
[2021-11-09 16:12:24][__main__	][INFO	] TRAIN at global step #115 Epoch #2 Step #79 / 151: loss:1.7884, precision: 12.9609
[2021-11-09 16:12:31][__main__	][INFO	] TRAIN at global step #116 Epoch #2 Step #81 / 151: loss:1.6792, precision: 14.8834
[2021-11-09 16:12:38][__main__	][INFO	] TRAIN at global step #117 Epoch #2 Step #83 / 151: loss:1.8000, precision: 12.0486
[2021-11-09 16:12:43][__main__	][INFO	] TRAIN at global step #118 Epoch #2 Step #85 / 151: loss:1.8560, precision: 11.5254
[2021-11-09 16:12:52][__main__	][INFO	] TRAIN at global step #119 Epoch #2 Step #87 / 151: loss:1.3538, precision: 20.0423
[2021-11-09 16:13:01][__main__	][INFO	] TRAIN at global step #120 Epoch #2 Step #89 / 151: loss:1.8224, precision: 11.0541
[2021-11-09 16:13:08][__main__	][INFO	] TRAIN at global step #121 Epoch #2 Step #91 / 151: loss:1.6577, precision: 14.3915
[2021-11-09 16:13:13][__main__	][INFO	] TRAIN at global step #122 Epoch #2 Step #93 / 151: loss:1.5475, precision: 18.0296
[2021-11-09 16:13:20][__main__	][INFO	] TRAIN at global step #123 Epoch #2 Step #95 / 151: loss:1.2885, precision: 23.0312
[2021-11-09 16:13:27][__main__	][INFO	] TRAIN at global step #124 Epoch #2 Step #97 / 151: loss:1.6653, precision: 12.6910
[2021-11-09 16:13:35][__main__	][INFO	] TRAIN at global step #125 Epoch #2 Step #99 / 151: loss:1.5737, precision: 12.9020
[2021-11-09 16:13:41][__main__	][INFO	] TRAIN at global step #126 Epoch #2 Step #101 / 151: loss:1.7468, precision: 11.7328
[2021-11-09 16:13:49][__main__	][INFO	] TRAIN at global step #127 Epoch #2 Step #103 / 151: loss:1.8706, precision: 9.7419
[2021-11-09 16:13:57][__main__	][INFO	] TRAIN at global step #128 Epoch #2 Step #105 / 151: loss:1.8750, precision: 9.5480
[2021-11-09 16:14:04][__main__	][INFO	] TRAIN at global step #129 Epoch #2 Step #107 / 151: loss:1.7002, precision: 15.0588
[2021-11-09 16:14:11][__main__	][INFO	] TRAIN at global step #130 Epoch #2 Step #109 / 151: loss:1.5410, precision: 15.8599
[2021-11-09 16:14:17][__main__	][INFO	] TRAIN at global step #131 Epoch #2 Step #111 / 151: loss:1.3736, precision: 16.1403
[2021-11-09 16:14:23][__main__	][INFO	] TRAIN at global step #132 Epoch #2 Step #113 / 151: loss:1.6684, precision: 12.6707
[2021-11-09 16:14:30][__main__	][INFO	] TRAIN at global step #133 Epoch #2 Step #115 / 151: loss:1.4974, precision: 16.6474
[2021-11-09 16:14:36][__main__	][INFO	] TRAIN at global step #134 Epoch #2 Step #117 / 151: loss:1.5328, precision: 14.5988
[2021-11-09 16:14:42][__main__	][INFO	] TRAIN at global step #135 Epoch #2 Step #119 / 151: loss:1.4137, precision: 18.2867
[2021-11-09 16:14:48][__main__	][INFO	] TRAIN at global step #136 Epoch #2 Step #121 / 151: loss:1.6462, precision: 12.1604
[2021-11-09 16:14:54][__main__	][INFO	] TRAIN at global step #137 Epoch #2 Step #123 / 151: loss:1.3522, precision: 20.4062
[2021-11-09 16:15:02][__main__	][INFO	] TRAIN at global step #138 Epoch #2 Step #125 / 151: loss:1.4670, precision: 15.6374
[2021-11-09 16:15:11][__main__	][INFO	] TRAIN at global step #139 Epoch #2 Step #127 / 151: loss:1.5613, precision: 14.1991
[2021-11-09 16:15:17][__main__	][INFO	] TRAIN at global step #140 Epoch #2 Step #129 / 151: loss:1.7897, precision: 12.4042
[2021-11-09 16:15:24][__main__	][INFO	] TRAIN at global step #141 Epoch #2 Step #131 / 151: loss:1.4905, precision: 11.9919
[2021-11-09 16:15:30][__main__	][INFO	] TRAIN at global step #142 Epoch #2 Step #133 / 151: loss:1.5773, precision: 14.7985
[2021-11-09 16:15:37][__main__	][INFO	] TRAIN at global step #143 Epoch #2 Step #135 / 151: loss:1.7244, precision: 12.2476
[2021-11-09 16:15:42][__main__	][INFO	] TRAIN at global step #144 Epoch #2 Step #137 / 151: loss:1.5830, precision: 12.1169
[2021-11-09 16:15:50][__main__	][INFO	] TRAIN at global step #145 Epoch #2 Step #139 / 151: loss:1.6585, precision: 12.3287
[2021-11-09 16:15:56][__main__	][INFO	] TRAIN at global step #146 Epoch #2 Step #141 / 151: loss:1.4194, precision: 15.3545
[2021-11-09 16:16:02][__main__	][INFO	] TRAIN at global step #147 Epoch #2 Step #143 / 151: loss:1.3555, precision: 17.4565
[2021-11-09 16:16:09][__main__	][INFO	] TRAIN at global step #148 Epoch #2 Step #145 / 151: loss:1.6740, precision: 12.2161
[2021-11-09 16:16:17][__main__	][INFO	] TRAIN at global step #149 Epoch #2 Step #147 / 151: loss:1.4737, precision: 17.2534
[2021-11-09 16:16:24][__main__	][INFO	] TRAIN at global step #150 Epoch #2 Step #149 / 151: loss:1.4248, precision: 15.8631
[2021-11-09 16:16:27][__main__	][INFO	] ---> inference #0 of 156 loss: 1.6145 iou: 0.0932
[2021-11-09 16:16:27][__main__	][INFO	] ---> inference #1 of 156 loss: 1.1670 iou: 0.0986
[2021-11-09 16:16:27][__main__	][INFO	] ---> inference #2 of 156 loss: 1.2972 iou: 0.0787
[2021-11-09 16:16:28][__main__	][INFO	] ---> inference #3 of 156 loss: 1.3849 iou: 0.0758
[2021-11-09 16:16:28][__main__	][INFO	] ---> inference #4 of 156 loss: 1.3788 iou: 0.0906
[2021-11-09 16:16:29][__main__	][INFO	] ---> inference #5 of 156 loss: 1.5907 iou: 0.0866
[2021-11-09 16:16:29][__main__	][INFO	] ---> inference #6 of 156 loss: 1.8543 iou: 0.0701
[2021-11-09 16:16:29][__main__	][INFO	] ---> inference #7 of 156 loss: 1.6289 iou: 0.0774
[2021-11-09 16:16:30][__main__	][INFO	] ---> inference #8 of 156 loss: 1.5904 iou: 0.0809
[2021-11-09 16:16:30][__main__	][INFO	] ---> inference #9 of 156 loss: 1.6824 iou: 0.0741
[2021-11-09 16:16:30][__main__	][INFO	] ---> inference #10 of 156 loss: 1.5460 iou: 0.0988
[2021-11-09 16:16:31][__main__	][INFO	] ---> inference #11 of 156 loss: 1.5773 iou: 0.0549
[2021-11-09 16:16:31][__main__	][INFO	] ---> inference #12 of 156 loss: 1.2280 iou: 0.1060
[2021-11-09 16:16:31][__main__	][INFO	] ---> inference #13 of 156 loss: 1.2369 iou: 0.0871
[2021-11-09 16:16:31][__main__	][INFO	] ---> inference #14 of 156 loss: 1.1942 iou: 0.0791
[2021-11-09 16:16:32][__main__	][INFO	] ---> inference #15 of 156 loss: 1.0221 iou: 0.1175
[2021-11-09 16:16:32][__main__	][INFO	] ---> inference #16 of 156 loss: 1.2390 iou: 0.0929
[2021-11-09 16:16:32][__main__	][INFO	] ---> inference #17 of 156 loss: 1.3189 iou: 0.0910
[2021-11-09 16:16:32][__main__	][INFO	] ---> inference #18 of 156 loss: 1.4701 iou: 0.0956
[2021-11-09 16:16:33][__main__	][INFO	] ---> inference #19 of 156 loss: 1.8020 iou: 0.0671
[2021-11-09 16:16:33][__main__	][INFO	] ---> inference #20 of 156 loss: 1.4656 iou: 0.0887
[2021-11-09 16:16:33][__main__	][INFO	] ---> inference #21 of 156 loss: 1.4810 iou: 0.0904
[2021-11-09 16:16:33][__main__	][INFO	] ---> inference #22 of 156 loss: 1.4797 iou: 0.0926
[2021-11-09 16:16:34][__main__	][INFO	] ---> inference #23 of 156 loss: 1.1021 iou: 0.1037
[2021-11-09 16:16:34][__main__	][INFO	] ---> inference #24 of 156 loss: 1.5383 iou: 0.1051
[2021-11-09 16:16:34][__main__	][INFO	] ---> inference #25 of 156 loss: 2.0575 iou: 0.0733
[2021-11-09 16:16:34][__main__	][INFO	] ---> inference #26 of 156 loss: 1.9611 iou: 0.0563
[2021-11-09 16:16:35][__main__	][INFO	] ---> inference #27 of 156 loss: 1.8810 iou: 0.0600
[2021-11-09 16:16:35][__main__	][INFO	] ---> inference #28 of 156 loss: 1.2461 iou: 0.1121
[2021-11-09 16:16:35][__main__	][INFO	] ---> inference #29 of 156 loss: 0.9687 iou: 0.0888
[2021-11-09 16:16:35][__main__	][INFO	] ---> inference #30 of 156 loss: 1.4312 iou: 0.0864
[2021-11-09 16:16:36][__main__	][INFO	] ---> inference #31 of 156 loss: 1.2506 iou: 0.1084
[2021-11-09 16:16:36][__main__	][INFO	] ---> inference #32 of 156 loss: 1.5816 iou: 0.0786
[2021-11-09 16:16:37][__main__	][INFO	] ---> inference #33 of 156 loss: 1.8315 iou: 0.0731
[2021-11-09 16:16:37][__main__	][INFO	] ---> inference #34 of 156 loss: 1.7953 iou: 0.0670
[2021-11-09 16:16:37][__main__	][INFO	] ---> inference #35 of 156 loss: 1.7234 iou: 0.0757
[2021-11-09 16:16:38][__main__	][INFO	] ---> inference #36 of 156 loss: 1.8149 iou: 0.0695
[2021-11-09 16:16:38][__main__	][INFO	] ---> inference #37 of 156 loss: 1.8376 iou: 0.0794
[2021-11-09 16:16:39][__main__	][INFO	] ---> inference #38 of 156 loss: 1.7668 iou: 0.0822
[2021-11-09 16:16:39][__main__	][INFO	] ---> inference #39 of 156 loss: 1.2955 iou: 0.0994
[2021-11-09 16:16:40][__main__	][INFO	] ---> inference #40 of 156 loss: 1.5766 iou: 0.0712
[2021-11-09 16:16:40][__main__	][INFO	] ---> inference #41 of 156 loss: 2.2223 iou: 0.0691
[2021-11-09 16:16:40][__main__	][INFO	] ---> inference #42 of 156 loss: 1.2381 iou: 0.0986
[2021-11-09 16:16:41][__main__	][INFO	] ---> inference #43 of 156 loss: 1.4138 iou: 0.0728
[2021-11-09 16:16:41][__main__	][INFO	] ---> inference #44 of 156 loss: 1.5233 iou: 0.0667
[2021-11-09 16:16:41][__main__	][INFO	] ---> inference #45 of 156 loss: 1.9722 iou: 0.0688
[2021-11-09 16:16:41][__main__	][INFO	] ---> inference #46 of 156 loss: 1.3432 iou: 0.0798
[2021-11-09 16:16:42][__main__	][INFO	] ---> inference #47 of 156 loss: 1.5152 iou: 0.0768
[2021-11-09 16:16:42][__main__	][INFO	] ---> inference #48 of 156 loss: 1.1993 iou: 0.0912
[2021-11-09 16:16:42][__main__	][INFO	] ---> inference #49 of 156 loss: 1.3873 iou: 0.0849
[2021-11-09 16:16:43][__main__	][INFO	] ---> inference #50 of 156 loss: 1.1564 iou: 0.0864
[2021-11-09 16:16:44][__main__	][INFO	] ---> inference #51 of 156 loss: 1.2770 iou: 0.0623
[2021-11-09 16:16:44][__main__	][INFO	] ---> inference #52 of 156 loss: 1.1561 iou: 0.0801
[2021-11-09 16:16:44][__main__	][INFO	] ---> inference #53 of 156 loss: 1.3851 iou: 0.0803
[2021-11-09 16:16:44][__main__	][INFO	] ---> inference #54 of 156 loss: 1.2178 iou: 0.0988
[2021-11-09 16:16:45][__main__	][INFO	] ---> inference #55 of 156 loss: 1.7868 iou: 0.0670
[2021-11-09 16:16:45][__main__	][INFO	] ---> inference #56 of 156 loss: 1.8057 iou: 0.0674
[2021-11-09 16:16:45][__main__	][INFO	] ---> inference #57 of 156 loss: 1.5886 iou: 0.0995
[2021-11-09 16:16:45][__main__	][INFO	] ---> inference #58 of 156 loss: 0.8011 iou: 0.1165
[2021-11-09 16:16:46][__main__	][INFO	] ---> inference #59 of 156 loss: 1.3587 iou: 0.0795
[2021-11-09 16:16:46][__main__	][INFO	] ---> inference #60 of 156 loss: 1.3807 iou: 0.0864
[2021-11-09 16:16:46][__main__	][INFO	] ---> inference #61 of 156 loss: 1.1890 iou: 0.1094
[2021-11-09 16:16:47][__main__	][INFO	] ---> inference #62 of 156 loss: 1.1701 iou: 0.0975
[2021-11-09 16:16:47][__main__	][INFO	] ---> inference #63 of 156 loss: 1.8495 iou: 0.0673
[2021-11-09 16:16:47][__main__	][INFO	] ---> inference #64 of 156 loss: 1.6496 iou: 0.0783
[2021-11-09 16:16:47][__main__	][INFO	] ---> inference #65 of 156 loss: 1.5493 iou: 0.0783
[2021-11-09 16:16:48][__main__	][INFO	] ---> inference #66 of 156 loss: 2.2938 iou: 0.0681
[2021-11-09 16:16:48][__main__	][INFO	] ---> inference #67 of 156 loss: 1.7133 iou: 0.0743
[2021-11-09 16:16:48][__main__	][INFO	] ---> inference #68 of 156 loss: 1.4760 iou: 0.0955
[2021-11-09 16:16:48][__main__	][INFO	] ---> inference #69 of 156 loss: 1.2074 iou: 0.0578
[2021-11-09 16:16:48][__main__	][INFO	] ---> inference #70 of 156 loss: 1.3173 iou: 0.0785
[2021-11-09 16:16:49][__main__	][INFO	] ---> inference #71 of 156 loss: 1.2912 iou: 0.0867
[2021-11-09 16:16:49][__main__	][INFO	] ---> inference #72 of 156 loss: 1.1713 iou: 0.1021
[2021-11-09 16:16:49][__main__	][INFO	] ---> inference #73 of 156 loss: 0.9869 iou: 0.1179
[2021-11-09 16:16:50][__main__	][INFO	] ---> inference #74 of 156 loss: 1.1507 iou: 0.0790
[2021-11-09 16:16:50][__main__	][INFO	] ---> inference #75 of 156 loss: 2.0094 iou: 0.0710
[2021-11-09 16:16:50][__main__	][INFO	] ---> inference #76 of 156 loss: 1.8653 iou: 0.0720
[2021-11-09 16:16:51][__main__	][INFO	] ---> inference #77 of 156 loss: 1.2951 iou: 0.0892
[2021-11-09 16:16:51][__main__	][INFO	] ---> inference #78 of 156 loss: 1.7169 iou: 0.0769
[2021-11-09 16:16:51][__main__	][INFO	] ---> inference #79 of 156 loss: 1.3025 iou: 0.0951
[2021-11-09 16:16:52][__main__	][INFO	] ---> inference #80 of 156 loss: 1.6506 iou: 0.0848
[2021-11-09 16:16:52][__main__	][INFO	] ---> inference #81 of 156 loss: 1.5587 iou: 0.0837
[2021-11-09 16:16:52][__main__	][INFO	] ---> inference #82 of 156 loss: 2.0834 iou: 0.0561
[2021-11-09 16:16:52][__main__	][INFO	] ---> inference #83 of 156 loss: 1.6218 iou: 0.1028
[2021-11-09 16:16:53][__main__	][INFO	] ---> inference #84 of 156 loss: 1.0824 iou: 0.1095
[2021-11-09 16:16:53][__main__	][INFO	] ---> inference #85 of 156 loss: 1.5495 iou: 0.0793
[2021-11-09 16:16:54][__main__	][INFO	] ---> inference #86 of 156 loss: 1.9442 iou: 0.0659
[2021-11-09 16:16:54][__main__	][INFO	] ---> inference #87 of 156 loss: 1.5538 iou: 0.0795
[2021-11-09 16:16:54][__main__	][INFO	] ---> inference #88 of 156 loss: 1.5890 iou: 0.0887
[2021-11-09 16:16:55][__main__	][INFO	] ---> inference #89 of 156 loss: 1.5610 iou: 0.0915
[2021-11-09 16:16:55][__main__	][INFO	] ---> inference #90 of 156 loss: 1.1374 iou: 0.1078
[2021-11-09 16:16:55][__main__	][INFO	] ---> inference #91 of 156 loss: 1.5891 iou: 0.0932
[2021-11-09 16:16:55][__main__	][INFO	] ---> inference #92 of 156 loss: 1.9889 iou: 0.0687
[2021-11-09 16:16:56][__main__	][INFO	] ---> inference #93 of 156 loss: 1.4173 iou: 0.0805
[2021-11-09 16:16:56][__main__	][INFO	] ---> inference #94 of 156 loss: 1.3526 iou: 0.0795
[2021-11-09 16:16:56][__main__	][INFO	] ---> inference #95 of 156 loss: 1.3051 iou: 0.0855
[2021-11-09 16:16:57][__main__	][INFO	] ---> inference #96 of 156 loss: 1.2732 iou: 0.0847
[2021-11-09 16:16:57][__main__	][INFO	] ---> inference #97 of 156 loss: 1.4782 iou: 0.0682
[2021-11-09 16:16:57][__main__	][INFO	] ---> inference #98 of 156 loss: 1.2101 iou: 0.1131
[2021-11-09 16:16:58][__main__	][INFO	] ---> inference #99 of 156 loss: 1.1652 iou: 0.1156
[2021-11-09 16:16:58][__main__	][INFO	] ---> inference #100 of 156 loss: 0.9856 iou: 0.1185
[2021-11-09 16:16:58][__main__	][INFO	] ---> inference #101 of 156 loss: 1.6469 iou: 0.0910
[2021-11-09 16:16:58][__main__	][INFO	] ---> inference #102 of 156 loss: 2.2914 iou: 0.0793
[2021-11-09 16:16:59][__main__	][INFO	] ---> inference #103 of 156 loss: 2.1486 iou: 0.0700
[2021-11-09 16:16:59][__main__	][INFO	] ---> inference #104 of 156 loss: 1.6605 iou: 0.0677
[2021-11-09 16:16:59][__main__	][INFO	] ---> inference #105 of 156 loss: 1.1570 iou: 0.0969
[2021-11-09 16:17:00][__main__	][INFO	] ---> inference #106 of 156 loss: 1.8640 iou: 0.0632
[2021-11-09 16:17:00][__main__	][INFO	] ---> inference #107 of 156 loss: 1.8226 iou: 0.0553
[2021-11-09 16:17:00][__main__	][INFO	] ---> inference #108 of 156 loss: 1.4428 iou: 0.1113
[2021-11-09 16:17:01][__main__	][INFO	] ---> inference #109 of 156 loss: 1.5183 iou: 0.1084
[2021-11-09 16:17:01][__main__	][INFO	] ---> inference #110 of 156 loss: 1.5825 iou: 0.0819
[2021-11-09 16:17:01][__main__	][INFO	] ---> inference #111 of 156 loss: 1.3691 iou: 0.0883
[2021-11-09 16:17:02][__main__	][INFO	] ---> inference #112 of 156 loss: 1.8902 iou: 0.0872
[2021-11-09 16:17:02][__main__	][INFO	] ---> inference #113 of 156 loss: 1.5657 iou: 0.0984
[2021-11-09 16:17:02][__main__	][INFO	] ---> inference #114 of 156 loss: 1.1303 iou: 0.0641
[2021-11-09 16:17:03][__main__	][INFO	] ---> inference #115 of 156 loss: 2.0073 iou: 0.0804
[2021-11-09 16:17:03][__main__	][INFO	] ---> inference #116 of 156 loss: 1.6148 iou: 0.0839
[2021-11-09 16:17:04][__main__	][INFO	] ---> inference #117 of 156 loss: 1.2222 iou: 0.0927
[2021-11-09 16:17:04][__main__	][INFO	] ---> inference #118 of 156 loss: 1.4041 iou: 0.0816
[2021-11-09 16:17:04][__main__	][INFO	] ---> inference #119 of 156 loss: 2.2710 iou: 0.0586
[2021-11-09 16:17:05][__main__	][INFO	] ---> inference #120 of 156 loss: 1.5091 iou: 0.0900
[2021-11-09 16:17:06][__main__	][INFO	] ---> inference #121 of 156 loss: 1.7626 iou: 0.0756
[2021-11-09 16:17:06][__main__	][INFO	] ---> inference #122 of 156 loss: 1.6531 iou: 0.0825
[2021-11-09 16:17:06][__main__	][INFO	] ---> inference #123 of 156 loss: 1.4355 iou: 0.0958
[2021-11-09 16:17:07][__main__	][INFO	] ---> inference #124 of 156 loss: 1.7938 iou: 0.0920
[2021-11-09 16:17:07][__main__	][INFO	] ---> inference #125 of 156 loss: 1.7219 iou: 0.0820
[2021-11-09 16:17:07][__main__	][INFO	] ---> inference #126 of 156 loss: 1.4704 iou: 0.0873
[2021-11-09 16:17:08][__main__	][INFO	] ---> inference #127 of 156 loss: 1.2132 iou: 0.1043
[2021-11-09 16:17:08][__main__	][INFO	] ---> inference #128 of 156 loss: 1.0115 iou: 0.1051
[2021-11-09 16:17:08][__main__	][INFO	] ---> inference #129 of 156 loss: 1.1442 iou: 0.1160
[2021-11-09 16:17:09][__main__	][INFO	] ---> inference #130 of 156 loss: 1.5421 iou: 0.0921
[2021-11-09 16:17:09][__main__	][INFO	] ---> inference #131 of 156 loss: 2.0828 iou: 0.0623
[2021-11-09 16:17:09][__main__	][INFO	] ---> inference #132 of 156 loss: 2.1478 iou: 0.0638
[2021-11-09 16:17:10][__main__	][INFO	] ---> inference #133 of 156 loss: 1.0898 iou: 0.1203
[2021-11-09 16:17:10][__main__	][INFO	] ---> inference #134 of 156 loss: 2.0554 iou: 0.0724
[2021-11-09 16:17:10][__main__	][INFO	] ---> inference #135 of 156 loss: 1.1834 iou: 0.0642
[2021-11-09 16:17:11][__main__	][INFO	] ---> inference #136 of 156 loss: 2.0702 iou: 0.0504
[2021-11-09 16:17:11][__main__	][INFO	] ---> inference #137 of 156 loss: 2.0406 iou: 0.0584
[2021-11-09 16:17:12][__main__	][INFO	] ---> inference #138 of 156 loss: 0.9885 iou: 0.1058
[2021-11-09 16:17:12][__main__	][INFO	] ---> inference #139 of 156 loss: 1.0508 iou: 0.1066
[2021-11-09 16:17:12][__main__	][INFO	] ---> inference #140 of 156 loss: 1.1562 iou: 0.0847
[2021-11-09 16:17:12][__main__	][INFO	] ---> inference #141 of 156 loss: 1.2675 iou: 0.1242
[2021-11-09 16:17:13][__main__	][INFO	] ---> inference #142 of 156 loss: 2.0026 iou: 0.0502
[2021-11-09 16:17:13][__main__	][INFO	] ---> inference #143 of 156 loss: 1.6113 iou: 0.0748
[2021-11-09 16:17:13][__main__	][INFO	] ---> inference #144 of 156 loss: 1.8616 iou: 0.0820
[2021-11-09 16:17:13][__main__	][INFO	] ---> inference #145 of 156 loss: 1.6083 iou: 0.0813
[2021-11-09 16:17:14][__main__	][INFO	] ---> inference #146 of 156 loss: 1.6780 iou: 0.0759
[2021-11-09 16:17:14][__main__	][INFO	] ---> inference #147 of 156 loss: 1.8680 iou: 0.0714
[2021-11-09 16:17:14][__main__	][INFO	] ---> inference #148 of 156 loss: 1.9178 iou: 0.0570
[2021-11-09 16:17:15][__main__	][INFO	] ---> inference #149 of 156 loss: 1.8079 iou: 0.0613
[2021-11-09 16:17:15][__main__	][INFO	] ---> inference #150 of 156 loss: 1.6062 iou: 0.0875
[2021-11-09 16:17:15][__main__	][INFO	] ---> inference #151 of 156 loss: 1.5432 iou: 0.0857
[2021-11-09 16:17:15][__main__	][INFO	] ---> inference #152 of 156 loss: 2.5256 iou: 0.0411
[2021-11-09 16:17:16][__main__	][INFO	] ---> inference #153 of 156 loss: 2.2433 iou: 0.0598
[2021-11-09 16:17:16][__main__	][INFO	] ---> inference #154 of 156 loss: 1.9630 iou: 0.0657
[2021-11-09 16:17:16][__main__	][INFO	] ---> inference #155 of 156 loss: 1.5379 iou: 0.0830
[2021-11-09 16:17:16][__main__	][INFO	] VAL   at global step #150: loss (avg): 1.5430, iou (avg): 0.0836
[2021-11-09 16:17:16][__main__	][INFO	] VAL   at global step #150: iou (cls#0): 0.5347
[2021-11-09 16:17:16][__main__	][INFO	] VAL   at global step #150: iou (cls#1): 0.7716
[2021-11-09 16:17:16][__main__	][INFO	] VAL   at global step #150: iou (cls#2): 0.0135
[2021-11-09 16:17:16][__main__	][INFO	] VAL   at global step #150: iou (cls#3): 0.0000
[2021-11-09 16:17:16][__main__	][INFO	] VAL   at global step #150: iou (cls#4): 0.1788
[2021-11-09 16:17:16][__main__	][INFO	] VAL   at global step #150: iou (cls#5): 0.0000
[2021-11-09 16:17:16][__main__	][INFO	] VAL   at global step #150: iou (cls#6): 0.0796
[2021-11-09 16:17:16][__main__	][INFO	] VAL   at global step #150: iou (cls#7): 0.0274
[2021-11-09 16:17:16][__main__	][INFO	] VAL   at global step #150: iou (cls#8): 0.0654
[2021-11-09 16:17:16][__main__	][INFO	] VAL   at global step #150: iou (cls#9): 0.0000
[2021-11-09 16:17:16][__main__	][INFO	] VAL   at global step #150: iou (cls#10): 0.0000
[2021-11-09 16:17:16][__main__	][INFO	] VAL   at global step #150: iou (cls#11): 0.0000
[2021-11-09 16:17:16][__main__	][INFO	] VAL   at global step #150: iou (cls#12): 0.0000
[2021-11-09 16:17:16][__main__	][INFO	] VAL   at global step #150: iou (cls#13): 0.0000
[2021-11-09 16:17:16][__main__	][INFO	] VAL   at global step #150: iou (cls#14): 0.0000
[2021-11-09 16:17:16][__main__	][INFO	] VAL   at global step #150: iou (cls#15): 0.0000
[2021-11-09 16:17:16][__main__	][INFO	] VAL   at global step #150: iou (cls#16): 0.0000
[2021-11-09 16:17:16][__main__	][INFO	] VAL   at global step #150: iou (cls#17): 0.0000
[2021-11-09 16:17:16][__main__	][INFO	] VAL   at global step #150: iou (cls#18): 0.0000
[2021-11-09 16:17:16][__main__	][INFO	] VAL   at global step #150: iou (cls#19): 0.0001
[2021-11-09 16:17:16][__main__	][INFO	] Better checkpoint saved
[2021-11-09 16:17:22][__main__	][INFO	] TRAIN at global step #151 Epoch #2 Step #151 / 151: loss:1.8222, precision: 14.2025
[2021-11-09 16:17:25][__main__	][INFO	] Checkpoint at epoch #1 saved
[2021-11-09 16:17:42][__main__	][INFO	] TRAIN at global step #152 Epoch #3 Step #2 / 151: loss:1.7512, precision: 11.7245
[2021-11-09 16:17:49][__main__	][INFO	] TRAIN at global step #153 Epoch #3 Step #4 / 151: loss:1.2985, precision: 17.1905
[2021-11-09 16:17:54][__main__	][INFO	] TRAIN at global step #154 Epoch #3 Step #6 / 151: loss:1.4455, precision: 18.1855
[2021-11-09 16:18:01][__main__	][INFO	] TRAIN at global step #155 Epoch #3 Step #8 / 151: loss:1.4069, precision: 14.8751
[2021-11-09 16:18:08][__main__	][INFO	] TRAIN at global step #156 Epoch #3 Step #10 / 151: loss:1.6266, precision: 12.8409
[2021-11-09 16:18:13][__main__	][INFO	] TRAIN at global step #157 Epoch #3 Step #12 / 151: loss:1.3855, precision: 16.3473
[2021-11-09 16:18:20][__main__	][INFO	] TRAIN at global step #158 Epoch #3 Step #14 / 151: loss:1.0719, precision: 22.7128
[2021-11-09 16:18:26][__main__	][INFO	] TRAIN at global step #159 Epoch #3 Step #16 / 151: loss:1.6478, precision: 15.3265
[2021-11-09 16:18:33][__main__	][INFO	] TRAIN at global step #160 Epoch #3 Step #18 / 151: loss:1.3637, precision: 16.8455
[2021-11-09 16:18:41][__main__	][INFO	] TRAIN at global step #161 Epoch #3 Step #20 / 151: loss:1.6070, precision: 11.4448
[2021-11-09 16:18:47][__main__	][INFO	] TRAIN at global step #162 Epoch #3 Step #22 / 151: loss:1.6991, precision: 11.4944
[2021-11-09 16:18:53][__main__	][INFO	] TRAIN at global step #163 Epoch #3 Step #24 / 151: loss:1.4957, precision: 19.9949
[2021-11-09 16:19:00][__main__	][INFO	] TRAIN at global step #164 Epoch #3 Step #26 / 151: loss:1.7791, precision: 9.5151
[2021-11-09 16:19:06][__main__	][INFO	] TRAIN at global step #165 Epoch #3 Step #28 / 151: loss:1.3579, precision: 18.1796
[2021-11-09 16:19:12][__main__	][INFO	] TRAIN at global step #166 Epoch #3 Step #30 / 151: loss:1.4125, precision: 20.1596
[2021-11-09 16:19:19][__main__	][INFO	] TRAIN at global step #167 Epoch #3 Step #32 / 151: loss:1.3949, precision: 16.1346
[2021-11-09 16:19:26][__main__	][INFO	] TRAIN at global step #168 Epoch #3 Step #34 / 151: loss:1.7246, precision: 9.8625
[2021-11-09 16:19:32][__main__	][INFO	] TRAIN at global step #169 Epoch #3 Step #36 / 151: loss:1.4072, precision: 16.9358
[2021-11-09 16:19:40][__main__	][INFO	] TRAIN at global step #170 Epoch #3 Step #38 / 151: loss:1.3540, precision: 17.8895
[2021-11-09 16:19:46][__main__	][INFO	] TRAIN at global step #171 Epoch #3 Step #40 / 151: loss:1.2398, precision: 20.2269
[2021-11-09 16:19:53][__main__	][INFO	] TRAIN at global step #172 Epoch #3 Step #42 / 151: loss:1.4707, precision: 13.1301
[2021-11-09 16:20:00][__main__	][INFO	] TRAIN at global step #173 Epoch #3 Step #44 / 151: loss:1.3281, precision: 15.7685
[2021-11-09 16:20:07][__main__	][INFO	] TRAIN at global step #174 Epoch #3 Step #46 / 151: loss:1.6941, precision: 11.5640
[2021-11-09 16:20:14][__main__	][INFO	] TRAIN at global step #175 Epoch #3 Step #48 / 151: loss:1.5904, precision: 9.6490
[2021-11-09 16:20:21][__main__	][INFO	] TRAIN at global step #176 Epoch #3 Step #50 / 151: loss:1.4499, precision: 15.2252
[2021-11-09 16:20:26][__main__	][INFO	] TRAIN at global step #177 Epoch #3 Step #52 / 151: loss:1.4402, precision: 16.3890
[2021-11-09 16:20:34][__main__	][INFO	] TRAIN at global step #178 Epoch #3 Step #54 / 151: loss:1.4796, precision: 14.9023
[2021-11-09 16:20:40][__main__	][INFO	] TRAIN at global step #179 Epoch #3 Step #56 / 151: loss:1.6012, precision: 10.3503
[2021-11-09 16:20:47][__main__	][INFO	] TRAIN at global step #180 Epoch #3 Step #58 / 151: loss:1.7071, precision: 11.9483
[2021-11-09 16:20:54][__main__	][INFO	] TRAIN at global step #181 Epoch #3 Step #60 / 151: loss:1.6402, precision: 11.6005
[2021-11-09 16:21:02][__main__	][INFO	] TRAIN at global step #182 Epoch #3 Step #62 / 151: loss:1.2339, precision: 19.3683
[2021-11-09 16:21:08][__main__	][INFO	] TRAIN at global step #183 Epoch #3 Step #64 / 151: loss:1.5534, precision: 13.1869
[2021-11-09 16:21:15][__main__	][INFO	] TRAIN at global step #184 Epoch #3 Step #66 / 151: loss:1.5601, precision: 13.5312
[2021-11-09 16:21:21][__main__	][INFO	] TRAIN at global step #185 Epoch #3 Step #68 / 151: loss:1.6192, precision: 10.6998
[2021-11-09 16:21:28][__main__	][INFO	] TRAIN at global step #186 Epoch #3 Step #70 / 151: loss:1.4850, precision: 14.2594
[2021-11-09 16:21:35][__main__	][INFO	] TRAIN at global step #187 Epoch #3 Step #72 / 151: loss:1.3161, precision: 19.1126
[2021-11-09 16:21:42][__main__	][INFO	] TRAIN at global step #188 Epoch #3 Step #74 / 151: loss:1.4345, precision: 15.6763
[2021-11-09 16:21:48][__main__	][INFO	] TRAIN at global step #189 Epoch #3 Step #76 / 151: loss:1.3412, precision: 19.3273
[2021-11-09 16:21:55][__main__	][INFO	] TRAIN at global step #190 Epoch #3 Step #78 / 151: loss:1.1498, precision: 21.4054
[2021-11-09 16:22:02][__main__	][INFO	] TRAIN at global step #191 Epoch #3 Step #80 / 151: loss:1.8252, precision: 8.8295
[2021-11-09 16:22:11][__main__	][INFO	] TRAIN at global step #192 Epoch #3 Step #82 / 151: loss:1.3736, precision: 13.9621
[2021-11-09 16:22:20][__main__	][INFO	] TRAIN at global step #193 Epoch #3 Step #84 / 151: loss:1.2736, precision: 15.8219
[2021-11-09 16:22:25][__main__	][INFO	] TRAIN at global step #194 Epoch #3 Step #86 / 151: loss:1.3584, precision: 17.2165
[2021-11-09 16:22:33][__main__	][INFO	] TRAIN at global step #195 Epoch #3 Step #88 / 151: loss:1.3004, precision: 18.7403
[2021-11-09 16:22:42][__main__	][INFO	] TRAIN at global step #196 Epoch #3 Step #90 / 151: loss:1.4826, precision: 14.8679
[2021-11-09 16:22:48][__main__	][INFO	] TRAIN at global step #197 Epoch #3 Step #92 / 151: loss:1.4987, precision: 11.6852
[2021-11-09 16:22:54][__main__	][INFO	] TRAIN at global step #198 Epoch #3 Step #94 / 151: loss:1.6927, precision: 11.7986
[2021-11-09 16:23:01][__main__	][INFO	] TRAIN at global step #199 Epoch #3 Step #96 / 151: loss:1.5452, precision: 12.0959
[2021-11-09 16:23:06][__main__	][INFO	] TRAIN at global step #200 Epoch #3 Step #98 / 151: loss:1.3108, precision: 14.7206
[2021-11-09 16:23:15][__main__	][INFO	] TRAIN at global step #201 Epoch #3 Step #100 / 151: loss:1.1711, precision: 18.3535
[2021-11-09 16:23:22][__main__	][INFO	] TRAIN at global step #202 Epoch #3 Step #102 / 151: loss:1.4449, precision: 11.2229
[2021-11-09 16:23:29][__main__	][INFO	] TRAIN at global step #203 Epoch #3 Step #104 / 151: loss:1.3932, precision: 14.9917
[2021-11-09 16:23:37][__main__	][INFO	] TRAIN at global step #204 Epoch #3 Step #106 / 151: loss:1.1789, precision: 18.1298
[2021-11-09 16:23:45][__main__	][INFO	] TRAIN at global step #205 Epoch #3 Step #108 / 151: loss:1.2710, precision: 17.4728
[2021-11-09 16:23:51][__main__	][INFO	] TRAIN at global step #206 Epoch #3 Step #110 / 151: loss:1.3954, precision: 15.9229
[2021-11-09 16:23:59][__main__	][INFO	] TRAIN at global step #207 Epoch #3 Step #112 / 151: loss:1.4942, precision: 12.5573
[2021-11-09 16:24:06][__main__	][INFO	] TRAIN at global step #208 Epoch #3 Step #114 / 151: loss:1.5618, precision: 13.2969
[2021-11-09 16:24:13][__main__	][INFO	] TRAIN at global step #209 Epoch #3 Step #116 / 151: loss:1.4424, precision: 14.9071
[2021-11-09 16:24:20][__main__	][INFO	] TRAIN at global step #210 Epoch #3 Step #118 / 151: loss:1.4470, precision: 15.3092
[2021-11-09 16:24:28][__main__	][INFO	] TRAIN at global step #211 Epoch #3 Step #120 / 151: loss:1.2608, precision: 17.9388
[2021-11-09 16:24:33][__main__	][INFO	] TRAIN at global step #212 Epoch #3 Step #122 / 151: loss:1.2586, precision: 18.1891
[2021-11-09 16:24:41][__main__	][INFO	] TRAIN at global step #213 Epoch #3 Step #124 / 151: loss:1.3194, precision: 19.1263
[2021-11-09 16:24:47][__main__	][INFO	] TRAIN at global step #214 Epoch #3 Step #126 / 151: loss:1.3806, precision: 18.5458
[2021-11-09 16:24:53][__main__	][INFO	] TRAIN at global step #215 Epoch #3 Step #128 / 151: loss:1.6495, precision: 10.9390
[2021-11-09 16:25:00][__main__	][INFO	] TRAIN at global step #216 Epoch #3 Step #130 / 151: loss:1.5208, precision: 12.0207
[2021-11-09 16:25:05][__main__	][INFO	] TRAIN at global step #217 Epoch #3 Step #132 / 151: loss:1.4122, precision: 15.6586
[2021-11-09 16:25:11][__main__	][INFO	] TRAIN at global step #218 Epoch #3 Step #134 / 151: loss:1.4635, precision: 12.2147
[2021-11-09 16:25:18][__main__	][INFO	] TRAIN at global step #219 Epoch #3 Step #136 / 151: loss:1.3848, precision: 14.7682
[2021-11-09 16:25:24][__main__	][INFO	] TRAIN at global step #220 Epoch #3 Step #138 / 151: loss:1.6111, precision: 14.4147
[2021-11-09 16:25:31][__main__	][INFO	] TRAIN at global step #221 Epoch #3 Step #140 / 151: loss:1.3411, precision: 17.6925
[2021-11-09 16:25:37][__main__	][INFO	] TRAIN at global step #222 Epoch #3 Step #142 / 151: loss:1.7748, precision: 10.0873
[2021-11-09 16:25:41][__main__	][INFO	] TRAIN at global step #223 Epoch #3 Step #144 / 151: loss:1.4005, precision: 18.4415
[2021-11-09 16:25:48][__main__	][INFO	] TRAIN at global step #224 Epoch #3 Step #146 / 151: loss:1.3577, precision: 15.3594
[2021-11-09 16:25:54][__main__	][INFO	] TRAIN at global step #225 Epoch #3 Step #148 / 151: loss:1.3725, precision: 13.6015
[2021-11-09 16:26:00][__main__	][INFO	] TRAIN at global step #226 Epoch #3 Step #150 / 151: loss:1.8384, precision: 9.0682
[2021-11-09 16:26:03][__main__	][INFO	] Checkpoint at epoch #2 saved
[2021-11-09 16:26:11][__main__	][INFO	] TRAIN at global step #227 Epoch #4 Step #1 / 151: loss:1.7601, precision: 8.5060
[2021-11-09 16:26:17][__main__	][INFO	] TRAIN at global step #228 Epoch #4 Step #3 / 151: loss:1.5415, precision: 11.9316
[2021-11-09 16:26:24][__main__	][INFO	] TRAIN at global step #229 Epoch #4 Step #5 / 151: loss:1.4108, precision: 14.1695
[2021-11-09 16:26:31][__main__	][INFO	] TRAIN at global step #230 Epoch #4 Step #7 / 151: loss:1.2454, precision: 17.9503
[2021-11-09 16:26:38][__main__	][INFO	] TRAIN at global step #231 Epoch #4 Step #9 / 151: loss:1.1013, precision: 17.3430
[2021-11-09 16:26:43][__main__	][INFO	] TRAIN at global step #232 Epoch #4 Step #11 / 151: loss:1.2424, precision: 20.6229
[2021-11-09 16:26:50][__main__	][INFO	] TRAIN at global step #233 Epoch #4 Step #13 / 151: loss:1.2052, precision: 20.3568
[2021-11-09 16:26:58][__main__	][INFO	] TRAIN at global step #234 Epoch #4 Step #15 / 151: loss:1.2512, precision: 17.8700
[2021-11-09 16:27:04][__main__	][INFO	] TRAIN at global step #235 Epoch #4 Step #17 / 151: loss:1.3802, precision: 14.6761
[2021-11-09 16:27:10][__main__	][INFO	] TRAIN at global step #236 Epoch #4 Step #19 / 151: loss:1.3385, precision: 13.8030
[2021-11-09 16:27:16][__main__	][INFO	] TRAIN at global step #237 Epoch #4 Step #21 / 151: loss:1.1236, precision: 22.8197
[2021-11-09 16:27:23][__main__	][INFO	] TRAIN at global step #238 Epoch #4 Step #23 / 151: loss:1.3987, precision: 13.2726
[2021-11-09 16:27:28][__main__	][INFO	] TRAIN at global step #239 Epoch #4 Step #25 / 151: loss:1.5238, precision: 15.9533
[2021-11-09 16:27:34][__main__	][INFO	] TRAIN at global step #240 Epoch #4 Step #27 / 151: loss:1.3374, precision: 14.1620
[2021-11-09 16:27:43][__main__	][INFO	] TRAIN at global step #241 Epoch #4 Step #29 / 151: loss:1.1597, precision: 18.8552
[2021-11-09 16:27:52][__main__	][INFO	] TRAIN at global step #242 Epoch #4 Step #31 / 151: loss:1.5696, precision: 12.3158
[2021-11-09 16:27:59][__main__	][INFO	] TRAIN at global step #243 Epoch #4 Step #33 / 151: loss:1.8517, precision: 9.8144
[2021-11-09 16:28:04][__main__	][INFO	] TRAIN at global step #244 Epoch #4 Step #35 / 151: loss:1.2519, precision: 19.0307
[2021-11-09 16:28:10][__main__	][INFO	] TRAIN at global step #245 Epoch #4 Step #37 / 151: loss:1.1712, precision: 19.2161
[2021-11-09 16:28:16][__main__	][INFO	] TRAIN at global step #246 Epoch #4 Step #39 / 151: loss:1.4680, precision: 15.6232
[2021-11-09 16:28:23][__main__	][INFO	] TRAIN at global step #247 Epoch #4 Step #41 / 151: loss:1.2784, precision: 18.5604
[2021-11-09 16:28:29][__main__	][INFO	] TRAIN at global step #248 Epoch #4 Step #43 / 151: loss:1.2769, precision: 16.6061
[2021-11-09 16:28:36][__main__	][INFO	] TRAIN at global step #249 Epoch #4 Step #45 / 151: loss:1.4119, precision: 14.0229
[2021-11-09 16:28:43][__main__	][INFO	] TRAIN at global step #250 Epoch #4 Step #47 / 151: loss:1.6366, precision: 11.7788
[2021-11-09 16:28:50][__main__	][INFO	] TRAIN at global step #251 Epoch #4 Step #49 / 151: loss:1.7810, precision: 10.0929
[2021-11-09 16:28:57][__main__	][INFO	] TRAIN at global step #252 Epoch #4 Step #51 / 151: loss:1.3924, precision: 14.0710
[2021-11-09 16:29:03][__main__	][INFO	] TRAIN at global step #253 Epoch #4 Step #53 / 151: loss:1.3228, precision: 17.3875
[2021-11-09 16:29:09][__main__	][INFO	] TRAIN at global step #254 Epoch #4 Step #55 / 151: loss:1.3721, precision: 16.4044
[2021-11-09 16:29:16][__main__	][INFO	] TRAIN at global step #255 Epoch #4 Step #57 / 151: loss:1.1951, precision: 17.4530
[2021-11-09 16:29:24][__main__	][INFO	] TRAIN at global step #256 Epoch #4 Step #59 / 151: loss:1.4321, precision: 15.2365
[2021-11-09 16:29:30][__main__	][INFO	] TRAIN at global step #257 Epoch #4 Step #61 / 151: loss:1.2743, precision: 17.6566
[2021-11-09 16:29:37][__main__	][INFO	] TRAIN at global step #258 Epoch #4 Step #63 / 151: loss:1.4242, precision: 13.4850
[2021-11-09 16:29:45][__main__	][INFO	] TRAIN at global step #259 Epoch #4 Step #65 / 151: loss:1.2642, precision: 17.6000
[2021-11-09 16:29:51][__main__	][INFO	] TRAIN at global step #260 Epoch #4 Step #67 / 151: loss:1.3369, precision: 15.9896
[2021-11-09 16:29:57][__main__	][INFO	] TRAIN at global step #261 Epoch #4 Step #69 / 151: loss:1.4024, precision: 16.3564
[2021-11-09 16:30:06][__main__	][INFO	] TRAIN at global step #262 Epoch #4 Step #71 / 151: loss:1.2643, precision: 13.0036
[2021-11-09 16:30:12][__main__	][INFO	] TRAIN at global step #263 Epoch #4 Step #73 / 151: loss:1.3212, precision: 17.1304
[2021-11-09 16:30:21][__main__	][INFO	] TRAIN at global step #264 Epoch #4 Step #75 / 151: loss:1.1612, precision: 15.7637
[2021-11-09 16:30:28][__main__	][INFO	] TRAIN at global step #265 Epoch #4 Step #77 / 151: loss:1.2215, precision: 16.3599
[2021-11-09 16:30:35][__main__	][INFO	] TRAIN at global step #266 Epoch #4 Step #79 / 151: loss:1.2507, precision: 18.7276
[2021-11-09 16:30:42][__main__	][INFO	] TRAIN at global step #267 Epoch #4 Step #81 / 151: loss:1.1160, precision: 20.1803
[2021-11-09 16:30:47][__main__	][INFO	] TRAIN at global step #268 Epoch #4 Step #83 / 151: loss:1.4411, precision: 14.2972
[2021-11-09 16:30:52][__main__	][INFO	] TRAIN at global step #269 Epoch #4 Step #85 / 151: loss:1.8543, precision: 9.4550
[2021-11-09 16:30:59][__main__	][INFO	] TRAIN at global step #270 Epoch #4 Step #87 / 151: loss:1.3338, precision: 17.7327
[2021-11-09 16:31:04][__main__	][INFO	] TRAIN at global step #271 Epoch #4 Step #89 / 151: loss:1.6004, precision: 12.6073
[2021-11-09 16:31:11][__main__	][INFO	] TRAIN at global step #272 Epoch #4 Step #91 / 151: loss:1.2331, precision: 18.6369
[2021-11-09 16:31:18][__main__	][INFO	] TRAIN at global step #273 Epoch #4 Step #93 / 151: loss:1.4904, precision: 13.7064
[2021-11-09 16:31:25][__main__	][INFO	] TRAIN at global step #274 Epoch #4 Step #95 / 151: loss:1.2584, precision: 16.8554
[2021-11-09 16:31:33][__main__	][INFO	] TRAIN at global step #275 Epoch #4 Step #97 / 151: loss:1.2558, precision: 15.5133
[2021-11-09 16:31:40][__main__	][INFO	] TRAIN at global step #276 Epoch #4 Step #99 / 151: loss:1.3296, precision: 15.0475
[2021-11-09 16:31:46][__main__	][INFO	] TRAIN at global step #277 Epoch #4 Step #101 / 151: loss:1.5120, precision: 9.5290
[2021-11-09 16:31:52][__main__	][INFO	] TRAIN at global step #278 Epoch #4 Step #103 / 151: loss:1.2492, precision: 17.2270
[2021-11-09 16:31:58][__main__	][INFO	] TRAIN at global step #279 Epoch #4 Step #105 / 151: loss:1.3884, precision: 12.2201
[2021-11-09 16:32:04][__main__	][INFO	] TRAIN at global step #280 Epoch #4 Step #107 / 151: loss:1.4143, precision: 14.0506
[2021-11-09 16:32:10][__main__	][INFO	] TRAIN at global step #281 Epoch #4 Step #109 / 151: loss:1.2489, precision: 19.0566
[2021-11-09 16:32:19][__main__	][INFO	] TRAIN at global step #282 Epoch #4 Step #111 / 151: loss:1.3780, precision: 14.1686
[2021-11-09 16:32:26][__main__	][INFO	] TRAIN at global step #283 Epoch #4 Step #113 / 151: loss:1.2749, precision: 15.4639
[2021-11-09 16:32:33][__main__	][INFO	] TRAIN at global step #284 Epoch #4 Step #115 / 151: loss:1.5477, precision: 9.8959
[2021-11-09 16:32:39][__main__	][INFO	] TRAIN at global step #285 Epoch #4 Step #117 / 151: loss:1.3266, precision: 13.4662
[2021-11-09 16:32:46][__main__	][INFO	] TRAIN at global step #286 Epoch #4 Step #119 / 151: loss:1.4615, precision: 11.2525
[2021-11-09 16:32:53][__main__	][INFO	] TRAIN at global step #287 Epoch #4 Step #121 / 151: loss:1.2870, precision: 14.1181
[2021-11-09 16:33:01][__main__	][INFO	] TRAIN at global step #288 Epoch #4 Step #123 / 151: loss:1.3705, precision: 11.8742
[2021-11-09 16:33:07][__main__	][INFO	] TRAIN at global step #289 Epoch #4 Step #125 / 151: loss:1.2242, precision: 17.6407
[2021-11-09 16:33:14][__main__	][INFO	] TRAIN at global step #290 Epoch #4 Step #127 / 151: loss:1.1463, precision: 21.1051
[2021-11-09 16:33:20][__main__	][INFO	] TRAIN at global step #291 Epoch #4 Step #129 / 151: loss:1.1802, precision: 19.6808
[2021-11-09 16:33:28][__main__	][INFO	] TRAIN at global step #292 Epoch #4 Step #131 / 151: loss:1.2096, precision: 18.4376
[2021-11-09 16:33:35][__main__	][INFO	] TRAIN at global step #293 Epoch #4 Step #133 / 151: loss:1.1346, precision: 18.1985
[2021-11-09 16:33:42][__main__	][INFO	] TRAIN at global step #294 Epoch #4 Step #135 / 151: loss:1.3113, precision: 17.0151
[2021-11-09 16:33:48][__main__	][INFO	] TRAIN at global step #295 Epoch #4 Step #137 / 151: loss:1.3423, precision: 13.3494
[2021-11-09 16:33:55][__main__	][INFO	] TRAIN at global step #296 Epoch #4 Step #139 / 151: loss:1.0674, precision: 18.3168
[2021-11-09 16:33:59][__main__	][INFO	] TRAIN at global step #297 Epoch #4 Step #141 / 151: loss:1.3321, precision: 14.1469
[2021-11-09 16:34:05][__main__	][INFO	] TRAIN at global step #298 Epoch #4 Step #143 / 151: loss:1.4849, precision: 11.5877
[2021-11-09 16:34:11][__main__	][INFO	] TRAIN at global step #299 Epoch #4 Step #145 / 151: loss:1.0629, precision: 20.3398
[2021-11-09 16:34:19][__main__	][INFO	] TRAIN at global step #300 Epoch #4 Step #147 / 151: loss:1.3227, precision: 13.8698
[2021-11-09 16:34:21][__main__	][INFO	] ---> inference #0 of 156 loss: 1.3928 iou: 0.1272
[2021-11-09 16:34:22][__main__	][INFO	] ---> inference #1 of 156 loss: 1.1933 iou: 0.1162
[2021-11-09 16:34:22][__main__	][INFO	] ---> inference #2 of 156 loss: 1.0905 iou: 0.1016
[2021-11-09 16:34:22][__main__	][INFO	] ---> inference #3 of 156 loss: 1.2382 iou: 0.1058
[2021-11-09 16:34:23][__main__	][INFO	] ---> inference #4 of 156 loss: 1.0681 iou: 0.1480
[2021-11-09 16:34:23][__main__	][INFO	] ---> inference #5 of 156 loss: 1.2972 iou: 0.1506
[2021-11-09 16:34:23][__main__	][INFO	] ---> inference #6 of 156 loss: 1.6026 iou: 0.1008
[2021-11-09 16:34:24][__main__	][INFO	] ---> inference #7 of 156 loss: 1.9274 iou: 0.0954
[2021-11-09 16:34:24][__main__	][INFO	] ---> inference #8 of 156 loss: 1.7792 iou: 0.1032
[2021-11-09 16:34:24][__main__	][INFO	] ---> inference #9 of 156 loss: 2.1067 iou: 0.0908
[2021-11-09 16:34:24][__main__	][INFO	] ---> inference #10 of 156 loss: 1.2923 iou: 0.1286
[2021-11-09 16:34:25][__main__	][INFO	] ---> inference #11 of 156 loss: 1.0398 iou: 0.0854
[2021-11-09 16:34:25][__main__	][INFO	] ---> inference #12 of 156 loss: 1.0270 iou: 0.1311
[2021-11-09 16:34:25][__main__	][INFO	] ---> inference #13 of 156 loss: 1.6502 iou: 0.0779
[2021-11-09 16:34:25][__main__	][INFO	] ---> inference #14 of 156 loss: 1.0652 iou: 0.0973
[2021-11-09 16:34:26][__main__	][INFO	] ---> inference #15 of 156 loss: 0.7917 iou: 0.1634
[2021-11-09 16:34:26][__main__	][INFO	] ---> inference #16 of 156 loss: 1.1974 iou: 0.1284
[2021-11-09 16:34:26][__main__	][INFO	] ---> inference #17 of 156 loss: 1.0343 iou: 0.1383
[2021-11-09 16:34:26][__main__	][INFO	] ---> inference #18 of 156 loss: 1.1214 iou: 0.1493
[2021-11-09 16:34:27][__main__	][INFO	] ---> inference #19 of 156 loss: 2.0616 iou: 0.0763
[2021-11-09 16:34:27][__main__	][INFO	] ---> inference #20 of 156 loss: 1.6295 iou: 0.0892
[2021-11-09 16:34:27][__main__	][INFO	] ---> inference #21 of 156 loss: 1.4912 iou: 0.1071
[2021-11-09 16:34:27][__main__	][INFO	] ---> inference #22 of 156 loss: 1.3150 iou: 0.1264
[2021-11-09 16:34:28][__main__	][INFO	] ---> inference #23 of 156 loss: 1.1192 iou: 0.1133
[2021-11-09 16:34:28][__main__	][INFO	] ---> inference #24 of 156 loss: 1.7178 iou: 0.1122
[2021-11-09 16:34:28][__main__	][INFO	] ---> inference #25 of 156 loss: 2.0498 iou: 0.0774
[2021-11-09 16:34:28][__main__	][INFO	] ---> inference #26 of 156 loss: 2.0067 iou: 0.0707
[2021-11-09 16:34:28][__main__	][INFO	] ---> inference #27 of 156 loss: 1.8669 iou: 0.0686
[2021-11-09 16:34:29][__main__	][INFO	] ---> inference #28 of 156 loss: 1.0912 iou: 0.1349
[2021-11-09 16:34:29][__main__	][INFO	] ---> inference #29 of 156 loss: 0.6009 iou: 0.1305
[2021-11-09 16:34:29][__main__	][INFO	] ---> inference #30 of 156 loss: 1.1261 iou: 0.1269
[2021-11-09 16:34:30][__main__	][INFO	] ---> inference #31 of 156 loss: 0.9127 iou: 0.1509
[2021-11-09 16:34:30][__main__	][INFO	] ---> inference #32 of 156 loss: 1.5442 iou: 0.0957
[2021-11-09 16:34:31][__main__	][INFO	] ---> inference #33 of 156 loss: 1.8514 iou: 0.0872
[2021-11-09 16:34:31][__main__	][INFO	] ---> inference #34 of 156 loss: 1.9487 iou: 0.0859
[2021-11-09 16:34:32][__main__	][INFO	] ---> inference #35 of 156 loss: 1.5985 iou: 0.0959
[2021-11-09 16:34:32][__main__	][INFO	] ---> inference #36 of 156 loss: 1.8231 iou: 0.0965
[2021-11-09 16:34:33][__main__	][INFO	] ---> inference #37 of 156 loss: 1.8652 iou: 0.1014
[2021-11-09 16:34:33][__main__	][INFO	] ---> inference #38 of 156 loss: 1.7034 iou: 0.1076
slurmstepd: error: *** JOB 1013 ON air-node-01 CANCELLED AT 2021-11-09T16:34:34 ***
