100_fit_double
/home/aidrive/tb5zhh/.conda/envs/tbw_3dscan/lib/python3.8/site-packages/MinkowskiEngine/__init__.py:36: UserWarning: The environment variable `OMP_NUM_THREADS` not set. MinkowskiEngine will automatically set `OMP_NUM_THREADS=16`. If you want to set `OMP_NUM_THREADS` manually, please export it on the command line before running a python script. e.g. `export OMP_NUM_THREADS=12; python your_program.py`. It is recommended to set it below 24.
  warnings.warn(
[2021-11-09 15:58:52][__main__	][INFO	] Run with 1 cpu
[2021-11-09 15:58:52][__main__	][INFO	] Running config
[2021-11-09 15:58:52][__main__	][INFO	] --->                          model: Res16UNet34C
[2021-11-09 15:58:52][__main__	][INFO	] --->              conv1_kernel_size: 5
[2021-11-09 15:58:52][__main__	][INFO	] --->                        weights: checkpoints/pretrain_20000.pth
[2021-11-09 15:58:52][__main__	][INFO	] --->                       weights1: /home/aidrive1/workspace/luoly/dataset/final/min_weights/LR/unc/1/512/checkpoint_NoneRes16UNet34Cbest_val.pth
[2021-11-09 15:58:52][__main__	][INFO	] --->                       weights2: /home/aidrive1/workspace/luoly/dataset/final/min_weights/LR/512/1/checkpoint_NoneRes16UNet34Cbest_val.pth
[2021-11-09 15:58:52][__main__	][INFO	] --->                       weights3: /home/aidrive1/workspace/luoly/dataset/final/min_weights/LR/1024/1/checkpoint_NoneRes16UNet34Cbest_val.pth
[2021-11-09 15:58:52][__main__	][INFO	] --->        weights_for_inner_model: False
[2021-11-09 15:58:52][__main__	][INFO	] --->                      dilations: [1, 1, 1, 1]
[2021-11-09 15:58:52][__main__	][INFO	] --->                   wrapper_type: None
[2021-11-09 15:58:52][__main__	][INFO	] --->            wrapper_region_type: 1
[2021-11-09 15:58:52][__main__	][INFO	] --->            wrapper_kernel_size: 3
[2021-11-09 15:58:52][__main__	][INFO	] --->                     wrapper_lr: 0.1
[2021-11-09 15:58:52][__main__	][INFO	] --->           meanfield_iterations: 10
[2021-11-09 15:58:52][__main__	][INFO	] --->              crf_spatial_sigma: 1
[2021-11-09 15:58:52][__main__	][INFO	] --->            crf_chromatic_sigma: 12
[2021-11-09 15:58:52][__main__	][INFO	] --->                      optimizer: SGD
[2021-11-09 15:58:52][__main__	][INFO	] --->                             lr: 0.1
[2021-11-09 15:58:52][__main__	][INFO	] --->                   sgd_momentum: 0.9
[2021-11-09 15:58:52][__main__	][INFO	] --->                  sgd_dampening: 0.1
[2021-11-09 15:58:52][__main__	][INFO	] --->                     adam_beta1: 0.9
[2021-11-09 15:58:52][__main__	][INFO	] --->                     adam_beta2: 0.999
[2021-11-09 15:58:52][__main__	][INFO	] --->                   weight_decay: 0.0001
[2021-11-09 15:58:52][__main__	][INFO	] --->           param_histogram_freq: 100
[2021-11-09 15:58:52][__main__	][INFO	] --->           save_param_histogram: False
[2021-11-09 15:58:52][__main__	][INFO	] --->                      iter_size: 1
[2021-11-09 15:58:52][__main__	][INFO	] --->                    bn_momentum: 0.02
[2021-11-09 15:58:52][__main__	][INFO	] --->                      scheduler: PolyLR
[2021-11-09 15:58:52][__main__	][INFO	] --->                       max_iter: 30000
[2021-11-09 15:58:52][__main__	][INFO	] --->                      step_size: 20000.0
[2021-11-09 15:58:52][__main__	][INFO	] --->                     step_gamma: 0.1
[2021-11-09 15:58:52][__main__	][INFO	] --->                     poly_power: 0.9
[2021-11-09 15:58:52][__main__	][INFO	] --->                      exp_gamma: 0.95
[2021-11-09 15:58:52][__main__	][INFO	] --->                  exp_step_size: 445
[2021-11-09 15:58:52][__main__	][INFO	] --->                        log_dir: log
[2021-11-09 15:58:52][__main__	][INFO	] --->                       data_dir: data
[2021-11-09 15:58:52][__main__	][INFO	] --->                        dataset: ScannetVoxelization2cmDataset
[2021-11-09 15:58:52][__main__	][INFO	] --->                    testdataset: ScannetVoxelization2cmtestDataset
[2021-11-09 15:58:52][__main__	][INFO	] --->              temporal_dilation: 30
[2021-11-09 15:58:52][__main__	][INFO	] --->                temporal_numseq: 3
[2021-11-09 15:58:52][__main__	][INFO	] --->                      point_lim: -1
[2021-11-09 15:58:52][__main__	][INFO	] --->                  pre_point_lim: -1
[2021-11-09 15:58:52][__main__	][INFO	] --->                     batch_size: 1
[2021-11-09 15:58:52][__main__	][INFO	] --->                test_batch_size: 1
[2021-11-09 15:58:52][__main__	][INFO	] --->                     cache_data: False
[2021-11-09 15:58:52][__main__	][INFO	] --->                    num_workers: 4
[2021-11-09 15:58:52][__main__	][INFO	] --->                num_val_workers: 1
[2021-11-09 15:58:52][__main__	][INFO	] --->                   ignore_label: 255
[2021-11-09 15:58:52][__main__	][INFO	] --->          return_transformation: False
[2021-11-09 15:58:52][__main__	][INFO	] --->         ignore_duplicate_class: False
[2021-11-09 15:58:52][__main__	][INFO	] --->                   partial_crop: 0.0
[2021-11-09 15:58:52][__main__	][INFO	] --->          train_limit_numpoints: 0
[2021-11-09 15:58:52][__main__	][INFO	] --->                   synthia_path: /home/chrischoy/datasets/Synthia/Synthia4D
[2021-11-09 15:58:52][__main__	][INFO	] --->            synthia_camera_path: /home/chrischoy/datasets/Synthia/%s/CameraParams/
[2021-11-09 15:58:52][__main__	][INFO	] --->  synthia_camera_intrinsic_file: intrinsics.txt
[2021-11-09 15:58:52][__main__	][INFO	] ---> synthia_camera_extrinsics_file: Stereo_Right/Omni_F/%s.txt
[2021-11-09 15:58:52][__main__	][INFO	] --->         temporal_rand_dilation: False
[2021-11-09 15:58:52][__main__	][INFO	] --->           temporal_rand_numseq: False
[2021-11-09 15:58:52][__main__	][INFO	] --->                   scannet_path: /home/aidrive/tb5zhh/data/100_fit_double/train
[2021-11-09 15:58:52][__main__	][INFO	] --->              scannet_test_path: /home/aidrive/tb5zhh/data/full/train
[2021-11-09 15:58:52][__main__	][INFO	] --->                stanford3d_path: /home/chrischoy/datasets/Stanford3D
[2021-11-09 15:58:52][__main__	][INFO	] --->                       is_train: True
[2021-11-09 15:58:52][__main__	][INFO	] --->                      stat_freq: 40
[2021-11-09 15:58:52][__main__	][INFO	] --->                 test_stat_freq: 100
[2021-11-09 15:58:52][__main__	][INFO	] --->                test_stat_freq1: 312
[2021-11-09 15:58:52][__main__	][INFO	] --->                      save_freq: 1000
[2021-11-09 15:58:52][__main__	][INFO	] --->                       val_freq: 2
[2021-11-09 15:58:52][__main__	][INFO	] --->               empty_cache_freq: 1
[2021-11-09 15:58:52][__main__	][INFO	] --->                    train_phase: train
[2021-11-09 15:58:52][__main__	][INFO	] --->                      val_phase: val
[2021-11-09 15:58:52][__main__	][INFO	] --->              overwrite_weights: True
[2021-11-09 15:58:52][__main__	][INFO	] --->                         resume: 1
[2021-11-09 15:58:52][__main__	][INFO	] --->               resume_optimizer: True
[2021-11-09 15:58:52][__main__	][INFO	] --->                  eval_upsample: False
[2021-11-09 15:58:52][__main__	][INFO	] --->         lenient_weight_loading: False
[2021-11-09 15:58:52][__main__	][INFO	] --->         distributed_world_size: 2
[2021-11-09 15:58:52][__main__	][INFO	] --->               distributed_rank: 0
[2021-11-09 15:58:52][__main__	][INFO	] --->            distributed_backend: nccl
[2021-11-09 15:58:52][__main__	][INFO	] --->        distributed_init_method: 
[2021-11-09 15:58:52][__main__	][INFO	] --->               distributed_port: 10010
[2021-11-09 15:58:52][__main__	][INFO	] --->                      device_id: 0
[2021-11-09 15:58:52][__main__	][INFO	] --->           distributed_no_spawn: True
[2021-11-09 15:58:52][__main__	][INFO	] --->                    ddp_backend: c10d
[2021-11-09 15:58:52][__main__	][INFO	] --->                  bucket_cap_mb: 25
[2021-11-09 15:58:52][__main__	][INFO	] --->                   use_feat_aug: True
[2021-11-09 15:58:52][__main__	][INFO	] --->     data_aug_color_trans_ratio: 0.1
[2021-11-09 15:58:52][__main__	][INFO	] --->      data_aug_color_jitter_std: 0.05
[2021-11-09 15:58:52][__main__	][INFO	] --->                normalize_color: True
[2021-11-09 15:58:52][__main__	][INFO	] --->             data_aug_scale_min: 0.9
[2021-11-09 15:58:52][__main__	][INFO	] --->             data_aug_scale_max: 1.1
[2021-11-09 15:58:52][__main__	][INFO	] --->               data_aug_hue_max: 0.5
[2021-11-09 15:58:52][__main__	][INFO	] --->        data_aug_saturation_max: 0.2
[2021-11-09 15:58:52][__main__	][INFO	] --->                      visualize: False
[2021-11-09 15:58:52][__main__	][INFO	] --->          test_temporal_average: False
[2021-11-09 15:58:52][__main__	][INFO	] --->                 visualize_path: outputs/visualize
[2021-11-09 15:58:52][__main__	][INFO	] --->                save_prediction: False
[2021-11-09 15:58:52][__main__	][INFO	] --->                  save_pred_dir: outputs/pred
[2021-11-09 15:58:52][__main__	][INFO	] --->                     test_phase: test
[2021-11-09 15:58:52][__main__	][INFO	] --->   evaluate_original_pointcloud: False
[2021-11-09 15:58:52][__main__	][INFO	] --->       test_original_pointcloud: False
[2021-11-09 15:58:52][__main__	][INFO	] --->                        is_cuda: True
[2021-11-09 15:58:52][__main__	][INFO	] --->                      load_path: 
[2021-11-09 15:58:52][__main__	][INFO	] --->                       log_step: 50
[2021-11-09 15:58:52][__main__	][INFO	] --->                      log_level: INFO
[2021-11-09 15:58:52][__main__	][INFO	] --->                        num_gpu: 1
[2021-11-09 15:58:52][__main__	][INFO	] --->                           seed: 42
[2021-11-09 15:58:52][__main__	][INFO	] --->                       run_name: finetune_100_fit_double_0.1_Res16UNet34C
[2021-11-09 15:58:52][__main__	][INFO	] --->                      unc_round: 20
[2021-11-09 15:58:52][__main__	][INFO	] --->                 unc_result_dir: /
[2021-11-09 15:58:52][__main__	][INFO	] --->                          wandb: True
[2021-11-09 15:58:52][__main__	][INFO	] --->                  train_dataset: ScannetVoxelization2cmDataset
[2021-11-09 15:58:52][__main__	][INFO	] --->                    val_dataset: ScannetVoxelization2cmtestDataset
[2021-11-09 15:58:52][__main__	][INFO	] --->                 checkpoint_dir: checkpoints
[2021-11-09 15:58:52][__main__	][INFO	] --->                     optim_step: 2
[2021-11-09 15:58:52][__main__	][INFO	] --->                  validate_step: 150
[2021-11-09 15:58:52][__main__	][INFO	] --->                    train_epoch: 20000
[2021-11-09 15:58:52][__main__	][INFO	] --->               train_batch_size: 8
[2021-11-09 15:58:52][__main__	][INFO	] --->                 val_batch_size: 2
[2021-11-09 15:58:52][__main__	][INFO	] --->                eval_result_dir: /
[2021-11-09 15:58:52][__main__	][INFO	] --->                  unc_stat_path: /
[2021-11-09 15:58:52][__main__	][INFO	] --->                     save_epoch: 1
[2021-11-09 15:58:52][__main__	][INFO	] --->                   ignore_index: 255
[2021-11-09 15:58:52][__main__	][INFO	] --->                       do_train: True
[2021-11-09 15:58:52][__main__	][INFO	] --->               do_unc_inference: False
[2021-11-09 15:58:52][__main__	][INFO	] --->                    do_unc_demo: False
[2021-11-09 15:58:52][__main__	][INFO	] --->                    unc_dataset: 
[2021-11-09 15:58:52][__main__	][INFO	] --->           do_verbose_inference: False
[2021-11-09 15:58:52][__main__	][INFO	] --->                  do_unc_render: False
[2021-11-09 15:59:14][__main__	][INFO	] Weights loaded from checkpoints/pretrain_20000.pth
[2021-11-09 15:59:14][__main__	][INFO	] [Errno 2] No such file or directory: 'checkpoints/finetune_100_fit_double_0.1_Res16UNet34C_latest.pth'
new.py:162: DeprecationWarning: The 'warn' method is deprecated, use 'warning' instead
  logger.warn(f"checkpoint not found")
[2021-11-09 15:59:14][__main__	][WARNING	] checkpoint not found
[2021-11-09 15:59:14][__main__	][INFO	] Model setup done
[2021-11-09 15:59:14][__main__	][INFO	] 
Res16UNet34C(
  (conv0p1s1): MinkowskiConvolution(in=3, out=32, kernel_size=[5, 5, 5], stride=[1, 1, 1], dilation=[1, 1, 1])
  (bn0): MinkowskiBatchNorm(32, eps=1e-05, momentum=0.02, affine=True, track_running_stats=True)
  (conv1p1s2): MinkowskiConvolution(in=32, out=32, kernel_size=[2, 2, 2], stride=[2, 2, 2], dilation=[1, 1, 1])
  (bn1): MinkowskiBatchNorm(32, eps=1e-05, momentum=0.02, affine=True, track_running_stats=True)
  (block1): Sequential(
    (0): BasicBlock(
      (conv1): MinkowskiConvolution(in=32, out=32, kernel_size=[3, 3, 3], stride=[1, 1, 1], dilation=[1, 1, 1])
      (norm1): MinkowskiBatchNorm(32, eps=1e-05, momentum=0.1, affine=True, track_running_stats=True)
      (conv2): MinkowskiConvolution(in=32, out=32, kernel_size=[3, 3, 3], stride=[1, 1, 1], dilation=[1, 1, 1])
      (norm2): MinkowskiBatchNorm(32, eps=1e-05, momentum=0.1, affine=True, track_running_stats=True)
      (relu): MinkowskiReLU()
    )
    (1): BasicBlock(
      (conv1): MinkowskiConvolution(in=32, out=32, kernel_size=[3, 3, 3], stride=[1, 1, 1], dilation=[1, 1, 1])
      (norm1): MinkowskiBatchNorm(32, eps=1e-05, momentum=0.1, affine=True, track_running_stats=True)
      (conv2): MinkowskiConvolution(in=32, out=32, kernel_size=[3, 3, 3], stride=[1, 1, 1], dilation=[1, 1, 1])
      (norm2): MinkowskiBatchNorm(32, eps=1e-05, momentum=0.1, affine=True, track_running_stats=True)
      (relu): MinkowskiReLU()
    )
  )
  (conv2p2s2): MinkowskiConvolution(in=32, out=32, kernel_size=[2, 2, 2], stride=[2, 2, 2], dilation=[1, 1, 1])
  (bn2): MinkowskiBatchNorm(32, eps=1e-05, momentum=0.02, affine=True, track_running_stats=True)
  (block2): Sequential(
    (0): BasicBlock(
      (conv1): MinkowskiConvolution(in=32, out=64, kernel_size=[3, 3, 3], stride=[1, 1, 1], dilation=[1, 1, 1])
      (norm1): MinkowskiBatchNorm(64, eps=1e-05, momentum=0.1, affine=True, track_running_stats=True)
      (conv2): MinkowskiConvolution(in=64, out=64, kernel_size=[3, 3, 3], stride=[1, 1, 1], dilation=[1, 1, 1])
      (norm2): MinkowskiBatchNorm(64, eps=1e-05, momentum=0.1, affine=True, track_running_stats=True)
      (relu): MinkowskiReLU()
      (downsample): Sequential(
        (0): MinkowskiConvolution(in=32, out=64, kernel_size=[1, 1, 1], stride=[1, 1, 1], dilation=[1, 1, 1])
        (1): MinkowskiBatchNorm(64, eps=1e-05, momentum=0.02, affine=True, track_running_stats=True)
      )
    )
    (1): BasicBlock(
      (conv1): MinkowskiConvolution(in=64, out=64, kernel_size=[3, 3, 3], stride=[1, 1, 1], dilation=[1, 1, 1])
      (norm1): MinkowskiBatchNorm(64, eps=1e-05, momentum=0.1, affine=True, track_running_stats=True)
      (conv2): MinkowskiConvolution(in=64, out=64, kernel_size=[3, 3, 3], stride=[1, 1, 1], dilation=[1, 1, 1])
      (norm2): MinkowskiBatchNorm(64, eps=1e-05, momentum=0.1, affine=True, track_running_stats=True)
      (relu): MinkowskiReLU()
    )
    (2): BasicBlock(
      (conv1): MinkowskiConvolution(in=64, out=64, kernel_size=[3, 3, 3], stride=[1, 1, 1], dilation=[1, 1, 1])
      (norm1): MinkowskiBatchNorm(64, eps=1e-05, momentum=0.1, affine=True, track_running_stats=True)
      (conv2): MinkowskiConvolution(in=64, out=64, kernel_size=[3, 3, 3], stride=[1, 1, 1], dilation=[1, 1, 1])
      (norm2): MinkowskiBatchNorm(64, eps=1e-05, momentum=0.1, affine=True, track_running_stats=True)
      (relu): MinkowskiReLU()
    )
  )
  (conv3p4s2): MinkowskiConvolution(in=64, out=64, kernel_size=[2, 2, 2], stride=[2, 2, 2], dilation=[1, 1, 1])
  (bn3): MinkowskiBatchNorm(64, eps=1e-05, momentum=0.02, affine=True, track_running_stats=True)
  (block3): Sequential(
    (0): BasicBlock(
      (conv1): MinkowskiConvolution(in=64, out=128, kernel_size=[3, 3, 3], stride=[1, 1, 1], dilation=[1, 1, 1])
      (norm1): MinkowskiBatchNorm(128, eps=1e-05, momentum=0.1, affine=True, track_running_stats=True)
      (conv2): MinkowskiConvolution(in=128, out=128, kernel_size=[3, 3, 3], stride=[1, 1, 1], dilation=[1, 1, 1])
      (norm2): MinkowskiBatchNorm(128, eps=1e-05, momentum=0.1, affine=True, track_running_stats=True)
      (relu): MinkowskiReLU()
      (downsample): Sequential(
        (0): MinkowskiConvolution(in=64, out=128, kernel_size=[1, 1, 1], stride=[1, 1, 1], dilation=[1, 1, 1])
        (1): MinkowskiBatchNorm(128, eps=1e-05, momentum=0.02, affine=True, track_running_stats=True)
      )
    )
    (1): BasicBlock(
      (conv1): MinkowskiConvolution(in=128, out=128, kernel_size=[3, 3, 3], stride=[1, 1, 1], dilation=[1, 1, 1])
      (norm1): MinkowskiBatchNorm(128, eps=1e-05, momentum=0.1, affine=True, track_running_stats=True)
      (conv2): MinkowskiConvolution(in=128, out=128, kernel_size=[3, 3, 3], stride=[1, 1, 1], dilation=[1, 1, 1])
      (norm2): MinkowskiBatchNorm(128, eps=1e-05, momentum=0.1, affine=True, track_running_stats=True)
      (relu): MinkowskiReLU()
    )
    (2): BasicBlock(
      (conv1): MinkowskiConvolution(in=128, out=128, kernel_size=[3, 3, 3], stride=[1, 1, 1], dilation=[1, 1, 1])
      (norm1): MinkowskiBatchNorm(128, eps=1e-05, momentum=0.1, affine=True, track_running_stats=True)
      (conv2): MinkowskiConvolution(in=128, out=128, kernel_size=[3, 3, 3], stride=[1, 1, 1], dilation=[1, 1, 1])
      (norm2): MinkowskiBatchNorm(128, eps=1e-05, momentum=0.1, affine=True, track_running_stats=True)
      (relu): MinkowskiReLU()
    )
    (3): BasicBlock(
      (conv1): MinkowskiConvolution(in=128, out=128, kernel_size=[3, 3, 3], stride=[1, 1, 1], dilation=[1, 1, 1])
      (norm1): MinkowskiBatchNorm(128, eps=1e-05, momentum=0.1, affine=True, track_running_stats=True)
      (conv2): MinkowskiConvolution(in=128, out=128, kernel_size=[3, 3, 3], stride=[1, 1, 1], dilation=[1, 1, 1])
      (norm2): MinkowskiBatchNorm(128, eps=1e-05, momentum=0.1, affine=True, track_running_stats=True)
      (relu): MinkowskiReLU()
    )
  )
  (conv4p8s2): MinkowskiConvolution(in=128, out=128, kernel_size=[2, 2, 2], stride=[2, 2, 2], dilation=[1, 1, 1])
  (bn4): MinkowskiBatchNorm(128, eps=1e-05, momentum=0.02, affine=True, track_running_stats=True)
  (block4): Sequential(
    (0): BasicBlock(
      (conv1): MinkowskiConvolution(in=128, out=256, kernel_size=[3, 3, 3], stride=[1, 1, 1], dilation=[1, 1, 1])
      (norm1): MinkowskiBatchNorm(256, eps=1e-05, momentum=0.1, affine=True, track_running_stats=True)
      (conv2): MinkowskiConvolution(in=256, out=256, kernel_size=[3, 3, 3], stride=[1, 1, 1], dilation=[1, 1, 1])
      (norm2): MinkowskiBatchNorm(256, eps=1e-05, momentum=0.1, affine=True, track_running_stats=True)
      (relu): MinkowskiReLU()
      (downsample): Sequential(
        (0): MinkowskiConvolution(in=128, out=256, kernel_size=[1, 1, 1], stride=[1, 1, 1], dilation=[1, 1, 1])
        (1): MinkowskiBatchNorm(256, eps=1e-05, momentum=0.02, affine=True, track_running_stats=True)
      )
    )
    (1): BasicBlock(
      (conv1): MinkowskiConvolution(in=256, out=256, kernel_size=[3, 3, 3], stride=[1, 1, 1], dilation=[1, 1, 1])
      (norm1): MinkowskiBatchNorm(256, eps=1e-05, momentum=0.1, affine=True, track_running_stats=True)
      (conv2): MinkowskiConvolution(in=256, out=256, kernel_size=[3, 3, 3], stride=[1, 1, 1], dilation=[1, 1, 1])
      (norm2): MinkowskiBatchNorm(256, eps=1e-05, momentum=0.1, affine=True, track_running_stats=True)
      (relu): MinkowskiReLU()
    )
    (2): BasicBlock(
      (conv1): MinkowskiConvolution(in=256, out=256, kernel_size=[3, 3, 3], stride=[1, 1, 1], dilation=[1, 1, 1])
      (norm1): MinkowskiBatchNorm(256, eps=1e-05, momentum=0.1, affine=True, track_running_stats=True)
      (conv2): MinkowskiConvolution(in=256, out=256, kernel_size=[3, 3, 3], stride=[1, 1, 1], dilation=[1, 1, 1])
      (norm2): MinkowskiBatchNorm(256, eps=1e-05, momentum=0.1, affine=True, track_running_stats=True)
      (relu): MinkowskiReLU()
    )
    (3): BasicBlock(
      (conv1): MinkowskiConvolution(in=256, out=256, kernel_size=[3, 3, 3], stride=[1, 1, 1], dilation=[1, 1, 1])
      (norm1): MinkowskiBatchNorm(256, eps=1e-05, momentum=0.1, affine=True, track_running_stats=True)
      (conv2): MinkowskiConvolution(in=256, out=256, kernel_size=[3, 3, 3], stride=[1, 1, 1], dilation=[1, 1, 1])
      (norm2): MinkowskiBatchNorm(256, eps=1e-05, momentum=0.1, affine=True, track_running_stats=True)
      (relu): MinkowskiReLU()
    )
    (4): BasicBlock(
      (conv1): MinkowskiConvolution(in=256, out=256, kernel_size=[3, 3, 3], stride=[1, 1, 1], dilation=[1, 1, 1])
      (norm1): MinkowskiBatchNorm(256, eps=1e-05, momentum=0.1, affine=True, track_running_stats=True)
      (conv2): MinkowskiConvolution(in=256, out=256, kernel_size=[3, 3, 3], stride=[1, 1, 1], dilation=[1, 1, 1])
      (norm2): MinkowskiBatchNorm(256, eps=1e-05, momentum=0.1, affine=True, track_running_stats=True)
      (relu): MinkowskiReLU()
    )
    (5): BasicBlock(
      (conv1): MinkowskiConvolution(in=256, out=256, kernel_size=[3, 3, 3], stride=[1, 1, 1], dilation=[1, 1, 1])
      (norm1): MinkowskiBatchNorm(256, eps=1e-05, momentum=0.1, affine=True, track_running_stats=True)
      (conv2): MinkowskiConvolution(in=256, out=256, kernel_size=[3, 3, 3], stride=[1, 1, 1], dilation=[1, 1, 1])
      (norm2): MinkowskiBatchNorm(256, eps=1e-05, momentum=0.1, affine=True, track_running_stats=True)
      (relu): MinkowskiReLU()
    )
  )
  (convtr4p16s2): MinkowskiConvolutionTranspose(in=256, out=256, kernel_size=[2, 2, 2], stride=[2, 2, 2], dilation=[1, 1, 1])
  (bntr4): MinkowskiBatchNorm(256, eps=1e-05, momentum=0.02, affine=True, track_running_stats=True)
  (block5): Sequential(
    (0): BasicBlock(
      (conv1): MinkowskiConvolution(in=384, out=256, kernel_size=[3, 3, 3], stride=[1, 1, 1], dilation=[1, 1, 1])
      (norm1): MinkowskiBatchNorm(256, eps=1e-05, momentum=0.1, affine=True, track_running_stats=True)
      (conv2): MinkowskiConvolution(in=256, out=256, kernel_size=[3, 3, 3], stride=[1, 1, 1], dilation=[1, 1, 1])
      (norm2): MinkowskiBatchNorm(256, eps=1e-05, momentum=0.1, affine=True, track_running_stats=True)
      (relu): MinkowskiReLU()
      (downsample): Sequential(
        (0): MinkowskiConvolution(in=384, out=256, kernel_size=[1, 1, 1], stride=[1, 1, 1], dilation=[1, 1, 1])
        (1): MinkowskiBatchNorm(256, eps=1e-05, momentum=0.02, affine=True, track_running_stats=True)
      )
    )
    (1): BasicBlock(
      (conv1): MinkowskiConvolution(in=256, out=256, kernel_size=[3, 3, 3], stride=[1, 1, 1], dilation=[1, 1, 1])
      (norm1): MinkowskiBatchNorm(256, eps=1e-05, momentum=0.1, affine=True, track_running_stats=True)
      (conv2): MinkowskiConvolution(in=256, out=256, kernel_size=[3, 3, 3], stride=[1, 1, 1], dilation=[1, 1, 1])
      (norm2): MinkowskiBatchNorm(256, eps=1e-05, momentum=0.1, affine=True, track_running_stats=True)
      (relu): MinkowskiReLU()
    )
  )
  (convtr5p8s2): MinkowskiConvolutionTranspose(in=256, out=128, kernel_size=[2, 2, 2], stride=[2, 2, 2], dilation=[1, 1, 1])
  (bntr5): MinkowskiBatchNorm(128, eps=1e-05, momentum=0.02, affine=True, track_running_stats=True)
  (block6): Sequential(
    (0): BasicBlock(
      (conv1): MinkowskiConvolution(in=192, out=128, kernel_size=[3, 3, 3], stride=[1, 1, 1], dilation=[1, 1, 1])
      (norm1): MinkowskiBatchNorm(128, eps=1e-05, momentum=0.1, affine=True, track_running_stats=True)
      (conv2): MinkowskiConvolution(in=128, out=128, kernel_size=[3, 3, 3], stride=[1, 1, 1], dilation=[1, 1, 1])
      (norm2): MinkowskiBatchNorm(128, eps=1e-05, momentum=0.1, affine=True, track_running_stats=True)
      (relu): MinkowskiReLU()
      (downsample): Sequential(
        (0): MinkowskiConvolution(in=192, out=128, kernel_size=[1, 1, 1], stride=[1, 1, 1], dilation=[1, 1, 1])
        (1): MinkowskiBatchNorm(128, eps=1e-05, momentum=0.02, affine=True, track_running_stats=True)
      )
    )
    (1): BasicBlock(
      (conv1): MinkowskiConvolution(in=128, out=128, kernel_size=[3, 3, 3], stride=[1, 1, 1], dilation=[1, 1, 1])
      (norm1): MinkowskiBatchNorm(128, eps=1e-05, momentum=0.1, affine=True, track_running_stats=True)
      (conv2): MinkowskiConvolution(in=128, out=128, kernel_size=[3, 3, 3], stride=[1, 1, 1], dilation=[1, 1, 1])
      (norm2): MinkowskiBatchNorm(128, eps=1e-05, momentum=0.1, affine=True, track_running_stats=True)
      (relu): MinkowskiReLU()
    )
  )
  (convtr6p4s2): MinkowskiConvolutionTranspose(in=128, out=96, kernel_size=[2, 2, 2], stride=[2, 2, 2], dilation=[1, 1, 1])
  (bntr6): MinkowskiBatchNorm(96, eps=1e-05, momentum=0.02, affine=True, track_running_stats=True)
  (block7): Sequential(
    (0): BasicBlock(
      (conv1): MinkowskiConvolution(in=128, out=96, kernel_size=[3, 3, 3], stride=[1, 1, 1], dilation=[1, 1, 1])
      (norm1): MinkowskiBatchNorm(96, eps=1e-05, momentum=0.1, affine=True, track_running_stats=True)
      (conv2): MinkowskiConvolution(in=96, out=96, kernel_size=[3, 3, 3], stride=[1, 1, 1], dilation=[1, 1, 1])
      (norm2): MinkowskiBatchNorm(96, eps=1e-05, momentum=0.1, affine=True, track_running_stats=True)
      (relu): MinkowskiReLU()
      (downsample): Sequential(
        (0): MinkowskiConvolution(in=128, out=96, kernel_size=[1, 1, 1], stride=[1, 1, 1], dilation=[1, 1, 1])
        (1): MinkowskiBatchNorm(96, eps=1e-05, momentum=0.02, affine=True, track_running_stats=True)
      )
    )
    (1): BasicBlock(
      (conv1): MinkowskiConvolution(in=96, out=96, kernel_size=[3, 3, 3], stride=[1, 1, 1], dilation=[1, 1, 1])
      (norm1): MinkowskiBatchNorm(96, eps=1e-05, momentum=0.1, affine=True, track_running_stats=True)
      (conv2): MinkowskiConvolution(in=96, out=96, kernel_size=[3, 3, 3], stride=[1, 1, 1], dilation=[1, 1, 1])
      (norm2): MinkowskiBatchNorm(96, eps=1e-05, momentum=0.1, affine=True, track_running_stats=True)
      (relu): MinkowskiReLU()
    )
  )
  (convtr7p2s2): MinkowskiConvolutionTranspose(in=96, out=96, kernel_size=[2, 2, 2], stride=[2, 2, 2], dilation=[1, 1, 1])
  (bntr7): MinkowskiBatchNorm(96, eps=1e-05, momentum=0.02, affine=True, track_running_stats=True)
  (block8): Sequential(
    (0): BasicBlock(
      (conv1): MinkowskiConvolution(in=128, out=96, kernel_size=[3, 3, 3], stride=[1, 1, 1], dilation=[1, 1, 1])
      (norm1): MinkowskiBatchNorm(96, eps=1e-05, momentum=0.1, affine=True, track_running_stats=True)
      (conv2): MinkowskiConvolution(in=96, out=96, kernel_size=[3, 3, 3], stride=[1, 1, 1], dilation=[1, 1, 1])
      (norm2): MinkowskiBatchNorm(96, eps=1e-05, momentum=0.1, affine=True, track_running_stats=True)
      (relu): MinkowskiReLU()
      (downsample): Sequential(
        (0): MinkowskiConvolution(in=128, out=96, kernel_size=[1, 1, 1], stride=[1, 1, 1], dilation=[1, 1, 1])
        (1): MinkowskiBatchNorm(96, eps=1e-05, momentum=0.02, affine=True, track_running_stats=True)
      )
    )
    (1): BasicBlock(
      (conv1): MinkowskiConvolution(in=96, out=96, kernel_size=[3, 3, 3], stride=[1, 1, 1], dilation=[1, 1, 1])
      (norm1): MinkowskiBatchNorm(96, eps=1e-05, momentum=0.1, affine=True, track_running_stats=True)
      (conv2): MinkowskiConvolution(in=96, out=96, kernel_size=[3, 3, 3], stride=[1, 1, 1], dilation=[1, 1, 1])
      (norm2): MinkowskiBatchNorm(96, eps=1e-05, momentum=0.1, affine=True, track_running_stats=True)
      (relu): MinkowskiReLU()
    )
  )
  (final): MinkowskiConvolution(in=96, out=20, kernel_size=[1, 1, 1], stride=[1, 1, 1], dilation=[1, 1, 1])
  (relu): MinkowskiReLU()
)
wandb: Currently logged in as: tb5zhh (use `wandb login --relogin` to force relogin)
wandb: wandb version 0.12.6 is available!  To upgrade, please run:
wandb:  $ pip install wandb --upgrade
wandb: Tracking run with wandb version 0.12.4
wandb: Syncing run driven-vortex-280
wandb:  View project at https://wandb.ai/tb5zhh/3dsp
wandb:  View run at https://wandb.ai/tb5zhh/3dsp/runs/131zqabl
wandb: Run data is saved locally in /home/aidrive/tb5zhh/3DScanSeg/wandb/run-20211109_155915-131zqabl
wandb: Run `wandb offline` to turn off syncing.

[34m[1mwandb[0m: [33mWARNING[0m Calling run.save without any arguments is deprecated.Changes to attributes are automatically persisted.
[2021-11-09 15:59:19][root	][INFO	] Loading ScannetVoxelization2cmDataset: scannetv2_train.txt
[2021-11-09 15:59:19][root	][INFO	] Loading ScannetVoxelization2cmtestDataset: scannetv2_val.txt
[2021-11-09 15:59:19][__main__	][INFO	] Dataloader setup done
[2021-11-09 15:59:19][__main__	][INFO	] My rank : 0 / 1
[2021-11-09 15:59:19][__main__	][INFO	] Start training
[2021-11-09 15:59:33][__main__	][INFO	] TRAIN at global step #1 Epoch #1 Step #2 / 151: loss:3.3330, precision: 2.0225
[2021-11-09 15:59:41][__main__	][INFO	] TRAIN at global step #2 Epoch #1 Step #4 / 151: loss:3.2144, precision: 1.8859
[2021-11-09 15:59:47][__main__	][INFO	] TRAIN at global step #3 Epoch #1 Step #6 / 151: loss:2.9174, precision: 10.0609
[2021-11-09 15:59:55][__main__	][INFO	] TRAIN at global step #4 Epoch #1 Step #8 / 151: loss:2.7833, precision: 11.8699
[2021-11-09 16:00:03][__main__	][INFO	] TRAIN at global step #5 Epoch #1 Step #10 / 151: loss:2.5793, precision: 14.9385
[2021-11-09 16:00:11][__main__	][INFO	] TRAIN at global step #6 Epoch #1 Step #12 / 151: loss:2.5960, precision: 13.3220
[2021-11-09 16:00:18][__main__	][INFO	] TRAIN at global step #7 Epoch #1 Step #14 / 151: loss:2.3150, precision: 18.1239
[2021-11-09 16:00:25][__main__	][INFO	] TRAIN at global step #8 Epoch #1 Step #16 / 151: loss:2.4526, precision: 15.6094
[2021-11-09 16:00:33][__main__	][INFO	] TRAIN at global step #9 Epoch #1 Step #18 / 151: loss:2.3583, precision: 16.1819
[2021-11-09 16:00:40][__main__	][INFO	] TRAIN at global step #10 Epoch #1 Step #20 / 151: loss:2.5301, precision: 16.5410
[2021-11-09 16:00:46][__main__	][INFO	] TRAIN at global step #11 Epoch #1 Step #22 / 151: loss:2.3946, precision: 20.6498
[2021-11-09 16:00:53][__main__	][INFO	] TRAIN at global step #12 Epoch #1 Step #24 / 151: loss:2.3025, precision: 21.9256
[2021-11-09 16:00:59][__main__	][INFO	] TRAIN at global step #13 Epoch #1 Step #26 / 151: loss:2.3432, precision: 18.2089
[2021-11-09 16:01:05][__main__	][INFO	] TRAIN at global step #14 Epoch #1 Step #28 / 151: loss:2.3802, precision: 15.0924
[2021-11-09 16:01:13][__main__	][INFO	] TRAIN at global step #15 Epoch #1 Step #30 / 151: loss:2.2844, precision: 19.6343
[2021-11-09 16:01:19][__main__	][INFO	] TRAIN at global step #16 Epoch #1 Step #32 / 151: loss:2.2372, precision: 23.3199
[2021-11-09 16:01:25][__main__	][INFO	] TRAIN at global step #17 Epoch #1 Step #34 / 151: loss:2.4506, precision: 15.4667
[2021-11-09 16:01:33][__main__	][INFO	] TRAIN at global step #18 Epoch #1 Step #36 / 151: loss:2.0663, precision: 25.1750
[2021-11-09 16:01:40][__main__	][INFO	] TRAIN at global step #19 Epoch #1 Step #38 / 151: loss:2.2683, precision: 18.5894
[2021-11-09 16:01:47][__main__	][INFO	] TRAIN at global step #20 Epoch #1 Step #40 / 151: loss:2.1686, precision: 19.9004
[2021-11-09 16:01:54][__main__	][INFO	] TRAIN at global step #21 Epoch #1 Step #42 / 151: loss:2.3274, precision: 16.6315
[2021-11-09 16:02:01][__main__	][INFO	] TRAIN at global step #22 Epoch #1 Step #44 / 151: loss:2.1654, precision: 21.7658
[2021-11-09 16:02:07][__main__	][INFO	] TRAIN at global step #23 Epoch #1 Step #46 / 151: loss:2.5827, precision: 10.9163
[2021-11-09 16:02:16][__main__	][INFO	] TRAIN at global step #24 Epoch #1 Step #48 / 151: loss:2.2456, precision: 19.0217
[2021-11-09 16:02:23][__main__	][INFO	] TRAIN at global step #25 Epoch #1 Step #50 / 151: loss:2.2047, precision: 19.4540
[2021-11-09 16:02:28][__main__	][INFO	] TRAIN at global step #26 Epoch #1 Step #52 / 151: loss:2.0029, precision: 26.4148
[2021-11-09 16:02:35][__main__	][INFO	] TRAIN at global step #27 Epoch #1 Step #54 / 151: loss:2.1986, precision: 21.0926
[2021-11-09 16:02:43][__main__	][INFO	] TRAIN at global step #28 Epoch #1 Step #56 / 151: loss:2.1852, precision: 21.0887
[2021-11-09 16:02:50][__main__	][INFO	] TRAIN at global step #29 Epoch #1 Step #58 / 151: loss:2.2660, precision: 15.4997
[2021-11-09 16:02:56][__main__	][INFO	] TRAIN at global step #30 Epoch #1 Step #60 / 151: loss:1.9731, precision: 25.4636
[2021-11-09 16:03:02][__main__	][INFO	] TRAIN at global step #31 Epoch #1 Step #62 / 151: loss:2.1207, precision: 21.4923
[2021-11-09 16:03:10][__main__	][INFO	] TRAIN at global step #32 Epoch #1 Step #64 / 151: loss:2.1891, precision: 17.1135
[2021-11-09 16:03:16][__main__	][INFO	] TRAIN at global step #33 Epoch #1 Step #66 / 151: loss:1.9247, precision: 31.1014
[2021-11-09 16:03:22][__main__	][INFO	] TRAIN at global step #34 Epoch #1 Step #68 / 151: loss:2.2009, precision: 19.4385
[2021-11-09 16:03:28][__main__	][INFO	] TRAIN at global step #35 Epoch #1 Step #70 / 151: loss:1.9051, precision: 30.5236
[2021-11-09 16:03:35][__main__	][INFO	] TRAIN at global step #36 Epoch #1 Step #72 / 151: loss:2.3008, precision: 17.2914
[2021-11-09 16:03:43][__main__	][INFO	] TRAIN at global step #37 Epoch #1 Step #74 / 151: loss:2.2356, precision: 18.4619
[2021-11-09 16:03:49][__main__	][INFO	] TRAIN at global step #38 Epoch #1 Step #76 / 151: loss:2.2096, precision: 20.5757
[2021-11-09 16:03:57][__main__	][INFO	] TRAIN at global step #39 Epoch #1 Step #78 / 151: loss:2.1084, precision: 23.0653
[2021-11-09 16:04:04][__main__	][INFO	] TRAIN at global step #40 Epoch #1 Step #80 / 151: loss:2.2986, precision: 19.5856
[2021-11-09 16:04:09][__main__	][INFO	] TRAIN at global step #41 Epoch #1 Step #82 / 151: loss:2.2862, precision: 15.5499
[2021-11-09 16:04:16][__main__	][INFO	] TRAIN at global step #42 Epoch #1 Step #84 / 151: loss:2.2044, precision: 20.7686
[2021-11-09 16:04:23][__main__	][INFO	] TRAIN at global step #43 Epoch #1 Step #86 / 151: loss:2.1208, precision: 25.2849
[2021-11-09 16:04:31][__main__	][INFO	] TRAIN at global step #44 Epoch #1 Step #88 / 151: loss:2.1399, precision: 19.3042
[2021-11-09 16:04:37][__main__	][INFO	] TRAIN at global step #45 Epoch #1 Step #90 / 151: loss:2.2256, precision: 19.5800
[2021-11-09 16:04:45][__main__	][INFO	] TRAIN at global step #46 Epoch #1 Step #92 / 151: loss:2.1537, precision: 18.8506
[2021-11-09 16:04:54][__main__	][INFO	] TRAIN at global step #47 Epoch #1 Step #94 / 151: loss:2.1654, precision: 20.3167
[2021-11-09 16:05:00][__main__	][INFO	] TRAIN at global step #48 Epoch #1 Step #96 / 151: loss:2.0708, precision: 25.1879
[2021-11-09 16:05:07][__main__	][INFO	] TRAIN at global step #49 Epoch #1 Step #98 / 151: loss:2.0690, precision: 22.5493
[2021-11-09 16:05:15][__main__	][INFO	] TRAIN at global step #50 Epoch #1 Step #100 / 151: loss:2.1509, precision: 16.4588
[2021-11-09 16:05:21][__main__	][INFO	] TRAIN at global step #51 Epoch #1 Step #102 / 151: loss:2.1059, precision: 20.5729
[2021-11-09 16:05:28][__main__	][INFO	] TRAIN at global step #52 Epoch #1 Step #104 / 151: loss:2.1653, precision: 20.1492
[2021-11-09 16:05:34][__main__	][INFO	] TRAIN at global step #53 Epoch #1 Step #106 / 151: loss:2.0630, precision: 22.6328
[2021-11-09 16:05:40][__main__	][INFO	] TRAIN at global step #54 Epoch #1 Step #108 / 151: loss:1.9905, precision: 23.7485
[2021-11-09 16:05:46][__main__	][INFO	] TRAIN at global step #55 Epoch #1 Step #110 / 151: loss:2.2084, precision: 20.7023
[2021-11-09 16:05:52][__main__	][INFO	] TRAIN at global step #56 Epoch #1 Step #112 / 151: loss:2.3677, precision: 15.7196
[2021-11-09 16:05:59][__main__	][INFO	] TRAIN at global step #57 Epoch #1 Step #114 / 151: loss:2.1573, precision: 18.7015
[2021-11-09 16:06:05][__main__	][INFO	] TRAIN at global step #58 Epoch #1 Step #116 / 151: loss:2.1443, precision: 20.6551
[2021-11-09 16:06:12][__main__	][INFO	] TRAIN at global step #59 Epoch #1 Step #118 / 151: loss:2.0728, precision: 21.7530
[2021-11-09 16:06:18][__main__	][INFO	] TRAIN at global step #60 Epoch #1 Step #120 / 151: loss:2.0700, precision: 24.9231
[2021-11-09 16:06:25][__main__	][INFO	] TRAIN at global step #61 Epoch #1 Step #122 / 151: loss:2.0852, precision: 19.5190
[2021-11-09 16:06:32][__main__	][INFO	] TRAIN at global step #62 Epoch #1 Step #124 / 151: loss:2.2036, precision: 16.3491
[2021-11-09 16:06:38][__main__	][INFO	] TRAIN at global step #63 Epoch #1 Step #126 / 151: loss:2.0441, precision: 21.4086
[2021-11-09 16:06:44][__main__	][INFO	] TRAIN at global step #64 Epoch #1 Step #128 / 151: loss:2.1822, precision: 19.8650
[2021-11-09 16:06:50][__main__	][INFO	] TRAIN at global step #65 Epoch #1 Step #130 / 151: loss:2.1133, precision: 22.7937
[2021-11-09 16:06:56][__main__	][INFO	] TRAIN at global step #66 Epoch #1 Step #132 / 151: loss:2.2529, precision: 20.1028
[2021-11-09 16:07:02][__main__	][INFO	] TRAIN at global step #67 Epoch #1 Step #134 / 151: loss:2.1551, precision: 18.7295
[2021-11-09 16:07:09][__main__	][INFO	] TRAIN at global step #68 Epoch #1 Step #136 / 151: loss:2.3961, precision: 14.5164
[2021-11-09 16:07:15][__main__	][INFO	] TRAIN at global step #69 Epoch #1 Step #138 / 151: loss:2.1584, precision: 20.7890
[2021-11-09 16:07:21][__main__	][INFO	] TRAIN at global step #70 Epoch #1 Step #140 / 151: loss:1.9955, precision: 23.2582
[2021-11-09 16:07:28][__main__	][INFO	] TRAIN at global step #71 Epoch #1 Step #142 / 151: loss:2.2527, precision: 16.8379
[2021-11-09 16:07:37][__main__	][INFO	] TRAIN at global step #72 Epoch #1 Step #144 / 151: loss:2.2039, precision: 17.3467
[2021-11-09 16:07:43][__main__	][INFO	] TRAIN at global step #73 Epoch #1 Step #146 / 151: loss:2.0776, precision: 24.2964
[2021-11-09 16:07:48][__main__	][INFO	] TRAIN at global step #74 Epoch #1 Step #148 / 151: loss:2.0059, precision: 26.1046
[2021-11-09 16:07:54][__main__	][INFO	] TRAIN at global step #75 Epoch #1 Step #150 / 151: loss:2.1462, precision: 18.8802
[2021-11-09 16:07:57][__main__	][INFO	] Checkpoint at epoch #0 saved
[2021-11-09 16:08:07][__main__	][INFO	] TRAIN at global step #76 Epoch #2 Step #1 / 151: loss:2.1822, precision: 16.5492
[2021-11-09 16:08:13][__main__	][INFO	] TRAIN at global step #77 Epoch #2 Step #3 / 151: loss:2.1252, precision: 24.6080
[2021-11-09 16:08:21][__main__	][INFO	] TRAIN at global step #78 Epoch #2 Step #5 / 151: loss:2.0162, precision: 20.8286
[2021-11-09 16:08:28][__main__	][INFO	] TRAIN at global step #79 Epoch #2 Step #7 / 151: loss:2.2249, precision: 18.0622
[2021-11-09 16:08:34][__main__	][INFO	] TRAIN at global step #80 Epoch #2 Step #9 / 151: loss:2.1155, precision: 18.4779
[2021-11-09 16:08:42][__main__	][INFO	] TRAIN at global step #81 Epoch #2 Step #11 / 151: loss:1.9910, precision: 22.6362
[2021-11-09 16:08:49][__main__	][INFO	] TRAIN at global step #82 Epoch #2 Step #13 / 151: loss:2.0682, precision: 20.9898
[2021-11-09 16:08:55][__main__	][INFO	] TRAIN at global step #83 Epoch #2 Step #15 / 151: loss:1.8665, precision: 24.5058
[2021-11-09 16:09:01][__main__	][INFO	] TRAIN at global step #84 Epoch #2 Step #17 / 151: loss:2.2440, precision: 18.3207
[2021-11-09 16:09:07][__main__	][INFO	] TRAIN at global step #85 Epoch #2 Step #19 / 151: loss:2.1037, precision: 23.0077
[2021-11-09 16:09:13][__main__	][INFO	] TRAIN at global step #86 Epoch #2 Step #21 / 151: loss:2.2220, precision: 19.0480
[2021-11-09 16:09:20][__main__	][INFO	] TRAIN at global step #87 Epoch #2 Step #23 / 151: loss:2.0482, precision: 21.8162
[2021-11-09 16:09:28][__main__	][INFO	] TRAIN at global step #88 Epoch #2 Step #25 / 151: loss:1.9956, precision: 23.8095
[2021-11-09 16:09:34][__main__	][INFO	] TRAIN at global step #89 Epoch #2 Step #27 / 151: loss:2.0080, precision: 25.0847
[2021-11-09 16:09:40][__main__	][INFO	] TRAIN at global step #90 Epoch #2 Step #29 / 151: loss:1.7636, precision: 33.6696
[2021-11-09 16:09:47][__main__	][INFO	] TRAIN at global step #91 Epoch #2 Step #31 / 151: loss:2.3060, precision: 15.6242
[2021-11-09 16:09:53][__main__	][INFO	] TRAIN at global step #92 Epoch #2 Step #33 / 151: loss:2.0532, precision: 22.4308
[2021-11-09 16:09:59][__main__	][INFO	] TRAIN at global step #93 Epoch #2 Step #35 / 151: loss:2.0238, precision: 22.8160
[2021-11-09 16:10:06][__main__	][INFO	] TRAIN at global step #94 Epoch #2 Step #37 / 151: loss:2.1056, precision: 22.3018
[2021-11-09 16:10:14][__main__	][INFO	] TRAIN at global step #95 Epoch #2 Step #39 / 151: loss:1.8943, precision: 25.0928
[2021-11-09 16:10:18][__main__	][INFO	] TRAIN at global step #96 Epoch #2 Step #41 / 151: loss:2.1780, precision: 21.3201
[2021-11-09 16:10:23][__main__	][INFO	] TRAIN at global step #97 Epoch #2 Step #43 / 151: loss:2.0298, precision: 24.1236
[2021-11-09 16:10:29][__main__	][INFO	] TRAIN at global step #98 Epoch #2 Step #45 / 151: loss:2.2469, precision: 18.6782
[2021-11-09 16:10:37][__main__	][INFO	] TRAIN at global step #99 Epoch #2 Step #47 / 151: loss:2.2884, precision: 16.4933
[2021-11-09 16:10:43][__main__	][INFO	] TRAIN at global step #100 Epoch #2 Step #49 / 151: loss:2.1528, precision: 17.9510
[2021-11-09 16:10:50][__main__	][INFO	] TRAIN at global step #101 Epoch #2 Step #51 / 151: loss:2.0693, precision: 21.5528
[2021-11-09 16:10:57][__main__	][INFO	] TRAIN at global step #102 Epoch #2 Step #53 / 151: loss:2.1538, precision: 19.6556
[2021-11-09 16:11:03][__main__	][INFO	] TRAIN at global step #103 Epoch #2 Step #55 / 151: loss:2.0912, precision: 22.6640
[2021-11-09 16:11:10][__main__	][INFO	] TRAIN at global step #104 Epoch #2 Step #57 / 151: loss:2.0722, precision: 17.0102
[2021-11-09 16:11:18][__main__	][INFO	] TRAIN at global step #105 Epoch #2 Step #59 / 151: loss:1.9964, precision: 24.6092
[2021-11-09 16:11:25][__main__	][INFO	] TRAIN at global step #106 Epoch #2 Step #61 / 151: loss:2.0797, precision: 17.5684
[2021-11-09 16:11:32][__main__	][INFO	] TRAIN at global step #107 Epoch #2 Step #63 / 151: loss:1.9796, precision: 26.5450
[2021-11-09 16:11:39][__main__	][INFO	] TRAIN at global step #108 Epoch #2 Step #65 / 151: loss:2.0348, precision: 20.0345
[2021-11-09 16:11:46][__main__	][INFO	] TRAIN at global step #109 Epoch #2 Step #67 / 151: loss:2.0235, precision: 25.8923
[2021-11-09 16:11:53][__main__	][INFO	] TRAIN at global step #110 Epoch #2 Step #69 / 151: loss:2.0834, precision: 22.9887
[2021-11-09 16:12:00][__main__	][INFO	] TRAIN at global step #111 Epoch #2 Step #71 / 151: loss:1.9087, precision: 24.0373
[2021-11-09 16:12:07][__main__	][INFO	] TRAIN at global step #112 Epoch #2 Step #73 / 151: loss:2.1491, precision: 20.3868
[2021-11-09 16:12:12][__main__	][INFO	] TRAIN at global step #113 Epoch #2 Step #75 / 151: loss:1.9681, precision: 26.4575
[2021-11-09 16:12:17][__main__	][INFO	] TRAIN at global step #114 Epoch #2 Step #77 / 151: loss:2.1831, precision: 17.1757
[2021-11-09 16:12:24][__main__	][INFO	] TRAIN at global step #115 Epoch #2 Step #79 / 151: loss:2.1369, precision: 20.3060
[2021-11-09 16:12:32][__main__	][INFO	] TRAIN at global step #116 Epoch #2 Step #81 / 151: loss:2.1064, precision: 21.6738
[2021-11-09 16:12:38][__main__	][INFO	] TRAIN at global step #117 Epoch #2 Step #83 / 151: loss:2.2053, precision: 17.1922
[2021-11-09 16:12:44][__main__	][INFO	] TRAIN at global step #118 Epoch #2 Step #85 / 151: loss:1.9722, precision: 22.7243
[2021-11-09 16:12:52][__main__	][INFO	] TRAIN at global step #119 Epoch #2 Step #87 / 151: loss:1.9114, precision: 24.1290
[2021-11-09 16:13:01][__main__	][INFO	] TRAIN at global step #120 Epoch #2 Step #89 / 151: loss:2.0926, precision: 21.5998
[2021-11-09 16:13:08][__main__	][INFO	] TRAIN at global step #121 Epoch #2 Step #91 / 151: loss:2.0675, precision: 21.5512
[2021-11-09 16:13:13][__main__	][INFO	] TRAIN at global step #122 Epoch #2 Step #93 / 151: loss:1.9401, precision: 28.0436
[2021-11-09 16:13:20][__main__	][INFO	] TRAIN at global step #123 Epoch #2 Step #95 / 151: loss:1.8404, precision: 27.3011
[2021-11-09 16:13:27][__main__	][INFO	] TRAIN at global step #124 Epoch #2 Step #97 / 151: loss:1.9669, precision: 23.0282
[2021-11-09 16:13:35][__main__	][INFO	] TRAIN at global step #125 Epoch #2 Step #99 / 151: loss:2.0955, precision: 18.6485
[2021-11-09 16:13:41][__main__	][INFO	] TRAIN at global step #126 Epoch #2 Step #101 / 151: loss:1.9796, precision: 24.4267
[2021-11-09 16:13:49][__main__	][INFO	] TRAIN at global step #127 Epoch #2 Step #103 / 151: loss:2.2124, precision: 16.1409
[2021-11-09 16:13:57][__main__	][INFO	] TRAIN at global step #128 Epoch #2 Step #105 / 151: loss:2.1538, precision: 17.2596
[2021-11-09 16:14:04][__main__	][INFO	] TRAIN at global step #129 Epoch #2 Step #107 / 151: loss:2.0424, precision: 20.9087
[2021-11-09 16:14:11][__main__	][INFO	] TRAIN at global step #130 Epoch #2 Step #109 / 151: loss:1.9485, precision: 23.6339
[2021-11-09 16:14:17][__main__	][INFO	] TRAIN at global step #131 Epoch #2 Step #111 / 151: loss:1.8567, precision: 27.6243
[2021-11-09 16:14:24][__main__	][INFO	] TRAIN at global step #132 Epoch #2 Step #113 / 151: loss:2.0985, precision: 19.5004
[2021-11-09 16:14:31][__main__	][INFO	] TRAIN at global step #133 Epoch #2 Step #115 / 151: loss:1.9302, precision: 23.9074
[2021-11-09 16:14:38][__main__	][INFO	] TRAIN at global step #134 Epoch #2 Step #117 / 151: loss:1.7932, precision: 30.2097
[2021-11-09 16:14:43][__main__	][INFO	] TRAIN at global step #135 Epoch #2 Step #119 / 151: loss:1.7575, precision: 28.0652
[2021-11-09 16:14:50][__main__	][INFO	] TRAIN at global step #136 Epoch #2 Step #121 / 151: loss:1.9715, precision: 19.9358
[2021-11-09 16:14:56][__main__	][INFO	] TRAIN at global step #137 Epoch #2 Step #123 / 151: loss:1.7463, precision: 29.6836
[2021-11-09 16:15:03][__main__	][INFO	] TRAIN at global step #138 Epoch #2 Step #125 / 151: loss:1.8858, precision: 25.0183
[2021-11-09 16:15:12][__main__	][INFO	] TRAIN at global step #139 Epoch #2 Step #127 / 151: loss:2.0863, precision: 19.2590
[2021-11-09 16:15:18][__main__	][INFO	] TRAIN at global step #140 Epoch #2 Step #129 / 151: loss:2.1187, precision: 18.4433
[2021-11-09 16:15:25][__main__	][INFO	] TRAIN at global step #141 Epoch #2 Step #131 / 151: loss:1.9648, precision: 20.6118
[2021-11-09 16:15:32][__main__	][INFO	] TRAIN at global step #142 Epoch #2 Step #133 / 151: loss:1.9426, precision: 24.3116
[2021-11-09 16:15:39][__main__	][INFO	] TRAIN at global step #143 Epoch #2 Step #135 / 151: loss:2.0634, precision: 22.6781
[2021-11-09 16:15:45][__main__	][INFO	] TRAIN at global step #144 Epoch #2 Step #137 / 151: loss:1.9118, precision: 28.9805
[2021-11-09 16:15:52][__main__	][INFO	] TRAIN at global step #145 Epoch #2 Step #139 / 151: loss:1.9362, precision: 21.3062
[2021-11-09 16:15:58][__main__	][INFO	] TRAIN at global step #146 Epoch #2 Step #141 / 151: loss:1.7961, precision: 24.3655
[2021-11-09 16:16:04][__main__	][INFO	] TRAIN at global step #147 Epoch #2 Step #143 / 151: loss:1.7139, precision: 28.9358
[2021-11-09 16:16:11][__main__	][INFO	] TRAIN at global step #148 Epoch #2 Step #145 / 151: loss:1.9475, precision: 21.5814
[2021-11-09 16:16:19][__main__	][INFO	] TRAIN at global step #149 Epoch #2 Step #147 / 151: loss:1.7591, precision: 27.2083
[2021-11-09 16:16:26][__main__	][INFO	] TRAIN at global step #150 Epoch #2 Step #149 / 151: loss:1.8277, precision: 25.5395
[2021-11-09 16:16:29][__main__	][INFO	] ---> inference #0 of 156 loss: 1.5099 iou: 0.1119
[2021-11-09 16:16:29][__main__	][INFO	] ---> inference #1 of 156 loss: 1.1716 iou: 0.1203
[2021-11-09 16:16:30][__main__	][INFO	] ---> inference #2 of 156 loss: 1.3650 iou: 0.0829
[2021-11-09 16:16:30][__main__	][INFO	] ---> inference #3 of 156 loss: 1.5028 iou: 0.0768
[2021-11-09 16:16:31][__main__	][INFO	] ---> inference #4 of 156 loss: 1.1914 iou: 0.1329
[2021-11-09 16:16:31][__main__	][INFO	] ---> inference #5 of 156 loss: 1.5013 iou: 0.1165
[2021-11-09 16:16:31][__main__	][INFO	] ---> inference #6 of 156 loss: 1.8884 iou: 0.0749
[2021-11-09 16:16:32][__main__	][INFO	] ---> inference #7 of 156 loss: 2.2029 iou: 0.0761
[2021-11-09 16:16:32][__main__	][INFO	] ---> inference #8 of 156 loss: 2.0202 iou: 0.0778
[2021-11-09 16:16:33][__main__	][INFO	] ---> inference #9 of 156 loss: 1.5457 iou: 0.0800
[2021-11-09 16:16:33][__main__	][INFO	] ---> inference #10 of 156 loss: 1.5526 iou: 0.1108
[2021-11-09 16:16:33][__main__	][INFO	] ---> inference #11 of 156 loss: 1.4286 iou: 0.0806
[2021-11-09 16:16:33][__main__	][INFO	] ---> inference #12 of 156 loss: 1.1741 iou: 0.1168
[2021-11-09 16:16:34][__main__	][INFO	] ---> inference #13 of 156 loss: 1.4962 iou: 0.0779
[2021-11-09 16:16:34][__main__	][INFO	] ---> inference #14 of 156 loss: 1.1997 iou: 0.1010
[2021-11-09 16:16:34][__main__	][INFO	] ---> inference #15 of 156 loss: 0.9457 iou: 0.1628
[2021-11-09 16:16:34][__main__	][INFO	] ---> inference #16 of 156 loss: 1.2786 iou: 0.1240
[2021-11-09 16:16:35][__main__	][INFO	] ---> inference #17 of 156 loss: 1.2223 iou: 0.1218
[2021-11-09 16:16:35][__main__	][INFO	] ---> inference #18 of 156 loss: 1.5148 iou: 0.0985
[2021-11-09 16:16:35][__main__	][INFO	] ---> inference #19 of 156 loss: 1.9315 iou: 0.0719
[2021-11-09 16:16:35][__main__	][INFO	] ---> inference #20 of 156 loss: 1.4249 iou: 0.0941
[2021-11-09 16:16:36][__main__	][INFO	] ---> inference #21 of 156 loss: 1.4480 iou: 0.0971
[2021-11-09 16:16:36][__main__	][INFO	] ---> inference #22 of 156 loss: 1.4714 iou: 0.1076
[2021-11-09 16:16:36][__main__	][INFO	] ---> inference #23 of 156 loss: 1.2431 iou: 0.0887
[2021-11-09 16:16:36][__main__	][INFO	] ---> inference #24 of 156 loss: 1.6906 iou: 0.0922
[2021-11-09 16:16:37][__main__	][INFO	] ---> inference #25 of 156 loss: 1.9960 iou: 0.0753
[2021-11-09 16:16:37][__main__	][INFO	] ---> inference #26 of 156 loss: 1.9342 iou: 0.0605
[2021-11-09 16:16:37][__main__	][INFO	] ---> inference #27 of 156 loss: 1.8395 iou: 0.0636
[2021-11-09 16:16:38][__main__	][INFO	] ---> inference #28 of 156 loss: 1.1800 iou: 0.1379
[2021-11-09 16:16:38][__main__	][INFO	] ---> inference #29 of 156 loss: 0.8523 iou: 0.1087
[2021-11-09 16:16:38][__main__	][INFO	] ---> inference #30 of 156 loss: 1.4678 iou: 0.0898
[2021-11-09 16:16:39][__main__	][INFO	] ---> inference #31 of 156 loss: 1.2611 iou: 0.1159
[2021-11-09 16:16:39][__main__	][INFO	] ---> inference #32 of 156 loss: 1.5742 iou: 0.0782
[2021-11-09 16:16:40][__main__	][INFO	] ---> inference #33 of 156 loss: 1.8650 iou: 0.0761
[2021-11-09 16:16:40][__main__	][INFO	] ---> inference #34 of 156 loss: 1.7346 iou: 0.0744
[2021-11-09 16:16:41][__main__	][INFO	] ---> inference #35 of 156 loss: 1.7808 iou: 0.0820
[2021-11-09 16:16:41][__main__	][INFO	] ---> inference #36 of 156 loss: 1.9072 iou: 0.0752
[2021-11-09 16:16:41][__main__	][INFO	] ---> inference #37 of 156 loss: 1.8631 iou: 0.0845
[2021-11-09 16:16:42][__main__	][INFO	] ---> inference #38 of 156 loss: 1.8367 iou: 0.0833
[2021-11-09 16:16:43][__main__	][INFO	] ---> inference #39 of 156 loss: 1.2569 iou: 0.1232
[2021-11-09 16:16:43][__main__	][INFO	] ---> inference #40 of 156 loss: 1.5311 iou: 0.0893
[2021-11-09 16:16:43][__main__	][INFO	] ---> inference #41 of 156 loss: 2.2369 iou: 0.0729
[2021-11-09 16:16:43][__main__	][INFO	] ---> inference #42 of 156 loss: 1.2180 iou: 0.1083
[2021-11-09 16:16:44][__main__	][INFO	] ---> inference #43 of 156 loss: 1.4461 iou: 0.0922
[2021-11-09 16:16:44][__main__	][INFO	] ---> inference #44 of 156 loss: 1.4886 iou: 0.0724
[2021-11-09 16:16:44][__main__	][INFO	] ---> inference #45 of 156 loss: 1.7555 iou: 0.0841
[2021-11-09 16:16:44][__main__	][INFO	] ---> inference #46 of 156 loss: 1.4238 iou: 0.0818
[2021-11-09 16:16:45][__main__	][INFO	] ---> inference #47 of 156 loss: 1.5493 iou: 0.0872
[2021-11-09 16:16:45][__main__	][INFO	] ---> inference #48 of 156 loss: 1.1682 iou: 0.0980
[2021-11-09 16:16:46][__main__	][INFO	] ---> inference #49 of 156 loss: 1.4367 iou: 0.0842
[2021-11-09 16:16:46][__main__	][INFO	] ---> inference #50 of 156 loss: 1.3835 iou: 0.0899
[2021-11-09 16:16:47][__main__	][INFO	] ---> inference #51 of 156 loss: 1.2274 iou: 0.0718
[2021-11-09 16:16:47][__main__	][INFO	] ---> inference #52 of 156 loss: 1.2131 iou: 0.0770
[2021-11-09 16:16:47][__main__	][INFO	] ---> inference #53 of 156 loss: 1.3790 iou: 0.0738
[2021-11-09 16:16:48][__main__	][INFO	] ---> inference #54 of 156 loss: 1.0568 iou: 0.1135
[2021-11-09 16:16:48][__main__	][INFO	] ---> inference #55 of 156 loss: 1.7851 iou: 0.0780
[2021-11-09 16:16:48][__main__	][INFO	] ---> inference #56 of 156 loss: 1.8396 iou: 0.0771
[2021-11-09 16:16:49][__main__	][INFO	] ---> inference #57 of 156 loss: 1.6159 iou: 0.1065
[2021-11-09 16:16:49][__main__	][INFO	] ---> inference #58 of 156 loss: 0.7513 iou: 0.1289
[2021-11-09 16:16:49][__main__	][INFO	] ---> inference #59 of 156 loss: 1.3778 iou: 0.0913
[2021-11-09 16:16:49][__main__	][INFO	] ---> inference #60 of 156 loss: 1.4158 iou: 0.0964
[2021-11-09 16:16:50][__main__	][INFO	] ---> inference #61 of 156 loss: 1.2450 iou: 0.1141
[2021-11-09 16:16:50][__main__	][INFO	] ---> inference #62 of 156 loss: 1.3304 iou: 0.1019
[2021-11-09 16:16:50][__main__	][INFO	] ---> inference #63 of 156 loss: 1.6041 iou: 0.0977
[2021-11-09 16:16:50][__main__	][INFO	] ---> inference #64 of 156 loss: 1.4910 iou: 0.1054
[2021-11-09 16:16:51][__main__	][INFO	] ---> inference #65 of 156 loss: 1.5831 iou: 0.0854
[2021-11-09 16:16:51][__main__	][INFO	] ---> inference #66 of 156 loss: 2.3369 iou: 0.0707
[2021-11-09 16:16:51][__main__	][INFO	] ---> inference #67 of 156 loss: 1.8356 iou: 0.0723
[2021-11-09 16:16:51][__main__	][INFO	] ---> inference #68 of 156 loss: 1.4549 iou: 0.1068
[2021-11-09 16:16:52][__main__	][INFO	] ---> inference #69 of 156 loss: 1.0663 iou: 0.0629
[2021-11-09 16:16:52][__main__	][INFO	] ---> inference #70 of 156 loss: 1.2540 iou: 0.0876
[2021-11-09 16:16:52][__main__	][INFO	] ---> inference #71 of 156 loss: 1.3154 iou: 0.0949
[2021-11-09 16:16:52][__main__	][INFO	] ---> inference #72 of 156 loss: 1.1657 iou: 0.1119
[2021-11-09 16:16:52][__main__	][INFO	] ---> inference #73 of 156 loss: 0.9442 iou: 0.1372
[2021-11-09 16:16:53][__main__	][INFO	] ---> inference #74 of 156 loss: 1.0941 iou: 0.0949
[2021-11-09 16:16:53][__main__	][INFO	] ---> inference #75 of 156 loss: 2.1396 iou: 0.0719
[2021-11-09 16:16:53][__main__	][INFO	] ---> inference #76 of 156 loss: 2.0021 iou: 0.0733
[2021-11-09 16:16:54][__main__	][INFO	] ---> inference #77 of 156 loss: 1.3475 iou: 0.0999
[2021-11-09 16:16:54][__main__	][INFO	] ---> inference #78 of 156 loss: 1.5190 iou: 0.0993
[2021-11-09 16:16:54][__main__	][INFO	] ---> inference #79 of 156 loss: 1.3966 iou: 0.0965
[2021-11-09 16:16:54][__main__	][INFO	] ---> inference #80 of 156 loss: 1.6077 iou: 0.0821
[2021-11-09 16:16:55][__main__	][INFO	] ---> inference #81 of 156 loss: 1.5324 iou: 0.0921
[2021-11-09 16:16:55][__main__	][INFO	] ---> inference #82 of 156 loss: 2.1263 iou: 0.0656
[2021-11-09 16:16:55][__main__	][INFO	] ---> inference #83 of 156 loss: 1.5922 iou: 0.1033
[2021-11-09 16:16:56][__main__	][INFO	] ---> inference #84 of 156 loss: 1.0247 iou: 0.1327
[2021-11-09 16:16:56][__main__	][INFO	] ---> inference #85 of 156 loss: 1.3150 iou: 0.1173
[2021-11-09 16:16:56][__main__	][INFO	] ---> inference #86 of 156 loss: 1.9210 iou: 0.0727
[2021-11-09 16:16:57][__main__	][INFO	] ---> inference #87 of 156 loss: 1.4730 iou: 0.1015
[2021-11-09 16:16:57][__main__	][INFO	] ---> inference #88 of 156 loss: 1.5550 iou: 0.1013
[2021-11-09 16:16:57][__main__	][INFO	] ---> inference #89 of 156 loss: 1.4990 iou: 0.0990
[2021-11-09 16:16:57][__main__	][INFO	] ---> inference #90 of 156 loss: 1.2799 iou: 0.0874
[2021-11-09 16:16:58][__main__	][INFO	] ---> inference #91 of 156 loss: 1.4925 iou: 0.1064
[2021-11-09 16:16:58][__main__	][INFO	] ---> inference #92 of 156 loss: 1.6699 iou: 0.0933
[2021-11-09 16:16:58][__main__	][INFO	] ---> inference #93 of 156 loss: 1.3906 iou: 0.0914
[2021-11-09 16:16:58][__main__	][INFO	] ---> inference #94 of 156 loss: 1.2867 iou: 0.0885
[2021-11-09 16:16:59][__main__	][INFO	] ---> inference #95 of 156 loss: 1.3353 iou: 0.0888
[2021-11-09 16:16:59][__main__	][INFO	] ---> inference #96 of 156 loss: 1.3264 iou: 0.0862
[2021-11-09 16:16:59][__main__	][INFO	] ---> inference #97 of 156 loss: 1.4829 iou: 0.0713
[2021-11-09 16:17:00][__main__	][INFO	] ---> inference #98 of 156 loss: 1.2798 iou: 0.1279
[2021-11-09 16:17:00][__main__	][INFO	] ---> inference #99 of 156 loss: 1.1702 iou: 0.1255
[2021-11-09 16:17:00][__main__	][INFO	] ---> inference #100 of 156 loss: 1.0095 iou: 0.1198
[2021-11-09 16:17:01][__main__	][INFO	] ---> inference #101 of 156 loss: 1.8219 iou: 0.0853
[2021-11-09 16:17:01][__main__	][INFO	] ---> inference #102 of 156 loss: 2.3097 iou: 0.0804
[2021-11-09 16:17:01][__main__	][INFO	] ---> inference #103 of 156 loss: 2.1026 iou: 0.0778
[2021-11-09 16:17:02][__main__	][INFO	] ---> inference #104 of 156 loss: 1.5976 iou: 0.0762
[2021-11-09 16:17:02][__main__	][INFO	] ---> inference #105 of 156 loss: 1.1663 iou: 0.1051
[2021-11-09 16:17:03][__main__	][INFO	] ---> inference #106 of 156 loss: 1.6658 iou: 0.0870
[2021-11-09 16:17:03][__main__	][INFO	] ---> inference #107 of 156 loss: 1.6488 iou: 0.0828
[2021-11-09 16:17:03][__main__	][INFO	] ---> inference #108 of 156 loss: 1.5205 iou: 0.1061
[2021-11-09 16:17:04][__main__	][INFO	] ---> inference #109 of 156 loss: 1.4729 iou: 0.1121
[2021-11-09 16:17:04][__main__	][INFO	] ---> inference #110 of 156 loss: 1.4169 iou: 0.0940
[2021-11-09 16:17:04][__main__	][INFO	] ---> inference #111 of 156 loss: 1.3008 iou: 0.0912
[2021-11-09 16:17:04][__main__	][INFO	] ---> inference #112 of 156 loss: 1.7681 iou: 0.1011
[2021-11-09 16:17:05][__main__	][INFO	] ---> inference #113 of 156 loss: 1.6072 iou: 0.0963
[2021-11-09 16:17:05][__main__	][INFO	] ---> inference #114 of 156 loss: 0.9609 iou: 0.0737
[2021-11-09 16:17:05][__main__	][INFO	] ---> inference #115 of 156 loss: 1.9233 iou: 0.0858
[2021-11-09 16:17:06][__main__	][INFO	] ---> inference #116 of 156 loss: 1.5258 iou: 0.1075
[2021-11-09 16:17:06][__main__	][INFO	] ---> inference #117 of 156 loss: 1.3809 iou: 0.1048
[2021-11-09 16:17:07][__main__	][INFO	] ---> inference #118 of 156 loss: 1.5774 iou: 0.0760
[2021-11-09 16:17:07][__main__	][INFO	] ---> inference #119 of 156 loss: 2.1193 iou: 0.0685
[2021-11-09 16:17:08][__main__	][INFO	] ---> inference #120 of 156 loss: 1.4496 iou: 0.1087
[2021-11-09 16:17:08][__main__	][INFO	] ---> inference #121 of 156 loss: 1.8697 iou: 0.0780
[2021-11-09 16:17:09][__main__	][INFO	] ---> inference #122 of 156 loss: 1.5801 iou: 0.0877
[2021-11-09 16:17:09][__main__	][INFO	] ---> inference #123 of 156 loss: 1.4147 iou: 0.1206
[2021-11-09 16:17:09][__main__	][INFO	] ---> inference #124 of 156 loss: 1.8593 iou: 0.0951
[2021-11-09 16:17:10][__main__	][INFO	] ---> inference #125 of 156 loss: 1.6565 iou: 0.0933
[2021-11-09 16:17:10][__main__	][INFO	] ---> inference #126 of 156 loss: 1.4148 iou: 0.1085
[2021-11-09 16:17:10][__main__	][INFO	] ---> inference #127 of 156 loss: 1.2570 iou: 0.1244
[2021-11-09 16:17:11][__main__	][INFO	] ---> inference #128 of 156 loss: 0.9759 iou: 0.1317
[2021-11-09 16:17:11][__main__	][INFO	] ---> inference #129 of 156 loss: 1.1803 iou: 0.1233
[2021-11-09 16:17:12][__main__	][INFO	] ---> inference #130 of 156 loss: 1.5089 iou: 0.1118
[2021-11-09 16:17:12][__main__	][INFO	] ---> inference #131 of 156 loss: 2.1004 iou: 0.0755
[2021-11-09 16:17:12][__main__	][INFO	] ---> inference #132 of 156 loss: 2.2168 iou: 0.0751
[2021-11-09 16:17:13][__main__	][INFO	] ---> inference #133 of 156 loss: 1.1261 iou: 0.1150
[2021-11-09 16:17:13][__main__	][INFO	] ---> inference #134 of 156 loss: 1.9798 iou: 0.0841
[2021-11-09 16:17:13][__main__	][INFO	] ---> inference #135 of 156 loss: 1.0791 iou: 0.0782
[2021-11-09 16:17:14][__main__	][INFO	] ---> inference #136 of 156 loss: 1.9260 iou: 0.0569
[2021-11-09 16:17:14][__main__	][INFO	] ---> inference #137 of 156 loss: 1.8907 iou: 0.0644
[2021-11-09 16:17:14][__main__	][INFO	] ---> inference #138 of 156 loss: 1.0556 iou: 0.0990
[2021-11-09 16:17:14][__main__	][INFO	] ---> inference #139 of 156 loss: 1.4038 iou: 0.0870
[2021-11-09 16:17:15][__main__	][INFO	] ---> inference #140 of 156 loss: 1.2541 iou: 0.0878
[2021-11-09 16:17:15][__main__	][INFO	] ---> inference #141 of 156 loss: 1.2006 iou: 0.1526
[2021-11-09 16:17:15][__main__	][INFO	] ---> inference #142 of 156 loss: 1.8686 iou: 0.0658
[2021-11-09 16:17:15][__main__	][INFO	] ---> inference #143 of 156 loss: 1.6966 iou: 0.0852
[2021-11-09 16:17:15][__main__	][INFO	] ---> inference #144 of 156 loss: 1.7248 iou: 0.0871
[2021-11-09 16:17:16][__main__	][INFO	] ---> inference #145 of 156 loss: 1.6715 iou: 0.0899
[2021-11-09 16:17:16][__main__	][INFO	] ---> inference #146 of 156 loss: 1.7289 iou: 0.0894
[2021-11-09 16:17:17][__main__	][INFO	] ---> inference #147 of 156 loss: 1.8005 iou: 0.0916
[2021-11-09 16:17:17][__main__	][INFO	] ---> inference #148 of 156 loss: 2.1219 iou: 0.0614
[2021-11-09 16:17:17][__main__	][INFO	] ---> inference #149 of 156 loss: 1.9561 iou: 0.0670
[2021-11-09 16:17:17][__main__	][INFO	] ---> inference #150 of 156 loss: 1.5535 iou: 0.1031
[2021-11-09 16:17:18][__main__	][INFO	] ---> inference #151 of 156 loss: 1.4523 iou: 0.1020
[2021-11-09 16:17:18][__main__	][INFO	] ---> inference #152 of 156 loss: 2.5367 iou: 0.0518
[2021-11-09 16:17:18][__main__	][INFO	] ---> inference #153 of 156 loss: 2.2978 iou: 0.0601
[2021-11-09 16:17:18][__main__	][INFO	] ---> inference #154 of 156 loss: 2.1314 iou: 0.0660
[2021-11-09 16:17:18][__main__	][INFO	] ---> inference #155 of 156 loss: 1.5082 iou: 0.0919
[2021-11-09 16:17:19][__main__	][INFO	] VAL   at global step #150: loss (avg): 1.5410, iou (avg): 0.0931
[2021-11-09 16:17:19][__main__	][INFO	] VAL   at global step #150: iou (cls#0): 0.5122
[2021-11-09 16:17:19][__main__	][INFO	] VAL   at global step #150: iou (cls#1): 0.8690
[2021-11-09 16:17:19][__main__	][INFO	] VAL   at global step #150: iou (cls#2): 0.0066
[2021-11-09 16:17:19][__main__	][INFO	] VAL   at global step #150: iou (cls#3): 0.0000
[2021-11-09 16:17:19][__main__	][INFO	] VAL   at global step #150: iou (cls#4): 0.2000
[2021-11-09 16:17:19][__main__	][INFO	] VAL   at global step #150: iou (cls#5): 0.0000
[2021-11-09 16:17:19][__main__	][INFO	] VAL   at global step #150: iou (cls#6): 0.1471
[2021-11-09 16:17:19][__main__	][INFO	] VAL   at global step #150: iou (cls#7): 0.0012
[2021-11-09 16:17:19][__main__	][INFO	] VAL   at global step #150: iou (cls#8): 0.1198
[2021-11-09 16:17:19][__main__	][INFO	] VAL   at global step #150: iou (cls#9): 0.0057
[2021-11-09 16:17:19][__main__	][INFO	] VAL   at global step #150: iou (cls#10): 0.0000
[2021-11-09 16:17:19][__main__	][INFO	] VAL   at global step #150: iou (cls#11): 0.0000
[2021-11-09 16:17:19][__main__	][INFO	] VAL   at global step #150: iou (cls#12): 0.0000
[2021-11-09 16:17:19][__main__	][INFO	] VAL   at global step #150: iou (cls#13): 0.0000
[2021-11-09 16:17:19][__main__	][INFO	] VAL   at global step #150: iou (cls#14): 0.0000
[2021-11-09 16:17:19][__main__	][INFO	] VAL   at global step #150: iou (cls#15): 0.0000
[2021-11-09 16:17:19][__main__	][INFO	] VAL   at global step #150: iou (cls#16): 0.0000
[2021-11-09 16:17:19][__main__	][INFO	] VAL   at global step #150: iou (cls#17): 0.0000
[2021-11-09 16:17:19][__main__	][INFO	] VAL   at global step #150: iou (cls#18): 0.0000
[2021-11-09 16:17:19][__main__	][INFO	] VAL   at global step #150: iou (cls#19): 0.0000
[2021-11-09 16:17:19][__main__	][INFO	] Better checkpoint saved
[2021-11-09 16:17:27][__main__	][INFO	] TRAIN at global step #151 Epoch #2 Step #151 / 151: loss:2.1149, precision: 21.4857
[2021-11-09 16:17:29][__main__	][INFO	] Checkpoint at epoch #1 saved
[2021-11-09 16:17:46][__main__	][INFO	] TRAIN at global step #152 Epoch #3 Step #2 / 151: loss:2.1515, precision: 17.4082
[2021-11-09 16:17:53][__main__	][INFO	] TRAIN at global step #153 Epoch #3 Step #4 / 151: loss:1.8514, precision: 25.7968
[2021-11-09 16:17:58][__main__	][INFO	] TRAIN at global step #154 Epoch #3 Step #6 / 151: loss:1.9343, precision: 25.5091
[2021-11-09 16:18:05][__main__	][INFO	] TRAIN at global step #155 Epoch #3 Step #8 / 151: loss:1.8467, precision: 25.4649
[2021-11-09 16:18:12][__main__	][INFO	] TRAIN at global step #156 Epoch #3 Step #10 / 151: loss:1.8674, precision: 24.4930
[2021-11-09 16:18:16][__main__	][INFO	] TRAIN at global step #157 Epoch #3 Step #12 / 151: loss:1.9467, precision: 22.2380
[2021-11-09 16:18:23][__main__	][INFO	] TRAIN at global step #158 Epoch #3 Step #14 / 151: loss:1.5677, precision: 33.5768
[2021-11-09 16:18:29][__main__	][INFO	] TRAIN at global step #159 Epoch #3 Step #16 / 151: loss:1.9390, precision: 25.4752
[2021-11-09 16:18:38][__main__	][INFO	] TRAIN at global step #160 Epoch #3 Step #18 / 151: loss:1.9274, precision: 22.3274
[2021-11-09 16:18:45][__main__	][INFO	] TRAIN at global step #161 Epoch #3 Step #20 / 151: loss:2.0266, precision: 19.6549
[2021-11-09 16:18:51][__main__	][INFO	] TRAIN at global step #162 Epoch #3 Step #22 / 151: loss:2.1932, precision: 14.6089
[2021-11-09 16:18:57][__main__	][INFO	] TRAIN at global step #163 Epoch #3 Step #24 / 151: loss:1.7291, precision: 30.1307
[2021-11-09 16:19:03][__main__	][INFO	] TRAIN at global step #164 Epoch #3 Step #26 / 151: loss:2.0321, precision: 19.1741
[2021-11-09 16:19:09][__main__	][INFO	] TRAIN at global step #165 Epoch #3 Step #28 / 151: loss:1.8423, precision: 28.0530
[2021-11-09 16:19:16][__main__	][INFO	] TRAIN at global step #166 Epoch #3 Step #30 / 151: loss:1.8054, precision: 26.2526
[2021-11-09 16:19:22][__main__	][INFO	] TRAIN at global step #167 Epoch #3 Step #32 / 151: loss:1.8233, precision: 25.6618
[2021-11-09 16:19:30][__main__	][INFO	] TRAIN at global step #168 Epoch #3 Step #34 / 151: loss:1.9555, precision: 22.0211
[2021-11-09 16:19:35][__main__	][INFO	] TRAIN at global step #169 Epoch #3 Step #36 / 151: loss:1.7099, precision: 26.8805
[2021-11-09 16:19:44][__main__	][INFO	] TRAIN at global step #170 Epoch #3 Step #38 / 151: loss:1.7321, precision: 30.4927
[2021-11-09 16:19:51][__main__	][INFO	] TRAIN at global step #171 Epoch #3 Step #40 / 151: loss:1.7654, precision: 29.1191
[2021-11-09 16:19:57][__main__	][INFO	] TRAIN at global step #172 Epoch #3 Step #42 / 151: loss:1.9347, precision: 24.6940
[2021-11-09 16:20:04][__main__	][INFO	] TRAIN at global step #173 Epoch #3 Step #44 / 151: loss:1.8588, precision: 21.5506
[2021-11-09 16:20:11][__main__	][INFO	] TRAIN at global step #174 Epoch #3 Step #46 / 151: loss:2.0578, precision: 21.1728
[2021-11-09 16:20:18][__main__	][INFO	] TRAIN at global step #175 Epoch #3 Step #48 / 151: loss:1.9645, precision: 19.2740
[2021-11-09 16:20:25][__main__	][INFO	] TRAIN at global step #176 Epoch #3 Step #50 / 151: loss:1.9361, precision: 21.1698
[2021-11-09 16:20:31][__main__	][INFO	] TRAIN at global step #177 Epoch #3 Step #52 / 151: loss:1.9016, precision: 23.9200
[2021-11-09 16:20:38][__main__	][INFO	] TRAIN at global step #178 Epoch #3 Step #54 / 151: loss:1.8096, precision: 21.6885
[2021-11-09 16:20:45][__main__	][INFO	] TRAIN at global step #179 Epoch #3 Step #56 / 151: loss:2.0653, precision: 15.7291
[2021-11-09 16:20:52][__main__	][INFO	] TRAIN at global step #180 Epoch #3 Step #58 / 151: loss:1.9567, precision: 19.7905
[2021-11-09 16:21:00][__main__	][INFO	] TRAIN at global step #181 Epoch #3 Step #60 / 151: loss:2.0074, precision: 19.4468
[2021-11-09 16:21:07][__main__	][INFO	] TRAIN at global step #182 Epoch #3 Step #62 / 151: loss:1.6982, precision: 30.9836
[2021-11-09 16:21:13][__main__	][INFO	] TRAIN at global step #183 Epoch #3 Step #64 / 151: loss:1.9303, precision: 23.6430
[2021-11-09 16:21:20][__main__	][INFO	] TRAIN at global step #184 Epoch #3 Step #66 / 151: loss:1.9455, precision: 22.2008
[2021-11-09 16:21:26][__main__	][INFO	] TRAIN at global step #185 Epoch #3 Step #68 / 151: loss:1.7961, precision: 25.3772
[2021-11-09 16:21:32][__main__	][INFO	] TRAIN at global step #186 Epoch #3 Step #70 / 151: loss:1.8265, precision: 27.4315
[2021-11-09 16:21:39][__main__	][INFO	] TRAIN at global step #187 Epoch #3 Step #72 / 151: loss:1.6486, precision: 30.0619
[2021-11-09 16:21:47][__main__	][INFO	] TRAIN at global step #188 Epoch #3 Step #74 / 151: loss:1.6866, precision: 29.2366
[2021-11-09 16:21:54][__main__	][INFO	] TRAIN at global step #189 Epoch #3 Step #76 / 151: loss:1.7487, precision: 29.8968
[2021-11-09 16:22:00][__main__	][INFO	] TRAIN at global step #190 Epoch #3 Step #78 / 151: loss:1.7420, precision: 25.4558
[2021-11-09 16:22:08][__main__	][INFO	] TRAIN at global step #191 Epoch #3 Step #80 / 151: loss:2.1985, precision: 13.8691
[2021-11-09 16:22:16][__main__	][INFO	] TRAIN at global step #192 Epoch #3 Step #82 / 151: loss:1.7665, precision: 27.4639
[2021-11-09 16:22:25][__main__	][INFO	] TRAIN at global step #193 Epoch #3 Step #84 / 151: loss:1.8406, precision: 24.0923
[2021-11-09 16:22:31][__main__	][INFO	] TRAIN at global step #194 Epoch #3 Step #86 / 151: loss:1.7615, precision: 26.7456
[2021-11-09 16:22:39][__main__	][INFO	] TRAIN at global step #195 Epoch #3 Step #88 / 151: loss:1.7487, precision: 31.0979
[2021-11-09 16:22:47][__main__	][INFO	] TRAIN at global step #196 Epoch #3 Step #90 / 151: loss:1.8848, precision: 24.5638
[2021-11-09 16:22:53][__main__	][INFO	] TRAIN at global step #197 Epoch #3 Step #92 / 151: loss:1.8218, precision: 23.6101
[2021-11-09 16:22:59][__main__	][INFO	] TRAIN at global step #198 Epoch #3 Step #94 / 151: loss:1.8741, precision: 25.7676
[2021-11-09 16:23:06][__main__	][INFO	] TRAIN at global step #199 Epoch #3 Step #96 / 151: loss:1.9018, precision: 24.2531
[2021-11-09 16:23:11][__main__	][INFO	] TRAIN at global step #200 Epoch #3 Step #98 / 151: loss:1.7750, precision: 21.3395
[2021-11-09 16:23:20][__main__	][INFO	] TRAIN at global step #201 Epoch #3 Step #100 / 151: loss:1.5863, precision: 28.7847
[2021-11-09 16:23:27][__main__	][INFO	] TRAIN at global step #202 Epoch #3 Step #102 / 151: loss:1.7585, precision: 23.8453
[2021-11-09 16:23:33][__main__	][INFO	] TRAIN at global step #203 Epoch #3 Step #104 / 151: loss:1.7454, precision: 27.0819
[2021-11-09 16:23:41][__main__	][INFO	] TRAIN at global step #204 Epoch #3 Step #106 / 151: loss:1.7321, precision: 25.3171
[2021-11-09 16:23:49][__main__	][INFO	] TRAIN at global step #205 Epoch #3 Step #108 / 151: loss:1.6516, precision: 31.1144
[2021-11-09 16:23:55][__main__	][INFO	] TRAIN at global step #206 Epoch #3 Step #110 / 151: loss:1.6327, precision: 31.3494
[2021-11-09 16:24:03][__main__	][INFO	] TRAIN at global step #207 Epoch #3 Step #112 / 151: loss:1.7766, precision: 24.8780
[2021-11-09 16:24:10][__main__	][INFO	] TRAIN at global step #208 Epoch #3 Step #114 / 151: loss:1.8937, precision: 22.7541
[2021-11-09 16:24:18][__main__	][INFO	] TRAIN at global step #209 Epoch #3 Step #116 / 151: loss:1.9665, precision: 18.6202
[2021-11-09 16:24:24][__main__	][INFO	] TRAIN at global step #210 Epoch #3 Step #118 / 151: loss:1.5727, precision: 35.6662
[2021-11-09 16:24:31][__main__	][INFO	] TRAIN at global step #211 Epoch #3 Step #120 / 151: loss:1.6853, precision: 31.2309
[2021-11-09 16:24:37][__main__	][INFO	] TRAIN at global step #212 Epoch #3 Step #122 / 151: loss:1.8979, precision: 22.3974
[2021-11-09 16:24:44][__main__	][INFO	] TRAIN at global step #213 Epoch #3 Step #124 / 151: loss:1.6424, precision: 32.2329
[2021-11-09 16:24:50][__main__	][INFO	] TRAIN at global step #214 Epoch #3 Step #126 / 151: loss:1.7515, precision: 30.8477
[2021-11-09 16:24:57][__main__	][INFO	] TRAIN at global step #215 Epoch #3 Step #128 / 151: loss:1.7725, precision: 27.4782
[2021-11-09 16:25:04][__main__	][INFO	] TRAIN at global step #216 Epoch #3 Step #130 / 151: loss:1.9311, precision: 22.1214
[2021-11-09 16:25:09][__main__	][INFO	] TRAIN at global step #217 Epoch #3 Step #132 / 151: loss:1.7843, precision: 26.8868
[2021-11-09 16:25:15][__main__	][INFO	] TRAIN at global step #218 Epoch #3 Step #134 / 151: loss:1.7602, precision: 22.6498
[2021-11-09 16:25:22][__main__	][INFO	] TRAIN at global step #219 Epoch #3 Step #136 / 151: loss:1.5811, precision: 31.7852
[2021-11-09 16:25:28][__main__	][INFO	] TRAIN at global step #220 Epoch #3 Step #138 / 151: loss:1.9999, precision: 20.3777
[2021-11-09 16:25:35][__main__	][INFO	] TRAIN at global step #221 Epoch #3 Step #140 / 151: loss:1.5784, precision: 34.0606
[2021-11-09 16:25:40][__main__	][INFO	] TRAIN at global step #222 Epoch #3 Step #142 / 151: loss:1.8599, precision: 23.0294
[2021-11-09 16:25:45][__main__	][INFO	] TRAIN at global step #223 Epoch #3 Step #144 / 151: loss:1.8333, precision: 25.4536
[2021-11-09 16:25:52][__main__	][INFO	] TRAIN at global step #224 Epoch #3 Step #146 / 151: loss:1.7212, precision: 27.3264
[2021-11-09 16:25:57][__main__	][INFO	] TRAIN at global step #225 Epoch #3 Step #148 / 151: loss:1.7902, precision: 21.8698
[2021-11-09 16:26:03][__main__	][INFO	] TRAIN at global step #226 Epoch #3 Step #150 / 151: loss:2.0483, precision: 18.1170
[2021-11-09 16:26:06][__main__	][INFO	] Checkpoint at epoch #2 saved
[2021-11-09 16:26:15][__main__	][INFO	] TRAIN at global step #227 Epoch #4 Step #1 / 151: loss:2.1217, precision: 16.7373
[2021-11-09 16:26:20][__main__	][INFO	] TRAIN at global step #228 Epoch #4 Step #3 / 151: loss:1.8652, precision: 20.3053
[2021-11-09 16:26:28][__main__	][INFO	] TRAIN at global step #229 Epoch #4 Step #5 / 151: loss:1.8597, precision: 23.4305
[2021-11-09 16:26:35][__main__	][INFO	] TRAIN at global step #230 Epoch #4 Step #7 / 151: loss:1.7165, precision: 25.3679
[2021-11-09 16:26:42][__main__	][INFO	] TRAIN at global step #231 Epoch #4 Step #9 / 151: loss:1.5435, precision: 29.7132
[2021-11-09 16:26:47][__main__	][INFO	] TRAIN at global step #232 Epoch #4 Step #11 / 151: loss:1.6168, precision: 27.4708
[2021-11-09 16:26:54][__main__	][INFO	] TRAIN at global step #233 Epoch #4 Step #13 / 151: loss:1.7368, precision: 28.4749
[2021-11-09 16:27:01][__main__	][INFO	] TRAIN at global step #234 Epoch #4 Step #15 / 151: loss:1.6445, precision: 28.3793
[2021-11-09 16:27:07][__main__	][INFO	] TRAIN at global step #235 Epoch #4 Step #17 / 151: loss:1.7204, precision: 25.1238
[2021-11-09 16:27:14][__main__	][INFO	] TRAIN at global step #236 Epoch #4 Step #19 / 151: loss:1.6025, precision: 29.8000
[2021-11-09 16:27:20][__main__	][INFO	] TRAIN at global step #237 Epoch #4 Step #21 / 151: loss:1.7210, precision: 30.6575
[2021-11-09 16:27:26][__main__	][INFO	] TRAIN at global step #238 Epoch #4 Step #23 / 151: loss:1.5579, precision: 25.1111
[2021-11-09 16:27:31][__main__	][INFO	] TRAIN at global step #239 Epoch #4 Step #25 / 151: loss:1.8325, precision: 28.1369
[2021-11-09 16:27:38][__main__	][INFO	] TRAIN at global step #240 Epoch #4 Step #27 / 151: loss:1.7536, precision: 28.3639
[2021-11-09 16:27:47][__main__	][INFO	] TRAIN at global step #241 Epoch #4 Step #29 / 151: loss:1.5908, precision: 31.4268
[2021-11-09 16:27:55][__main__	][INFO	] TRAIN at global step #242 Epoch #4 Step #31 / 151: loss:1.8628, precision: 25.7489
[2021-11-09 16:28:02][__main__	][INFO	] TRAIN at global step #243 Epoch #4 Step #33 / 151: loss:1.9708, precision: 22.7332
[2021-11-09 16:28:08][__main__	][INFO	] TRAIN at global step #244 Epoch #4 Step #35 / 151: loss:1.5509, precision: 33.3723
[2021-11-09 16:28:13][__main__	][INFO	] TRAIN at global step #245 Epoch #4 Step #37 / 151: loss:1.5880, precision: 30.5438
[2021-11-09 16:28:20][__main__	][INFO	] TRAIN at global step #246 Epoch #4 Step #39 / 151: loss:1.8937, precision: 22.0202
[2021-11-09 16:28:27][__main__	][INFO	] TRAIN at global step #247 Epoch #4 Step #41 / 151: loss:1.5736, precision: 28.9799
[2021-11-09 16:28:32][__main__	][INFO	] TRAIN at global step #248 Epoch #4 Step #43 / 151: loss:1.5215, precision: 27.8457
[2021-11-09 16:28:39][__main__	][INFO	] TRAIN at global step #249 Epoch #4 Step #45 / 151: loss:1.6475, precision: 29.3630
[2021-11-09 16:28:47][__main__	][INFO	] TRAIN at global step #250 Epoch #4 Step #47 / 151: loss:1.9360, precision: 19.5743
[2021-11-09 16:28:53][__main__	][INFO	] TRAIN at global step #251 Epoch #4 Step #49 / 151: loss:2.0053, precision: 19.2315
[2021-11-09 16:29:00][__main__	][INFO	] TRAIN at global step #252 Epoch #4 Step #51 / 151: loss:1.7536, precision: 24.3324
[2021-11-09 16:29:06][__main__	][INFO	] TRAIN at global step #253 Epoch #4 Step #53 / 151: loss:1.7875, precision: 28.1951
[2021-11-09 16:29:12][__main__	][INFO	] TRAIN at global step #254 Epoch #4 Step #55 / 151: loss:1.6616, precision: 26.0696
[2021-11-09 16:29:19][__main__	][INFO	] TRAIN at global step #255 Epoch #4 Step #57 / 151: loss:1.7519, precision: 25.8298
[2021-11-09 16:29:27][__main__	][INFO	] TRAIN at global step #256 Epoch #4 Step #59 / 151: loss:1.6366, precision: 32.9163
[2021-11-09 16:29:34][__main__	][INFO	] TRAIN at global step #257 Epoch #4 Step #61 / 151: loss:1.5683, precision: 32.0238
[2021-11-09 16:29:41][__main__	][INFO	] TRAIN at global step #258 Epoch #4 Step #63 / 151: loss:1.7386, precision: 25.7601
[2021-11-09 16:29:48][__main__	][INFO	] TRAIN at global step #259 Epoch #4 Step #65 / 151: loss:1.5888, precision: 30.5998
[2021-11-09 16:29:55][__main__	][INFO	] TRAIN at global step #260 Epoch #4 Step #67 / 151: loss:1.6725, precision: 25.9439
[2021-11-09 16:30:01][__main__	][INFO	] TRAIN at global step #261 Epoch #4 Step #69 / 151: loss:1.7212, precision: 27.3905
[2021-11-09 16:30:10][__main__	][INFO	] TRAIN at global step #262 Epoch #4 Step #71 / 151: loss:1.6204, precision: 24.6055
[2021-11-09 16:30:15][__main__	][INFO	] TRAIN at global step #263 Epoch #4 Step #73 / 151: loss:1.5743, precision: 31.1284
[2021-11-09 16:30:24][__main__	][INFO	] TRAIN at global step #264 Epoch #4 Step #75 / 151: loss:1.6538, precision: 25.1094
[2021-11-09 16:30:32][__main__	][INFO	] TRAIN at global step #265 Epoch #4 Step #77 / 151: loss:1.6250, precision: 26.8697
[2021-11-09 16:30:39][__main__	][INFO	] TRAIN at global step #266 Epoch #4 Step #79 / 151: loss:1.4751, precision: 36.0765
[2021-11-09 16:30:46][__main__	][INFO	] TRAIN at global step #267 Epoch #4 Step #81 / 151: loss:1.5544, precision: 30.1068
[2021-11-09 16:30:51][__main__	][INFO	] TRAIN at global step #268 Epoch #4 Step #83 / 151: loss:1.8075, precision: 21.3934
[2021-11-09 16:30:57][__main__	][INFO	] TRAIN at global step #269 Epoch #4 Step #85 / 151: loss:2.0082, precision: 17.1166
[2021-11-09 16:31:03][__main__	][INFO	] TRAIN at global step #270 Epoch #4 Step #87 / 151: loss:1.7304, precision: 29.1634
[2021-11-09 16:31:09][__main__	][INFO	] TRAIN at global step #271 Epoch #4 Step #89 / 151: loss:1.6645, precision: 29.0054
[2021-11-09 16:31:15][__main__	][INFO	] TRAIN at global step #272 Epoch #4 Step #91 / 151: loss:1.5180, precision: 31.0762
[2021-11-09 16:31:22][__main__	][INFO	] TRAIN at global step #273 Epoch #4 Step #93 / 151: loss:1.6664, precision: 26.3978
[2021-11-09 16:31:29][__main__	][INFO	] TRAIN at global step #274 Epoch #4 Step #95 / 151: loss:1.7229, precision: 25.2993
[2021-11-09 16:31:38][__main__	][INFO	] TRAIN at global step #275 Epoch #4 Step #97 / 151: loss:1.6367, precision: 28.8869
[2021-11-09 16:31:45][__main__	][INFO	] TRAIN at global step #276 Epoch #4 Step #99 / 151: loss:1.5386, precision: 31.3917
[2021-11-09 16:31:52][__main__	][INFO	] TRAIN at global step #277 Epoch #4 Step #101 / 151: loss:1.6193, precision: 28.3032
[2021-11-09 16:31:57][__main__	][INFO	] TRAIN at global step #278 Epoch #4 Step #103 / 151: loss:1.6059, precision: 26.3712
[2021-11-09 16:32:03][__main__	][INFO	] TRAIN at global step #279 Epoch #4 Step #105 / 151: loss:1.7452, precision: 22.6085
[2021-11-09 16:32:10][__main__	][INFO	] TRAIN at global step #280 Epoch #4 Step #107 / 151: loss:1.7553, precision: 26.1183
[2021-11-09 16:32:16][__main__	][INFO	] TRAIN at global step #281 Epoch #4 Step #109 / 151: loss:1.6764, precision: 26.2211
[2021-11-09 16:32:24][__main__	][INFO	] TRAIN at global step #282 Epoch #4 Step #111 / 151: loss:1.6320, precision: 28.2417
[2021-11-09 16:32:31][__main__	][INFO	] TRAIN at global step #283 Epoch #4 Step #113 / 151: loss:1.6034, precision: 27.6547
[2021-11-09 16:32:38][__main__	][INFO	] TRAIN at global step #284 Epoch #4 Step #115 / 151: loss:1.7431, precision: 21.9372
[2021-11-09 16:32:45][__main__	][INFO	] TRAIN at global step #285 Epoch #4 Step #117 / 151: loss:1.6800, precision: 25.3486
[2021-11-09 16:32:51][__main__	][INFO	] TRAIN at global step #286 Epoch #4 Step #119 / 151: loss:1.6389, precision: 28.6951
[2021-11-09 16:32:58][__main__	][INFO	] TRAIN at global step #287 Epoch #4 Step #121 / 151: loss:1.6018, precision: 27.0503
[2021-11-09 16:33:06][__main__	][INFO	] TRAIN at global step #288 Epoch #4 Step #123 / 151: loss:1.6419, precision: 29.5610
[2021-11-09 16:33:12][__main__	][INFO	] TRAIN at global step #289 Epoch #4 Step #125 / 151: loss:1.7047, precision: 26.9049
[2021-11-09 16:33:20][__main__	][INFO	] TRAIN at global step #290 Epoch #4 Step #127 / 151: loss:1.4554, precision: 35.0591
[2021-11-09 16:33:26][__main__	][INFO	] TRAIN at global step #291 Epoch #4 Step #129 / 151: loss:1.5105, precision: 33.9677
[2021-11-09 16:33:34][__main__	][INFO	] TRAIN at global step #292 Epoch #4 Step #131 / 151: loss:1.4950, precision: 32.4606
[2021-11-09 16:33:41][__main__	][INFO	] TRAIN at global step #293 Epoch #4 Step #133 / 151: loss:1.5462, precision: 28.3776
[2021-11-09 16:33:48][__main__	][INFO	] TRAIN at global step #294 Epoch #4 Step #135 / 151: loss:1.6335, precision: 30.1070
[2021-11-09 16:33:54][__main__	][INFO	] TRAIN at global step #295 Epoch #4 Step #137 / 151: loss:1.7579, precision: 21.4996
[2021-11-09 16:34:01][__main__	][INFO	] TRAIN at global step #296 Epoch #4 Step #139 / 151: loss:1.5893, precision: 28.8759
[2021-11-09 16:34:06][__main__	][INFO	] TRAIN at global step #297 Epoch #4 Step #141 / 151: loss:1.7848, precision: 26.7599
[2021-11-09 16:34:12][__main__	][INFO	] TRAIN at global step #298 Epoch #4 Step #143 / 151: loss:1.6416, precision: 27.4708
[2021-11-09 16:34:17][__main__	][INFO	] TRAIN at global step #299 Epoch #4 Step #145 / 151: loss:1.4738, precision: 33.9899
[2021-11-09 16:34:24][__main__	][INFO	] TRAIN at global step #300 Epoch #4 Step #147 / 151: loss:1.6089, precision: 26.6608
[2021-11-09 16:34:27][__main__	][INFO	] ---> inference #0 of 156 loss: 1.2242 iou: 0.1533
[2021-11-09 16:34:27][__main__	][INFO	] ---> inference #1 of 156 loss: 1.0334 iou: 0.1488
[2021-11-09 16:34:28][__main__	][INFO	] ---> inference #2 of 156 loss: 1.1800 iou: 0.1124
[2021-11-09 16:34:28][__main__	][INFO	] ---> inference #3 of 156 loss: 1.1909 iou: 0.1336
[2021-11-09 16:34:29][__main__	][INFO	] ---> inference #4 of 156 loss: 1.0474 iou: 0.1596
[2021-11-09 16:34:29][__main__	][INFO	] ---> inference #5 of 156 loss: 1.2685 iou: 0.1523
[2021-11-09 16:34:29][__main__	][INFO	] ---> inference #6 of 156 loss: 1.5517 iou: 0.1043
[2021-11-09 16:34:30][__main__	][INFO	] ---> inference #7 of 156 loss: 1.5075 iou: 0.1214
[2021-11-09 16:34:30][__main__	][INFO	] ---> inference #8 of 156 loss: 1.3687 iou: 0.1331
[2021-11-09 16:34:31][__main__	][INFO	] ---> inference #9 of 156 loss: 1.3868 iou: 0.1234
[2021-11-09 16:34:31][__main__	][INFO	] ---> inference #10 of 156 loss: 1.1256 iou: 0.1495
[2021-11-09 16:34:31][__main__	][INFO	] ---> inference #11 of 156 loss: 1.0718 iou: 0.0857
[2021-11-09 16:34:32][__main__	][INFO	] ---> inference #12 of 156 loss: 0.9071 iou: 0.1464
[2021-11-09 16:34:32][__main__	][INFO	] ---> inference #13 of 156 loss: 1.2877 iou: 0.0900
[2021-11-09 16:34:32][__main__	][INFO	] ---> inference #14 of 156 loss: 1.0352 iou: 0.0950
[2021-11-09 16:34:32][__main__	][INFO	] ---> inference #15 of 156 loss: 0.7339 iou: 0.1730
[2021-11-09 16:34:33][__main__	][INFO	] ---> inference #16 of 156 loss: 0.9359 iou: 0.1630
[2021-11-09 16:34:33][__main__	][INFO	] ---> inference #17 of 156 loss: 0.9702 iou: 0.1716
[2021-11-09 16:34:33][__main__	][INFO	] ---> inference #18 of 156 loss: 1.0303 iou: 0.1802
[2021-11-09 16:34:33][__main__	][INFO	] ---> inference #19 of 156 loss: 1.8030 iou: 0.0976
slurmstepd: error: *** JOB 1015 ON air-node-01 CANCELLED AT 2021-11-09T16:34:34 ***
