200_fit_spec
/home/aidrive/tb5zhh/.conda/envs/tbw_3dscan/lib/python3.8/site-packages/MinkowskiEngine/__init__.py:36: UserWarning: The environment variable `OMP_NUM_THREADS` not set. MinkowskiEngine will automatically set `OMP_NUM_THREADS=16`. If you want to set `OMP_NUM_THREADS` manually, please export it on the command line before running a python script. e.g. `export OMP_NUM_THREADS=12; python your_program.py`. It is recommended to set it below 24.
  warnings.warn(
[2021-11-09 15:59:42][__main__	][INFO	] Run with 1 cpu
[2021-11-09 15:59:42][__main__	][INFO	] Running config
[2021-11-09 15:59:42][__main__	][INFO	] --->                          model: Res16UNet34C
[2021-11-09 15:59:42][__main__	][INFO	] --->              conv1_kernel_size: 5
[2021-11-09 15:59:42][__main__	][INFO	] --->                        weights: checkpoints/pretrain_20000.pth
[2021-11-09 15:59:42][__main__	][INFO	] --->                       weights1: /home/aidrive1/workspace/luoly/dataset/final/min_weights/LR/unc/1/512/checkpoint_NoneRes16UNet34Cbest_val.pth
[2021-11-09 15:59:42][__main__	][INFO	] --->                       weights2: /home/aidrive1/workspace/luoly/dataset/final/min_weights/LR/512/1/checkpoint_NoneRes16UNet34Cbest_val.pth
[2021-11-09 15:59:42][__main__	][INFO	] --->                       weights3: /home/aidrive1/workspace/luoly/dataset/final/min_weights/LR/1024/1/checkpoint_NoneRes16UNet34Cbest_val.pth
[2021-11-09 15:59:42][__main__	][INFO	] --->        weights_for_inner_model: False
[2021-11-09 15:59:42][__main__	][INFO	] --->                      dilations: [1, 1, 1, 1]
[2021-11-09 15:59:42][__main__	][INFO	] --->                   wrapper_type: None
[2021-11-09 15:59:42][__main__	][INFO	] --->            wrapper_region_type: 1
[2021-11-09 15:59:42][__main__	][INFO	] --->            wrapper_kernel_size: 3
[2021-11-09 15:59:42][__main__	][INFO	] --->                     wrapper_lr: 0.1
[2021-11-09 15:59:42][__main__	][INFO	] --->           meanfield_iterations: 10
[2021-11-09 15:59:42][__main__	][INFO	] --->              crf_spatial_sigma: 1
[2021-11-09 15:59:42][__main__	][INFO	] --->            crf_chromatic_sigma: 12
[2021-11-09 15:59:42][__main__	][INFO	] --->                      optimizer: SGD
[2021-11-09 15:59:42][__main__	][INFO	] --->                             lr: 0.1
[2021-11-09 15:59:42][__main__	][INFO	] --->                   sgd_momentum: 0.9
[2021-11-09 15:59:42][__main__	][INFO	] --->                  sgd_dampening: 0.1
[2021-11-09 15:59:42][__main__	][INFO	] --->                     adam_beta1: 0.9
[2021-11-09 15:59:42][__main__	][INFO	] --->                     adam_beta2: 0.999
[2021-11-09 15:59:42][__main__	][INFO	] --->                   weight_decay: 0.0001
[2021-11-09 15:59:42][__main__	][INFO	] --->           param_histogram_freq: 100
[2021-11-09 15:59:42][__main__	][INFO	] --->           save_param_histogram: False
[2021-11-09 15:59:42][__main__	][INFO	] --->                      iter_size: 1
[2021-11-09 15:59:42][__main__	][INFO	] --->                    bn_momentum: 0.02
[2021-11-09 15:59:42][__main__	][INFO	] --->                      scheduler: PolyLR
[2021-11-09 15:59:42][__main__	][INFO	] --->                       max_iter: 30000
[2021-11-09 15:59:42][__main__	][INFO	] --->                      step_size: 20000.0
[2021-11-09 15:59:42][__main__	][INFO	] --->                     step_gamma: 0.1
[2021-11-09 15:59:42][__main__	][INFO	] --->                     poly_power: 0.9
[2021-11-09 15:59:42][__main__	][INFO	] --->                      exp_gamma: 0.95
[2021-11-09 15:59:42][__main__	][INFO	] --->                  exp_step_size: 445
[2021-11-09 15:59:42][__main__	][INFO	] --->                        log_dir: log
[2021-11-09 15:59:42][__main__	][INFO	] --->                       data_dir: data
[2021-11-09 15:59:42][__main__	][INFO	] --->                        dataset: ScannetVoxelization2cmDataset
[2021-11-09 15:59:42][__main__	][INFO	] --->                    testdataset: ScannetVoxelization2cmtestDataset
[2021-11-09 15:59:42][__main__	][INFO	] --->              temporal_dilation: 30
[2021-11-09 15:59:42][__main__	][INFO	] --->                temporal_numseq: 3
[2021-11-09 15:59:42][__main__	][INFO	] --->                      point_lim: -1
[2021-11-09 15:59:42][__main__	][INFO	] --->                  pre_point_lim: -1
[2021-11-09 15:59:42][__main__	][INFO	] --->                     batch_size: 1
[2021-11-09 15:59:42][__main__	][INFO	] --->                test_batch_size: 1
[2021-11-09 15:59:42][__main__	][INFO	] --->                     cache_data: False
[2021-11-09 15:59:42][__main__	][INFO	] --->                    num_workers: 4
[2021-11-09 15:59:42][__main__	][INFO	] --->                num_val_workers: 1
[2021-11-09 15:59:42][__main__	][INFO	] --->                   ignore_label: 255
[2021-11-09 15:59:42][__main__	][INFO	] --->          return_transformation: False
[2021-11-09 15:59:42][__main__	][INFO	] --->         ignore_duplicate_class: False
[2021-11-09 15:59:42][__main__	][INFO	] --->                   partial_crop: 0.0
[2021-11-09 15:59:42][__main__	][INFO	] --->          train_limit_numpoints: 0
[2021-11-09 15:59:42][__main__	][INFO	] --->                   synthia_path: /home/chrischoy/datasets/Synthia/Synthia4D
[2021-11-09 15:59:42][__main__	][INFO	] --->            synthia_camera_path: /home/chrischoy/datasets/Synthia/%s/CameraParams/
[2021-11-09 15:59:42][__main__	][INFO	] --->  synthia_camera_intrinsic_file: intrinsics.txt
[2021-11-09 15:59:42][__main__	][INFO	] ---> synthia_camera_extrinsics_file: Stereo_Right/Omni_F/%s.txt
[2021-11-09 15:59:42][__main__	][INFO	] --->         temporal_rand_dilation: False
[2021-11-09 15:59:42][__main__	][INFO	] --->           temporal_rand_numseq: False
[2021-11-09 15:59:42][__main__	][INFO	] --->                   scannet_path: /home/aidrive/tb5zhh/data/200_fit_spec/train
[2021-11-09 15:59:42][__main__	][INFO	] --->              scannet_test_path: /home/aidrive/tb5zhh/data/full/train
[2021-11-09 15:59:42][__main__	][INFO	] --->                stanford3d_path: /home/chrischoy/datasets/Stanford3D
[2021-11-09 15:59:42][__main__	][INFO	] --->                       is_train: True
[2021-11-09 15:59:42][__main__	][INFO	] --->                      stat_freq: 40
[2021-11-09 15:59:42][__main__	][INFO	] --->                 test_stat_freq: 100
[2021-11-09 15:59:42][__main__	][INFO	] --->                test_stat_freq1: 312
[2021-11-09 15:59:42][__main__	][INFO	] --->                      save_freq: 1000
[2021-11-09 15:59:42][__main__	][INFO	] --->                       val_freq: 2
[2021-11-09 15:59:42][__main__	][INFO	] --->               empty_cache_freq: 1
[2021-11-09 15:59:42][__main__	][INFO	] --->                    train_phase: train
[2021-11-09 15:59:42][__main__	][INFO	] --->                      val_phase: val
[2021-11-09 15:59:42][__main__	][INFO	] --->              overwrite_weights: True
[2021-11-09 15:59:42][__main__	][INFO	] --->                         resume: 1
[2021-11-09 15:59:42][__main__	][INFO	] --->               resume_optimizer: True
[2021-11-09 15:59:42][__main__	][INFO	] --->                  eval_upsample: False
[2021-11-09 15:59:42][__main__	][INFO	] --->         lenient_weight_loading: False
[2021-11-09 15:59:42][__main__	][INFO	] --->         distributed_world_size: 2
[2021-11-09 15:59:42][__main__	][INFO	] --->               distributed_rank: 0
[2021-11-09 15:59:42][__main__	][INFO	] --->            distributed_backend: nccl
[2021-11-09 15:59:42][__main__	][INFO	] --->        distributed_init_method: 
[2021-11-09 15:59:42][__main__	][INFO	] --->               distributed_port: 10010
[2021-11-09 15:59:42][__main__	][INFO	] --->                      device_id: 0
[2021-11-09 15:59:42][__main__	][INFO	] --->           distributed_no_spawn: True
[2021-11-09 15:59:42][__main__	][INFO	] --->                    ddp_backend: c10d
[2021-11-09 15:59:42][__main__	][INFO	] --->                  bucket_cap_mb: 25
[2021-11-09 15:59:42][__main__	][INFO	] --->                   use_feat_aug: True
[2021-11-09 15:59:42][__main__	][INFO	] --->     data_aug_color_trans_ratio: 0.1
[2021-11-09 15:59:42][__main__	][INFO	] --->      data_aug_color_jitter_std: 0.05
[2021-11-09 15:59:42][__main__	][INFO	] --->                normalize_color: True
[2021-11-09 15:59:42][__main__	][INFO	] --->             data_aug_scale_min: 0.9
[2021-11-09 15:59:42][__main__	][INFO	] --->             data_aug_scale_max: 1.1
[2021-11-09 15:59:42][__main__	][INFO	] --->               data_aug_hue_max: 0.5
[2021-11-09 15:59:42][__main__	][INFO	] --->        data_aug_saturation_max: 0.2
[2021-11-09 15:59:42][__main__	][INFO	] --->                      visualize: False
[2021-11-09 15:59:42][__main__	][INFO	] --->          test_temporal_average: False
[2021-11-09 15:59:42][__main__	][INFO	] --->                 visualize_path: outputs/visualize
[2021-11-09 15:59:42][__main__	][INFO	] --->                save_prediction: False
[2021-11-09 15:59:42][__main__	][INFO	] --->                  save_pred_dir: outputs/pred
[2021-11-09 15:59:42][__main__	][INFO	] --->                     test_phase: test
[2021-11-09 15:59:42][__main__	][INFO	] --->   evaluate_original_pointcloud: False
[2021-11-09 15:59:42][__main__	][INFO	] --->       test_original_pointcloud: False
[2021-11-09 15:59:42][__main__	][INFO	] --->                        is_cuda: True
[2021-11-09 15:59:42][__main__	][INFO	] --->                      load_path: 
[2021-11-09 15:59:42][__main__	][INFO	] --->                       log_step: 50
[2021-11-09 15:59:42][__main__	][INFO	] --->                      log_level: INFO
[2021-11-09 15:59:42][__main__	][INFO	] --->                        num_gpu: 1
[2021-11-09 15:59:42][__main__	][INFO	] --->                           seed: 42
[2021-11-09 15:59:42][__main__	][INFO	] --->                       run_name: finetune_200_fit_spec_0.1_Res16UNet34C
[2021-11-09 15:59:42][__main__	][INFO	] --->                      unc_round: 20
[2021-11-09 15:59:42][__main__	][INFO	] --->                 unc_result_dir: /
[2021-11-09 15:59:42][__main__	][INFO	] --->                          wandb: True
[2021-11-09 15:59:42][__main__	][INFO	] --->                  train_dataset: ScannetVoxelization2cmDataset
[2021-11-09 15:59:42][__main__	][INFO	] --->                    val_dataset: ScannetVoxelization2cmtestDataset
[2021-11-09 15:59:42][__main__	][INFO	] --->                 checkpoint_dir: checkpoints
[2021-11-09 15:59:42][__main__	][INFO	] --->                     optim_step: 2
[2021-11-09 15:59:42][__main__	][INFO	] --->                  validate_step: 150
[2021-11-09 15:59:42][__main__	][INFO	] --->                    train_epoch: 20000
[2021-11-09 15:59:42][__main__	][INFO	] --->               train_batch_size: 8
[2021-11-09 15:59:42][__main__	][INFO	] --->                 val_batch_size: 2
[2021-11-09 15:59:42][__main__	][INFO	] --->                eval_result_dir: /
[2021-11-09 15:59:42][__main__	][INFO	] --->                  unc_stat_path: /
[2021-11-09 15:59:42][__main__	][INFO	] --->                     save_epoch: 1
[2021-11-09 15:59:42][__main__	][INFO	] --->                   ignore_index: 255
[2021-11-09 15:59:42][__main__	][INFO	] --->                       do_train: True
[2021-11-09 15:59:42][__main__	][INFO	] --->               do_unc_inference: False
[2021-11-09 15:59:42][__main__	][INFO	] --->                    do_unc_demo: False
[2021-11-09 15:59:42][__main__	][INFO	] --->                    unc_dataset: 
[2021-11-09 15:59:42][__main__	][INFO	] --->           do_verbose_inference: False
[2021-11-09 15:59:42][__main__	][INFO	] --->                  do_unc_render: False
[2021-11-09 15:59:51][__main__	][INFO	] Weights loaded from checkpoints/pretrain_20000.pth
[2021-11-09 15:59:51][__main__	][INFO	] [Errno 2] No such file or directory: 'checkpoints/finetune_200_fit_spec_0.1_Res16UNet34C_latest.pth'
new.py:162: DeprecationWarning: The 'warn' method is deprecated, use 'warning' instead
  logger.warn(f"checkpoint not found")
[2021-11-09 15:59:51][__main__	][WARNING	] checkpoint not found
[2021-11-09 15:59:51][__main__	][INFO	] Model setup done
[2021-11-09 15:59:51][__main__	][INFO	] 
Res16UNet34C(
  (conv0p1s1): MinkowskiConvolution(in=3, out=32, kernel_size=[5, 5, 5], stride=[1, 1, 1], dilation=[1, 1, 1])
  (bn0): MinkowskiBatchNorm(32, eps=1e-05, momentum=0.02, affine=True, track_running_stats=True)
  (conv1p1s2): MinkowskiConvolution(in=32, out=32, kernel_size=[2, 2, 2], stride=[2, 2, 2], dilation=[1, 1, 1])
  (bn1): MinkowskiBatchNorm(32, eps=1e-05, momentum=0.02, affine=True, track_running_stats=True)
  (block1): Sequential(
    (0): BasicBlock(
      (conv1): MinkowskiConvolution(in=32, out=32, kernel_size=[3, 3, 3], stride=[1, 1, 1], dilation=[1, 1, 1])
      (norm1): MinkowskiBatchNorm(32, eps=1e-05, momentum=0.1, affine=True, track_running_stats=True)
      (conv2): MinkowskiConvolution(in=32, out=32, kernel_size=[3, 3, 3], stride=[1, 1, 1], dilation=[1, 1, 1])
      (norm2): MinkowskiBatchNorm(32, eps=1e-05, momentum=0.1, affine=True, track_running_stats=True)
      (relu): MinkowskiReLU()
    )
    (1): BasicBlock(
      (conv1): MinkowskiConvolution(in=32, out=32, kernel_size=[3, 3, 3], stride=[1, 1, 1], dilation=[1, 1, 1])
      (norm1): MinkowskiBatchNorm(32, eps=1e-05, momentum=0.1, affine=True, track_running_stats=True)
      (conv2): MinkowskiConvolution(in=32, out=32, kernel_size=[3, 3, 3], stride=[1, 1, 1], dilation=[1, 1, 1])
      (norm2): MinkowskiBatchNorm(32, eps=1e-05, momentum=0.1, affine=True, track_running_stats=True)
      (relu): MinkowskiReLU()
    )
  )
  (conv2p2s2): MinkowskiConvolution(in=32, out=32, kernel_size=[2, 2, 2], stride=[2, 2, 2], dilation=[1, 1, 1])
  (bn2): MinkowskiBatchNorm(32, eps=1e-05, momentum=0.02, affine=True, track_running_stats=True)
  (block2): Sequential(
    (0): BasicBlock(
      (conv1): MinkowskiConvolution(in=32, out=64, kernel_size=[3, 3, 3], stride=[1, 1, 1], dilation=[1, 1, 1])
      (norm1): MinkowskiBatchNorm(64, eps=1e-05, momentum=0.1, affine=True, track_running_stats=True)
      (conv2): MinkowskiConvolution(in=64, out=64, kernel_size=[3, 3, 3], stride=[1, 1, 1], dilation=[1, 1, 1])
      (norm2): MinkowskiBatchNorm(64, eps=1e-05, momentum=0.1, affine=True, track_running_stats=True)
      (relu): MinkowskiReLU()
      (downsample): Sequential(
        (0): MinkowskiConvolution(in=32, out=64, kernel_size=[1, 1, 1], stride=[1, 1, 1], dilation=[1, 1, 1])
        (1): MinkowskiBatchNorm(64, eps=1e-05, momentum=0.02, affine=True, track_running_stats=True)
      )
    )
    (1): BasicBlock(
      (conv1): MinkowskiConvolution(in=64, out=64, kernel_size=[3, 3, 3], stride=[1, 1, 1], dilation=[1, 1, 1])
      (norm1): MinkowskiBatchNorm(64, eps=1e-05, momentum=0.1, affine=True, track_running_stats=True)
      (conv2): MinkowskiConvolution(in=64, out=64, kernel_size=[3, 3, 3], stride=[1, 1, 1], dilation=[1, 1, 1])
      (norm2): MinkowskiBatchNorm(64, eps=1e-05, momentum=0.1, affine=True, track_running_stats=True)
      (relu): MinkowskiReLU()
    )
    (2): BasicBlock(
      (conv1): MinkowskiConvolution(in=64, out=64, kernel_size=[3, 3, 3], stride=[1, 1, 1], dilation=[1, 1, 1])
      (norm1): MinkowskiBatchNorm(64, eps=1e-05, momentum=0.1, affine=True, track_running_stats=True)
      (conv2): MinkowskiConvolution(in=64, out=64, kernel_size=[3, 3, 3], stride=[1, 1, 1], dilation=[1, 1, 1])
      (norm2): MinkowskiBatchNorm(64, eps=1e-05, momentum=0.1, affine=True, track_running_stats=True)
      (relu): MinkowskiReLU()
    )
  )
  (conv3p4s2): MinkowskiConvolution(in=64, out=64, kernel_size=[2, 2, 2], stride=[2, 2, 2], dilation=[1, 1, 1])
  (bn3): MinkowskiBatchNorm(64, eps=1e-05, momentum=0.02, affine=True, track_running_stats=True)
  (block3): Sequential(
    (0): BasicBlock(
      (conv1): MinkowskiConvolution(in=64, out=128, kernel_size=[3, 3, 3], stride=[1, 1, 1], dilation=[1, 1, 1])
      (norm1): MinkowskiBatchNorm(128, eps=1e-05, momentum=0.1, affine=True, track_running_stats=True)
      (conv2): MinkowskiConvolution(in=128, out=128, kernel_size=[3, 3, 3], stride=[1, 1, 1], dilation=[1, 1, 1])
      (norm2): MinkowskiBatchNorm(128, eps=1e-05, momentum=0.1, affine=True, track_running_stats=True)
      (relu): MinkowskiReLU()
      (downsample): Sequential(
        (0): MinkowskiConvolution(in=64, out=128, kernel_size=[1, 1, 1], stride=[1, 1, 1], dilation=[1, 1, 1])
        (1): MinkowskiBatchNorm(128, eps=1e-05, momentum=0.02, affine=True, track_running_stats=True)
      )
    )
    (1): BasicBlock(
      (conv1): MinkowskiConvolution(in=128, out=128, kernel_size=[3, 3, 3], stride=[1, 1, 1], dilation=[1, 1, 1])
      (norm1): MinkowskiBatchNorm(128, eps=1e-05, momentum=0.1, affine=True, track_running_stats=True)
      (conv2): MinkowskiConvolution(in=128, out=128, kernel_size=[3, 3, 3], stride=[1, 1, 1], dilation=[1, 1, 1])
      (norm2): MinkowskiBatchNorm(128, eps=1e-05, momentum=0.1, affine=True, track_running_stats=True)
      (relu): MinkowskiReLU()
    )
    (2): BasicBlock(
      (conv1): MinkowskiConvolution(in=128, out=128, kernel_size=[3, 3, 3], stride=[1, 1, 1], dilation=[1, 1, 1])
      (norm1): MinkowskiBatchNorm(128, eps=1e-05, momentum=0.1, affine=True, track_running_stats=True)
      (conv2): MinkowskiConvolution(in=128, out=128, kernel_size=[3, 3, 3], stride=[1, 1, 1], dilation=[1, 1, 1])
      (norm2): MinkowskiBatchNorm(128, eps=1e-05, momentum=0.1, affine=True, track_running_stats=True)
      (relu): MinkowskiReLU()
    )
    (3): BasicBlock(
      (conv1): MinkowskiConvolution(in=128, out=128, kernel_size=[3, 3, 3], stride=[1, 1, 1], dilation=[1, 1, 1])
      (norm1): MinkowskiBatchNorm(128, eps=1e-05, momentum=0.1, affine=True, track_running_stats=True)
      (conv2): MinkowskiConvolution(in=128, out=128, kernel_size=[3, 3, 3], stride=[1, 1, 1], dilation=[1, 1, 1])
      (norm2): MinkowskiBatchNorm(128, eps=1e-05, momentum=0.1, affine=True, track_running_stats=True)
      (relu): MinkowskiReLU()
    )
  )
  (conv4p8s2): MinkowskiConvolution(in=128, out=128, kernel_size=[2, 2, 2], stride=[2, 2, 2], dilation=[1, 1, 1])
  (bn4): MinkowskiBatchNorm(128, eps=1e-05, momentum=0.02, affine=True, track_running_stats=True)
  (block4): Sequential(
    (0): BasicBlock(
      (conv1): MinkowskiConvolution(in=128, out=256, kernel_size=[3, 3, 3], stride=[1, 1, 1], dilation=[1, 1, 1])
      (norm1): MinkowskiBatchNorm(256, eps=1e-05, momentum=0.1, affine=True, track_running_stats=True)
      (conv2): MinkowskiConvolution(in=256, out=256, kernel_size=[3, 3, 3], stride=[1, 1, 1], dilation=[1, 1, 1])
      (norm2): MinkowskiBatchNorm(256, eps=1e-05, momentum=0.1, affine=True, track_running_stats=True)
      (relu): MinkowskiReLU()
      (downsample): Sequential(
        (0): MinkowskiConvolution(in=128, out=256, kernel_size=[1, 1, 1], stride=[1, 1, 1], dilation=[1, 1, 1])
        (1): MinkowskiBatchNorm(256, eps=1e-05, momentum=0.02, affine=True, track_running_stats=True)
      )
    )
    (1): BasicBlock(
      (conv1): MinkowskiConvolution(in=256, out=256, kernel_size=[3, 3, 3], stride=[1, 1, 1], dilation=[1, 1, 1])
      (norm1): MinkowskiBatchNorm(256, eps=1e-05, momentum=0.1, affine=True, track_running_stats=True)
      (conv2): MinkowskiConvolution(in=256, out=256, kernel_size=[3, 3, 3], stride=[1, 1, 1], dilation=[1, 1, 1])
      (norm2): MinkowskiBatchNorm(256, eps=1e-05, momentum=0.1, affine=True, track_running_stats=True)
      (relu): MinkowskiReLU()
    )
    (2): BasicBlock(
      (conv1): MinkowskiConvolution(in=256, out=256, kernel_size=[3, 3, 3], stride=[1, 1, 1], dilation=[1, 1, 1])
      (norm1): MinkowskiBatchNorm(256, eps=1e-05, momentum=0.1, affine=True, track_running_stats=True)
      (conv2): MinkowskiConvolution(in=256, out=256, kernel_size=[3, 3, 3], stride=[1, 1, 1], dilation=[1, 1, 1])
      (norm2): MinkowskiBatchNorm(256, eps=1e-05, momentum=0.1, affine=True, track_running_stats=True)
      (relu): MinkowskiReLU()
    )
    (3): BasicBlock(
      (conv1): MinkowskiConvolution(in=256, out=256, kernel_size=[3, 3, 3], stride=[1, 1, 1], dilation=[1, 1, 1])
      (norm1): MinkowskiBatchNorm(256, eps=1e-05, momentum=0.1, affine=True, track_running_stats=True)
      (conv2): MinkowskiConvolution(in=256, out=256, kernel_size=[3, 3, 3], stride=[1, 1, 1], dilation=[1, 1, 1])
      (norm2): MinkowskiBatchNorm(256, eps=1e-05, momentum=0.1, affine=True, track_running_stats=True)
      (relu): MinkowskiReLU()
    )
    (4): BasicBlock(
      (conv1): MinkowskiConvolution(in=256, out=256, kernel_size=[3, 3, 3], stride=[1, 1, 1], dilation=[1, 1, 1])
      (norm1): MinkowskiBatchNorm(256, eps=1e-05, momentum=0.1, affine=True, track_running_stats=True)
      (conv2): MinkowskiConvolution(in=256, out=256, kernel_size=[3, 3, 3], stride=[1, 1, 1], dilation=[1, 1, 1])
      (norm2): MinkowskiBatchNorm(256, eps=1e-05, momentum=0.1, affine=True, track_running_stats=True)
      (relu): MinkowskiReLU()
    )
    (5): BasicBlock(
      (conv1): MinkowskiConvolution(in=256, out=256, kernel_size=[3, 3, 3], stride=[1, 1, 1], dilation=[1, 1, 1])
      (norm1): MinkowskiBatchNorm(256, eps=1e-05, momentum=0.1, affine=True, track_running_stats=True)
      (conv2): MinkowskiConvolution(in=256, out=256, kernel_size=[3, 3, 3], stride=[1, 1, 1], dilation=[1, 1, 1])
      (norm2): MinkowskiBatchNorm(256, eps=1e-05, momentum=0.1, affine=True, track_running_stats=True)
      (relu): MinkowskiReLU()
    )
  )
  (convtr4p16s2): MinkowskiConvolutionTranspose(in=256, out=256, kernel_size=[2, 2, 2], stride=[2, 2, 2], dilation=[1, 1, 1])
  (bntr4): MinkowskiBatchNorm(256, eps=1e-05, momentum=0.02, affine=True, track_running_stats=True)
  (block5): Sequential(
    (0): BasicBlock(
      (conv1): MinkowskiConvolution(in=384, out=256, kernel_size=[3, 3, 3], stride=[1, 1, 1], dilation=[1, 1, 1])
      (norm1): MinkowskiBatchNorm(256, eps=1e-05, momentum=0.1, affine=True, track_running_stats=True)
      (conv2): MinkowskiConvolution(in=256, out=256, kernel_size=[3, 3, 3], stride=[1, 1, 1], dilation=[1, 1, 1])
      (norm2): MinkowskiBatchNorm(256, eps=1e-05, momentum=0.1, affine=True, track_running_stats=True)
      (relu): MinkowskiReLU()
      (downsample): Sequential(
        (0): MinkowskiConvolution(in=384, out=256, kernel_size=[1, 1, 1], stride=[1, 1, 1], dilation=[1, 1, 1])
        (1): MinkowskiBatchNorm(256, eps=1e-05, momentum=0.02, affine=True, track_running_stats=True)
      )
    )
    (1): BasicBlock(
      (conv1): MinkowskiConvolution(in=256, out=256, kernel_size=[3, 3, 3], stride=[1, 1, 1], dilation=[1, 1, 1])
      (norm1): MinkowskiBatchNorm(256, eps=1e-05, momentum=0.1, affine=True, track_running_stats=True)
      (conv2): MinkowskiConvolution(in=256, out=256, kernel_size=[3, 3, 3], stride=[1, 1, 1], dilation=[1, 1, 1])
      (norm2): MinkowskiBatchNorm(256, eps=1e-05, momentum=0.1, affine=True, track_running_stats=True)
      (relu): MinkowskiReLU()
    )
  )
  (convtr5p8s2): MinkowskiConvolutionTranspose(in=256, out=128, kernel_size=[2, 2, 2], stride=[2, 2, 2], dilation=[1, 1, 1])
  (bntr5): MinkowskiBatchNorm(128, eps=1e-05, momentum=0.02, affine=True, track_running_stats=True)
  (block6): Sequential(
    (0): BasicBlock(
      (conv1): MinkowskiConvolution(in=192, out=128, kernel_size=[3, 3, 3], stride=[1, 1, 1], dilation=[1, 1, 1])
      (norm1): MinkowskiBatchNorm(128, eps=1e-05, momentum=0.1, affine=True, track_running_stats=True)
      (conv2): MinkowskiConvolution(in=128, out=128, kernel_size=[3, 3, 3], stride=[1, 1, 1], dilation=[1, 1, 1])
      (norm2): MinkowskiBatchNorm(128, eps=1e-05, momentum=0.1, affine=True, track_running_stats=True)
      (relu): MinkowskiReLU()
      (downsample): Sequential(
        (0): MinkowskiConvolution(in=192, out=128, kernel_size=[1, 1, 1], stride=[1, 1, 1], dilation=[1, 1, 1])
        (1): MinkowskiBatchNorm(128, eps=1e-05, momentum=0.02, affine=True, track_running_stats=True)
      )
    )
    (1): BasicBlock(
      (conv1): MinkowskiConvolution(in=128, out=128, kernel_size=[3, 3, 3], stride=[1, 1, 1], dilation=[1, 1, 1])
      (norm1): MinkowskiBatchNorm(128, eps=1e-05, momentum=0.1, affine=True, track_running_stats=True)
      (conv2): MinkowskiConvolution(in=128, out=128, kernel_size=[3, 3, 3], stride=[1, 1, 1], dilation=[1, 1, 1])
      (norm2): MinkowskiBatchNorm(128, eps=1e-05, momentum=0.1, affine=True, track_running_stats=True)
      (relu): MinkowskiReLU()
    )
  )
  (convtr6p4s2): MinkowskiConvolutionTranspose(in=128, out=96, kernel_size=[2, 2, 2], stride=[2, 2, 2], dilation=[1, 1, 1])
  (bntr6): MinkowskiBatchNorm(96, eps=1e-05, momentum=0.02, affine=True, track_running_stats=True)
  (block7): Sequential(
    (0): BasicBlock(
      (conv1): MinkowskiConvolution(in=128, out=96, kernel_size=[3, 3, 3], stride=[1, 1, 1], dilation=[1, 1, 1])
      (norm1): MinkowskiBatchNorm(96, eps=1e-05, momentum=0.1, affine=True, track_running_stats=True)
      (conv2): MinkowskiConvolution(in=96, out=96, kernel_size=[3, 3, 3], stride=[1, 1, 1], dilation=[1, 1, 1])
      (norm2): MinkowskiBatchNorm(96, eps=1e-05, momentum=0.1, affine=True, track_running_stats=True)
      (relu): MinkowskiReLU()
      (downsample): Sequential(
        (0): MinkowskiConvolution(in=128, out=96, kernel_size=[1, 1, 1], stride=[1, 1, 1], dilation=[1, 1, 1])
        (1): MinkowskiBatchNorm(96, eps=1e-05, momentum=0.02, affine=True, track_running_stats=True)
      )
    )
    (1): BasicBlock(
      (conv1): MinkowskiConvolution(in=96, out=96, kernel_size=[3, 3, 3], stride=[1, 1, 1], dilation=[1, 1, 1])
      (norm1): MinkowskiBatchNorm(96, eps=1e-05, momentum=0.1, affine=True, track_running_stats=True)
      (conv2): MinkowskiConvolution(in=96, out=96, kernel_size=[3, 3, 3], stride=[1, 1, 1], dilation=[1, 1, 1])
      (norm2): MinkowskiBatchNorm(96, eps=1e-05, momentum=0.1, affine=True, track_running_stats=True)
      (relu): MinkowskiReLU()
    )
  )
  (convtr7p2s2): MinkowskiConvolutionTranspose(in=96, out=96, kernel_size=[2, 2, 2], stride=[2, 2, 2], dilation=[1, 1, 1])
  (bntr7): MinkowskiBatchNorm(96, eps=1e-05, momentum=0.02, affine=True, track_running_stats=True)
  (block8): Sequential(
    (0): BasicBlock(
      (conv1): MinkowskiConvolution(in=128, out=96, kernel_size=[3, 3, 3], stride=[1, 1, 1], dilation=[1, 1, 1])
      (norm1): MinkowskiBatchNorm(96, eps=1e-05, momentum=0.1, affine=True, track_running_stats=True)
      (conv2): MinkowskiConvolution(in=96, out=96, kernel_size=[3, 3, 3], stride=[1, 1, 1], dilation=[1, 1, 1])
      (norm2): MinkowskiBatchNorm(96, eps=1e-05, momentum=0.1, affine=True, track_running_stats=True)
      (relu): MinkowskiReLU()
      (downsample): Sequential(
        (0): MinkowskiConvolution(in=128, out=96, kernel_size=[1, 1, 1], stride=[1, 1, 1], dilation=[1, 1, 1])
        (1): MinkowskiBatchNorm(96, eps=1e-05, momentum=0.02, affine=True, track_running_stats=True)
      )
    )
    (1): BasicBlock(
      (conv1): MinkowskiConvolution(in=96, out=96, kernel_size=[3, 3, 3], stride=[1, 1, 1], dilation=[1, 1, 1])
      (norm1): MinkowskiBatchNorm(96, eps=1e-05, momentum=0.1, affine=True, track_running_stats=True)
      (conv2): MinkowskiConvolution(in=96, out=96, kernel_size=[3, 3, 3], stride=[1, 1, 1], dilation=[1, 1, 1])
      (norm2): MinkowskiBatchNorm(96, eps=1e-05, momentum=0.1, affine=True, track_running_stats=True)
      (relu): MinkowskiReLU()
    )
  )
  (final): MinkowskiConvolution(in=96, out=20, kernel_size=[1, 1, 1], stride=[1, 1, 1], dilation=[1, 1, 1])
  (relu): MinkowskiReLU()
)
wandb: Currently logged in as: tb5zhh (use `wandb login --relogin` to force relogin)
wandb: wandb version 0.12.6 is available!  To upgrade, please run:
wandb:  $ pip install wandb --upgrade
wandb: Tracking run with wandb version 0.12.4
wandb: Syncing run peachy-bee-284
wandb:  View project at https://wandb.ai/tb5zhh/3dsp
wandb:  View run at https://wandb.ai/tb5zhh/3dsp/runs/d8znl6am
wandb: Run data is saved locally in /home/aidrive/tb5zhh/3DScanSeg/wandb/run-20211109_155952-d8znl6am
wandb: Run `wandb offline` to turn off syncing.

[34m[1mwandb[0m: [33mWARNING[0m Calling run.save without any arguments is deprecated.Changes to attributes are automatically persisted.
[2021-11-09 15:59:57][root	][INFO	] Loading ScannetVoxelization2cmDataset: scannetv2_train.txt
[2021-11-09 15:59:57][root	][INFO	] Loading ScannetVoxelization2cmtestDataset: scannetv2_val.txt
[2021-11-09 15:59:57][__main__	][INFO	] Dataloader setup done
[2021-11-09 15:59:57][__main__	][INFO	] My rank : 0 / 1
[2021-11-09 15:59:57][__main__	][INFO	] Start training
[2021-11-09 16:00:10][__main__	][INFO	] TRAIN at global step #1 Epoch #1 Step #2 / 151: loss:3.3362, precision: 0.4587
[2021-11-09 16:00:18][__main__	][INFO	] TRAIN at global step #2 Epoch #1 Step #4 / 151: loss:2.9735, precision: 1.3802
[2021-11-09 16:00:25][__main__	][INFO	] TRAIN at global step #3 Epoch #1 Step #6 / 151: loss:2.4564, precision: 18.0911
[2021-11-09 16:00:33][__main__	][INFO	] TRAIN at global step #4 Epoch #1 Step #8 / 151: loss:2.3654, precision: 16.6996
[2021-11-09 16:00:41][__main__	][INFO	] TRAIN at global step #5 Epoch #1 Step #10 / 151: loss:1.9041, precision: 22.2883
[2021-11-09 16:00:49][__main__	][INFO	] TRAIN at global step #6 Epoch #1 Step #12 / 151: loss:2.2723, precision: 17.8175
[2021-11-09 16:00:55][__main__	][INFO	] TRAIN at global step #7 Epoch #1 Step #14 / 151: loss:1.9886, precision: 22.4760
[2021-11-09 16:01:02][__main__	][INFO	] TRAIN at global step #8 Epoch #1 Step #16 / 151: loss:2.0921, precision: 21.4314
[2021-11-09 16:01:09][__main__	][INFO	] TRAIN at global step #9 Epoch #1 Step #18 / 151: loss:1.7768, precision: 23.5092
[2021-11-09 16:01:16][__main__	][INFO	] TRAIN at global step #10 Epoch #1 Step #20 / 151: loss:2.0339, precision: 19.9032
[2021-11-09 16:01:22][__main__	][INFO	] TRAIN at global step #11 Epoch #1 Step #22 / 151: loss:1.8965, precision: 20.9056
[2021-11-09 16:01:31][__main__	][INFO	] TRAIN at global step #12 Epoch #1 Step #24 / 151: loss:1.8980, precision: 20.0583
[2021-11-09 16:01:37][__main__	][INFO	] TRAIN at global step #13 Epoch #1 Step #26 / 151: loss:1.6958, precision: 24.1178
[2021-11-09 16:01:43][__main__	][INFO	] TRAIN at global step #14 Epoch #1 Step #28 / 151: loss:1.8697, precision: 20.9469
[2021-11-09 16:01:51][__main__	][INFO	] TRAIN at global step #15 Epoch #1 Step #30 / 151: loss:1.8595, precision: 20.1904
[2021-11-09 16:01:57][__main__	][INFO	] TRAIN at global step #16 Epoch #1 Step #32 / 151: loss:1.8402, precision: 20.8899
[2021-11-09 16:02:03][__main__	][INFO	] TRAIN at global step #17 Epoch #1 Step #34 / 151: loss:1.9474, precision: 19.2085
[2021-11-09 16:02:10][__main__	][INFO	] TRAIN at global step #18 Epoch #1 Step #36 / 151: loss:1.6905, precision: 23.1662
[2021-11-09 16:02:17][__main__	][INFO	] TRAIN at global step #19 Epoch #1 Step #38 / 151: loss:1.8860, precision: 20.0589
[2021-11-09 16:02:24][__main__	][INFO	] TRAIN at global step #20 Epoch #1 Step #40 / 151: loss:1.5535, precision: 24.3288
[2021-11-09 16:02:32][__main__	][INFO	] TRAIN at global step #21 Epoch #1 Step #42 / 151: loss:1.7005, precision: 23.8735
[2021-11-09 16:02:39][__main__	][INFO	] TRAIN at global step #22 Epoch #1 Step #44 / 151: loss:1.6586, precision: 24.1091
[2021-11-09 16:02:46][__main__	][INFO	] TRAIN at global step #23 Epoch #1 Step #46 / 151: loss:1.9231, precision: 18.4805
[2021-11-09 16:02:54][__main__	][INFO	] TRAIN at global step #24 Epoch #1 Step #48 / 151: loss:1.7370, precision: 20.2365
[2021-11-09 16:03:01][__main__	][INFO	] TRAIN at global step #25 Epoch #1 Step #50 / 151: loss:1.6238, precision: 23.9328
[2021-11-09 16:03:06][__main__	][INFO	] TRAIN at global step #26 Epoch #1 Step #52 / 151: loss:1.3911, precision: 26.4849
[2021-11-09 16:03:13][__main__	][INFO	] TRAIN at global step #27 Epoch #1 Step #54 / 151: loss:1.8114, precision: 20.4678
[2021-11-09 16:03:20][__main__	][INFO	] TRAIN at global step #28 Epoch #1 Step #56 / 151: loss:1.6846, precision: 22.6709
[2021-11-09 16:03:27][__main__	][INFO	] TRAIN at global step #29 Epoch #1 Step #58 / 151: loss:1.7291, precision: 22.8427
[2021-11-09 16:03:33][__main__	][INFO	] TRAIN at global step #30 Epoch #1 Step #60 / 151: loss:1.3352, precision: 27.1976
[2021-11-09 16:03:39][__main__	][INFO	] TRAIN at global step #31 Epoch #1 Step #62 / 151: loss:1.4857, precision: 25.9283
[2021-11-09 16:03:47][__main__	][INFO	] TRAIN at global step #32 Epoch #1 Step #64 / 151: loss:1.6290, precision: 22.1883
[2021-11-09 16:03:54][__main__	][INFO	] TRAIN at global step #33 Epoch #1 Step #66 / 151: loss:1.3945, precision: 26.8103
[2021-11-09 16:04:00][__main__	][INFO	] TRAIN at global step #34 Epoch #1 Step #68 / 151: loss:1.7517, precision: 21.0195
[2021-11-09 16:04:06][__main__	][INFO	] TRAIN at global step #35 Epoch #1 Step #70 / 151: loss:1.4714, precision: 26.5105
[2021-11-09 16:04:14][__main__	][INFO	] TRAIN at global step #36 Epoch #1 Step #72 / 151: loss:1.6790, precision: 20.8106
[2021-11-09 16:04:21][__main__	][INFO	] TRAIN at global step #37 Epoch #1 Step #74 / 151: loss:1.6672, precision: 22.6833
[2021-11-09 16:04:27][__main__	][INFO	] TRAIN at global step #38 Epoch #1 Step #76 / 151: loss:1.5841, precision: 24.3119
[2021-11-09 16:04:34][__main__	][INFO	] TRAIN at global step #39 Epoch #1 Step #78 / 151: loss:1.6970, precision: 21.8319
[2021-11-09 16:04:41][__main__	][INFO	] TRAIN at global step #40 Epoch #1 Step #80 / 151: loss:1.7158, precision: 23.0774
[2021-11-09 16:04:47][__main__	][INFO	] TRAIN at global step #41 Epoch #1 Step #82 / 151: loss:1.7146, precision: 21.8508
[2021-11-09 16:04:54][__main__	][INFO	] TRAIN at global step #42 Epoch #1 Step #84 / 151: loss:1.5590, precision: 24.5474
[2021-11-09 16:05:02][__main__	][INFO	] TRAIN at global step #43 Epoch #1 Step #86 / 151: loss:1.5181, precision: 26.5554
[2021-11-09 16:05:10][__main__	][INFO	] TRAIN at global step #44 Epoch #1 Step #88 / 151: loss:1.5895, precision: 22.6716
[2021-11-09 16:05:15][__main__	][INFO	] TRAIN at global step #45 Epoch #1 Step #90 / 151: loss:1.6318, precision: 21.6091
[2021-11-09 16:05:24][__main__	][INFO	] TRAIN at global step #46 Epoch #1 Step #92 / 151: loss:1.7565, precision: 19.3729
[2021-11-09 16:05:32][__main__	][INFO	] TRAIN at global step #47 Epoch #1 Step #94 / 151: loss:1.4620, precision: 25.8492
[2021-11-09 16:05:37][__main__	][INFO	] TRAIN at global step #48 Epoch #1 Step #96 / 151: loss:1.5236, precision: 25.2935
[2021-11-09 16:05:44][__main__	][INFO	] TRAIN at global step #49 Epoch #1 Step #98 / 151: loss:1.4737, precision: 24.4670
[2021-11-09 16:05:53][__main__	][INFO	] TRAIN at global step #50 Epoch #1 Step #100 / 151: loss:1.3924, precision: 24.5402
[2021-11-09 16:05:59][__main__	][INFO	] TRAIN at global step #51 Epoch #1 Step #102 / 151: loss:1.5800, precision: 23.0299
[2021-11-09 16:06:06][__main__	][INFO	] TRAIN at global step #52 Epoch #1 Step #104 / 151: loss:1.6277, precision: 22.9680
[2021-11-09 16:06:13][__main__	][INFO	] TRAIN at global step #53 Epoch #1 Step #106 / 151: loss:1.5324, precision: 23.5641
[2021-11-09 16:06:19][__main__	][INFO	] TRAIN at global step #54 Epoch #1 Step #108 / 151: loss:1.6099, precision: 22.1699
[2021-11-09 16:06:25][__main__	][INFO	] TRAIN at global step #55 Epoch #1 Step #110 / 151: loss:1.5829, precision: 25.0418
[2021-11-09 16:06:31][__main__	][INFO	] TRAIN at global step #56 Epoch #1 Step #112 / 151: loss:1.9515, precision: 17.5517
[2021-11-09 16:06:37][__main__	][INFO	] TRAIN at global step #57 Epoch #1 Step #114 / 151: loss:1.7023, precision: 22.6954
[2021-11-09 16:06:42][__main__	][INFO	] TRAIN at global step #58 Epoch #1 Step #116 / 151: loss:1.5912, precision: 25.3928
[2021-11-09 16:06:49][__main__	][INFO	] TRAIN at global step #59 Epoch #1 Step #118 / 151: loss:1.6103, precision: 22.5923
[2021-11-09 16:06:54][__main__	][INFO	] TRAIN at global step #60 Epoch #1 Step #120 / 151: loss:1.5074, precision: 24.7619
[2021-11-09 16:07:01][__main__	][INFO	] TRAIN at global step #61 Epoch #1 Step #122 / 151: loss:1.5781, precision: 21.0228
[2021-11-09 16:07:08][__main__	][INFO	] TRAIN at global step #62 Epoch #1 Step #124 / 151: loss:1.5505, precision: 22.2681
[2021-11-09 16:07:15][__main__	][INFO	] TRAIN at global step #63 Epoch #1 Step #126 / 151: loss:1.4826, precision: 25.3983
[2021-11-09 16:07:21][__main__	][INFO	] TRAIN at global step #64 Epoch #1 Step #128 / 151: loss:1.6039, precision: 23.2961
[2021-11-09 16:07:27][__main__	][INFO	] TRAIN at global step #65 Epoch #1 Step #130 / 151: loss:1.5553, precision: 23.7188
[2021-11-09 16:07:34][__main__	][INFO	] TRAIN at global step #66 Epoch #1 Step #132 / 151: loss:1.6363, precision: 23.3869
[2021-11-09 16:07:39][__main__	][INFO	] TRAIN at global step #67 Epoch #1 Step #134 / 151: loss:1.5237, precision: 23.8890
[2021-11-09 16:07:45][__main__	][INFO	] TRAIN at global step #68 Epoch #1 Step #136 / 151: loss:1.7910, precision: 18.7188
[2021-11-09 16:07:51][__main__	][INFO	] TRAIN at global step #69 Epoch #1 Step #138 / 151: loss:1.6533, precision: 20.2171
[2021-11-09 16:07:56][__main__	][INFO	] TRAIN at global step #70 Epoch #1 Step #140 / 151: loss:1.4474, precision: 26.6736
[2021-11-09 16:08:04][__main__	][INFO	] TRAIN at global step #71 Epoch #1 Step #142 / 151: loss:1.7207, precision: 20.0442
[2021-11-09 16:08:13][__main__	][INFO	] TRAIN at global step #72 Epoch #1 Step #144 / 151: loss:1.6336, precision: 21.5648
[2021-11-09 16:08:19][__main__	][INFO	] TRAIN at global step #73 Epoch #1 Step #146 / 151: loss:1.5282, precision: 23.6377
[2021-11-09 16:08:25][__main__	][INFO	] TRAIN at global step #74 Epoch #1 Step #148 / 151: loss:1.5862, precision: 22.7288
[2021-11-09 16:08:31][__main__	][INFO	] TRAIN at global step #75 Epoch #1 Step #150 / 151: loss:1.5951, precision: 22.6422
[2021-11-09 16:08:33][__main__	][INFO	] Checkpoint at epoch #0 saved
[2021-11-09 16:08:43][__main__	][INFO	] TRAIN at global step #76 Epoch #2 Step #1 / 151: loss:1.7820, precision: 18.2742
[2021-11-09 16:08:48][__main__	][INFO	] TRAIN at global step #77 Epoch #2 Step #3 / 151: loss:1.5517, precision: 24.9313
[2021-11-09 16:08:56][__main__	][INFO	] TRAIN at global step #78 Epoch #2 Step #5 / 151: loss:1.4817, precision: 23.4372
[2021-11-09 16:09:02][__main__	][INFO	] TRAIN at global step #79 Epoch #2 Step #7 / 151: loss:1.6550, precision: 22.0882
[2021-11-09 16:09:08][__main__	][INFO	] TRAIN at global step #80 Epoch #2 Step #9 / 151: loss:1.3795, precision: 26.1239
[2021-11-09 16:09:17][__main__	][INFO	] TRAIN at global step #81 Epoch #2 Step #11 / 151: loss:1.6291, precision: 20.2943
[2021-11-09 16:09:23][__main__	][INFO	] TRAIN at global step #82 Epoch #2 Step #13 / 151: loss:1.4522, precision: 24.3148
[2021-11-09 16:09:30][__main__	][INFO	] TRAIN at global step #83 Epoch #2 Step #15 / 151: loss:1.3228, precision: 26.4228
[2021-11-09 16:09:37][__main__	][INFO	] TRAIN at global step #84 Epoch #2 Step #17 / 151: loss:1.7516, precision: 21.1095
[2021-11-09 16:09:44][__main__	][INFO	] TRAIN at global step #85 Epoch #2 Step #19 / 151: loss:1.5508, precision: 23.9945
[2021-11-09 16:09:49][__main__	][INFO	] TRAIN at global step #86 Epoch #2 Step #21 / 151: loss:1.6519, precision: 21.1113
[2021-11-09 16:09:56][__main__	][INFO	] TRAIN at global step #87 Epoch #2 Step #23 / 151: loss:1.5105, precision: 23.9881
[2021-11-09 16:10:03][__main__	][INFO	] TRAIN at global step #88 Epoch #2 Step #25 / 151: loss:1.5801, precision: 22.7510
[2021-11-09 16:10:09][__main__	][INFO	] TRAIN at global step #89 Epoch #2 Step #27 / 151: loss:1.5905, precision: 22.5681
[2021-11-09 16:10:15][__main__	][INFO	] TRAIN at global step #90 Epoch #2 Step #29 / 151: loss:1.3934, precision: 27.5139
[2021-11-09 16:10:21][__main__	][INFO	] TRAIN at global step #91 Epoch #2 Step #31 / 151: loss:1.5205, precision: 23.2850
[2021-11-09 16:10:28][__main__	][INFO	] TRAIN at global step #92 Epoch #2 Step #33 / 151: loss:1.5349, precision: 23.2390
[2021-11-09 16:10:35][__main__	][INFO	] TRAIN at global step #93 Epoch #2 Step #35 / 151: loss:1.5217, precision: 21.0923
[2021-11-09 16:10:42][__main__	][INFO	] TRAIN at global step #94 Epoch #2 Step #37 / 151: loss:1.7002, precision: 21.2513
[2021-11-09 16:10:50][__main__	][INFO	] TRAIN at global step #95 Epoch #2 Step #39 / 151: loss:1.4759, precision: 23.3671
[2021-11-09 16:10:54][__main__	][INFO	] TRAIN at global step #96 Epoch #2 Step #41 / 151: loss:1.6915, precision: 22.1718
[2021-11-09 16:10:59][__main__	][INFO	] TRAIN at global step #97 Epoch #2 Step #43 / 151: loss:1.4373, precision: 25.7017
[2021-11-09 16:11:05][__main__	][INFO	] TRAIN at global step #98 Epoch #2 Step #45 / 151: loss:1.5189, precision: 23.2038
[2021-11-09 16:11:11][__main__	][INFO	] TRAIN at global step #99 Epoch #2 Step #47 / 151: loss:1.7044, precision: 21.6791
[2021-11-09 16:11:17][__main__	][INFO	] TRAIN at global step #100 Epoch #2 Step #49 / 151: loss:1.7869, precision: 19.8811
[2021-11-09 16:11:24][__main__	][INFO	] TRAIN at global step #101 Epoch #2 Step #51 / 151: loss:1.5970, precision: 20.8201
[2021-11-09 16:11:30][__main__	][INFO	] TRAIN at global step #102 Epoch #2 Step #53 / 151: loss:1.5647, precision: 23.6847
[2021-11-09 16:11:37][__main__	][INFO	] TRAIN at global step #103 Epoch #2 Step #55 / 151: loss:1.5717, precision: 22.8557
[2021-11-09 16:11:45][__main__	][INFO	] TRAIN at global step #104 Epoch #2 Step #57 / 151: loss:1.5918, precision: 21.7084
[2021-11-09 16:11:53][__main__	][INFO	] TRAIN at global step #105 Epoch #2 Step #59 / 151: loss:1.5569, precision: 22.9628
[2021-11-09 16:12:00][__main__	][INFO	] TRAIN at global step #106 Epoch #2 Step #61 / 151: loss:1.5754, precision: 22.7210
[2021-11-09 16:12:08][__main__	][INFO	] TRAIN at global step #107 Epoch #2 Step #63 / 151: loss:1.5490, precision: 21.8962
[2021-11-09 16:12:14][__main__	][INFO	] TRAIN at global step #108 Epoch #2 Step #65 / 151: loss:1.4221, precision: 26.5017
[2021-11-09 16:12:21][__main__	][INFO	] TRAIN at global step #109 Epoch #2 Step #67 / 151: loss:1.5791, precision: 21.4384
[2021-11-09 16:12:27][__main__	][INFO	] TRAIN at global step #110 Epoch #2 Step #69 / 151: loss:1.6001, precision: 22.5694
[2021-11-09 16:12:35][__main__	][INFO	] TRAIN at global step #111 Epoch #2 Step #71 / 151: loss:1.3746, precision: 24.8118
[2021-11-09 16:12:41][__main__	][INFO	] TRAIN at global step #112 Epoch #2 Step #73 / 151: loss:1.6348, precision: 22.9475
[2021-11-09 16:12:46][__main__	][INFO	] TRAIN at global step #113 Epoch #2 Step #75 / 151: loss:1.4951, precision: 24.3324
[2021-11-09 16:12:53][__main__	][INFO	] TRAIN at global step #114 Epoch #2 Step #77 / 151: loss:1.5398, precision: 23.0830
[2021-11-09 16:13:01][__main__	][INFO	] TRAIN at global step #115 Epoch #2 Step #79 / 151: loss:1.6197, precision: 22.5578
[2021-11-09 16:13:08][__main__	][INFO	] TRAIN at global step #116 Epoch #2 Step #81 / 151: loss:1.6603, precision: 21.1329
[2021-11-09 16:13:14][__main__	][INFO	] TRAIN at global step #117 Epoch #2 Step #83 / 151: loss:1.7055, precision: 21.4045
[2021-11-09 16:13:20][__main__	][INFO	] TRAIN at global step #118 Epoch #2 Step #85 / 151: loss:1.4966, precision: 24.7581
[2021-11-09 16:13:28][__main__	][INFO	] TRAIN at global step #119 Epoch #2 Step #87 / 151: loss:1.3471, precision: 25.8766
[2021-11-09 16:13:36][__main__	][INFO	] TRAIN at global step #120 Epoch #2 Step #89 / 151: loss:1.7696, precision: 19.1082
[2021-11-09 16:13:42][__main__	][INFO	] TRAIN at global step #121 Epoch #2 Step #91 / 151: loss:1.4690, precision: 23.5516
[2021-11-09 16:13:48][__main__	][INFO	] TRAIN at global step #122 Epoch #2 Step #93 / 151: loss:1.3676, precision: 26.5687
[2021-11-09 16:13:55][__main__	][INFO	] TRAIN at global step #123 Epoch #2 Step #95 / 151: loss:1.3884, precision: 25.5453
[2021-11-09 16:14:03][__main__	][INFO	] TRAIN at global step #124 Epoch #2 Step #97 / 151: loss:1.4737, precision: 24.5832
[2021-11-09 16:14:11][__main__	][INFO	] TRAIN at global step #125 Epoch #2 Step #99 / 151: loss:1.5748, precision: 21.6766
[2021-11-09 16:14:17][__main__	][INFO	] TRAIN at global step #126 Epoch #2 Step #101 / 151: loss:1.5331, precision: 24.0765
[2021-11-09 16:14:25][__main__	][INFO	] TRAIN at global step #127 Epoch #2 Step #103 / 151: loss:1.6405, precision: 20.6217
[2021-11-09 16:14:33][__main__	][INFO	] TRAIN at global step #128 Epoch #2 Step #105 / 151: loss:1.5704, precision: 22.7756
[2021-11-09 16:14:38][__main__	][INFO	] TRAIN at global step #129 Epoch #2 Step #107 / 151: loss:1.5749, precision: 23.1331
[2021-11-09 16:14:45][__main__	][INFO	] TRAIN at global step #130 Epoch #2 Step #109 / 151: loss:1.4945, precision: 25.8267
[2021-11-09 16:14:51][__main__	][INFO	] TRAIN at global step #131 Epoch #2 Step #111 / 151: loss:1.5081, precision: 24.4829
[2021-11-09 16:14:57][__main__	][INFO	] TRAIN at global step #132 Epoch #2 Step #113 / 151: loss:1.6229, precision: 20.9034
[2021-11-09 16:15:04][__main__	][INFO	] TRAIN at global step #133 Epoch #2 Step #115 / 151: loss:1.5262, precision: 23.9582
[2021-11-09 16:15:11][__main__	][INFO	] TRAIN at global step #134 Epoch #2 Step #117 / 151: loss:1.5203, precision: 24.0748
[2021-11-09 16:15:18][__main__	][INFO	] TRAIN at global step #135 Epoch #2 Step #119 / 151: loss:1.3687, precision: 27.0156
[2021-11-09 16:15:24][__main__	][INFO	] TRAIN at global step #136 Epoch #2 Step #121 / 151: loss:1.5171, precision: 22.9182
[2021-11-09 16:15:30][__main__	][INFO	] TRAIN at global step #137 Epoch #2 Step #123 / 151: loss:1.4192, precision: 26.5395
[2021-11-09 16:15:38][__main__	][INFO	] TRAIN at global step #138 Epoch #2 Step #125 / 151: loss:1.6820, precision: 19.8343
[2021-11-09 16:15:46][__main__	][INFO	] TRAIN at global step #139 Epoch #2 Step #127 / 151: loss:1.5516, precision: 22.4348
[2021-11-09 16:15:51][__main__	][INFO	] TRAIN at global step #140 Epoch #2 Step #129 / 151: loss:1.5926, precision: 22.6212
[2021-11-09 16:15:58][__main__	][INFO	] TRAIN at global step #141 Epoch #2 Step #131 / 151: loss:1.4186, precision: 26.6902
[2021-11-09 16:16:04][__main__	][INFO	] TRAIN at global step #142 Epoch #2 Step #133 / 151: loss:1.5066, precision: 24.2667
[2021-11-09 16:16:11][__main__	][INFO	] TRAIN at global step #143 Epoch #2 Step #135 / 151: loss:1.7302, precision: 20.7006
[2021-11-09 16:16:17][__main__	][INFO	] TRAIN at global step #144 Epoch #2 Step #137 / 151: loss:1.4843, precision: 24.1815
[2021-11-09 16:16:26][__main__	][INFO	] TRAIN at global step #145 Epoch #2 Step #139 / 151: loss:1.4593, precision: 23.2929
[2021-11-09 16:16:32][__main__	][INFO	] TRAIN at global step #146 Epoch #2 Step #141 / 151: loss:1.4317, precision: 23.7582
[2021-11-09 16:16:38][__main__	][INFO	] TRAIN at global step #147 Epoch #2 Step #143 / 151: loss:1.2348, precision: 28.2640
[2021-11-09 16:16:46][__main__	][INFO	] TRAIN at global step #148 Epoch #2 Step #145 / 151: loss:1.6386, precision: 22.4063
[2021-11-09 16:16:54][__main__	][INFO	] TRAIN at global step #149 Epoch #2 Step #147 / 151: loss:1.3961, precision: 26.5190
[2021-11-09 16:17:01][__main__	][INFO	] TRAIN at global step #150 Epoch #2 Step #149 / 151: loss:1.3255, precision: 26.0619
[2021-11-09 16:17:04][__main__	][INFO	] ---> inference #0 of 156 loss: 1.6049 iou: 0.0748
[2021-11-09 16:17:04][__main__	][INFO	] ---> inference #1 of 156 loss: 1.0685 iou: 0.0857
[2021-11-09 16:17:04][__main__	][INFO	] ---> inference #2 of 156 loss: 1.3144 iou: 0.0710
[2021-11-09 16:17:05][__main__	][INFO	] ---> inference #3 of 156 loss: 1.3735 iou: 0.0708
[2021-11-09 16:17:05][__main__	][INFO	] ---> inference #4 of 156 loss: 1.5245 iou: 0.0705
[2021-11-09 16:17:06][__main__	][INFO	] ---> inference #5 of 156 loss: 1.7275 iou: 0.0760
[2021-11-09 16:17:06][__main__	][INFO	] ---> inference #6 of 156 loss: 2.0257 iou: 0.0633
[2021-11-09 16:17:06][__main__	][INFO	] ---> inference #7 of 156 loss: 1.6335 iou: 0.0637
[2021-11-09 16:17:07][__main__	][INFO	] ---> inference #8 of 156 loss: 1.5834 iou: 0.0680
[2021-11-09 16:17:07][__main__	][INFO	] ---> inference #9 of 156 loss: 1.9748 iou: 0.0501
[2021-11-09 16:17:07][__main__	][INFO	] ---> inference #10 of 156 loss: 1.5444 iou: 0.0712
[2021-11-09 16:17:08][__main__	][INFO	] ---> inference #11 of 156 loss: 1.7026 iou: 0.0476
[2021-11-09 16:17:08][__main__	][INFO	] ---> inference #12 of 156 loss: 1.1739 iou: 0.0810
[2021-11-09 16:17:08][__main__	][INFO	] ---> inference #13 of 156 loss: 1.1194 iou: 0.0836
[2021-11-09 16:17:08][__main__	][INFO	] ---> inference #14 of 156 loss: 1.3287 iou: 0.0745
[2021-11-09 16:17:09][__main__	][INFO	] ---> inference #15 of 156 loss: 1.0582 iou: 0.0918
[2021-11-09 16:17:09][__main__	][INFO	] ---> inference #16 of 156 loss: 1.1345 iou: 0.0831
[2021-11-09 16:17:09][__main__	][INFO	] ---> inference #17 of 156 loss: 1.1767 iou: 0.0806
[2021-11-09 16:17:09][__main__	][INFO	] ---> inference #18 of 156 loss: 1.1933 iou: 0.0794
[2021-11-09 16:17:10][__main__	][INFO	] ---> inference #19 of 156 loss: 1.7541 iou: 0.0575
[2021-11-09 16:17:10][__main__	][INFO	] ---> inference #20 of 156 loss: 1.3416 iou: 0.0862
[2021-11-09 16:17:10][__main__	][INFO	] ---> inference #21 of 156 loss: 1.4410 iou: 0.0838
[2021-11-09 16:17:10][__main__	][INFO	] ---> inference #22 of 156 loss: 1.6105 iou: 0.0731
[2021-11-09 16:17:11][__main__	][INFO	] ---> inference #23 of 156 loss: 0.9461 iou: 0.0871
[2021-11-09 16:17:11][__main__	][INFO	] ---> inference #24 of 156 loss: 1.4526 iou: 0.0729
[2021-11-09 16:17:11][__main__	][INFO	] ---> inference #25 of 156 loss: 2.0108 iou: 0.0676
[2021-11-09 16:17:11][__main__	][INFO	] ---> inference #26 of 156 loss: 2.0939 iou: 0.0531
[2021-11-09 16:17:12][__main__	][INFO	] ---> inference #27 of 156 loss: 2.0864 iou: 0.0574
[2021-11-09 16:17:12][__main__	][INFO	] ---> inference #28 of 156 loss: 1.2268 iou: 0.0816
[2021-11-09 16:17:12][__main__	][INFO	] ---> inference #29 of 156 loss: 0.9644 iou: 0.0794
[2021-11-09 16:17:13][__main__	][INFO	] ---> inference #30 of 156 loss: 1.5671 iou: 0.0813
[2021-11-09 16:17:13][__main__	][INFO	] ---> inference #31 of 156 loss: 1.3310 iou: 0.0911
[2021-11-09 16:17:13][__main__	][INFO	] ---> inference #32 of 156 loss: 1.7694 iou: 0.0614
[2021-11-09 16:17:14][__main__	][INFO	] ---> inference #33 of 156 loss: 1.9141 iou: 0.0636
[2021-11-09 16:17:14][__main__	][INFO	] ---> inference #34 of 156 loss: 2.0091 iou: 0.0586
[2021-11-09 16:17:15][__main__	][INFO	] ---> inference #35 of 156 loss: 1.7740 iou: 0.0706
[2021-11-09 16:17:15][__main__	][INFO	] ---> inference #36 of 156 loss: 1.8465 iou: 0.0637
[2021-11-09 16:17:16][__main__	][INFO	] ---> inference #37 of 156 loss: 1.8342 iou: 0.0674
[2021-11-09 16:17:16][__main__	][INFO	] ---> inference #38 of 156 loss: 1.8297 iou: 0.0633
[2021-11-09 16:17:17][__main__	][INFO	] ---> inference #39 of 156 loss: 1.2823 iou: 0.0851
[2021-11-09 16:17:17][__main__	][INFO	] ---> inference #40 of 156 loss: 1.6133 iou: 0.0676
[2021-11-09 16:17:17][__main__	][INFO	] ---> inference #41 of 156 loss: 2.4457 iou: 0.0670
[2021-11-09 16:17:18][__main__	][INFO	] ---> inference #42 of 156 loss: 1.1946 iou: 0.0912
[2021-11-09 16:17:18][__main__	][INFO	] ---> inference #43 of 156 loss: 1.4595 iou: 0.0734
[2021-11-09 16:17:18][__main__	][INFO	] ---> inference #44 of 156 loss: 1.4679 iou: 0.0655
[2021-11-09 16:17:18][__main__	][INFO	] ---> inference #45 of 156 loss: 2.0902 iou: 0.0630
[2021-11-09 16:17:19][__main__	][INFO	] ---> inference #46 of 156 loss: 1.3762 iou: 0.0710
[2021-11-09 16:17:20][__main__	][INFO	] ---> inference #47 of 156 loss: 1.5132 iou: 0.0681
[2021-11-09 16:17:20][__main__	][INFO	] ---> inference #48 of 156 loss: 1.1974 iou: 0.0828
[2021-11-09 16:17:20][__main__	][INFO	] ---> inference #49 of 156 loss: 1.3251 iou: 0.0747
[2021-11-09 16:17:21][__main__	][INFO	] ---> inference #50 of 156 loss: 1.0807 iou: 0.0829
[2021-11-09 16:17:21][__main__	][INFO	] ---> inference #51 of 156 loss: 1.0556 iou: 0.0707
[2021-11-09 16:17:22][__main__	][INFO	] ---> inference #52 of 156 loss: 1.0858 iou: 0.0735
[2021-11-09 16:17:22][__main__	][INFO	] ---> inference #53 of 156 loss: 1.3659 iou: 0.0681
[2021-11-09 16:17:22][__main__	][INFO	] ---> inference #54 of 156 loss: 1.1243 iou: 0.0889
[2021-11-09 16:17:22][__main__	][INFO	] ---> inference #55 of 156 loss: 1.6011 iou: 0.0639
[2021-11-09 16:17:23][__main__	][INFO	] ---> inference #56 of 156 loss: 1.9407 iou: 0.0572
[2021-11-09 16:17:23][__main__	][INFO	] ---> inference #57 of 156 loss: 1.6222 iou: 0.0879
[2021-11-09 16:17:23][__main__	][INFO	] ---> inference #58 of 156 loss: 0.7295 iou: 0.0885
[2021-11-09 16:17:24][__main__	][INFO	] ---> inference #59 of 156 loss: 1.4623 iou: 0.0748
[2021-11-09 16:17:24][__main__	][INFO	] ---> inference #60 of 156 loss: 1.5054 iou: 0.0718
[2021-11-09 16:17:24][__main__	][INFO	] ---> inference #61 of 156 loss: 1.1009 iou: 0.0851
[2021-11-09 16:17:24][__main__	][INFO	] ---> inference #62 of 156 loss: 0.8092 iou: 0.0976
[2021-11-09 16:17:25][__main__	][INFO	] ---> inference #63 of 156 loss: 2.0388 iou: 0.0593
[2021-11-09 16:17:25][__main__	][INFO	] ---> inference #64 of 156 loss: 1.7086 iou: 0.0738
[2021-11-09 16:17:25][__main__	][INFO	] ---> inference #65 of 156 loss: 1.5355 iou: 0.0760
[2021-11-09 16:17:26][__main__	][INFO	] ---> inference #66 of 156 loss: 2.1817 iou: 0.0648
[2021-11-09 16:17:26][__main__	][INFO	] ---> inference #67 of 156 loss: 1.7025 iou: 0.0683
[2021-11-09 16:17:26][__main__	][INFO	] ---> inference #68 of 156 loss: 1.4367 iou: 0.0766
[2021-11-09 16:17:26][__main__	][INFO	] ---> inference #69 of 156 loss: 1.1829 iou: 0.0508
[2021-11-09 16:17:27][__main__	][INFO	] ---> inference #70 of 156 loss: 1.3643 iou: 0.0718
[2021-11-09 16:17:27][__main__	][INFO	] ---> inference #71 of 156 loss: 1.3415 iou: 0.0828
[2021-11-09 16:17:28][__main__	][INFO	] ---> inference #72 of 156 loss: 1.1789 iou: 0.0874
[2021-11-09 16:17:28][__main__	][INFO	] ---> inference #73 of 156 loss: 0.8948 iou: 0.0971
[2021-11-09 16:17:28][__main__	][INFO	] ---> inference #74 of 156 loss: 1.2399 iou: 0.0697
[2021-11-09 16:17:29][__main__	][INFO	] ---> inference #75 of 156 loss: 2.1035 iou: 0.0653
[2021-11-09 16:17:29][__main__	][INFO	] ---> inference #76 of 156 loss: 1.9373 iou: 0.0658
[2021-11-09 16:17:29][__main__	][INFO	] ---> inference #77 of 156 loss: 1.2866 iou: 0.0791
[2021-11-09 16:17:30][__main__	][INFO	] ---> inference #78 of 156 loss: 1.6436 iou: 0.0633
[2021-11-09 16:17:30][__main__	][INFO	] ---> inference #79 of 156 loss: 1.3501 iou: 0.0830
[2021-11-09 16:17:31][__main__	][INFO	] ---> inference #80 of 156 loss: 1.6847 iou: 0.0743
[2021-11-09 16:17:31][__main__	][INFO	] ---> inference #81 of 156 loss: 1.5532 iou: 0.0745
[2021-11-09 16:17:32][__main__	][INFO	] ---> inference #82 of 156 loss: 2.2756 iou: 0.0528
[2021-11-09 16:17:32][__main__	][INFO	] ---> inference #83 of 156 loss: 1.6797 iou: 0.0984
[2021-11-09 16:17:32][__main__	][INFO	] ---> inference #84 of 156 loss: 1.0451 iou: 0.0955
[2021-11-09 16:17:33][__main__	][INFO	] ---> inference #85 of 156 loss: 1.4981 iou: 0.0600
[2021-11-09 16:17:33][__main__	][INFO	] ---> inference #86 of 156 loss: 1.8859 iou: 0.0641
[2021-11-09 16:17:34][__main__	][INFO	] ---> inference #87 of 156 loss: 1.6088 iou: 0.0720
[2021-11-09 16:17:34][__main__	][INFO	] ---> inference #88 of 156 loss: 1.6158 iou: 0.0699
[2021-11-09 16:17:34][__main__	][INFO	] ---> inference #89 of 156 loss: 1.5439 iou: 0.0679
[2021-11-09 16:17:35][__main__	][INFO	] ---> inference #90 of 156 loss: 0.9984 iou: 0.0852
[2021-11-09 16:17:35][__main__	][INFO	] ---> inference #91 of 156 loss: 1.6211 iou: 0.0773
[2021-11-09 16:17:35][__main__	][INFO	] ---> inference #92 of 156 loss: 2.2736 iou: 0.0523
[2021-11-09 16:17:35][__main__	][INFO	] ---> inference #93 of 156 loss: 1.2071 iou: 0.0749
[2021-11-09 16:17:36][__main__	][INFO	] ---> inference #94 of 156 loss: 1.2596 iou: 0.0804
[2021-11-09 16:17:36][__main__	][INFO	] ---> inference #95 of 156 loss: 1.3583 iou: 0.0787
[2021-11-09 16:17:36][__main__	][INFO	] ---> inference #96 of 156 loss: 1.2910 iou: 0.0792
[2021-11-09 16:17:37][__main__	][INFO	] ---> inference #97 of 156 loss: 1.3355 iou: 0.0708
[2021-11-09 16:17:37][__main__	][INFO	] ---> inference #98 of 156 loss: 1.0075 iou: 0.1098
[2021-11-09 16:17:38][__main__	][INFO	] ---> inference #99 of 156 loss: 1.0379 iou: 0.0951
[2021-11-09 16:17:38][__main__	][INFO	] ---> inference #100 of 156 loss: 0.9151 iou: 0.0882
[2021-11-09 16:17:38][__main__	][INFO	] ---> inference #101 of 156 loss: 1.8737 iou: 0.0622
[2021-11-09 16:17:39][__main__	][INFO	] ---> inference #102 of 156 loss: 2.4892 iou: 0.0621
[2021-11-09 16:17:39][__main__	][INFO	] ---> inference #103 of 156 loss: 2.3521 iou: 0.0606
[2021-11-09 16:17:40][__main__	][INFO	] ---> inference #104 of 156 loss: 1.8062 iou: 0.0621
[2021-11-09 16:17:40][__main__	][INFO	] ---> inference #105 of 156 loss: 1.1540 iou: 0.0714
[2021-11-09 16:17:40][__main__	][INFO	] ---> inference #106 of 156 loss: 1.8738 iou: 0.0600
[2021-11-09 16:17:41][__main__	][INFO	] ---> inference #107 of 156 loss: 1.8406 iou: 0.0568
[2021-11-09 16:17:41][__main__	][INFO	] ---> inference #108 of 156 loss: 1.4128 iou: 0.0701
[2021-11-09 16:17:41][__main__	][INFO	] ---> inference #109 of 156 loss: 1.5441 iou: 0.0713
[2021-11-09 16:17:41][__main__	][INFO	] ---> inference #110 of 156 loss: 1.5072 iou: 0.0732
[2021-11-09 16:17:42][__main__	][INFO	] ---> inference #111 of 156 loss: 1.3818 iou: 0.0725
[2021-11-09 16:17:42][__main__	][INFO	] ---> inference #112 of 156 loss: 1.7638 iou: 0.0781
[2021-11-09 16:17:42][__main__	][INFO	] ---> inference #113 of 156 loss: 1.4598 iou: 0.0787
[2021-11-09 16:17:43][__main__	][INFO	] ---> inference #114 of 156 loss: 1.1496 iou: 0.0533
[2021-11-09 16:17:43][__main__	][INFO	] ---> inference #115 of 156 loss: 1.8008 iou: 0.0702
[2021-11-09 16:17:44][__main__	][INFO	] ---> inference #116 of 156 loss: 1.3196 iou: 0.0761
[2021-11-09 16:17:44][__main__	][INFO	] ---> inference #117 of 156 loss: 1.0949 iou: 0.0871
[2021-11-09 16:17:44][__main__	][INFO	] ---> inference #118 of 156 loss: 1.3753 iou: 0.0780
[2021-11-09 16:17:45][__main__	][INFO	] ---> inference #119 of 156 loss: 2.3438 iou: 0.0555
[2021-11-09 16:17:45][__main__	][INFO	] ---> inference #120 of 156 loss: 1.4829 iou: 0.0769
[2021-11-09 16:17:46][__main__	][INFO	] ---> inference #121 of 156 loss: 1.7107 iou: 0.0709
[2021-11-09 16:17:46][__main__	][INFO	] ---> inference #122 of 156 loss: 1.5904 iou: 0.0737
[2021-11-09 16:17:46][__main__	][INFO	] ---> inference #123 of 156 loss: 1.4558 iou: 0.0725
[2021-11-09 16:17:47][__main__	][INFO	] ---> inference #124 of 156 loss: 1.8751 iou: 0.0664
[2021-11-09 16:17:47][__main__	][INFO	] ---> inference #125 of 156 loss: 1.7920 iou: 0.0642
[2021-11-09 16:17:47][__main__	][INFO	] ---> inference #126 of 156 loss: 1.5058 iou: 0.0731
[2021-11-09 16:17:48][__main__	][INFO	] ---> inference #127 of 156 loss: 1.1661 iou: 0.0825
[2021-11-09 16:17:48][__main__	][INFO	] ---> inference #128 of 156 loss: 0.8498 iou: 0.0955
[2021-11-09 16:17:48][__main__	][INFO	] ---> inference #129 of 156 loss: 1.1085 iou: 0.0903
[2021-11-09 16:17:49][__main__	][INFO	] ---> inference #130 of 156 loss: 1.3748 iou: 0.0811
[2021-11-09 16:17:49][__main__	][INFO	] ---> inference #131 of 156 loss: 1.9337 iou: 0.0665
[2021-11-09 16:17:49][__main__	][INFO	] ---> inference #132 of 156 loss: 2.1496 iou: 0.0647
[2021-11-09 16:17:49][__main__	][INFO	] ---> inference #133 of 156 loss: 1.1207 iou: 0.0922
[2021-11-09 16:17:50][__main__	][INFO	] ---> inference #134 of 156 loss: 1.9888 iou: 0.0615
[2021-11-09 16:17:50][__main__	][INFO	] ---> inference #135 of 156 loss: 1.0710 iou: 0.0685
[2021-11-09 16:17:51][__main__	][INFO	] ---> inference #136 of 156 loss: 2.1569 iou: 0.0491
[2021-11-09 16:17:51][__main__	][INFO	] ---> inference #137 of 156 loss: 2.0943 iou: 0.0560
[2021-11-09 16:17:51][__main__	][INFO	] ---> inference #138 of 156 loss: 0.9020 iou: 0.0932
[2021-11-09 16:17:51][__main__	][INFO	] ---> inference #139 of 156 loss: 0.8395 iou: 0.0991
[2021-11-09 16:17:52][__main__	][INFO	] ---> inference #140 of 156 loss: 1.1010 iou: 0.0857
[2021-11-09 16:17:52][__main__	][INFO	] ---> inference #141 of 156 loss: 1.2612 iou: 0.1043
[2021-11-09 16:17:52][__main__	][INFO	] ---> inference #142 of 156 loss: 2.1780 iou: 0.0511
[2021-11-09 16:17:52][__main__	][INFO	] ---> inference #143 of 156 loss: 1.5618 iou: 0.0725
[2021-11-09 16:17:52][__main__	][INFO	] ---> inference #144 of 156 loss: 1.8787 iou: 0.0764
[2021-11-09 16:17:53][__main__	][INFO	] ---> inference #145 of 156 loss: 1.7690 iou: 0.0737
[2021-11-09 16:17:53][__main__	][INFO	] ---> inference #146 of 156 loss: 1.7993 iou: 0.0651
[2021-11-09 16:17:54][__main__	][INFO	] ---> inference #147 of 156 loss: 2.0937 iou: 0.0574
[2021-11-09 16:17:54][__main__	][INFO	] ---> inference #148 of 156 loss: 2.1062 iou: 0.0544
[2021-11-09 16:17:54][__main__	][INFO	] ---> inference #149 of 156 loss: 1.8882 iou: 0.0544
[2021-11-09 16:17:54][__main__	][INFO	] ---> inference #150 of 156 loss: 1.6958 iou: 0.0770
[2021-11-09 16:17:55][__main__	][INFO	] ---> inference #151 of 156 loss: 1.6895 iou: 0.0680
[2021-11-09 16:17:55][__main__	][INFO	] ---> inference #152 of 156 loss: 2.7438 iou: 0.0409
[2021-11-09 16:17:55][__main__	][INFO	] ---> inference #153 of 156 loss: 2.3143 iou: 0.0543
[2021-11-09 16:17:55][__main__	][INFO	] ---> inference #154 of 156 loss: 1.8175 iou: 0.0643
[2021-11-09 16:17:55][__main__	][INFO	] ---> inference #155 of 156 loss: 1.4642 iou: 0.0719
[2021-11-09 16:17:56][__main__	][INFO	] VAL   at global step #150: loss (avg): 1.5475, iou (avg): 0.0728
[2021-11-09 16:17:56][__main__	][INFO	] VAL   at global step #150: iou (cls#0): 0.5207
[2021-11-09 16:17:56][__main__	][INFO	] VAL   at global step #150: iou (cls#1): 0.7213
[2021-11-09 16:17:56][__main__	][INFO	] VAL   at global step #150: iou (cls#2): 0.0000
[2021-11-09 16:17:56][__main__	][INFO	] VAL   at global step #150: iou (cls#3): 0.0000
[2021-11-09 16:17:56][__main__	][INFO	] VAL   at global step #150: iou (cls#4): 0.1518
[2021-11-09 16:17:56][__main__	][INFO	] VAL   at global step #150: iou (cls#5): 0.0000
[2021-11-09 16:17:56][__main__	][INFO	] VAL   at global step #150: iou (cls#6): 0.0453
[2021-11-09 16:17:56][__main__	][INFO	] VAL   at global step #150: iou (cls#7): 0.0000
[2021-11-09 16:17:56][__main__	][INFO	] VAL   at global step #150: iou (cls#8): 0.0164
[2021-11-09 16:17:56][__main__	][INFO	] VAL   at global step #150: iou (cls#9): 0.0000
[2021-11-09 16:17:56][__main__	][INFO	] VAL   at global step #150: iou (cls#10): 0.0000
[2021-11-09 16:17:56][__main__	][INFO	] VAL   at global step #150: iou (cls#11): 0.0000
[2021-11-09 16:17:56][__main__	][INFO	] VAL   at global step #150: iou (cls#12): 0.0000
[2021-11-09 16:17:56][__main__	][INFO	] VAL   at global step #150: iou (cls#13): 0.0000
[2021-11-09 16:17:56][__main__	][INFO	] VAL   at global step #150: iou (cls#14): 0.0000
[2021-11-09 16:17:56][__main__	][INFO	] VAL   at global step #150: iou (cls#15): 0.0000
[2021-11-09 16:17:56][__main__	][INFO	] VAL   at global step #150: iou (cls#16): 0.0000
[2021-11-09 16:17:56][__main__	][INFO	] VAL   at global step #150: iou (cls#17): 0.0000
[2021-11-09 16:17:56][__main__	][INFO	] VAL   at global step #150: iou (cls#18): 0.0000
[2021-11-09 16:17:56][__main__	][INFO	] VAL   at global step #150: iou (cls#19): 0.0000
[2021-11-09 16:17:56][__main__	][INFO	] Better checkpoint saved
[2021-11-09 16:18:01][__main__	][INFO	] TRAIN at global step #151 Epoch #2 Step #151 / 151: loss:1.4941, precision: 26.5538
[2021-11-09 16:18:02][__main__	][INFO	] Checkpoint at epoch #1 saved
[2021-11-09 16:18:16][__main__	][INFO	] TRAIN at global step #152 Epoch #3 Step #2 / 151: loss:1.7523, precision: 18.5261
[2021-11-09 16:18:23][__main__	][INFO	] TRAIN at global step #153 Epoch #3 Step #4 / 151: loss:1.3992, precision: 24.3145
[2021-11-09 16:18:28][__main__	][INFO	] TRAIN at global step #154 Epoch #3 Step #6 / 151: loss:1.5528, precision: 23.4651
[2021-11-09 16:18:36][__main__	][INFO	] TRAIN at global step #155 Epoch #3 Step #8 / 151: loss:1.4671, precision: 23.9057
[2021-11-09 16:18:43][__main__	][INFO	] TRAIN at global step #156 Epoch #3 Step #10 / 151: loss:1.5526, precision: 22.6849
[2021-11-09 16:18:48][__main__	][INFO	] TRAIN at global step #157 Epoch #3 Step #12 / 151: loss:1.4242, precision: 24.8995
[2021-11-09 16:18:55][__main__	][INFO	] TRAIN at global step #158 Epoch #3 Step #14 / 151: loss:1.2427, precision: 27.4746
[2021-11-09 16:19:00][__main__	][INFO	] TRAIN at global step #159 Epoch #3 Step #16 / 151: loss:1.6148, precision: 21.1722
[2021-11-09 16:19:08][__main__	][INFO	] TRAIN at global step #160 Epoch #3 Step #18 / 151: loss:1.4322, precision: 22.9381
[2021-11-09 16:19:14][__main__	][INFO	] TRAIN at global step #161 Epoch #3 Step #20 / 151: loss:1.5332, precision: 21.6345
[2021-11-09 16:19:20][__main__	][INFO	] TRAIN at global step #162 Epoch #3 Step #22 / 151: loss:1.6095, precision: 22.5958
[2021-11-09 16:19:26][__main__	][INFO	] TRAIN at global step #163 Epoch #3 Step #24 / 151: loss:1.3746, precision: 26.1158
[2021-11-09 16:19:33][__main__	][INFO	] TRAIN at global step #164 Epoch #3 Step #26 / 151: loss:1.6646, precision: 21.7887
[2021-11-09 16:19:39][__main__	][INFO	] TRAIN at global step #165 Epoch #3 Step #28 / 151: loss:1.4045, precision: 25.0380
[2021-11-09 16:19:46][__main__	][INFO	] TRAIN at global step #166 Epoch #3 Step #30 / 151: loss:1.3692, precision: 25.3975
[2021-11-09 16:19:52][__main__	][INFO	] TRAIN at global step #167 Epoch #3 Step #32 / 151: loss:1.2984, precision: 26.3036
[2021-11-09 16:20:00][__main__	][INFO	] TRAIN at global step #168 Epoch #3 Step #34 / 151: loss:1.5445, precision: 21.7043
[2021-11-09 16:20:05][__main__	][INFO	] TRAIN at global step #169 Epoch #3 Step #36 / 151: loss:1.3882, precision: 25.0825
[2021-11-09 16:20:13][__main__	][INFO	] TRAIN at global step #170 Epoch #3 Step #38 / 151: loss:1.3943, precision: 25.2198
[2021-11-09 16:20:19][__main__	][INFO	] TRAIN at global step #171 Epoch #3 Step #40 / 151: loss:1.2524, precision: 28.0240
[2021-11-09 16:20:26][__main__	][INFO	] TRAIN at global step #172 Epoch #3 Step #42 / 151: loss:1.4671, precision: 22.9673
[2021-11-09 16:20:33][__main__	][INFO	] TRAIN at global step #173 Epoch #3 Step #44 / 151: loss:1.3632, precision: 24.2681
[2021-11-09 16:20:40][__main__	][INFO	] TRAIN at global step #174 Epoch #3 Step #46 / 151: loss:1.4740, precision: 20.9051
[2021-11-09 16:20:47][__main__	][INFO	] TRAIN at global step #175 Epoch #3 Step #48 / 151: loss:1.4726, precision: 23.5177
[2021-11-09 16:20:55][__main__	][INFO	] TRAIN at global step #176 Epoch #3 Step #50 / 151: loss:1.5176, precision: 23.3957
[2021-11-09 16:21:01][__main__	][INFO	] TRAIN at global step #177 Epoch #3 Step #52 / 151: loss:1.4296, precision: 24.0097
[2021-11-09 16:21:08][__main__	][INFO	] TRAIN at global step #178 Epoch #3 Step #54 / 151: loss:1.3615, precision: 25.3451
[2021-11-09 16:21:14][__main__	][INFO	] TRAIN at global step #179 Epoch #3 Step #56 / 151: loss:1.5266, precision: 22.8217
[2021-11-09 16:21:21][__main__	][INFO	] TRAIN at global step #180 Epoch #3 Step #58 / 151: loss:1.5021, precision: 23.9532
[2021-11-09 16:21:27][__main__	][INFO	] TRAIN at global step #181 Epoch #3 Step #60 / 151: loss:1.5050, precision: 23.0657
[2021-11-09 16:21:35][__main__	][INFO	] TRAIN at global step #182 Epoch #3 Step #62 / 151: loss:1.1959, precision: 26.1043
[2021-11-09 16:21:41][__main__	][INFO	] TRAIN at global step #183 Epoch #3 Step #64 / 151: loss:1.4701, precision: 23.1014
[2021-11-09 16:21:48][__main__	][INFO	] TRAIN at global step #184 Epoch #3 Step #66 / 151: loss:1.4842, precision: 22.0534
[2021-11-09 16:21:54][__main__	][INFO	] TRAIN at global step #185 Epoch #3 Step #68 / 151: loss:1.5094, precision: 24.0751
[2021-11-09 16:22:01][__main__	][INFO	] TRAIN at global step #186 Epoch #3 Step #70 / 151: loss:1.4710, precision: 24.0195
[2021-11-09 16:22:08][__main__	][INFO	] TRAIN at global step #187 Epoch #3 Step #72 / 151: loss:1.4239, precision: 25.3836
[2021-11-09 16:22:15][__main__	][INFO	] TRAIN at global step #188 Epoch #3 Step #74 / 151: loss:1.2222, precision: 28.0039
[2021-11-09 16:22:22][__main__	][INFO	] TRAIN at global step #189 Epoch #3 Step #76 / 151: loss:1.4788, precision: 23.3603
[2021-11-09 16:22:28][__main__	][INFO	] TRAIN at global step #190 Epoch #3 Step #78 / 151: loss:1.1748, precision: 26.1311
[2021-11-09 16:22:35][__main__	][INFO	] TRAIN at global step #191 Epoch #3 Step #80 / 151: loss:1.5976, precision: 20.7989
[2021-11-09 16:22:44][__main__	][INFO	] TRAIN at global step #192 Epoch #3 Step #82 / 151: loss:1.4150, precision: 23.6587
[2021-11-09 16:22:53][__main__	][INFO	] TRAIN at global step #193 Epoch #3 Step #84 / 151: loss:1.2754, precision: 25.6791
[2021-11-09 16:22:58][__main__	][INFO	] TRAIN at global step #194 Epoch #3 Step #86 / 151: loss:1.4059, precision: 21.8691
[2021-11-09 16:23:06][__main__	][INFO	] TRAIN at global step #195 Epoch #3 Step #88 / 151: loss:1.4689, precision: 22.6643
[2021-11-09 16:23:16][__main__	][INFO	] TRAIN at global step #196 Epoch #3 Step #90 / 151: loss:1.5433, precision: 21.2646
[2021-11-09 16:23:22][__main__	][INFO	] TRAIN at global step #197 Epoch #3 Step #92 / 151: loss:1.5042, precision: 21.6789
[2021-11-09 16:23:28][__main__	][INFO	] TRAIN at global step #198 Epoch #3 Step #94 / 151: loss:1.4702, precision: 24.5698
[2021-11-09 16:23:34][__main__	][INFO	] TRAIN at global step #199 Epoch #3 Step #96 / 151: loss:1.3345, precision: 25.2523
[2021-11-09 16:23:39][__main__	][INFO	] TRAIN at global step #200 Epoch #3 Step #98 / 151: loss:1.2287, precision: 27.5896
[2021-11-09 16:23:47][__main__	][INFO	] TRAIN at global step #201 Epoch #3 Step #100 / 151: loss:1.2286, precision: 26.6382
[2021-11-09 16:23:54][__main__	][INFO	] TRAIN at global step #202 Epoch #3 Step #102 / 151: loss:1.3017, precision: 26.3399
[2021-11-09 16:24:01][__main__	][INFO	] TRAIN at global step #203 Epoch #3 Step #104 / 151: loss:1.4552, precision: 22.6883
[2021-11-09 16:24:09][__main__	][INFO	] TRAIN at global step #204 Epoch #3 Step #106 / 151: loss:1.4170, precision: 23.0598
[2021-11-09 16:24:17][__main__	][INFO	] TRAIN at global step #205 Epoch #3 Step #108 / 151: loss:1.2494, precision: 27.7939
[2021-11-09 16:24:24][__main__	][INFO	] TRAIN at global step #206 Epoch #3 Step #110 / 151: loss:1.4128, precision: 25.4080
[2021-11-09 16:24:31][__main__	][INFO	] TRAIN at global step #207 Epoch #3 Step #112 / 151: loss:1.2924, precision: 25.4776
[2021-11-09 16:24:38][__main__	][INFO	] TRAIN at global step #208 Epoch #3 Step #114 / 151: loss:1.4516, precision: 22.4527
[2021-11-09 16:24:45][__main__	][INFO	] TRAIN at global step #209 Epoch #3 Step #116 / 151: loss:1.5797, precision: 21.4927
[2021-11-09 16:24:52][__main__	][INFO	] TRAIN at global step #210 Epoch #3 Step #118 / 151: loss:1.3099, precision: 28.2440
[2021-11-09 16:24:59][__main__	][INFO	] TRAIN at global step #211 Epoch #3 Step #120 / 151: loss:1.3359, precision: 24.8992
[2021-11-09 16:25:05][__main__	][INFO	] TRAIN at global step #212 Epoch #3 Step #122 / 151: loss:1.4706, precision: 24.1136
[2021-11-09 16:25:12][__main__	][INFO	] TRAIN at global step #213 Epoch #3 Step #124 / 151: loss:1.3730, precision: 25.2175
[2021-11-09 16:25:18][__main__	][INFO	] TRAIN at global step #214 Epoch #3 Step #126 / 151: loss:1.3868, precision: 24.2323
[2021-11-09 16:25:25][__main__	][INFO	] TRAIN at global step #215 Epoch #3 Step #128 / 151: loss:1.4490, precision: 23.8931
[2021-11-09 16:25:33][__main__	][INFO	] TRAIN at global step #216 Epoch #3 Step #130 / 151: loss:1.4346, precision: 23.1369
[2021-11-09 16:25:38][__main__	][INFO	] TRAIN at global step #217 Epoch #3 Step #132 / 151: loss:1.2587, precision: 26.6523
[2021-11-09 16:25:44][__main__	][INFO	] TRAIN at global step #218 Epoch #3 Step #134 / 151: loss:1.3735, precision: 24.2417
[2021-11-09 16:25:50][__main__	][INFO	] TRAIN at global step #219 Epoch #3 Step #136 / 151: loss:1.1022, precision: 29.0802
[2021-11-09 16:25:55][__main__	][INFO	] TRAIN at global step #220 Epoch #3 Step #138 / 151: loss:1.3194, precision: 26.6662
[2021-11-09 16:26:02][__main__	][INFO	] TRAIN at global step #221 Epoch #3 Step #140 / 151: loss:1.2890, precision: 25.2344
[2021-11-09 16:26:07][__main__	][INFO	] TRAIN at global step #222 Epoch #3 Step #142 / 151: loss:1.4660, precision: 24.2379
[2021-11-09 16:26:12][__main__	][INFO	] TRAIN at global step #223 Epoch #3 Step #144 / 151: loss:1.3592, precision: 25.1075
[2021-11-09 16:26:19][__main__	][INFO	] TRAIN at global step #224 Epoch #3 Step #146 / 151: loss:1.2007, precision: 27.6157
[2021-11-09 16:26:25][__main__	][INFO	] TRAIN at global step #225 Epoch #3 Step #148 / 151: loss:1.3046, precision: 25.4728
[2021-11-09 16:26:31][__main__	][INFO	] TRAIN at global step #226 Epoch #3 Step #150 / 151: loss:1.5387, precision: 22.2753
[2021-11-09 16:26:34][__main__	][INFO	] Checkpoint at epoch #2 saved
[2021-11-09 16:26:42][__main__	][INFO	] TRAIN at global step #227 Epoch #4 Step #1 / 151: loss:1.4829, precision: 21.3117
[2021-11-09 16:26:47][__main__	][INFO	] TRAIN at global step #228 Epoch #4 Step #3 / 151: loss:1.3095, precision: 24.2500
[2021-11-09 16:26:55][__main__	][INFO	] TRAIN at global step #229 Epoch #4 Step #5 / 151: loss:1.2152, precision: 26.2736
[2021-11-09 16:27:01][__main__	][INFO	] TRAIN at global step #230 Epoch #4 Step #7 / 151: loss:1.0841, precision: 28.9844
[2021-11-09 16:27:07][__main__	][INFO	] TRAIN at global step #231 Epoch #4 Step #9 / 151: loss:1.1232, precision: 27.5494
[2021-11-09 16:27:12][__main__	][INFO	] TRAIN at global step #232 Epoch #4 Step #11 / 151: loss:1.1485, precision: 27.8920
[2021-11-09 16:27:19][__main__	][INFO	] TRAIN at global step #233 Epoch #4 Step #13 / 151: loss:1.2516, precision: 28.3794
[2021-11-09 16:27:27][__main__	][INFO	] TRAIN at global step #234 Epoch #4 Step #15 / 151: loss:1.2232, precision: 26.6145
[2021-11-09 16:27:33][__main__	][INFO	] TRAIN at global step #235 Epoch #4 Step #17 / 151: loss:1.3277, precision: 25.2170
[2021-11-09 16:27:40][__main__	][INFO	] TRAIN at global step #236 Epoch #4 Step #19 / 151: loss:1.1226, precision: 28.9108
[2021-11-09 16:27:47][__main__	][INFO	] TRAIN at global step #237 Epoch #4 Step #21 / 151: loss:1.3123, precision: 25.4780
[2021-11-09 16:27:54][__main__	][INFO	] TRAIN at global step #238 Epoch #4 Step #23 / 151: loss:1.1699, precision: 26.9973
[2021-11-09 16:27:58][__main__	][INFO	] TRAIN at global step #239 Epoch #4 Step #25 / 151: loss:1.4490, precision: 25.2690
[2021-11-09 16:28:04][__main__	][INFO	] TRAIN at global step #240 Epoch #4 Step #27 / 151: loss:1.2945, precision: 24.0501
[2021-11-09 16:28:14][__main__	][INFO	] TRAIN at global step #241 Epoch #4 Step #29 / 151: loss:1.1714, precision: 26.9605
[2021-11-09 16:28:21][__main__	][INFO	] TRAIN at global step #242 Epoch #4 Step #31 / 151: loss:1.5740, precision: 20.2012
[2021-11-09 16:28:28][__main__	][INFO	] TRAIN at global step #243 Epoch #4 Step #33 / 151: loss:1.4611, precision: 21.7098
[2021-11-09 16:28:33][__main__	][INFO	] TRAIN at global step #244 Epoch #4 Step #35 / 151: loss:1.1768, precision: 28.4957
[2021-11-09 16:28:39][__main__	][INFO	] TRAIN at global step #245 Epoch #4 Step #37 / 151: loss:1.1833, precision: 27.3534
[2021-11-09 16:28:46][__main__	][INFO	] TRAIN at global step #246 Epoch #4 Step #39 / 151: loss:1.3603, precision: 23.3152
[2021-11-09 16:28:53][__main__	][INFO	] TRAIN at global step #247 Epoch #4 Step #41 / 151: loss:1.1659, precision: 27.0358
[2021-11-09 16:28:59][__main__	][INFO	] TRAIN at global step #248 Epoch #4 Step #43 / 151: loss:1.1216, precision: 29.0172
[2021-11-09 16:29:06][__main__	][INFO	] TRAIN at global step #249 Epoch #4 Step #45 / 151: loss:1.3135, precision: 24.4421
[2021-11-09 16:29:13][__main__	][INFO	] TRAIN at global step #250 Epoch #4 Step #47 / 151: loss:1.4191, precision: 23.9692
[2021-11-09 16:29:19][__main__	][INFO	] TRAIN at global step #251 Epoch #4 Step #49 / 151: loss:1.5386, precision: 21.3192
[2021-11-09 16:29:26][__main__	][INFO	] TRAIN at global step #252 Epoch #4 Step #51 / 151: loss:1.2386, precision: 27.5782
[2021-11-09 16:29:32][__main__	][INFO	] TRAIN at global step #253 Epoch #4 Step #53 / 151: loss:1.1916, precision: 26.9599
[2021-11-09 16:29:38][__main__	][INFO	] TRAIN at global step #254 Epoch #4 Step #55 / 151: loss:1.2310, precision: 24.9079
[2021-11-09 16:29:45][__main__	][INFO	] TRAIN at global step #255 Epoch #4 Step #57 / 151: loss:1.1735, precision: 27.8837
[2021-11-09 16:29:53][__main__	][INFO	] TRAIN at global step #256 Epoch #4 Step #59 / 151: loss:1.2901, precision: 24.0948
[2021-11-09 16:30:00][__main__	][INFO	] TRAIN at global step #257 Epoch #4 Step #61 / 151: loss:1.2191, precision: 25.9603
[2021-11-09 16:30:08][__main__	][INFO	] TRAIN at global step #258 Epoch #4 Step #63 / 151: loss:1.3543, precision: 22.9659
[2021-11-09 16:30:15][__main__	][INFO	] TRAIN at global step #259 Epoch #4 Step #65 / 151: loss:1.3263, precision: 25.9474
[2021-11-09 16:30:21][__main__	][INFO	] TRAIN at global step #260 Epoch #4 Step #67 / 151: loss:1.2764, precision: 24.5013
[2021-11-09 16:30:27][__main__	][INFO	] TRAIN at global step #261 Epoch #4 Step #69 / 151: loss:1.2868, precision: 24.2287
[2021-11-09 16:30:35][__main__	][INFO	] TRAIN at global step #262 Epoch #4 Step #71 / 151: loss:1.1534, precision: 27.8504
[2021-11-09 16:30:40][__main__	][INFO	] TRAIN at global step #263 Epoch #4 Step #73 / 151: loss:1.2330, precision: 25.0695
Traceback (most recent call last):
  File "new.py", line 1012, in <module>
    main()
  File "new.py", line 90, in main
    main_worker()
  File "new.py", line 217, in main_worker
    train(model, train_dataloader, val_dataloader, config, logger, rank=rank, world_size=world_size)
  File "new.py", line 747, in train
    loss.backward()
  File "/home/aidrive/tb5zhh/.conda/envs/tbw_3dscan/lib/python3.8/site-packages/torch/tensor.py", line 245, in backward
    torch.autograd.backward(self, gradient, retain_graph, create_graph, inputs=inputs)
  File "/home/aidrive/tb5zhh/.conda/envs/tbw_3dscan/lib/python3.8/site-packages/torch/autograd/__init__.py", line 145, in backward
    Variable._execution_engine.run_backward(
RuntimeError: CUDA out of memory. Tried to allocate 498.00 MiB (GPU 0; 19.62 GiB total capacity; 17.11 GiB already allocated; 133.12 MiB free; 17.89 GiB reserved in total by PyTorch)

wandb: Waiting for W&B process to finish, PID 241792... (failed 1). Press ctrl-c to abort syncing.
wandb: - 0.05MB of 0.05MB uploaded (0.00MB deduped)wandb: \ 0.05MB of 0.05MB uploaded (0.00MB deduped)wandb: | 0.05MB of 0.05MB uploaded (0.00MB deduped)wandb: / 0.05MB of 0.11MB uploaded (0.00MB deduped)wandb: - 0.05MB of 0.11MB uploaded (0.00MB deduped)wandb: \ 0.05MB of 0.11MB uploaded (0.00MB deduped)wandb: | 0.05MB of 0.11MB uploaded (0.00MB deduped)wandb: / 0.05MB of 0.11MB uploaded (0.00MB deduped)wandb: - 0.10MB of 0.11MB uploaded (0.00MB deduped)wandb: \ 0.11MB of 0.11MB uploaded (0.00MB deduped)wandb: | 0.11MB of 0.11MB uploaded (0.00MB deduped)wandb: / 0.11MB of 0.11MB uploaded (0.00MB deduped)wandb: - 0.11MB of 0.11MB uploaded (0.00MB deduped)wandb: \ 0.11MB of 0.11MB uploaded (0.00MB deduped)wandb: | 0.11MB of 0.11MB uploaded (0.00MB deduped)wandb: / 0.11MB of 0.11MB uploaded (0.00MB deduped)wandb: - 0.11MB of 0.11MB uploaded (0.00MB deduped)wandb:                                                                                
wandb: Run history:
wandb:     global_step ▁▁▁▂▂▂▂▂▂▃▃▃▃▃▃▄▄▄▄▄▅▅▅▅▅▅▆▆▆▆▆▆▇▇▇▇▇███
wandb:   learning rate ████▇▇▇▇▇▆▆▆▆▆▆▅▅▅▅▅▅▄▄▄▄▄▃▃▃▃▃▃▂▂▂▂▂▁▁▁
wandb:            loss █▆▅▃▄▄▄▃▆▃▅▅▂▃▃▅▃▄▅▃▄▄▄▄▃▃▃▃▃▃▁▃▃▂▁▁▂▁▂▂
wandb:      optim_step ▁▁▁▁▂▂▂▂▂▃▃▃▃▃▃▄▄▄▄▄▅▅▅▅▅▅▆▆▆▆▆▆▇▇▇▇▇███
wandb:       precision ▁▄▃▆▅▃▅▆▂▆▂▂▇▅▅▃▇▅▂▅▃▅▄▂▅▄▅▅▄▅▇▅▅▇▇█▅█▇▆
wandb:        val_loss ▁
wandb:   val_miou_mean ▁
wandb:        val_step ▁
wandb: 
wandb: Run summary:
wandb:     global_step 263
wandb:   learning rate 0.09921
wandb:            loss 1.233
wandb:      optim_step 263
wandb:       precision 25.06951
wandb:        val_loss 1.54751
wandb:   val_miou_mean 0.07277
wandb:        val_step 1
wandb: 
wandb: Synced 6 W&B file(s), 0 media file(s), 0 artifact file(s) and 1 other file(s)
wandb: Synced peachy-bee-284: https://wandb.ai/tb5zhh/3dsp/runs/d8znl6am
wandb: Find logs at: ./wandb/run-20211109_155952-d8znl6am/logs/debug.log
wandb: 
