50_fit_spec
/home/aidrive/tb5zhh/.conda/envs/tbw_3dscan/lib/python3.8/site-packages/MinkowskiEngine/__init__.py:36: UserWarning: The environment variable `OMP_NUM_THREADS` not set. MinkowskiEngine will automatically set `OMP_NUM_THREADS=16`. If you want to set `OMP_NUM_THREADS` manually, please export it on the command line before running a python script. e.g. `export OMP_NUM_THREADS=12; python your_program.py`. It is recommended to set it below 24.
  warnings.warn(
[2021-11-09 15:59:43][__main__	][INFO	] Run with 1 cpu
[2021-11-09 15:59:43][__main__	][INFO	] Running config
[2021-11-09 15:59:43][__main__	][INFO	] --->                          model: Res16UNet34C
[2021-11-09 15:59:43][__main__	][INFO	] --->              conv1_kernel_size: 5
[2021-11-09 15:59:43][__main__	][INFO	] --->                        weights: checkpoints/pretrain_20000.pth
[2021-11-09 15:59:43][__main__	][INFO	] --->                       weights1: /home/aidrive1/workspace/luoly/dataset/final/min_weights/LR/unc/1/512/checkpoint_NoneRes16UNet34Cbest_val.pth
[2021-11-09 15:59:43][__main__	][INFO	] --->                       weights2: /home/aidrive1/workspace/luoly/dataset/final/min_weights/LR/512/1/checkpoint_NoneRes16UNet34Cbest_val.pth
[2021-11-09 15:59:43][__main__	][INFO	] --->                       weights3: /home/aidrive1/workspace/luoly/dataset/final/min_weights/LR/1024/1/checkpoint_NoneRes16UNet34Cbest_val.pth
[2021-11-09 15:59:43][__main__	][INFO	] --->        weights_for_inner_model: False
[2021-11-09 15:59:43][__main__	][INFO	] --->                      dilations: [1, 1, 1, 1]
[2021-11-09 15:59:43][__main__	][INFO	] --->                   wrapper_type: None
[2021-11-09 15:59:43][__main__	][INFO	] --->            wrapper_region_type: 1
[2021-11-09 15:59:43][__main__	][INFO	] --->            wrapper_kernel_size: 3
[2021-11-09 15:59:43][__main__	][INFO	] --->                     wrapper_lr: 0.1
[2021-11-09 15:59:43][__main__	][INFO	] --->           meanfield_iterations: 10
[2021-11-09 15:59:43][__main__	][INFO	] --->              crf_spatial_sigma: 1
[2021-11-09 15:59:43][__main__	][INFO	] --->            crf_chromatic_sigma: 12
[2021-11-09 15:59:43][__main__	][INFO	] --->                      optimizer: SGD
[2021-11-09 15:59:43][__main__	][INFO	] --->                             lr: 0.1
[2021-11-09 15:59:43][__main__	][INFO	] --->                   sgd_momentum: 0.9
[2021-11-09 15:59:43][__main__	][INFO	] --->                  sgd_dampening: 0.1
[2021-11-09 15:59:43][__main__	][INFO	] --->                     adam_beta1: 0.9
[2021-11-09 15:59:43][__main__	][INFO	] --->                     adam_beta2: 0.999
[2021-11-09 15:59:43][__main__	][INFO	] --->                   weight_decay: 0.0001
[2021-11-09 15:59:43][__main__	][INFO	] --->           param_histogram_freq: 100
[2021-11-09 15:59:43][__main__	][INFO	] --->           save_param_histogram: False
[2021-11-09 15:59:43][__main__	][INFO	] --->                      iter_size: 1
[2021-11-09 15:59:43][__main__	][INFO	] --->                    bn_momentum: 0.02
[2021-11-09 15:59:43][__main__	][INFO	] --->                      scheduler: PolyLR
[2021-11-09 15:59:43][__main__	][INFO	] --->                       max_iter: 30000
[2021-11-09 15:59:43][__main__	][INFO	] --->                      step_size: 20000.0
[2021-11-09 15:59:43][__main__	][INFO	] --->                     step_gamma: 0.1
[2021-11-09 15:59:43][__main__	][INFO	] --->                     poly_power: 0.9
[2021-11-09 15:59:43][__main__	][INFO	] --->                      exp_gamma: 0.95
[2021-11-09 15:59:43][__main__	][INFO	] --->                  exp_step_size: 445
[2021-11-09 15:59:43][__main__	][INFO	] --->                        log_dir: log
[2021-11-09 15:59:43][__main__	][INFO	] --->                       data_dir: data
[2021-11-09 15:59:43][__main__	][INFO	] --->                        dataset: ScannetVoxelization2cmDataset
[2021-11-09 15:59:43][__main__	][INFO	] --->                    testdataset: ScannetVoxelization2cmtestDataset
[2021-11-09 15:59:43][__main__	][INFO	] --->              temporal_dilation: 30
[2021-11-09 15:59:43][__main__	][INFO	] --->                temporal_numseq: 3
[2021-11-09 15:59:43][__main__	][INFO	] --->                      point_lim: -1
[2021-11-09 15:59:43][__main__	][INFO	] --->                  pre_point_lim: -1
[2021-11-09 15:59:43][__main__	][INFO	] --->                     batch_size: 1
[2021-11-09 15:59:43][__main__	][INFO	] --->                test_batch_size: 1
[2021-11-09 15:59:43][__main__	][INFO	] --->                     cache_data: False
[2021-11-09 15:59:43][__main__	][INFO	] --->                    num_workers: 4
[2021-11-09 15:59:43][__main__	][INFO	] --->                num_val_workers: 1
[2021-11-09 15:59:43][__main__	][INFO	] --->                   ignore_label: 255
[2021-11-09 15:59:43][__main__	][INFO	] --->          return_transformation: False
[2021-11-09 15:59:43][__main__	][INFO	] --->         ignore_duplicate_class: False
[2021-11-09 15:59:43][__main__	][INFO	] --->                   partial_crop: 0.0
[2021-11-09 15:59:43][__main__	][INFO	] --->          train_limit_numpoints: 0
[2021-11-09 15:59:43][__main__	][INFO	] --->                   synthia_path: /home/chrischoy/datasets/Synthia/Synthia4D
[2021-11-09 15:59:43][__main__	][INFO	] --->            synthia_camera_path: /home/chrischoy/datasets/Synthia/%s/CameraParams/
[2021-11-09 15:59:43][__main__	][INFO	] --->  synthia_camera_intrinsic_file: intrinsics.txt
[2021-11-09 15:59:43][__main__	][INFO	] ---> synthia_camera_extrinsics_file: Stereo_Right/Omni_F/%s.txt
[2021-11-09 15:59:43][__main__	][INFO	] --->         temporal_rand_dilation: False
[2021-11-09 15:59:43][__main__	][INFO	] --->           temporal_rand_numseq: False
[2021-11-09 15:59:43][__main__	][INFO	] --->                   scannet_path: /home/aidrive/tb5zhh/data/50_fit_spec/train
[2021-11-09 15:59:43][__main__	][INFO	] --->              scannet_test_path: /home/aidrive/tb5zhh/data/full/train
[2021-11-09 15:59:43][__main__	][INFO	] --->                stanford3d_path: /home/chrischoy/datasets/Stanford3D
[2021-11-09 15:59:43][__main__	][INFO	] --->                       is_train: True
[2021-11-09 15:59:43][__main__	][INFO	] --->                      stat_freq: 40
[2021-11-09 15:59:43][__main__	][INFO	] --->                 test_stat_freq: 100
[2021-11-09 15:59:43][__main__	][INFO	] --->                test_stat_freq1: 312
[2021-11-09 15:59:43][__main__	][INFO	] --->                      save_freq: 1000
[2021-11-09 15:59:43][__main__	][INFO	] --->                       val_freq: 2
[2021-11-09 15:59:43][__main__	][INFO	] --->               empty_cache_freq: 1
[2021-11-09 15:59:43][__main__	][INFO	] --->                    train_phase: train
[2021-11-09 15:59:43][__main__	][INFO	] --->                      val_phase: val
[2021-11-09 15:59:43][__main__	][INFO	] --->              overwrite_weights: True
[2021-11-09 15:59:43][__main__	][INFO	] --->                         resume: 1
[2021-11-09 15:59:43][__main__	][INFO	] --->               resume_optimizer: True
[2021-11-09 15:59:43][__main__	][INFO	] --->                  eval_upsample: False
[2021-11-09 15:59:43][__main__	][INFO	] --->         lenient_weight_loading: False
[2021-11-09 15:59:43][__main__	][INFO	] --->         distributed_world_size: 2
[2021-11-09 15:59:43][__main__	][INFO	] --->               distributed_rank: 0
[2021-11-09 15:59:43][__main__	][INFO	] --->            distributed_backend: nccl
[2021-11-09 15:59:43][__main__	][INFO	] --->        distributed_init_method: 
[2021-11-09 15:59:43][__main__	][INFO	] --->               distributed_port: 10010
[2021-11-09 15:59:43][__main__	][INFO	] --->                      device_id: 0
[2021-11-09 15:59:43][__main__	][INFO	] --->           distributed_no_spawn: True
[2021-11-09 15:59:43][__main__	][INFO	] --->                    ddp_backend: c10d
[2021-11-09 15:59:43][__main__	][INFO	] --->                  bucket_cap_mb: 25
[2021-11-09 15:59:43][__main__	][INFO	] --->                   use_feat_aug: True
[2021-11-09 15:59:43][__main__	][INFO	] --->     data_aug_color_trans_ratio: 0.1
[2021-11-09 15:59:43][__main__	][INFO	] --->      data_aug_color_jitter_std: 0.05
[2021-11-09 15:59:43][__main__	][INFO	] --->                normalize_color: True
[2021-11-09 15:59:43][__main__	][INFO	] --->             data_aug_scale_min: 0.9
[2021-11-09 15:59:43][__main__	][INFO	] --->             data_aug_scale_max: 1.1
[2021-11-09 15:59:43][__main__	][INFO	] --->               data_aug_hue_max: 0.5
[2021-11-09 15:59:43][__main__	][INFO	] --->        data_aug_saturation_max: 0.2
[2021-11-09 15:59:43][__main__	][INFO	] --->                      visualize: False
[2021-11-09 15:59:43][__main__	][INFO	] --->          test_temporal_average: False
[2021-11-09 15:59:43][__main__	][INFO	] --->                 visualize_path: outputs/visualize
[2021-11-09 15:59:43][__main__	][INFO	] --->                save_prediction: False
[2021-11-09 15:59:43][__main__	][INFO	] --->                  save_pred_dir: outputs/pred
[2021-11-09 15:59:43][__main__	][INFO	] --->                     test_phase: test
[2021-11-09 15:59:43][__main__	][INFO	] --->   evaluate_original_pointcloud: False
[2021-11-09 15:59:43][__main__	][INFO	] --->       test_original_pointcloud: False
[2021-11-09 15:59:43][__main__	][INFO	] --->                        is_cuda: True
[2021-11-09 15:59:43][__main__	][INFO	] --->                      load_path: 
[2021-11-09 15:59:43][__main__	][INFO	] --->                       log_step: 50
[2021-11-09 15:59:43][__main__	][INFO	] --->                      log_level: INFO
[2021-11-09 15:59:43][__main__	][INFO	] --->                        num_gpu: 1
[2021-11-09 15:59:43][__main__	][INFO	] --->                           seed: 42
[2021-11-09 15:59:43][__main__	][INFO	] --->                       run_name: finetune_50_fit_spec_0.1_Res16UNet34C
[2021-11-09 15:59:43][__main__	][INFO	] --->                      unc_round: 20
[2021-11-09 15:59:43][__main__	][INFO	] --->                 unc_result_dir: /
[2021-11-09 15:59:43][__main__	][INFO	] --->                          wandb: True
[2021-11-09 15:59:43][__main__	][INFO	] --->                  train_dataset: ScannetVoxelization2cmDataset
[2021-11-09 15:59:43][__main__	][INFO	] --->                    val_dataset: ScannetVoxelization2cmtestDataset
[2021-11-09 15:59:43][__main__	][INFO	] --->                 checkpoint_dir: checkpoints
[2021-11-09 15:59:43][__main__	][INFO	] --->                     optim_step: 2
[2021-11-09 15:59:43][__main__	][INFO	] --->                  validate_step: 150
[2021-11-09 15:59:43][__main__	][INFO	] --->                    train_epoch: 20000
[2021-11-09 15:59:43][__main__	][INFO	] --->               train_batch_size: 8
[2021-11-09 15:59:43][__main__	][INFO	] --->                 val_batch_size: 2
[2021-11-09 15:59:43][__main__	][INFO	] --->                eval_result_dir: /
[2021-11-09 15:59:43][__main__	][INFO	] --->                  unc_stat_path: /
[2021-11-09 15:59:43][__main__	][INFO	] --->                     save_epoch: 1
[2021-11-09 15:59:43][__main__	][INFO	] --->                   ignore_index: 255
[2021-11-09 15:59:43][__main__	][INFO	] --->                       do_train: True
[2021-11-09 15:59:43][__main__	][INFO	] --->               do_unc_inference: False
[2021-11-09 15:59:43][__main__	][INFO	] --->                    do_unc_demo: False
[2021-11-09 15:59:43][__main__	][INFO	] --->                    unc_dataset: 
[2021-11-09 15:59:43][__main__	][INFO	] --->           do_verbose_inference: False
[2021-11-09 15:59:43][__main__	][INFO	] --->                  do_unc_render: False
[2021-11-09 15:59:51][__main__	][INFO	] Weights loaded from checkpoints/pretrain_20000.pth
[2021-11-09 15:59:51][__main__	][INFO	] [Errno 2] No such file or directory: 'checkpoints/finetune_50_fit_spec_0.1_Res16UNet34C_latest.pth'
new.py:162: DeprecationWarning: The 'warn' method is deprecated, use 'warning' instead
  logger.warn(f"checkpoint not found")
[2021-11-09 15:59:51][__main__	][WARNING	] checkpoint not found
[2021-11-09 15:59:51][__main__	][INFO	] Model setup done
[2021-11-09 15:59:51][__main__	][INFO	] 
Res16UNet34C(
  (conv0p1s1): MinkowskiConvolution(in=3, out=32, kernel_size=[5, 5, 5], stride=[1, 1, 1], dilation=[1, 1, 1])
  (bn0): MinkowskiBatchNorm(32, eps=1e-05, momentum=0.02, affine=True, track_running_stats=True)
  (conv1p1s2): MinkowskiConvolution(in=32, out=32, kernel_size=[2, 2, 2], stride=[2, 2, 2], dilation=[1, 1, 1])
  (bn1): MinkowskiBatchNorm(32, eps=1e-05, momentum=0.02, affine=True, track_running_stats=True)
  (block1): Sequential(
    (0): BasicBlock(
      (conv1): MinkowskiConvolution(in=32, out=32, kernel_size=[3, 3, 3], stride=[1, 1, 1], dilation=[1, 1, 1])
      (norm1): MinkowskiBatchNorm(32, eps=1e-05, momentum=0.1, affine=True, track_running_stats=True)
      (conv2): MinkowskiConvolution(in=32, out=32, kernel_size=[3, 3, 3], stride=[1, 1, 1], dilation=[1, 1, 1])
      (norm2): MinkowskiBatchNorm(32, eps=1e-05, momentum=0.1, affine=True, track_running_stats=True)
      (relu): MinkowskiReLU()
    )
    (1): BasicBlock(
      (conv1): MinkowskiConvolution(in=32, out=32, kernel_size=[3, 3, 3], stride=[1, 1, 1], dilation=[1, 1, 1])
      (norm1): MinkowskiBatchNorm(32, eps=1e-05, momentum=0.1, affine=True, track_running_stats=True)
      (conv2): MinkowskiConvolution(in=32, out=32, kernel_size=[3, 3, 3], stride=[1, 1, 1], dilation=[1, 1, 1])
      (norm2): MinkowskiBatchNorm(32, eps=1e-05, momentum=0.1, affine=True, track_running_stats=True)
      (relu): MinkowskiReLU()
    )
  )
  (conv2p2s2): MinkowskiConvolution(in=32, out=32, kernel_size=[2, 2, 2], stride=[2, 2, 2], dilation=[1, 1, 1])
  (bn2): MinkowskiBatchNorm(32, eps=1e-05, momentum=0.02, affine=True, track_running_stats=True)
  (block2): Sequential(
    (0): BasicBlock(
      (conv1): MinkowskiConvolution(in=32, out=64, kernel_size=[3, 3, 3], stride=[1, 1, 1], dilation=[1, 1, 1])
      (norm1): MinkowskiBatchNorm(64, eps=1e-05, momentum=0.1, affine=True, track_running_stats=True)
      (conv2): MinkowskiConvolution(in=64, out=64, kernel_size=[3, 3, 3], stride=[1, 1, 1], dilation=[1, 1, 1])
      (norm2): MinkowskiBatchNorm(64, eps=1e-05, momentum=0.1, affine=True, track_running_stats=True)
      (relu): MinkowskiReLU()
      (downsample): Sequential(
        (0): MinkowskiConvolution(in=32, out=64, kernel_size=[1, 1, 1], stride=[1, 1, 1], dilation=[1, 1, 1])
        (1): MinkowskiBatchNorm(64, eps=1e-05, momentum=0.02, affine=True, track_running_stats=True)
      )
    )
    (1): BasicBlock(
      (conv1): MinkowskiConvolution(in=64, out=64, kernel_size=[3, 3, 3], stride=[1, 1, 1], dilation=[1, 1, 1])
      (norm1): MinkowskiBatchNorm(64, eps=1e-05, momentum=0.1, affine=True, track_running_stats=True)
      (conv2): MinkowskiConvolution(in=64, out=64, kernel_size=[3, 3, 3], stride=[1, 1, 1], dilation=[1, 1, 1])
      (norm2): MinkowskiBatchNorm(64, eps=1e-05, momentum=0.1, affine=True, track_running_stats=True)
      (relu): MinkowskiReLU()
    )
    (2): BasicBlock(
      (conv1): MinkowskiConvolution(in=64, out=64, kernel_size=[3, 3, 3], stride=[1, 1, 1], dilation=[1, 1, 1])
      (norm1): MinkowskiBatchNorm(64, eps=1e-05, momentum=0.1, affine=True, track_running_stats=True)
      (conv2): MinkowskiConvolution(in=64, out=64, kernel_size=[3, 3, 3], stride=[1, 1, 1], dilation=[1, 1, 1])
      (norm2): MinkowskiBatchNorm(64, eps=1e-05, momentum=0.1, affine=True, track_running_stats=True)
      (relu): MinkowskiReLU()
    )
  )
  (conv3p4s2): MinkowskiConvolution(in=64, out=64, kernel_size=[2, 2, 2], stride=[2, 2, 2], dilation=[1, 1, 1])
  (bn3): MinkowskiBatchNorm(64, eps=1e-05, momentum=0.02, affine=True, track_running_stats=True)
  (block3): Sequential(
    (0): BasicBlock(
      (conv1): MinkowskiConvolution(in=64, out=128, kernel_size=[3, 3, 3], stride=[1, 1, 1], dilation=[1, 1, 1])
      (norm1): MinkowskiBatchNorm(128, eps=1e-05, momentum=0.1, affine=True, track_running_stats=True)
      (conv2): MinkowskiConvolution(in=128, out=128, kernel_size=[3, 3, 3], stride=[1, 1, 1], dilation=[1, 1, 1])
      (norm2): MinkowskiBatchNorm(128, eps=1e-05, momentum=0.1, affine=True, track_running_stats=True)
      (relu): MinkowskiReLU()
      (downsample): Sequential(
        (0): MinkowskiConvolution(in=64, out=128, kernel_size=[1, 1, 1], stride=[1, 1, 1], dilation=[1, 1, 1])
        (1): MinkowskiBatchNorm(128, eps=1e-05, momentum=0.02, affine=True, track_running_stats=True)
      )
    )
    (1): BasicBlock(
      (conv1): MinkowskiConvolution(in=128, out=128, kernel_size=[3, 3, 3], stride=[1, 1, 1], dilation=[1, 1, 1])
      (norm1): MinkowskiBatchNorm(128, eps=1e-05, momentum=0.1, affine=True, track_running_stats=True)
      (conv2): MinkowskiConvolution(in=128, out=128, kernel_size=[3, 3, 3], stride=[1, 1, 1], dilation=[1, 1, 1])
      (norm2): MinkowskiBatchNorm(128, eps=1e-05, momentum=0.1, affine=True, track_running_stats=True)
      (relu): MinkowskiReLU()
    )
    (2): BasicBlock(
      (conv1): MinkowskiConvolution(in=128, out=128, kernel_size=[3, 3, 3], stride=[1, 1, 1], dilation=[1, 1, 1])
      (norm1): MinkowskiBatchNorm(128, eps=1e-05, momentum=0.1, affine=True, track_running_stats=True)
      (conv2): MinkowskiConvolution(in=128, out=128, kernel_size=[3, 3, 3], stride=[1, 1, 1], dilation=[1, 1, 1])
      (norm2): MinkowskiBatchNorm(128, eps=1e-05, momentum=0.1, affine=True, track_running_stats=True)
      (relu): MinkowskiReLU()
    )
    (3): BasicBlock(
      (conv1): MinkowskiConvolution(in=128, out=128, kernel_size=[3, 3, 3], stride=[1, 1, 1], dilation=[1, 1, 1])
      (norm1): MinkowskiBatchNorm(128, eps=1e-05, momentum=0.1, affine=True, track_running_stats=True)
      (conv2): MinkowskiConvolution(in=128, out=128, kernel_size=[3, 3, 3], stride=[1, 1, 1], dilation=[1, 1, 1])
      (norm2): MinkowskiBatchNorm(128, eps=1e-05, momentum=0.1, affine=True, track_running_stats=True)
      (relu): MinkowskiReLU()
    )
  )
  (conv4p8s2): MinkowskiConvolution(in=128, out=128, kernel_size=[2, 2, 2], stride=[2, 2, 2], dilation=[1, 1, 1])
  (bn4): MinkowskiBatchNorm(128, eps=1e-05, momentum=0.02, affine=True, track_running_stats=True)
  (block4): Sequential(
    (0): BasicBlock(
      (conv1): MinkowskiConvolution(in=128, out=256, kernel_size=[3, 3, 3], stride=[1, 1, 1], dilation=[1, 1, 1])
      (norm1): MinkowskiBatchNorm(256, eps=1e-05, momentum=0.1, affine=True, track_running_stats=True)
      (conv2): MinkowskiConvolution(in=256, out=256, kernel_size=[3, 3, 3], stride=[1, 1, 1], dilation=[1, 1, 1])
      (norm2): MinkowskiBatchNorm(256, eps=1e-05, momentum=0.1, affine=True, track_running_stats=True)
      (relu): MinkowskiReLU()
      (downsample): Sequential(
        (0): MinkowskiConvolution(in=128, out=256, kernel_size=[1, 1, 1], stride=[1, 1, 1], dilation=[1, 1, 1])
        (1): MinkowskiBatchNorm(256, eps=1e-05, momentum=0.02, affine=True, track_running_stats=True)
      )
    )
    (1): BasicBlock(
      (conv1): MinkowskiConvolution(in=256, out=256, kernel_size=[3, 3, 3], stride=[1, 1, 1], dilation=[1, 1, 1])
      (norm1): MinkowskiBatchNorm(256, eps=1e-05, momentum=0.1, affine=True, track_running_stats=True)
      (conv2): MinkowskiConvolution(in=256, out=256, kernel_size=[3, 3, 3], stride=[1, 1, 1], dilation=[1, 1, 1])
      (norm2): MinkowskiBatchNorm(256, eps=1e-05, momentum=0.1, affine=True, track_running_stats=True)
      (relu): MinkowskiReLU()
    )
    (2): BasicBlock(
      (conv1): MinkowskiConvolution(in=256, out=256, kernel_size=[3, 3, 3], stride=[1, 1, 1], dilation=[1, 1, 1])
      (norm1): MinkowskiBatchNorm(256, eps=1e-05, momentum=0.1, affine=True, track_running_stats=True)
      (conv2): MinkowskiConvolution(in=256, out=256, kernel_size=[3, 3, 3], stride=[1, 1, 1], dilation=[1, 1, 1])
      (norm2): MinkowskiBatchNorm(256, eps=1e-05, momentum=0.1, affine=True, track_running_stats=True)
      (relu): MinkowskiReLU()
    )
    (3): BasicBlock(
      (conv1): MinkowskiConvolution(in=256, out=256, kernel_size=[3, 3, 3], stride=[1, 1, 1], dilation=[1, 1, 1])
      (norm1): MinkowskiBatchNorm(256, eps=1e-05, momentum=0.1, affine=True, track_running_stats=True)
      (conv2): MinkowskiConvolution(in=256, out=256, kernel_size=[3, 3, 3], stride=[1, 1, 1], dilation=[1, 1, 1])
      (norm2): MinkowskiBatchNorm(256, eps=1e-05, momentum=0.1, affine=True, track_running_stats=True)
      (relu): MinkowskiReLU()
    )
    (4): BasicBlock(
      (conv1): MinkowskiConvolution(in=256, out=256, kernel_size=[3, 3, 3], stride=[1, 1, 1], dilation=[1, 1, 1])
      (norm1): MinkowskiBatchNorm(256, eps=1e-05, momentum=0.1, affine=True, track_running_stats=True)
      (conv2): MinkowskiConvolution(in=256, out=256, kernel_size=[3, 3, 3], stride=[1, 1, 1], dilation=[1, 1, 1])
      (norm2): MinkowskiBatchNorm(256, eps=1e-05, momentum=0.1, affine=True, track_running_stats=True)
      (relu): MinkowskiReLU()
    )
    (5): BasicBlock(
      (conv1): MinkowskiConvolution(in=256, out=256, kernel_size=[3, 3, 3], stride=[1, 1, 1], dilation=[1, 1, 1])
      (norm1): MinkowskiBatchNorm(256, eps=1e-05, momentum=0.1, affine=True, track_running_stats=True)
      (conv2): MinkowskiConvolution(in=256, out=256, kernel_size=[3, 3, 3], stride=[1, 1, 1], dilation=[1, 1, 1])
      (norm2): MinkowskiBatchNorm(256, eps=1e-05, momentum=0.1, affine=True, track_running_stats=True)
      (relu): MinkowskiReLU()
    )
  )
  (convtr4p16s2): MinkowskiConvolutionTranspose(in=256, out=256, kernel_size=[2, 2, 2], stride=[2, 2, 2], dilation=[1, 1, 1])
  (bntr4): MinkowskiBatchNorm(256, eps=1e-05, momentum=0.02, affine=True, track_running_stats=True)
  (block5): Sequential(
    (0): BasicBlock(
      (conv1): MinkowskiConvolution(in=384, out=256, kernel_size=[3, 3, 3], stride=[1, 1, 1], dilation=[1, 1, 1])
      (norm1): MinkowskiBatchNorm(256, eps=1e-05, momentum=0.1, affine=True, track_running_stats=True)
      (conv2): MinkowskiConvolution(in=256, out=256, kernel_size=[3, 3, 3], stride=[1, 1, 1], dilation=[1, 1, 1])
      (norm2): MinkowskiBatchNorm(256, eps=1e-05, momentum=0.1, affine=True, track_running_stats=True)
      (relu): MinkowskiReLU()
      (downsample): Sequential(
        (0): MinkowskiConvolution(in=384, out=256, kernel_size=[1, 1, 1], stride=[1, 1, 1], dilation=[1, 1, 1])
        (1): MinkowskiBatchNorm(256, eps=1e-05, momentum=0.02, affine=True, track_running_stats=True)
      )
    )
    (1): BasicBlock(
      (conv1): MinkowskiConvolution(in=256, out=256, kernel_size=[3, 3, 3], stride=[1, 1, 1], dilation=[1, 1, 1])
      (norm1): MinkowskiBatchNorm(256, eps=1e-05, momentum=0.1, affine=True, track_running_stats=True)
      (conv2): MinkowskiConvolution(in=256, out=256, kernel_size=[3, 3, 3], stride=[1, 1, 1], dilation=[1, 1, 1])
      (norm2): MinkowskiBatchNorm(256, eps=1e-05, momentum=0.1, affine=True, track_running_stats=True)
      (relu): MinkowskiReLU()
    )
  )
  (convtr5p8s2): MinkowskiConvolutionTranspose(in=256, out=128, kernel_size=[2, 2, 2], stride=[2, 2, 2], dilation=[1, 1, 1])
  (bntr5): MinkowskiBatchNorm(128, eps=1e-05, momentum=0.02, affine=True, track_running_stats=True)
  (block6): Sequential(
    (0): BasicBlock(
      (conv1): MinkowskiConvolution(in=192, out=128, kernel_size=[3, 3, 3], stride=[1, 1, 1], dilation=[1, 1, 1])
      (norm1): MinkowskiBatchNorm(128, eps=1e-05, momentum=0.1, affine=True, track_running_stats=True)
      (conv2): MinkowskiConvolution(in=128, out=128, kernel_size=[3, 3, 3], stride=[1, 1, 1], dilation=[1, 1, 1])
      (norm2): MinkowskiBatchNorm(128, eps=1e-05, momentum=0.1, affine=True, track_running_stats=True)
      (relu): MinkowskiReLU()
      (downsample): Sequential(
        (0): MinkowskiConvolution(in=192, out=128, kernel_size=[1, 1, 1], stride=[1, 1, 1], dilation=[1, 1, 1])
        (1): MinkowskiBatchNorm(128, eps=1e-05, momentum=0.02, affine=True, track_running_stats=True)
      )
    )
    (1): BasicBlock(
      (conv1): MinkowskiConvolution(in=128, out=128, kernel_size=[3, 3, 3], stride=[1, 1, 1], dilation=[1, 1, 1])
      (norm1): MinkowskiBatchNorm(128, eps=1e-05, momentum=0.1, affine=True, track_running_stats=True)
      (conv2): MinkowskiConvolution(in=128, out=128, kernel_size=[3, 3, 3], stride=[1, 1, 1], dilation=[1, 1, 1])
      (norm2): MinkowskiBatchNorm(128, eps=1e-05, momentum=0.1, affine=True, track_running_stats=True)
      (relu): MinkowskiReLU()
    )
  )
  (convtr6p4s2): MinkowskiConvolutionTranspose(in=128, out=96, kernel_size=[2, 2, 2], stride=[2, 2, 2], dilation=[1, 1, 1])
  (bntr6): MinkowskiBatchNorm(96, eps=1e-05, momentum=0.02, affine=True, track_running_stats=True)
  (block7): Sequential(
    (0): BasicBlock(
      (conv1): MinkowskiConvolution(in=128, out=96, kernel_size=[3, 3, 3], stride=[1, 1, 1], dilation=[1, 1, 1])
      (norm1): MinkowskiBatchNorm(96, eps=1e-05, momentum=0.1, affine=True, track_running_stats=True)
      (conv2): MinkowskiConvolution(in=96, out=96, kernel_size=[3, 3, 3], stride=[1, 1, 1], dilation=[1, 1, 1])
      (norm2): MinkowskiBatchNorm(96, eps=1e-05, momentum=0.1, affine=True, track_running_stats=True)
      (relu): MinkowskiReLU()
      (downsample): Sequential(
        (0): MinkowskiConvolution(in=128, out=96, kernel_size=[1, 1, 1], stride=[1, 1, 1], dilation=[1, 1, 1])
        (1): MinkowskiBatchNorm(96, eps=1e-05, momentum=0.02, affine=True, track_running_stats=True)
      )
    )
    (1): BasicBlock(
      (conv1): MinkowskiConvolution(in=96, out=96, kernel_size=[3, 3, 3], stride=[1, 1, 1], dilation=[1, 1, 1])
      (norm1): MinkowskiBatchNorm(96, eps=1e-05, momentum=0.1, affine=True, track_running_stats=True)
      (conv2): MinkowskiConvolution(in=96, out=96, kernel_size=[3, 3, 3], stride=[1, 1, 1], dilation=[1, 1, 1])
      (norm2): MinkowskiBatchNorm(96, eps=1e-05, momentum=0.1, affine=True, track_running_stats=True)
      (relu): MinkowskiReLU()
    )
  )
  (convtr7p2s2): MinkowskiConvolutionTranspose(in=96, out=96, kernel_size=[2, 2, 2], stride=[2, 2, 2], dilation=[1, 1, 1])
  (bntr7): MinkowskiBatchNorm(96, eps=1e-05, momentum=0.02, affine=True, track_running_stats=True)
  (block8): Sequential(
    (0): BasicBlock(
      (conv1): MinkowskiConvolution(in=128, out=96, kernel_size=[3, 3, 3], stride=[1, 1, 1], dilation=[1, 1, 1])
      (norm1): MinkowskiBatchNorm(96, eps=1e-05, momentum=0.1, affine=True, track_running_stats=True)
      (conv2): MinkowskiConvolution(in=96, out=96, kernel_size=[3, 3, 3], stride=[1, 1, 1], dilation=[1, 1, 1])
      (norm2): MinkowskiBatchNorm(96, eps=1e-05, momentum=0.1, affine=True, track_running_stats=True)
      (relu): MinkowskiReLU()
      (downsample): Sequential(
        (0): MinkowskiConvolution(in=128, out=96, kernel_size=[1, 1, 1], stride=[1, 1, 1], dilation=[1, 1, 1])
        (1): MinkowskiBatchNorm(96, eps=1e-05, momentum=0.02, affine=True, track_running_stats=True)
      )
    )
    (1): BasicBlock(
      (conv1): MinkowskiConvolution(in=96, out=96, kernel_size=[3, 3, 3], stride=[1, 1, 1], dilation=[1, 1, 1])
      (norm1): MinkowskiBatchNorm(96, eps=1e-05, momentum=0.1, affine=True, track_running_stats=True)
      (conv2): MinkowskiConvolution(in=96, out=96, kernel_size=[3, 3, 3], stride=[1, 1, 1], dilation=[1, 1, 1])
      (norm2): MinkowskiBatchNorm(96, eps=1e-05, momentum=0.1, affine=True, track_running_stats=True)
      (relu): MinkowskiReLU()
    )
  )
  (final): MinkowskiConvolution(in=96, out=20, kernel_size=[1, 1, 1], stride=[1, 1, 1], dilation=[1, 1, 1])
  (relu): MinkowskiReLU()
)
wandb: Currently logged in as: tb5zhh (use `wandb login --relogin` to force relogin)
wandb: wandb version 0.12.6 is available!  To upgrade, please run:
wandb:  $ pip install wandb --upgrade
wandb: Tracking run with wandb version 0.12.4
wandb: Syncing run fearless-monkey-285
wandb:  View project at https://wandb.ai/tb5zhh/3dsp
wandb:  View run at https://wandb.ai/tb5zhh/3dsp/runs/dja2t1kt
wandb: Run data is saved locally in /home/aidrive/tb5zhh/3DScanSeg/wandb/run-20211109_155953-dja2t1kt
wandb: Run `wandb offline` to turn off syncing.

[34m[1mwandb[0m: [33mWARNING[0m Calling run.save without any arguments is deprecated.Changes to attributes are automatically persisted.
[2021-11-09 15:59:58][root	][INFO	] Loading ScannetVoxelization2cmDataset: scannetv2_train.txt
[2021-11-09 15:59:58][root	][INFO	] Loading ScannetVoxelization2cmtestDataset: scannetv2_val.txt
[2021-11-09 15:59:58][__main__	][INFO	] Dataloader setup done
[2021-11-09 15:59:58][__main__	][INFO	] My rank : 0 / 1
[2021-11-09 15:59:58][__main__	][INFO	] Start training
[2021-11-09 16:00:11][__main__	][INFO	] TRAIN at global step #1 Epoch #1 Step #2 / 151: loss:3.3650, precision: 0.3424
[2021-11-09 16:00:19][__main__	][INFO	] TRAIN at global step #2 Epoch #1 Step #4 / 151: loss:2.9354, precision: 1.2194
[2021-11-09 16:00:26][__main__	][INFO	] TRAIN at global step #3 Epoch #1 Step #6 / 151: loss:2.3926, precision: 15.3115
[2021-11-09 16:00:34][__main__	][INFO	] TRAIN at global step #4 Epoch #1 Step #8 / 151: loss:2.2680, precision: 13.6007
[2021-11-09 16:00:41][__main__	][INFO	] TRAIN at global step #5 Epoch #1 Step #10 / 151: loss:1.9647, precision: 17.2110
[2021-11-09 16:00:49][__main__	][INFO	] TRAIN at global step #6 Epoch #1 Step #12 / 151: loss:2.1294, precision: 16.3985
[2021-11-09 16:00:55][__main__	][INFO	] TRAIN at global step #7 Epoch #1 Step #14 / 151: loss:2.0192, precision: 19.9458
[2021-11-09 16:01:01][__main__	][INFO	] TRAIN at global step #8 Epoch #1 Step #16 / 151: loss:2.0248, precision: 17.1787
[2021-11-09 16:01:08][__main__	][INFO	] TRAIN at global step #9 Epoch #1 Step #18 / 151: loss:1.6929, precision: 20.9381
[2021-11-09 16:01:16][__main__	][INFO	] TRAIN at global step #10 Epoch #1 Step #20 / 151: loss:1.9076, precision: 17.8926
[2021-11-09 16:01:21][__main__	][INFO	] TRAIN at global step #11 Epoch #1 Step #22 / 151: loss:1.7714, precision: 17.7344
[2021-11-09 16:01:29][__main__	][INFO	] TRAIN at global step #12 Epoch #1 Step #24 / 151: loss:1.8296, precision: 17.2163
[2021-11-09 16:01:36][__main__	][INFO	] TRAIN at global step #13 Epoch #1 Step #26 / 151: loss:1.6392, precision: 21.9152
[2021-11-09 16:01:42][__main__	][INFO	] TRAIN at global step #14 Epoch #1 Step #28 / 151: loss:1.7732, precision: 18.9508
[2021-11-09 16:01:50][__main__	][INFO	] TRAIN at global step #15 Epoch #1 Step #30 / 151: loss:1.8221, precision: 16.7852
[2021-11-09 16:01:56][__main__	][INFO	] TRAIN at global step #16 Epoch #1 Step #32 / 151: loss:1.7407, precision: 17.2876
[2021-11-09 16:02:02][__main__	][INFO	] TRAIN at global step #17 Epoch #1 Step #34 / 151: loss:1.9236, precision: 16.3764
[2021-11-09 16:02:09][__main__	][INFO	] TRAIN at global step #18 Epoch #1 Step #36 / 151: loss:1.5627, precision: 21.6495
[2021-11-09 16:02:16][__main__	][INFO	] TRAIN at global step #19 Epoch #1 Step #38 / 151: loss:1.7103, precision: 18.3224
[2021-11-09 16:02:22][__main__	][INFO	] TRAIN at global step #20 Epoch #1 Step #40 / 151: loss:1.5721, precision: 19.8204
[2021-11-09 16:02:31][__main__	][INFO	] TRAIN at global step #21 Epoch #1 Step #42 / 151: loss:1.6927, precision: 17.9499
[2021-11-09 16:02:38][__main__	][INFO	] TRAIN at global step #22 Epoch #1 Step #44 / 151: loss:1.5577, precision: 20.1138
[2021-11-09 16:02:45][__main__	][INFO	] TRAIN at global step #23 Epoch #1 Step #46 / 151: loss:1.8155, precision: 16.3604
[2021-11-09 16:02:53][__main__	][INFO	] TRAIN at global step #24 Epoch #1 Step #48 / 151: loss:1.6740, precision: 17.3194
[2021-11-09 16:03:00][__main__	][INFO	] TRAIN at global step #25 Epoch #1 Step #50 / 151: loss:1.6077, precision: 19.6103
[2021-11-09 16:03:05][__main__	][INFO	] TRAIN at global step #26 Epoch #1 Step #52 / 151: loss:1.3897, precision: 23.4799
[2021-11-09 16:03:12][__main__	][INFO	] TRAIN at global step #27 Epoch #1 Step #54 / 151: loss:1.7948, precision: 16.2358
[2021-11-09 16:03:19][__main__	][INFO	] TRAIN at global step #28 Epoch #1 Step #56 / 151: loss:1.5234, precision: 20.0750
[2021-11-09 16:03:25][__main__	][INFO	] TRAIN at global step #29 Epoch #1 Step #58 / 151: loss:1.6344, precision: 17.9173
[2021-11-09 16:03:31][__main__	][INFO	] TRAIN at global step #30 Epoch #1 Step #60 / 151: loss:1.3474, precision: 23.4544
[2021-11-09 16:03:37][__main__	][INFO	] TRAIN at global step #31 Epoch #1 Step #62 / 151: loss:1.4568, precision: 21.2655
[2021-11-09 16:03:45][__main__	][INFO	] TRAIN at global step #32 Epoch #1 Step #64 / 151: loss:1.5491, precision: 19.0895
[2021-11-09 16:03:52][__main__	][INFO	] TRAIN at global step #33 Epoch #1 Step #66 / 151: loss:1.2676, precision: 24.6327
[2021-11-09 16:03:58][__main__	][INFO	] TRAIN at global step #34 Epoch #1 Step #68 / 151: loss:1.6272, precision: 19.0211
[2021-11-09 16:04:04][__main__	][INFO	] TRAIN at global step #35 Epoch #1 Step #70 / 151: loss:1.3715, precision: 24.6410
[2021-11-09 16:04:12][__main__	][INFO	] TRAIN at global step #36 Epoch #1 Step #72 / 151: loss:1.5563, precision: 17.9486
[2021-11-09 16:04:19][__main__	][INFO	] TRAIN at global step #37 Epoch #1 Step #74 / 151: loss:1.6038, precision: 20.1335
[2021-11-09 16:04:25][__main__	][INFO	] TRAIN at global step #38 Epoch #1 Step #76 / 151: loss:1.4162, precision: 22.1524
[2021-11-09 16:04:32][__main__	][INFO	] TRAIN at global step #39 Epoch #1 Step #78 / 151: loss:1.5066, precision: 19.0687
[2021-11-09 16:04:39][__main__	][INFO	] TRAIN at global step #40 Epoch #1 Step #80 / 151: loss:1.6495, precision: 19.7963
[2021-11-09 16:04:45][__main__	][INFO	] TRAIN at global step #41 Epoch #1 Step #82 / 151: loss:1.6540, precision: 17.7373
[2021-11-09 16:04:52][__main__	][INFO	] TRAIN at global step #42 Epoch #1 Step #84 / 151: loss:1.5425, precision: 19.7874
[2021-11-09 16:05:00][__main__	][INFO	] TRAIN at global step #43 Epoch #1 Step #86 / 151: loss:1.5051, precision: 21.4267
[2021-11-09 16:05:08][__main__	][INFO	] TRAIN at global step #44 Epoch #1 Step #88 / 151: loss:1.4974, precision: 18.9489
[2021-11-09 16:05:14][__main__	][INFO	] TRAIN at global step #45 Epoch #1 Step #90 / 151: loss:1.5328, precision: 18.4739
[2021-11-09 16:05:23][__main__	][INFO	] TRAIN at global step #46 Epoch #1 Step #92 / 151: loss:1.7459, precision: 14.7439
[2021-11-09 16:05:31][__main__	][INFO	] TRAIN at global step #47 Epoch #1 Step #94 / 151: loss:1.4543, precision: 20.7292
[2021-11-09 16:05:36][__main__	][INFO	] TRAIN at global step #48 Epoch #1 Step #96 / 151: loss:1.4506, precision: 21.3533
[2021-11-09 16:05:43][__main__	][INFO	] TRAIN at global step #49 Epoch #1 Step #98 / 151: loss:1.4255, precision: 20.8378
[2021-11-09 16:05:51][__main__	][INFO	] TRAIN at global step #50 Epoch #1 Step #100 / 151: loss:1.3620, precision: 20.3152
[2021-11-09 16:05:57][__main__	][INFO	] TRAIN at global step #51 Epoch #1 Step #102 / 151: loss:1.5774, precision: 19.2566
[2021-11-09 16:06:04][__main__	][INFO	] TRAIN at global step #52 Epoch #1 Step #104 / 151: loss:1.4850, precision: 20.4393
[2021-11-09 16:06:11][__main__	][INFO	] TRAIN at global step #53 Epoch #1 Step #106 / 151: loss:1.4946, precision: 20.4379
[2021-11-09 16:06:18][__main__	][INFO	] TRAIN at global step #54 Epoch #1 Step #108 / 151: loss:1.5250, precision: 18.6051
[2021-11-09 16:06:24][__main__	][INFO	] TRAIN at global step #55 Epoch #1 Step #110 / 151: loss:1.5803, precision: 19.6735
[2021-11-09 16:06:30][__main__	][INFO	] TRAIN at global step #56 Epoch #1 Step #112 / 151: loss:1.7899, precision: 14.9372
[2021-11-09 16:06:36][__main__	][INFO	] TRAIN at global step #57 Epoch #1 Step #114 / 151: loss:1.5143, precision: 19.5979
[2021-11-09 16:06:41][__main__	][INFO	] TRAIN at global step #58 Epoch #1 Step #116 / 151: loss:1.5715, precision: 21.9424
[2021-11-09 16:06:48][__main__	][INFO	] TRAIN at global step #59 Epoch #1 Step #118 / 151: loss:1.4980, precision: 19.8852
[2021-11-09 16:06:54][__main__	][INFO	] TRAIN at global step #60 Epoch #1 Step #120 / 151: loss:1.3902, precision: 21.3485
[2021-11-09 16:07:01][__main__	][INFO	] TRAIN at global step #61 Epoch #1 Step #122 / 151: loss:1.4108, precision: 18.7116
[2021-11-09 16:07:08][__main__	][INFO	] TRAIN at global step #62 Epoch #1 Step #124 / 151: loss:1.4473, precision: 19.4613
[2021-11-09 16:07:15][__main__	][INFO	] TRAIN at global step #63 Epoch #1 Step #126 / 151: loss:1.4317, precision: 21.2357
[2021-11-09 16:07:21][__main__	][INFO	] TRAIN at global step #64 Epoch #1 Step #128 / 151: loss:1.5863, precision: 20.8373
[2021-11-09 16:07:28][__main__	][INFO	] TRAIN at global step #65 Epoch #1 Step #130 / 151: loss:1.4680, precision: 19.7214
[2021-11-09 16:07:34][__main__	][INFO	] TRAIN at global step #66 Epoch #1 Step #132 / 151: loss:1.5199, precision: 20.4624
[2021-11-09 16:07:40][__main__	][INFO	] TRAIN at global step #67 Epoch #1 Step #134 / 151: loss:1.5422, precision: 19.5537
[2021-11-09 16:07:47][__main__	][INFO	] TRAIN at global step #68 Epoch #1 Step #136 / 151: loss:1.6688, precision: 16.8880
[2021-11-09 16:07:52][__main__	][INFO	] TRAIN at global step #69 Epoch #1 Step #138 / 151: loss:1.5237, precision: 17.1873
[2021-11-09 16:07:57][__main__	][INFO	] TRAIN at global step #70 Epoch #1 Step #140 / 151: loss:1.4496, precision: 22.6840
[2021-11-09 16:08:05][__main__	][INFO	] TRAIN at global step #71 Epoch #1 Step #142 / 151: loss:1.6381, precision: 16.1609
[2021-11-09 16:08:13][__main__	][INFO	] TRAIN at global step #72 Epoch #1 Step #144 / 151: loss:1.4943, precision: 19.0263
[2021-11-09 16:08:20][__main__	][INFO	] TRAIN at global step #73 Epoch #1 Step #146 / 151: loss:1.4801, precision: 20.1398
[2021-11-09 16:08:25][__main__	][INFO	] TRAIN at global step #74 Epoch #1 Step #148 / 151: loss:1.4321, precision: 21.0042
[2021-11-09 16:08:31][__main__	][INFO	] TRAIN at global step #75 Epoch #1 Step #150 / 151: loss:1.4732, precision: 19.9497
[2021-11-09 16:08:34][__main__	][INFO	] Checkpoint at epoch #0 saved
[2021-11-09 16:08:44][__main__	][INFO	] TRAIN at global step #76 Epoch #2 Step #1 / 151: loss:1.6877, precision: 14.4852
[2021-11-09 16:08:49][__main__	][INFO	] TRAIN at global step #77 Epoch #2 Step #3 / 151: loss:1.5090, precision: 21.6810
[2021-11-09 16:08:57][__main__	][INFO	] TRAIN at global step #78 Epoch #2 Step #5 / 151: loss:1.3260, precision: 21.1507
[2021-11-09 16:09:04][__main__	][INFO	] TRAIN at global step #79 Epoch #2 Step #7 / 151: loss:1.6091, precision: 17.7392
[2021-11-09 16:09:09][__main__	][INFO	] TRAIN at global step #80 Epoch #2 Step #9 / 151: loss:1.3191, precision: 22.4241
[2021-11-09 16:09:18][__main__	][INFO	] TRAIN at global step #81 Epoch #2 Step #11 / 151: loss:1.4411, precision: 19.2026
[2021-11-09 16:09:26][__main__	][INFO	] TRAIN at global step #82 Epoch #2 Step #13 / 151: loss:1.3493, precision: 21.9024
[2021-11-09 16:09:32][__main__	][INFO	] TRAIN at global step #83 Epoch #2 Step #15 / 151: loss:1.3386, precision: 22.6309
[2021-11-09 16:09:39][__main__	][INFO	] TRAIN at global step #84 Epoch #2 Step #17 / 151: loss:1.6017, precision: 17.3351
[2021-11-09 16:09:45][__main__	][INFO	] TRAIN at global step #85 Epoch #2 Step #19 / 151: loss:1.4813, precision: 19.9520
[2021-11-09 16:09:51][__main__	][INFO	] TRAIN at global step #86 Epoch #2 Step #21 / 151: loss:1.6378, precision: 17.6121
[2021-11-09 16:09:57][__main__	][INFO	] TRAIN at global step #87 Epoch #2 Step #23 / 151: loss:1.4015, precision: 20.3397
[2021-11-09 16:10:05][__main__	][INFO	] TRAIN at global step #88 Epoch #2 Step #25 / 151: loss:1.4604, precision: 18.3663
[2021-11-09 16:10:11][__main__	][INFO	] TRAIN at global step #89 Epoch #2 Step #27 / 151: loss:1.4918, precision: 19.9423
[2021-11-09 16:10:17][__main__	][INFO	] TRAIN at global step #90 Epoch #2 Step #29 / 151: loss:1.3474, precision: 23.0403
[2021-11-09 16:10:24][__main__	][INFO	] TRAIN at global step #91 Epoch #2 Step #31 / 151: loss:1.4851, precision: 19.7376
[2021-11-09 16:10:31][__main__	][INFO	] TRAIN at global step #92 Epoch #2 Step #33 / 151: loss:1.4503, precision: 19.4017
[2021-11-09 16:10:37][__main__	][INFO	] TRAIN at global step #93 Epoch #2 Step #35 / 151: loss:1.3987, precision: 19.4612
[2021-11-09 16:10:45][__main__	][INFO	] TRAIN at global step #94 Epoch #2 Step #37 / 151: loss:1.5958, precision: 18.4700
[2021-11-09 16:10:52][__main__	][INFO	] TRAIN at global step #95 Epoch #2 Step #39 / 151: loss:1.4048, precision: 20.5131
[2021-11-09 16:10:57][__main__	][INFO	] TRAIN at global step #96 Epoch #2 Step #41 / 151: loss:1.6061, precision: 19.1322
[2021-11-09 16:11:02][__main__	][INFO	] TRAIN at global step #97 Epoch #2 Step #43 / 151: loss:1.3733, precision: 21.7717
[2021-11-09 16:11:08][__main__	][INFO	] TRAIN at global step #98 Epoch #2 Step #45 / 151: loss:1.4569, precision: 20.6283
[2021-11-09 16:11:15][__main__	][INFO	] TRAIN at global step #99 Epoch #2 Step #47 / 151: loss:1.5774, precision: 19.4919
[2021-11-09 16:11:21][__main__	][INFO	] TRAIN at global step #100 Epoch #2 Step #49 / 151: loss:1.6709, precision: 16.7115
[2021-11-09 16:11:28][__main__	][INFO	] TRAIN at global step #101 Epoch #2 Step #51 / 151: loss:1.5177, precision: 17.4542
[2021-11-09 16:11:34][__main__	][INFO	] TRAIN at global step #102 Epoch #2 Step #53 / 151: loss:1.4984, precision: 20.4685
[2021-11-09 16:11:41][__main__	][INFO	] TRAIN at global step #103 Epoch #2 Step #55 / 151: loss:1.4874, precision: 18.6237
[2021-11-09 16:11:49][__main__	][INFO	] TRAIN at global step #104 Epoch #2 Step #57 / 151: loss:1.4214, precision: 19.2075
[2021-11-09 16:11:57][__main__	][INFO	] TRAIN at global step #105 Epoch #2 Step #59 / 151: loss:1.4678, precision: 20.1568
[2021-11-09 16:12:04][__main__	][INFO	] TRAIN at global step #106 Epoch #2 Step #61 / 151: loss:1.4579, precision: 19.1575
[2021-11-09 16:12:11][__main__	][INFO	] TRAIN at global step #107 Epoch #2 Step #63 / 151: loss:1.4701, precision: 18.4232
[2021-11-09 16:12:18][__main__	][INFO	] TRAIN at global step #108 Epoch #2 Step #65 / 151: loss:1.4236, precision: 21.2178
[2021-11-09 16:12:24][__main__	][INFO	] TRAIN at global step #109 Epoch #2 Step #67 / 151: loss:1.5043, precision: 19.3810
[2021-11-09 16:12:30][__main__	][INFO	] TRAIN at global step #110 Epoch #2 Step #69 / 151: loss:1.5329, precision: 18.7818
[2021-11-09 16:12:38][__main__	][INFO	] TRAIN at global step #111 Epoch #2 Step #71 / 151: loss:1.3304, precision: 21.6076
[2021-11-09 16:12:44][__main__	][INFO	] TRAIN at global step #112 Epoch #2 Step #73 / 151: loss:1.5149, precision: 20.0040
[2021-11-09 16:12:50][__main__	][INFO	] TRAIN at global step #113 Epoch #2 Step #75 / 151: loss:1.4106, precision: 22.3707
[2021-11-09 16:12:56][__main__	][INFO	] TRAIN at global step #114 Epoch #2 Step #77 / 151: loss:1.5236, precision: 18.7396
[2021-11-09 16:13:03][__main__	][INFO	] TRAIN at global step #115 Epoch #2 Step #79 / 151: loss:1.4758, precision: 19.7688
[2021-11-09 16:13:10][__main__	][INFO	] TRAIN at global step #116 Epoch #2 Step #81 / 151: loss:1.6441, precision: 16.9503
[2021-11-09 16:13:17][__main__	][INFO	] TRAIN at global step #117 Epoch #2 Step #83 / 151: loss:1.5895, precision: 17.8349
[2021-11-09 16:13:23][__main__	][INFO	] TRAIN at global step #118 Epoch #2 Step #85 / 151: loss:1.4625, precision: 20.9475
[2021-11-09 16:13:31][__main__	][INFO	] TRAIN at global step #119 Epoch #2 Step #87 / 151: loss:1.2678, precision: 22.4171
[2021-11-09 16:13:38][__main__	][INFO	] TRAIN at global step #120 Epoch #2 Step #89 / 151: loss:1.6977, precision: 15.7207
[2021-11-09 16:13:45][__main__	][INFO	] TRAIN at global step #121 Epoch #2 Step #91 / 151: loss:1.3914, precision: 19.2839
[2021-11-09 16:13:51][__main__	][INFO	] TRAIN at global step #122 Epoch #2 Step #93 / 151: loss:1.3672, precision: 22.2642
[2021-11-09 16:13:58][__main__	][INFO	] TRAIN at global step #123 Epoch #2 Step #95 / 151: loss:1.1795, precision: 23.8467
[2021-11-09 16:14:06][__main__	][INFO	] TRAIN at global step #124 Epoch #2 Step #97 / 151: loss:1.4555, precision: 20.2370
[2021-11-09 16:14:14][__main__	][INFO	] TRAIN at global step #125 Epoch #2 Step #99 / 151: loss:1.4677, precision: 17.7432
[2021-11-09 16:14:20][__main__	][INFO	] TRAIN at global step #126 Epoch #2 Step #101 / 151: loss:1.4462, precision: 21.7992
[2021-11-09 16:14:28][__main__	][INFO	] TRAIN at global step #127 Epoch #2 Step #103 / 151: loss:1.6757, precision: 14.7235
[2021-11-09 16:14:36][__main__	][INFO	] TRAIN at global step #128 Epoch #2 Step #105 / 151: loss:1.4666, precision: 19.1142
[2021-11-09 16:14:42][__main__	][INFO	] TRAIN at global step #129 Epoch #2 Step #107 / 151: loss:1.5119, precision: 20.8090
[2021-11-09 16:14:48][__main__	][INFO	] TRAIN at global step #130 Epoch #2 Step #109 / 151: loss:1.4111, precision: 21.4527
[2021-11-09 16:14:54][__main__	][INFO	] TRAIN at global step #131 Epoch #2 Step #111 / 151: loss:1.3926, precision: 21.1939
[2021-11-09 16:15:00][__main__	][INFO	] TRAIN at global step #132 Epoch #2 Step #113 / 151: loss:1.5261, precision: 17.9285
[2021-11-09 16:15:07][__main__	][INFO	] TRAIN at global step #133 Epoch #2 Step #115 / 151: loss:1.4930, precision: 19.4970
[2021-11-09 16:15:14][__main__	][INFO	] TRAIN at global step #134 Epoch #2 Step #117 / 151: loss:1.4615, precision: 20.7346
[2021-11-09 16:15:20][__main__	][INFO	] TRAIN at global step #135 Epoch #2 Step #119 / 151: loss:1.3451, precision: 21.4985
[2021-11-09 16:15:27][__main__	][INFO	] TRAIN at global step #136 Epoch #2 Step #121 / 151: loss:1.4236, precision: 20.3741
[2021-11-09 16:15:33][__main__	][INFO	] TRAIN at global step #137 Epoch #2 Step #123 / 151: loss:1.3185, precision: 22.8377
[2021-11-09 16:15:41][__main__	][INFO	] TRAIN at global step #138 Epoch #2 Step #125 / 151: loss:1.4934, precision: 18.2087
[2021-11-09 16:15:48][__main__	][INFO	] TRAIN at global step #139 Epoch #2 Step #127 / 151: loss:1.4031, precision: 19.1350
[2021-11-09 16:15:54][__main__	][INFO	] TRAIN at global step #140 Epoch #2 Step #129 / 151: loss:1.4989, precision: 17.8758
[2021-11-09 16:16:02][__main__	][INFO	] TRAIN at global step #141 Epoch #2 Step #131 / 151: loss:1.3266, precision: 22.4771
[2021-11-09 16:16:08][__main__	][INFO	] TRAIN at global step #142 Epoch #2 Step #133 / 151: loss:1.4540, precision: 20.6529
[2021-11-09 16:16:15][__main__	][INFO	] TRAIN at global step #143 Epoch #2 Step #135 / 151: loss:1.6540, precision: 16.8933
[2021-11-09 16:16:21][__main__	][INFO	] TRAIN at global step #144 Epoch #2 Step #137 / 151: loss:1.3485, precision: 20.8116
[2021-11-09 16:16:29][__main__	][INFO	] TRAIN at global step #145 Epoch #2 Step #139 / 151: loss:1.3544, precision: 18.9036
[2021-11-09 16:16:36][__main__	][INFO	] TRAIN at global step #146 Epoch #2 Step #141 / 151: loss:1.3178, precision: 20.9160
[2021-11-09 16:16:42][__main__	][INFO	] TRAIN at global step #147 Epoch #2 Step #143 / 151: loss:1.2671, precision: 22.0479
[2021-11-09 16:16:49][__main__	][INFO	] TRAIN at global step #148 Epoch #2 Step #145 / 151: loss:1.4961, precision: 18.6385
[2021-11-09 16:16:57][__main__	][INFO	] TRAIN at global step #149 Epoch #2 Step #147 / 151: loss:1.2869, precision: 23.0765
[2021-11-09 16:17:04][__main__	][INFO	] TRAIN at global step #150 Epoch #2 Step #149 / 151: loss:1.2832, precision: 21.5284
[2021-11-09 16:17:07][__main__	][INFO	] ---> inference #0 of 156 loss: 1.6435 iou: 0.0769
[2021-11-09 16:17:07][__main__	][INFO	] ---> inference #1 of 156 loss: 1.0867 iou: 0.0862
[2021-11-09 16:17:07][__main__	][INFO	] ---> inference #2 of 156 loss: 1.2731 iou: 0.0711
[2021-11-09 16:17:07][__main__	][INFO	] ---> inference #3 of 156 loss: 1.3391 iou: 0.0704
[2021-11-09 16:17:08][__main__	][INFO	] ---> inference #4 of 156 loss: 1.5037 iou: 0.0754
[2021-11-09 16:17:09][__main__	][INFO	] ---> inference #5 of 156 loss: 1.6887 iou: 0.0795
[2021-11-09 16:17:09][__main__	][INFO	] ---> inference #6 of 156 loss: 1.9826 iou: 0.0634
[2021-11-09 16:17:09][__main__	][INFO	] ---> inference #7 of 156 loss: 1.6754 iou: 0.0636
[2021-11-09 16:17:10][__main__	][INFO	] ---> inference #8 of 156 loss: 1.6178 iou: 0.0685
[2021-11-09 16:17:10][__main__	][INFO	] ---> inference #9 of 156 loss: 2.0128 iou: 0.0533
[2021-11-09 16:17:10][__main__	][INFO	] ---> inference #10 of 156 loss: 1.5111 iou: 0.0740
[2021-11-09 16:17:11][__main__	][INFO	] ---> inference #11 of 156 loss: 1.6725 iou: 0.0519
[2021-11-09 16:17:11][__main__	][INFO	] ---> inference #12 of 156 loss: 1.1670 iou: 0.0862
[2021-11-09 16:17:11][__main__	][INFO	] ---> inference #13 of 156 loss: 1.1375 iou: 0.0825
[2021-11-09 16:17:12][__main__	][INFO	] ---> inference #14 of 156 loss: 1.2920 iou: 0.0751
[2021-11-09 16:17:12][__main__	][INFO	] ---> inference #15 of 156 loss: 1.0478 iou: 0.0957
[2021-11-09 16:17:12][__main__	][INFO	] ---> inference #16 of 156 loss: 1.1825 iou: 0.0823
[2021-11-09 16:17:12][__main__	][INFO	] ---> inference #17 of 156 loss: 1.1847 iou: 0.0847
[2021-11-09 16:17:13][__main__	][INFO	] ---> inference #18 of 156 loss: 1.2531 iou: 0.0841
[2021-11-09 16:17:13][__main__	][INFO	] ---> inference #19 of 156 loss: 1.8088 iou: 0.0563
[2021-11-09 16:17:13][__main__	][INFO	] ---> inference #20 of 156 loss: 1.3723 iou: 0.0868
[2021-11-09 16:17:14][__main__	][INFO	] ---> inference #21 of 156 loss: 1.4821 iou: 0.0848
[2021-11-09 16:17:14][__main__	][INFO	] ---> inference #22 of 156 loss: 1.5246 iou: 0.0761
[2021-11-09 16:17:14][__main__	][INFO	] ---> inference #23 of 156 loss: 0.9642 iou: 0.0874
[2021-11-09 16:17:14][__main__	][INFO	] ---> inference #24 of 156 loss: 1.4978 iou: 0.0762
[2021-11-09 16:17:14][__main__	][INFO	] ---> inference #25 of 156 loss: 2.0381 iou: 0.0702
[2021-11-09 16:17:15][__main__	][INFO	] ---> inference #26 of 156 loss: 2.1178 iou: 0.0531
[2021-11-09 16:17:15][__main__	][INFO	] ---> inference #27 of 156 loss: 2.0915 iou: 0.0575
[2021-11-09 16:17:15][__main__	][INFO	] ---> inference #28 of 156 loss: 1.2171 iou: 0.0926
[2021-11-09 16:17:16][__main__	][INFO	] ---> inference #29 of 156 loss: 0.9904 iou: 0.0820
[2021-11-09 16:17:16][__main__	][INFO	] ---> inference #30 of 156 loss: 1.5330 iou: 0.0804
[2021-11-09 16:17:16][__main__	][INFO	] ---> inference #31 of 156 loss: 1.3317 iou: 0.0954
[2021-11-09 16:17:17][__main__	][INFO	] ---> inference #32 of 156 loss: 1.7737 iou: 0.0618
[2021-11-09 16:17:17][__main__	][INFO	] ---> inference #33 of 156 loss: 1.9300 iou: 0.0640
[2021-11-09 16:17:18][__main__	][INFO	] ---> inference #34 of 156 loss: 2.0541 iou: 0.0591
[2021-11-09 16:17:18][__main__	][INFO	] ---> inference #35 of 156 loss: 1.7407 iou: 0.0700
[2021-11-09 16:17:19][__main__	][INFO	] ---> inference #36 of 156 loss: 1.7891 iou: 0.0628
[2021-11-09 16:17:20][__main__	][INFO	] ---> inference #37 of 156 loss: 1.8131 iou: 0.0677
[2021-11-09 16:17:20][__main__	][INFO	] ---> inference #38 of 156 loss: 1.8549 iou: 0.0644
[2021-11-09 16:17:21][__main__	][INFO	] ---> inference #39 of 156 loss: 1.3022 iou: 0.0872
[2021-11-09 16:17:21][__main__	][INFO	] ---> inference #40 of 156 loss: 1.6092 iou: 0.0688
[2021-11-09 16:17:22][__main__	][INFO	] ---> inference #41 of 156 loss: 2.3900 iou: 0.0677
[2021-11-09 16:17:22][__main__	][INFO	] ---> inference #42 of 156 loss: 1.2176 iou: 0.0910
[2021-11-09 16:17:22][__main__	][INFO	] ---> inference #43 of 156 loss: 1.4111 iou: 0.0722
[2021-11-09 16:17:22][__main__	][INFO	] ---> inference #44 of 156 loss: 1.5005 iou: 0.0666
[2021-11-09 16:17:23][__main__	][INFO	] ---> inference #45 of 156 loss: 2.1522 iou: 0.0634
[2021-11-09 16:17:23][__main__	][INFO	] ---> inference #46 of 156 loss: 1.3654 iou: 0.0720
[2021-11-09 16:17:24][__main__	][INFO	] ---> inference #47 of 156 loss: 1.5112 iou: 0.0675
[2021-11-09 16:17:24][__main__	][INFO	] ---> inference #48 of 156 loss: 1.1978 iou: 0.0854
[2021-11-09 16:17:25][__main__	][INFO	] ---> inference #49 of 156 loss: 1.3414 iou: 0.0741
[2021-11-09 16:17:25][__main__	][INFO	] ---> inference #50 of 156 loss: 1.1338 iou: 0.0796
[2021-11-09 16:17:26][__main__	][INFO	] ---> inference #51 of 156 loss: 1.0976 iou: 0.0694
[2021-11-09 16:17:26][__main__	][INFO	] ---> inference #52 of 156 loss: 1.1299 iou: 0.0729
[2021-11-09 16:17:26][__main__	][INFO	] ---> inference #53 of 156 loss: 1.4636 iou: 0.0681
[2021-11-09 16:17:27][__main__	][INFO	] ---> inference #54 of 156 loss: 1.1916 iou: 0.0897
[2021-11-09 16:17:27][__main__	][INFO	] ---> inference #55 of 156 loss: 1.5111 iou: 0.0666
[2021-11-09 16:17:27][__main__	][INFO	] ---> inference #56 of 156 loss: 1.8970 iou: 0.0584
[2021-11-09 16:17:28][__main__	][INFO	] ---> inference #57 of 156 loss: 1.5763 iou: 0.0907
[2021-11-09 16:17:28][__main__	][INFO	] ---> inference #58 of 156 loss: 0.7380 iou: 0.0936
[2021-11-09 16:17:29][__main__	][INFO	] ---> inference #59 of 156 loss: 1.4039 iou: 0.0735
[2021-11-09 16:17:29][__main__	][INFO	] ---> inference #60 of 156 loss: 1.4465 iou: 0.0709
[2021-11-09 16:17:29][__main__	][INFO	] ---> inference #61 of 156 loss: 1.0733 iou: 0.0880
[2021-11-09 16:17:30][__main__	][INFO	] ---> inference #62 of 156 loss: 0.8280 iou: 0.0961
[2021-11-09 16:17:30][__main__	][INFO	] ---> inference #63 of 156 loss: 2.0112 iou: 0.0605
[2021-11-09 16:17:30][__main__	][INFO	] ---> inference #64 of 156 loss: 1.6617 iou: 0.0739
[2021-11-09 16:17:31][__main__	][INFO	] ---> inference #65 of 156 loss: 1.5390 iou: 0.0728
[2021-11-09 16:17:31][__main__	][INFO	] ---> inference #66 of 156 loss: 2.1765 iou: 0.0642
[2021-11-09 16:17:31][__main__	][INFO	] ---> inference #67 of 156 loss: 1.7151 iou: 0.0682
[2021-11-09 16:17:32][__main__	][INFO	] ---> inference #68 of 156 loss: 1.4768 iou: 0.0805
[2021-11-09 16:17:32][__main__	][INFO	] ---> inference #69 of 156 loss: 1.2030 iou: 0.0512
[2021-11-09 16:17:32][__main__	][INFO	] ---> inference #70 of 156 loss: 1.3317 iou: 0.0725
[2021-11-09 16:17:33][__main__	][INFO	] ---> inference #71 of 156 loss: 1.3062 iou: 0.0817
[2021-11-09 16:17:33][__main__	][INFO	] ---> inference #72 of 156 loss: 1.1563 iou: 0.0908
[2021-11-09 16:17:34][__main__	][INFO	] ---> inference #73 of 156 loss: 0.8960 iou: 0.1011
[2021-11-09 16:17:34][__main__	][INFO	] ---> inference #74 of 156 loss: 1.2321 iou: 0.0718
[2021-11-09 16:17:34][__main__	][INFO	] ---> inference #75 of 156 loss: 2.0460 iou: 0.0651
[2021-11-09 16:17:35][__main__	][INFO	] ---> inference #76 of 156 loss: 1.8785 iou: 0.0651
[2021-11-09 16:17:35][__main__	][INFO	] ---> inference #77 of 156 loss: 1.2489 iou: 0.0798
[2021-11-09 16:17:35][__main__	][INFO	] ---> inference #78 of 156 loss: 1.6311 iou: 0.0642
[2021-11-09 16:17:36][__main__	][INFO	] ---> inference #79 of 156 loss: 1.3718 iou: 0.0802
[2021-11-09 16:17:36][__main__	][INFO	] ---> inference #80 of 156 loss: 1.6821 iou: 0.0745
[2021-11-09 16:17:37][__main__	][INFO	] ---> inference #81 of 156 loss: 1.4936 iou: 0.0725
[2021-11-09 16:17:37][__main__	][INFO	] ---> inference #82 of 156 loss: 2.2070 iou: 0.0576
[2021-11-09 16:17:38][__main__	][INFO	] ---> inference #83 of 156 loss: 1.6834 iou: 0.1042
[2021-11-09 16:17:38][__main__	][INFO	] ---> inference #84 of 156 loss: 1.0454 iou: 0.0972
[2021-11-09 16:17:38][__main__	][INFO	] ---> inference #85 of 156 loss: 1.5046 iou: 0.0637
[2021-11-09 16:17:39][__main__	][INFO	] ---> inference #86 of 156 loss: 1.8813 iou: 0.0669
[2021-11-09 16:17:39][__main__	][INFO	] ---> inference #87 of 156 loss: 1.5847 iou: 0.0721
[2021-11-09 16:17:39][__main__	][INFO	] ---> inference #88 of 156 loss: 1.6143 iou: 0.0710
[2021-11-09 16:17:40][__main__	][INFO	] ---> inference #89 of 156 loss: 1.5782 iou: 0.0819
[2021-11-09 16:17:40][__main__	][INFO	] ---> inference #90 of 156 loss: 0.9977 iou: 0.0853
[2021-11-09 16:17:40][__main__	][INFO	] ---> inference #91 of 156 loss: 1.6494 iou: 0.0794
[2021-11-09 16:17:40][__main__	][INFO	] ---> inference #92 of 156 loss: 2.3236 iou: 0.0535
[2021-11-09 16:17:41][__main__	][INFO	] ---> inference #93 of 156 loss: 1.2421 iou: 0.0742
[2021-11-09 16:17:41][__main__	][INFO	] ---> inference #94 of 156 loss: 1.3013 iou: 0.0785
[2021-11-09 16:17:41][__main__	][INFO	] ---> inference #95 of 156 loss: 1.3663 iou: 0.0797
[2021-11-09 16:17:42][__main__	][INFO	] ---> inference #96 of 156 loss: 1.2954 iou: 0.0803
[2021-11-09 16:17:42][__main__	][INFO	] ---> inference #97 of 156 loss: 1.3716 iou: 0.0716
[2021-11-09 16:17:42][__main__	][INFO	] ---> inference #98 of 156 loss: 1.0249 iou: 0.1132
[2021-11-09 16:17:43][__main__	][INFO	] ---> inference #99 of 156 loss: 1.0293 iou: 0.1004
[2021-11-09 16:17:43][__main__	][INFO	] ---> inference #100 of 156 loss: 0.9470 iou: 0.0922
[2021-11-09 16:17:43][__main__	][INFO	] ---> inference #101 of 156 loss: 1.7547 iou: 0.0715
[2021-11-09 16:17:43][__main__	][INFO	] ---> inference #102 of 156 loss: 2.3674 iou: 0.0615
[2021-11-09 16:17:44][__main__	][INFO	] ---> inference #103 of 156 loss: 2.3053 iou: 0.0594
[2021-11-09 16:17:44][__main__	][INFO	] ---> inference #104 of 156 loss: 1.7903 iou: 0.0619
[2021-11-09 16:17:44][__main__	][INFO	] ---> inference #105 of 156 loss: 1.1380 iou: 0.0719
[2021-11-09 16:17:44][__main__	][INFO	] ---> inference #106 of 156 loss: 1.9708 iou: 0.0598
[2021-11-09 16:17:45][__main__	][INFO	] ---> inference #107 of 156 loss: 1.9129 iou: 0.0567
[2021-11-09 16:17:45][__main__	][INFO	] ---> inference #108 of 156 loss: 1.4779 iou: 0.0697
[2021-11-09 16:17:45][__main__	][INFO	] ---> inference #109 of 156 loss: 1.6023 iou: 0.0709
[2021-11-09 16:17:46][__main__	][INFO	] ---> inference #110 of 156 loss: 1.5938 iou: 0.0725
[2021-11-09 16:17:46][__main__	][INFO	] ---> inference #111 of 156 loss: 1.4236 iou: 0.0726
[2021-11-09 16:17:46][__main__	][INFO	] ---> inference #112 of 156 loss: 1.7260 iou: 0.0796
[2021-11-09 16:17:47][__main__	][INFO	] ---> inference #113 of 156 loss: 1.4585 iou: 0.0798
[2021-11-09 16:17:47][__main__	][INFO	] ---> inference #114 of 156 loss: 1.2045 iou: 0.0538
[2021-11-09 16:17:47][__main__	][INFO	] ---> inference #115 of 156 loss: 1.6784 iou: 0.0724
[2021-11-09 16:17:48][__main__	][INFO	] ---> inference #116 of 156 loss: 1.3168 iou: 0.0779
[2021-11-09 16:17:48][__main__	][INFO	] ---> inference #117 of 156 loss: 1.1044 iou: 0.0890
[2021-11-09 16:17:49][__main__	][INFO	] ---> inference #118 of 156 loss: 1.3074 iou: 0.0767
[2021-11-09 16:17:49][__main__	][INFO	] ---> inference #119 of 156 loss: 2.3691 iou: 0.0557
[2021-11-09 16:17:49][__main__	][INFO	] ---> inference #120 of 156 loss: 1.4904 iou: 0.0813
[2021-11-09 16:17:50][__main__	][INFO	] ---> inference #121 of 156 loss: 1.6836 iou: 0.0713
[2021-11-09 16:17:50][__main__	][INFO	] ---> inference #122 of 156 loss: 1.5104 iou: 0.0735
[2021-11-09 16:17:51][__main__	][INFO	] ---> inference #123 of 156 loss: 1.3875 iou: 0.0817
[2021-11-09 16:17:51][__main__	][INFO	] ---> inference #124 of 156 loss: 1.8354 iou: 0.0771
[2021-11-09 16:17:51][__main__	][INFO	] ---> inference #125 of 156 loss: 1.8072 iou: 0.0671
[2021-11-09 16:17:51][__main__	][INFO	] ---> inference #126 of 156 loss: 1.4933 iou: 0.0741
[2021-11-09 16:17:52][__main__	][INFO	] ---> inference #127 of 156 loss: 1.1248 iou: 0.0951
[2021-11-09 16:17:52][__main__	][INFO	] ---> inference #128 of 156 loss: 0.8824 iou: 0.0968
[2021-11-09 16:17:52][__main__	][INFO	] ---> inference #129 of 156 loss: 1.0895 iou: 0.0922
[2021-11-09 16:17:53][__main__	][INFO	] ---> inference #130 of 156 loss: 1.3702 iou: 0.0802
[2021-11-09 16:17:53][__main__	][INFO	] ---> inference #131 of 156 loss: 1.9887 iou: 0.0667
[2021-11-09 16:17:53][__main__	][INFO	] ---> inference #132 of 156 loss: 2.2252 iou: 0.0658
[2021-11-09 16:17:53][__main__	][INFO	] ---> inference #133 of 156 loss: 1.1352 iou: 0.0957
[2021-11-09 16:17:54][__main__	][INFO	] ---> inference #134 of 156 loss: 2.0155 iou: 0.0628
[2021-11-09 16:17:54][__main__	][INFO	] ---> inference #135 of 156 loss: 1.1135 iou: 0.0694
[2021-11-09 16:17:55][__main__	][INFO	] ---> inference #136 of 156 loss: 2.2688 iou: 0.0492
[2021-11-09 16:17:55][__main__	][INFO	] ---> inference #137 of 156 loss: 2.2157 iou: 0.0559
[2021-11-09 16:17:55][__main__	][INFO	] ---> inference #138 of 156 loss: 0.8549 iou: 0.0936
[2021-11-09 16:17:55][__main__	][INFO	] ---> inference #139 of 156 loss: 0.8057 iou: 0.1011
[2021-11-09 16:17:56][__main__	][INFO	] ---> inference #140 of 156 loss: 1.1152 iou: 0.0856
[2021-11-09 16:17:56][__main__	][INFO	] ---> inference #141 of 156 loss: 1.2796 iou: 0.1091
[2021-11-09 16:17:56][__main__	][INFO	] ---> inference #142 of 156 loss: 2.1517 iou: 0.0518
[2021-11-09 16:17:56][__main__	][INFO	] ---> inference #143 of 156 loss: 1.6104 iou: 0.0708
[2021-11-09 16:17:56][__main__	][INFO	] ---> inference #144 of 156 loss: 1.7714 iou: 0.0750
[2021-11-09 16:17:57][__main__	][INFO	] ---> inference #145 of 156 loss: 1.7347 iou: 0.0742
[2021-11-09 16:17:57][__main__	][INFO	] ---> inference #146 of 156 loss: 1.8190 iou: 0.0642
[2021-11-09 16:17:58][__main__	][INFO	] ---> inference #147 of 156 loss: 2.0310 iou: 0.0589
[2021-11-09 16:17:58][__main__	][INFO	] ---> inference #148 of 156 loss: 2.0535 iou: 0.0556
[2021-11-09 16:17:58][__main__	][INFO	] ---> inference #149 of 156 loss: 1.8270 iou: 0.0564
[2021-11-09 16:17:58][__main__	][INFO	] ---> inference #150 of 156 loss: 1.7066 iou: 0.0785
[2021-11-09 16:17:58][__main__	][INFO	] ---> inference #151 of 156 loss: 1.6652 iou: 0.0689
[2021-11-09 16:17:59][__main__	][INFO	] ---> inference #152 of 156 loss: 2.6705 iou: 0.0397
[2021-11-09 16:17:59][__main__	][INFO	] ---> inference #153 of 156 loss: 2.2960 iou: 0.0542
[2021-11-09 16:17:59][__main__	][INFO	] ---> inference #154 of 156 loss: 1.8996 iou: 0.0646
[2021-11-09 16:17:59][__main__	][INFO	] ---> inference #155 of 156 loss: 1.4629 iou: 0.0732
[2021-11-09 16:17:59][__main__	][INFO	] VAL   at global step #150: loss (avg): 1.5467, iou (avg): 0.0741
[2021-11-09 16:17:59][__main__	][INFO	] VAL   at global step #150: iou (cls#0): 0.5217
[2021-11-09 16:17:59][__main__	][INFO	] VAL   at global step #150: iou (cls#1): 0.7241
[2021-11-09 16:17:59][__main__	][INFO	] VAL   at global step #150: iou (cls#2): 0.0000
[2021-11-09 16:17:59][__main__	][INFO	] VAL   at global step #150: iou (cls#3): 0.0000
[2021-11-09 16:17:59][__main__	][INFO	] VAL   at global step #150: iou (cls#4): 0.1571
[2021-11-09 16:17:59][__main__	][INFO	] VAL   at global step #150: iou (cls#5): 0.0000
[2021-11-09 16:17:59][__main__	][INFO	] VAL   at global step #150: iou (cls#6): 0.0554
[2021-11-09 16:17:59][__main__	][INFO	] VAL   at global step #150: iou (cls#7): 0.0000
[2021-11-09 16:17:59][__main__	][INFO	] VAL   at global step #150: iou (cls#8): 0.0241
[2021-11-09 16:17:59][__main__	][INFO	] VAL   at global step #150: iou (cls#9): 0.0000
[2021-11-09 16:17:59][__main__	][INFO	] VAL   at global step #150: iou (cls#10): 0.0000
[2021-11-09 16:17:59][__main__	][INFO	] VAL   at global step #150: iou (cls#11): 0.0000
[2021-11-09 16:17:59][__main__	][INFO	] VAL   at global step #150: iou (cls#12): 0.0000
[2021-11-09 16:17:59][__main__	][INFO	] VAL   at global step #150: iou (cls#13): 0.0000
[2021-11-09 16:17:59][__main__	][INFO	] VAL   at global step #150: iou (cls#14): 0.0000
[2021-11-09 16:17:59][__main__	][INFO	] VAL   at global step #150: iou (cls#15): 0.0000
[2021-11-09 16:17:59][__main__	][INFO	] VAL   at global step #150: iou (cls#16): 0.0000
[2021-11-09 16:17:59][__main__	][INFO	] VAL   at global step #150: iou (cls#17): 0.0000
[2021-11-09 16:17:59][__main__	][INFO	] VAL   at global step #150: iou (cls#18): 0.0000
[2021-11-09 16:17:59][__main__	][INFO	] VAL   at global step #150: iou (cls#19): 0.0001
[2021-11-09 16:17:59][__main__	][INFO	] Better checkpoint saved
[2021-11-09 16:18:05][__main__	][INFO	] TRAIN at global step #151 Epoch #2 Step #151 / 151: loss:1.4550, precision: 23.9881
[2021-11-09 16:18:06][__main__	][INFO	] Checkpoint at epoch #1 saved
[2021-11-09 16:18:20][__main__	][INFO	] TRAIN at global step #152 Epoch #3 Step #2 / 151: loss:1.6430, precision: 14.9256
[2021-11-09 16:18:28][__main__	][INFO	] TRAIN at global step #153 Epoch #3 Step #4 / 151: loss:1.3847, precision: 19.6132
[2021-11-09 16:18:33][__main__	][INFO	] TRAIN at global step #154 Epoch #3 Step #6 / 151: loss:1.4813, precision: 20.4636
[2021-11-09 16:18:41][__main__	][INFO	] TRAIN at global step #155 Epoch #3 Step #8 / 151: loss:1.3932, precision: 19.7906
[2021-11-09 16:18:48][__main__	][INFO	] TRAIN at global step #156 Epoch #3 Step #10 / 151: loss:1.5302, precision: 17.7380
[2021-11-09 16:18:53][__main__	][INFO	] TRAIN at global step #157 Epoch #3 Step #12 / 151: loss:1.3588, precision: 21.6585
[2021-11-09 16:19:00][__main__	][INFO	] TRAIN at global step #158 Epoch #3 Step #14 / 151: loss:1.1667, precision: 22.9717
[2021-11-09 16:19:06][__main__	][INFO	] TRAIN at global step #159 Epoch #3 Step #16 / 151: loss:1.5131, precision: 18.0343
[2021-11-09 16:19:13][__main__	][INFO	] TRAIN at global step #160 Epoch #3 Step #18 / 151: loss:1.3520, precision: 19.9225
[2021-11-09 16:19:20][__main__	][INFO	] TRAIN at global step #161 Epoch #3 Step #20 / 151: loss:1.4458, precision: 17.7275
[2021-11-09 16:19:25][__main__	][INFO	] TRAIN at global step #162 Epoch #3 Step #22 / 151: loss:1.5710, precision: 18.1191
[2021-11-09 16:19:32][__main__	][INFO	] TRAIN at global step #163 Epoch #3 Step #24 / 151: loss:1.2776, precision: 22.7150
[2021-11-09 16:19:39][__main__	][INFO	] TRAIN at global step #164 Epoch #3 Step #26 / 151: loss:1.5186, precision: 18.4950
[2021-11-09 16:19:45][__main__	][INFO	] TRAIN at global step #165 Epoch #3 Step #28 / 151: loss:1.2884, precision: 22.2572
[2021-11-09 16:19:52][__main__	][INFO	] TRAIN at global step #166 Epoch #3 Step #30 / 151: loss:1.2019, precision: 23.4319
[2021-11-09 16:19:58][__main__	][INFO	] TRAIN at global step #167 Epoch #3 Step #32 / 151: loss:1.1648, precision: 23.3823
[2021-11-09 16:20:06][__main__	][INFO	] TRAIN at global step #168 Epoch #3 Step #34 / 151: loss:1.4506, precision: 18.3390
[2021-11-09 16:20:11][__main__	][INFO	] TRAIN at global step #169 Epoch #3 Step #36 / 151: loss:1.2319, precision: 23.3402
[2021-11-09 16:20:19][__main__	][INFO	] TRAIN at global step #170 Epoch #3 Step #38 / 151: loss:1.2543, precision: 20.7946
[2021-11-09 16:20:25][__main__	][INFO	] TRAIN at global step #171 Epoch #3 Step #40 / 151: loss:1.1684, precision: 24.5467
[2021-11-09 16:20:32][__main__	][INFO	] TRAIN at global step #172 Epoch #3 Step #42 / 151: loss:1.3897, precision: 18.4844
[2021-11-09 16:20:39][__main__	][INFO	] TRAIN at global step #173 Epoch #3 Step #44 / 151: loss:1.2555, precision: 20.4222
[2021-11-09 16:20:46][__main__	][INFO	] TRAIN at global step #174 Epoch #3 Step #46 / 151: loss:1.4268, precision: 17.0588
[2021-11-09 16:20:54][__main__	][INFO	] TRAIN at global step #175 Epoch #3 Step #48 / 151: loss:1.2631, precision: 19.7489
[2021-11-09 16:21:01][__main__	][INFO	] TRAIN at global step #176 Epoch #3 Step #50 / 151: loss:1.3356, precision: 21.4497
[2021-11-09 16:21:07][__main__	][INFO	] TRAIN at global step #177 Epoch #3 Step #52 / 151: loss:1.3668, precision: 19.9345
[2021-11-09 16:21:14][__main__	][INFO	] TRAIN at global step #178 Epoch #3 Step #54 / 151: loss:1.2216, precision: 21.4973
[2021-11-09 16:21:21][__main__	][INFO	] TRAIN at global step #179 Epoch #3 Step #56 / 151: loss:1.3139, precision: 18.9415
[2021-11-09 16:21:27][__main__	][INFO	] TRAIN at global step #180 Epoch #3 Step #58 / 151: loss:1.3290, precision: 20.8069
[2021-11-09 16:21:34][__main__	][INFO	] TRAIN at global step #181 Epoch #3 Step #60 / 151: loss:1.2715, precision: 20.8437
[2021-11-09 16:21:41][__main__	][INFO	] TRAIN at global step #182 Epoch #3 Step #62 / 151: loss:1.1417, precision: 21.3807
[2021-11-09 16:21:48][__main__	][INFO	] TRAIN at global step #183 Epoch #3 Step #64 / 151: loss:1.4290, precision: 18.8027
[2021-11-09 16:21:55][__main__	][INFO	] TRAIN at global step #184 Epoch #3 Step #66 / 151: loss:1.4387, precision: 19.5556
[2021-11-09 16:22:02][__main__	][INFO	] TRAIN at global step #185 Epoch #3 Step #68 / 151: loss:1.4419, precision: 18.9702
[2021-11-09 16:22:09][__main__	][INFO	] TRAIN at global step #186 Epoch #3 Step #70 / 151: loss:1.3715, precision: 19.9877
[2021-11-09 16:22:16][__main__	][INFO	] TRAIN at global step #187 Epoch #3 Step #72 / 151: loss:1.2342, precision: 24.0575
[2021-11-09 16:22:23][__main__	][INFO	] TRAIN at global step #188 Epoch #3 Step #74 / 151: loss:1.1761, precision: 23.2783
[2021-11-09 16:22:30][__main__	][INFO	] TRAIN at global step #189 Epoch #3 Step #76 / 151: loss:1.3850, precision: 19.9265
[2021-11-09 16:22:36][__main__	][INFO	] TRAIN at global step #190 Epoch #3 Step #78 / 151: loss:1.1440, precision: 24.2461
[2021-11-09 16:22:43][__main__	][INFO	] TRAIN at global step #191 Epoch #3 Step #80 / 151: loss:1.4601, precision: 17.1638
[2021-11-09 16:22:51][__main__	][INFO	] TRAIN at global step #192 Epoch #3 Step #82 / 151: loss:1.2586, precision: 20.3914
[2021-11-09 16:23:00][__main__	][INFO	] TRAIN at global step #193 Epoch #3 Step #84 / 151: loss:1.2087, precision: 20.8903
[2021-11-09 16:23:07][__main__	][INFO	] TRAIN at global step #194 Epoch #3 Step #86 / 151: loss:1.2854, precision: 18.5261
[2021-11-09 16:23:15][__main__	][INFO	] TRAIN at global step #195 Epoch #3 Step #88 / 151: loss:1.3243, precision: 20.8386
[2021-11-09 16:23:24][__main__	][INFO	] TRAIN at global step #196 Epoch #3 Step #90 / 151: loss:1.4394, precision: 16.8503
[2021-11-09 16:23:30][__main__	][INFO	] TRAIN at global step #197 Epoch #3 Step #92 / 151: loss:1.4011, precision: 18.5188
[2021-11-09 16:23:36][__main__	][INFO	] TRAIN at global step #198 Epoch #3 Step #94 / 151: loss:1.3005, precision: 20.6638
[2021-11-09 16:23:42][__main__	][INFO	] TRAIN at global step #199 Epoch #3 Step #96 / 151: loss:1.2566, precision: 21.0215
[2021-11-09 16:23:47][__main__	][INFO	] TRAIN at global step #200 Epoch #3 Step #98 / 151: loss:1.0780, precision: 24.4785
[2021-11-09 16:23:55][__main__	][INFO	] TRAIN at global step #201 Epoch #3 Step #100 / 151: loss:1.0614, precision: 23.3804
[2021-11-09 16:24:03][__main__	][INFO	] TRAIN at global step #202 Epoch #3 Step #102 / 151: loss:1.3055, precision: 20.8243
[2021-11-09 16:24:09][__main__	][INFO	] TRAIN at global step #203 Epoch #3 Step #104 / 151: loss:1.3206, precision: 19.6176
[2021-11-09 16:24:18][__main__	][INFO	] TRAIN at global step #204 Epoch #3 Step #106 / 151: loss:1.2329, precision: 20.4475
[2021-11-09 16:24:26][__main__	][INFO	] TRAIN at global step #205 Epoch #3 Step #108 / 151: loss:1.1708, precision: 22.0547
[2021-11-09 16:24:32][__main__	][INFO	] TRAIN at global step #206 Epoch #3 Step #110 / 151: loss:1.3232, precision: 21.7008
[2021-11-09 16:24:39][__main__	][INFO	] TRAIN at global step #207 Epoch #3 Step #112 / 151: loss:1.2463, precision: 20.2846
[2021-11-09 16:24:46][__main__	][INFO	] TRAIN at global step #208 Epoch #3 Step #114 / 151: loss:1.3977, precision: 18.5661
[2021-11-09 16:24:53][__main__	][INFO	] TRAIN at global step #209 Epoch #3 Step #116 / 151: loss:1.3465, precision: 18.5529
[2021-11-09 16:25:00][__main__	][INFO	] TRAIN at global step #210 Epoch #3 Step #118 / 151: loss:1.1860, precision: 23.5770
[2021-11-09 16:25:07][__main__	][INFO	] TRAIN at global step #211 Epoch #3 Step #120 / 151: loss:1.2124, precision: 21.9174
[2021-11-09 16:25:12][__main__	][INFO	] TRAIN at global step #212 Epoch #3 Step #122 / 151: loss:1.3615, precision: 20.5317
[2021-11-09 16:25:20][__main__	][INFO	] TRAIN at global step #213 Epoch #3 Step #124 / 151: loss:1.2143, precision: 21.9436
[2021-11-09 16:25:27][__main__	][INFO	] TRAIN at global step #214 Epoch #3 Step #126 / 151: loss:1.2856, precision: 21.2824
[2021-11-09 16:25:34][__main__	][INFO	] TRAIN at global step #215 Epoch #3 Step #128 / 151: loss:1.3448, precision: 19.5775
[2021-11-09 16:25:41][__main__	][INFO	] TRAIN at global step #216 Epoch #3 Step #130 / 151: loss:1.3880, precision: 18.6869
[2021-11-09 16:25:46][__main__	][INFO	] TRAIN at global step #217 Epoch #3 Step #132 / 151: loss:1.2342, precision: 22.9314
[2021-11-09 16:25:52][__main__	][INFO	] TRAIN at global step #218 Epoch #3 Step #134 / 151: loss:1.2782, precision: 20.8981
[2021-11-09 16:25:58][__main__	][INFO	] TRAIN at global step #219 Epoch #3 Step #136 / 151: loss:1.0955, precision: 23.0445
[2021-11-09 16:26:03][__main__	][INFO	] TRAIN at global step #220 Epoch #3 Step #138 / 151: loss:1.2771, precision: 23.1543
[2021-11-09 16:26:10][__main__	][INFO	] TRAIN at global step #221 Epoch #3 Step #140 / 151: loss:1.1906, precision: 22.0501
[2021-11-09 16:26:16][__main__	][INFO	] TRAIN at global step #222 Epoch #3 Step #142 / 151: loss:1.3564, precision: 20.5892
[2021-11-09 16:26:20][__main__	][INFO	] TRAIN at global step #223 Epoch #3 Step #144 / 151: loss:1.3058, precision: 21.2449
[2021-11-09 16:26:27][__main__	][INFO	] TRAIN at global step #224 Epoch #3 Step #146 / 151: loss:1.0917, precision: 23.1753
[2021-11-09 16:26:34][__main__	][INFO	] TRAIN at global step #225 Epoch #3 Step #148 / 151: loss:1.2448, precision: 22.1027
[2021-11-09 16:26:40][__main__	][INFO	] TRAIN at global step #226 Epoch #3 Step #150 / 151: loss:1.3949, precision: 18.3192
[2021-11-09 16:26:43][__main__	][INFO	] Checkpoint at epoch #2 saved
[2021-11-09 16:26:50][__main__	][INFO	] TRAIN at global step #227 Epoch #4 Step #1 / 151: loss:1.4296, precision: 17.4961
[2021-11-09 16:26:56][__main__	][INFO	] TRAIN at global step #228 Epoch #4 Step #3 / 151: loss:1.2419, precision: 20.1039
[2021-11-09 16:27:04][__main__	][INFO	] TRAIN at global step #229 Epoch #4 Step #5 / 151: loss:1.0966, precision: 23.8867
[2021-11-09 16:27:10][__main__	][INFO	] TRAIN at global step #230 Epoch #4 Step #7 / 151: loss:1.0042, precision: 25.0116
[2021-11-09 16:27:17][__main__	][INFO	] TRAIN at global step #231 Epoch #4 Step #9 / 151: loss:1.0234, precision: 24.3584
[2021-11-09 16:27:22][__main__	][INFO	] TRAIN at global step #232 Epoch #4 Step #11 / 151: loss:0.9928, precision: 25.7212
[2021-11-09 16:27:28][__main__	][INFO	] TRAIN at global step #233 Epoch #4 Step #13 / 151: loss:1.1725, precision: 23.8500
[2021-11-09 16:27:36][__main__	][INFO	] TRAIN at global step #234 Epoch #4 Step #15 / 151: loss:1.0938, precision: 21.8182
[2021-11-09 16:27:42][__main__	][INFO	] TRAIN at global step #235 Epoch #4 Step #17 / 151: loss:1.2240, precision: 21.3441
[2021-11-09 16:27:49][__main__	][INFO	] TRAIN at global step #236 Epoch #4 Step #19 / 151: loss:1.0863, precision: 22.2035
[2021-11-09 16:27:56][__main__	][INFO	] TRAIN at global step #237 Epoch #4 Step #21 / 151: loss:1.2454, precision: 21.5194
[2021-11-09 16:28:02][__main__	][INFO	] TRAIN at global step #238 Epoch #4 Step #23 / 151: loss:1.0954, precision: 24.7482
[2021-11-09 16:28:07][__main__	][INFO	] TRAIN at global step #239 Epoch #4 Step #25 / 151: loss:1.3706, precision: 21.8065
[2021-11-09 16:28:13][__main__	][INFO	] TRAIN at global step #240 Epoch #4 Step #27 / 151: loss:1.1983, precision: 20.3829
[2021-11-09 16:28:22][__main__	][INFO	] TRAIN at global step #241 Epoch #4 Step #29 / 151: loss:1.1194, precision: 21.0447
[2021-11-09 16:28:30][__main__	][INFO	] TRAIN at global step #242 Epoch #4 Step #31 / 151: loss:1.4032, precision: 15.8371
[2021-11-09 16:28:37][__main__	][INFO	] TRAIN at global step #243 Epoch #4 Step #33 / 151: loss:1.4603, precision: 16.7437
[2021-11-09 16:28:43][__main__	][INFO	] TRAIN at global step #244 Epoch #4 Step #35 / 151: loss:1.0936, precision: 24.0800
[2021-11-09 16:28:49][__main__	][INFO	] TRAIN at global step #245 Epoch #4 Step #37 / 151: loss:1.0243, precision: 25.0046
[2021-11-09 16:28:56][__main__	][INFO	] TRAIN at global step #246 Epoch #4 Step #39 / 151: loss:1.2304, precision: 20.9071
[2021-11-09 16:29:04][__main__	][INFO	] TRAIN at global step #247 Epoch #4 Step #41 / 151: loss:1.0407, precision: 23.2615
[2021-11-09 16:29:09][__main__	][INFO	] TRAIN at global step #248 Epoch #4 Step #43 / 151: loss:1.0577, precision: 22.4976
[2021-11-09 16:29:17][__main__	][INFO	] TRAIN at global step #249 Epoch #4 Step #45 / 151: loss:1.2464, precision: 19.7167
[2021-11-09 16:29:24][__main__	][INFO	] TRAIN at global step #250 Epoch #4 Step #47 / 151: loss:1.3272, precision: 19.5693
[2021-11-09 16:29:30][__main__	][INFO	] TRAIN at global step #251 Epoch #4 Step #49 / 151: loss:1.4269, precision: 17.4300
[2021-11-09 16:29:36][__main__	][INFO	] TRAIN at global step #252 Epoch #4 Step #51 / 151: loss:1.1143, precision: 24.2122
[2021-11-09 16:29:42][__main__	][INFO	] TRAIN at global step #253 Epoch #4 Step #53 / 151: loss:1.2173, precision: 21.2151
[2021-11-09 16:29:49][__main__	][INFO	] TRAIN at global step #254 Epoch #4 Step #55 / 151: loss:1.1558, precision: 21.2870
[2021-11-09 16:29:56][__main__	][INFO	] TRAIN at global step #255 Epoch #4 Step #57 / 151: loss:1.0915, precision: 23.0517
[2021-11-09 16:30:05][__main__	][INFO	] TRAIN at global step #256 Epoch #4 Step #59 / 151: loss:1.1226, precision: 21.8732
[2021-11-09 16:30:11][__main__	][INFO	] TRAIN at global step #257 Epoch #4 Step #61 / 151: loss:1.0933, precision: 23.3282
[2021-11-09 16:30:18][__main__	][INFO	] TRAIN at global step #258 Epoch #4 Step #63 / 151: loss:1.2676, precision: 18.1064
[2021-11-09 16:30:26][__main__	][INFO	] TRAIN at global step #259 Epoch #4 Step #65 / 151: loss:1.1284, precision: 21.8814
[2021-11-09 16:30:32][__main__	][INFO	] TRAIN at global step #260 Epoch #4 Step #67 / 151: loss:1.1877, precision: 20.5835
[2021-11-09 16:30:37][__main__	][INFO	] TRAIN at global step #261 Epoch #4 Step #69 / 151: loss:1.2330, precision: 21.7900
[2021-11-09 16:30:45][__main__	][INFO	] TRAIN at global step #262 Epoch #4 Step #71 / 151: loss:1.0066, precision: 23.0268
[2021-11-09 16:30:51][__main__	][INFO	] TRAIN at global step #263 Epoch #4 Step #73 / 151: loss:1.2212, precision: 20.4059
Traceback (most recent call last):
  File "new.py", line 1012, in <module>
    main()
  File "new.py", line 90, in main
    main_worker()
  File "new.py", line 217, in main_worker
    train(model, train_dataloader, val_dataloader, config, logger, rank=rank, world_size=world_size)
  File "new.py", line 747, in train
    loss.backward()
  File "/home/aidrive/tb5zhh/.conda/envs/tbw_3dscan/lib/python3.8/site-packages/torch/tensor.py", line 245, in backward
    torch.autograd.backward(self, gradient, retain_graph, create_graph, inputs=inputs)
  File "/home/aidrive/tb5zhh/.conda/envs/tbw_3dscan/lib/python3.8/site-packages/torch/autograd/__init__.py", line 145, in backward
    Variable._execution_engine.run_backward(
RuntimeError: CUDA out of memory. Tried to allocate 488.00 MiB (GPU 0; 19.62 GiB total capacity; 17.00 GiB already allocated; 69.12 MiB free; 17.95 GiB reserved in total by PyTorch)

wandb: Waiting for W&B process to finish, PID 241802... (failed 1). Press ctrl-c to abort syncing.
wandb: - 0.05MB of 0.05MB uploaded (0.00MB deduped)wandb: \ 0.05MB of 0.05MB uploaded (0.00MB deduped)wandb: | 0.05MB of 0.11MB uploaded (0.00MB deduped)wandb: / 0.05MB of 0.11MB uploaded (0.00MB deduped)wandb: - 0.05MB of 0.11MB uploaded (0.00MB deduped)wandb: \ 0.05MB of 0.11MB uploaded (0.00MB deduped)wandb: | 0.05MB of 0.11MB uploaded (0.00MB deduped)wandb: / 0.05MB of 0.11MB uploaded (0.00MB deduped)wandb: - 0.06MB of 0.11MB uploaded (0.00MB deduped)wandb: \ 0.06MB of 0.11MB uploaded (0.00MB deduped)wandb: | 0.06MB of 0.11MB uploaded (0.00MB deduped)wandb: / 0.11MB of 0.11MB uploaded (0.00MB deduped)wandb: - 0.11MB of 0.11MB uploaded (0.00MB deduped)wandb: \ 0.11MB of 0.11MB uploaded (0.00MB deduped)wandb: | 0.11MB of 0.11MB uploaded (0.00MB deduped)wandb: / 0.11MB of 0.11MB uploaded (0.00MB deduped)wandb: - 0.11MB of 0.11MB uploaded (0.00MB deduped)wandb: \ 0.11MB of 0.11MB uploaded (0.00MB deduped)wandb: | 0.11MB of 0.11MB uploaded (0.00MB deduped)wandb: / 0.11MB of 0.11MB uploaded (0.00MB deduped)wandb:                                                                                
wandb: Run history:
wandb:     global_step ▁▁▁▂▂▂▂▂▂▃▃▃▃▃▃▄▄▄▄▄▅▅▅▅▅▅▆▆▆▆▆▆▇▇▇▇▇███
wandb:   learning rate ████▇▇▇▇▇▆▆▆▆▆▆▅▅▅▅▅▅▄▄▄▄▄▃▃▃▃▃▃▂▂▂▂▂▁▁▁
wandb:            loss █▇▅▄▄▄▅▄▅▃▅▅▃▄▄▅▃▄▅▄▄▄▄▅▃▄▃▃▃▂▁▂▃▃▂▁▂▂▂▂
wandb:      optim_step ▁▁▁▁▂▂▂▂▂▃▃▃▃▃▃▄▄▄▄▄▅▅▅▅▅▅▆▆▆▆▆▆▇▇▇▇▇███
wandb:       precision ▁▃▃▅▅▄▅▅▂▅▃▂▆▄▄▃▅▅▂▄▃▃▄▂▅▄▄▅▄▅▇▅▅▇▇█▅▇▇▅
wandb:        val_loss ▁
wandb:   val_miou_mean ▁
wandb:        val_step ▁
wandb: 
wandb: Run summary:
wandb:     global_step 263
wandb:   learning rate 0.09921
wandb:            loss 1.22124
wandb:      optim_step 263
wandb:       precision 20.40591
wandb:        val_loss 1.5467
wandb:   val_miou_mean 0.07413
wandb:        val_step 1
wandb: 
wandb: Synced 6 W&B file(s), 0 media file(s), 0 artifact file(s) and 1 other file(s)
wandb: Synced fearless-monkey-285: https://wandb.ai/tb5zhh/3dsp/runs/dja2t1kt
wandb: Find logs at: ./wandb/run-20211109_155953-dja2t1kt/logs/debug.log
wandb: 
