200_fit_unc
/home/aidrive/tb5zhh/.conda/envs/tbw_3dscan/lib/python3.8/site-packages/MinkowskiEngine/__init__.py:36: UserWarning: The environment variable `OMP_NUM_THREADS` not set. MinkowskiEngine will automatically set `OMP_NUM_THREADS=16`. If you want to set `OMP_NUM_THREADS` manually, please export it on the command line before running a python script. e.g. `export OMP_NUM_THREADS=12; python your_program.py`. It is recommended to set it below 24.
  warnings.warn(
[2021-11-09 16:31:10][__main__	][INFO	] Run with 1 cpu
[2021-11-09 16:31:10][__main__	][INFO	] Running config
[2021-11-09 16:31:10][__main__	][INFO	] --->                          model: Res16UNet34C
[2021-11-09 16:31:10][__main__	][INFO	] --->              conv1_kernel_size: 5
[2021-11-09 16:31:10][__main__	][INFO	] --->                        weights: checkpoints/pretrain_20000.pth
[2021-11-09 16:31:10][__main__	][INFO	] --->                       weights1: /home/aidrive1/workspace/luoly/dataset/final/min_weights/LR/unc/1/512/checkpoint_NoneRes16UNet34Cbest_val.pth
[2021-11-09 16:31:10][__main__	][INFO	] --->                       weights2: /home/aidrive1/workspace/luoly/dataset/final/min_weights/LR/512/1/checkpoint_NoneRes16UNet34Cbest_val.pth
[2021-11-09 16:31:10][__main__	][INFO	] --->                       weights3: /home/aidrive1/workspace/luoly/dataset/final/min_weights/LR/1024/1/checkpoint_NoneRes16UNet34Cbest_val.pth
[2021-11-09 16:31:10][__main__	][INFO	] --->        weights_for_inner_model: False
[2021-11-09 16:31:10][__main__	][INFO	] --->                      dilations: [1, 1, 1, 1]
[2021-11-09 16:31:10][__main__	][INFO	] --->                   wrapper_type: None
[2021-11-09 16:31:10][__main__	][INFO	] --->            wrapper_region_type: 1
[2021-11-09 16:31:10][__main__	][INFO	] --->            wrapper_kernel_size: 3
[2021-11-09 16:31:10][__main__	][INFO	] --->                     wrapper_lr: 0.1
[2021-11-09 16:31:10][__main__	][INFO	] --->           meanfield_iterations: 10
[2021-11-09 16:31:10][__main__	][INFO	] --->              crf_spatial_sigma: 1
[2021-11-09 16:31:10][__main__	][INFO	] --->            crf_chromatic_sigma: 12
[2021-11-09 16:31:10][__main__	][INFO	] --->                      optimizer: SGD
[2021-11-09 16:31:10][__main__	][INFO	] --->                             lr: 0.1
[2021-11-09 16:31:10][__main__	][INFO	] --->                   sgd_momentum: 0.9
[2021-11-09 16:31:10][__main__	][INFO	] --->                  sgd_dampening: 0.1
[2021-11-09 16:31:10][__main__	][INFO	] --->                     adam_beta1: 0.9
[2021-11-09 16:31:10][__main__	][INFO	] --->                     adam_beta2: 0.999
[2021-11-09 16:31:10][__main__	][INFO	] --->                   weight_decay: 0.0001
[2021-11-09 16:31:10][__main__	][INFO	] --->           param_histogram_freq: 100
[2021-11-09 16:31:10][__main__	][INFO	] --->           save_param_histogram: False
[2021-11-09 16:31:10][__main__	][INFO	] --->                      iter_size: 1
[2021-11-09 16:31:10][__main__	][INFO	] --->                    bn_momentum: 0.02
[2021-11-09 16:31:10][__main__	][INFO	] --->                      scheduler: PolyLR
[2021-11-09 16:31:10][__main__	][INFO	] --->                       max_iter: 30000
[2021-11-09 16:31:10][__main__	][INFO	] --->                      step_size: 20000.0
[2021-11-09 16:31:10][__main__	][INFO	] --->                     step_gamma: 0.1
[2021-11-09 16:31:10][__main__	][INFO	] --->                     poly_power: 0.9
[2021-11-09 16:31:10][__main__	][INFO	] --->                      exp_gamma: 0.95
[2021-11-09 16:31:10][__main__	][INFO	] --->                  exp_step_size: 445
[2021-11-09 16:31:10][__main__	][INFO	] --->                        log_dir: log
[2021-11-09 16:31:10][__main__	][INFO	] --->                       data_dir: data
[2021-11-09 16:31:10][__main__	][INFO	] --->                        dataset: ScannetVoxelization2cmDataset
[2021-11-09 16:31:10][__main__	][INFO	] --->                    testdataset: ScannetVoxelization2cmtestDataset
[2021-11-09 16:31:10][__main__	][INFO	] --->              temporal_dilation: 30
[2021-11-09 16:31:10][__main__	][INFO	] --->                temporal_numseq: 3
[2021-11-09 16:31:10][__main__	][INFO	] --->                      point_lim: -1
[2021-11-09 16:31:10][__main__	][INFO	] --->                  pre_point_lim: -1
[2021-11-09 16:31:10][__main__	][INFO	] --->                     batch_size: 1
[2021-11-09 16:31:10][__main__	][INFO	] --->                test_batch_size: 1
[2021-11-09 16:31:10][__main__	][INFO	] --->                     cache_data: False
[2021-11-09 16:31:10][__main__	][INFO	] --->                    num_workers: 4
[2021-11-09 16:31:10][__main__	][INFO	] --->                num_val_workers: 1
[2021-11-09 16:31:10][__main__	][INFO	] --->                   ignore_label: 255
[2021-11-09 16:31:10][__main__	][INFO	] --->          return_transformation: False
[2021-11-09 16:31:10][__main__	][INFO	] --->         ignore_duplicate_class: False
[2021-11-09 16:31:10][__main__	][INFO	] --->                   partial_crop: 0.0
[2021-11-09 16:31:10][__main__	][INFO	] --->          train_limit_numpoints: 0
[2021-11-09 16:31:10][__main__	][INFO	] --->                   synthia_path: /home/chrischoy/datasets/Synthia/Synthia4D
[2021-11-09 16:31:10][__main__	][INFO	] --->            synthia_camera_path: /home/chrischoy/datasets/Synthia/%s/CameraParams/
[2021-11-09 16:31:10][__main__	][INFO	] --->  synthia_camera_intrinsic_file: intrinsics.txt
[2021-11-09 16:31:10][__main__	][INFO	] ---> synthia_camera_extrinsics_file: Stereo_Right/Omni_F/%s.txt
[2021-11-09 16:31:10][__main__	][INFO	] --->         temporal_rand_dilation: False
[2021-11-09 16:31:10][__main__	][INFO	] --->           temporal_rand_numseq: False
[2021-11-09 16:31:10][__main__	][INFO	] --->                   scannet_path: /home/aidrive/tb5zhh/data/200_fit_unc/train
[2021-11-09 16:31:10][__main__	][INFO	] --->              scannet_test_path: /home/aidrive/tb5zhh/data/full/train
[2021-11-09 16:31:10][__main__	][INFO	] --->                stanford3d_path: /home/chrischoy/datasets/Stanford3D
[2021-11-09 16:31:10][__main__	][INFO	] --->                       is_train: True
[2021-11-09 16:31:10][__main__	][INFO	] --->                      stat_freq: 40
[2021-11-09 16:31:10][__main__	][INFO	] --->                 test_stat_freq: 100
[2021-11-09 16:31:10][__main__	][INFO	] --->                test_stat_freq1: 312
[2021-11-09 16:31:10][__main__	][INFO	] --->                      save_freq: 1000
[2021-11-09 16:31:10][__main__	][INFO	] --->                       val_freq: 2
[2021-11-09 16:31:10][__main__	][INFO	] --->               empty_cache_freq: 1
[2021-11-09 16:31:10][__main__	][INFO	] --->                    train_phase: train
[2021-11-09 16:31:10][__main__	][INFO	] --->                      val_phase: val
[2021-11-09 16:31:10][__main__	][INFO	] --->              overwrite_weights: True
[2021-11-09 16:31:10][__main__	][INFO	] --->                         resume: 1
[2021-11-09 16:31:10][__main__	][INFO	] --->               resume_optimizer: True
[2021-11-09 16:31:10][__main__	][INFO	] --->                  eval_upsample: False
[2021-11-09 16:31:10][__main__	][INFO	] --->         lenient_weight_loading: False
[2021-11-09 16:31:10][__main__	][INFO	] --->         distributed_world_size: 2
[2021-11-09 16:31:10][__main__	][INFO	] --->               distributed_rank: 0
[2021-11-09 16:31:10][__main__	][INFO	] --->            distributed_backend: nccl
[2021-11-09 16:31:10][__main__	][INFO	] --->        distributed_init_method: 
[2021-11-09 16:31:10][__main__	][INFO	] --->               distributed_port: 10010
[2021-11-09 16:31:10][__main__	][INFO	] --->                      device_id: 0
[2021-11-09 16:31:10][__main__	][INFO	] --->           distributed_no_spawn: True
[2021-11-09 16:31:10][__main__	][INFO	] --->                    ddp_backend: c10d
[2021-11-09 16:31:10][__main__	][INFO	] --->                  bucket_cap_mb: 25
[2021-11-09 16:31:10][__main__	][INFO	] --->                   use_feat_aug: True
[2021-11-09 16:31:10][__main__	][INFO	] --->     data_aug_color_trans_ratio: 0.1
[2021-11-09 16:31:10][__main__	][INFO	] --->      data_aug_color_jitter_std: 0.05
[2021-11-09 16:31:10][__main__	][INFO	] --->                normalize_color: True
[2021-11-09 16:31:10][__main__	][INFO	] --->             data_aug_scale_min: 0.9
[2021-11-09 16:31:10][__main__	][INFO	] --->             data_aug_scale_max: 1.1
[2021-11-09 16:31:10][__main__	][INFO	] --->               data_aug_hue_max: 0.5
[2021-11-09 16:31:10][__main__	][INFO	] --->        data_aug_saturation_max: 0.2
[2021-11-09 16:31:10][__main__	][INFO	] --->                      visualize: False
[2021-11-09 16:31:10][__main__	][INFO	] --->          test_temporal_average: False
[2021-11-09 16:31:10][__main__	][INFO	] --->                 visualize_path: outputs/visualize
[2021-11-09 16:31:10][__main__	][INFO	] --->                save_prediction: False
[2021-11-09 16:31:10][__main__	][INFO	] --->                  save_pred_dir: outputs/pred
[2021-11-09 16:31:10][__main__	][INFO	] --->                     test_phase: test
[2021-11-09 16:31:10][__main__	][INFO	] --->   evaluate_original_pointcloud: False
[2021-11-09 16:31:10][__main__	][INFO	] --->       test_original_pointcloud: False
[2021-11-09 16:31:10][__main__	][INFO	] --->                        is_cuda: True
[2021-11-09 16:31:10][__main__	][INFO	] --->                      load_path: 
[2021-11-09 16:31:10][__main__	][INFO	] --->                       log_step: 50
[2021-11-09 16:31:10][__main__	][INFO	] --->                      log_level: INFO
[2021-11-09 16:31:10][__main__	][INFO	] --->                        num_gpu: 1
[2021-11-09 16:31:10][__main__	][INFO	] --->                           seed: 42
[2021-11-09 16:31:10][__main__	][INFO	] --->                       run_name: finetune_200_fit_unc_0.1_Res16UNet34C
[2021-11-09 16:31:10][__main__	][INFO	] --->                      unc_round: 20
[2021-11-09 16:31:10][__main__	][INFO	] --->                 unc_result_dir: /
[2021-11-09 16:31:10][__main__	][INFO	] --->                          wandb: True
[2021-11-09 16:31:10][__main__	][INFO	] --->                  train_dataset: ScannetVoxelization2cmDataset
[2021-11-09 16:31:10][__main__	][INFO	] --->                    val_dataset: ScannetVoxelization2cmtestDataset
[2021-11-09 16:31:10][__main__	][INFO	] --->                 checkpoint_dir: checkpoints
[2021-11-09 16:31:10][__main__	][INFO	] --->                     optim_step: 2
[2021-11-09 16:31:10][__main__	][INFO	] --->                  validate_step: 150
[2021-11-09 16:31:10][__main__	][INFO	] --->                    train_epoch: 20000
[2021-11-09 16:31:10][__main__	][INFO	] --->               train_batch_size: 8
[2021-11-09 16:31:10][__main__	][INFO	] --->                 val_batch_size: 2
[2021-11-09 16:31:10][__main__	][INFO	] --->                eval_result_dir: /
[2021-11-09 16:31:10][__main__	][INFO	] --->                  unc_stat_path: /
[2021-11-09 16:31:10][__main__	][INFO	] --->                     save_epoch: 1
[2021-11-09 16:31:10][__main__	][INFO	] --->                   ignore_index: 255
[2021-11-09 16:31:10][__main__	][INFO	] --->                       do_train: True
[2021-11-09 16:31:10][__main__	][INFO	] --->               do_unc_inference: False
[2021-11-09 16:31:10][__main__	][INFO	] --->                    do_unc_demo: False
[2021-11-09 16:31:10][__main__	][INFO	] --->                    unc_dataset: 
[2021-11-09 16:31:10][__main__	][INFO	] --->           do_verbose_inference: False
[2021-11-09 16:31:10][__main__	][INFO	] --->                  do_unc_render: False
[2021-11-09 16:31:20][__main__	][INFO	] Weights loaded from checkpoints/pretrain_20000.pth
[2021-11-09 16:31:20][__main__	][INFO	] [Errno 2] No such file or directory: 'checkpoints/finetune_200_fit_unc_0.1_Res16UNet34C_latest.pth'
new.py:162: DeprecationWarning: The 'warn' method is deprecated, use 'warning' instead
  logger.warn(f"checkpoint not found")
[2021-11-09 16:31:20][__main__	][WARNING	] checkpoint not found
[2021-11-09 16:31:20][__main__	][INFO	] Model setup done
[2021-11-09 16:31:20][__main__	][INFO	] 
Res16UNet34C(
  (conv0p1s1): MinkowskiConvolution(in=3, out=32, kernel_size=[5, 5, 5], stride=[1, 1, 1], dilation=[1, 1, 1])
  (bn0): MinkowskiBatchNorm(32, eps=1e-05, momentum=0.02, affine=True, track_running_stats=True)
  (conv1p1s2): MinkowskiConvolution(in=32, out=32, kernel_size=[2, 2, 2], stride=[2, 2, 2], dilation=[1, 1, 1])
  (bn1): MinkowskiBatchNorm(32, eps=1e-05, momentum=0.02, affine=True, track_running_stats=True)
  (block1): Sequential(
    (0): BasicBlock(
      (conv1): MinkowskiConvolution(in=32, out=32, kernel_size=[3, 3, 3], stride=[1, 1, 1], dilation=[1, 1, 1])
      (norm1): MinkowskiBatchNorm(32, eps=1e-05, momentum=0.1, affine=True, track_running_stats=True)
      (conv2): MinkowskiConvolution(in=32, out=32, kernel_size=[3, 3, 3], stride=[1, 1, 1], dilation=[1, 1, 1])
      (norm2): MinkowskiBatchNorm(32, eps=1e-05, momentum=0.1, affine=True, track_running_stats=True)
      (relu): MinkowskiReLU()
    )
    (1): BasicBlock(
      (conv1): MinkowskiConvolution(in=32, out=32, kernel_size=[3, 3, 3], stride=[1, 1, 1], dilation=[1, 1, 1])
      (norm1): MinkowskiBatchNorm(32, eps=1e-05, momentum=0.1, affine=True, track_running_stats=True)
      (conv2): MinkowskiConvolution(in=32, out=32, kernel_size=[3, 3, 3], stride=[1, 1, 1], dilation=[1, 1, 1])
      (norm2): MinkowskiBatchNorm(32, eps=1e-05, momentum=0.1, affine=True, track_running_stats=True)
      (relu): MinkowskiReLU()
    )
  )
  (conv2p2s2): MinkowskiConvolution(in=32, out=32, kernel_size=[2, 2, 2], stride=[2, 2, 2], dilation=[1, 1, 1])
  (bn2): MinkowskiBatchNorm(32, eps=1e-05, momentum=0.02, affine=True, track_running_stats=True)
  (block2): Sequential(
    (0): BasicBlock(
      (conv1): MinkowskiConvolution(in=32, out=64, kernel_size=[3, 3, 3], stride=[1, 1, 1], dilation=[1, 1, 1])
      (norm1): MinkowskiBatchNorm(64, eps=1e-05, momentum=0.1, affine=True, track_running_stats=True)
      (conv2): MinkowskiConvolution(in=64, out=64, kernel_size=[3, 3, 3], stride=[1, 1, 1], dilation=[1, 1, 1])
      (norm2): MinkowskiBatchNorm(64, eps=1e-05, momentum=0.1, affine=True, track_running_stats=True)
      (relu): MinkowskiReLU()
      (downsample): Sequential(
        (0): MinkowskiConvolution(in=32, out=64, kernel_size=[1, 1, 1], stride=[1, 1, 1], dilation=[1, 1, 1])
        (1): MinkowskiBatchNorm(64, eps=1e-05, momentum=0.02, affine=True, track_running_stats=True)
      )
    )
    (1): BasicBlock(
      (conv1): MinkowskiConvolution(in=64, out=64, kernel_size=[3, 3, 3], stride=[1, 1, 1], dilation=[1, 1, 1])
      (norm1): MinkowskiBatchNorm(64, eps=1e-05, momentum=0.1, affine=True, track_running_stats=True)
      (conv2): MinkowskiConvolution(in=64, out=64, kernel_size=[3, 3, 3], stride=[1, 1, 1], dilation=[1, 1, 1])
      (norm2): MinkowskiBatchNorm(64, eps=1e-05, momentum=0.1, affine=True, track_running_stats=True)
      (relu): MinkowskiReLU()
    )
    (2): BasicBlock(
      (conv1): MinkowskiConvolution(in=64, out=64, kernel_size=[3, 3, 3], stride=[1, 1, 1], dilation=[1, 1, 1])
      (norm1): MinkowskiBatchNorm(64, eps=1e-05, momentum=0.1, affine=True, track_running_stats=True)
      (conv2): MinkowskiConvolution(in=64, out=64, kernel_size=[3, 3, 3], stride=[1, 1, 1], dilation=[1, 1, 1])
      (norm2): MinkowskiBatchNorm(64, eps=1e-05, momentum=0.1, affine=True, track_running_stats=True)
      (relu): MinkowskiReLU()
    )
  )
  (conv3p4s2): MinkowskiConvolution(in=64, out=64, kernel_size=[2, 2, 2], stride=[2, 2, 2], dilation=[1, 1, 1])
  (bn3): MinkowskiBatchNorm(64, eps=1e-05, momentum=0.02, affine=True, track_running_stats=True)
  (block3): Sequential(
    (0): BasicBlock(
      (conv1): MinkowskiConvolution(in=64, out=128, kernel_size=[3, 3, 3], stride=[1, 1, 1], dilation=[1, 1, 1])
      (norm1): MinkowskiBatchNorm(128, eps=1e-05, momentum=0.1, affine=True, track_running_stats=True)
      (conv2): MinkowskiConvolution(in=128, out=128, kernel_size=[3, 3, 3], stride=[1, 1, 1], dilation=[1, 1, 1])
      (norm2): MinkowskiBatchNorm(128, eps=1e-05, momentum=0.1, affine=True, track_running_stats=True)
      (relu): MinkowskiReLU()
      (downsample): Sequential(
        (0): MinkowskiConvolution(in=64, out=128, kernel_size=[1, 1, 1], stride=[1, 1, 1], dilation=[1, 1, 1])
        (1): MinkowskiBatchNorm(128, eps=1e-05, momentum=0.02, affine=True, track_running_stats=True)
      )
    )
    (1): BasicBlock(
      (conv1): MinkowskiConvolution(in=128, out=128, kernel_size=[3, 3, 3], stride=[1, 1, 1], dilation=[1, 1, 1])
      (norm1): MinkowskiBatchNorm(128, eps=1e-05, momentum=0.1, affine=True, track_running_stats=True)
      (conv2): MinkowskiConvolution(in=128, out=128, kernel_size=[3, 3, 3], stride=[1, 1, 1], dilation=[1, 1, 1])
      (norm2): MinkowskiBatchNorm(128, eps=1e-05, momentum=0.1, affine=True, track_running_stats=True)
      (relu): MinkowskiReLU()
    )
    (2): BasicBlock(
      (conv1): MinkowskiConvolution(in=128, out=128, kernel_size=[3, 3, 3], stride=[1, 1, 1], dilation=[1, 1, 1])
      (norm1): MinkowskiBatchNorm(128, eps=1e-05, momentum=0.1, affine=True, track_running_stats=True)
      (conv2): MinkowskiConvolution(in=128, out=128, kernel_size=[3, 3, 3], stride=[1, 1, 1], dilation=[1, 1, 1])
      (norm2): MinkowskiBatchNorm(128, eps=1e-05, momentum=0.1, affine=True, track_running_stats=True)
      (relu): MinkowskiReLU()
    )
    (3): BasicBlock(
      (conv1): MinkowskiConvolution(in=128, out=128, kernel_size=[3, 3, 3], stride=[1, 1, 1], dilation=[1, 1, 1])
      (norm1): MinkowskiBatchNorm(128, eps=1e-05, momentum=0.1, affine=True, track_running_stats=True)
      (conv2): MinkowskiConvolution(in=128, out=128, kernel_size=[3, 3, 3], stride=[1, 1, 1], dilation=[1, 1, 1])
      (norm2): MinkowskiBatchNorm(128, eps=1e-05, momentum=0.1, affine=True, track_running_stats=True)
      (relu): MinkowskiReLU()
    )
  )
  (conv4p8s2): MinkowskiConvolution(in=128, out=128, kernel_size=[2, 2, 2], stride=[2, 2, 2], dilation=[1, 1, 1])
  (bn4): MinkowskiBatchNorm(128, eps=1e-05, momentum=0.02, affine=True, track_running_stats=True)
  (block4): Sequential(
    (0): BasicBlock(
      (conv1): MinkowskiConvolution(in=128, out=256, kernel_size=[3, 3, 3], stride=[1, 1, 1], dilation=[1, 1, 1])
      (norm1): MinkowskiBatchNorm(256, eps=1e-05, momentum=0.1, affine=True, track_running_stats=True)
      (conv2): MinkowskiConvolution(in=256, out=256, kernel_size=[3, 3, 3], stride=[1, 1, 1], dilation=[1, 1, 1])
      (norm2): MinkowskiBatchNorm(256, eps=1e-05, momentum=0.1, affine=True, track_running_stats=True)
      (relu): MinkowskiReLU()
      (downsample): Sequential(
        (0): MinkowskiConvolution(in=128, out=256, kernel_size=[1, 1, 1], stride=[1, 1, 1], dilation=[1, 1, 1])
        (1): MinkowskiBatchNorm(256, eps=1e-05, momentum=0.02, affine=True, track_running_stats=True)
      )
    )
    (1): BasicBlock(
      (conv1): MinkowskiConvolution(in=256, out=256, kernel_size=[3, 3, 3], stride=[1, 1, 1], dilation=[1, 1, 1])
      (norm1): MinkowskiBatchNorm(256, eps=1e-05, momentum=0.1, affine=True, track_running_stats=True)
      (conv2): MinkowskiConvolution(in=256, out=256, kernel_size=[3, 3, 3], stride=[1, 1, 1], dilation=[1, 1, 1])
      (norm2): MinkowskiBatchNorm(256, eps=1e-05, momentum=0.1, affine=True, track_running_stats=True)
      (relu): MinkowskiReLU()
    )
    (2): BasicBlock(
      (conv1): MinkowskiConvolution(in=256, out=256, kernel_size=[3, 3, 3], stride=[1, 1, 1], dilation=[1, 1, 1])
      (norm1): MinkowskiBatchNorm(256, eps=1e-05, momentum=0.1, affine=True, track_running_stats=True)
      (conv2): MinkowskiConvolution(in=256, out=256, kernel_size=[3, 3, 3], stride=[1, 1, 1], dilation=[1, 1, 1])
      (norm2): MinkowskiBatchNorm(256, eps=1e-05, momentum=0.1, affine=True, track_running_stats=True)
      (relu): MinkowskiReLU()
    )
    (3): BasicBlock(
      (conv1): MinkowskiConvolution(in=256, out=256, kernel_size=[3, 3, 3], stride=[1, 1, 1], dilation=[1, 1, 1])
      (norm1): MinkowskiBatchNorm(256, eps=1e-05, momentum=0.1, affine=True, track_running_stats=True)
      (conv2): MinkowskiConvolution(in=256, out=256, kernel_size=[3, 3, 3], stride=[1, 1, 1], dilation=[1, 1, 1])
      (norm2): MinkowskiBatchNorm(256, eps=1e-05, momentum=0.1, affine=True, track_running_stats=True)
      (relu): MinkowskiReLU()
    )
    (4): BasicBlock(
      (conv1): MinkowskiConvolution(in=256, out=256, kernel_size=[3, 3, 3], stride=[1, 1, 1], dilation=[1, 1, 1])
      (norm1): MinkowskiBatchNorm(256, eps=1e-05, momentum=0.1, affine=True, track_running_stats=True)
      (conv2): MinkowskiConvolution(in=256, out=256, kernel_size=[3, 3, 3], stride=[1, 1, 1], dilation=[1, 1, 1])
      (norm2): MinkowskiBatchNorm(256, eps=1e-05, momentum=0.1, affine=True, track_running_stats=True)
      (relu): MinkowskiReLU()
    )
    (5): BasicBlock(
      (conv1): MinkowskiConvolution(in=256, out=256, kernel_size=[3, 3, 3], stride=[1, 1, 1], dilation=[1, 1, 1])
      (norm1): MinkowskiBatchNorm(256, eps=1e-05, momentum=0.1, affine=True, track_running_stats=True)
      (conv2): MinkowskiConvolution(in=256, out=256, kernel_size=[3, 3, 3], stride=[1, 1, 1], dilation=[1, 1, 1])
      (norm2): MinkowskiBatchNorm(256, eps=1e-05, momentum=0.1, affine=True, track_running_stats=True)
      (relu): MinkowskiReLU()
    )
  )
  (convtr4p16s2): MinkowskiConvolutionTranspose(in=256, out=256, kernel_size=[2, 2, 2], stride=[2, 2, 2], dilation=[1, 1, 1])
  (bntr4): MinkowskiBatchNorm(256, eps=1e-05, momentum=0.02, affine=True, track_running_stats=True)
  (block5): Sequential(
    (0): BasicBlock(
      (conv1): MinkowskiConvolution(in=384, out=256, kernel_size=[3, 3, 3], stride=[1, 1, 1], dilation=[1, 1, 1])
      (norm1): MinkowskiBatchNorm(256, eps=1e-05, momentum=0.1, affine=True, track_running_stats=True)
      (conv2): MinkowskiConvolution(in=256, out=256, kernel_size=[3, 3, 3], stride=[1, 1, 1], dilation=[1, 1, 1])
      (norm2): MinkowskiBatchNorm(256, eps=1e-05, momentum=0.1, affine=True, track_running_stats=True)
      (relu): MinkowskiReLU()
      (downsample): Sequential(
        (0): MinkowskiConvolution(in=384, out=256, kernel_size=[1, 1, 1], stride=[1, 1, 1], dilation=[1, 1, 1])
        (1): MinkowskiBatchNorm(256, eps=1e-05, momentum=0.02, affine=True, track_running_stats=True)
      )
    )
    (1): BasicBlock(
      (conv1): MinkowskiConvolution(in=256, out=256, kernel_size=[3, 3, 3], stride=[1, 1, 1], dilation=[1, 1, 1])
      (norm1): MinkowskiBatchNorm(256, eps=1e-05, momentum=0.1, affine=True, track_running_stats=True)
      (conv2): MinkowskiConvolution(in=256, out=256, kernel_size=[3, 3, 3], stride=[1, 1, 1], dilation=[1, 1, 1])
      (norm2): MinkowskiBatchNorm(256, eps=1e-05, momentum=0.1, affine=True, track_running_stats=True)
      (relu): MinkowskiReLU()
    )
  )
  (convtr5p8s2): MinkowskiConvolutionTranspose(in=256, out=128, kernel_size=[2, 2, 2], stride=[2, 2, 2], dilation=[1, 1, 1])
  (bntr5): MinkowskiBatchNorm(128, eps=1e-05, momentum=0.02, affine=True, track_running_stats=True)
  (block6): Sequential(
    (0): BasicBlock(
      (conv1): MinkowskiConvolution(in=192, out=128, kernel_size=[3, 3, 3], stride=[1, 1, 1], dilation=[1, 1, 1])
      (norm1): MinkowskiBatchNorm(128, eps=1e-05, momentum=0.1, affine=True, track_running_stats=True)
      (conv2): MinkowskiConvolution(in=128, out=128, kernel_size=[3, 3, 3], stride=[1, 1, 1], dilation=[1, 1, 1])
      (norm2): MinkowskiBatchNorm(128, eps=1e-05, momentum=0.1, affine=True, track_running_stats=True)
      (relu): MinkowskiReLU()
      (downsample): Sequential(
        (0): MinkowskiConvolution(in=192, out=128, kernel_size=[1, 1, 1], stride=[1, 1, 1], dilation=[1, 1, 1])
        (1): MinkowskiBatchNorm(128, eps=1e-05, momentum=0.02, affine=True, track_running_stats=True)
      )
    )
    (1): BasicBlock(
      (conv1): MinkowskiConvolution(in=128, out=128, kernel_size=[3, 3, 3], stride=[1, 1, 1], dilation=[1, 1, 1])
      (norm1): MinkowskiBatchNorm(128, eps=1e-05, momentum=0.1, affine=True, track_running_stats=True)
      (conv2): MinkowskiConvolution(in=128, out=128, kernel_size=[3, 3, 3], stride=[1, 1, 1], dilation=[1, 1, 1])
      (norm2): MinkowskiBatchNorm(128, eps=1e-05, momentum=0.1, affine=True, track_running_stats=True)
      (relu): MinkowskiReLU()
    )
  )
  (convtr6p4s2): MinkowskiConvolutionTranspose(in=128, out=96, kernel_size=[2, 2, 2], stride=[2, 2, 2], dilation=[1, 1, 1])
  (bntr6): MinkowskiBatchNorm(96, eps=1e-05, momentum=0.02, affine=True, track_running_stats=True)
  (block7): Sequential(
    (0): BasicBlock(
      (conv1): MinkowskiConvolution(in=128, out=96, kernel_size=[3, 3, 3], stride=[1, 1, 1], dilation=[1, 1, 1])
      (norm1): MinkowskiBatchNorm(96, eps=1e-05, momentum=0.1, affine=True, track_running_stats=True)
      (conv2): MinkowskiConvolution(in=96, out=96, kernel_size=[3, 3, 3], stride=[1, 1, 1], dilation=[1, 1, 1])
      (norm2): MinkowskiBatchNorm(96, eps=1e-05, momentum=0.1, affine=True, track_running_stats=True)
      (relu): MinkowskiReLU()
      (downsample): Sequential(
        (0): MinkowskiConvolution(in=128, out=96, kernel_size=[1, 1, 1], stride=[1, 1, 1], dilation=[1, 1, 1])
        (1): MinkowskiBatchNorm(96, eps=1e-05, momentum=0.02, affine=True, track_running_stats=True)
      )
    )
    (1): BasicBlock(
      (conv1): MinkowskiConvolution(in=96, out=96, kernel_size=[3, 3, 3], stride=[1, 1, 1], dilation=[1, 1, 1])
      (norm1): MinkowskiBatchNorm(96, eps=1e-05, momentum=0.1, affine=True, track_running_stats=True)
      (conv2): MinkowskiConvolution(in=96, out=96, kernel_size=[3, 3, 3], stride=[1, 1, 1], dilation=[1, 1, 1])
      (norm2): MinkowskiBatchNorm(96, eps=1e-05, momentum=0.1, affine=True, track_running_stats=True)
      (relu): MinkowskiReLU()
    )
  )
  (convtr7p2s2): MinkowskiConvolutionTranspose(in=96, out=96, kernel_size=[2, 2, 2], stride=[2, 2, 2], dilation=[1, 1, 1])
  (bntr7): MinkowskiBatchNorm(96, eps=1e-05, momentum=0.02, affine=True, track_running_stats=True)
  (block8): Sequential(
    (0): BasicBlock(
      (conv1): MinkowskiConvolution(in=128, out=96, kernel_size=[3, 3, 3], stride=[1, 1, 1], dilation=[1, 1, 1])
      (norm1): MinkowskiBatchNorm(96, eps=1e-05, momentum=0.1, affine=True, track_running_stats=True)
      (conv2): MinkowskiConvolution(in=96, out=96, kernel_size=[3, 3, 3], stride=[1, 1, 1], dilation=[1, 1, 1])
      (norm2): MinkowskiBatchNorm(96, eps=1e-05, momentum=0.1, affine=True, track_running_stats=True)
      (relu): MinkowskiReLU()
      (downsample): Sequential(
        (0): MinkowskiConvolution(in=128, out=96, kernel_size=[1, 1, 1], stride=[1, 1, 1], dilation=[1, 1, 1])
        (1): MinkowskiBatchNorm(96, eps=1e-05, momentum=0.02, affine=True, track_running_stats=True)
      )
    )
    (1): BasicBlock(
      (conv1): MinkowskiConvolution(in=96, out=96, kernel_size=[3, 3, 3], stride=[1, 1, 1], dilation=[1, 1, 1])
      (norm1): MinkowskiBatchNorm(96, eps=1e-05, momentum=0.1, affine=True, track_running_stats=True)
      (conv2): MinkowskiConvolution(in=96, out=96, kernel_size=[3, 3, 3], stride=[1, 1, 1], dilation=[1, 1, 1])
      (norm2): MinkowskiBatchNorm(96, eps=1e-05, momentum=0.1, affine=True, track_running_stats=True)
      (relu): MinkowskiReLU()
    )
  )
  (final): MinkowskiConvolution(in=96, out=20, kernel_size=[1, 1, 1], stride=[1, 1, 1], dilation=[1, 1, 1])
  (relu): MinkowskiReLU()
)
wandb: Currently logged in as: tb5zhh (use `wandb login --relogin` to force relogin)
wandb: wandb version 0.12.6 is available!  To upgrade, please run:
wandb:  $ pip install wandb --upgrade
wandb: Tracking run with wandb version 0.12.4
wandb: Syncing run peachy-pond-290
wandb:  View project at https://wandb.ai/tb5zhh/3dsp
wandb:  View run at https://wandb.ai/tb5zhh/3dsp/runs/1p9z1hqv
wandb: Run data is saved locally in /home/aidrive/tb5zhh/3DScanSeg/wandb/run-20211109_163121-1p9z1hqv
wandb: Run `wandb offline` to turn off syncing.

[34m[1mwandb[0m: [33mWARNING[0m Calling run.save without any arguments is deprecated.Changes to attributes are automatically persisted.
[2021-11-09 16:31:25][root	][INFO	] Loading ScannetVoxelization2cmDataset: scannetv2_train.txt
[2021-11-09 16:31:25][root	][INFO	] Loading ScannetVoxelization2cmtestDataset: scannetv2_val.txt
[2021-11-09 16:31:25][__main__	][INFO	] Dataloader setup done
[2021-11-09 16:31:25][__main__	][INFO	] My rank : 0 / 1
[2021-11-09 16:31:25][__main__	][INFO	] Start training
[2021-11-09 16:31:38][__main__	][INFO	] TRAIN at global step #1 Epoch #1 Step #2 / 151: loss:3.3821, precision: 1.4337
[2021-11-09 16:31:45][__main__	][INFO	] TRAIN at global step #2 Epoch #1 Step #4 / 151: loss:3.2131, precision: 2.3180
[2021-11-09 16:31:51][__main__	][INFO	] TRAIN at global step #3 Epoch #1 Step #6 / 151: loss:2.8089, precision: 13.8850
[2021-11-09 16:31:58][__main__	][INFO	] TRAIN at global step #4 Epoch #1 Step #8 / 151: loss:2.6988, precision: 19.6351
[2021-11-09 16:32:06][__main__	][INFO	] TRAIN at global step #5 Epoch #1 Step #10 / 151: loss:2.4943, precision: 18.1039
[2021-11-09 16:32:14][__main__	][INFO	] TRAIN at global step #6 Epoch #1 Step #12 / 151: loss:2.5455, precision: 20.9692
[2021-11-09 16:32:21][__main__	][INFO	] TRAIN at global step #7 Epoch #1 Step #14 / 151: loss:2.2823, precision: 23.3090
[2021-11-09 16:32:28][__main__	][INFO	] TRAIN at global step #8 Epoch #1 Step #16 / 151: loss:2.4146, precision: 21.1816
[2021-11-09 16:32:35][__main__	][INFO	] TRAIN at global step #9 Epoch #1 Step #18 / 151: loss:2.3614, precision: 17.5533
[2021-11-09 16:32:42][__main__	][INFO	] TRAIN at global step #10 Epoch #1 Step #20 / 151: loss:2.4729, precision: 16.2735
[2021-11-09 16:32:48][__main__	][INFO	] TRAIN at global step #11 Epoch #1 Step #22 / 151: loss:2.3135, precision: 24.1432
[2021-11-09 16:32:55][__main__	][INFO	] TRAIN at global step #12 Epoch #1 Step #24 / 151: loss:2.3428, precision: 19.3378
[2021-11-09 16:33:01][__main__	][INFO	] TRAIN at global step #13 Epoch #1 Step #26 / 151: loss:2.3084, precision: 21.3906
[2021-11-09 16:33:07][__main__	][INFO	] TRAIN at global step #14 Epoch #1 Step #28 / 151: loss:2.3337, precision: 18.3823
[2021-11-09 16:33:14][__main__	][INFO	] TRAIN at global step #15 Epoch #1 Step #30 / 151: loss:2.2667, precision: 21.5191
[2021-11-09 16:33:21][__main__	][INFO	] TRAIN at global step #16 Epoch #1 Step #32 / 151: loss:2.2154, precision: 23.8934
[2021-11-09 16:33:27][__main__	][INFO	] TRAIN at global step #17 Epoch #1 Step #34 / 151: loss:2.2747, precision: 25.0546
[2021-11-09 16:33:35][__main__	][INFO	] TRAIN at global step #18 Epoch #1 Step #36 / 151: loss:2.0969, precision: 24.0473
[2021-11-09 16:33:41][__main__	][INFO	] TRAIN at global step #19 Epoch #1 Step #38 / 151: loss:2.1784, precision: 25.6936
[2021-11-09 16:33:48][__main__	][INFO	] TRAIN at global step #20 Epoch #1 Step #40 / 151: loss:2.4301, precision: 16.5995
[2021-11-09 16:33:55][__main__	][INFO	] TRAIN at global step #21 Epoch #1 Step #42 / 151: loss:2.3492, precision: 18.6171
[2021-11-09 16:34:02][__main__	][INFO	] TRAIN at global step #22 Epoch #1 Step #44 / 151: loss:2.4069, precision: 14.9300
[2021-11-09 16:34:09][__main__	][INFO	] TRAIN at global step #23 Epoch #1 Step #46 / 151: loss:2.3787, precision: 18.3118
[2021-11-09 16:34:16][__main__	][INFO	] TRAIN at global step #24 Epoch #1 Step #48 / 151: loss:2.1613, precision: 28.1962
[2021-11-09 16:34:24][__main__	][INFO	] TRAIN at global step #25 Epoch #1 Step #50 / 151: loss:2.2834, precision: 19.9377
[2021-11-09 16:34:29][__main__	][INFO	] TRAIN at global step #26 Epoch #1 Step #52 / 151: loss:2.1930, precision: 25.7216
[2021-11-09 16:34:35][__main__	][INFO	] TRAIN at global step #27 Epoch #1 Step #54 / 151: loss:2.1807, precision: 24.7472
slurmstepd: error: *** JOB 1037 ON air-node-01 CANCELLED AT 2021-11-09T16:34:41 ***
[2021-11-09 16:34:43][__main__	][INFO	] TRAIN at global step #28 Epoch #1 Step #56 / 151: loss:2.2273, precision: 23.3649
