100_fit_spec
/home/aidrive/tb5zhh/.conda/envs/tbw_3dscan/lib/python3.8/site-packages/MinkowskiEngine/__init__.py:36: UserWarning: The environment variable `OMP_NUM_THREADS` not set. MinkowskiEngine will automatically set `OMP_NUM_THREADS=16`. If you want to set `OMP_NUM_THREADS` manually, please export it on the command line before running a python script. e.g. `export OMP_NUM_THREADS=12; python your_program.py`. It is recommended to set it below 24.
  warnings.warn(
[2021-11-09 15:59:42][__main__	][INFO	] Run with 1 cpu
[2021-11-09 15:59:42][__main__	][INFO	] Running config
[2021-11-09 15:59:42][__main__	][INFO	] --->                          model: Res16UNet34C
[2021-11-09 15:59:42][__main__	][INFO	] --->              conv1_kernel_size: 5
[2021-11-09 15:59:42][__main__	][INFO	] --->                        weights: checkpoints/pretrain_20000.pth
[2021-11-09 15:59:42][__main__	][INFO	] --->                       weights1: /home/aidrive1/workspace/luoly/dataset/final/min_weights/LR/unc/1/512/checkpoint_NoneRes16UNet34Cbest_val.pth
[2021-11-09 15:59:42][__main__	][INFO	] --->                       weights2: /home/aidrive1/workspace/luoly/dataset/final/min_weights/LR/512/1/checkpoint_NoneRes16UNet34Cbest_val.pth
[2021-11-09 15:59:42][__main__	][INFO	] --->                       weights3: /home/aidrive1/workspace/luoly/dataset/final/min_weights/LR/1024/1/checkpoint_NoneRes16UNet34Cbest_val.pth
[2021-11-09 15:59:42][__main__	][INFO	] --->        weights_for_inner_model: False
[2021-11-09 15:59:42][__main__	][INFO	] --->                      dilations: [1, 1, 1, 1]
[2021-11-09 15:59:42][__main__	][INFO	] --->                   wrapper_type: None
[2021-11-09 15:59:42][__main__	][INFO	] --->            wrapper_region_type: 1
[2021-11-09 15:59:42][__main__	][INFO	] --->            wrapper_kernel_size: 3
[2021-11-09 15:59:42][__main__	][INFO	] --->                     wrapper_lr: 0.1
[2021-11-09 15:59:42][__main__	][INFO	] --->           meanfield_iterations: 10
[2021-11-09 15:59:42][__main__	][INFO	] --->              crf_spatial_sigma: 1
[2021-11-09 15:59:42][__main__	][INFO	] --->            crf_chromatic_sigma: 12
[2021-11-09 15:59:42][__main__	][INFO	] --->                      optimizer: SGD
[2021-11-09 15:59:42][__main__	][INFO	] --->                             lr: 0.1
[2021-11-09 15:59:42][__main__	][INFO	] --->                   sgd_momentum: 0.9
[2021-11-09 15:59:42][__main__	][INFO	] --->                  sgd_dampening: 0.1
[2021-11-09 15:59:42][__main__	][INFO	] --->                     adam_beta1: 0.9
[2021-11-09 15:59:42][__main__	][INFO	] --->                     adam_beta2: 0.999
[2021-11-09 15:59:42][__main__	][INFO	] --->                   weight_decay: 0.0001
[2021-11-09 15:59:42][__main__	][INFO	] --->           param_histogram_freq: 100
[2021-11-09 15:59:42][__main__	][INFO	] --->           save_param_histogram: False
[2021-11-09 15:59:42][__main__	][INFO	] --->                      iter_size: 1
[2021-11-09 15:59:42][__main__	][INFO	] --->                    bn_momentum: 0.02
[2021-11-09 15:59:42][__main__	][INFO	] --->                      scheduler: PolyLR
[2021-11-09 15:59:42][__main__	][INFO	] --->                       max_iter: 30000
[2021-11-09 15:59:42][__main__	][INFO	] --->                      step_size: 20000.0
[2021-11-09 15:59:42][__main__	][INFO	] --->                     step_gamma: 0.1
[2021-11-09 15:59:42][__main__	][INFO	] --->                     poly_power: 0.9
[2021-11-09 15:59:42][__main__	][INFO	] --->                      exp_gamma: 0.95
[2021-11-09 15:59:42][__main__	][INFO	] --->                  exp_step_size: 445
[2021-11-09 15:59:42][__main__	][INFO	] --->                        log_dir: log
[2021-11-09 15:59:42][__main__	][INFO	] --->                       data_dir: data
[2021-11-09 15:59:42][__main__	][INFO	] --->                        dataset: ScannetVoxelization2cmDataset
[2021-11-09 15:59:42][__main__	][INFO	] --->                    testdataset: ScannetVoxelization2cmtestDataset
[2021-11-09 15:59:42][__main__	][INFO	] --->              temporal_dilation: 30
[2021-11-09 15:59:42][__main__	][INFO	] --->                temporal_numseq: 3
[2021-11-09 15:59:42][__main__	][INFO	] --->                      point_lim: -1
[2021-11-09 15:59:42][__main__	][INFO	] --->                  pre_point_lim: -1
[2021-11-09 15:59:42][__main__	][INFO	] --->                     batch_size: 1
[2021-11-09 15:59:42][__main__	][INFO	] --->                test_batch_size: 1
[2021-11-09 15:59:42][__main__	][INFO	] --->                     cache_data: False
[2021-11-09 15:59:42][__main__	][INFO	] --->                    num_workers: 4
[2021-11-09 15:59:42][__main__	][INFO	] --->                num_val_workers: 1
[2021-11-09 15:59:42][__main__	][INFO	] --->                   ignore_label: 255
[2021-11-09 15:59:42][__main__	][INFO	] --->          return_transformation: False
[2021-11-09 15:59:42][__main__	][INFO	] --->         ignore_duplicate_class: False
[2021-11-09 15:59:42][__main__	][INFO	] --->                   partial_crop: 0.0
[2021-11-09 15:59:42][__main__	][INFO	] --->          train_limit_numpoints: 0
[2021-11-09 15:59:42][__main__	][INFO	] --->                   synthia_path: /home/chrischoy/datasets/Synthia/Synthia4D
[2021-11-09 15:59:42][__main__	][INFO	] --->            synthia_camera_path: /home/chrischoy/datasets/Synthia/%s/CameraParams/
[2021-11-09 15:59:42][__main__	][INFO	] --->  synthia_camera_intrinsic_file: intrinsics.txt
[2021-11-09 15:59:42][__main__	][INFO	] ---> synthia_camera_extrinsics_file: Stereo_Right/Omni_F/%s.txt
[2021-11-09 15:59:42][__main__	][INFO	] --->         temporal_rand_dilation: False
[2021-11-09 15:59:42][__main__	][INFO	] --->           temporal_rand_numseq: False
[2021-11-09 15:59:42][__main__	][INFO	] --->                   scannet_path: /home/aidrive/tb5zhh/data/100_fit_spec/train
[2021-11-09 15:59:42][__main__	][INFO	] --->              scannet_test_path: /home/aidrive/tb5zhh/data/full/train
[2021-11-09 15:59:42][__main__	][INFO	] --->                stanford3d_path: /home/chrischoy/datasets/Stanford3D
[2021-11-09 15:59:42][__main__	][INFO	] --->                       is_train: True
[2021-11-09 15:59:42][__main__	][INFO	] --->                      stat_freq: 40
[2021-11-09 15:59:42][__main__	][INFO	] --->                 test_stat_freq: 100
[2021-11-09 15:59:42][__main__	][INFO	] --->                test_stat_freq1: 312
[2021-11-09 15:59:42][__main__	][INFO	] --->                      save_freq: 1000
[2021-11-09 15:59:42][__main__	][INFO	] --->                       val_freq: 2
[2021-11-09 15:59:42][__main__	][INFO	] --->               empty_cache_freq: 1
[2021-11-09 15:59:42][__main__	][INFO	] --->                    train_phase: train
[2021-11-09 15:59:42][__main__	][INFO	] --->                      val_phase: val
[2021-11-09 15:59:42][__main__	][INFO	] --->              overwrite_weights: True
[2021-11-09 15:59:42][__main__	][INFO	] --->                         resume: 1
[2021-11-09 15:59:42][__main__	][INFO	] --->               resume_optimizer: True
[2021-11-09 15:59:42][__main__	][INFO	] --->                  eval_upsample: False
[2021-11-09 15:59:42][__main__	][INFO	] --->         lenient_weight_loading: False
[2021-11-09 15:59:42][__main__	][INFO	] --->         distributed_world_size: 2
[2021-11-09 15:59:42][__main__	][INFO	] --->               distributed_rank: 0
[2021-11-09 15:59:42][__main__	][INFO	] --->            distributed_backend: nccl
[2021-11-09 15:59:42][__main__	][INFO	] --->        distributed_init_method: 
[2021-11-09 15:59:42][__main__	][INFO	] --->               distributed_port: 10010
[2021-11-09 15:59:42][__main__	][INFO	] --->                      device_id: 0
[2021-11-09 15:59:42][__main__	][INFO	] --->           distributed_no_spawn: True
[2021-11-09 15:59:42][__main__	][INFO	] --->                    ddp_backend: c10d
[2021-11-09 15:59:42][__main__	][INFO	] --->                  bucket_cap_mb: 25
[2021-11-09 15:59:42][__main__	][INFO	] --->                   use_feat_aug: True
[2021-11-09 15:59:42][__main__	][INFO	] --->     data_aug_color_trans_ratio: 0.1
[2021-11-09 15:59:42][__main__	][INFO	] --->      data_aug_color_jitter_std: 0.05
[2021-11-09 15:59:42][__main__	][INFO	] --->                normalize_color: True
[2021-11-09 15:59:42][__main__	][INFO	] --->             data_aug_scale_min: 0.9
[2021-11-09 15:59:42][__main__	][INFO	] --->             data_aug_scale_max: 1.1
[2021-11-09 15:59:42][__main__	][INFO	] --->               data_aug_hue_max: 0.5
[2021-11-09 15:59:42][__main__	][INFO	] --->        data_aug_saturation_max: 0.2
[2021-11-09 15:59:42][__main__	][INFO	] --->                      visualize: False
[2021-11-09 15:59:42][__main__	][INFO	] --->          test_temporal_average: False
[2021-11-09 15:59:42][__main__	][INFO	] --->                 visualize_path: outputs/visualize
[2021-11-09 15:59:42][__main__	][INFO	] --->                save_prediction: False
[2021-11-09 15:59:42][__main__	][INFO	] --->                  save_pred_dir: outputs/pred
[2021-11-09 15:59:42][__main__	][INFO	] --->                     test_phase: test
[2021-11-09 15:59:42][__main__	][INFO	] --->   evaluate_original_pointcloud: False
[2021-11-09 15:59:42][__main__	][INFO	] --->       test_original_pointcloud: False
[2021-11-09 15:59:42][__main__	][INFO	] --->                        is_cuda: True
[2021-11-09 15:59:42][__main__	][INFO	] --->                      load_path: 
[2021-11-09 15:59:42][__main__	][INFO	] --->                       log_step: 50
[2021-11-09 15:59:42][__main__	][INFO	] --->                      log_level: INFO
[2021-11-09 15:59:42][__main__	][INFO	] --->                        num_gpu: 1
[2021-11-09 15:59:42][__main__	][INFO	] --->                           seed: 42
[2021-11-09 15:59:42][__main__	][INFO	] --->                       run_name: finetune_100_fit_spec_0.1_Res16UNet34C
[2021-11-09 15:59:42][__main__	][INFO	] --->                      unc_round: 20
[2021-11-09 15:59:42][__main__	][INFO	] --->                 unc_result_dir: /
[2021-11-09 15:59:42][__main__	][INFO	] --->                          wandb: True
[2021-11-09 15:59:42][__main__	][INFO	] --->                  train_dataset: ScannetVoxelization2cmDataset
[2021-11-09 15:59:42][__main__	][INFO	] --->                    val_dataset: ScannetVoxelization2cmtestDataset
[2021-11-09 15:59:42][__main__	][INFO	] --->                 checkpoint_dir: checkpoints
[2021-11-09 15:59:42][__main__	][INFO	] --->                     optim_step: 2
[2021-11-09 15:59:42][__main__	][INFO	] --->                  validate_step: 150
[2021-11-09 15:59:42][__main__	][INFO	] --->                    train_epoch: 20000
[2021-11-09 15:59:42][__main__	][INFO	] --->               train_batch_size: 8
[2021-11-09 15:59:42][__main__	][INFO	] --->                 val_batch_size: 2
[2021-11-09 15:59:42][__main__	][INFO	] --->                eval_result_dir: /
[2021-11-09 15:59:42][__main__	][INFO	] --->                  unc_stat_path: /
[2021-11-09 15:59:42][__main__	][INFO	] --->                     save_epoch: 1
[2021-11-09 15:59:42][__main__	][INFO	] --->                   ignore_index: 255
[2021-11-09 15:59:42][__main__	][INFO	] --->                       do_train: True
[2021-11-09 15:59:42][__main__	][INFO	] --->               do_unc_inference: False
[2021-11-09 15:59:42][__main__	][INFO	] --->                    do_unc_demo: False
[2021-11-09 15:59:42][__main__	][INFO	] --->                    unc_dataset: 
[2021-11-09 15:59:42][__main__	][INFO	] --->           do_verbose_inference: False
[2021-11-09 15:59:42][__main__	][INFO	] --->                  do_unc_render: False
[2021-11-09 15:59:51][__main__	][INFO	] Weights loaded from checkpoints/pretrain_20000.pth
[2021-11-09 15:59:51][__main__	][INFO	] [Errno 2] No such file or directory: 'checkpoints/finetune_100_fit_spec_0.1_Res16UNet34C_latest.pth'
new.py:162: DeprecationWarning: The 'warn' method is deprecated, use 'warning' instead
  logger.warn(f"checkpoint not found")
[2021-11-09 15:59:51][__main__	][WARNING	] checkpoint not found
[2021-11-09 15:59:51][__main__	][INFO	] Model setup done
[2021-11-09 15:59:51][__main__	][INFO	] 
Res16UNet34C(
  (conv0p1s1): MinkowskiConvolution(in=3, out=32, kernel_size=[5, 5, 5], stride=[1, 1, 1], dilation=[1, 1, 1])
  (bn0): MinkowskiBatchNorm(32, eps=1e-05, momentum=0.02, affine=True, track_running_stats=True)
  (conv1p1s2): MinkowskiConvolution(in=32, out=32, kernel_size=[2, 2, 2], stride=[2, 2, 2], dilation=[1, 1, 1])
  (bn1): MinkowskiBatchNorm(32, eps=1e-05, momentum=0.02, affine=True, track_running_stats=True)
  (block1): Sequential(
    (0): BasicBlock(
      (conv1): MinkowskiConvolution(in=32, out=32, kernel_size=[3, 3, 3], stride=[1, 1, 1], dilation=[1, 1, 1])
      (norm1): MinkowskiBatchNorm(32, eps=1e-05, momentum=0.1, affine=True, track_running_stats=True)
      (conv2): MinkowskiConvolution(in=32, out=32, kernel_size=[3, 3, 3], stride=[1, 1, 1], dilation=[1, 1, 1])
      (norm2): MinkowskiBatchNorm(32, eps=1e-05, momentum=0.1, affine=True, track_running_stats=True)
      (relu): MinkowskiReLU()
    )
    (1): BasicBlock(
      (conv1): MinkowskiConvolution(in=32, out=32, kernel_size=[3, 3, 3], stride=[1, 1, 1], dilation=[1, 1, 1])
      (norm1): MinkowskiBatchNorm(32, eps=1e-05, momentum=0.1, affine=True, track_running_stats=True)
      (conv2): MinkowskiConvolution(in=32, out=32, kernel_size=[3, 3, 3], stride=[1, 1, 1], dilation=[1, 1, 1])
      (norm2): MinkowskiBatchNorm(32, eps=1e-05, momentum=0.1, affine=True, track_running_stats=True)
      (relu): MinkowskiReLU()
    )
  )
  (conv2p2s2): MinkowskiConvolution(in=32, out=32, kernel_size=[2, 2, 2], stride=[2, 2, 2], dilation=[1, 1, 1])
  (bn2): MinkowskiBatchNorm(32, eps=1e-05, momentum=0.02, affine=True, track_running_stats=True)
  (block2): Sequential(
    (0): BasicBlock(
      (conv1): MinkowskiConvolution(in=32, out=64, kernel_size=[3, 3, 3], stride=[1, 1, 1], dilation=[1, 1, 1])
      (norm1): MinkowskiBatchNorm(64, eps=1e-05, momentum=0.1, affine=True, track_running_stats=True)
      (conv2): MinkowskiConvolution(in=64, out=64, kernel_size=[3, 3, 3], stride=[1, 1, 1], dilation=[1, 1, 1])
      (norm2): MinkowskiBatchNorm(64, eps=1e-05, momentum=0.1, affine=True, track_running_stats=True)
      (relu): MinkowskiReLU()
      (downsample): Sequential(
        (0): MinkowskiConvolution(in=32, out=64, kernel_size=[1, 1, 1], stride=[1, 1, 1], dilation=[1, 1, 1])
        (1): MinkowskiBatchNorm(64, eps=1e-05, momentum=0.02, affine=True, track_running_stats=True)
      )
    )
    (1): BasicBlock(
      (conv1): MinkowskiConvolution(in=64, out=64, kernel_size=[3, 3, 3], stride=[1, 1, 1], dilation=[1, 1, 1])
      (norm1): MinkowskiBatchNorm(64, eps=1e-05, momentum=0.1, affine=True, track_running_stats=True)
      (conv2): MinkowskiConvolution(in=64, out=64, kernel_size=[3, 3, 3], stride=[1, 1, 1], dilation=[1, 1, 1])
      (norm2): MinkowskiBatchNorm(64, eps=1e-05, momentum=0.1, affine=True, track_running_stats=True)
      (relu): MinkowskiReLU()
    )
    (2): BasicBlock(
      (conv1): MinkowskiConvolution(in=64, out=64, kernel_size=[3, 3, 3], stride=[1, 1, 1], dilation=[1, 1, 1])
      (norm1): MinkowskiBatchNorm(64, eps=1e-05, momentum=0.1, affine=True, track_running_stats=True)
      (conv2): MinkowskiConvolution(in=64, out=64, kernel_size=[3, 3, 3], stride=[1, 1, 1], dilation=[1, 1, 1])
      (norm2): MinkowskiBatchNorm(64, eps=1e-05, momentum=0.1, affine=True, track_running_stats=True)
      (relu): MinkowskiReLU()
    )
  )
  (conv3p4s2): MinkowskiConvolution(in=64, out=64, kernel_size=[2, 2, 2], stride=[2, 2, 2], dilation=[1, 1, 1])
  (bn3): MinkowskiBatchNorm(64, eps=1e-05, momentum=0.02, affine=True, track_running_stats=True)
  (block3): Sequential(
    (0): BasicBlock(
      (conv1): MinkowskiConvolution(in=64, out=128, kernel_size=[3, 3, 3], stride=[1, 1, 1], dilation=[1, 1, 1])
      (norm1): MinkowskiBatchNorm(128, eps=1e-05, momentum=0.1, affine=True, track_running_stats=True)
      (conv2): MinkowskiConvolution(in=128, out=128, kernel_size=[3, 3, 3], stride=[1, 1, 1], dilation=[1, 1, 1])
      (norm2): MinkowskiBatchNorm(128, eps=1e-05, momentum=0.1, affine=True, track_running_stats=True)
      (relu): MinkowskiReLU()
      (downsample): Sequential(
        (0): MinkowskiConvolution(in=64, out=128, kernel_size=[1, 1, 1], stride=[1, 1, 1], dilation=[1, 1, 1])
        (1): MinkowskiBatchNorm(128, eps=1e-05, momentum=0.02, affine=True, track_running_stats=True)
      )
    )
    (1): BasicBlock(
      (conv1): MinkowskiConvolution(in=128, out=128, kernel_size=[3, 3, 3], stride=[1, 1, 1], dilation=[1, 1, 1])
      (norm1): MinkowskiBatchNorm(128, eps=1e-05, momentum=0.1, affine=True, track_running_stats=True)
      (conv2): MinkowskiConvolution(in=128, out=128, kernel_size=[3, 3, 3], stride=[1, 1, 1], dilation=[1, 1, 1])
      (norm2): MinkowskiBatchNorm(128, eps=1e-05, momentum=0.1, affine=True, track_running_stats=True)
      (relu): MinkowskiReLU()
    )
    (2): BasicBlock(
      (conv1): MinkowskiConvolution(in=128, out=128, kernel_size=[3, 3, 3], stride=[1, 1, 1], dilation=[1, 1, 1])
      (norm1): MinkowskiBatchNorm(128, eps=1e-05, momentum=0.1, affine=True, track_running_stats=True)
      (conv2): MinkowskiConvolution(in=128, out=128, kernel_size=[3, 3, 3], stride=[1, 1, 1], dilation=[1, 1, 1])
      (norm2): MinkowskiBatchNorm(128, eps=1e-05, momentum=0.1, affine=True, track_running_stats=True)
      (relu): MinkowskiReLU()
    )
    (3): BasicBlock(
      (conv1): MinkowskiConvolution(in=128, out=128, kernel_size=[3, 3, 3], stride=[1, 1, 1], dilation=[1, 1, 1])
      (norm1): MinkowskiBatchNorm(128, eps=1e-05, momentum=0.1, affine=True, track_running_stats=True)
      (conv2): MinkowskiConvolution(in=128, out=128, kernel_size=[3, 3, 3], stride=[1, 1, 1], dilation=[1, 1, 1])
      (norm2): MinkowskiBatchNorm(128, eps=1e-05, momentum=0.1, affine=True, track_running_stats=True)
      (relu): MinkowskiReLU()
    )
  )
  (conv4p8s2): MinkowskiConvolution(in=128, out=128, kernel_size=[2, 2, 2], stride=[2, 2, 2], dilation=[1, 1, 1])
  (bn4): MinkowskiBatchNorm(128, eps=1e-05, momentum=0.02, affine=True, track_running_stats=True)
  (block4): Sequential(
    (0): BasicBlock(
      (conv1): MinkowskiConvolution(in=128, out=256, kernel_size=[3, 3, 3], stride=[1, 1, 1], dilation=[1, 1, 1])
      (norm1): MinkowskiBatchNorm(256, eps=1e-05, momentum=0.1, affine=True, track_running_stats=True)
      (conv2): MinkowskiConvolution(in=256, out=256, kernel_size=[3, 3, 3], stride=[1, 1, 1], dilation=[1, 1, 1])
      (norm2): MinkowskiBatchNorm(256, eps=1e-05, momentum=0.1, affine=True, track_running_stats=True)
      (relu): MinkowskiReLU()
      (downsample): Sequential(
        (0): MinkowskiConvolution(in=128, out=256, kernel_size=[1, 1, 1], stride=[1, 1, 1], dilation=[1, 1, 1])
        (1): MinkowskiBatchNorm(256, eps=1e-05, momentum=0.02, affine=True, track_running_stats=True)
      )
    )
    (1): BasicBlock(
      (conv1): MinkowskiConvolution(in=256, out=256, kernel_size=[3, 3, 3], stride=[1, 1, 1], dilation=[1, 1, 1])
      (norm1): MinkowskiBatchNorm(256, eps=1e-05, momentum=0.1, affine=True, track_running_stats=True)
      (conv2): MinkowskiConvolution(in=256, out=256, kernel_size=[3, 3, 3], stride=[1, 1, 1], dilation=[1, 1, 1])
      (norm2): MinkowskiBatchNorm(256, eps=1e-05, momentum=0.1, affine=True, track_running_stats=True)
      (relu): MinkowskiReLU()
    )
    (2): BasicBlock(
      (conv1): MinkowskiConvolution(in=256, out=256, kernel_size=[3, 3, 3], stride=[1, 1, 1], dilation=[1, 1, 1])
      (norm1): MinkowskiBatchNorm(256, eps=1e-05, momentum=0.1, affine=True, track_running_stats=True)
      (conv2): MinkowskiConvolution(in=256, out=256, kernel_size=[3, 3, 3], stride=[1, 1, 1], dilation=[1, 1, 1])
      (norm2): MinkowskiBatchNorm(256, eps=1e-05, momentum=0.1, affine=True, track_running_stats=True)
      (relu): MinkowskiReLU()
    )
    (3): BasicBlock(
      (conv1): MinkowskiConvolution(in=256, out=256, kernel_size=[3, 3, 3], stride=[1, 1, 1], dilation=[1, 1, 1])
      (norm1): MinkowskiBatchNorm(256, eps=1e-05, momentum=0.1, affine=True, track_running_stats=True)
      (conv2): MinkowskiConvolution(in=256, out=256, kernel_size=[3, 3, 3], stride=[1, 1, 1], dilation=[1, 1, 1])
      (norm2): MinkowskiBatchNorm(256, eps=1e-05, momentum=0.1, affine=True, track_running_stats=True)
      (relu): MinkowskiReLU()
    )
    (4): BasicBlock(
      (conv1): MinkowskiConvolution(in=256, out=256, kernel_size=[3, 3, 3], stride=[1, 1, 1], dilation=[1, 1, 1])
      (norm1): MinkowskiBatchNorm(256, eps=1e-05, momentum=0.1, affine=True, track_running_stats=True)
      (conv2): MinkowskiConvolution(in=256, out=256, kernel_size=[3, 3, 3], stride=[1, 1, 1], dilation=[1, 1, 1])
      (norm2): MinkowskiBatchNorm(256, eps=1e-05, momentum=0.1, affine=True, track_running_stats=True)
      (relu): MinkowskiReLU()
    )
    (5): BasicBlock(
      (conv1): MinkowskiConvolution(in=256, out=256, kernel_size=[3, 3, 3], stride=[1, 1, 1], dilation=[1, 1, 1])
      (norm1): MinkowskiBatchNorm(256, eps=1e-05, momentum=0.1, affine=True, track_running_stats=True)
      (conv2): MinkowskiConvolution(in=256, out=256, kernel_size=[3, 3, 3], stride=[1, 1, 1], dilation=[1, 1, 1])
      (norm2): MinkowskiBatchNorm(256, eps=1e-05, momentum=0.1, affine=True, track_running_stats=True)
      (relu): MinkowskiReLU()
    )
  )
  (convtr4p16s2): MinkowskiConvolutionTranspose(in=256, out=256, kernel_size=[2, 2, 2], stride=[2, 2, 2], dilation=[1, 1, 1])
  (bntr4): MinkowskiBatchNorm(256, eps=1e-05, momentum=0.02, affine=True, track_running_stats=True)
  (block5): Sequential(
    (0): BasicBlock(
      (conv1): MinkowskiConvolution(in=384, out=256, kernel_size=[3, 3, 3], stride=[1, 1, 1], dilation=[1, 1, 1])
      (norm1): MinkowskiBatchNorm(256, eps=1e-05, momentum=0.1, affine=True, track_running_stats=True)
      (conv2): MinkowskiConvolution(in=256, out=256, kernel_size=[3, 3, 3], stride=[1, 1, 1], dilation=[1, 1, 1])
      (norm2): MinkowskiBatchNorm(256, eps=1e-05, momentum=0.1, affine=True, track_running_stats=True)
      (relu): MinkowskiReLU()
      (downsample): Sequential(
        (0): MinkowskiConvolution(in=384, out=256, kernel_size=[1, 1, 1], stride=[1, 1, 1], dilation=[1, 1, 1])
        (1): MinkowskiBatchNorm(256, eps=1e-05, momentum=0.02, affine=True, track_running_stats=True)
      )
    )
    (1): BasicBlock(
      (conv1): MinkowskiConvolution(in=256, out=256, kernel_size=[3, 3, 3], stride=[1, 1, 1], dilation=[1, 1, 1])
      (norm1): MinkowskiBatchNorm(256, eps=1e-05, momentum=0.1, affine=True, track_running_stats=True)
      (conv2): MinkowskiConvolution(in=256, out=256, kernel_size=[3, 3, 3], stride=[1, 1, 1], dilation=[1, 1, 1])
      (norm2): MinkowskiBatchNorm(256, eps=1e-05, momentum=0.1, affine=True, track_running_stats=True)
      (relu): MinkowskiReLU()
    )
  )
  (convtr5p8s2): MinkowskiConvolutionTranspose(in=256, out=128, kernel_size=[2, 2, 2], stride=[2, 2, 2], dilation=[1, 1, 1])
  (bntr5): MinkowskiBatchNorm(128, eps=1e-05, momentum=0.02, affine=True, track_running_stats=True)
  (block6): Sequential(
    (0): BasicBlock(
      (conv1): MinkowskiConvolution(in=192, out=128, kernel_size=[3, 3, 3], stride=[1, 1, 1], dilation=[1, 1, 1])
      (norm1): MinkowskiBatchNorm(128, eps=1e-05, momentum=0.1, affine=True, track_running_stats=True)
      (conv2): MinkowskiConvolution(in=128, out=128, kernel_size=[3, 3, 3], stride=[1, 1, 1], dilation=[1, 1, 1])
      (norm2): MinkowskiBatchNorm(128, eps=1e-05, momentum=0.1, affine=True, track_running_stats=True)
      (relu): MinkowskiReLU()
      (downsample): Sequential(
        (0): MinkowskiConvolution(in=192, out=128, kernel_size=[1, 1, 1], stride=[1, 1, 1], dilation=[1, 1, 1])
        (1): MinkowskiBatchNorm(128, eps=1e-05, momentum=0.02, affine=True, track_running_stats=True)
      )
    )
    (1): BasicBlock(
      (conv1): MinkowskiConvolution(in=128, out=128, kernel_size=[3, 3, 3], stride=[1, 1, 1], dilation=[1, 1, 1])
      (norm1): MinkowskiBatchNorm(128, eps=1e-05, momentum=0.1, affine=True, track_running_stats=True)
      (conv2): MinkowskiConvolution(in=128, out=128, kernel_size=[3, 3, 3], stride=[1, 1, 1], dilation=[1, 1, 1])
      (norm2): MinkowskiBatchNorm(128, eps=1e-05, momentum=0.1, affine=True, track_running_stats=True)
      (relu): MinkowskiReLU()
    )
  )
  (convtr6p4s2): MinkowskiConvolutionTranspose(in=128, out=96, kernel_size=[2, 2, 2], stride=[2, 2, 2], dilation=[1, 1, 1])
  (bntr6): MinkowskiBatchNorm(96, eps=1e-05, momentum=0.02, affine=True, track_running_stats=True)
  (block7): Sequential(
    (0): BasicBlock(
      (conv1): MinkowskiConvolution(in=128, out=96, kernel_size=[3, 3, 3], stride=[1, 1, 1], dilation=[1, 1, 1])
      (norm1): MinkowskiBatchNorm(96, eps=1e-05, momentum=0.1, affine=True, track_running_stats=True)
      (conv2): MinkowskiConvolution(in=96, out=96, kernel_size=[3, 3, 3], stride=[1, 1, 1], dilation=[1, 1, 1])
      (norm2): MinkowskiBatchNorm(96, eps=1e-05, momentum=0.1, affine=True, track_running_stats=True)
      (relu): MinkowskiReLU()
      (downsample): Sequential(
        (0): MinkowskiConvolution(in=128, out=96, kernel_size=[1, 1, 1], stride=[1, 1, 1], dilation=[1, 1, 1])
        (1): MinkowskiBatchNorm(96, eps=1e-05, momentum=0.02, affine=True, track_running_stats=True)
      )
    )
    (1): BasicBlock(
      (conv1): MinkowskiConvolution(in=96, out=96, kernel_size=[3, 3, 3], stride=[1, 1, 1], dilation=[1, 1, 1])
      (norm1): MinkowskiBatchNorm(96, eps=1e-05, momentum=0.1, affine=True, track_running_stats=True)
      (conv2): MinkowskiConvolution(in=96, out=96, kernel_size=[3, 3, 3], stride=[1, 1, 1], dilation=[1, 1, 1])
      (norm2): MinkowskiBatchNorm(96, eps=1e-05, momentum=0.1, affine=True, track_running_stats=True)
      (relu): MinkowskiReLU()
    )
  )
  (convtr7p2s2): MinkowskiConvolutionTranspose(in=96, out=96, kernel_size=[2, 2, 2], stride=[2, 2, 2], dilation=[1, 1, 1])
  (bntr7): MinkowskiBatchNorm(96, eps=1e-05, momentum=0.02, affine=True, track_running_stats=True)
  (block8): Sequential(
    (0): BasicBlock(
      (conv1): MinkowskiConvolution(in=128, out=96, kernel_size=[3, 3, 3], stride=[1, 1, 1], dilation=[1, 1, 1])
      (norm1): MinkowskiBatchNorm(96, eps=1e-05, momentum=0.1, affine=True, track_running_stats=True)
      (conv2): MinkowskiConvolution(in=96, out=96, kernel_size=[3, 3, 3], stride=[1, 1, 1], dilation=[1, 1, 1])
      (norm2): MinkowskiBatchNorm(96, eps=1e-05, momentum=0.1, affine=True, track_running_stats=True)
      (relu): MinkowskiReLU()
      (downsample): Sequential(
        (0): MinkowskiConvolution(in=128, out=96, kernel_size=[1, 1, 1], stride=[1, 1, 1], dilation=[1, 1, 1])
        (1): MinkowskiBatchNorm(96, eps=1e-05, momentum=0.02, affine=True, track_running_stats=True)
      )
    )
    (1): BasicBlock(
      (conv1): MinkowskiConvolution(in=96, out=96, kernel_size=[3, 3, 3], stride=[1, 1, 1], dilation=[1, 1, 1])
      (norm1): MinkowskiBatchNorm(96, eps=1e-05, momentum=0.1, affine=True, track_running_stats=True)
      (conv2): MinkowskiConvolution(in=96, out=96, kernel_size=[3, 3, 3], stride=[1, 1, 1], dilation=[1, 1, 1])
      (norm2): MinkowskiBatchNorm(96, eps=1e-05, momentum=0.1, affine=True, track_running_stats=True)
      (relu): MinkowskiReLU()
    )
  )
  (final): MinkowskiConvolution(in=96, out=20, kernel_size=[1, 1, 1], stride=[1, 1, 1], dilation=[1, 1, 1])
  (relu): MinkowskiReLU()
)
wandb: Currently logged in as: tb5zhh (use `wandb login --relogin` to force relogin)
wandb: wandb version 0.12.6 is available!  To upgrade, please run:
wandb:  $ pip install wandb --upgrade
wandb: Tracking run with wandb version 0.12.4
wandb: Syncing run good-rain-286
wandb:  View project at https://wandb.ai/tb5zhh/3dsp
wandb:  View run at https://wandb.ai/tb5zhh/3dsp/runs/21hug83m
wandb: Run data is saved locally in /home/aidrive/tb5zhh/3DScanSeg/wandb/run-20211109_155952-21hug83m
wandb: Run `wandb offline` to turn off syncing.

[34m[1mwandb[0m: [33mWARNING[0m Calling run.save without any arguments is deprecated.Changes to attributes are automatically persisted.
[2021-11-09 15:59:57][root	][INFO	] Loading ScannetVoxelization2cmDataset: scannetv2_train.txt
[2021-11-09 15:59:57][root	][INFO	] Loading ScannetVoxelization2cmtestDataset: scannetv2_val.txt
[2021-11-09 15:59:57][__main__	][INFO	] Dataloader setup done
[2021-11-09 15:59:57][__main__	][INFO	] My rank : 0 / 1
[2021-11-09 15:59:57][__main__	][INFO	] Start training
[2021-11-09 16:00:10][__main__	][INFO	] TRAIN at global step #1 Epoch #1 Step #2 / 151: loss:3.3588, precision: 0.5103
[2021-11-09 16:00:19][__main__	][INFO	] TRAIN at global step #2 Epoch #1 Step #4 / 151: loss:2.9955, precision: 1.1574
[2021-11-09 16:00:25][__main__	][INFO	] TRAIN at global step #3 Epoch #1 Step #6 / 151: loss:2.5573, precision: 13.6738
[2021-11-09 16:00:33][__main__	][INFO	] TRAIN at global step #4 Epoch #1 Step #8 / 151: loss:2.4000, precision: 12.4554
[2021-11-09 16:00:41][__main__	][INFO	] TRAIN at global step #5 Epoch #1 Step #10 / 151: loss:2.0903, precision: 17.2220
[2021-11-09 16:00:49][__main__	][INFO	] TRAIN at global step #6 Epoch #1 Step #12 / 151: loss:2.2614, precision: 14.1236
[2021-11-09 16:00:56][__main__	][INFO	] TRAIN at global step #7 Epoch #1 Step #14 / 151: loss:2.0602, precision: 18.3750
[2021-11-09 16:01:02][__main__	][INFO	] TRAIN at global step #8 Epoch #1 Step #16 / 151: loss:2.0877, precision: 16.9319
[2021-11-09 16:01:09][__main__	][INFO	] TRAIN at global step #9 Epoch #1 Step #18 / 151: loss:1.7758, precision: 19.3352
[2021-11-09 16:01:16][__main__	][INFO	] TRAIN at global step #10 Epoch #1 Step #20 / 151: loss:2.0179, precision: 17.3144
[2021-11-09 16:01:22][__main__	][INFO	] TRAIN at global step #11 Epoch #1 Step #22 / 151: loss:1.8814, precision: 16.8800
[2021-11-09 16:01:31][__main__	][INFO	] TRAIN at global step #12 Epoch #1 Step #24 / 151: loss:1.9295, precision: 16.3460
[2021-11-09 16:01:37][__main__	][INFO	] TRAIN at global step #13 Epoch #1 Step #26 / 151: loss:1.7373, precision: 20.4554
[2021-11-09 16:01:43][__main__	][INFO	] TRAIN at global step #14 Epoch #1 Step #28 / 151: loss:1.8433, precision: 17.3838
[2021-11-09 16:01:51][__main__	][INFO	] TRAIN at global step #15 Epoch #1 Step #30 / 151: loss:1.8694, precision: 16.0401
[2021-11-09 16:01:57][__main__	][INFO	] TRAIN at global step #16 Epoch #1 Step #32 / 151: loss:1.9243, precision: 16.5868
[2021-11-09 16:02:04][__main__	][INFO	] TRAIN at global step #17 Epoch #1 Step #34 / 151: loss:2.0578, precision: 15.2876
[2021-11-09 16:02:11][__main__	][INFO	] TRAIN at global step #18 Epoch #1 Step #36 / 151: loss:1.7004, precision: 19.9098
[2021-11-09 16:02:17][__main__	][INFO	] TRAIN at global step #19 Epoch #1 Step #38 / 151: loss:1.8912, precision: 16.1218
[2021-11-09 16:02:24][__main__	][INFO	] TRAIN at global step #20 Epoch #1 Step #40 / 151: loss:1.6762, precision: 19.1743
[2021-11-09 16:02:32][__main__	][INFO	] TRAIN at global step #21 Epoch #1 Step #42 / 151: loss:1.8068, precision: 18.3389
[2021-11-09 16:02:39][__main__	][INFO	] TRAIN at global step #22 Epoch #1 Step #44 / 151: loss:1.5900, precision: 20.5125
[2021-11-09 16:02:46][__main__	][INFO	] TRAIN at global step #23 Epoch #1 Step #46 / 151: loss:1.9692, precision: 14.6691
[2021-11-09 16:02:54][__main__	][INFO	] TRAIN at global step #24 Epoch #1 Step #48 / 151: loss:1.7141, precision: 16.9477
[2021-11-09 16:03:02][__main__	][INFO	] TRAIN at global step #25 Epoch #1 Step #50 / 151: loss:1.6764, precision: 19.5513
[2021-11-09 16:03:07][__main__	][INFO	] TRAIN at global step #26 Epoch #1 Step #52 / 151: loss:1.4071, precision: 23.3799
[2021-11-09 16:03:13][__main__	][INFO	] TRAIN at global step #27 Epoch #1 Step #54 / 151: loss:1.8680, precision: 15.5531
[2021-11-09 16:03:21][__main__	][INFO	] TRAIN at global step #28 Epoch #1 Step #56 / 151: loss:1.6970, precision: 18.0979
[2021-11-09 16:03:28][__main__	][INFO	] TRAIN at global step #29 Epoch #1 Step #58 / 151: loss:1.7034, precision: 18.2817
[2021-11-09 16:03:34][__main__	][INFO	] TRAIN at global step #30 Epoch #1 Step #60 / 151: loss:1.4246, precision: 22.3995
[2021-11-09 16:03:40][__main__	][INFO	] TRAIN at global step #31 Epoch #1 Step #62 / 151: loss:1.5304, precision: 20.9567
[2021-11-09 16:03:49][__main__	][INFO	] TRAIN at global step #32 Epoch #1 Step #64 / 151: loss:1.6955, precision: 17.5218
[2021-11-09 16:03:55][__main__	][INFO	] TRAIN at global step #33 Epoch #1 Step #66 / 151: loss:1.4287, precision: 22.7223
[2021-11-09 16:04:01][__main__	][INFO	] TRAIN at global step #34 Epoch #1 Step #68 / 151: loss:1.7793, precision: 16.9913
[2021-11-09 16:04:08][__main__	][INFO	] TRAIN at global step #35 Epoch #1 Step #70 / 151: loss:1.4835, precision: 22.3582
[2021-11-09 16:04:15][__main__	][INFO	] TRAIN at global step #36 Epoch #1 Step #72 / 151: loss:1.6564, precision: 17.8491
[2021-11-09 16:04:22][__main__	][INFO	] TRAIN at global step #37 Epoch #1 Step #74 / 151: loss:1.7409, precision: 18.9699
[2021-11-09 16:04:28][__main__	][INFO	] TRAIN at global step #38 Epoch #1 Step #76 / 151: loss:1.6256, precision: 20.0871
[2021-11-09 16:04:36][__main__	][INFO	] TRAIN at global step #39 Epoch #1 Step #78 / 151: loss:1.7031, precision: 17.0479
[2021-11-09 16:04:43][__main__	][INFO	] TRAIN at global step #40 Epoch #1 Step #80 / 151: loss:1.7393, precision: 18.7426
[2021-11-09 16:04:49][__main__	][INFO	] TRAIN at global step #41 Epoch #1 Step #82 / 151: loss:1.7161, precision: 17.2879
[2021-11-09 16:04:56][__main__	][INFO	] TRAIN at global step #42 Epoch #1 Step #84 / 151: loss:1.6584, precision: 18.8764
[2021-11-09 16:05:04][__main__	][INFO	] TRAIN at global step #43 Epoch #1 Step #86 / 151: loss:1.6060, precision: 21.6112
[2021-11-09 16:05:12][__main__	][INFO	] TRAIN at global step #44 Epoch #1 Step #88 / 151: loss:1.6451, precision: 17.5327
[2021-11-09 16:05:18][__main__	][INFO	] TRAIN at global step #45 Epoch #1 Step #90 / 151: loss:1.6451, precision: 17.8508
[2021-11-09 16:05:26][__main__	][INFO	] TRAIN at global step #46 Epoch #1 Step #92 / 151: loss:1.7957, precision: 14.7133
[2021-11-09 16:05:34][__main__	][INFO	] TRAIN at global step #47 Epoch #1 Step #94 / 151: loss:1.5237, precision: 20.7068
[2021-11-09 16:05:40][__main__	][INFO	] TRAIN at global step #48 Epoch #1 Step #96 / 151: loss:1.6025, precision: 20.2623
[2021-11-09 16:05:46][__main__	][INFO	] TRAIN at global step #49 Epoch #1 Step #98 / 151: loss:1.5137, precision: 20.6861
[2021-11-09 16:05:55][__main__	][INFO	] TRAIN at global step #50 Epoch #1 Step #100 / 151: loss:1.4870, precision: 18.9268
[2021-11-09 16:06:01][__main__	][INFO	] TRAIN at global step #51 Epoch #1 Step #102 / 151: loss:1.6030, precision: 18.3882
[2021-11-09 16:06:08][__main__	][INFO	] TRAIN at global step #52 Epoch #1 Step #104 / 151: loss:1.6783, precision: 18.1795
[2021-11-09 16:06:14][__main__	][INFO	] TRAIN at global step #53 Epoch #1 Step #106 / 151: loss:1.5578, precision: 18.9917
[2021-11-09 16:06:21][__main__	][INFO	] TRAIN at global step #54 Epoch #1 Step #108 / 151: loss:1.6273, precision: 17.4294
[2021-11-09 16:06:26][__main__	][INFO	] TRAIN at global step #55 Epoch #1 Step #110 / 151: loss:1.6788, precision: 20.2442
[2021-11-09 16:06:32][__main__	][INFO	] TRAIN at global step #56 Epoch #1 Step #112 / 151: loss:2.0469, precision: 13.5470
[2021-11-09 16:06:39][__main__	][INFO	] TRAIN at global step #57 Epoch #1 Step #114 / 151: loss:1.7503, precision: 18.2282
[2021-11-09 16:06:44][__main__	][INFO	] TRAIN at global step #58 Epoch #1 Step #116 / 151: loss:1.6551, precision: 21.3301
[2021-11-09 16:06:51][__main__	][INFO	] TRAIN at global step #59 Epoch #1 Step #118 / 151: loss:1.6150, precision: 18.9023
[2021-11-09 16:06:57][__main__	][INFO	] TRAIN at global step #60 Epoch #1 Step #120 / 151: loss:1.5236, precision: 19.6295
[2021-11-09 16:07:04][__main__	][INFO	] TRAIN at global step #61 Epoch #1 Step #122 / 151: loss:1.5969, precision: 17.2811
[2021-11-09 16:07:12][__main__	][INFO	] TRAIN at global step #62 Epoch #1 Step #124 / 151: loss:1.5919, precision: 18.1990
[2021-11-09 16:07:19][__main__	][INFO	] TRAIN at global step #63 Epoch #1 Step #126 / 151: loss:1.5703, precision: 19.9927
[2021-11-09 16:07:24][__main__	][INFO	] TRAIN at global step #64 Epoch #1 Step #128 / 151: loss:1.6588, precision: 20.1118
[2021-11-09 16:07:31][__main__	][INFO	] TRAIN at global step #65 Epoch #1 Step #130 / 151: loss:1.6553, precision: 18.3016
[2021-11-09 16:07:37][__main__	][INFO	] TRAIN at global step #66 Epoch #1 Step #132 / 151: loss:1.6197, precision: 18.9870
[2021-11-09 16:07:43][__main__	][INFO	] TRAIN at global step #67 Epoch #1 Step #134 / 151: loss:1.6046, precision: 18.5307
[2021-11-09 16:07:49][__main__	][INFO	] TRAIN at global step #68 Epoch #1 Step #136 / 151: loss:1.8764, precision: 15.3409
[2021-11-09 16:07:54][__main__	][INFO	] TRAIN at global step #69 Epoch #1 Step #138 / 151: loss:1.7931, precision: 15.1954
[2021-11-09 16:07:59][__main__	][INFO	] TRAIN at global step #70 Epoch #1 Step #140 / 151: loss:1.5071, precision: 22.6350
[2021-11-09 16:08:08][__main__	][INFO	] TRAIN at global step #71 Epoch #1 Step #142 / 151: loss:1.7637, precision: 16.3664
[2021-11-09 16:08:16][__main__	][INFO	] TRAIN at global step #72 Epoch #1 Step #144 / 151: loss:1.6834, precision: 16.7811
[2021-11-09 16:08:23][__main__	][INFO	] TRAIN at global step #73 Epoch #1 Step #146 / 151: loss:1.5821, precision: 19.2712
[2021-11-09 16:08:28][__main__	][INFO	] TRAIN at global step #74 Epoch #1 Step #148 / 151: loss:1.6063, precision: 18.7930
[2021-11-09 16:08:34][__main__	][INFO	] TRAIN at global step #75 Epoch #1 Step #150 / 151: loss:1.6275, precision: 18.2365
[2021-11-09 16:08:36][__main__	][INFO	] Checkpoint at epoch #0 saved
[2021-11-09 16:08:46][__main__	][INFO	] TRAIN at global step #76 Epoch #2 Step #1 / 151: loss:1.7940, precision: 15.2506
[2021-11-09 16:08:52][__main__	][INFO	] TRAIN at global step #77 Epoch #2 Step #3 / 151: loss:1.5872, precision: 21.3239
[2021-11-09 16:09:00][__main__	][INFO	] TRAIN at global step #78 Epoch #2 Step #5 / 151: loss:1.4584, precision: 19.5275
[2021-11-09 16:09:06][__main__	][INFO	] TRAIN at global step #79 Epoch #2 Step #7 / 151: loss:1.7031, precision: 17.4820
[2021-11-09 16:09:12][__main__	][INFO	] TRAIN at global step #80 Epoch #2 Step #9 / 151: loss:1.4474, precision: 20.9319
[2021-11-09 16:09:21][__main__	][INFO	] TRAIN at global step #81 Epoch #2 Step #11 / 151: loss:1.5701, precision: 17.6213
[2021-11-09 16:09:28][__main__	][INFO	] TRAIN at global step #82 Epoch #2 Step #13 / 151: loss:1.4465, precision: 19.9063
[2021-11-09 16:09:35][__main__	][INFO	] TRAIN at global step #83 Epoch #2 Step #15 / 151: loss:1.3412, precision: 21.5032
[2021-11-09 16:09:41][__main__	][INFO	] TRAIN at global step #84 Epoch #2 Step #17 / 151: loss:1.7842, precision: 16.5191
[2021-11-09 16:09:48][__main__	][INFO	] TRAIN at global step #85 Epoch #2 Step #19 / 151: loss:1.5549, precision: 19.1383
[2021-11-09 16:09:54][__main__	][INFO	] TRAIN at global step #86 Epoch #2 Step #21 / 151: loss:1.7140, precision: 17.6166
[2021-11-09 16:10:00][__main__	][INFO	] TRAIN at global step #87 Epoch #2 Step #23 / 151: loss:1.5753, precision: 19.1755
[2021-11-09 16:10:08][__main__	][INFO	] TRAIN at global step #88 Epoch #2 Step #25 / 151: loss:1.5909, precision: 18.5519
[2021-11-09 16:10:14][__main__	][INFO	] TRAIN at global step #89 Epoch #2 Step #27 / 151: loss:1.5778, precision: 18.8670
[2021-11-09 16:10:20][__main__	][INFO	] TRAIN at global step #90 Epoch #2 Step #29 / 151: loss:1.4725, precision: 21.4587
[2021-11-09 16:10:26][__main__	][INFO	] TRAIN at global step #91 Epoch #2 Step #31 / 151: loss:1.6653, precision: 18.4032
[2021-11-09 16:10:33][__main__	][INFO	] TRAIN at global step #92 Epoch #2 Step #33 / 151: loss:1.5379, precision: 18.5152
[2021-11-09 16:10:40][__main__	][INFO	] TRAIN at global step #93 Epoch #2 Step #35 / 151: loss:1.6437, precision: 17.0204
[2021-11-09 16:10:47][__main__	][INFO	] TRAIN at global step #94 Epoch #2 Step #37 / 151: loss:1.7288, precision: 17.1776
[2021-11-09 16:10:55][__main__	][INFO	] TRAIN at global step #95 Epoch #2 Step #39 / 151: loss:1.5298, precision: 18.8320
[2021-11-09 16:11:00][__main__	][INFO	] TRAIN at global step #96 Epoch #2 Step #41 / 151: loss:1.7491, precision: 18.7852
[2021-11-09 16:11:04][__main__	][INFO	] TRAIN at global step #97 Epoch #2 Step #43 / 151: loss:1.4418, precision: 20.7853
[2021-11-09 16:11:10][__main__	][INFO	] TRAIN at global step #98 Epoch #2 Step #45 / 151: loss:1.6550, precision: 19.0077
[2021-11-09 16:11:17][__main__	][INFO	] TRAIN at global step #99 Epoch #2 Step #47 / 151: loss:1.7333, precision: 16.6705
[2021-11-09 16:11:23][__main__	][INFO	] TRAIN at global step #100 Epoch #2 Step #49 / 151: loss:1.7877, precision: 15.8374
[2021-11-09 16:11:30][__main__	][INFO	] TRAIN at global step #101 Epoch #2 Step #51 / 151: loss:1.6588, precision: 16.6311
[2021-11-09 16:11:37][__main__	][INFO	] TRAIN at global step #102 Epoch #2 Step #53 / 151: loss:1.5741, precision: 19.6087
[2021-11-09 16:11:44][__main__	][INFO	] TRAIN at global step #103 Epoch #2 Step #55 / 151: loss:1.6366, precision: 17.8003
[2021-11-09 16:11:52][__main__	][INFO	] TRAIN at global step #104 Epoch #2 Step #57 / 151: loss:1.5955, precision: 17.5815
[2021-11-09 16:12:00][__main__	][INFO	] TRAIN at global step #105 Epoch #2 Step #59 / 151: loss:1.6156, precision: 18.7813
[2021-11-09 16:12:07][__main__	][INFO	] TRAIN at global step #106 Epoch #2 Step #61 / 151: loss:1.6031, precision: 17.7729
[2021-11-09 16:12:15][__main__	][INFO	] TRAIN at global step #107 Epoch #2 Step #63 / 151: loss:1.6426, precision: 17.5416
[2021-11-09 16:12:21][__main__	][INFO	] TRAIN at global step #108 Epoch #2 Step #65 / 151: loss:1.5007, precision: 20.8719
[2021-11-09 16:12:28][__main__	][INFO	] TRAIN at global step #109 Epoch #2 Step #67 / 151: loss:1.5562, precision: 18.4747
[2021-11-09 16:12:34][__main__	][INFO	] TRAIN at global step #110 Epoch #2 Step #69 / 151: loss:1.6503, precision: 17.9391
[2021-11-09 16:12:42][__main__	][INFO	] TRAIN at global step #111 Epoch #2 Step #71 / 151: loss:1.4436, precision: 20.2159
[2021-11-09 16:12:49][__main__	][INFO	] TRAIN at global step #112 Epoch #2 Step #73 / 151: loss:1.6805, precision: 18.4840
[2021-11-09 16:12:55][__main__	][INFO	] TRAIN at global step #113 Epoch #2 Step #75 / 151: loss:1.5482, precision: 20.2903
[2021-11-09 16:13:01][__main__	][INFO	] TRAIN at global step #114 Epoch #2 Step #77 / 151: loss:1.6248, precision: 18.2341
[2021-11-09 16:13:08][__main__	][INFO	] TRAIN at global step #115 Epoch #2 Step #79 / 151: loss:1.6338, precision: 18.0358
[2021-11-09 16:13:16][__main__	][INFO	] TRAIN at global step #116 Epoch #2 Step #81 / 151: loss:1.7440, precision: 16.4346
[2021-11-09 16:13:22][__main__	][INFO	] TRAIN at global step #117 Epoch #2 Step #83 / 151: loss:1.7240, precision: 17.1538
[2021-11-09 16:13:28][__main__	][INFO	] TRAIN at global step #118 Epoch #2 Step #85 / 151: loss:1.5831, precision: 19.8103
[2021-11-09 16:13:36][__main__	][INFO	] TRAIN at global step #119 Epoch #2 Step #87 / 151: loss:1.3487, precision: 21.5268
[2021-11-09 16:13:43][__main__	][INFO	] TRAIN at global step #120 Epoch #2 Step #89 / 151: loss:1.7557, precision: 15.7640
[2021-11-09 16:13:51][__main__	][INFO	] TRAIN at global step #121 Epoch #2 Step #91 / 151: loss:1.6233, precision: 17.4290
[2021-11-09 16:13:57][__main__	][INFO	] TRAIN at global step #122 Epoch #2 Step #93 / 151: loss:1.4113, precision: 22.0373
[2021-11-09 16:14:04][__main__	][INFO	] TRAIN at global step #123 Epoch #2 Step #95 / 151: loss:1.3608, precision: 22.2485
[2021-11-09 16:14:12][__main__	][INFO	] TRAIN at global step #124 Epoch #2 Step #97 / 151: loss:1.5404, precision: 20.1261
[2021-11-09 16:14:19][__main__	][INFO	] TRAIN at global step #125 Epoch #2 Step #99 / 151: loss:1.5923, precision: 17.3381
[2021-11-09 16:14:25][__main__	][INFO	] TRAIN at global step #126 Epoch #2 Step #101 / 151: loss:1.5702, precision: 20.0725
[2021-11-09 16:14:33][__main__	][INFO	] TRAIN at global step #127 Epoch #2 Step #103 / 151: loss:1.7638, precision: 15.0300
[2021-11-09 16:14:41][__main__	][INFO	] TRAIN at global step #128 Epoch #2 Step #105 / 151: loss:1.6141, precision: 18.4091
[2021-11-09 16:14:47][__main__	][INFO	] TRAIN at global step #129 Epoch #2 Step #107 / 151: loss:1.6061, precision: 19.3173
[2021-11-09 16:14:53][__main__	][INFO	] TRAIN at global step #130 Epoch #2 Step #109 / 151: loss:1.4488, precision: 22.0095
[2021-11-09 16:15:00][__main__	][INFO	] TRAIN at global step #131 Epoch #2 Step #111 / 151: loss:1.5298, precision: 20.2309
[2021-11-09 16:15:06][__main__	][INFO	] TRAIN at global step #132 Epoch #2 Step #113 / 151: loss:1.6701, precision: 16.8750
[2021-11-09 16:15:14][__main__	][INFO	] TRAIN at global step #133 Epoch #2 Step #115 / 151: loss:1.6261, precision: 18.2576
[2021-11-09 16:15:21][__main__	][INFO	] TRAIN at global step #134 Epoch #2 Step #117 / 151: loss:1.5867, precision: 19.4594
[2021-11-09 16:15:26][__main__	][INFO	] TRAIN at global step #135 Epoch #2 Step #119 / 151: loss:1.4326, precision: 21.7349
[2021-11-09 16:15:32][__main__	][INFO	] TRAIN at global step #136 Epoch #2 Step #121 / 151: loss:1.5435, precision: 18.4194
[2021-11-09 16:15:39][__main__	][INFO	] TRAIN at global step #137 Epoch #2 Step #123 / 151: loss:1.4033, precision: 23.2754
[2021-11-09 16:15:47][__main__	][INFO	] TRAIN at global step #138 Epoch #2 Step #125 / 151: loss:1.7270, precision: 16.0013
[2021-11-09 16:15:54][__main__	][INFO	] TRAIN at global step #139 Epoch #2 Step #127 / 151: loss:1.5583, precision: 18.3799
[2021-11-09 16:16:01][__main__	][INFO	] TRAIN at global step #140 Epoch #2 Step #129 / 151: loss:1.6281, precision: 17.0839
[2021-11-09 16:16:07][__main__	][INFO	] TRAIN at global step #141 Epoch #2 Step #131 / 151: loss:1.4263, precision: 22.4722
[2021-11-09 16:16:14][__main__	][INFO	] TRAIN at global step #142 Epoch #2 Step #133 / 151: loss:1.5228, precision: 20.8432
[2021-11-09 16:16:21][__main__	][INFO	] TRAIN at global step #143 Epoch #2 Step #135 / 151: loss:1.7938, precision: 16.2749
[2021-11-09 16:16:27][__main__	][INFO	] TRAIN at global step #144 Epoch #2 Step #137 / 151: loss:1.4916, precision: 19.9006
[2021-11-09 16:16:35][__main__	][INFO	] TRAIN at global step #145 Epoch #2 Step #139 / 151: loss:1.4661, precision: 19.2027
[2021-11-09 16:16:42][__main__	][INFO	] TRAIN at global step #146 Epoch #2 Step #141 / 151: loss:1.5104, precision: 19.1022
[2021-11-09 16:16:48][__main__	][INFO	] TRAIN at global step #147 Epoch #2 Step #143 / 151: loss:1.3106, precision: 22.7716
[2021-11-09 16:16:55][__main__	][INFO	] TRAIN at global step #148 Epoch #2 Step #145 / 151: loss:1.6472, precision: 17.9635
[2021-11-09 16:17:03][__main__	][INFO	] TRAIN at global step #149 Epoch #2 Step #147 / 151: loss:1.4902, precision: 21.1067
[2021-11-09 16:17:10][__main__	][INFO	] TRAIN at global step #150 Epoch #2 Step #149 / 151: loss:1.4175, precision: 20.5187
[2021-11-09 16:17:12][__main__	][INFO	] ---> inference #0 of 156 loss: 1.5889 iou: 0.0755
[2021-11-09 16:17:13][__main__	][INFO	] ---> inference #1 of 156 loss: 1.1254 iou: 0.0853
[2021-11-09 16:17:13][__main__	][INFO	] ---> inference #2 of 156 loss: 1.3565 iou: 0.0652
[2021-11-09 16:17:13][__main__	][INFO	] ---> inference #3 of 156 loss: 1.3664 iou: 0.0735
[2021-11-09 16:17:14][__main__	][INFO	] ---> inference #4 of 156 loss: 1.5251 iou: 0.0772
[2021-11-09 16:17:14][__main__	][INFO	] ---> inference #5 of 156 loss: 1.7325 iou: 0.0821
[2021-11-09 16:17:15][__main__	][INFO	] ---> inference #6 of 156 loss: 2.0485 iou: 0.0651
[2021-11-09 16:17:15][__main__	][INFO	] ---> inference #7 of 156 loss: 1.6626 iou: 0.0636
[2021-11-09 16:17:15][__main__	][INFO	] ---> inference #8 of 156 loss: 1.6066 iou: 0.0706
[2021-11-09 16:17:15][__main__	][INFO	] ---> inference #9 of 156 loss: 2.0084 iou: 0.0566
[2021-11-09 16:17:16][__main__	][INFO	] ---> inference #10 of 156 loss: 1.5030 iou: 0.0689
[2021-11-09 16:17:16][__main__	][INFO	] ---> inference #11 of 156 loss: 1.7054 iou: 0.0552
[2021-11-09 16:17:16][__main__	][INFO	] ---> inference #12 of 156 loss: 1.1898 iou: 0.0865
[2021-11-09 16:17:16][__main__	][INFO	] ---> inference #13 of 156 loss: 1.1301 iou: 0.0833
[2021-11-09 16:17:17][__main__	][INFO	] ---> inference #14 of 156 loss: 1.4761 iou: 0.0721
[2021-11-09 16:17:17][__main__	][INFO	] ---> inference #15 of 156 loss: 1.1249 iou: 0.0954
[2021-11-09 16:17:17][__main__	][INFO	] ---> inference #16 of 156 loss: 1.1321 iou: 0.0878
[2021-11-09 16:17:17][__main__	][INFO	] ---> inference #17 of 156 loss: 1.1663 iou: 0.0874
[2021-11-09 16:17:17][__main__	][INFO	] ---> inference #18 of 156 loss: 1.2424 iou: 0.0807
[2021-11-09 16:17:18][__main__	][INFO	] ---> inference #19 of 156 loss: 1.8427 iou: 0.0576
[2021-11-09 16:17:18][__main__	][INFO	] ---> inference #20 of 156 loss: 1.3547 iou: 0.0875
[2021-11-09 16:17:18][__main__	][INFO	] ---> inference #21 of 156 loss: 1.4635 iou: 0.0892
[2021-11-09 16:17:18][__main__	][INFO	] ---> inference #22 of 156 loss: 1.6140 iou: 0.0742
[2021-11-09 16:17:18][__main__	][INFO	] ---> inference #23 of 156 loss: 1.0170 iou: 0.0880
[2021-11-09 16:17:19][__main__	][INFO	] ---> inference #24 of 156 loss: 1.4784 iou: 0.0709
[2021-11-09 16:17:19][__main__	][INFO	] ---> inference #25 of 156 loss: 2.1147 iou: 0.0706
[2021-11-09 16:17:19][__main__	][INFO	] ---> inference #26 of 156 loss: 2.0296 iou: 0.0530
[2021-11-09 16:17:20][__main__	][INFO	] ---> inference #27 of 156 loss: 2.0562 iou: 0.0533
[2021-11-09 16:17:20][__main__	][INFO	] ---> inference #28 of 156 loss: 1.2285 iou: 0.1078
[2021-11-09 16:17:20][__main__	][INFO	] ---> inference #29 of 156 loss: 0.9643 iou: 0.0879
[2021-11-09 16:17:21][__main__	][INFO	] ---> inference #30 of 156 loss: 1.5669 iou: 0.0793
[2021-11-09 16:17:21][__main__	][INFO	] ---> inference #31 of 156 loss: 1.4092 iou: 0.0992
[2021-11-09 16:17:21][__main__	][INFO	] ---> inference #32 of 156 loss: 1.8407 iou: 0.0628
[2021-11-09 16:17:22][__main__	][INFO	] ---> inference #33 of 156 loss: 1.9146 iou: 0.0636
[2021-11-09 16:17:22][__main__	][INFO	] ---> inference #34 of 156 loss: 2.0471 iou: 0.0589
[2021-11-09 16:17:23][__main__	][INFO	] ---> inference #35 of 156 loss: 1.7590 iou: 0.0706
[2021-11-09 16:17:23][__main__	][INFO	] ---> inference #36 of 156 loss: 1.8070 iou: 0.0636
[2021-11-09 16:17:24][__main__	][INFO	] ---> inference #37 of 156 loss: 1.8049 iou: 0.0676
[2021-11-09 16:17:25][__main__	][INFO	] ---> inference #38 of 156 loss: 1.8225 iou: 0.0600
[2021-11-09 16:17:25][__main__	][INFO	] ---> inference #39 of 156 loss: 1.3147 iou: 0.0886
[2021-11-09 16:17:26][__main__	][INFO	] ---> inference #40 of 156 loss: 1.6153 iou: 0.0719
[2021-11-09 16:17:26][__main__	][INFO	] ---> inference #41 of 156 loss: 2.4210 iou: 0.0701
[2021-11-09 16:17:26][__main__	][INFO	] ---> inference #42 of 156 loss: 1.2271 iou: 0.0913
[2021-11-09 16:17:26][__main__	][INFO	] ---> inference #43 of 156 loss: 1.4591 iou: 0.0712
[2021-11-09 16:17:27][__main__	][INFO	] ---> inference #44 of 156 loss: 1.4456 iou: 0.0676
[2021-11-09 16:17:27][__main__	][INFO	] ---> inference #45 of 156 loss: 2.0919 iou: 0.0648
[2021-11-09 16:17:28][__main__	][INFO	] ---> inference #46 of 156 loss: 1.4755 iou: 0.0689
[2021-11-09 16:17:29][__main__	][INFO	] ---> inference #47 of 156 loss: 1.5950 iou: 0.0653
[2021-11-09 16:17:29][__main__	][INFO	] ---> inference #48 of 156 loss: 1.2202 iou: 0.0858
[2021-11-09 16:17:30][__main__	][INFO	] ---> inference #49 of 156 loss: 1.3382 iou: 0.0769
[2021-11-09 16:17:30][__main__	][INFO	] ---> inference #50 of 156 loss: 1.1490 iou: 0.0815
[2021-11-09 16:17:31][__main__	][INFO	] ---> inference #51 of 156 loss: 1.1568 iou: 0.0694
[2021-11-09 16:17:31][__main__	][INFO	] ---> inference #52 of 156 loss: 1.1083 iou: 0.0731
[2021-11-09 16:17:31][__main__	][INFO	] ---> inference #53 of 156 loss: 1.2296 iou: 0.0682
[2021-11-09 16:17:32][__main__	][INFO	] ---> inference #54 of 156 loss: 1.1667 iou: 0.0902
[2021-11-09 16:17:32][__main__	][INFO	] ---> inference #55 of 156 loss: 1.5950 iou: 0.0650
[2021-11-09 16:17:33][__main__	][INFO	] ---> inference #56 of 156 loss: 1.9752 iou: 0.0560
[2021-11-09 16:17:33][__main__	][INFO	] ---> inference #57 of 156 loss: 1.6457 iou: 0.0889
[2021-11-09 16:17:34][__main__	][INFO	] ---> inference #58 of 156 loss: 0.7335 iou: 0.0996
[2021-11-09 16:17:34][__main__	][INFO	] ---> inference #59 of 156 loss: 1.4626 iou: 0.0732
[2021-11-09 16:17:34][__main__	][INFO	] ---> inference #60 of 156 loss: 1.5376 iou: 0.0712
[2021-11-09 16:17:34][__main__	][INFO	] ---> inference #61 of 156 loss: 1.1432 iou: 0.0894
[2021-11-09 16:17:35][__main__	][INFO	] ---> inference #62 of 156 loss: 0.8381 iou: 0.0959
[2021-11-09 16:17:35][__main__	][INFO	] ---> inference #63 of 156 loss: 2.0464 iou: 0.0612
[2021-11-09 16:17:35][__main__	][INFO	] ---> inference #64 of 156 loss: 1.6935 iou: 0.0739
[2021-11-09 16:17:36][__main__	][INFO	] ---> inference #65 of 156 loss: 1.5542 iou: 0.0741
[2021-11-09 16:17:36][__main__	][INFO	] ---> inference #66 of 156 loss: 2.1863 iou: 0.0662
[2021-11-09 16:17:36][__main__	][INFO	] ---> inference #67 of 156 loss: 1.7662 iou: 0.0641
[2021-11-09 16:17:37][__main__	][INFO	] ---> inference #68 of 156 loss: 1.4915 iou: 0.0787
[2021-11-09 16:17:37][__main__	][INFO	] ---> inference #69 of 156 loss: 1.1643 iou: 0.0526
[2021-11-09 16:17:37][__main__	][INFO	] ---> inference #70 of 156 loss: 1.3455 iou: 0.0730
[2021-11-09 16:17:38][__main__	][INFO	] ---> inference #71 of 156 loss: 1.3303 iou: 0.0824
[2021-11-09 16:17:38][__main__	][INFO	] ---> inference #72 of 156 loss: 1.1595 iou: 0.0928
[2021-11-09 16:17:38][__main__	][INFO	] ---> inference #73 of 156 loss: 0.9138 iou: 0.1081
[2021-11-09 16:17:39][__main__	][INFO	] ---> inference #74 of 156 loss: 1.2986 iou: 0.0699
[2021-11-09 16:17:39][__main__	][INFO	] ---> inference #75 of 156 loss: 2.1161 iou: 0.0660
[2021-11-09 16:17:40][__main__	][INFO	] ---> inference #76 of 156 loss: 1.9370 iou: 0.0660
[2021-11-09 16:17:40][__main__	][INFO	] ---> inference #77 of 156 loss: 1.3455 iou: 0.0800
[2021-11-09 16:17:40][__main__	][INFO	] ---> inference #78 of 156 loss: 1.7011 iou: 0.0634
[2021-11-09 16:17:40][__main__	][INFO	] ---> inference #79 of 156 loss: 1.3963 iou: 0.0800
[2021-11-09 16:17:41][__main__	][INFO	] ---> inference #80 of 156 loss: 1.6725 iou: 0.0752
[2021-11-09 16:17:41][__main__	][INFO	] ---> inference #81 of 156 loss: 1.5557 iou: 0.0724
[2021-11-09 16:17:41][__main__	][INFO	] ---> inference #82 of 156 loss: 2.2329 iou: 0.0533
[2021-11-09 16:17:42][__main__	][INFO	] ---> inference #83 of 156 loss: 1.6463 iou: 0.1153
[2021-11-09 16:17:42][__main__	][INFO	] ---> inference #84 of 156 loss: 1.0620 iou: 0.0996
[2021-11-09 16:17:43][__main__	][INFO	] ---> inference #85 of 156 loss: 1.5142 iou: 0.0634
[2021-11-09 16:17:43][__main__	][INFO	] ---> inference #86 of 156 loss: 1.9128 iou: 0.0673
[2021-11-09 16:17:43][__main__	][INFO	] ---> inference #87 of 156 loss: 1.6074 iou: 0.0750
[2021-11-09 16:17:43][__main__	][INFO	] ---> inference #88 of 156 loss: 1.6578 iou: 0.0720
[2021-11-09 16:17:44][__main__	][INFO	] ---> inference #89 of 156 loss: 1.5136 iou: 0.0859
[2021-11-09 16:17:44][__main__	][INFO	] ---> inference #90 of 156 loss: 1.0567 iou: 0.0862
[2021-11-09 16:17:44][__main__	][INFO	] ---> inference #91 of 156 loss: 1.6964 iou: 0.0776
[2021-11-09 16:17:44][__main__	][INFO	] ---> inference #92 of 156 loss: 2.4495 iou: 0.0455
[2021-11-09 16:17:44][__main__	][INFO	] ---> inference #93 of 156 loss: 1.2694 iou: 0.0746
[2021-11-09 16:17:45][__main__	][INFO	] ---> inference #94 of 156 loss: 1.3182 iou: 0.0798
[2021-11-09 16:17:45][__main__	][INFO	] ---> inference #95 of 156 loss: 1.3828 iou: 0.0806
[2021-11-09 16:17:46][__main__	][INFO	] ---> inference #96 of 156 loss: 1.3135 iou: 0.0815
[2021-11-09 16:17:46][__main__	][INFO	] ---> inference #97 of 156 loss: 1.3891 iou: 0.0718
[2021-11-09 16:17:46][__main__	][INFO	] ---> inference #98 of 156 loss: 1.0134 iou: 0.1219
[2021-11-09 16:17:46][__main__	][INFO	] ---> inference #99 of 156 loss: 1.0260 iou: 0.1065
[2021-11-09 16:17:47][__main__	][INFO	] ---> inference #100 of 156 loss: 0.9128 iou: 0.0978
[2021-11-09 16:17:47][__main__	][INFO	] ---> inference #101 of 156 loss: 1.8894 iou: 0.0598
[2021-11-09 16:17:47][__main__	][INFO	] ---> inference #102 of 156 loss: 2.4657 iou: 0.0622
[2021-11-09 16:17:48][__main__	][INFO	] ---> inference #103 of 156 loss: 2.3590 iou: 0.0597
[2021-11-09 16:17:48][__main__	][INFO	] ---> inference #104 of 156 loss: 1.8007 iou: 0.0630
[2021-11-09 16:17:48][__main__	][INFO	] ---> inference #105 of 156 loss: 1.2398 iou: 0.0705
[2021-11-09 16:17:48][__main__	][INFO	] ---> inference #106 of 156 loss: 1.9413 iou: 0.0626
[2021-11-09 16:17:49][__main__	][INFO	] ---> inference #107 of 156 loss: 1.9047 iou: 0.0581
[2021-11-09 16:17:49][__main__	][INFO	] ---> inference #108 of 156 loss: 1.5371 iou: 0.0665
[2021-11-09 16:17:49][__main__	][INFO	] ---> inference #109 of 156 loss: 1.6226 iou: 0.0680
[2021-11-09 16:17:50][__main__	][INFO	] ---> inference #110 of 156 loss: 1.5235 iou: 0.0721
[2021-11-09 16:17:50][__main__	][INFO	] ---> inference #111 of 156 loss: 1.3653 iou: 0.0746
[2021-11-09 16:17:50][__main__	][INFO	] ---> inference #112 of 156 loss: 1.7657 iou: 0.0767
[2021-11-09 16:17:50][__main__	][INFO	] ---> inference #113 of 156 loss: 1.4825 iou: 0.0761
[2021-11-09 16:17:51][__main__	][INFO	] ---> inference #114 of 156 loss: 1.2189 iou: 0.0529
[2021-11-09 16:17:51][__main__	][INFO	] ---> inference #115 of 156 loss: 1.7069 iou: 0.0744
[2021-11-09 16:17:51][__main__	][INFO	] ---> inference #116 of 156 loss: 1.3307 iou: 0.0784
[2021-11-09 16:17:52][__main__	][INFO	] ---> inference #117 of 156 loss: 1.0834 iou: 0.0931
[2021-11-09 16:17:52][__main__	][INFO	] ---> inference #118 of 156 loss: 1.3480 iou: 0.0770
[2021-11-09 16:17:52][__main__	][INFO	] ---> inference #119 of 156 loss: 2.3440 iou: 0.0543
[2021-11-09 16:17:53][__main__	][INFO	] ---> inference #120 of 156 loss: 1.4828 iou: 0.0851
[2021-11-09 16:17:53][__main__	][INFO	] ---> inference #121 of 156 loss: 1.7189 iou: 0.0717
[2021-11-09 16:17:54][__main__	][INFO	] ---> inference #122 of 156 loss: 1.5442 iou: 0.0736
[2021-11-09 16:17:54][__main__	][INFO	] ---> inference #123 of 156 loss: 1.4546 iou: 0.0736
[2021-11-09 16:17:54][__main__	][INFO	] ---> inference #124 of 156 loss: 1.8700 iou: 0.0693
[2021-11-09 16:17:54][__main__	][INFO	] ---> inference #125 of 156 loss: 1.7741 iou: 0.0715
[2021-11-09 16:17:55][__main__	][INFO	] ---> inference #126 of 156 loss: 1.5739 iou: 0.0724
[2021-11-09 16:17:55][__main__	][INFO	] ---> inference #127 of 156 loss: 1.2174 iou: 0.0871
[2021-11-09 16:17:56][__main__	][INFO	] ---> inference #128 of 156 loss: 0.8651 iou: 0.1115
[2021-11-09 16:17:56][__main__	][INFO	] ---> inference #129 of 156 loss: 1.1346 iou: 0.0852
[2021-11-09 16:17:56][__main__	][INFO	] ---> inference #130 of 156 loss: 1.3852 iou: 0.0813
[2021-11-09 16:17:56][__main__	][INFO	] ---> inference #131 of 156 loss: 2.0124 iou: 0.0683
[2021-11-09 16:17:57][__main__	][INFO	] ---> inference #132 of 156 loss: 2.2293 iou: 0.0652
[2021-11-09 16:17:57][__main__	][INFO	] ---> inference #133 of 156 loss: 1.1212 iou: 0.1040
[2021-11-09 16:17:57][__main__	][INFO	] ---> inference #134 of 156 loss: 1.9414 iou: 0.0628
[2021-11-09 16:17:58][__main__	][INFO	] ---> inference #135 of 156 loss: 1.1080 iou: 0.0702
[2021-11-09 16:17:58][__main__	][INFO	] ---> inference #136 of 156 loss: 2.2066 iou: 0.0505
[2021-11-09 16:17:58][__main__	][INFO	] ---> inference #137 of 156 loss: 2.1046 iou: 0.0595
[2021-11-09 16:17:59][__main__	][INFO	] ---> inference #138 of 156 loss: 0.8857 iou: 0.0998
[2021-11-09 16:17:59][__main__	][INFO	] ---> inference #139 of 156 loss: 0.8012 iou: 0.1024
[2021-11-09 16:17:59][__main__	][INFO	] ---> inference #140 of 156 loss: 1.2529 iou: 0.0846
[2021-11-09 16:17:59][__main__	][INFO	] ---> inference #141 of 156 loss: 1.3513 iou: 0.1087
[2021-11-09 16:17:59][__main__	][INFO	] ---> inference #142 of 156 loss: 2.2367 iou: 0.0541
[2021-11-09 16:18:00][__main__	][INFO	] ---> inference #143 of 156 loss: 1.6899 iou: 0.0715
[2021-11-09 16:18:00][__main__	][INFO	] ---> inference #144 of 156 loss: 1.8381 iou: 0.0765
[2021-11-09 16:18:00][__main__	][INFO	] ---> inference #145 of 156 loss: 1.7661 iou: 0.0759
[2021-11-09 16:18:00][__main__	][INFO	] ---> inference #146 of 156 loss: 1.8462 iou: 0.0657
[2021-11-09 16:18:01][__main__	][INFO	] ---> inference #147 of 156 loss: 2.1658 iou: 0.0589
[2021-11-09 16:18:01][__main__	][INFO	] ---> inference #148 of 156 loss: 2.1639 iou: 0.0506
[2021-11-09 16:18:01][__main__	][INFO	] ---> inference #149 of 156 loss: 1.8640 iou: 0.0573
[2021-11-09 16:18:02][__main__	][INFO	] ---> inference #150 of 156 loss: 1.7372 iou: 0.0784
[2021-11-09 16:18:02][__main__	][INFO	] ---> inference #151 of 156 loss: 1.6992 iou: 0.0694
[2021-11-09 16:18:02][__main__	][INFO	] ---> inference #152 of 156 loss: 2.7858 iou: 0.0417
[2021-11-09 16:18:02][__main__	][INFO	] ---> inference #153 of 156 loss: 2.4262 iou: 0.0537
[2021-11-09 16:18:02][__main__	][INFO	] ---> inference #154 of 156 loss: 2.0181 iou: 0.0648
[2021-11-09 16:18:03][__main__	][INFO	] ---> inference #155 of 156 loss: 1.4125 iou: 0.0773
[2021-11-09 16:18:03][__main__	][INFO	] VAL   at global step #150: loss (avg): 1.5707, iou (avg): 0.0747
[2021-11-09 16:18:03][__main__	][INFO	] VAL   at global step #150: iou (cls#0): 0.5225
[2021-11-09 16:18:03][__main__	][INFO	] VAL   at global step #150: iou (cls#1): 0.7291
[2021-11-09 16:18:03][__main__	][INFO	] VAL   at global step #150: iou (cls#2): 0.0000
[2021-11-09 16:18:03][__main__	][INFO	] VAL   at global step #150: iou (cls#3): 0.0000
[2021-11-09 16:18:03][__main__	][INFO	] VAL   at global step #150: iou (cls#4): 0.1562
[2021-11-09 16:18:03][__main__	][INFO	] VAL   at global step #150: iou (cls#5): 0.0000
[2021-11-09 16:18:03][__main__	][INFO	] VAL   at global step #150: iou (cls#6): 0.0773
[2021-11-09 16:18:03][__main__	][INFO	] VAL   at global step #150: iou (cls#7): 0.0000
[2021-11-09 16:18:03][__main__	][INFO	] VAL   at global step #150: iou (cls#8): 0.0086
[2021-11-09 16:18:03][__main__	][INFO	] VAL   at global step #150: iou (cls#9): 0.0000
[2021-11-09 16:18:03][__main__	][INFO	] VAL   at global step #150: iou (cls#10): 0.0000
[2021-11-09 16:18:03][__main__	][INFO	] VAL   at global step #150: iou (cls#11): 0.0000
[2021-11-09 16:18:03][__main__	][INFO	] VAL   at global step #150: iou (cls#12): 0.0000
[2021-11-09 16:18:03][__main__	][INFO	] VAL   at global step #150: iou (cls#13): 0.0000
[2021-11-09 16:18:03][__main__	][INFO	] VAL   at global step #150: iou (cls#14): 0.0000
[2021-11-09 16:18:03][__main__	][INFO	] VAL   at global step #150: iou (cls#15): 0.0000
[2021-11-09 16:18:03][__main__	][INFO	] VAL   at global step #150: iou (cls#16): 0.0000
[2021-11-09 16:18:03][__main__	][INFO	] VAL   at global step #150: iou (cls#17): 0.0000
[2021-11-09 16:18:03][__main__	][INFO	] VAL   at global step #150: iou (cls#18): 0.0000
[2021-11-09 16:18:03][__main__	][INFO	] VAL   at global step #150: iou (cls#19): 0.0001
[2021-11-09 16:18:03][__main__	][INFO	] Better checkpoint saved
[2021-11-09 16:18:08][__main__	][INFO	] TRAIN at global step #151 Epoch #2 Step #151 / 151: loss:1.5916, precision: 22.2105
[2021-11-09 16:18:09][__main__	][INFO	] Checkpoint at epoch #1 saved
[2021-11-09 16:18:23][__main__	][INFO	] TRAIN at global step #152 Epoch #3 Step #2 / 151: loss:1.7329, precision: 14.5767
[2021-11-09 16:18:30][__main__	][INFO	] TRAIN at global step #153 Epoch #3 Step #4 / 151: loss:1.5059, precision: 18.7606
[2021-11-09 16:18:36][__main__	][INFO	] TRAIN at global step #154 Epoch #3 Step #6 / 151: loss:1.5926, precision: 19.3027
[2021-11-09 16:18:43][__main__	][INFO	] TRAIN at global step #155 Epoch #3 Step #8 / 151: loss:1.5515, precision: 18.8480
[2021-11-09 16:18:50][__main__	][INFO	] TRAIN at global step #156 Epoch #3 Step #10 / 151: loss:1.6509, precision: 17.9021
[2021-11-09 16:18:55][__main__	][INFO	] TRAIN at global step #157 Epoch #3 Step #12 / 151: loss:1.4829, precision: 20.3584
[2021-11-09 16:19:03][__main__	][INFO	] TRAIN at global step #158 Epoch #3 Step #14 / 151: loss:1.3115, precision: 21.7460
[2021-11-09 16:19:08][__main__	][INFO	] TRAIN at global step #159 Epoch #3 Step #16 / 151: loss:1.6223, precision: 16.8035
[2021-11-09 16:19:16][__main__	][INFO	] TRAIN at global step #160 Epoch #3 Step #18 / 151: loss:1.4863, precision: 18.2689
[2021-11-09 16:19:23][__main__	][INFO	] TRAIN at global step #161 Epoch #3 Step #20 / 151: loss:1.6248, precision: 16.4298
[2021-11-09 16:19:28][__main__	][INFO	] TRAIN at global step #162 Epoch #3 Step #22 / 151: loss:1.7099, precision: 17.2201
[2021-11-09 16:19:34][__main__	][INFO	] TRAIN at global step #163 Epoch #3 Step #24 / 151: loss:1.3600, precision: 21.7436
[2021-11-09 16:19:41][__main__	][INFO	] TRAIN at global step #164 Epoch #3 Step #26 / 151: loss:1.6772, precision: 17.0378
[2021-11-09 16:19:48][__main__	][INFO	] TRAIN at global step #165 Epoch #3 Step #28 / 151: loss:1.4384, precision: 21.7738
[2021-11-09 16:19:55][__main__	][INFO	] TRAIN at global step #166 Epoch #3 Step #30 / 151: loss:1.4291, precision: 20.7406
[2021-11-09 16:20:01][__main__	][INFO	] TRAIN at global step #167 Epoch #3 Step #32 / 151: loss:1.3905, precision: 21.1091
[2021-11-09 16:20:08][__main__	][INFO	] TRAIN at global step #168 Epoch #3 Step #34 / 151: loss:1.5982, precision: 16.7461
[2021-11-09 16:20:14][__main__	][INFO	] TRAIN at global step #169 Epoch #3 Step #36 / 151: loss:1.4642, precision: 20.8197
[2021-11-09 16:20:22][__main__	][INFO	] TRAIN at global step #170 Epoch #3 Step #38 / 151: loss:1.3821, precision: 21.4460
[2021-11-09 16:20:28][__main__	][INFO	] TRAIN at global step #171 Epoch #3 Step #40 / 151: loss:1.3467, precision: 22.2307
[2021-11-09 16:20:35][__main__	][INFO	] TRAIN at global step #172 Epoch #3 Step #42 / 151: loss:1.5069, precision: 18.0113
[2021-11-09 16:20:41][__main__	][INFO	] TRAIN at global step #173 Epoch #3 Step #44 / 151: loss:1.4166, precision: 19.3842
[2021-11-09 16:20:49][__main__	][INFO	] TRAIN at global step #174 Epoch #3 Step #46 / 151: loss:1.5324, precision: 16.5315
[2021-11-09 16:20:56][__main__	][INFO	] TRAIN at global step #175 Epoch #3 Step #48 / 151: loss:1.4400, precision: 18.4552
[2021-11-09 16:21:03][__main__	][INFO	] TRAIN at global step #176 Epoch #3 Step #50 / 151: loss:1.5310, precision: 19.1209
[2021-11-09 16:21:09][__main__	][INFO	] TRAIN at global step #177 Epoch #3 Step #52 / 151: loss:1.4835, precision: 18.9485
[2021-11-09 16:21:16][__main__	][INFO	] TRAIN at global step #178 Epoch #3 Step #54 / 151: loss:1.3610, precision: 21.2640
[2021-11-09 16:21:23][__main__	][INFO	] TRAIN at global step #179 Epoch #3 Step #56 / 151: loss:1.4964, precision: 18.1534
[2021-11-09 16:21:29][__main__	][INFO	] TRAIN at global step #180 Epoch #3 Step #58 / 151: loss:1.4796, precision: 19.4759
[2021-11-09 16:21:36][__main__	][INFO	] TRAIN at global step #181 Epoch #3 Step #60 / 151: loss:1.5337, precision: 18.7499
[2021-11-09 16:21:43][__main__	][INFO	] TRAIN at global step #182 Epoch #3 Step #62 / 151: loss:1.2606, precision: 20.9140
[2021-11-09 16:21:49][__main__	][INFO	] TRAIN at global step #183 Epoch #3 Step #64 / 151: loss:1.5098, precision: 18.6528
[2021-11-09 16:21:57][__main__	][INFO	] TRAIN at global step #184 Epoch #3 Step #66 / 151: loss:1.5873, precision: 18.0539
[2021-11-09 16:22:03][__main__	][INFO	] TRAIN at global step #185 Epoch #3 Step #68 / 151: loss:1.4859, precision: 19.1171
[2021-11-09 16:22:10][__main__	][INFO	] TRAIN at global step #186 Epoch #3 Step #70 / 151: loss:1.4889, precision: 19.5846
[2021-11-09 16:22:17][__main__	][INFO	] TRAIN at global step #187 Epoch #3 Step #72 / 151: loss:1.3519, precision: 21.9972
[2021-11-09 16:22:25][__main__	][INFO	] TRAIN at global step #188 Epoch #3 Step #74 / 151: loss:1.1607, precision: 22.9929
[2021-11-09 16:22:31][__main__	][INFO	] TRAIN at global step #189 Epoch #3 Step #76 / 151: loss:1.4497, precision: 19.3818
[2021-11-09 16:22:38][__main__	][INFO	] TRAIN at global step #190 Epoch #3 Step #78 / 151: loss:1.2246, precision: 22.1592
[2021-11-09 16:22:45][__main__	][INFO	] TRAIN at global step #191 Epoch #3 Step #80 / 151: loss:1.6262, precision: 16.3897
[2021-11-09 16:22:53][__main__	][INFO	] TRAIN at global step #192 Epoch #3 Step #82 / 151: loss:1.3949, precision: 19.3971
[2021-11-09 16:23:02][__main__	][INFO	] TRAIN at global step #193 Epoch #3 Step #84 / 151: loss:1.3201, precision: 20.9558
[2021-11-09 16:23:08][__main__	][INFO	] TRAIN at global step #194 Epoch #3 Step #86 / 151: loss:1.4319, precision: 17.9221
[2021-11-09 16:23:16][__main__	][INFO	] TRAIN at global step #195 Epoch #3 Step #88 / 151: loss:1.4603, precision: 19.6891
[2021-11-09 16:23:25][__main__	][INFO	] TRAIN at global step #196 Epoch #3 Step #90 / 151: loss:1.5573, precision: 16.7669
[2021-11-09 16:23:31][__main__	][INFO	] TRAIN at global step #197 Epoch #3 Step #92 / 151: loss:1.4962, precision: 17.0037
[2021-11-09 16:23:37][__main__	][INFO	] TRAIN at global step #198 Epoch #3 Step #94 / 151: loss:1.4602, precision: 19.9027
[2021-11-09 16:23:43][__main__	][INFO	] TRAIN at global step #199 Epoch #3 Step #96 / 151: loss:1.3041, precision: 20.8785
[2021-11-09 16:23:49][__main__	][INFO	] TRAIN at global step #200 Epoch #3 Step #98 / 151: loss:1.1740, precision: 23.6559
[2021-11-09 16:23:57][__main__	][INFO	] TRAIN at global step #201 Epoch #3 Step #100 / 151: loss:1.2358, precision: 21.9631
[2021-11-09 16:24:04][__main__	][INFO	] TRAIN at global step #202 Epoch #3 Step #102 / 151: loss:1.4015, precision: 20.3367
[2021-11-09 16:24:12][__main__	][INFO	] TRAIN at global step #203 Epoch #3 Step #104 / 151: loss:1.3928, precision: 18.3967
[2021-11-09 16:24:20][__main__	][INFO	] TRAIN at global step #204 Epoch #3 Step #106 / 151: loss:1.3858, precision: 18.6477
[2021-11-09 16:24:28][__main__	][INFO	] TRAIN at global step #205 Epoch #3 Step #108 / 151: loss:1.2792, precision: 22.4469
[2021-11-09 16:24:34][__main__	][INFO	] TRAIN at global step #206 Epoch #3 Step #110 / 151: loss:1.4230, precision: 20.9045
[2021-11-09 16:24:41][__main__	][INFO	] TRAIN at global step #207 Epoch #3 Step #112 / 151: loss:1.3357, precision: 20.5353
[2021-11-09 16:24:48][__main__	][INFO	] TRAIN at global step #208 Epoch #3 Step #114 / 151: loss:1.4147, precision: 18.5038
[2021-11-09 16:24:55][__main__	][INFO	] TRAIN at global step #209 Epoch #3 Step #116 / 151: loss:1.5415, precision: 17.2476
[2021-11-09 16:25:01][__main__	][INFO	] TRAIN at global step #210 Epoch #3 Step #118 / 151: loss:1.3074, precision: 22.8792
[2021-11-09 16:25:08][__main__	][INFO	] TRAIN at global step #211 Epoch #3 Step #120 / 151: loss:1.3370, precision: 20.6787
[2021-11-09 16:25:14][__main__	][INFO	] TRAIN at global step #212 Epoch #3 Step #122 / 151: loss:1.5152, precision: 18.9210
[2021-11-09 16:25:21][__main__	][INFO	] TRAIN at global step #213 Epoch #3 Step #124 / 151: loss:1.3071, precision: 22.0222
[2021-11-09 16:25:28][__main__	][INFO	] TRAIN at global step #214 Epoch #3 Step #126 / 151: loss:1.4065, precision: 20.0608
[2021-11-09 16:25:36][__main__	][INFO	] TRAIN at global step #215 Epoch #3 Step #128 / 151: loss:1.4121, precision: 19.2796
[2021-11-09 16:25:42][__main__	][INFO	] TRAIN at global step #216 Epoch #3 Step #130 / 151: loss:1.4666, precision: 18.1575
[2021-11-09 16:25:48][__main__	][INFO	] TRAIN at global step #217 Epoch #3 Step #132 / 151: loss:1.2872, precision: 22.4311
[2021-11-09 16:25:53][__main__	][INFO	] TRAIN at global step #218 Epoch #3 Step #134 / 151: loss:1.4120, precision: 19.6789
[2021-11-09 16:26:00][__main__	][INFO	] TRAIN at global step #219 Epoch #3 Step #136 / 151: loss:1.1894, precision: 22.8189
[2021-11-09 16:26:05][__main__	][INFO	] TRAIN at global step #220 Epoch #3 Step #138 / 151: loss:1.3432, precision: 22.4617
[2021-11-09 16:26:12][__main__	][INFO	] TRAIN at global step #221 Epoch #3 Step #140 / 151: loss:1.2806, precision: 21.2653
[2021-11-09 16:26:17][__main__	][INFO	] TRAIN at global step #222 Epoch #3 Step #142 / 151: loss:1.3867, precision: 20.4980
[2021-11-09 16:26:22][__main__	][INFO	] TRAIN at global step #223 Epoch #3 Step #144 / 151: loss:1.4305, precision: 20.4106
[2021-11-09 16:26:29][__main__	][INFO	] TRAIN at global step #224 Epoch #3 Step #146 / 151: loss:1.2335, precision: 22.3724
[2021-11-09 16:26:35][__main__	][INFO	] TRAIN at global step #225 Epoch #3 Step #148 / 151: loss:1.3608, precision: 20.0421
[2021-11-09 16:26:42][__main__	][INFO	] TRAIN at global step #226 Epoch #3 Step #150 / 151: loss:1.5676, precision: 17.1553
[2021-11-09 16:26:44][__main__	][INFO	] Checkpoint at epoch #2 saved
[2021-11-09 16:26:51][__main__	][INFO	] TRAIN at global step #227 Epoch #4 Step #1 / 151: loss:1.6513, precision: 14.8751
[2021-11-09 16:26:57][__main__	][INFO	] TRAIN at global step #228 Epoch #4 Step #3 / 151: loss:1.3271, precision: 19.5990
[2021-11-09 16:27:05][__main__	][INFO	] TRAIN at global step #229 Epoch #4 Step #5 / 151: loss:1.2377, precision: 22.0401
[2021-11-09 16:27:11][__main__	][INFO	] TRAIN at global step #230 Epoch #4 Step #7 / 151: loss:1.0946, precision: 24.1865
[2021-11-09 16:27:17][__main__	][INFO	] TRAIN at global step #231 Epoch #4 Step #9 / 151: loss:1.1550, precision: 23.2013
[2021-11-09 16:27:23][__main__	][INFO	] TRAIN at global step #232 Epoch #4 Step #11 / 151: loss:1.1605, precision: 22.4312
[2021-11-09 16:27:30][__main__	][INFO	] TRAIN at global step #233 Epoch #4 Step #13 / 151: loss:1.2650, precision: 24.0589
[2021-11-09 16:27:38][__main__	][INFO	] TRAIN at global step #234 Epoch #4 Step #15 / 151: loss:1.1891, precision: 21.7596
[2021-11-09 16:27:44][__main__	][INFO	] TRAIN at global step #235 Epoch #4 Step #17 / 151: loss:1.2916, precision: 20.8369
[2021-11-09 16:27:51][__main__	][INFO	] TRAIN at global step #236 Epoch #4 Step #19 / 151: loss:1.1494, precision: 23.4053
[2021-11-09 16:27:57][__main__	][INFO	] TRAIN at global step #237 Epoch #4 Step #21 / 151: loss:1.2925, precision: 20.6964
[2021-11-09 16:28:04][__main__	][INFO	] TRAIN at global step #238 Epoch #4 Step #23 / 151: loss:1.1890, precision: 22.7113
[2021-11-09 16:28:09][__main__	][INFO	] TRAIN at global step #239 Epoch #4 Step #25 / 151: loss:1.4298, precision: 20.7889
[2021-11-09 16:28:15][__main__	][INFO	] TRAIN at global step #240 Epoch #4 Step #27 / 151: loss:1.3156, precision: 19.4230
[2021-11-09 16:28:24][__main__	][INFO	] TRAIN at global step #241 Epoch #4 Step #29 / 151: loss:1.2250, precision: 21.2106
[2021-11-09 16:28:32][__main__	][INFO	] TRAIN at global step #242 Epoch #4 Step #31 / 151: loss:1.7045, precision: 14.7752
[2021-11-09 16:28:39][__main__	][INFO	] TRAIN at global step #243 Epoch #4 Step #33 / 151: loss:1.4528, precision: 16.9922
[2021-11-09 16:28:45][__main__	][INFO	] TRAIN at global step #244 Epoch #4 Step #35 / 151: loss:1.2349, precision: 22.8035
[2021-11-09 16:28:51][__main__	][INFO	] TRAIN at global step #245 Epoch #4 Step #37 / 151: loss:1.1636, precision: 23.1679
[2021-11-09 16:28:58][__main__	][INFO	] TRAIN at global step #246 Epoch #4 Step #39 / 151: loss:1.3404, precision: 18.7642
[2021-11-09 16:29:06][__main__	][INFO	] TRAIN at global step #247 Epoch #4 Step #41 / 151: loss:1.2291, precision: 21.1687
[2021-11-09 16:29:11][__main__	][INFO	] TRAIN at global step #248 Epoch #4 Step #43 / 151: loss:1.1316, precision: 23.3605
[2021-11-09 16:29:19][__main__	][INFO	] TRAIN at global step #249 Epoch #4 Step #45 / 151: loss:1.3472, precision: 18.9660
[2021-11-09 16:29:26][__main__	][INFO	] TRAIN at global step #250 Epoch #4 Step #47 / 151: loss:1.4668, precision: 18.3352
[2021-11-09 16:29:32][__main__	][INFO	] TRAIN at global step #251 Epoch #4 Step #49 / 151: loss:1.5642, precision: 16.8316
[2021-11-09 16:29:38][__main__	][INFO	] TRAIN at global step #252 Epoch #4 Step #51 / 151: loss:1.1947, precision: 23.0823
[2021-11-09 16:29:44][__main__	][INFO	] TRAIN at global step #253 Epoch #4 Step #53 / 151: loss:1.3403, precision: 20.6861
[2021-11-09 16:29:50][__main__	][INFO	] TRAIN at global step #254 Epoch #4 Step #55 / 151: loss:1.2587, precision: 20.2813
[2021-11-09 16:29:58][__main__	][INFO	] TRAIN at global step #255 Epoch #4 Step #57 / 151: loss:1.2866, precision: 21.8972
[2021-11-09 16:30:06][__main__	][INFO	] TRAIN at global step #256 Epoch #4 Step #59 / 151: loss:1.2680, precision: 20.3634
[2021-11-09 16:30:13][__main__	][INFO	] TRAIN at global step #257 Epoch #4 Step #61 / 151: loss:1.2164, precision: 21.6001
[2021-11-09 16:30:21][__main__	][INFO	] TRAIN at global step #258 Epoch #4 Step #63 / 151: loss:1.3723, precision: 18.3751
[2021-11-09 16:30:28][__main__	][INFO	] TRAIN at global step #259 Epoch #4 Step #65 / 151: loss:1.2372, precision: 21.5983
[2021-11-09 16:30:35][__main__	][INFO	] TRAIN at global step #260 Epoch #4 Step #67 / 151: loss:1.3024, precision: 19.3455
[2021-11-09 16:30:40][__main__	][INFO	] TRAIN at global step #261 Epoch #4 Step #69 / 151: loss:1.3101, precision: 19.6904
[2021-11-09 16:30:48][__main__	][INFO	] TRAIN at global step #262 Epoch #4 Step #71 / 151: loss:1.1014, precision: 23.1797
[2021-11-09 16:30:54][__main__	][INFO	] TRAIN at global step #263 Epoch #4 Step #73 / 151: loss:1.2277, precision: 20.5676
Traceback (most recent call last):
  File "new.py", line 1012, in <module>
    main()
  File "new.py", line 90, in main
    main_worker()
  File "new.py", line 217, in main_worker
    train(model, train_dataloader, val_dataloader, config, logger, rank=rank, world_size=world_size)
  File "new.py", line 747, in train
    loss.backward()
  File "/home/aidrive/tb5zhh/.conda/envs/tbw_3dscan/lib/python3.8/site-packages/torch/tensor.py", line 245, in backward
    torch.autograd.backward(self, gradient, retain_graph, create_graph, inputs=inputs)
  File "/home/aidrive/tb5zhh/.conda/envs/tbw_3dscan/lib/python3.8/site-packages/torch/autograd/__init__.py", line 145, in backward
    Variable._execution_engine.run_backward(
RuntimeError: CUDA out of memory. Tried to allocate 484.00 MiB (GPU 0; 19.62 GiB total capacity; 16.80 GiB already allocated; 429.12 MiB free; 17.60 GiB reserved in total by PyTorch)

wandb: Waiting for W&B process to finish, PID 241797... (failed 1). Press ctrl-c to abort syncing.
wandb: - 0.05MB of 0.05MB uploaded (0.00MB deduped)wandb: \ 0.05MB of 0.05MB uploaded (0.00MB deduped)wandb: | 0.05MB of 0.06MB uploaded (0.00MB deduped)wandb: / 0.05MB of 0.11MB uploaded (0.00MB deduped)wandb: - 0.05MB of 0.11MB uploaded (0.00MB deduped)wandb: \ 0.05MB of 0.11MB uploaded (0.00MB deduped)wandb: | 0.05MB of 0.11MB uploaded (0.00MB deduped)wandb: / 0.05MB of 0.11MB uploaded (0.00MB deduped)wandb: - 0.05MB of 0.11MB uploaded (0.00MB deduped)wandb: \ 0.05MB of 0.11MB uploaded (0.00MB deduped)wandb: | 0.05MB of 0.11MB uploaded (0.00MB deduped)wandb: / 0.10MB of 0.11MB uploaded (0.00MB deduped)wandb: - 0.10MB of 0.11MB uploaded (0.00MB deduped)wandb: \ 0.10MB of 0.11MB uploaded (0.00MB deduped)wandb: | 0.10MB of 0.11MB uploaded (0.00MB deduped)wandb: / 0.10MB of 0.11MB uploaded (0.00MB deduped)wandb: - 0.10MB of 0.11MB uploaded (0.00MB deduped)wandb: \ 0.10MB of 0.11MB uploaded (0.00MB deduped)wandb: | 0.11MB of 0.11MB uploaded (0.00MB deduped)wandb: / 0.11MB of 0.11MB uploaded (0.00MB deduped)wandb: - 0.11MB of 0.11MB uploaded (0.00MB deduped)wandb: \ 0.11MB of 0.11MB uploaded (0.00MB deduped)wandb: | 0.11MB of 0.11MB uploaded (0.00MB deduped)wandb: / 0.11MB of 0.11MB uploaded (0.00MB deduped)wandb: - 0.11MB of 0.11MB uploaded (0.00MB deduped)wandb: \ 0.11MB of 0.11MB uploaded (0.00MB deduped)wandb:                                                                                
wandb: Run history:
wandb:     global_step ▁▁▁▂▂▂▂▂▂▃▃▃▃▃▃▄▄▄▄▄▅▅▅▅▅▅▆▆▆▆▆▆▇▇▇▇▇███
wandb:   learning rate ████▇▇▇▇▇▆▆▆▆▆▆▅▅▅▅▅▅▄▄▄▄▄▃▃▃▃▃▃▂▂▂▂▂▁▁▁
wandb:            loss █▆▅▄▄▄▄▃▆▃▅▅▃▃▃▅▃▄▄▄▄▄▄▄▃▃▃▃▃▂▁▂▃▂▁▁▂▁▁▂
wandb:      optim_step ▁▁▁▁▂▂▂▂▂▃▃▃▃▃▃▄▄▄▄▄▅▅▅▅▅▅▆▆▆▆▆▆▇▇▇▇▇███
wandb:       precision ▁▄▄▅▅▄▅▆▂▅▃▃▆▅▅▃▆▅▃▅▄▄▄▂▅▄▄▅▄▅█▅▅▇▇▇▅▇█▅
wandb:        val_loss ▁
wandb:   val_miou_mean ▁
wandb:        val_step ▁
wandb: 
wandb: Run summary:
wandb:     global_step 263
wandb:   learning rate 0.09921
wandb:            loss 1.22766
wandb:      optim_step 263
wandb:       precision 20.56763
wandb:        val_loss 1.57073
wandb:   val_miou_mean 0.07469
wandb:        val_step 1
wandb: 
wandb: Synced 6 W&B file(s), 0 media file(s), 0 artifact file(s) and 1 other file(s)
wandb: Synced good-rain-286: https://wandb.ai/tb5zhh/3dsp/runs/21hug83m
wandb: Find logs at: ./wandb/run-20211109_155952-21hug83m/logs/debug.log
wandb: 
