20_fit_double
/home/aidrive/tb5zhh/.conda/envs/tbw_3dscan/lib/python3.8/site-packages/MinkowskiEngine/__init__.py:36: UserWarning: The environment variable `OMP_NUM_THREADS` not set. MinkowskiEngine will automatically set `OMP_NUM_THREADS=16`. If you want to set `OMP_NUM_THREADS` manually, please export it on the command line before running a python script. e.g. `export OMP_NUM_THREADS=12; python your_program.py`. It is recommended to set it below 24.
  warnings.warn(
[2021-11-10 09:54:29][__main__	][INFO	] Run with 1 cpu
[2021-11-10 09:54:29][__main__	][INFO	] Running config
[2021-11-10 09:54:29][__main__	][INFO	] --->                          model: Res16UNet34C
[2021-11-10 09:54:29][__main__	][INFO	] --->              conv1_kernel_size: 5
[2021-11-10 09:54:29][__main__	][INFO	] --->                        weights: checkpoints/pretrain_20000.pth
[2021-11-10 09:54:29][__main__	][INFO	] --->                       weights1: /home/aidrive1/workspace/luoly/dataset/final/min_weights/LR/unc/1/512/checkpoint_NoneRes16UNet34Cbest_val.pth
[2021-11-10 09:54:29][__main__	][INFO	] --->                       weights2: /home/aidrive1/workspace/luoly/dataset/final/min_weights/LR/512/1/checkpoint_NoneRes16UNet34Cbest_val.pth
[2021-11-10 09:54:29][__main__	][INFO	] --->                       weights3: /home/aidrive1/workspace/luoly/dataset/final/min_weights/LR/1024/1/checkpoint_NoneRes16UNet34Cbest_val.pth
[2021-11-10 09:54:29][__main__	][INFO	] --->        weights_for_inner_model: False
[2021-11-10 09:54:29][__main__	][INFO	] --->                      dilations: [1, 1, 1, 1]
[2021-11-10 09:54:29][__main__	][INFO	] --->                   wrapper_type: None
[2021-11-10 09:54:29][__main__	][INFO	] --->            wrapper_region_type: 1
[2021-11-10 09:54:29][__main__	][INFO	] --->            wrapper_kernel_size: 3
[2021-11-10 09:54:29][__main__	][INFO	] --->                     wrapper_lr: 0.1
[2021-11-10 09:54:29][__main__	][INFO	] --->           meanfield_iterations: 10
[2021-11-10 09:54:29][__main__	][INFO	] --->              crf_spatial_sigma: 1
[2021-11-10 09:54:29][__main__	][INFO	] --->            crf_chromatic_sigma: 12
[2021-11-10 09:54:29][__main__	][INFO	] --->                      optimizer: SGD
[2021-11-10 09:54:29][__main__	][INFO	] --->                             lr: 0.1
[2021-11-10 09:54:29][__main__	][INFO	] --->                   sgd_momentum: 0.9
[2021-11-10 09:54:29][__main__	][INFO	] --->                  sgd_dampening: 0.1
[2021-11-10 09:54:29][__main__	][INFO	] --->                     adam_beta1: 0.9
[2021-11-10 09:54:29][__main__	][INFO	] --->                     adam_beta2: 0.999
[2021-11-10 09:54:29][__main__	][INFO	] --->                   weight_decay: 0.0001
[2021-11-10 09:54:29][__main__	][INFO	] --->           param_histogram_freq: 100
[2021-11-10 09:54:29][__main__	][INFO	] --->           save_param_histogram: False
[2021-11-10 09:54:29][__main__	][INFO	] --->                      iter_size: 1
[2021-11-10 09:54:29][__main__	][INFO	] --->                    bn_momentum: 0.02
[2021-11-10 09:54:29][__main__	][INFO	] --->                      scheduler: PolyLR
[2021-11-10 09:54:29][__main__	][INFO	] --->                       max_iter: 30000
[2021-11-10 09:54:29][__main__	][INFO	] --->                      step_size: 20000.0
[2021-11-10 09:54:29][__main__	][INFO	] --->                     step_gamma: 0.1
[2021-11-10 09:54:29][__main__	][INFO	] --->                     poly_power: 0.9
[2021-11-10 09:54:29][__main__	][INFO	] --->                      exp_gamma: 0.95
[2021-11-10 09:54:29][__main__	][INFO	] --->                  exp_step_size: 445
[2021-11-10 09:54:29][__main__	][INFO	] --->                        log_dir: log
[2021-11-10 09:54:29][__main__	][INFO	] --->                       data_dir: data
[2021-11-10 09:54:29][__main__	][INFO	] --->                        dataset: ScannetVoxelization2cmDataset
[2021-11-10 09:54:29][__main__	][INFO	] --->                    testdataset: ScannetVoxelization2cmtestDataset
[2021-11-10 09:54:29][__main__	][INFO	] --->              temporal_dilation: 30
[2021-11-10 09:54:29][__main__	][INFO	] --->                temporal_numseq: 3
[2021-11-10 09:54:29][__main__	][INFO	] --->                      point_lim: -1
[2021-11-10 09:54:29][__main__	][INFO	] --->                  pre_point_lim: -1
[2021-11-10 09:54:29][__main__	][INFO	] --->                     batch_size: 1
[2021-11-10 09:54:29][__main__	][INFO	] --->                test_batch_size: 1
[2021-11-10 09:54:29][__main__	][INFO	] --->                     cache_data: False
[2021-11-10 09:54:29][__main__	][INFO	] --->                    num_workers: 4
[2021-11-10 09:54:29][__main__	][INFO	] --->                num_val_workers: 1
[2021-11-10 09:54:29][__main__	][INFO	] --->                   ignore_label: 255
[2021-11-10 09:54:29][__main__	][INFO	] --->          return_transformation: False
[2021-11-10 09:54:29][__main__	][INFO	] --->         ignore_duplicate_class: False
[2021-11-10 09:54:29][__main__	][INFO	] --->                   partial_crop: 0.0
[2021-11-10 09:54:29][__main__	][INFO	] --->          train_limit_numpoints: 0
[2021-11-10 09:54:29][__main__	][INFO	] --->                   synthia_path: /home/chrischoy/datasets/Synthia/Synthia4D
[2021-11-10 09:54:29][__main__	][INFO	] --->            synthia_camera_path: /home/chrischoy/datasets/Synthia/%s/CameraParams/
[2021-11-10 09:54:29][__main__	][INFO	] --->  synthia_camera_intrinsic_file: intrinsics.txt
[2021-11-10 09:54:29][__main__	][INFO	] ---> synthia_camera_extrinsics_file: Stereo_Right/Omni_F/%s.txt
[2021-11-10 09:54:29][__main__	][INFO	] --->         temporal_rand_dilation: False
[2021-11-10 09:54:29][__main__	][INFO	] --->           temporal_rand_numseq: False
[2021-11-10 09:54:29][__main__	][INFO	] --->                   scannet_path: /home/aidrive/tb5zhh/data/20_fit_double/train
[2021-11-10 09:54:29][__main__	][INFO	] --->              scannet_test_path: /home/aidrive/tb5zhh/data/full/train
[2021-11-10 09:54:29][__main__	][INFO	] --->                stanford3d_path: /home/chrischoy/datasets/Stanford3D
[2021-11-10 09:54:29][__main__	][INFO	] --->                       is_train: True
[2021-11-10 09:54:29][__main__	][INFO	] --->                      stat_freq: 40
[2021-11-10 09:54:29][__main__	][INFO	] --->                 test_stat_freq: 100
[2021-11-10 09:54:29][__main__	][INFO	] --->                test_stat_freq1: 312
[2021-11-10 09:54:29][__main__	][INFO	] --->                      save_freq: 1000
[2021-11-10 09:54:29][__main__	][INFO	] --->                       val_freq: 2
[2021-11-10 09:54:29][__main__	][INFO	] --->               empty_cache_freq: 1
[2021-11-10 09:54:29][__main__	][INFO	] --->                    train_phase: train
[2021-11-10 09:54:29][__main__	][INFO	] --->                      val_phase: val
[2021-11-10 09:54:29][__main__	][INFO	] --->              overwrite_weights: True
[2021-11-10 09:54:29][__main__	][INFO	] --->                         resume: None
[2021-11-10 09:54:29][__main__	][INFO	] --->               resume_optimizer: True
[2021-11-10 09:54:29][__main__	][INFO	] --->                  eval_upsample: False
[2021-11-10 09:54:29][__main__	][INFO	] --->         lenient_weight_loading: False
[2021-11-10 09:54:29][__main__	][INFO	] --->         distributed_world_size: 2
[2021-11-10 09:54:29][__main__	][INFO	] --->               distributed_rank: 0
[2021-11-10 09:54:29][__main__	][INFO	] --->            distributed_backend: nccl
[2021-11-10 09:54:29][__main__	][INFO	] --->        distributed_init_method: 
[2021-11-10 09:54:29][__main__	][INFO	] --->               distributed_port: 10010
[2021-11-10 09:54:29][__main__	][INFO	] --->                      device_id: 0
[2021-11-10 09:54:29][__main__	][INFO	] --->           distributed_no_spawn: True
[2021-11-10 09:54:29][__main__	][INFO	] --->                    ddp_backend: c10d
[2021-11-10 09:54:29][__main__	][INFO	] --->                  bucket_cap_mb: 25
[2021-11-10 09:54:29][__main__	][INFO	] --->                   use_feat_aug: True
[2021-11-10 09:54:29][__main__	][INFO	] --->     data_aug_color_trans_ratio: 0.1
[2021-11-10 09:54:29][__main__	][INFO	] --->      data_aug_color_jitter_std: 0.05
[2021-11-10 09:54:29][__main__	][INFO	] --->                normalize_color: True
[2021-11-10 09:54:29][__main__	][INFO	] --->             data_aug_scale_min: 0.9
[2021-11-10 09:54:29][__main__	][INFO	] --->             data_aug_scale_max: 1.1
[2021-11-10 09:54:29][__main__	][INFO	] --->               data_aug_hue_max: 0.5
[2021-11-10 09:54:29][__main__	][INFO	] --->        data_aug_saturation_max: 0.2
[2021-11-10 09:54:29][__main__	][INFO	] --->                      visualize: False
[2021-11-10 09:54:29][__main__	][INFO	] --->          test_temporal_average: False
[2021-11-10 09:54:29][__main__	][INFO	] --->                 visualize_path: outputs/visualize
[2021-11-10 09:54:29][__main__	][INFO	] --->                save_prediction: False
[2021-11-10 09:54:29][__main__	][INFO	] --->                  save_pred_dir: outputs/pred
[2021-11-10 09:54:29][__main__	][INFO	] --->                     test_phase: test
[2021-11-10 09:54:29][__main__	][INFO	] --->   evaluate_original_pointcloud: False
[2021-11-10 09:54:29][__main__	][INFO	] --->       test_original_pointcloud: False
[2021-11-10 09:54:29][__main__	][INFO	] --->                        is_cuda: True
[2021-11-10 09:54:29][__main__	][INFO	] --->                      load_path: 
[2021-11-10 09:54:29][__main__	][INFO	] --->                       log_step: 50
[2021-11-10 09:54:29][__main__	][INFO	] --->                      log_level: INFO
[2021-11-10 09:54:29][__main__	][INFO	] --->                        num_gpu: 1
[2021-11-10 09:54:29][__main__	][INFO	] --->                           seed: 42
[2021-11-10 09:54:29][__main__	][INFO	] --->                       run_name: finetune_20_fit_double_0.1_Res16UNet34C
[2021-11-10 09:54:29][__main__	][INFO	] --->                      unc_round: 20
[2021-11-10 09:54:29][__main__	][INFO	] --->                 unc_result_dir: /
[2021-11-10 09:54:29][__main__	][INFO	] --->                          wandb: True
[2021-11-10 09:54:29][__main__	][INFO	] --->                  train_dataset: ScannetVoxelization2cmDataset
[2021-11-10 09:54:29][__main__	][INFO	] --->                    val_dataset: ScannetVoxelization2cmtestDataset
[2021-11-10 09:54:29][__main__	][INFO	] --->                 checkpoint_dir: checkpoints
[2021-11-10 09:54:29][__main__	][INFO	] --->                     optim_step: 1
[2021-11-10 09:54:29][__main__	][INFO	] --->                  validate_step: 100
[2021-11-10 09:54:29][__main__	][INFO	] --->                    train_epoch: 20000
[2021-11-10 09:54:29][__main__	][INFO	] --->               train_batch_size: 16
[2021-11-10 09:54:29][__main__	][INFO	] --->                 val_batch_size: 8
[2021-11-10 09:54:29][__main__	][INFO	] --->                eval_result_dir: /
[2021-11-10 09:54:29][__main__	][INFO	] --->                  unc_stat_path: /
[2021-11-10 09:54:29][__main__	][INFO	] --->                     save_epoch: 1
[2021-11-10 09:54:29][__main__	][INFO	] --->                   ignore_index: 255
[2021-11-10 09:54:29][__main__	][INFO	] --->                       do_train: True
[2021-11-10 09:54:29][__main__	][INFO	] --->               do_unc_inference: False
[2021-11-10 09:54:29][__main__	][INFO	] --->                    do_unc_demo: False
[2021-11-10 09:54:29][__main__	][INFO	] --->                    unc_dataset: 
[2021-11-10 09:54:29][__main__	][INFO	] --->           do_verbose_inference: False
[2021-11-10 09:54:29][__main__	][INFO	] --->                  do_unc_render: False
[2021-11-10 09:54:47][__main__	][INFO	] Weights loaded from checkpoints/pretrain_20000.pth
[2021-11-10 09:54:47][__main__	][INFO	] Model setup done
[2021-11-10 09:54:47][__main__	][INFO	] 
Res16UNet34C(
  (conv0p1s1): MinkowskiConvolution(in=3, out=32, kernel_size=[5, 5, 5], stride=[1, 1, 1], dilation=[1, 1, 1])
  (bn0): MinkowskiBatchNorm(32, eps=1e-05, momentum=0.02, affine=True, track_running_stats=True)
  (conv1p1s2): MinkowskiConvolution(in=32, out=32, kernel_size=[2, 2, 2], stride=[2, 2, 2], dilation=[1, 1, 1])
  (bn1): MinkowskiBatchNorm(32, eps=1e-05, momentum=0.02, affine=True, track_running_stats=True)
  (block1): Sequential(
    (0): BasicBlock(
      (conv1): MinkowskiConvolution(in=32, out=32, kernel_size=[3, 3, 3], stride=[1, 1, 1], dilation=[1, 1, 1])
      (norm1): MinkowskiBatchNorm(32, eps=1e-05, momentum=0.1, affine=True, track_running_stats=True)
      (conv2): MinkowskiConvolution(in=32, out=32, kernel_size=[3, 3, 3], stride=[1, 1, 1], dilation=[1, 1, 1])
      (norm2): MinkowskiBatchNorm(32, eps=1e-05, momentum=0.1, affine=True, track_running_stats=True)
      (relu): MinkowskiReLU()
    )
    (1): BasicBlock(
      (conv1): MinkowskiConvolution(in=32, out=32, kernel_size=[3, 3, 3], stride=[1, 1, 1], dilation=[1, 1, 1])
      (norm1): MinkowskiBatchNorm(32, eps=1e-05, momentum=0.1, affine=True, track_running_stats=True)
      (conv2): MinkowskiConvolution(in=32, out=32, kernel_size=[3, 3, 3], stride=[1, 1, 1], dilation=[1, 1, 1])
      (norm2): MinkowskiBatchNorm(32, eps=1e-05, momentum=0.1, affine=True, track_running_stats=True)
      (relu): MinkowskiReLU()
    )
  )
  (conv2p2s2): MinkowskiConvolution(in=32, out=32, kernel_size=[2, 2, 2], stride=[2, 2, 2], dilation=[1, 1, 1])
  (bn2): MinkowskiBatchNorm(32, eps=1e-05, momentum=0.02, affine=True, track_running_stats=True)
  (block2): Sequential(
    (0): BasicBlock(
      (conv1): MinkowskiConvolution(in=32, out=64, kernel_size=[3, 3, 3], stride=[1, 1, 1], dilation=[1, 1, 1])
      (norm1): MinkowskiBatchNorm(64, eps=1e-05, momentum=0.1, affine=True, track_running_stats=True)
      (conv2): MinkowskiConvolution(in=64, out=64, kernel_size=[3, 3, 3], stride=[1, 1, 1], dilation=[1, 1, 1])
      (norm2): MinkowskiBatchNorm(64, eps=1e-05, momentum=0.1, affine=True, track_running_stats=True)
      (relu): MinkowskiReLU()
      (downsample): Sequential(
        (0): MinkowskiConvolution(in=32, out=64, kernel_size=[1, 1, 1], stride=[1, 1, 1], dilation=[1, 1, 1])
        (1): MinkowskiBatchNorm(64, eps=1e-05, momentum=0.02, affine=True, track_running_stats=True)
      )
    )
    (1): BasicBlock(
      (conv1): MinkowskiConvolution(in=64, out=64, kernel_size=[3, 3, 3], stride=[1, 1, 1], dilation=[1, 1, 1])
      (norm1): MinkowskiBatchNorm(64, eps=1e-05, momentum=0.1, affine=True, track_running_stats=True)
      (conv2): MinkowskiConvolution(in=64, out=64, kernel_size=[3, 3, 3], stride=[1, 1, 1], dilation=[1, 1, 1])
      (norm2): MinkowskiBatchNorm(64, eps=1e-05, momentum=0.1, affine=True, track_running_stats=True)
      (relu): MinkowskiReLU()
    )
    (2): BasicBlock(
      (conv1): MinkowskiConvolution(in=64, out=64, kernel_size=[3, 3, 3], stride=[1, 1, 1], dilation=[1, 1, 1])
      (norm1): MinkowskiBatchNorm(64, eps=1e-05, momentum=0.1, affine=True, track_running_stats=True)
      (conv2): MinkowskiConvolution(in=64, out=64, kernel_size=[3, 3, 3], stride=[1, 1, 1], dilation=[1, 1, 1])
      (norm2): MinkowskiBatchNorm(64, eps=1e-05, momentum=0.1, affine=True, track_running_stats=True)
      (relu): MinkowskiReLU()
    )
  )
  (conv3p4s2): MinkowskiConvolution(in=64, out=64, kernel_size=[2, 2, 2], stride=[2, 2, 2], dilation=[1, 1, 1])
  (bn3): MinkowskiBatchNorm(64, eps=1e-05, momentum=0.02, affine=True, track_running_stats=True)
  (block3): Sequential(
    (0): BasicBlock(
      (conv1): MinkowskiConvolution(in=64, out=128, kernel_size=[3, 3, 3], stride=[1, 1, 1], dilation=[1, 1, 1])
      (norm1): MinkowskiBatchNorm(128, eps=1e-05, momentum=0.1, affine=True, track_running_stats=True)
      (conv2): MinkowskiConvolution(in=128, out=128, kernel_size=[3, 3, 3], stride=[1, 1, 1], dilation=[1, 1, 1])
      (norm2): MinkowskiBatchNorm(128, eps=1e-05, momentum=0.1, affine=True, track_running_stats=True)
      (relu): MinkowskiReLU()
      (downsample): Sequential(
        (0): MinkowskiConvolution(in=64, out=128, kernel_size=[1, 1, 1], stride=[1, 1, 1], dilation=[1, 1, 1])
        (1): MinkowskiBatchNorm(128, eps=1e-05, momentum=0.02, affine=True, track_running_stats=True)
      )
    )
    (1): BasicBlock(
      (conv1): MinkowskiConvolution(in=128, out=128, kernel_size=[3, 3, 3], stride=[1, 1, 1], dilation=[1, 1, 1])
      (norm1): MinkowskiBatchNorm(128, eps=1e-05, momentum=0.1, affine=True, track_running_stats=True)
      (conv2): MinkowskiConvolution(in=128, out=128, kernel_size=[3, 3, 3], stride=[1, 1, 1], dilation=[1, 1, 1])
      (norm2): MinkowskiBatchNorm(128, eps=1e-05, momentum=0.1, affine=True, track_running_stats=True)
      (relu): MinkowskiReLU()
    )
    (2): BasicBlock(
      (conv1): MinkowskiConvolution(in=128, out=128, kernel_size=[3, 3, 3], stride=[1, 1, 1], dilation=[1, 1, 1])
      (norm1): MinkowskiBatchNorm(128, eps=1e-05, momentum=0.1, affine=True, track_running_stats=True)
      (conv2): MinkowskiConvolution(in=128, out=128, kernel_size=[3, 3, 3], stride=[1, 1, 1], dilation=[1, 1, 1])
      (norm2): MinkowskiBatchNorm(128, eps=1e-05, momentum=0.1, affine=True, track_running_stats=True)
      (relu): MinkowskiReLU()
    )
    (3): BasicBlock(
      (conv1): MinkowskiConvolution(in=128, out=128, kernel_size=[3, 3, 3], stride=[1, 1, 1], dilation=[1, 1, 1])
      (norm1): MinkowskiBatchNorm(128, eps=1e-05, momentum=0.1, affine=True, track_running_stats=True)
      (conv2): MinkowskiConvolution(in=128, out=128, kernel_size=[3, 3, 3], stride=[1, 1, 1], dilation=[1, 1, 1])
      (norm2): MinkowskiBatchNorm(128, eps=1e-05, momentum=0.1, affine=True, track_running_stats=True)
      (relu): MinkowskiReLU()
    )
  )
  (conv4p8s2): MinkowskiConvolution(in=128, out=128, kernel_size=[2, 2, 2], stride=[2, 2, 2], dilation=[1, 1, 1])
  (bn4): MinkowskiBatchNorm(128, eps=1e-05, momentum=0.02, affine=True, track_running_stats=True)
  (block4): Sequential(
    (0): BasicBlock(
      (conv1): MinkowskiConvolution(in=128, out=256, kernel_size=[3, 3, 3], stride=[1, 1, 1], dilation=[1, 1, 1])
      (norm1): MinkowskiBatchNorm(256, eps=1e-05, momentum=0.1, affine=True, track_running_stats=True)
      (conv2): MinkowskiConvolution(in=256, out=256, kernel_size=[3, 3, 3], stride=[1, 1, 1], dilation=[1, 1, 1])
      (norm2): MinkowskiBatchNorm(256, eps=1e-05, momentum=0.1, affine=True, track_running_stats=True)
      (relu): MinkowskiReLU()
      (downsample): Sequential(
        (0): MinkowskiConvolution(in=128, out=256, kernel_size=[1, 1, 1], stride=[1, 1, 1], dilation=[1, 1, 1])
        (1): MinkowskiBatchNorm(256, eps=1e-05, momentum=0.02, affine=True, track_running_stats=True)
      )
    )
    (1): BasicBlock(
      (conv1): MinkowskiConvolution(in=256, out=256, kernel_size=[3, 3, 3], stride=[1, 1, 1], dilation=[1, 1, 1])
      (norm1): MinkowskiBatchNorm(256, eps=1e-05, momentum=0.1, affine=True, track_running_stats=True)
      (conv2): MinkowskiConvolution(in=256, out=256, kernel_size=[3, 3, 3], stride=[1, 1, 1], dilation=[1, 1, 1])
      (norm2): MinkowskiBatchNorm(256, eps=1e-05, momentum=0.1, affine=True, track_running_stats=True)
      (relu): MinkowskiReLU()
    )
    (2): BasicBlock(
      (conv1): MinkowskiConvolution(in=256, out=256, kernel_size=[3, 3, 3], stride=[1, 1, 1], dilation=[1, 1, 1])
      (norm1): MinkowskiBatchNorm(256, eps=1e-05, momentum=0.1, affine=True, track_running_stats=True)
      (conv2): MinkowskiConvolution(in=256, out=256, kernel_size=[3, 3, 3], stride=[1, 1, 1], dilation=[1, 1, 1])
      (norm2): MinkowskiBatchNorm(256, eps=1e-05, momentum=0.1, affine=True, track_running_stats=True)
      (relu): MinkowskiReLU()
    )
    (3): BasicBlock(
      (conv1): MinkowskiConvolution(in=256, out=256, kernel_size=[3, 3, 3], stride=[1, 1, 1], dilation=[1, 1, 1])
      (norm1): MinkowskiBatchNorm(256, eps=1e-05, momentum=0.1, affine=True, track_running_stats=True)
      (conv2): MinkowskiConvolution(in=256, out=256, kernel_size=[3, 3, 3], stride=[1, 1, 1], dilation=[1, 1, 1])
      (norm2): MinkowskiBatchNorm(256, eps=1e-05, momentum=0.1, affine=True, track_running_stats=True)
      (relu): MinkowskiReLU()
    )
    (4): BasicBlock(
      (conv1): MinkowskiConvolution(in=256, out=256, kernel_size=[3, 3, 3], stride=[1, 1, 1], dilation=[1, 1, 1])
      (norm1): MinkowskiBatchNorm(256, eps=1e-05, momentum=0.1, affine=True, track_running_stats=True)
      (conv2): MinkowskiConvolution(in=256, out=256, kernel_size=[3, 3, 3], stride=[1, 1, 1], dilation=[1, 1, 1])
      (norm2): MinkowskiBatchNorm(256, eps=1e-05, momentum=0.1, affine=True, track_running_stats=True)
      (relu): MinkowskiReLU()
    )
    (5): BasicBlock(
      (conv1): MinkowskiConvolution(in=256, out=256, kernel_size=[3, 3, 3], stride=[1, 1, 1], dilation=[1, 1, 1])
      (norm1): MinkowskiBatchNorm(256, eps=1e-05, momentum=0.1, affine=True, track_running_stats=True)
      (conv2): MinkowskiConvolution(in=256, out=256, kernel_size=[3, 3, 3], stride=[1, 1, 1], dilation=[1, 1, 1])
      (norm2): MinkowskiBatchNorm(256, eps=1e-05, momentum=0.1, affine=True, track_running_stats=True)
      (relu): MinkowskiReLU()
    )
  )
  (convtr4p16s2): MinkowskiConvolutionTranspose(in=256, out=256, kernel_size=[2, 2, 2], stride=[2, 2, 2], dilation=[1, 1, 1])
  (bntr4): MinkowskiBatchNorm(256, eps=1e-05, momentum=0.02, affine=True, track_running_stats=True)
  (block5): Sequential(
    (0): BasicBlock(
      (conv1): MinkowskiConvolution(in=384, out=256, kernel_size=[3, 3, 3], stride=[1, 1, 1], dilation=[1, 1, 1])
      (norm1): MinkowskiBatchNorm(256, eps=1e-05, momentum=0.1, affine=True, track_running_stats=True)
      (conv2): MinkowskiConvolution(in=256, out=256, kernel_size=[3, 3, 3], stride=[1, 1, 1], dilation=[1, 1, 1])
      (norm2): MinkowskiBatchNorm(256, eps=1e-05, momentum=0.1, affine=True, track_running_stats=True)
      (relu): MinkowskiReLU()
      (downsample): Sequential(
        (0): MinkowskiConvolution(in=384, out=256, kernel_size=[1, 1, 1], stride=[1, 1, 1], dilation=[1, 1, 1])
        (1): MinkowskiBatchNorm(256, eps=1e-05, momentum=0.02, affine=True, track_running_stats=True)
      )
    )
    (1): BasicBlock(
      (conv1): MinkowskiConvolution(in=256, out=256, kernel_size=[3, 3, 3], stride=[1, 1, 1], dilation=[1, 1, 1])
      (norm1): MinkowskiBatchNorm(256, eps=1e-05, momentum=0.1, affine=True, track_running_stats=True)
      (conv2): MinkowskiConvolution(in=256, out=256, kernel_size=[3, 3, 3], stride=[1, 1, 1], dilation=[1, 1, 1])
      (norm2): MinkowskiBatchNorm(256, eps=1e-05, momentum=0.1, affine=True, track_running_stats=True)
      (relu): MinkowskiReLU()
    )
  )
  (convtr5p8s2): MinkowskiConvolutionTranspose(in=256, out=128, kernel_size=[2, 2, 2], stride=[2, 2, 2], dilation=[1, 1, 1])
  (bntr5): MinkowskiBatchNorm(128, eps=1e-05, momentum=0.02, affine=True, track_running_stats=True)
  (block6): Sequential(
    (0): BasicBlock(
      (conv1): MinkowskiConvolution(in=192, out=128, kernel_size=[3, 3, 3], stride=[1, 1, 1], dilation=[1, 1, 1])
      (norm1): MinkowskiBatchNorm(128, eps=1e-05, momentum=0.1, affine=True, track_running_stats=True)
      (conv2): MinkowskiConvolution(in=128, out=128, kernel_size=[3, 3, 3], stride=[1, 1, 1], dilation=[1, 1, 1])
      (norm2): MinkowskiBatchNorm(128, eps=1e-05, momentum=0.1, affine=True, track_running_stats=True)
      (relu): MinkowskiReLU()
      (downsample): Sequential(
        (0): MinkowskiConvolution(in=192, out=128, kernel_size=[1, 1, 1], stride=[1, 1, 1], dilation=[1, 1, 1])
        (1): MinkowskiBatchNorm(128, eps=1e-05, momentum=0.02, affine=True, track_running_stats=True)
      )
    )
    (1): BasicBlock(
      (conv1): MinkowskiConvolution(in=128, out=128, kernel_size=[3, 3, 3], stride=[1, 1, 1], dilation=[1, 1, 1])
      (norm1): MinkowskiBatchNorm(128, eps=1e-05, momentum=0.1, affine=True, track_running_stats=True)
      (conv2): MinkowskiConvolution(in=128, out=128, kernel_size=[3, 3, 3], stride=[1, 1, 1], dilation=[1, 1, 1])
      (norm2): MinkowskiBatchNorm(128, eps=1e-05, momentum=0.1, affine=True, track_running_stats=True)
      (relu): MinkowskiReLU()
    )
  )
  (convtr6p4s2): MinkowskiConvolutionTranspose(in=128, out=96, kernel_size=[2, 2, 2], stride=[2, 2, 2], dilation=[1, 1, 1])
  (bntr6): MinkowskiBatchNorm(96, eps=1e-05, momentum=0.02, affine=True, track_running_stats=True)
  (block7): Sequential(
    (0): BasicBlock(
      (conv1): MinkowskiConvolution(in=128, out=96, kernel_size=[3, 3, 3], stride=[1, 1, 1], dilation=[1, 1, 1])
      (norm1): MinkowskiBatchNorm(96, eps=1e-05, momentum=0.1, affine=True, track_running_stats=True)
      (conv2): MinkowskiConvolution(in=96, out=96, kernel_size=[3, 3, 3], stride=[1, 1, 1], dilation=[1, 1, 1])
      (norm2): MinkowskiBatchNorm(96, eps=1e-05, momentum=0.1, affine=True, track_running_stats=True)
      (relu): MinkowskiReLU()
      (downsample): Sequential(
        (0): MinkowskiConvolution(in=128, out=96, kernel_size=[1, 1, 1], stride=[1, 1, 1], dilation=[1, 1, 1])
        (1): MinkowskiBatchNorm(96, eps=1e-05, momentum=0.02, affine=True, track_running_stats=True)
      )
    )
    (1): BasicBlock(
      (conv1): MinkowskiConvolution(in=96, out=96, kernel_size=[3, 3, 3], stride=[1, 1, 1], dilation=[1, 1, 1])
      (norm1): MinkowskiBatchNorm(96, eps=1e-05, momentum=0.1, affine=True, track_running_stats=True)
      (conv2): MinkowskiConvolution(in=96, out=96, kernel_size=[3, 3, 3], stride=[1, 1, 1], dilation=[1, 1, 1])
      (norm2): MinkowskiBatchNorm(96, eps=1e-05, momentum=0.1, affine=True, track_running_stats=True)
      (relu): MinkowskiReLU()
    )
  )
  (convtr7p2s2): MinkowskiConvolutionTranspose(in=96, out=96, kernel_size=[2, 2, 2], stride=[2, 2, 2], dilation=[1, 1, 1])
  (bntr7): MinkowskiBatchNorm(96, eps=1e-05, momentum=0.02, affine=True, track_running_stats=True)
  (block8): Sequential(
    (0): BasicBlock(
      (conv1): MinkowskiConvolution(in=128, out=96, kernel_size=[3, 3, 3], stride=[1, 1, 1], dilation=[1, 1, 1])
      (norm1): MinkowskiBatchNorm(96, eps=1e-05, momentum=0.1, affine=True, track_running_stats=True)
      (conv2): MinkowskiConvolution(in=96, out=96, kernel_size=[3, 3, 3], stride=[1, 1, 1], dilation=[1, 1, 1])
      (norm2): MinkowskiBatchNorm(96, eps=1e-05, momentum=0.1, affine=True, track_running_stats=True)
      (relu): MinkowskiReLU()
      (downsample): Sequential(
        (0): MinkowskiConvolution(in=128, out=96, kernel_size=[1, 1, 1], stride=[1, 1, 1], dilation=[1, 1, 1])
        (1): MinkowskiBatchNorm(96, eps=1e-05, momentum=0.02, affine=True, track_running_stats=True)
      )
    )
    (1): BasicBlock(
      (conv1): MinkowskiConvolution(in=96, out=96, kernel_size=[3, 3, 3], stride=[1, 1, 1], dilation=[1, 1, 1])
      (norm1): MinkowskiBatchNorm(96, eps=1e-05, momentum=0.1, affine=True, track_running_stats=True)
      (conv2): MinkowskiConvolution(in=96, out=96, kernel_size=[3, 3, 3], stride=[1, 1, 1], dilation=[1, 1, 1])
      (norm2): MinkowskiBatchNorm(96, eps=1e-05, momentum=0.1, affine=True, track_running_stats=True)
      (relu): MinkowskiReLU()
    )
  )
  (final): MinkowskiConvolution(in=96, out=20, kernel_size=[1, 1, 1], stride=[1, 1, 1], dilation=[1, 1, 1])
  (relu): MinkowskiReLU()
)
wandb: Currently logged in as: tb5zhh (use `wandb login --relogin` to force relogin)
wandb: Tracking run with wandb version 0.12.4
wandb: Syncing run rose-fire-320
wandb:  View project at https://wandb.ai/tb5zhh/3dsp
wandb:  View run at https://wandb.ai/tb5zhh/3dsp/runs/xyojvebv
wandb: Run data is saved locally in /home/aidrive/tb5zhh/3DScanSeg/wandb/run-20211110_095448-xyojvebv
wandb: Run `wandb offline` to turn off syncing.

[34m[1mwandb[0m: [33mWARNING[0m Calling run.save without any arguments is deprecated.Changes to attributes are automatically persisted.
[2021-11-10 09:54:57][root	][INFO	] Loading ScannetVoxelization2cmDataset: scannetv2_train.txt
[2021-11-10 09:54:57][root	][INFO	] Loading ScannetVoxelization2cmtestDataset: scannetv2_val.txt
[2021-11-10 09:54:57][__main__	][INFO	] Dataloader setup done
[2021-11-10 09:54:57][__main__	][INFO	] My rank : 0 / 1
[2021-11-10 09:54:57][__main__	][INFO	] Start training
[2021-11-10 09:55:16][__main__	][INFO	] TRAIN at global step #1 Epoch #1 Step #1 / 76: loss:3.3618, precision: 1.7059
[2021-11-10 09:55:24][__main__	][INFO	] TRAIN at global step #2 Epoch #1 Step #2 / 76: loss:3.1899, precision: 2.6542
[2021-11-10 09:55:30][__main__	][INFO	] TRAIN at global step #3 Epoch #1 Step #3 / 76: loss:2.8597, precision: 13.5162
[2021-11-10 09:55:38][__main__	][INFO	] TRAIN at global step #4 Epoch #1 Step #4 / 76: loss:2.7096, precision: 14.4536
[2021-11-10 09:55:45][__main__	][INFO	] TRAIN at global step #5 Epoch #1 Step #5 / 76: loss:2.4911, precision: 19.1098
[2021-11-10 09:55:53][__main__	][INFO	] TRAIN at global step #6 Epoch #1 Step #6 / 76: loss:2.6531, precision: 14.6664
[2021-11-10 09:56:00][__main__	][INFO	] TRAIN at global step #7 Epoch #1 Step #7 / 76: loss:2.0382, precision: 32.3732
[2021-11-10 09:56:07][__main__	][INFO	] TRAIN at global step #8 Epoch #1 Step #8 / 76: loss:2.3649, precision: 21.5562
[2021-11-10 09:56:15][__main__	][INFO	] TRAIN at global step #9 Epoch #1 Step #9 / 76: loss:2.1956, precision: 26.6076
[2021-11-10 09:56:21][__main__	][INFO	] TRAIN at global step #10 Epoch #1 Step #10 / 76: loss:2.4287, precision: 22.0312
[2021-11-10 09:56:28][__main__	][INFO	] TRAIN at global step #11 Epoch #1 Step #11 / 76: loss:2.2460, precision: 27.9747
[2021-11-10 09:56:36][__main__	][INFO	] TRAIN at global step #12 Epoch #1 Step #12 / 76: loss:2.2398, precision: 25.9097
[2021-11-10 09:56:42][__main__	][INFO	] TRAIN at global step #13 Epoch #1 Step #13 / 76: loss:2.1619, precision: 25.6632
[2021-11-10 09:56:50][__main__	][INFO	] TRAIN at global step #14 Epoch #1 Step #14 / 76: loss:2.2419, precision: 23.3888
[2021-11-10 09:56:57][__main__	][INFO	] TRAIN at global step #15 Epoch #1 Step #15 / 76: loss:2.2437, precision: 22.4534
[2021-11-10 09:57:04][__main__	][INFO	] TRAIN at global step #16 Epoch #1 Step #16 / 76: loss:2.1840, precision: 28.1867
[2021-11-10 09:57:10][__main__	][INFO	] TRAIN at global step #17 Epoch #1 Step #17 / 76: loss:2.3880, precision: 17.8633
[2021-11-10 09:57:18][__main__	][INFO	] TRAIN at global step #18 Epoch #1 Step #18 / 76: loss:1.9896, precision: 30.1849
[2021-11-10 09:57:25][__main__	][INFO	] TRAIN at global step #19 Epoch #1 Step #19 / 76: loss:2.1743, precision: 22.1450
[2021-11-10 09:57:32][__main__	][INFO	] TRAIN at global step #20 Epoch #1 Step #20 / 76: loss:2.1263, precision: 26.4704
[2021-11-10 09:57:40][__main__	][INFO	] TRAIN at global step #21 Epoch #1 Step #21 / 76: loss:2.2642, precision: 19.9600
[2021-11-10 09:57:46][__main__	][INFO	] TRAIN at global step #22 Epoch #1 Step #22 / 76: loss:2.0934, precision: 25.9916
[2021-11-10 09:57:54][__main__	][INFO	] TRAIN at global step #23 Epoch #1 Step #23 / 76: loss:2.3028, precision: 19.9395
[2021-11-10 09:58:01][__main__	][INFO	] TRAIN at global step #24 Epoch #1 Step #24 / 76: loss:2.0670, precision: 29.1421
[2021-11-10 09:58:09][__main__	][INFO	] TRAIN at global step #25 Epoch #1 Step #25 / 76: loss:2.0415, precision: 28.6488
[2021-11-10 09:58:14][__main__	][INFO	] TRAIN at global step #26 Epoch #1 Step #26 / 76: loss:1.9692, precision: 30.3923
[2021-11-10 09:58:21][__main__	][INFO	] TRAIN at global step #27 Epoch #1 Step #27 / 76: loss:2.1543, precision: 26.2454
[2021-11-10 09:58:29][__main__	][INFO	] TRAIN at global step #28 Epoch #1 Step #28 / 76: loss:2.0721, precision: 23.2002
[2021-11-10 09:58:35][__main__	][INFO	] TRAIN at global step #29 Epoch #1 Step #29 / 76: loss:2.2086, precision: 22.0191
[2021-11-10 09:58:42][__main__	][INFO	] TRAIN at global step #30 Epoch #1 Step #30 / 76: loss:1.8643, precision: 29.6407
[2021-11-10 09:58:48][__main__	][INFO	] TRAIN at global step #31 Epoch #1 Step #31 / 76: loss:1.9428, precision: 29.4438
[2021-11-10 09:58:56][__main__	][INFO	] TRAIN at global step #32 Epoch #1 Step #32 / 76: loss:2.0610, precision: 23.3035
[2021-11-10 09:59:03][__main__	][INFO	] TRAIN at global step #33 Epoch #1 Step #33 / 76: loss:1.8419, precision: 36.9014
[2021-11-10 09:59:09][__main__	][INFO	] TRAIN at global step #34 Epoch #1 Step #34 / 76: loss:2.1925, precision: 20.8840
[2021-11-10 09:59:16][__main__	][INFO	] TRAIN at global step #35 Epoch #1 Step #35 / 76: loss:1.8076, precision: 35.6916
[2021-11-10 09:59:24][__main__	][INFO	] TRAIN at global step #36 Epoch #1 Step #36 / 76: loss:2.1756, precision: 21.7387
[2021-11-10 09:59:32][__main__	][INFO	] TRAIN at global step #37 Epoch #1 Step #37 / 76: loss:2.1731, precision: 19.4423
[2021-11-10 09:59:38][__main__	][INFO	] TRAIN at global step #38 Epoch #1 Step #38 / 76: loss:2.0595, precision: 30.3669
[2021-11-10 09:59:45][__main__	][INFO	] TRAIN at global step #39 Epoch #1 Step #39 / 76: loss:2.0836, precision: 27.3909
[2021-11-10 09:59:52][__main__	][INFO	] TRAIN at global step #40 Epoch #1 Step #40 / 76: loss:2.1724, precision: 23.8636
[2021-11-10 09:59:57][__main__	][INFO	] TRAIN at global step #41 Epoch #1 Step #41 / 76: loss:2.2673, precision: 17.4905
[2021-11-10 10:00:04][__main__	][INFO	] TRAIN at global step #42 Epoch #1 Step #42 / 76: loss:2.0148, precision: 30.3119
[2021-11-10 10:00:11][__main__	][INFO	] TRAIN at global step #43 Epoch #1 Step #43 / 76: loss:2.0767, precision: 28.1358
[2021-11-10 10:00:19][__main__	][INFO	] TRAIN at global step #44 Epoch #1 Step #44 / 76: loss:2.0332, precision: 24.9715
[2021-11-10 10:00:25][__main__	][INFO	] TRAIN at global step #45 Epoch #1 Step #45 / 76: loss:2.1221, precision: 24.9335
[2021-11-10 10:00:33][__main__	][INFO	] TRAIN at global step #46 Epoch #1 Step #46 / 76: loss:2.0486, precision: 24.5211
[2021-11-10 10:00:42][__main__	][INFO	] TRAIN at global step #47 Epoch #1 Step #47 / 76: loss:2.0375, precision: 26.7401
[2021-11-10 10:00:48][__main__	][INFO	] TRAIN at global step #48 Epoch #1 Step #48 / 76: loss:2.0019, precision: 29.3518
[2021-11-10 10:00:54][__main__	][INFO	] TRAIN at global step #49 Epoch #1 Step #49 / 76: loss:2.0020, precision: 27.0653
[2021-11-10 10:01:03][__main__	][INFO	] TRAIN at global step #50 Epoch #1 Step #50 / 76: loss:1.9359, precision: 28.2768
[2021-11-10 10:01:10][__main__	][INFO	] TRAIN at global step #51 Epoch #1 Step #51 / 76: loss:1.9589, precision: 27.4553
[2021-11-10 10:01:17][__main__	][INFO	] TRAIN at global step #52 Epoch #1 Step #52 / 76: loss:2.1479, precision: 23.5724
[2021-11-10 10:01:23][__main__	][INFO	] TRAIN at global step #53 Epoch #1 Step #53 / 76: loss:2.0366, precision: 28.6658
[2021-11-10 10:01:30][__main__	][INFO	] TRAIN at global step #54 Epoch #1 Step #54 / 76: loss:1.8889, precision: 29.9956
[2021-11-10 10:01:36][__main__	][INFO	] TRAIN at global step #55 Epoch #1 Step #55 / 76: loss:2.1556, precision: 23.0065
[2021-11-10 10:01:43][__main__	][INFO	] TRAIN at global step #56 Epoch #1 Step #56 / 76: loss:2.1874, precision: 19.5609
[2021-11-10 10:01:50][__main__	][INFO	] TRAIN at global step #57 Epoch #1 Step #57 / 76: loss:2.0384, precision: 27.7575
[2021-11-10 10:01:56][__main__	][INFO	] TRAIN at global step #58 Epoch #1 Step #58 / 76: loss:2.0661, precision: 26.2513
[2021-11-10 10:02:03][__main__	][INFO	] TRAIN at global step #59 Epoch #1 Step #59 / 76: loss:2.0145, precision: 26.4807
[2021-11-10 10:02:10][__main__	][INFO	] TRAIN at global step #60 Epoch #1 Step #60 / 76: loss:2.0577, precision: 26.0825
[2021-11-10 10:02:17][__main__	][INFO	] TRAIN at global step #61 Epoch #1 Step #61 / 76: loss:1.9165, precision: 27.0456
[2021-11-10 10:02:24][__main__	][INFO	] TRAIN at global step #62 Epoch #1 Step #62 / 76: loss:2.0469, precision: 20.7441
[2021-11-10 10:02:30][__main__	][INFO	] TRAIN at global step #63 Epoch #1 Step #63 / 76: loss:1.9329, precision: 28.2074
[2021-11-10 10:02:35][__main__	][INFO	] TRAIN at global step #64 Epoch #1 Step #64 / 76: loss:2.0134, precision: 30.2177
[2021-11-10 10:02:43][__main__	][INFO	] TRAIN at global step #65 Epoch #1 Step #65 / 76: loss:2.0318, precision: 26.9517
[2021-11-10 10:02:49][__main__	][INFO	] TRAIN at global step #66 Epoch #1 Step #66 / 76: loss:2.2443, precision: 20.3647
[2021-11-10 10:02:55][__main__	][INFO	] TRAIN at global step #67 Epoch #1 Step #67 / 76: loss:2.0787, precision: 22.1316
[2021-11-10 10:03:02][__main__	][INFO	] TRAIN at global step #68 Epoch #1 Step #68 / 76: loss:2.3169, precision: 16.6799
[2021-11-10 10:03:09][__main__	][INFO	] TRAIN at global step #69 Epoch #1 Step #69 / 76: loss:2.0599, precision: 26.8475
[2021-11-10 10:03:16][__main__	][INFO	] TRAIN at global step #70 Epoch #1 Step #70 / 76: loss:2.0907, precision: 21.7906
[2021-11-10 10:03:26][__main__	][INFO	] TRAIN at global step #71 Epoch #1 Step #71 / 76: loss:2.1074, precision: 22.7969
[2021-11-10 10:03:35][__main__	][INFO	] TRAIN at global step #72 Epoch #1 Step #72 / 76: loss:2.0246, precision: 25.9964
[2021-11-10 10:03:42][__main__	][INFO	] TRAIN at global step #73 Epoch #1 Step #73 / 76: loss:1.8328, precision: 35.4521
[2021-11-10 10:03:48][__main__	][INFO	] TRAIN at global step #74 Epoch #1 Step #74 / 76: loss:1.9016, precision: 30.7711
[2021-11-10 10:03:55][__main__	][INFO	] TRAIN at global step #75 Epoch #1 Step #75 / 76: loss:1.9747, precision: 28.6100
[2021-11-10 10:03:56][__main__	][INFO	] TRAIN at global step #76 Epoch #1 Step #76 / 76: loss:1.6250, precision: 40.6201
Traceback (most recent call last):
  File "new.py", line 1012, in <module>
    main()
  File "new.py", line 90, in main
    main_worker()
  File "new.py", line 217, in main_worker
    train(model, train_dataloader, val_dataloader, config, logger, rank=rank, world_size=world_size)
  File "new.py", line 859, in train
    checkpoint(
  File "new.py", line 44, in checkpoint
    torch.save(states, filename)
  File "/home/aidrive/tb5zhh/.conda/envs/tbw_3dscan/lib/python3.8/site-packages/torch/serialization.py", line 369, in save
    with _open_file_like(f, 'wb') as opened_file:
  File "/home/aidrive/tb5zhh/.conda/envs/tbw_3dscan/lib/python3.8/site-packages/torch/serialization.py", line 230, in _open_file_like
    return _open_file(name_or_buffer, mode)
  File "/home/aidrive/tb5zhh/.conda/envs/tbw_3dscan/lib/python3.8/site-packages/torch/serialization.py", line 211, in __init__
    super(_open_file, self).__init__(open(name, mode))
PermissionError: [Errno 13] Permission denied: 'checkpoints/finetune_20_fit_double_0.1_Res16UNet34C_latest.pth'

wandb: Waiting for W&B process to finish, PID 2731805... (failed 1). Press ctrl-c to abort syncing.
wandb: - 0.05MB of 0.05MB uploaded (0.00MB deduped)wandb: \ 0.05MB of 0.05MB uploaded (0.00MB deduped)wandb: | 0.05MB of 0.05MB uploaded (0.00MB deduped)wandb: / 0.05MB of 0.07MB uploaded (0.00MB deduped)wandb: - 0.05MB of 0.07MB uploaded (0.00MB deduped)wandb: \ 0.05MB of 0.07MB uploaded (0.00MB deduped)wandb: | 0.05MB of 0.07MB uploaded (0.00MB deduped)wandb: / 0.05MB of 0.07MB uploaded (0.00MB deduped)wandb: - 0.05MB of 0.07MB uploaded (0.00MB deduped)wandb: \ 0.07MB of 0.07MB uploaded (0.00MB deduped)wandb: | 0.07MB of 0.07MB uploaded (0.00MB deduped)wandb: / 0.07MB of 0.07MB uploaded (0.00MB deduped)wandb: - 0.07MB of 0.07MB uploaded (0.00MB deduped)wandb: \ 0.07MB of 0.07MB uploaded (0.00MB deduped)wandb: | 0.07MB of 0.07MB uploaded (0.00MB deduped)wandb: / 0.07MB of 0.07MB uploaded (0.00MB deduped)wandb: - 0.07MB of 0.07MB uploaded (0.00MB deduped)wandb: \ 0.07MB of 0.07MB uploaded (0.00MB deduped)wandb: | 0.07MB of 0.07MB uploaded (0.00MB deduped)wandb:                                                                                
wandb: Run history:
wandb:     global_step ▁▁▁▁▂▂▂▂▂▃▃▃▃▃▃▄▄▄▄▄▅▅▅▅▅▅▆▆▆▆▆▇▇▇▇▇▇███
wandb:   learning rate ████▇▇▇▇▇▆▆▆▆▆▆▅▅▅▅▅▄▄▄▄▄▄▃▃▃▃▃▂▂▂▂▂▂▁▁▁
wandb:            loss █▇▅▅▄▄▃▃▃▂▃▃▃▂▃▃▂▂▂▃▃▄▃▃▃▃▂▃▂▃▃▃▃▃▃▄▃▃▂▁
wandb:      optim_step ▁▁▁▁▂▂▂▂▂▃▃▃▃▃▃▄▄▄▄▄▅▅▅▅▅▅▆▆▆▆▆▇▇▇▇▇▇███
wandb:       precision ▁▁▃▃▅▅▅▅▆▆▅▅▆▆▅▅▆▇▇▄▆▄▆▅▆▆▆▅▆▄▅▅▄▆▄▄▅▅▆█
wandb: 
wandb: Run summary:
wandb:     global_step 76
wandb:   learning rate 0.09977
wandb:            loss 1.62502
wandb:      optim_step 76
wandb:       precision 40.6201
wandb: 
wandb: Synced 7 W&B file(s), 0 media file(s), 0 artifact file(s) and 1 other file(s)
wandb: Synced rose-fire-320: https://wandb.ai/tb5zhh/3dsp/runs/xyojvebv
wandb: Find logs at: ./wandb/run-20211110_095448-xyojvebv/logs/debug.log
wandb: 
