20_fit_double
/home/aidrive/tb5zhh/.conda/envs/tbw_3dscan/lib/python3.8/site-packages/MinkowskiEngine/__init__.py:36: UserWarning: The environment variable `OMP_NUM_THREADS` not set. MinkowskiEngine will automatically set `OMP_NUM_THREADS=16`. If you want to set `OMP_NUM_THREADS` manually, please export it on the command line before running a python script. e.g. `export OMP_NUM_THREADS=12; python your_program.py`. It is recommended to set it below 24.
  warnings.warn(
[2021-11-10 09:53:28][__main__	][INFO	] Run with 1 cpu
[2021-11-10 09:53:28][__main__	][INFO	] Running config
[2021-11-10 09:53:28][__main__	][INFO	] --->                          model: Res16UNet34C
[2021-11-10 09:53:28][__main__	][INFO	] --->              conv1_kernel_size: 5
[2021-11-10 09:53:28][__main__	][INFO	] --->                        weights: checkpoints/pretrain_20000.pth
[2021-11-10 09:53:28][__main__	][INFO	] --->                       weights1: /home/aidrive1/workspace/luoly/dataset/final/min_weights/LR/unc/1/512/checkpoint_NoneRes16UNet34Cbest_val.pth
[2021-11-10 09:53:28][__main__	][INFO	] --->                       weights2: /home/aidrive1/workspace/luoly/dataset/final/min_weights/LR/512/1/checkpoint_NoneRes16UNet34Cbest_val.pth
[2021-11-10 09:53:28][__main__	][INFO	] --->                       weights3: /home/aidrive1/workspace/luoly/dataset/final/min_weights/LR/1024/1/checkpoint_NoneRes16UNet34Cbest_val.pth
[2021-11-10 09:53:28][__main__	][INFO	] --->        weights_for_inner_model: False
[2021-11-10 09:53:28][__main__	][INFO	] --->                      dilations: [1, 1, 1, 1]
[2021-11-10 09:53:28][__main__	][INFO	] --->                   wrapper_type: None
[2021-11-10 09:53:28][__main__	][INFO	] --->            wrapper_region_type: 1
[2021-11-10 09:53:28][__main__	][INFO	] --->            wrapper_kernel_size: 3
[2021-11-10 09:53:28][__main__	][INFO	] --->                     wrapper_lr: 0.1
[2021-11-10 09:53:28][__main__	][INFO	] --->           meanfield_iterations: 10
[2021-11-10 09:53:28][__main__	][INFO	] --->              crf_spatial_sigma: 1
[2021-11-10 09:53:28][__main__	][INFO	] --->            crf_chromatic_sigma: 12
[2021-11-10 09:53:28][__main__	][INFO	] --->                      optimizer: SGD
[2021-11-10 09:53:28][__main__	][INFO	] --->                             lr: 0.1
[2021-11-10 09:53:28][__main__	][INFO	] --->                   sgd_momentum: 0.9
[2021-11-10 09:53:28][__main__	][INFO	] --->                  sgd_dampening: 0.1
[2021-11-10 09:53:28][__main__	][INFO	] --->                     adam_beta1: 0.9
[2021-11-10 09:53:28][__main__	][INFO	] --->                     adam_beta2: 0.999
[2021-11-10 09:53:28][__main__	][INFO	] --->                   weight_decay: 0.0001
[2021-11-10 09:53:28][__main__	][INFO	] --->           param_histogram_freq: 100
[2021-11-10 09:53:28][__main__	][INFO	] --->           save_param_histogram: False
[2021-11-10 09:53:28][__main__	][INFO	] --->                      iter_size: 1
[2021-11-10 09:53:28][__main__	][INFO	] --->                    bn_momentum: 0.02
[2021-11-10 09:53:28][__main__	][INFO	] --->                      scheduler: PolyLR
[2021-11-10 09:53:28][__main__	][INFO	] --->                       max_iter: 30000
[2021-11-10 09:53:28][__main__	][INFO	] --->                      step_size: 20000.0
[2021-11-10 09:53:28][__main__	][INFO	] --->                     step_gamma: 0.1
[2021-11-10 09:53:28][__main__	][INFO	] --->                     poly_power: 0.9
[2021-11-10 09:53:28][__main__	][INFO	] --->                      exp_gamma: 0.95
[2021-11-10 09:53:28][__main__	][INFO	] --->                  exp_step_size: 445
[2021-11-10 09:53:28][__main__	][INFO	] --->                        log_dir: log
[2021-11-10 09:53:28][__main__	][INFO	] --->                       data_dir: data
[2021-11-10 09:53:28][__main__	][INFO	] --->                        dataset: ScannetVoxelization2cmDataset
[2021-11-10 09:53:28][__main__	][INFO	] --->                    testdataset: ScannetVoxelization2cmtestDataset
[2021-11-10 09:53:28][__main__	][INFO	] --->              temporal_dilation: 30
[2021-11-10 09:53:28][__main__	][INFO	] --->                temporal_numseq: 3
[2021-11-10 09:53:28][__main__	][INFO	] --->                      point_lim: -1
[2021-11-10 09:53:28][__main__	][INFO	] --->                  pre_point_lim: -1
[2021-11-10 09:53:28][__main__	][INFO	] --->                     batch_size: 1
[2021-11-10 09:53:28][__main__	][INFO	] --->                test_batch_size: 1
[2021-11-10 09:53:28][__main__	][INFO	] --->                     cache_data: False
[2021-11-10 09:53:28][__main__	][INFO	] --->                    num_workers: 4
[2021-11-10 09:53:28][__main__	][INFO	] --->                num_val_workers: 1
[2021-11-10 09:53:28][__main__	][INFO	] --->                   ignore_label: 255
[2021-11-10 09:53:28][__main__	][INFO	] --->          return_transformation: False
[2021-11-10 09:53:28][__main__	][INFO	] --->         ignore_duplicate_class: False
[2021-11-10 09:53:28][__main__	][INFO	] --->                   partial_crop: 0.0
[2021-11-10 09:53:28][__main__	][INFO	] --->          train_limit_numpoints: 0
[2021-11-10 09:53:28][__main__	][INFO	] --->                   synthia_path: /home/chrischoy/datasets/Synthia/Synthia4D
[2021-11-10 09:53:28][__main__	][INFO	] --->            synthia_camera_path: /home/chrischoy/datasets/Synthia/%s/CameraParams/
[2021-11-10 09:53:28][__main__	][INFO	] --->  synthia_camera_intrinsic_file: intrinsics.txt
[2021-11-10 09:53:28][__main__	][INFO	] ---> synthia_camera_extrinsics_file: Stereo_Right/Omni_F/%s.txt
[2021-11-10 09:53:28][__main__	][INFO	] --->         temporal_rand_dilation: False
[2021-11-10 09:53:28][__main__	][INFO	] --->           temporal_rand_numseq: False
[2021-11-10 09:53:28][__main__	][INFO	] --->                   scannet_path: /home/aidrive/tb5zhh/data/20_fit_double/train
[2021-11-10 09:53:28][__main__	][INFO	] --->              scannet_test_path: /home/aidrive/tb5zhh/data/full/train
[2021-11-10 09:53:28][__main__	][INFO	] --->                stanford3d_path: /home/chrischoy/datasets/Stanford3D
[2021-11-10 09:53:28][__main__	][INFO	] --->                       is_train: True
[2021-11-10 09:53:28][__main__	][INFO	] --->                      stat_freq: 40
[2021-11-10 09:53:28][__main__	][INFO	] --->                 test_stat_freq: 100
[2021-11-10 09:53:28][__main__	][INFO	] --->                test_stat_freq1: 312
[2021-11-10 09:53:28][__main__	][INFO	] --->                      save_freq: 1000
[2021-11-10 09:53:28][__main__	][INFO	] --->                       val_freq: 2
[2021-11-10 09:53:28][__main__	][INFO	] --->               empty_cache_freq: 1
[2021-11-10 09:53:28][__main__	][INFO	] --->                    train_phase: train
[2021-11-10 09:53:28][__main__	][INFO	] --->                      val_phase: val
[2021-11-10 09:53:28][__main__	][INFO	] --->              overwrite_weights: True
[2021-11-10 09:53:28][__main__	][INFO	] --->                         resume: None
[2021-11-10 09:53:28][__main__	][INFO	] --->               resume_optimizer: True
[2021-11-10 09:53:28][__main__	][INFO	] --->                  eval_upsample: False
[2021-11-10 09:53:28][__main__	][INFO	] --->         lenient_weight_loading: False
[2021-11-10 09:53:28][__main__	][INFO	] --->         distributed_world_size: 2
[2021-11-10 09:53:28][__main__	][INFO	] --->               distributed_rank: 0
[2021-11-10 09:53:28][__main__	][INFO	] --->            distributed_backend: nccl
[2021-11-10 09:53:28][__main__	][INFO	] --->        distributed_init_method: 
[2021-11-10 09:53:28][__main__	][INFO	] --->               distributed_port: 10010
[2021-11-10 09:53:28][__main__	][INFO	] --->                      device_id: 0
[2021-11-10 09:53:28][__main__	][INFO	] --->           distributed_no_spawn: True
[2021-11-10 09:53:28][__main__	][INFO	] --->                    ddp_backend: c10d
[2021-11-10 09:53:28][__main__	][INFO	] --->                  bucket_cap_mb: 25
[2021-11-10 09:53:28][__main__	][INFO	] --->                   use_feat_aug: True
[2021-11-10 09:53:28][__main__	][INFO	] --->     data_aug_color_trans_ratio: 0.1
[2021-11-10 09:53:28][__main__	][INFO	] --->      data_aug_color_jitter_std: 0.05
[2021-11-10 09:53:28][__main__	][INFO	] --->                normalize_color: True
[2021-11-10 09:53:28][__main__	][INFO	] --->             data_aug_scale_min: 0.9
[2021-11-10 09:53:28][__main__	][INFO	] --->             data_aug_scale_max: 1.1
[2021-11-10 09:53:28][__main__	][INFO	] --->               data_aug_hue_max: 0.5
[2021-11-10 09:53:28][__main__	][INFO	] --->        data_aug_saturation_max: 0.2
[2021-11-10 09:53:28][__main__	][INFO	] --->                      visualize: False
[2021-11-10 09:53:28][__main__	][INFO	] --->          test_temporal_average: False
[2021-11-10 09:53:28][__main__	][INFO	] --->                 visualize_path: outputs/visualize
[2021-11-10 09:53:28][__main__	][INFO	] --->                save_prediction: False
[2021-11-10 09:53:28][__main__	][INFO	] --->                  save_pred_dir: outputs/pred
[2021-11-10 09:53:28][__main__	][INFO	] --->                     test_phase: test
[2021-11-10 09:53:28][__main__	][INFO	] --->   evaluate_original_pointcloud: False
[2021-11-10 09:53:28][__main__	][INFO	] --->       test_original_pointcloud: False
[2021-11-10 09:53:28][__main__	][INFO	] --->                        is_cuda: True
[2021-11-10 09:53:28][__main__	][INFO	] --->                      load_path: 
[2021-11-10 09:53:28][__main__	][INFO	] --->                       log_step: 50
[2021-11-10 09:53:28][__main__	][INFO	] --->                      log_level: INFO
[2021-11-10 09:53:28][__main__	][INFO	] --->                        num_gpu: 1
[2021-11-10 09:53:28][__main__	][INFO	] --->                           seed: 42
[2021-11-10 09:53:28][__main__	][INFO	] --->                       run_name: finetune_20_fit_double_0.1_Res16UNet34C
[2021-11-10 09:53:28][__main__	][INFO	] --->                      unc_round: 20
[2021-11-10 09:53:28][__main__	][INFO	] --->                 unc_result_dir: /
[2021-11-10 09:53:28][__main__	][INFO	] --->                          wandb: True
[2021-11-10 09:53:28][__main__	][INFO	] --->                  train_dataset: ScannetVoxelization2cmDataset
[2021-11-10 09:53:28][__main__	][INFO	] --->                    val_dataset: ScannetVoxelization2cmtestDataset
[2021-11-10 09:53:28][__main__	][INFO	] --->                 checkpoint_dir: checkpoints
[2021-11-10 09:53:28][__main__	][INFO	] --->                     optim_step: 1
[2021-11-10 09:53:28][__main__	][INFO	] --->                  validate_step: 100
[2021-11-10 09:53:28][__main__	][INFO	] --->                    train_epoch: 20000
[2021-11-10 09:53:28][__main__	][INFO	] --->               train_batch_size: 16
[2021-11-10 09:53:28][__main__	][INFO	] --->                 val_batch_size: 8
[2021-11-10 09:53:28][__main__	][INFO	] --->                eval_result_dir: /
[2021-11-10 09:53:28][__main__	][INFO	] --->                  unc_stat_path: /
[2021-11-10 09:53:28][__main__	][INFO	] --->                     save_epoch: 1
[2021-11-10 09:53:28][__main__	][INFO	] --->                   ignore_index: 255
[2021-11-10 09:53:28][__main__	][INFO	] --->                       do_train: True
[2021-11-10 09:53:28][__main__	][INFO	] --->               do_unc_inference: False
[2021-11-10 09:53:28][__main__	][INFO	] --->                    do_unc_demo: False
[2021-11-10 09:53:28][__main__	][INFO	] --->                    unc_dataset: 
[2021-11-10 09:53:28][__main__	][INFO	] --->           do_verbose_inference: False
[2021-11-10 09:53:28][__main__	][INFO	] --->                  do_unc_render: False
slurmstepd: error: *** JOB 1117 ON air-node-03 CANCELLED AT 2021-11-10T09:53:42 ***
