100_fit_double
/home/aidrive/tb5zhh/.conda/envs/tbw_3dscan/lib/python3.8/site-packages/MinkowskiEngine/__init__.py:36: UserWarning: The environment variable `OMP_NUM_THREADS` not set. MinkowskiEngine will automatically set `OMP_NUM_THREADS=16`. If you want to set `OMP_NUM_THREADS` manually, please export it on the command line before running a python script. e.g. `export OMP_NUM_THREADS=12; python your_program.py`. It is recommended to set it below 24.
  warnings.warn(
usage: new.py [-h] [--model MODEL] [--conv1_kernel_size CONV1_KERNEL_SIZE]
              [--weights WEIGHTS] [--weights1 WEIGHTS1] [--weights2 WEIGHTS2]
              [--weights3 WEIGHTS3]
              [--weights_for_inner_model WEIGHTS_FOR_INNER_MODEL]
              [--dilations DILATIONS] [--wrapper_type WRAPPER_TYPE]
              [--wrapper_region_type WRAPPER_REGION_TYPE]
              [--wrapper_kernel_size WRAPPER_KERNEL_SIZE]
              [--wrapper_lr WRAPPER_LR]
              [--meanfield_iterations MEANFIELD_ITERATIONS]
              [--crf_spatial_sigma CRF_SPATIAL_SIGMA]
              [--crf_chromatic_sigma CRF_CHROMATIC_SIGMA]
              [--optimizer OPTIMIZER] [--lr LR] [--sgd_momentum SGD_MOMENTUM]
              [--sgd_dampening SGD_DAMPENING] [--adam_beta1 ADAM_BETA1]
              [--adam_beta2 ADAM_BETA2] [--weight_decay WEIGHT_DECAY]
              [--param_histogram_freq PARAM_HISTOGRAM_FREQ]
              [--save_param_histogram SAVE_PARAM_HISTOGRAM]
              [--iter_size ITER_SIZE] [--bn_momentum BN_MOMENTUM]
              [--scheduler SCHEDULER] [--max_iter MAX_ITER]
              [--step_size STEP_SIZE] [--step_gamma STEP_GAMMA]
              [--poly_power POLY_POWER] [--exp_gamma EXP_GAMMA]
              [--exp_step_size EXP_STEP_SIZE] [--log_dir LOG_DIR]
              [--data_dir DATA_DIR] [--dataset DATASET]
              [--testdataset TESTDATASET]
              [--temporal_dilation TEMPORAL_DILATION]
              [--temporal_numseq TEMPORAL_NUMSEQ] [--point_lim POINT_LIM]
              [--pre_point_lim PRE_POINT_LIM] [--batch_size BATCH_SIZE]
              [--test_batch_size TEST_BATCH_SIZE] [--cache_data CACHE_DATA]
              [--num_workers NUM_WORKERS] [--num_val_workers NUM_VAL_WORKERS]
              [--ignore_label IGNORE_LABEL]
              [--return_transformation RETURN_TRANSFORMATION]
              [--ignore_duplicate_class IGNORE_DUPLICATE_CLASS]
              [--partial_crop PARTIAL_CROP]
              [--train_limit_numpoints TRAIN_LIMIT_NUMPOINTS]
              [--synthia_path SYNTHIA_PATH]
              [--synthia_camera_path SYNTHIA_CAMERA_PATH]
              [--synthia_camera_intrinsic_file SYNTHIA_CAMERA_INTRINSIC_FILE]
              [--synthia_camera_extrinsics_file SYNTHIA_CAMERA_EXTRINSICS_FILE]
              [--temporal_rand_dilation TEMPORAL_RAND_DILATION]
              [--temporal_rand_numseq TEMPORAL_RAND_NUMSEQ]
              [--scannet_path SCANNET_PATH]
              [--scannet_test_path SCANNET_TEST_PATH]
              [--stanford3d_path STANFORD3D_PATH] [--is_train IS_TRAIN]
              [--stat_freq STAT_FREQ] [--test_stat_freq TEST_STAT_FREQ]
              [--test_stat_freq1 TEST_STAT_FREQ1] [--save_freq SAVE_FREQ]
              [--val_freq VAL_FREQ] [--empty_cache_freq EMPTY_CACHE_FREQ]
              [--train_phase TRAIN_PHASE] [--val_phase VAL_PHASE]
              [--overwrite_weights OVERWRITE_WEIGHTS] [--resume RESUME]
              [--resume_optimizer RESUME_OPTIMIZER]
              [--eval_upsample EVAL_UPSAMPLE]
              [--lenient_weight_loading LENIENT_WEIGHT_LOADING]
              [--distributed_world_size DISTRIBUTED_WORLD_SIZE]
              [--distributed_rank DISTRIBUTED_RANK]
              [--distributed_backend DISTRIBUTED_BACKEND]
              [--distributed_init_method DISTRIBUTED_INIT_METHOD]
              [--distributed_port DISTRIBUTED_PORT] [--device_id DEVICE_ID]
              [--distributed_no_spawn DISTRIBUTED_NO_SPAWN]
              [--ddp_backend {c10d,no_c10d}] [--bucket_cap_mb BUCKET_CAP_MB]
              [--use_feat_aug USE_FEAT_AUG]
              [--data_aug_color_trans_ratio DATA_AUG_COLOR_TRANS_RATIO]
              [--data_aug_color_jitter_std DATA_AUG_COLOR_JITTER_STD]
              [--normalize_color NORMALIZE_COLOR]
              [--data_aug_scale_min DATA_AUG_SCALE_MIN]
              [--data_aug_scale_max DATA_AUG_SCALE_MAX]
              [--data_aug_hue_max DATA_AUG_HUE_MAX]
              [--data_aug_saturation_max DATA_AUG_SATURATION_MAX]
              [--visualize VISUALIZE]
              [--test_temporal_average TEST_TEMPORAL_AVERAGE]
              [--visualize_path VISUALIZE_PATH]
              [--save_prediction SAVE_PREDICTION]
              [--save_pred_dir SAVE_PRED_DIR] [--test_phase TEST_PHASE]
              [--evaluate_original_pointcloud EVALUATE_ORIGINAL_POINTCLOUD]
              [--test_original_pointcloud TEST_ORIGINAL_POINTCLOUD]
              [--is_cuda IS_CUDA] [--load_path LOAD_PATH]
              [--log_step LOG_STEP] [--log_level {INFO,DEBUG,WARN}]
              [--num_gpu NUM_GPU] [--seed SEED] [--run_name RUN_NAME]
              [--unc_round UNC_ROUND] [--unc_result_dir UNC_RESULT_DIR]
              [--wandb WANDB] [--train_dataset TRAIN_DATASET]
              [--val_dataset VAL_DATASET] [--checkpoint_dir CHECKPOINT_DIR]
              [--optim_step OPTIM_STEP] [--validate_step VALIDATE_STEP]
              [--train_epoch TRAIN_EPOCH]
              [--train_batch_size TRAIN_BATCH_SIZE]
              [--val_batch_size VAL_BATCH_SIZE]
              [--eval_result_dir EVAL_RESULT_DIR]
              [--unc_stat_path UNC_STAT_PATH] [--save_epoch SAVE_EPOCH]
              [--ignore_index IGNORE_INDEX] [--do_train] [--do_unc_inference]
              [--do_unc_demo] [--unc_dataset UNC_DATASET]
              [--do_verbose_inference] [--do_unc_render]
new.py: error: unrecognized arguments: _0.1_Res16UNet34C /train
