/home/aidrive/tb5zhh/.conda/envs/tbw_3dscan/lib/python3.8/site-packages/MinkowskiEngine/__init__.py:36: UserWarning: The environment variable `OMP_NUM_THREADS` not set. MinkowskiEngine will automatically set `OMP_NUM_THREADS=16`. If you want to set `OMP_NUM_THREADS` manually, please export it on the command line before running a python script. e.g. `export OMP_NUM_THREADS=12; python your_program.py`. It is recommended to set it below 24.
  warnings.warn(
[2021-11-09 12:03:17][__main__	][INFO	] Run with 1 cpu
[2021-11-09 12:03:17][__main__	][INFO	] Running config
[2021-11-09 12:03:17][__main__	][INFO	] --->                          model: Res16UNet34C
[2021-11-09 12:03:17][__main__	][INFO	] --->              conv1_kernel_size: 5
[2021-11-09 12:03:17][__main__	][INFO	] --->                        weights: checkpoints/pretrain_20000.pth
[2021-11-09 12:03:17][__main__	][INFO	] --->                       weights1: /home/aidrive1/workspace/luoly/dataset/final/min_weights/LR/unc/1/512/checkpoint_NoneRes16UNet34Cbest_val.pth
[2021-11-09 12:03:17][__main__	][INFO	] --->                       weights2: /home/aidrive1/workspace/luoly/dataset/final/min_weights/LR/512/1/checkpoint_NoneRes16UNet34Cbest_val.pth
[2021-11-09 12:03:17][__main__	][INFO	] --->                       weights3: /home/aidrive1/workspace/luoly/dataset/final/min_weights/LR/1024/1/checkpoint_NoneRes16UNet34Cbest_val.pth
[2021-11-09 12:03:17][__main__	][INFO	] --->        weights_for_inner_model: False
[2021-11-09 12:03:17][__main__	][INFO	] --->                      dilations: [1, 1, 1, 1]
[2021-11-09 12:03:17][__main__	][INFO	] --->                   wrapper_type: None
[2021-11-09 12:03:17][__main__	][INFO	] --->            wrapper_region_type: 1
[2021-11-09 12:03:17][__main__	][INFO	] --->            wrapper_kernel_size: 3
[2021-11-09 12:03:17][__main__	][INFO	] --->                     wrapper_lr: 0.1
[2021-11-09 12:03:17][__main__	][INFO	] --->           meanfield_iterations: 10
[2021-11-09 12:03:17][__main__	][INFO	] --->              crf_spatial_sigma: 1
[2021-11-09 12:03:17][__main__	][INFO	] --->            crf_chromatic_sigma: 12
[2021-11-09 12:03:17][__main__	][INFO	] --->                      optimizer: SGD
[2021-11-09 12:03:17][__main__	][INFO	] --->                             lr: 0.1
[2021-11-09 12:03:17][__main__	][INFO	] --->                   sgd_momentum: 0.9
[2021-11-09 12:03:17][__main__	][INFO	] --->                  sgd_dampening: 0.1
[2021-11-09 12:03:17][__main__	][INFO	] --->                     adam_beta1: 0.9
[2021-11-09 12:03:17][__main__	][INFO	] --->                     adam_beta2: 0.999
[2021-11-09 12:03:17][__main__	][INFO	] --->                   weight_decay: 0.0001
[2021-11-09 12:03:17][__main__	][INFO	] --->           param_histogram_freq: 100
[2021-11-09 12:03:17][__main__	][INFO	] --->           save_param_histogram: False
[2021-11-09 12:03:17][__main__	][INFO	] --->                      iter_size: 1
[2021-11-09 12:03:17][__main__	][INFO	] --->                    bn_momentum: 0.02
[2021-11-09 12:03:17][__main__	][INFO	] --->                      scheduler: PolyLR
[2021-11-09 12:03:17][__main__	][INFO	] --->                       max_iter: 30000
[2021-11-09 12:03:17][__main__	][INFO	] --->                      step_size: 20000.0
[2021-11-09 12:03:17][__main__	][INFO	] --->                     step_gamma: 0.1
[2021-11-09 12:03:17][__main__	][INFO	] --->                     poly_power: 0.9
[2021-11-09 12:03:17][__main__	][INFO	] --->                      exp_gamma: 0.95
[2021-11-09 12:03:17][__main__	][INFO	] --->                  exp_step_size: 445
[2021-11-09 12:03:17][__main__	][INFO	] --->                        log_dir: log
[2021-11-09 12:03:17][__main__	][INFO	] --->                       data_dir: data
[2021-11-09 12:03:17][__main__	][INFO	] --->                        dataset: ScannetVoxelization2cmDataset
[2021-11-09 12:03:17][__main__	][INFO	] --->                    testdataset: ScannetVoxelization2cmtestDataset
[2021-11-09 12:03:17][__main__	][INFO	] --->              temporal_dilation: 30
[2021-11-09 12:03:17][__main__	][INFO	] --->                temporal_numseq: 3
[2021-11-09 12:03:17][__main__	][INFO	] --->                      point_lim: -1
[2021-11-09 12:03:17][__main__	][INFO	] --->                  pre_point_lim: -1
[2021-11-09 12:03:17][__main__	][INFO	] --->                     batch_size: 1
[2021-11-09 12:03:17][__main__	][INFO	] --->                test_batch_size: 1
[2021-11-09 12:03:17][__main__	][INFO	] --->                     cache_data: False
[2021-11-09 12:03:17][__main__	][INFO	] --->                    num_workers: 4
[2021-11-09 12:03:17][__main__	][INFO	] --->                num_val_workers: 1
[2021-11-09 12:03:17][__main__	][INFO	] --->                   ignore_label: 255
[2021-11-09 12:03:17][__main__	][INFO	] --->          return_transformation: False
[2021-11-09 12:03:17][__main__	][INFO	] --->         ignore_duplicate_class: False
[2021-11-09 12:03:17][__main__	][INFO	] --->                   partial_crop: 0.0
[2021-11-09 12:03:17][__main__	][INFO	] --->          train_limit_numpoints: 0
[2021-11-09 12:03:17][__main__	][INFO	] --->                   synthia_path: /home/chrischoy/datasets/Synthia/Synthia4D
[2021-11-09 12:03:17][__main__	][INFO	] --->            synthia_camera_path: /home/chrischoy/datasets/Synthia/%s/CameraParams/
[2021-11-09 12:03:17][__main__	][INFO	] --->  synthia_camera_intrinsic_file: intrinsics.txt
[2021-11-09 12:03:17][__main__	][INFO	] ---> synthia_camera_extrinsics_file: Stereo_Right/Omni_F/%s.txt
[2021-11-09 12:03:17][__main__	][INFO	] --->         temporal_rand_dilation: False
[2021-11-09 12:03:17][__main__	][INFO	] --->           temporal_rand_numseq: False
[2021-11-09 12:03:17][__main__	][INFO	] --->                   scannet_path: /home/aidrive/tb5zhh/data/100/train
[2021-11-09 12:03:17][__main__	][INFO	] --->              scannet_test_path: /home/aidrive/tb5zhh/data/full/train
[2021-11-09 12:03:17][__main__	][INFO	] --->                stanford3d_path: /home/chrischoy/datasets/Stanford3D
[2021-11-09 12:03:17][__main__	][INFO	] --->                       is_train: True
[2021-11-09 12:03:17][__main__	][INFO	] --->                      stat_freq: 40
[2021-11-09 12:03:17][__main__	][INFO	] --->                 test_stat_freq: 100
[2021-11-09 12:03:17][__main__	][INFO	] --->                test_stat_freq1: 312
[2021-11-09 12:03:17][__main__	][INFO	] --->                      save_freq: 1000
[2021-11-09 12:03:17][__main__	][INFO	] --->                       val_freq: 2
[2021-11-09 12:03:17][__main__	][INFO	] --->               empty_cache_freq: 1
[2021-11-09 12:03:17][__main__	][INFO	] --->                    train_phase: train
[2021-11-09 12:03:17][__main__	][INFO	] --->                      val_phase: val
[2021-11-09 12:03:17][__main__	][INFO	] --->              overwrite_weights: True
[2021-11-09 12:03:17][__main__	][INFO	] --->                         resume: None
[2021-11-09 12:03:17][__main__	][INFO	] --->               resume_optimizer: True
[2021-11-09 12:03:17][__main__	][INFO	] --->                  eval_upsample: False
[2021-11-09 12:03:17][__main__	][INFO	] --->         lenient_weight_loading: False
[2021-11-09 12:03:17][__main__	][INFO	] --->         distributed_world_size: 2
[2021-11-09 12:03:17][__main__	][INFO	] --->               distributed_rank: 0
[2021-11-09 12:03:17][__main__	][INFO	] --->            distributed_backend: nccl
[2021-11-09 12:03:17][__main__	][INFO	] --->        distributed_init_method: 
[2021-11-09 12:03:17][__main__	][INFO	] --->               distributed_port: 10010
[2021-11-09 12:03:17][__main__	][INFO	] --->                      device_id: 0
[2021-11-09 12:03:17][__main__	][INFO	] --->           distributed_no_spawn: True
[2021-11-09 12:03:17][__main__	][INFO	] --->                    ddp_backend: c10d
[2021-11-09 12:03:17][__main__	][INFO	] --->                  bucket_cap_mb: 25
[2021-11-09 12:03:17][__main__	][INFO	] --->                   use_feat_aug: True
[2021-11-09 12:03:17][__main__	][INFO	] --->     data_aug_color_trans_ratio: 0.1
[2021-11-09 12:03:17][__main__	][INFO	] --->      data_aug_color_jitter_std: 0.05
[2021-11-09 12:03:17][__main__	][INFO	] --->                normalize_color: True
[2021-11-09 12:03:17][__main__	][INFO	] --->             data_aug_scale_min: 0.9
[2021-11-09 12:03:17][__main__	][INFO	] --->             data_aug_scale_max: 1.1
[2021-11-09 12:03:17][__main__	][INFO	] --->               data_aug_hue_max: 0.5
[2021-11-09 12:03:17][__main__	][INFO	] --->        data_aug_saturation_max: 0.2
[2021-11-09 12:03:17][__main__	][INFO	] --->                      visualize: False
[2021-11-09 12:03:17][__main__	][INFO	] --->          test_temporal_average: False
[2021-11-09 12:03:17][__main__	][INFO	] --->                 visualize_path: outputs/visualize
[2021-11-09 12:03:17][__main__	][INFO	] --->                save_prediction: False
[2021-11-09 12:03:17][__main__	][INFO	] --->                  save_pred_dir: outputs/pred
[2021-11-09 12:03:17][__main__	][INFO	] --->                     test_phase: test
[2021-11-09 12:03:17][__main__	][INFO	] --->   evaluate_original_pointcloud: False
[2021-11-09 12:03:17][__main__	][INFO	] --->       test_original_pointcloud: False
[2021-11-09 12:03:17][__main__	][INFO	] --->                        is_cuda: True
[2021-11-09 12:03:17][__main__	][INFO	] --->                      load_path: 
[2021-11-09 12:03:17][__main__	][INFO	] --->                       log_step: 50
[2021-11-09 12:03:17][__main__	][INFO	] --->                      log_level: INFO
[2021-11-09 12:03:17][__main__	][INFO	] --->                        num_gpu: 1
[2021-11-09 12:03:17][__main__	][INFO	] --->                           seed: 42
[2021-11-09 12:03:17][__main__	][INFO	] --->                       run_name: finetune_0.1_100_Res16UNet34C
[2021-11-09 12:03:17][__main__	][INFO	] --->                      unc_round: 20
[2021-11-09 12:03:17][__main__	][INFO	] --->                 unc_result_dir: /
[2021-11-09 12:03:17][__main__	][INFO	] --->                          wandb: True
[2021-11-09 12:03:17][__main__	][INFO	] --->                  train_dataset: ScannetVoxelization2cmDataset
[2021-11-09 12:03:17][__main__	][INFO	] --->                    val_dataset: ScannetVoxelization2cmtestDataset
[2021-11-09 12:03:17][__main__	][INFO	] --->                 checkpoint_dir: checkpoints
[2021-11-09 12:03:17][__main__	][INFO	] --->                     optim_step: 2
[2021-11-09 12:03:17][__main__	][INFO	] --->                  validate_step: 150
[2021-11-09 12:03:17][__main__	][INFO	] --->                    train_epoch: 20000
[2021-11-09 12:03:17][__main__	][INFO	] --->               train_batch_size: 8
[2021-11-09 12:03:17][__main__	][INFO	] --->                 val_batch_size: 8
[2021-11-09 12:03:17][__main__	][INFO	] --->                eval_result_dir: /
[2021-11-09 12:03:17][__main__	][INFO	] --->                  unc_stat_path: /
[2021-11-09 12:03:17][__main__	][INFO	] --->                     save_epoch: 1
[2021-11-09 12:03:17][__main__	][INFO	] --->                   ignore_index: 255
[2021-11-09 12:03:17][__main__	][INFO	] --->                       do_train: True
[2021-11-09 12:03:17][__main__	][INFO	] --->               do_unc_inference: False
[2021-11-09 12:03:17][__main__	][INFO	] --->                    do_unc_demo: False
[2021-11-09 12:03:17][__main__	][INFO	] --->                    unc_dataset: 
[2021-11-09 12:03:17][__main__	][INFO	] --->           do_verbose_inference: False
[2021-11-09 12:03:17][__main__	][INFO	] --->                  do_unc_render: False
[2021-11-09 12:03:25][__main__	][INFO	] Weights loaded from checkpoints/pretrain_20000.pth
[2021-11-09 12:03:25][__main__	][INFO	] Model setup done
[2021-11-09 12:03:25][__main__	][INFO	] 
Res16UNet34C(
  (conv0p1s1): MinkowskiConvolution(in=3, out=32, kernel_size=[5, 5, 5], stride=[1, 1, 1], dilation=[1, 1, 1])
  (bn0): MinkowskiBatchNorm(32, eps=1e-05, momentum=0.02, affine=True, track_running_stats=True)
  (conv1p1s2): MinkowskiConvolution(in=32, out=32, kernel_size=[2, 2, 2], stride=[2, 2, 2], dilation=[1, 1, 1])
  (bn1): MinkowskiBatchNorm(32, eps=1e-05, momentum=0.02, affine=True, track_running_stats=True)
  (block1): Sequential(
    (0): BasicBlock(
      (conv1): MinkowskiConvolution(in=32, out=32, kernel_size=[3, 3, 3], stride=[1, 1, 1], dilation=[1, 1, 1])
      (norm1): MinkowskiBatchNorm(32, eps=1e-05, momentum=0.1, affine=True, track_running_stats=True)
      (conv2): MinkowskiConvolution(in=32, out=32, kernel_size=[3, 3, 3], stride=[1, 1, 1], dilation=[1, 1, 1])
      (norm2): MinkowskiBatchNorm(32, eps=1e-05, momentum=0.1, affine=True, track_running_stats=True)
      (relu): MinkowskiReLU()
    )
    (1): BasicBlock(
      (conv1): MinkowskiConvolution(in=32, out=32, kernel_size=[3, 3, 3], stride=[1, 1, 1], dilation=[1, 1, 1])
      (norm1): MinkowskiBatchNorm(32, eps=1e-05, momentum=0.1, affine=True, track_running_stats=True)
      (conv2): MinkowskiConvolution(in=32, out=32, kernel_size=[3, 3, 3], stride=[1, 1, 1], dilation=[1, 1, 1])
      (norm2): MinkowskiBatchNorm(32, eps=1e-05, momentum=0.1, affine=True, track_running_stats=True)
      (relu): MinkowskiReLU()
    )
  )
  (conv2p2s2): MinkowskiConvolution(in=32, out=32, kernel_size=[2, 2, 2], stride=[2, 2, 2], dilation=[1, 1, 1])
  (bn2): MinkowskiBatchNorm(32, eps=1e-05, momentum=0.02, affine=True, track_running_stats=True)
  (block2): Sequential(
    (0): BasicBlock(
      (conv1): MinkowskiConvolution(in=32, out=64, kernel_size=[3, 3, 3], stride=[1, 1, 1], dilation=[1, 1, 1])
      (norm1): MinkowskiBatchNorm(64, eps=1e-05, momentum=0.1, affine=True, track_running_stats=True)
      (conv2): MinkowskiConvolution(in=64, out=64, kernel_size=[3, 3, 3], stride=[1, 1, 1], dilation=[1, 1, 1])
      (norm2): MinkowskiBatchNorm(64, eps=1e-05, momentum=0.1, affine=True, track_running_stats=True)
      (relu): MinkowskiReLU()
      (downsample): Sequential(
        (0): MinkowskiConvolution(in=32, out=64, kernel_size=[1, 1, 1], stride=[1, 1, 1], dilation=[1, 1, 1])
        (1): MinkowskiBatchNorm(64, eps=1e-05, momentum=0.02, affine=True, track_running_stats=True)
      )
    )
    (1): BasicBlock(
      (conv1): MinkowskiConvolution(in=64, out=64, kernel_size=[3, 3, 3], stride=[1, 1, 1], dilation=[1, 1, 1])
      (norm1): MinkowskiBatchNorm(64, eps=1e-05, momentum=0.1, affine=True, track_running_stats=True)
      (conv2): MinkowskiConvolution(in=64, out=64, kernel_size=[3, 3, 3], stride=[1, 1, 1], dilation=[1, 1, 1])
      (norm2): MinkowskiBatchNorm(64, eps=1e-05, momentum=0.1, affine=True, track_running_stats=True)
      (relu): MinkowskiReLU()
    )
    (2): BasicBlock(
      (conv1): MinkowskiConvolution(in=64, out=64, kernel_size=[3, 3, 3], stride=[1, 1, 1], dilation=[1, 1, 1])
      (norm1): MinkowskiBatchNorm(64, eps=1e-05, momentum=0.1, affine=True, track_running_stats=True)
      (conv2): MinkowskiConvolution(in=64, out=64, kernel_size=[3, 3, 3], stride=[1, 1, 1], dilation=[1, 1, 1])
      (norm2): MinkowskiBatchNorm(64, eps=1e-05, momentum=0.1, affine=True, track_running_stats=True)
      (relu): MinkowskiReLU()
    )
  )
  (conv3p4s2): MinkowskiConvolution(in=64, out=64, kernel_size=[2, 2, 2], stride=[2, 2, 2], dilation=[1, 1, 1])
  (bn3): MinkowskiBatchNorm(64, eps=1e-05, momentum=0.02, affine=True, track_running_stats=True)
  (block3): Sequential(
    (0): BasicBlock(
      (conv1): MinkowskiConvolution(in=64, out=128, kernel_size=[3, 3, 3], stride=[1, 1, 1], dilation=[1, 1, 1])
      (norm1): MinkowskiBatchNorm(128, eps=1e-05, momentum=0.1, affine=True, track_running_stats=True)
      (conv2): MinkowskiConvolution(in=128, out=128, kernel_size=[3, 3, 3], stride=[1, 1, 1], dilation=[1, 1, 1])
      (norm2): MinkowskiBatchNorm(128, eps=1e-05, momentum=0.1, affine=True, track_running_stats=True)
      (relu): MinkowskiReLU()
      (downsample): Sequential(
        (0): MinkowskiConvolution(in=64, out=128, kernel_size=[1, 1, 1], stride=[1, 1, 1], dilation=[1, 1, 1])
        (1): MinkowskiBatchNorm(128, eps=1e-05, momentum=0.02, affine=True, track_running_stats=True)
      )
    )
    (1): BasicBlock(
      (conv1): MinkowskiConvolution(in=128, out=128, kernel_size=[3, 3, 3], stride=[1, 1, 1], dilation=[1, 1, 1])
      (norm1): MinkowskiBatchNorm(128, eps=1e-05, momentum=0.1, affine=True, track_running_stats=True)
      (conv2): MinkowskiConvolution(in=128, out=128, kernel_size=[3, 3, 3], stride=[1, 1, 1], dilation=[1, 1, 1])
      (norm2): MinkowskiBatchNorm(128, eps=1e-05, momentum=0.1, affine=True, track_running_stats=True)
      (relu): MinkowskiReLU()
    )
    (2): BasicBlock(
      (conv1): MinkowskiConvolution(in=128, out=128, kernel_size=[3, 3, 3], stride=[1, 1, 1], dilation=[1, 1, 1])
      (norm1): MinkowskiBatchNorm(128, eps=1e-05, momentum=0.1, affine=True, track_running_stats=True)
      (conv2): MinkowskiConvolution(in=128, out=128, kernel_size=[3, 3, 3], stride=[1, 1, 1], dilation=[1, 1, 1])
      (norm2): MinkowskiBatchNorm(128, eps=1e-05, momentum=0.1, affine=True, track_running_stats=True)
      (relu): MinkowskiReLU()
    )
    (3): BasicBlock(
      (conv1): MinkowskiConvolution(in=128, out=128, kernel_size=[3, 3, 3], stride=[1, 1, 1], dilation=[1, 1, 1])
      (norm1): MinkowskiBatchNorm(128, eps=1e-05, momentum=0.1, affine=True, track_running_stats=True)
      (conv2): MinkowskiConvolution(in=128, out=128, kernel_size=[3, 3, 3], stride=[1, 1, 1], dilation=[1, 1, 1])
      (norm2): MinkowskiBatchNorm(128, eps=1e-05, momentum=0.1, affine=True, track_running_stats=True)
      (relu): MinkowskiReLU()
    )
  )
  (conv4p8s2): MinkowskiConvolution(in=128, out=128, kernel_size=[2, 2, 2], stride=[2, 2, 2], dilation=[1, 1, 1])
  (bn4): MinkowskiBatchNorm(128, eps=1e-05, momentum=0.02, affine=True, track_running_stats=True)
  (block4): Sequential(
    (0): BasicBlock(
      (conv1): MinkowskiConvolution(in=128, out=256, kernel_size=[3, 3, 3], stride=[1, 1, 1], dilation=[1, 1, 1])
      (norm1): MinkowskiBatchNorm(256, eps=1e-05, momentum=0.1, affine=True, track_running_stats=True)
      (conv2): MinkowskiConvolution(in=256, out=256, kernel_size=[3, 3, 3], stride=[1, 1, 1], dilation=[1, 1, 1])
      (norm2): MinkowskiBatchNorm(256, eps=1e-05, momentum=0.1, affine=True, track_running_stats=True)
      (relu): MinkowskiReLU()
      (downsample): Sequential(
        (0): MinkowskiConvolution(in=128, out=256, kernel_size=[1, 1, 1], stride=[1, 1, 1], dilation=[1, 1, 1])
        (1): MinkowskiBatchNorm(256, eps=1e-05, momentum=0.02, affine=True, track_running_stats=True)
      )
    )
    (1): BasicBlock(
      (conv1): MinkowskiConvolution(in=256, out=256, kernel_size=[3, 3, 3], stride=[1, 1, 1], dilation=[1, 1, 1])
      (norm1): MinkowskiBatchNorm(256, eps=1e-05, momentum=0.1, affine=True, track_running_stats=True)
      (conv2): MinkowskiConvolution(in=256, out=256, kernel_size=[3, 3, 3], stride=[1, 1, 1], dilation=[1, 1, 1])
      (norm2): MinkowskiBatchNorm(256, eps=1e-05, momentum=0.1, affine=True, track_running_stats=True)
      (relu): MinkowskiReLU()
    )
    (2): BasicBlock(
      (conv1): MinkowskiConvolution(in=256, out=256, kernel_size=[3, 3, 3], stride=[1, 1, 1], dilation=[1, 1, 1])
      (norm1): MinkowskiBatchNorm(256, eps=1e-05, momentum=0.1, affine=True, track_running_stats=True)
      (conv2): MinkowskiConvolution(in=256, out=256, kernel_size=[3, 3, 3], stride=[1, 1, 1], dilation=[1, 1, 1])
      (norm2): MinkowskiBatchNorm(256, eps=1e-05, momentum=0.1, affine=True, track_running_stats=True)
      (relu): MinkowskiReLU()
    )
    (3): BasicBlock(
      (conv1): MinkowskiConvolution(in=256, out=256, kernel_size=[3, 3, 3], stride=[1, 1, 1], dilation=[1, 1, 1])
      (norm1): MinkowskiBatchNorm(256, eps=1e-05, momentum=0.1, affine=True, track_running_stats=True)
      (conv2): MinkowskiConvolution(in=256, out=256, kernel_size=[3, 3, 3], stride=[1, 1, 1], dilation=[1, 1, 1])
      (norm2): MinkowskiBatchNorm(256, eps=1e-05, momentum=0.1, affine=True, track_running_stats=True)
      (relu): MinkowskiReLU()
    )
    (4): BasicBlock(
      (conv1): MinkowskiConvolution(in=256, out=256, kernel_size=[3, 3, 3], stride=[1, 1, 1], dilation=[1, 1, 1])
      (norm1): MinkowskiBatchNorm(256, eps=1e-05, momentum=0.1, affine=True, track_running_stats=True)
      (conv2): MinkowskiConvolution(in=256, out=256, kernel_size=[3, 3, 3], stride=[1, 1, 1], dilation=[1, 1, 1])
      (norm2): MinkowskiBatchNorm(256, eps=1e-05, momentum=0.1, affine=True, track_running_stats=True)
      (relu): MinkowskiReLU()
    )
    (5): BasicBlock(
      (conv1): MinkowskiConvolution(in=256, out=256, kernel_size=[3, 3, 3], stride=[1, 1, 1], dilation=[1, 1, 1])
      (norm1): MinkowskiBatchNorm(256, eps=1e-05, momentum=0.1, affine=True, track_running_stats=True)
      (conv2): MinkowskiConvolution(in=256, out=256, kernel_size=[3, 3, 3], stride=[1, 1, 1], dilation=[1, 1, 1])
      (norm2): MinkowskiBatchNorm(256, eps=1e-05, momentum=0.1, affine=True, track_running_stats=True)
      (relu): MinkowskiReLU()
    )
  )
  (convtr4p16s2): MinkowskiConvolutionTranspose(in=256, out=256, kernel_size=[2, 2, 2], stride=[2, 2, 2], dilation=[1, 1, 1])
  (bntr4): MinkowskiBatchNorm(256, eps=1e-05, momentum=0.02, affine=True, track_running_stats=True)
  (block5): Sequential(
    (0): BasicBlock(
      (conv1): MinkowskiConvolution(in=384, out=256, kernel_size=[3, 3, 3], stride=[1, 1, 1], dilation=[1, 1, 1])
      (norm1): MinkowskiBatchNorm(256, eps=1e-05, momentum=0.1, affine=True, track_running_stats=True)
      (conv2): MinkowskiConvolution(in=256, out=256, kernel_size=[3, 3, 3], stride=[1, 1, 1], dilation=[1, 1, 1])
      (norm2): MinkowskiBatchNorm(256, eps=1e-05, momentum=0.1, affine=True, track_running_stats=True)
      (relu): MinkowskiReLU()
      (downsample): Sequential(
        (0): MinkowskiConvolution(in=384, out=256, kernel_size=[1, 1, 1], stride=[1, 1, 1], dilation=[1, 1, 1])
        (1): MinkowskiBatchNorm(256, eps=1e-05, momentum=0.02, affine=True, track_running_stats=True)
      )
    )
    (1): BasicBlock(
      (conv1): MinkowskiConvolution(in=256, out=256, kernel_size=[3, 3, 3], stride=[1, 1, 1], dilation=[1, 1, 1])
      (norm1): MinkowskiBatchNorm(256, eps=1e-05, momentum=0.1, affine=True, track_running_stats=True)
      (conv2): MinkowskiConvolution(in=256, out=256, kernel_size=[3, 3, 3], stride=[1, 1, 1], dilation=[1, 1, 1])
      (norm2): MinkowskiBatchNorm(256, eps=1e-05, momentum=0.1, affine=True, track_running_stats=True)
      (relu): MinkowskiReLU()
    )
  )
  (convtr5p8s2): MinkowskiConvolutionTranspose(in=256, out=128, kernel_size=[2, 2, 2], stride=[2, 2, 2], dilation=[1, 1, 1])
  (bntr5): MinkowskiBatchNorm(128, eps=1e-05, momentum=0.02, affine=True, track_running_stats=True)
  (block6): Sequential(
    (0): BasicBlock(
      (conv1): MinkowskiConvolution(in=192, out=128, kernel_size=[3, 3, 3], stride=[1, 1, 1], dilation=[1, 1, 1])
      (norm1): MinkowskiBatchNorm(128, eps=1e-05, momentum=0.1, affine=True, track_running_stats=True)
      (conv2): MinkowskiConvolution(in=128, out=128, kernel_size=[3, 3, 3], stride=[1, 1, 1], dilation=[1, 1, 1])
      (norm2): MinkowskiBatchNorm(128, eps=1e-05, momentum=0.1, affine=True, track_running_stats=True)
      (relu): MinkowskiReLU()
      (downsample): Sequential(
        (0): MinkowskiConvolution(in=192, out=128, kernel_size=[1, 1, 1], stride=[1, 1, 1], dilation=[1, 1, 1])
        (1): MinkowskiBatchNorm(128, eps=1e-05, momentum=0.02, affine=True, track_running_stats=True)
      )
    )
    (1): BasicBlock(
      (conv1): MinkowskiConvolution(in=128, out=128, kernel_size=[3, 3, 3], stride=[1, 1, 1], dilation=[1, 1, 1])
      (norm1): MinkowskiBatchNorm(128, eps=1e-05, momentum=0.1, affine=True, track_running_stats=True)
      (conv2): MinkowskiConvolution(in=128, out=128, kernel_size=[3, 3, 3], stride=[1, 1, 1], dilation=[1, 1, 1])
      (norm2): MinkowskiBatchNorm(128, eps=1e-05, momentum=0.1, affine=True, track_running_stats=True)
      (relu): MinkowskiReLU()
    )
  )
  (convtr6p4s2): MinkowskiConvolutionTranspose(in=128, out=96, kernel_size=[2, 2, 2], stride=[2, 2, 2], dilation=[1, 1, 1])
  (bntr6): MinkowskiBatchNorm(96, eps=1e-05, momentum=0.02, affine=True, track_running_stats=True)
  (block7): Sequential(
    (0): BasicBlock(
      (conv1): MinkowskiConvolution(in=128, out=96, kernel_size=[3, 3, 3], stride=[1, 1, 1], dilation=[1, 1, 1])
      (norm1): MinkowskiBatchNorm(96, eps=1e-05, momentum=0.1, affine=True, track_running_stats=True)
      (conv2): MinkowskiConvolution(in=96, out=96, kernel_size=[3, 3, 3], stride=[1, 1, 1], dilation=[1, 1, 1])
      (norm2): MinkowskiBatchNorm(96, eps=1e-05, momentum=0.1, affine=True, track_running_stats=True)
      (relu): MinkowskiReLU()
      (downsample): Sequential(
        (0): MinkowskiConvolution(in=128, out=96, kernel_size=[1, 1, 1], stride=[1, 1, 1], dilation=[1, 1, 1])
        (1): MinkowskiBatchNorm(96, eps=1e-05, momentum=0.02, affine=True, track_running_stats=True)
      )
    )
    (1): BasicBlock(
      (conv1): MinkowskiConvolution(in=96, out=96, kernel_size=[3, 3, 3], stride=[1, 1, 1], dilation=[1, 1, 1])
      (norm1): MinkowskiBatchNorm(96, eps=1e-05, momentum=0.1, affine=True, track_running_stats=True)
      (conv2): MinkowskiConvolution(in=96, out=96, kernel_size=[3, 3, 3], stride=[1, 1, 1], dilation=[1, 1, 1])
      (norm2): MinkowskiBatchNorm(96, eps=1e-05, momentum=0.1, affine=True, track_running_stats=True)
      (relu): MinkowskiReLU()
    )
  )
  (convtr7p2s2): MinkowskiConvolutionTranspose(in=96, out=96, kernel_size=[2, 2, 2], stride=[2, 2, 2], dilation=[1, 1, 1])
  (bntr7): MinkowskiBatchNorm(96, eps=1e-05, momentum=0.02, affine=True, track_running_stats=True)
  (block8): Sequential(
    (0): BasicBlock(
      (conv1): MinkowskiConvolution(in=128, out=96, kernel_size=[3, 3, 3], stride=[1, 1, 1], dilation=[1, 1, 1])
      (norm1): MinkowskiBatchNorm(96, eps=1e-05, momentum=0.1, affine=True, track_running_stats=True)
      (conv2): MinkowskiConvolution(in=96, out=96, kernel_size=[3, 3, 3], stride=[1, 1, 1], dilation=[1, 1, 1])
      (norm2): MinkowskiBatchNorm(96, eps=1e-05, momentum=0.1, affine=True, track_running_stats=True)
      (relu): MinkowskiReLU()
      (downsample): Sequential(
        (0): MinkowskiConvolution(in=128, out=96, kernel_size=[1, 1, 1], stride=[1, 1, 1], dilation=[1, 1, 1])
        (1): MinkowskiBatchNorm(96, eps=1e-05, momentum=0.02, affine=True, track_running_stats=True)
      )
    )
    (1): BasicBlock(
      (conv1): MinkowskiConvolution(in=96, out=96, kernel_size=[3, 3, 3], stride=[1, 1, 1], dilation=[1, 1, 1])
      (norm1): MinkowskiBatchNorm(96, eps=1e-05, momentum=0.1, affine=True, track_running_stats=True)
      (conv2): MinkowskiConvolution(in=96, out=96, kernel_size=[3, 3, 3], stride=[1, 1, 1], dilation=[1, 1, 1])
      (norm2): MinkowskiBatchNorm(96, eps=1e-05, momentum=0.1, affine=True, track_running_stats=True)
      (relu): MinkowskiReLU()
    )
  )
  (final): MinkowskiConvolution(in=96, out=20, kernel_size=[1, 1, 1], stride=[1, 1, 1], dilation=[1, 1, 1])
  (relu): MinkowskiReLU()
)
wandb: Currently logged in as: tb5zhh (use `wandb login --relogin` to force relogin)
wandb: wandb version 0.12.6 is available!  To upgrade, please run:
wandb:  $ pip install wandb --upgrade
wandb: Tracking run with wandb version 0.12.4
wandb: Syncing run absurd-surf-270
wandb:  View project at https://wandb.ai/tb5zhh/3dsp
wandb:  View run at https://wandb.ai/tb5zhh/3dsp/runs/1z9vzwz0
wandb: Run data is saved locally in /home/aidrive/tb5zhh/3DScanSeg/wandb/run-20211109_120326-1z9vzwz0
wandb: Run `wandb offline` to turn off syncing.

[34m[1mwandb[0m: [33mWARNING[0m Calling run.save without any arguments is deprecated.Changes to attributes are automatically persisted.
[2021-11-09 12:03:28][root	][INFO	] Loading ScannetVoxelization2cmDataset: scannetv2_train.txt
[2021-11-09 12:03:28][root	][INFO	] Loading ScannetVoxelization2cmtestDataset: scannetv2_val.txt
[2021-11-09 12:03:28][__main__	][INFO	] Dataloader setup done
[2021-11-09 12:03:28][__main__	][INFO	] My rank : 0 / 1
[2021-11-09 12:03:28][__main__	][INFO	] Start training
[2021-11-09 12:03:41][__main__	][INFO	] TRAIN at global step #1 Epoch #1 Step #2 / 151: loss:3.4127, precision: 0.0014
[2021-11-09 12:03:49][__main__	][INFO	] TRAIN at global step #2 Epoch #1 Step #4 / 151: loss:3.1163, precision: 0.0028
[2021-11-09 12:03:55][__main__	][INFO	] TRAIN at global step #3 Epoch #1 Step #6 / 151: loss:2.6449, precision: 0.0150
[2021-11-09 12:04:03][__main__	][INFO	] TRAIN at global step #4 Epoch #1 Step #8 / 151: loss:2.5229, precision: 0.0142
[2021-11-09 12:04:10][__main__	][INFO	] TRAIN at global step #5 Epoch #1 Step #10 / 151: loss:2.2208, precision: 0.0198
[2021-11-09 12:04:18][__main__	][INFO	] TRAIN at global step #6 Epoch #1 Step #12 / 151: loss:2.3382, precision: 0.0234
[2021-11-09 12:04:25][__main__	][INFO	] TRAIN at global step #7 Epoch #1 Step #14 / 151: loss:2.1700, precision: 0.0279
[2021-11-09 12:04:31][__main__	][INFO	] TRAIN at global step #8 Epoch #1 Step #16 / 151: loss:2.2546, precision: 0.0297
[2021-11-09 12:04:38][__main__	][INFO	] TRAIN at global step #9 Epoch #1 Step #18 / 151: loss:1.9677, precision: 0.0258
[2021-11-09 12:04:46][__main__	][INFO	] TRAIN at global step #10 Epoch #1 Step #20 / 151: loss:2.0864, precision: 0.0230
[2021-11-09 12:04:52][__main__	][INFO	] TRAIN at global step #11 Epoch #1 Step #22 / 151: loss:2.2591, precision: 0.0257
[2021-11-09 12:04:59][__main__	][INFO	] TRAIN at global step #12 Epoch #1 Step #24 / 151: loss:2.0337, precision: 0.0219
[2021-11-09 12:05:05][__main__	][INFO	] TRAIN at global step #13 Epoch #1 Step #26 / 151: loss:1.9476, precision: 0.0299
[2021-11-09 12:05:11][__main__	][INFO	] TRAIN at global step #14 Epoch #1 Step #28 / 151: loss:2.0227, precision: 0.0290
[2021-11-09 12:05:18][__main__	][INFO	] TRAIN at global step #15 Epoch #1 Step #30 / 151: loss:2.0989, precision: 0.0225
[2021-11-09 12:05:24][__main__	][INFO	] TRAIN at global step #16 Epoch #1 Step #32 / 151: loss:1.7124, precision: 0.0375
[2021-11-09 12:05:31][__main__	][INFO	] TRAIN at global step #17 Epoch #1 Step #34 / 151: loss:2.1600, precision: 0.0243
[2021-11-09 12:05:38][__main__	][INFO	] TRAIN at global step #18 Epoch #1 Step #36 / 151: loss:1.9702, precision: 0.0267
[2021-11-09 12:05:44][__main__	][INFO	] TRAIN at global step #19 Epoch #1 Step #38 / 151: loss:2.1554, precision: 0.0270
[2021-11-09 12:05:52][__main__	][INFO	] TRAIN at global step #20 Epoch #1 Step #40 / 151: loss:1.8205, precision: 0.0304
[2021-11-09 12:06:00][__main__	][INFO	] TRAIN at global step #21 Epoch #1 Step #42 / 151: loss:1.8984, precision: 0.0247
[2021-11-09 12:06:06][__main__	][INFO	] TRAIN at global step #22 Epoch #1 Step #44 / 151: loss:2.0673, precision: 0.0250
[2021-11-09 12:06:13][__main__	][INFO	] TRAIN at global step #23 Epoch #1 Step #46 / 151: loss:2.2562, precision: 0.0229
[2021-11-09 12:06:21][__main__	][INFO	] TRAIN at global step #24 Epoch #1 Step #48 / 151: loss:1.9451, precision: 0.0230
[2021-11-09 12:06:28][__main__	][INFO	] TRAIN at global step #25 Epoch #1 Step #50 / 151: loss:1.7437, precision: 0.0267
[2021-11-09 12:06:33][__main__	][INFO	] TRAIN at global step #26 Epoch #1 Step #52 / 151: loss:1.6517, precision: 0.0521
[2021-11-09 12:06:39][__main__	][INFO	] TRAIN at global step #27 Epoch #1 Step #54 / 151: loss:1.9769, precision: 0.0253
[2021-11-09 12:06:46][__main__	][INFO	] TRAIN at global step #28 Epoch #1 Step #56 / 151: loss:2.0252, precision: 0.0205
[2021-11-09 12:06:53][__main__	][INFO	] TRAIN at global step #29 Epoch #1 Step #58 / 151: loss:1.9890, precision: 0.0268
[2021-11-09 12:06:59][__main__	][INFO	] TRAIN at global step #30 Epoch #1 Step #60 / 151: loss:1.6114, precision: 0.0399
[2021-11-09 12:07:05][__main__	][INFO	] TRAIN at global step #31 Epoch #1 Step #62 / 151: loss:1.7273, precision: 0.0300
[2021-11-09 12:07:13][__main__	][INFO	] TRAIN at global step #32 Epoch #1 Step #64 / 151: loss:1.6777, precision: 0.0236
[2021-11-09 12:07:19][__main__	][INFO	] TRAIN at global step #33 Epoch #1 Step #66 / 151: loss:1.7744, precision: 0.0308
[2021-11-09 12:07:25][__main__	][INFO	] TRAIN at global step #34 Epoch #1 Step #68 / 151: loss:1.8533, precision: 0.0310
[2021-11-09 12:07:31][__main__	][INFO	] TRAIN at global step #35 Epoch #1 Step #70 / 151: loss:1.7448, precision: 0.0334
[2021-11-09 12:07:39][__main__	][INFO	] TRAIN at global step #36 Epoch #1 Step #72 / 151: loss:1.8648, precision: 0.0243
[2021-11-09 12:07:45][__main__	][INFO	] TRAIN at global step #37 Epoch #1 Step #74 / 151: loss:1.8786, precision: 0.0262
[2021-11-09 12:07:51][__main__	][INFO	] TRAIN at global step #38 Epoch #1 Step #76 / 151: loss:1.9624, precision: 0.0291
[2021-11-09 12:07:57][__main__	][INFO	] TRAIN at global step #39 Epoch #1 Step #78 / 151: loss:1.8601, precision: 0.0243
[2021-11-09 12:08:04][__main__	][INFO	] TRAIN at global step #40 Epoch #1 Step #80 / 151: loss:1.9576, precision: 0.0243
[2021-11-09 12:08:10][__main__	][INFO	] TRAIN at global step #41 Epoch #1 Step #82 / 151: loss:1.9002, precision: 0.0304
[2021-11-09 12:08:17][__main__	][INFO	] TRAIN at global step #42 Epoch #1 Step #84 / 151: loss:1.7257, precision: 0.0352
[2021-11-09 12:08:24][__main__	][INFO	] TRAIN at global step #43 Epoch #1 Step #86 / 151: loss:1.9025, precision: 0.0306
[2021-11-09 12:08:32][__main__	][INFO	] TRAIN at global step #44 Epoch #1 Step #88 / 151: loss:1.6931, precision: 0.0239
[2021-11-09 12:08:37][__main__	][INFO	] TRAIN at global step #45 Epoch #1 Step #90 / 151: loss:1.9052, precision: 0.0292
[2021-11-09 12:08:45][__main__	][INFO	] TRAIN at global step #46 Epoch #1 Step #92 / 151: loss:1.7238, precision: 0.0207
[2021-11-09 12:08:53][__main__	][INFO	] TRAIN at global step #47 Epoch #1 Step #94 / 151: loss:1.6763, precision: 0.0252
[2021-11-09 12:08:59][__main__	][INFO	] TRAIN at global step #48 Epoch #1 Step #96 / 151: loss:1.7282, precision: 0.0335
[2021-11-09 12:09:05][__main__	][INFO	] TRAIN at global step #49 Epoch #1 Step #98 / 151: loss:1.7767, precision: 0.0300
[2021-11-09 12:09:14][__main__	][INFO	] TRAIN at global step #50 Epoch #1 Step #100 / 151: loss:1.7009, precision: 0.0256
[2021-11-09 12:09:20][__main__	][INFO	] TRAIN at global step #51 Epoch #1 Step #102 / 151: loss:1.8226, precision: 0.0301
[2021-11-09 12:09:27][__main__	][INFO	] TRAIN at global step #52 Epoch #1 Step #104 / 151: loss:1.9727, precision: 0.0288
[2021-11-09 12:09:33][__main__	][INFO	] TRAIN at global step #53 Epoch #1 Step #106 / 151: loss:1.6840, precision: 0.0375
[2021-11-09 12:09:40][__main__	][INFO	] TRAIN at global step #54 Epoch #1 Step #108 / 151: loss:1.7053, precision: 0.0294
[2021-11-09 12:09:45][__main__	][INFO	] TRAIN at global step #55 Epoch #1 Step #110 / 151: loss:1.7865, precision: 0.0373
[2021-11-09 12:09:51][__main__	][INFO	] TRAIN at global step #56 Epoch #1 Step #112 / 151: loss:1.8076, precision: 0.0242
[2021-11-09 12:09:57][__main__	][INFO	] TRAIN at global step #57 Epoch #1 Step #114 / 151: loss:2.0820, precision: 0.0267
[2021-11-09 12:10:02][__main__	][INFO	] TRAIN at global step #58 Epoch #1 Step #116 / 151: loss:1.7226, precision: 0.0417
[2021-11-09 12:10:09][__main__	][INFO	] TRAIN at global step #59 Epoch #1 Step #118 / 151: loss:1.8357, precision: 0.0231
[2021-11-09 12:10:15][__main__	][INFO	] TRAIN at global step #60 Epoch #1 Step #120 / 151: loss:1.7732, precision: 0.0381
[2021-11-09 12:10:22][__main__	][INFO	] TRAIN at global step #61 Epoch #1 Step #122 / 151: loss:1.8579, precision: 0.0225
[2021-11-09 12:10:29][__main__	][INFO	] TRAIN at global step #62 Epoch #1 Step #124 / 151: loss:1.7296, precision: 0.0302
[2021-11-09 12:10:36][__main__	][INFO	] TRAIN at global step #63 Epoch #1 Step #126 / 151: loss:1.7385, precision: 0.0318
[2021-11-09 12:10:41][__main__	][INFO	] TRAIN at global step #64 Epoch #1 Step #128 / 151: loss:1.9369, precision: 0.0310
[2021-11-09 12:10:48][__main__	][INFO	] TRAIN at global step #65 Epoch #1 Step #130 / 151: loss:1.8352, precision: 0.0262
[2021-11-09 12:10:54][__main__	][INFO	] TRAIN at global step #66 Epoch #1 Step #132 / 151: loss:1.8448, precision: 0.0325
[2021-11-09 12:10:59][__main__	][INFO	] TRAIN at global step #67 Epoch #1 Step #134 / 151: loss:1.8235, precision: 0.0347
[2021-11-09 12:11:06][__main__	][INFO	] TRAIN at global step #68 Epoch #1 Step #136 / 151: loss:1.6717, precision: 0.0270
[2021-11-09 12:11:12][__main__	][INFO	] TRAIN at global step #69 Epoch #1 Step #138 / 151: loss:2.0454, precision: 0.0307
[2021-11-09 12:11:17][__main__	][INFO	] TRAIN at global step #70 Epoch #1 Step #140 / 151: loss:1.6683, precision: 0.0415
[2021-11-09 12:11:24][__main__	][INFO	] TRAIN at global step #71 Epoch #1 Step #142 / 151: loss:2.0999, precision: 0.0184
[2021-11-09 12:11:32][__main__	][INFO	] TRAIN at global step #72 Epoch #1 Step #144 / 151: loss:1.7134, precision: 0.0236
[2021-11-09 12:11:39][__main__	][INFO	] TRAIN at global step #73 Epoch #1 Step #146 / 151: loss:1.7164, precision: 0.0341
[2021-11-09 12:11:44][__main__	][INFO	] TRAIN at global step #74 Epoch #1 Step #148 / 151: loss:1.6998, precision: 0.0380
[2021-11-09 12:11:50][__main__	][INFO	] TRAIN at global step #75 Epoch #1 Step #150 / 151: loss:1.7841, precision: 0.0310
[2021-11-09 12:11:52][__main__	][INFO	] Checkpoint at epoch #0 saved
[2021-11-09 12:12:01][__main__	][INFO	] TRAIN at global step #76 Epoch #2 Step #1 / 151: loss:1.9239, precision: 0.0182
[2021-11-09 12:12:06][__main__	][INFO	] TRAIN at global step #77 Epoch #2 Step #3 / 151: loss:1.7481, precision: 0.0394
[2021-11-09 12:12:14][__main__	][INFO	] TRAIN at global step #78 Epoch #2 Step #5 / 151: loss:1.6147, precision: 0.0252
[2021-11-09 12:12:20][__main__	][INFO	] TRAIN at global step #79 Epoch #2 Step #7 / 151: loss:1.7292, precision: 0.0277
[2021-11-09 12:12:25][__main__	][INFO	] TRAIN at global step #80 Epoch #2 Step #9 / 151: loss:1.6464, precision: 0.0385
[2021-11-09 12:12:34][__main__	][INFO	] TRAIN at global step #81 Epoch #2 Step #11 / 151: loss:1.8093, precision: 0.0195
[2021-11-09 12:12:41][__main__	][INFO	] TRAIN at global step #82 Epoch #2 Step #13 / 151: loss:1.5997, precision: 0.0279
[2021-11-09 12:12:47][__main__	][INFO	] TRAIN at global step #83 Epoch #2 Step #15 / 151: loss:1.5956, precision: 0.0403
[2021-11-09 12:12:53][__main__	][INFO	] TRAIN at global step #84 Epoch #2 Step #17 / 151: loss:1.8484, precision: 0.0283
[2021-11-09 12:13:00][__main__	][INFO	] TRAIN at global step #85 Epoch #2 Step #19 / 151: loss:1.7888, precision: 0.0290
[2021-11-09 12:13:06][__main__	][INFO	] TRAIN at global step #86 Epoch #2 Step #21 / 151: loss:1.8887, precision: 0.0292
[2021-11-09 12:13:12][__main__	][INFO	] TRAIN at global step #87 Epoch #2 Step #23 / 151: loss:1.7514, precision: 0.0294
[2021-11-09 12:13:20][__main__	][INFO	] TRAIN at global step #88 Epoch #2 Step #25 / 151: loss:1.9621, precision: 0.0233
[2021-11-09 12:13:25][__main__	][INFO	] TRAIN at global step #89 Epoch #2 Step #27 / 151: loss:1.9444, precision: 0.0280
[2021-11-09 12:13:31][__main__	][INFO	] TRAIN at global step #90 Epoch #2 Step #29 / 151: loss:1.7170, precision: 0.0383
[2021-11-09 12:13:37][__main__	][INFO	] TRAIN at global step #91 Epoch #2 Step #31 / 151: loss:1.7040, precision: 0.0312
[2021-11-09 12:13:44][__main__	][INFO	] TRAIN at global step #92 Epoch #2 Step #33 / 151: loss:1.6771, precision: 0.0321
[2021-11-09 12:13:50][__main__	][INFO	] TRAIN at global step #93 Epoch #2 Step #35 / 151: loss:1.6608, precision: 0.0303
[2021-11-09 12:13:57][__main__	][INFO	] TRAIN at global step #94 Epoch #2 Step #37 / 151: loss:2.1141, precision: 0.0227
[2021-11-09 12:14:04][__main__	][INFO	] TRAIN at global step #95 Epoch #2 Step #39 / 151: loss:1.6533, precision: 0.0279
[2021-11-09 12:14:09][__main__	][INFO	] TRAIN at global step #96 Epoch #2 Step #41 / 151: loss:1.8365, precision: 0.0392
[2021-11-09 12:14:13][__main__	][INFO	] TRAIN at global step #97 Epoch #2 Step #43 / 151: loss:1.8681, precision: 0.0449
[2021-11-09 12:14:19][__main__	][INFO	] TRAIN at global step #98 Epoch #2 Step #45 / 151: loss:1.6724, precision: 0.0331
[2021-11-09 12:14:26][__main__	][INFO	] TRAIN at global step #99 Epoch #2 Step #47 / 151: loss:1.9295, precision: 0.0225
[2021-11-09 12:14:31][__main__	][INFO	] TRAIN at global step #100 Epoch #2 Step #49 / 151: loss:2.0057, precision: 0.0255
[2021-11-09 12:14:38][__main__	][INFO	] TRAIN at global step #101 Epoch #2 Step #51 / 151: loss:1.4905, precision: 0.0315
[2021-11-09 12:14:44][__main__	][INFO	] TRAIN at global step #102 Epoch #2 Step #53 / 151: loss:1.6950, precision: 0.0341
[2021-11-09 12:14:51][__main__	][INFO	] TRAIN at global step #103 Epoch #2 Step #55 / 151: loss:1.7108, precision: 0.0298
[2021-11-09 12:14:58][__main__	][INFO	] TRAIN at global step #104 Epoch #2 Step #57 / 151: loss:1.8456, precision: 0.0252
[2021-11-09 12:15:06][__main__	][INFO	] TRAIN at global step #105 Epoch #2 Step #59 / 151: loss:1.7571, precision: 0.0254
[2021-11-09 12:15:13][__main__	][INFO	] TRAIN at global step #106 Epoch #2 Step #61 / 151: loss:1.9232, precision: 0.0214
[2021-11-09 12:15:21][__main__	][INFO	] TRAIN at global step #107 Epoch #2 Step #63 / 151: loss:1.8195, precision: 0.0232
[2021-11-09 12:15:27][__main__	][INFO	] TRAIN at global step #108 Epoch #2 Step #65 / 151: loss:1.5485, precision: 0.0358
[2021-11-09 12:15:33][__main__	][INFO	] TRAIN at global step #109 Epoch #2 Step #67 / 151: loss:1.7393, precision: 0.0280
[2021-11-09 12:15:39][__main__	][INFO	] TRAIN at global step #110 Epoch #2 Step #69 / 151: loss:1.8555, precision: 0.0342
[2021-11-09 12:15:47][__main__	][INFO	] TRAIN at global step #111 Epoch #2 Step #71 / 151: loss:1.6437, precision: 0.0277
[2021-11-09 12:15:53][__main__	][INFO	] TRAIN at global step #112 Epoch #2 Step #73 / 151: loss:1.6736, precision: 0.0312
[2021-11-09 12:15:58][__main__	][INFO	] TRAIN at global step #113 Epoch #2 Step #75 / 151: loss:1.6866, precision: 0.0399
[2021-11-09 12:16:04][__main__	][INFO	] TRAIN at global step #114 Epoch #2 Step #77 / 151: loss:1.8072, precision: 0.0341
[2021-11-09 12:16:11][__main__	][INFO	] TRAIN at global step #115 Epoch #2 Step #79 / 151: loss:1.8221, precision: 0.0241
[2021-11-09 12:16:19][__main__	][INFO	] TRAIN at global step #116 Epoch #2 Step #81 / 151: loss:1.8493, precision: 0.0230
[2021-11-09 12:16:25][__main__	][INFO	] TRAIN at global step #117 Epoch #2 Step #83 / 151: loss:1.9362, precision: 0.0228
[2021-11-09 12:16:31][__main__	][INFO	] TRAIN at global step #118 Epoch #2 Step #85 / 151: loss:1.6387, precision: 0.0384
[2021-11-09 12:16:39][__main__	][INFO	] TRAIN at global step #119 Epoch #2 Step #87 / 151: loss:1.5421, precision: 0.0299
[2021-11-09 12:16:47][__main__	][INFO	] TRAIN at global step #120 Epoch #2 Step #89 / 151: loss:2.0219, precision: 0.0211
[2021-11-09 12:16:54][__main__	][INFO	] TRAIN at global step #121 Epoch #2 Step #91 / 151: loss:1.6462, precision: 0.0270
[2021-11-09 12:17:00][__main__	][INFO	] TRAIN at global step #122 Epoch #2 Step #93 / 151: loss:1.5502, precision: 0.0454
[2021-11-09 12:17:07][__main__	][INFO	] TRAIN at global step #123 Epoch #2 Step #95 / 151: loss:1.7368, precision: 0.0273
[2021-11-09 12:17:13][__main__	][INFO	] TRAIN at global step #124 Epoch #2 Step #97 / 151: loss:1.7798, precision: 0.0294
[2021-11-09 12:17:20][__main__	][INFO	] TRAIN at global step #125 Epoch #2 Step #99 / 151: loss:1.7204, precision: 0.0242
[2021-11-09 12:17:27][__main__	][INFO	] TRAIN at global step #126 Epoch #2 Step #101 / 151: loss:1.9023, precision: 0.0304
[2021-11-09 12:17:35][__main__	][INFO	] TRAIN at global step #127 Epoch #2 Step #103 / 151: loss:1.9746, precision: 0.0212
[2021-11-09 12:17:43][__main__	][INFO	] TRAIN at global step #128 Epoch #2 Step #105 / 151: loss:1.7344, precision: 0.0238
[2021-11-09 12:17:49][__main__	][INFO	] TRAIN at global step #129 Epoch #2 Step #107 / 151: loss:1.7054, precision: 0.0410
[2021-11-09 12:17:55][__main__	][INFO	] TRAIN at global step #130 Epoch #2 Step #109 / 151: loss:1.7040, precision: 0.0365
[2021-11-09 12:18:01][__main__	][INFO	] TRAIN at global step #131 Epoch #2 Step #111 / 151: loss:1.8699, precision: 0.0290
[2021-11-09 12:18:07][__main__	][INFO	] TRAIN at global step #132 Epoch #2 Step #113 / 151: loss:1.9326, precision: 0.0289
[2021-11-09 12:18:14][__main__	][INFO	] TRAIN at global step #133 Epoch #2 Step #115 / 151: loss:1.6191, precision: 0.0307
[2021-11-09 12:18:20][__main__	][INFO	] TRAIN at global step #134 Epoch #2 Step #117 / 151: loss:1.8513, precision: 0.0281
[2021-11-09 12:18:25][__main__	][INFO	] TRAIN at global step #135 Epoch #2 Step #119 / 151: loss:1.7589, precision: 0.0371
[2021-11-09 12:18:32][__main__	][INFO	] TRAIN at global step #136 Epoch #2 Step #121 / 151: loss:1.6547, precision: 0.0315
[2021-11-09 12:18:38][__main__	][INFO	] TRAIN at global step #137 Epoch #2 Step #123 / 151: loss:1.7641, precision: 0.0310
[2021-11-09 12:18:46][__main__	][INFO	] TRAIN at global step #138 Epoch #2 Step #125 / 151: loss:1.6823, precision: 0.0244
[2021-11-09 12:18:54][__main__	][INFO	] TRAIN at global step #139 Epoch #2 Step #127 / 151: loss:1.7811, precision: 0.0253
[2021-11-09 12:19:00][__main__	][INFO	] TRAIN at global step #140 Epoch #2 Step #129 / 151: loss:1.7147, precision: 0.0335
[2021-11-09 12:19:06][__main__	][INFO	] TRAIN at global step #141 Epoch #2 Step #131 / 151: loss:1.7018, precision: 0.0287
[2021-11-09 12:19:13][__main__	][INFO	] TRAIN at global step #142 Epoch #2 Step #133 / 151: loss:1.8060, precision: 0.0303
[2021-11-09 12:19:19][__main__	][INFO	] TRAIN at global step #143 Epoch #2 Step #135 / 151: loss:1.8404, precision: 0.0266
[2021-11-09 12:19:25][__main__	][INFO	] TRAIN at global step #144 Epoch #2 Step #137 / 151: loss:1.7695, precision: 0.0338
[2021-11-09 12:19:32][__main__	][INFO	] TRAIN at global step #145 Epoch #2 Step #139 / 151: loss:1.7704, precision: 0.0281
[2021-11-09 12:19:38][__main__	][INFO	] TRAIN at global step #146 Epoch #2 Step #141 / 151: loss:1.6500, precision: 0.0332
[2021-11-09 12:19:44][__main__	][INFO	] TRAIN at global step #147 Epoch #2 Step #143 / 151: loss:1.6382, precision: 0.0365
[2021-11-09 12:19:51][__main__	][INFO	] TRAIN at global step #148 Epoch #2 Step #145 / 151: loss:1.6065, precision: 0.0262
[2021-11-09 12:19:59][__main__	][INFO	] TRAIN at global step #149 Epoch #2 Step #147 / 151: loss:1.5963, precision: 0.0255
[2021-11-09 12:20:06][__main__	][INFO	] TRAIN at global step #150 Epoch #2 Step #149 / 151: loss:1.6830, precision: 0.0286
[2021-11-09 12:20:11][__main__	][INFO	] ---> inference #0 of 39 loss: 1.4068 iou: 0.0780
[2021-11-09 12:20:12][__main__	][INFO	] ---> inference #1 of 39 loss: 1.7126 iou: 0.0676
[2021-11-09 12:20:13][__main__	][INFO	] ---> inference #2 of 39 loss: 1.8375 iou: 0.0657
[2021-11-09 12:20:14][__main__	][INFO	] ---> inference #3 of 39 loss: 1.0724 iou: 0.0882
[2021-11-09 12:20:15][__main__	][INFO	] ---> inference #4 of 39 loss: 1.2631 iou: 0.0797
[2021-11-09 12:20:16][__main__	][INFO	] ---> inference #5 of 39 loss: 1.3749 iou: 0.0886
[2021-11-09 12:20:16][__main__	][INFO	] ---> inference #6 of 39 loss: 1.7974 iou: 0.0664
[2021-11-09 12:20:17][__main__	][INFO	] ---> inference #7 of 39 loss: 1.2661 iou: 0.0778
[2021-11-09 12:20:19][__main__	][INFO	] ---> inference #8 of 39 loss: 1.8943 iou: 0.0613
[2021-11-09 12:20:21][__main__	][INFO	] ---> inference #9 of 39 loss: 1.7069 iou: 0.0710
[2021-11-09 12:20:22][__main__	][INFO	] ---> inference #10 of 39 loss: 1.5746 iou: 0.0746
[2021-11-09 12:20:23][__main__	][INFO	] ---> inference #11 of 39 loss: 1.6479 iou: 0.0661
[2021-11-09 12:20:24][__main__	][INFO	] ---> inference #12 of 39 loss: 1.2028 iou: 0.0749
[2021-11-09 12:20:25][__main__	][INFO	] ---> inference #13 of 39 loss: 1.3602 iou: 0.0793
[2021-11-09 12:20:26][__main__	][INFO	] ---> inference #14 of 39 loss: 1.5518 iou: 0.0733
[2021-11-09 12:20:27][__main__	][INFO	] ---> inference #15 of 39 loss: 1.4862 iou: 0.0754
[2021-11-09 12:20:27][__main__	][INFO	] ---> inference #16 of 39 loss: 1.6344 iou: 0.0742
[2021-11-09 12:20:28][__main__	][INFO	] ---> inference #17 of 39 loss: 1.4033 iou: 0.0739
[2021-11-09 12:20:29][__main__	][INFO	] ---> inference #18 of 39 loss: 1.4622 iou: 0.0814
[2021-11-09 12:20:30][__main__	][INFO	] ---> inference #19 of 39 loss: 1.6550 iou: 0.0749
[2021-11-09 12:20:31][__main__	][INFO	] ---> inference #20 of 39 loss: 1.7758 iou: 0.0721
[2021-11-09 12:20:32][__main__	][INFO	] ---> inference #21 of 39 loss: 1.5069 iou: 0.0674
[2021-11-09 12:20:32][__main__	][INFO	] ---> inference #22 of 39 loss: 1.4740 iou: 0.0714
[2021-11-09 12:20:33][__main__	][INFO	] ---> inference #23 of 39 loss: 1.5598 iou: 0.0723
[2021-11-09 12:20:34][__main__	][INFO	] ---> inference #24 of 39 loss: 1.1433 iou: 0.0898
[2021-11-09 12:20:35][__main__	][INFO	] ---> inference #25 of 39 loss: 1.7361 iou: 0.0706
[2021-11-09 12:20:36][__main__	][INFO	] ---> inference #26 of 39 loss: 1.7480 iou: 0.0609
[2021-11-09 12:20:37][__main__	][INFO	] ---> inference #27 of 39 loss: 1.4663 iou: 0.0753
[2021-11-09 12:20:38][__main__	][INFO	] ---> inference #28 of 39 loss: 1.6185 iou: 0.0731
[2021-11-09 12:20:39][__main__	][INFO	] ---> inference #29 of 39 loss: 1.4294 iou: 0.0756
[2021-11-09 12:20:41][__main__	][INFO	] ---> inference #30 of 39 loss: 1.5567 iou: 0.0742
[2021-11-09 12:20:42][__main__	][INFO	] ---> inference #31 of 39 loss: 1.4991 iou: 0.0756
[2021-11-09 12:20:43][__main__	][INFO	] ---> inference #32 of 39 loss: 1.2433 iou: 0.0841
[2021-11-09 12:20:43][__main__	][INFO	] ---> inference #33 of 39 loss: 1.4970 iou: 0.0747
[2021-11-09 12:20:44][__main__	][INFO	] ---> inference #34 of 39 loss: 1.8101 iou: 0.0624
[2021-11-09 12:20:45][__main__	][INFO	] ---> inference #35 of 39 loss: 1.4831 iou: 0.0731
[2021-11-09 12:20:46][__main__	][INFO	] ---> inference #36 of 39 loss: 1.9176 iou: 0.0651
[2021-11-09 12:20:47][__main__	][INFO	] ---> inference #37 of 39 loss: 1.8778 iou: 0.0683
[2021-11-09 12:20:47][__main__	][INFO	] ---> inference #38 of 39 loss: 1.9425 iou: 0.0555
[2021-11-09 12:20:48][__main__	][INFO	] VAL   at global step #150: loss (avg): 1.5537, iou (avg): 0.0732
[2021-11-09 12:20:48][__main__	][INFO	] VAL   at global step #150: iou (cls#0): 0.5222
[2021-11-09 12:20:48][__main__	][INFO	] VAL   at global step #150: iou (cls#1): 0.6970
[2021-11-09 12:20:48][__main__	][INFO	] VAL   at global step #150: iou (cls#2): 0.0000
[2021-11-09 12:20:48][__main__	][INFO	] VAL   at global step #150: iou (cls#3): 0.0000
[2021-11-09 12:20:48][__main__	][INFO	] VAL   at global step #150: iou (cls#4): 0.1818
[2021-11-09 12:20:48][__main__	][INFO	] VAL   at global step #150: iou (cls#5): 0.0000
[2021-11-09 12:20:48][__main__	][INFO	] VAL   at global step #150: iou (cls#6): 0.0117
[2021-11-09 12:20:48][__main__	][INFO	] VAL   at global step #150: iou (cls#7): 0.0000
[2021-11-09 12:20:48][__main__	][INFO	] VAL   at global step #150: iou (cls#8): 0.0506
[2021-11-09 12:20:48][__main__	][INFO	] VAL   at global step #150: iou (cls#9): 0.0000
[2021-11-09 12:20:48][__main__	][INFO	] VAL   at global step #150: iou (cls#10): 0.0000
[2021-11-09 12:20:48][__main__	][INFO	] VAL   at global step #150: iou (cls#11): 0.0000
[2021-11-09 12:20:48][__main__	][INFO	] VAL   at global step #150: iou (cls#12): 0.0000
[2021-11-09 12:20:48][__main__	][INFO	] VAL   at global step #150: iou (cls#13): 0.0000
[2021-11-09 12:20:48][__main__	][INFO	] VAL   at global step #150: iou (cls#14): 0.0000
[2021-11-09 12:20:48][__main__	][INFO	] VAL   at global step #150: iou (cls#15): 0.0000
[2021-11-09 12:20:48][__main__	][INFO	] VAL   at global step #150: iou (cls#16): 0.0000
[2021-11-09 12:20:48][__main__	][INFO	] VAL   at global step #150: iou (cls#17): 0.0000
[2021-11-09 12:20:48][__main__	][INFO	] VAL   at global step #150: iou (cls#18): 0.0001
[2021-11-09 12:20:48][__main__	][INFO	] VAL   at global step #150: iou (cls#19): 0.0000
[2021-11-09 12:20:48][__main__	][INFO	] Better checkpoint saved
[2021-11-09 12:20:53][__main__	][INFO	] TRAIN at global step #151 Epoch #2 Step #151 / 151: loss:1.6019, precision: 0.0335
[2021-11-09 12:20:55][__main__	][INFO	] Checkpoint at epoch #1 saved
[2021-11-09 12:21:09][__main__	][INFO	] TRAIN at global step #152 Epoch #3 Step #2 / 151: loss:1.8535, precision: 0.0218
[2021-11-09 12:21:16][__main__	][INFO	] TRAIN at global step #153 Epoch #3 Step #4 / 151: loss:1.6100, precision: 0.0265
[2021-11-09 12:21:21][__main__	][INFO	] TRAIN at global step #154 Epoch #3 Step #6 / 151: loss:1.8144, precision: 0.0370
[2021-11-09 12:21:28][__main__	][INFO	] TRAIN at global step #155 Epoch #3 Step #8 / 151: loss:1.6632, precision: 0.0316
[2021-11-09 12:21:35][__main__	][INFO	] TRAIN at global step #156 Epoch #3 Step #10 / 151: loss:1.8445, precision: 0.0265
[2021-11-09 12:21:40][__main__	][INFO	] TRAIN at global step #157 Epoch #3 Step #12 / 151: loss:1.8932, precision: 0.0364
[2021-11-09 12:21:47][__main__	][INFO	] TRAIN at global step #158 Epoch #3 Step #14 / 151: loss:1.5552, precision: 0.0365
[2021-11-09 12:21:52][__main__	][INFO	] TRAIN at global step #159 Epoch #3 Step #16 / 151: loss:1.7061, precision: 0.0352
[2021-11-09 12:22:00][__main__	][INFO	] TRAIN at global step #160 Epoch #3 Step #18 / 151: loss:1.8035, precision: 0.0247
[2021-11-09 12:22:07][__main__	][INFO	] TRAIN at global step #161 Epoch #3 Step #20 / 151: loss:1.6589, precision: 0.0334
[2021-11-09 12:22:13][__main__	][INFO	] TRAIN at global step #162 Epoch #3 Step #22 / 151: loss:2.0560, precision: 0.0264
[2021-11-09 12:22:19][__main__	][INFO	] TRAIN at global step #163 Epoch #3 Step #24 / 151: loss:1.6407, precision: 0.0380
[2021-11-09 12:22:25][__main__	][INFO	] TRAIN at global step #164 Epoch #3 Step #26 / 151: loss:1.8529, precision: 0.0281
[2021-11-09 12:22:31][__main__	][INFO	] TRAIN at global step #165 Epoch #3 Step #28 / 151: loss:1.6993, precision: 0.0351
[2021-11-09 12:22:37][__main__	][INFO	] TRAIN at global step #166 Epoch #3 Step #30 / 151: loss:1.6009, precision: 0.0291
[2021-11-09 12:22:43][__main__	][INFO	] TRAIN at global step #167 Epoch #3 Step #32 / 151: loss:1.6129, precision: 0.0329
[2021-11-09 12:22:50][__main__	][INFO	] TRAIN at global step #168 Epoch #3 Step #34 / 151: loss:1.8716, precision: 0.0229
[2021-11-09 12:22:56][__main__	][INFO	] TRAIN at global step #169 Epoch #3 Step #36 / 151: loss:1.6845, precision: 0.0330
[2021-11-09 12:23:03][__main__	][INFO	] TRAIN at global step #170 Epoch #3 Step #38 / 151: loss:1.5941, precision: 0.0283
[2021-11-09 12:23:10][__main__	][INFO	] TRAIN at global step #171 Epoch #3 Step #40 / 151: loss:1.5551, precision: 0.0373
[2021-11-09 12:23:19][__main__	][INFO	] TRAIN at global step #172 Epoch #3 Step #42 / 151: loss:1.5806, precision: 0.0276
[2021-11-09 12:23:26][__main__	][INFO	] TRAIN at global step #173 Epoch #3 Step #44 / 151: loss:1.7195, precision: 0.0284
[2021-11-09 12:23:33][__main__	][INFO	] TRAIN at global step #174 Epoch #3 Step #46 / 151: loss:1.7198, precision: 0.0244
[2021-11-09 12:23:40][__main__	][INFO	] TRAIN at global step #175 Epoch #3 Step #48 / 151: loss:1.6292, precision: 0.0287
[2021-11-09 12:23:46][__main__	][INFO	] TRAIN at global step #176 Epoch #3 Step #50 / 151: loss:1.7224, precision: 0.0339
[2021-11-09 12:23:52][__main__	][INFO	] TRAIN at global step #177 Epoch #3 Step #52 / 151: loss:1.6658, precision: 0.0348
[2021-11-09 12:23:59][__main__	][INFO	] TRAIN at global step #178 Epoch #3 Step #54 / 151: loss:1.6523, precision: 0.0243
[2021-11-09 12:24:05][__main__	][INFO	] TRAIN at global step #179 Epoch #3 Step #56 / 151: loss:1.6428, precision: 0.0306
[2021-11-09 12:24:11][__main__	][INFO	] TRAIN at global step #180 Epoch #3 Step #58 / 151: loss:1.5462, precision: 0.0303
[2021-11-09 12:24:18][__main__	][INFO	] TRAIN at global step #181 Epoch #3 Step #60 / 151: loss:1.7041, precision: 0.0306
[2021-11-09 12:24:25][__main__	][INFO	] TRAIN at global step #182 Epoch #3 Step #62 / 151: loss:1.4479, precision: 0.0354
[2021-11-09 12:24:32][__main__	][INFO	] TRAIN at global step #183 Epoch #3 Step #64 / 151: loss:1.6435, precision: 0.0328
[2021-11-09 12:24:39][__main__	][INFO	] TRAIN at global step #184 Epoch #3 Step #66 / 151: loss:1.6656, precision: 0.0306
[2021-11-09 12:24:45][__main__	][INFO	] TRAIN at global step #185 Epoch #3 Step #68 / 151: loss:1.8615, precision: 0.0312
[2021-11-09 12:24:51][__main__	][INFO	] TRAIN at global step #186 Epoch #3 Step #70 / 151: loss:1.6059, precision: 0.0317
[2021-11-09 12:24:58][__main__	][INFO	] TRAIN at global step #187 Epoch #3 Step #72 / 151: loss:1.8258, precision: 0.0267
[2021-11-09 12:25:05][__main__	][INFO	] TRAIN at global step #188 Epoch #3 Step #74 / 151: loss:1.4350, precision: 0.0312
[2021-11-09 12:25:12][__main__	][INFO	] TRAIN at global step #189 Epoch #3 Step #76 / 151: loss:1.4996, precision: 0.0349
[2021-11-09 12:25:18][__main__	][INFO	] TRAIN at global step #190 Epoch #3 Step #78 / 151: loss:1.4628, precision: 0.0335
[2021-11-09 12:25:25][__main__	][INFO	] TRAIN at global step #191 Epoch #3 Step #80 / 151: loss:1.8293, precision: 0.0269
[2021-11-09 12:25:33][__main__	][INFO	] TRAIN at global step #192 Epoch #3 Step #82 / 151: loss:1.5870, precision: 0.0234
[2021-11-09 12:25:42][__main__	][INFO	] TRAIN at global step #193 Epoch #3 Step #84 / 151: loss:1.5319, precision: 0.0227
[2021-11-09 12:25:48][__main__	][INFO	] TRAIN at global step #194 Epoch #3 Step #86 / 151: loss:1.6251, precision: 0.0359
[2021-11-09 12:25:56][__main__	][INFO	] TRAIN at global step #195 Epoch #3 Step #88 / 151: loss:1.6446, precision: 0.0215
[2021-11-09 12:26:04][__main__	][INFO	] TRAIN at global step #196 Epoch #3 Step #90 / 151: loss:1.7698, precision: 0.0218
[2021-11-09 12:26:10][__main__	][INFO	] TRAIN at global step #197 Epoch #3 Step #92 / 151: loss:1.6807, precision: 0.0288
[2021-11-09 12:26:16][__main__	][INFO	] TRAIN at global step #198 Epoch #3 Step #94 / 151: loss:1.9226, precision: 0.0267
[2021-11-09 12:26:22][__main__	][INFO	] TRAIN at global step #199 Epoch #3 Step #96 / 151: loss:1.4964, precision: 0.0320
[2021-11-09 12:26:27][__main__	][INFO	] TRAIN at global step #200 Epoch #3 Step #98 / 151: loss:1.4282, precision: 0.0494
[2021-11-09 12:26:34][__main__	][INFO	] TRAIN at global step #201 Epoch #3 Step #100 / 151: loss:1.4950, precision: 0.0294
[2021-11-09 12:26:42][__main__	][INFO	] TRAIN at global step #202 Epoch #3 Step #102 / 151: loss:1.6317, precision: 0.0282
[2021-11-09 12:26:49][__main__	][INFO	] TRAIN at global step #203 Epoch #3 Step #104 / 151: loss:1.7836, precision: 0.0262
[2021-11-09 12:26:57][__main__	][INFO	] TRAIN at global step #204 Epoch #3 Step #106 / 151: loss:1.5883, precision: 0.0253
[2021-11-09 12:27:05][__main__	][INFO	] TRAIN at global step #205 Epoch #3 Step #108 / 151: loss:1.3304, precision: 0.0306
[2021-11-09 12:27:11][__main__	][INFO	] TRAIN at global step #206 Epoch #3 Step #110 / 151: loss:1.6698, precision: 0.0321
[2021-11-09 12:27:18][__main__	][INFO	] TRAIN at global step #207 Epoch #3 Step #112 / 151: loss:1.5330, precision: 0.0313
[2021-11-09 12:27:25][__main__	][INFO	] TRAIN at global step #208 Epoch #3 Step #114 / 151: loss:1.5569, precision: 0.0316
[2021-11-09 12:27:32][__main__	][INFO	] TRAIN at global step #209 Epoch #3 Step #116 / 151: loss:1.8087, precision: 0.0233
[2021-11-09 12:27:38][__main__	][INFO	] TRAIN at global step #210 Epoch #3 Step #118 / 151: loss:1.4979, precision: 0.0341
[2021-11-09 12:27:45][__main__	][INFO	] TRAIN at global step #211 Epoch #3 Step #120 / 151: loss:1.6448, precision: 0.0263
[2021-11-09 12:27:51][__main__	][INFO	] TRAIN at global step #212 Epoch #3 Step #122 / 151: loss:1.6486, precision: 0.0317
[2021-11-09 12:27:58][__main__	][INFO	] TRAIN at global step #213 Epoch #3 Step #124 / 151: loss:1.5472, precision: 0.0313
[2021-11-09 12:28:04][__main__	][INFO	] TRAIN at global step #214 Epoch #3 Step #126 / 151: loss:1.6037, precision: 0.0324
[2021-11-09 12:28:11][__main__	][INFO	] TRAIN at global step #215 Epoch #3 Step #128 / 151: loss:1.7574, precision: 0.0268
[2021-11-09 12:28:17][__main__	][INFO	] TRAIN at global step #216 Epoch #3 Step #130 / 151: loss:1.7714, precision: 0.0250
[2021-11-09 12:28:23][__main__	][INFO	] TRAIN at global step #217 Epoch #3 Step #132 / 151: loss:1.3983, precision: 0.0438
[2021-11-09 12:28:28][__main__	][INFO	] TRAIN at global step #218 Epoch #3 Step #134 / 151: loss:1.5863, precision: 0.0333
[2021-11-09 12:28:35][__main__	][INFO	] TRAIN at global step #219 Epoch #3 Step #136 / 151: loss:1.5266, precision: 0.0343
[2021-11-09 12:28:40][__main__	][INFO	] TRAIN at global step #220 Epoch #3 Step #138 / 151: loss:1.6576, precision: 0.0401
[2021-11-09 12:28:46][__main__	][INFO	] TRAIN at global step #221 Epoch #3 Step #140 / 151: loss:1.3675, precision: 0.0360
[2021-11-09 12:28:51][__main__	][INFO	] TRAIN at global step #222 Epoch #3 Step #142 / 151: loss:1.6750, precision: 0.0318
[2021-11-09 12:28:57][__main__	][INFO	] TRAIN at global step #223 Epoch #3 Step #144 / 151: loss:1.7759, precision: 0.0373
[2021-11-09 12:29:03][__main__	][INFO	] TRAIN at global step #224 Epoch #3 Step #146 / 151: loss:1.2457, precision: 0.0401
[2021-11-09 12:29:10][__main__	][INFO	] TRAIN at global step #225 Epoch #3 Step #148 / 151: loss:1.5128, precision: 0.0377
[2021-11-09 12:29:16][__main__	][INFO	] TRAIN at global step #226 Epoch #3 Step #150 / 151: loss:1.7442, precision: 0.0313
[2021-11-09 12:29:19][__main__	][INFO	] Checkpoint at epoch #2 saved
[2021-11-09 12:29:26][__main__	][INFO	] TRAIN at global step #227 Epoch #4 Step #1 / 151: loss:1.7872, precision: 0.0227
[2021-11-09 12:29:31][__main__	][INFO	] TRAIN at global step #228 Epoch #4 Step #3 / 151: loss:1.4303, precision: 0.0370
[2021-11-09 12:29:38][__main__	][INFO	] TRAIN at global step #229 Epoch #4 Step #5 / 151: loss:1.6017, precision: 0.0284
[2021-11-09 12:29:45][__main__	][INFO	] TRAIN at global step #230 Epoch #4 Step #7 / 151: loss:1.1561, precision: 0.0432
[2021-11-09 12:29:51][__main__	][INFO	] TRAIN at global step #231 Epoch #4 Step #9 / 151: loss:1.3389, precision: 0.0365
[2021-11-09 12:29:56][__main__	][INFO	] TRAIN at global step #232 Epoch #4 Step #11 / 151: loss:1.4912, precision: 0.0434
[2021-11-09 12:30:03][__main__	][INFO	] TRAIN at global step #233 Epoch #4 Step #13 / 151: loss:1.4064, precision: 0.0367
[2021-11-09 12:30:11][__main__	][INFO	] TRAIN at global step #234 Epoch #4 Step #15 / 151: loss:1.3979, precision: 0.0302
[2021-11-09 12:30:17][__main__	][INFO	] TRAIN at global step #235 Epoch #4 Step #17 / 151: loss:1.6389, precision: 0.0339
[2021-11-09 12:30:24][__main__	][INFO	] TRAIN at global step #236 Epoch #4 Step #19 / 151: loss:1.3849, precision: 0.0349
[2021-11-09 12:30:30][__main__	][INFO	] TRAIN at global step #237 Epoch #4 Step #21 / 151: loss:1.7443, precision: 0.0307
[2021-11-09 12:30:36][__main__	][INFO	] TRAIN at global step #238 Epoch #4 Step #23 / 151: loss:1.3365, precision: 0.0363
[2021-11-09 12:30:41][__main__	][INFO	] TRAIN at global step #239 Epoch #4 Step #25 / 151: loss:1.6372, precision: 0.0457
[2021-11-09 12:30:47][__main__	][INFO	] TRAIN at global step #240 Epoch #4 Step #27 / 151: loss:1.5485, precision: 0.0321
[2021-11-09 12:30:55][__main__	][INFO	] TRAIN at global step #241 Epoch #4 Step #29 / 151: loss:1.5197, precision: 0.0250
[2021-11-09 12:31:02][__main__	][INFO	] TRAIN at global step #242 Epoch #4 Step #31 / 151: loss:1.6513, precision: 0.0237
[2021-11-09 12:31:09][__main__	][INFO	] TRAIN at global step #243 Epoch #4 Step #33 / 151: loss:1.6287, precision: 0.0245
[2021-11-09 12:31:15][__main__	][INFO	] TRAIN at global step #244 Epoch #4 Step #35 / 151: loss:1.3340, precision: 0.0442
[2021-11-09 12:31:21][__main__	][INFO	] TRAIN at global step #245 Epoch #4 Step #37 / 151: loss:1.4025, precision: 0.0426
[2021-11-09 12:31:28][__main__	][INFO	] TRAIN at global step #246 Epoch #4 Step #39 / 151: loss:1.6602, precision: 0.0355
[2021-11-09 12:31:35][__main__	][INFO	] TRAIN at global step #247 Epoch #4 Step #41 / 151: loss:1.3603, precision: 0.0330
[2021-11-09 12:31:40][__main__	][INFO	] TRAIN at global step #248 Epoch #4 Step #43 / 151: loss:1.4099, precision: 0.0461
[2021-11-09 12:31:47][__main__	][INFO	] TRAIN at global step #249 Epoch #4 Step #45 / 151: loss:1.6093, precision: 0.0237
[2021-11-09 12:31:54][__main__	][INFO	] TRAIN at global step #250 Epoch #4 Step #47 / 151: loss:1.7528, precision: 0.0286
[2021-11-09 12:32:00][__main__	][INFO	] TRAIN at global step #251 Epoch #4 Step #49 / 151: loss:1.7368, precision: 0.0318
[2021-11-09 12:32:06][__main__	][INFO	] TRAIN at global step #252 Epoch #4 Step #51 / 151: loss:1.5590, precision: 0.0324
[2021-11-09 12:32:13][__main__	][INFO	] TRAIN at global step #253 Epoch #4 Step #53 / 151: loss:1.3793, precision: 0.0425
[2021-11-09 12:32:19][__main__	][INFO	] TRAIN at global step #254 Epoch #4 Step #55 / 151: loss:1.4168, precision: 0.0452
[2021-11-09 12:32:26][__main__	][INFO	] TRAIN at global step #255 Epoch #4 Step #57 / 151: loss:1.3255, precision: 0.0318
[2021-11-09 12:32:33][__main__	][INFO	] TRAIN at global step #256 Epoch #4 Step #59 / 151: loss:1.4765, precision: 0.0257
[2021-11-09 12:32:40][__main__	][INFO	] TRAIN at global step #257 Epoch #4 Step #61 / 151: loss:1.5118, precision: 0.0324
[2021-11-09 12:32:47][__main__	][INFO	] TRAIN at global step #258 Epoch #4 Step #63 / 151: loss:1.5061, precision: 0.0287
[2021-11-09 12:32:55][__main__	][INFO	] TRAIN at global step #259 Epoch #4 Step #65 / 151: loss:1.6146, precision: 0.0308
[2021-11-09 12:33:01][__main__	][INFO	] TRAIN at global step #260 Epoch #4 Step #67 / 151: loss:1.4825, precision: 0.0315
[2021-11-09 12:33:06][__main__	][INFO	] TRAIN at global step #261 Epoch #4 Step #69 / 151: loss:1.4311, precision: 0.0376
[2021-11-09 12:33:14][__main__	][INFO	] TRAIN at global step #262 Epoch #4 Step #71 / 151: loss:1.5572, precision: 0.0257
[2021-11-09 12:33:19][__main__	][INFO	] TRAIN at global step #263 Epoch #4 Step #73 / 151: loss:1.5211, precision: 0.0428
Traceback (most recent call last):
  File "new.py", line 1008, in <module>
    main()
  File "new.py", line 90, in main
    main_worker()
  File "new.py", line 213, in main_worker
    train(model, train_dataloader, val_dataloader, config, logger, rank=rank, world_size=world_size)
  File "new.py", line 743, in train
    loss.backward()
  File "/home/aidrive/tb5zhh/.conda/envs/tbw_3dscan/lib/python3.8/site-packages/torch/tensor.py", line 245, in backward
    torch.autograd.backward(self, gradient, retain_graph, create_graph, inputs=inputs)
  File "/home/aidrive/tb5zhh/.conda/envs/tbw_3dscan/lib/python3.8/site-packages/torch/autograd/__init__.py", line 145, in backward
    Variable._execution_engine.run_backward(
RuntimeError: CUDA out of memory. Tried to allocate 486.00 MiB (GPU 0; 19.62 GiB total capacity; 16.84 GiB already allocated; 431.12 MiB free; 17.60 GiB reserved in total by PyTorch)

wandb: Waiting for W&B process to finish, PID 211338... (failed 1). Press ctrl-c to abort syncing.
wandb: - 0.05MB of 0.05MB uploaded (0.00MB deduped)wandb: \ 0.05MB of 0.05MB uploaded (0.00MB deduped)wandb: | 0.05MB of 0.09MB uploaded (0.00MB deduped)wandb: / 0.05MB of 0.09MB uploaded (0.00MB deduped)wandb: - 0.05MB of 0.09MB uploaded (0.00MB deduped)wandb: \ 0.05MB of 0.09MB uploaded (0.00MB deduped)wandb: | 0.05MB of 0.09MB uploaded (0.00MB deduped)wandb: / 0.06MB of 0.09MB uploaded (0.00MB deduped)wandb: - 0.06MB of 0.09MB uploaded (0.00MB deduped)wandb: \ 0.06MB of 0.09MB uploaded (0.00MB deduped)wandb: | 0.06MB of 0.09MB uploaded (0.00MB deduped)wandb: / 0.06MB of 0.09MB uploaded (0.00MB deduped)wandb: - 0.09MB of 0.09MB uploaded (0.00MB deduped)wandb: \ 0.09MB of 0.09MB uploaded (0.00MB deduped)wandb: | 0.09MB of 0.09MB uploaded (0.00MB deduped)wandb: / 0.09MB of 0.09MB uploaded (0.00MB deduped)wandb: - 0.09MB of 0.09MB uploaded (0.00MB deduped)wandb: \ 0.09MB of 0.09MB uploaded (0.00MB deduped)wandb: | 0.09MB of 0.09MB uploaded (0.00MB deduped)wandb: / 0.09MB of 0.09MB uploaded (0.00MB deduped)wandb:                                                                                
wandb: Run history:
wandb:     global_step ▁▁▁▂▂▂▂▂▂▃▃▃▃▃▃▄▄▄▄▄▅▅▅▅▅▅▆▆▆▆▆▆▇▇▇▇▇███
wandb:   learning rate ████▇▇▇▇▇▆▆▆▆▆▆▅▅▅▅▅▅▄▄▄▄▄▃▃▃▃▃▃▂▂▂▂▂▁▁▁
wandb:            loss █▇▄▄▅▄▅▄▄▄▃▅▃▅▃▅▃▃▅▄▅▄▃▄▄▄▃▃▃▃▂▃▃▃▁▂▃▁▃▂
wandb:      optim_step ▁▁▁▁▂▂▂▂▂▃▃▃▃▃▃▄▄▄▄▄▅▅▅▅▅▅▆▆▆▆▆▆▇▇▇▇▇███
wandb:       precision ▁▄▆▄▂▃▃▅▃▆▄▂▆▃▅▃▅▄▂▃▄▅▃▃▃▃▄▄▄▃█▃▄▆▆▇▅▇▅▄
wandb:        val_loss ▁
wandb:   val_miou_mean ▁
wandb:        val_step ▁
wandb: 
wandb: Run summary:
wandb:     global_step 263
wandb:   learning rate 0.09921
wandb:            loss 1.52113
wandb:      optim_step 263
wandb:       precision 0.04279
wandb:        val_loss 1.55373
wandb:   val_miou_mean 0.07317
wandb:        val_step 1
wandb: 
wandb: Synced 6 W&B file(s), 0 media file(s), 0 artifact file(s) and 1 other file(s)
wandb: Synced absurd-surf-270: https://wandb.ai/tb5zhh/3dsp/runs/1z9vzwz0
wandb: Find logs at: ./wandb/run-20211109_120326-1z9vzwz0/logs/debug.log
wandb: 
