/home/aidrive/tb5zhh/.conda/envs/tbw_3dscan/lib/python3.8/site-packages/MinkowskiEngine/__init__.py:36: UserWarning: The environment variable `OMP_NUM_THREADS` not set. MinkowskiEngine will automatically set `OMP_NUM_THREADS=16`. If you want to set `OMP_NUM_THREADS` manually, please export it on the command line before running a python script. e.g. `export OMP_NUM_THREADS=12; python your_program.py`. It is recommended to set it below 24.
  warnings.warn(
[2021-11-09 12:02:54][__main__	][INFO	] Run with 1 cpu
[2021-11-09 12:02:54][__main__	][INFO	] Running config
[2021-11-09 12:02:54][__main__	][INFO	] --->                          model: Res16UNet34C
[2021-11-09 12:02:54][__main__	][INFO	] --->              conv1_kernel_size: 5
[2021-11-09 12:02:54][__main__	][INFO	] --->                        weights: checkpoints/pretrain_20000.pth
[2021-11-09 12:02:54][__main__	][INFO	] --->                       weights1: /home/aidrive1/workspace/luoly/dataset/final/min_weights/LR/unc/1/512/checkpoint_NoneRes16UNet34Cbest_val.pth
[2021-11-09 12:02:54][__main__	][INFO	] --->                       weights2: /home/aidrive1/workspace/luoly/dataset/final/min_weights/LR/512/1/checkpoint_NoneRes16UNet34Cbest_val.pth
[2021-11-09 12:02:54][__main__	][INFO	] --->                       weights3: /home/aidrive1/workspace/luoly/dataset/final/min_weights/LR/1024/1/checkpoint_NoneRes16UNet34Cbest_val.pth
[2021-11-09 12:02:54][__main__	][INFO	] --->        weights_for_inner_model: False
[2021-11-09 12:02:54][__main__	][INFO	] --->                      dilations: [1, 1, 1, 1]
[2021-11-09 12:02:54][__main__	][INFO	] --->                   wrapper_type: None
[2021-11-09 12:02:54][__main__	][INFO	] --->            wrapper_region_type: 1
[2021-11-09 12:02:54][__main__	][INFO	] --->            wrapper_kernel_size: 3
[2021-11-09 12:02:54][__main__	][INFO	] --->                     wrapper_lr: 0.1
[2021-11-09 12:02:54][__main__	][INFO	] --->           meanfield_iterations: 10
[2021-11-09 12:02:54][__main__	][INFO	] --->              crf_spatial_sigma: 1
[2021-11-09 12:02:54][__main__	][INFO	] --->            crf_chromatic_sigma: 12
[2021-11-09 12:02:54][__main__	][INFO	] --->                      optimizer: SGD
[2021-11-09 12:02:54][__main__	][INFO	] --->                             lr: 0.1
[2021-11-09 12:02:54][__main__	][INFO	] --->                   sgd_momentum: 0.9
[2021-11-09 12:02:54][__main__	][INFO	] --->                  sgd_dampening: 0.1
[2021-11-09 12:02:54][__main__	][INFO	] --->                     adam_beta1: 0.9
[2021-11-09 12:02:54][__main__	][INFO	] --->                     adam_beta2: 0.999
[2021-11-09 12:02:54][__main__	][INFO	] --->                   weight_decay: 0.0001
[2021-11-09 12:02:54][__main__	][INFO	] --->           param_histogram_freq: 100
[2021-11-09 12:02:54][__main__	][INFO	] --->           save_param_histogram: False
[2021-11-09 12:02:54][__main__	][INFO	] --->                      iter_size: 1
[2021-11-09 12:02:54][__main__	][INFO	] --->                    bn_momentum: 0.02
[2021-11-09 12:02:54][__main__	][INFO	] --->                      scheduler: PolyLR
[2021-11-09 12:02:54][__main__	][INFO	] --->                       max_iter: 30000
[2021-11-09 12:02:54][__main__	][INFO	] --->                      step_size: 20000.0
[2021-11-09 12:02:54][__main__	][INFO	] --->                     step_gamma: 0.1
[2021-11-09 12:02:54][__main__	][INFO	] --->                     poly_power: 0.9
[2021-11-09 12:02:54][__main__	][INFO	] --->                      exp_gamma: 0.95
[2021-11-09 12:02:54][__main__	][INFO	] --->                  exp_step_size: 445
[2021-11-09 12:02:54][__main__	][INFO	] --->                        log_dir: log
[2021-11-09 12:02:54][__main__	][INFO	] --->                       data_dir: data
[2021-11-09 12:02:54][__main__	][INFO	] --->                        dataset: ScannetVoxelization2cmDataset
[2021-11-09 12:02:54][__main__	][INFO	] --->                    testdataset: ScannetVoxelization2cmtestDataset
[2021-11-09 12:02:54][__main__	][INFO	] --->              temporal_dilation: 30
[2021-11-09 12:02:54][__main__	][INFO	] --->                temporal_numseq: 3
[2021-11-09 12:02:54][__main__	][INFO	] --->                      point_lim: -1
[2021-11-09 12:02:54][__main__	][INFO	] --->                  pre_point_lim: -1
[2021-11-09 12:02:54][__main__	][INFO	] --->                     batch_size: 1
[2021-11-09 12:02:54][__main__	][INFO	] --->                test_batch_size: 1
[2021-11-09 12:02:54][__main__	][INFO	] --->                     cache_data: False
[2021-11-09 12:02:54][__main__	][INFO	] --->                    num_workers: 4
[2021-11-09 12:02:54][__main__	][INFO	] --->                num_val_workers: 1
[2021-11-09 12:02:54][__main__	][INFO	] --->                   ignore_label: 255
[2021-11-09 12:02:54][__main__	][INFO	] --->          return_transformation: False
[2021-11-09 12:02:54][__main__	][INFO	] --->         ignore_duplicate_class: False
[2021-11-09 12:02:54][__main__	][INFO	] --->                   partial_crop: 0.0
[2021-11-09 12:02:54][__main__	][INFO	] --->          train_limit_numpoints: 0
[2021-11-09 12:02:54][__main__	][INFO	] --->                   synthia_path: /home/chrischoy/datasets/Synthia/Synthia4D
[2021-11-09 12:02:54][__main__	][INFO	] --->            synthia_camera_path: /home/chrischoy/datasets/Synthia/%s/CameraParams/
[2021-11-09 12:02:54][__main__	][INFO	] --->  synthia_camera_intrinsic_file: intrinsics.txt
[2021-11-09 12:02:54][__main__	][INFO	] ---> synthia_camera_extrinsics_file: Stereo_Right/Omni_F/%s.txt
[2021-11-09 12:02:54][__main__	][INFO	] --->         temporal_rand_dilation: False
[2021-11-09 12:02:54][__main__	][INFO	] --->           temporal_rand_numseq: False
[2021-11-09 12:02:54][__main__	][INFO	] --->                   scannet_path: /home/aidrive/tb5zhh/data/20/train
[2021-11-09 12:02:54][__main__	][INFO	] --->              scannet_test_path: /home/aidrive/tb5zhh/data/full/train
[2021-11-09 12:02:54][__main__	][INFO	] --->                stanford3d_path: /home/chrischoy/datasets/Stanford3D
[2021-11-09 12:02:54][__main__	][INFO	] --->                       is_train: True
[2021-11-09 12:02:54][__main__	][INFO	] --->                      stat_freq: 40
[2021-11-09 12:02:54][__main__	][INFO	] --->                 test_stat_freq: 100
[2021-11-09 12:02:54][__main__	][INFO	] --->                test_stat_freq1: 312
[2021-11-09 12:02:54][__main__	][INFO	] --->                      save_freq: 1000
[2021-11-09 12:02:54][__main__	][INFO	] --->                       val_freq: 2
[2021-11-09 12:02:54][__main__	][INFO	] --->               empty_cache_freq: 1
[2021-11-09 12:02:54][__main__	][INFO	] --->                    train_phase: train
[2021-11-09 12:02:54][__main__	][INFO	] --->                      val_phase: val
[2021-11-09 12:02:54][__main__	][INFO	] --->              overwrite_weights: True
[2021-11-09 12:02:54][__main__	][INFO	] --->                         resume: None
[2021-11-09 12:02:54][__main__	][INFO	] --->               resume_optimizer: True
[2021-11-09 12:02:54][__main__	][INFO	] --->                  eval_upsample: False
[2021-11-09 12:02:54][__main__	][INFO	] --->         lenient_weight_loading: False
[2021-11-09 12:02:54][__main__	][INFO	] --->         distributed_world_size: 2
[2021-11-09 12:02:54][__main__	][INFO	] --->               distributed_rank: 0
[2021-11-09 12:02:54][__main__	][INFO	] --->            distributed_backend: nccl
[2021-11-09 12:02:54][__main__	][INFO	] --->        distributed_init_method: 
[2021-11-09 12:02:54][__main__	][INFO	] --->               distributed_port: 10010
[2021-11-09 12:02:54][__main__	][INFO	] --->                      device_id: 0
[2021-11-09 12:02:54][__main__	][INFO	] --->           distributed_no_spawn: True
[2021-11-09 12:02:54][__main__	][INFO	] --->                    ddp_backend: c10d
[2021-11-09 12:02:54][__main__	][INFO	] --->                  bucket_cap_mb: 25
[2021-11-09 12:02:54][__main__	][INFO	] --->                   use_feat_aug: True
[2021-11-09 12:02:54][__main__	][INFO	] --->     data_aug_color_trans_ratio: 0.1
[2021-11-09 12:02:54][__main__	][INFO	] --->      data_aug_color_jitter_std: 0.05
[2021-11-09 12:02:54][__main__	][INFO	] --->                normalize_color: True
[2021-11-09 12:02:54][__main__	][INFO	] --->             data_aug_scale_min: 0.9
[2021-11-09 12:02:54][__main__	][INFO	] --->             data_aug_scale_max: 1.1
[2021-11-09 12:02:54][__main__	][INFO	] --->               data_aug_hue_max: 0.5
[2021-11-09 12:02:54][__main__	][INFO	] --->        data_aug_saturation_max: 0.2
[2021-11-09 12:02:54][__main__	][INFO	] --->                      visualize: False
[2021-11-09 12:02:54][__main__	][INFO	] --->          test_temporal_average: False
[2021-11-09 12:02:54][__main__	][INFO	] --->                 visualize_path: outputs/visualize
[2021-11-09 12:02:54][__main__	][INFO	] --->                save_prediction: False
[2021-11-09 12:02:54][__main__	][INFO	] --->                  save_pred_dir: outputs/pred
[2021-11-09 12:02:54][__main__	][INFO	] --->                     test_phase: test
[2021-11-09 12:02:54][__main__	][INFO	] --->   evaluate_original_pointcloud: False
[2021-11-09 12:02:54][__main__	][INFO	] --->       test_original_pointcloud: False
[2021-11-09 12:02:54][__main__	][INFO	] --->                        is_cuda: True
[2021-11-09 12:02:54][__main__	][INFO	] --->                      load_path: 
[2021-11-09 12:02:54][__main__	][INFO	] --->                       log_step: 50
[2021-11-09 12:02:54][__main__	][INFO	] --->                      log_level: INFO
[2021-11-09 12:02:54][__main__	][INFO	] --->                        num_gpu: 1
[2021-11-09 12:02:54][__main__	][INFO	] --->                           seed: 42
[2021-11-09 12:02:54][__main__	][INFO	] --->                       run_name: finetune_0.1_20_Res16UNet34C
[2021-11-09 12:02:54][__main__	][INFO	] --->                      unc_round: 20
[2021-11-09 12:02:54][__main__	][INFO	] --->                 unc_result_dir: /
[2021-11-09 12:02:54][__main__	][INFO	] --->                          wandb: True
[2021-11-09 12:02:54][__main__	][INFO	] --->                  train_dataset: ScannetVoxelization2cmDataset
[2021-11-09 12:02:54][__main__	][INFO	] --->                    val_dataset: ScannetVoxelization2cmtestDataset
[2021-11-09 12:02:54][__main__	][INFO	] --->                 checkpoint_dir: checkpoints
[2021-11-09 12:02:54][__main__	][INFO	] --->                     optim_step: 2
[2021-11-09 12:02:54][__main__	][INFO	] --->                  validate_step: 150
[2021-11-09 12:02:54][__main__	][INFO	] --->                    train_epoch: 20000
[2021-11-09 12:02:54][__main__	][INFO	] --->               train_batch_size: 8
[2021-11-09 12:02:54][__main__	][INFO	] --->                 val_batch_size: 8
[2021-11-09 12:02:54][__main__	][INFO	] --->                eval_result_dir: /
[2021-11-09 12:02:54][__main__	][INFO	] --->                  unc_stat_path: /
[2021-11-09 12:02:54][__main__	][INFO	] --->                     save_epoch: 1
[2021-11-09 12:02:54][__main__	][INFO	] --->                   ignore_index: 255
[2021-11-09 12:02:54][__main__	][INFO	] --->                       do_train: True
[2021-11-09 12:02:54][__main__	][INFO	] --->               do_unc_inference: False
[2021-11-09 12:02:54][__main__	][INFO	] --->                    do_unc_demo: False
[2021-11-09 12:02:54][__main__	][INFO	] --->                    unc_dataset: 
[2021-11-09 12:02:54][__main__	][INFO	] --->           do_verbose_inference: False
[2021-11-09 12:02:54][__main__	][INFO	] --->                  do_unc_render: False
[2021-11-09 12:03:05][__main__	][INFO	] Weights loaded from checkpoints/pretrain_20000.pth
[2021-11-09 12:03:05][__main__	][INFO	] Model setup done
[2021-11-09 12:03:05][__main__	][INFO	] 
Res16UNet34C(
  (conv0p1s1): MinkowskiConvolution(in=3, out=32, kernel_size=[5, 5, 5], stride=[1, 1, 1], dilation=[1, 1, 1])
  (bn0): MinkowskiBatchNorm(32, eps=1e-05, momentum=0.02, affine=True, track_running_stats=True)
  (conv1p1s2): MinkowskiConvolution(in=32, out=32, kernel_size=[2, 2, 2], stride=[2, 2, 2], dilation=[1, 1, 1])
  (bn1): MinkowskiBatchNorm(32, eps=1e-05, momentum=0.02, affine=True, track_running_stats=True)
  (block1): Sequential(
    (0): BasicBlock(
      (conv1): MinkowskiConvolution(in=32, out=32, kernel_size=[3, 3, 3], stride=[1, 1, 1], dilation=[1, 1, 1])
      (norm1): MinkowskiBatchNorm(32, eps=1e-05, momentum=0.1, affine=True, track_running_stats=True)
      (conv2): MinkowskiConvolution(in=32, out=32, kernel_size=[3, 3, 3], stride=[1, 1, 1], dilation=[1, 1, 1])
      (norm2): MinkowskiBatchNorm(32, eps=1e-05, momentum=0.1, affine=True, track_running_stats=True)
      (relu): MinkowskiReLU()
    )
    (1): BasicBlock(
      (conv1): MinkowskiConvolution(in=32, out=32, kernel_size=[3, 3, 3], stride=[1, 1, 1], dilation=[1, 1, 1])
      (norm1): MinkowskiBatchNorm(32, eps=1e-05, momentum=0.1, affine=True, track_running_stats=True)
      (conv2): MinkowskiConvolution(in=32, out=32, kernel_size=[3, 3, 3], stride=[1, 1, 1], dilation=[1, 1, 1])
      (norm2): MinkowskiBatchNorm(32, eps=1e-05, momentum=0.1, affine=True, track_running_stats=True)
      (relu): MinkowskiReLU()
    )
  )
  (conv2p2s2): MinkowskiConvolution(in=32, out=32, kernel_size=[2, 2, 2], stride=[2, 2, 2], dilation=[1, 1, 1])
  (bn2): MinkowskiBatchNorm(32, eps=1e-05, momentum=0.02, affine=True, track_running_stats=True)
  (block2): Sequential(
    (0): BasicBlock(
      (conv1): MinkowskiConvolution(in=32, out=64, kernel_size=[3, 3, 3], stride=[1, 1, 1], dilation=[1, 1, 1])
      (norm1): MinkowskiBatchNorm(64, eps=1e-05, momentum=0.1, affine=True, track_running_stats=True)
      (conv2): MinkowskiConvolution(in=64, out=64, kernel_size=[3, 3, 3], stride=[1, 1, 1], dilation=[1, 1, 1])
      (norm2): MinkowskiBatchNorm(64, eps=1e-05, momentum=0.1, affine=True, track_running_stats=True)
      (relu): MinkowskiReLU()
      (downsample): Sequential(
        (0): MinkowskiConvolution(in=32, out=64, kernel_size=[1, 1, 1], stride=[1, 1, 1], dilation=[1, 1, 1])
        (1): MinkowskiBatchNorm(64, eps=1e-05, momentum=0.02, affine=True, track_running_stats=True)
      )
    )
    (1): BasicBlock(
      (conv1): MinkowskiConvolution(in=64, out=64, kernel_size=[3, 3, 3], stride=[1, 1, 1], dilation=[1, 1, 1])
      (norm1): MinkowskiBatchNorm(64, eps=1e-05, momentum=0.1, affine=True, track_running_stats=True)
      (conv2): MinkowskiConvolution(in=64, out=64, kernel_size=[3, 3, 3], stride=[1, 1, 1], dilation=[1, 1, 1])
      (norm2): MinkowskiBatchNorm(64, eps=1e-05, momentum=0.1, affine=True, track_running_stats=True)
      (relu): MinkowskiReLU()
    )
    (2): BasicBlock(
      (conv1): MinkowskiConvolution(in=64, out=64, kernel_size=[3, 3, 3], stride=[1, 1, 1], dilation=[1, 1, 1])
      (norm1): MinkowskiBatchNorm(64, eps=1e-05, momentum=0.1, affine=True, track_running_stats=True)
      (conv2): MinkowskiConvolution(in=64, out=64, kernel_size=[3, 3, 3], stride=[1, 1, 1], dilation=[1, 1, 1])
      (norm2): MinkowskiBatchNorm(64, eps=1e-05, momentum=0.1, affine=True, track_running_stats=True)
      (relu): MinkowskiReLU()
    )
  )
  (conv3p4s2): MinkowskiConvolution(in=64, out=64, kernel_size=[2, 2, 2], stride=[2, 2, 2], dilation=[1, 1, 1])
  (bn3): MinkowskiBatchNorm(64, eps=1e-05, momentum=0.02, affine=True, track_running_stats=True)
  (block3): Sequential(
    (0): BasicBlock(
      (conv1): MinkowskiConvolution(in=64, out=128, kernel_size=[3, 3, 3], stride=[1, 1, 1], dilation=[1, 1, 1])
      (norm1): MinkowskiBatchNorm(128, eps=1e-05, momentum=0.1, affine=True, track_running_stats=True)
      (conv2): MinkowskiConvolution(in=128, out=128, kernel_size=[3, 3, 3], stride=[1, 1, 1], dilation=[1, 1, 1])
      (norm2): MinkowskiBatchNorm(128, eps=1e-05, momentum=0.1, affine=True, track_running_stats=True)
      (relu): MinkowskiReLU()
      (downsample): Sequential(
        (0): MinkowskiConvolution(in=64, out=128, kernel_size=[1, 1, 1], stride=[1, 1, 1], dilation=[1, 1, 1])
        (1): MinkowskiBatchNorm(128, eps=1e-05, momentum=0.02, affine=True, track_running_stats=True)
      )
    )
    (1): BasicBlock(
      (conv1): MinkowskiConvolution(in=128, out=128, kernel_size=[3, 3, 3], stride=[1, 1, 1], dilation=[1, 1, 1])
      (norm1): MinkowskiBatchNorm(128, eps=1e-05, momentum=0.1, affine=True, track_running_stats=True)
      (conv2): MinkowskiConvolution(in=128, out=128, kernel_size=[3, 3, 3], stride=[1, 1, 1], dilation=[1, 1, 1])
      (norm2): MinkowskiBatchNorm(128, eps=1e-05, momentum=0.1, affine=True, track_running_stats=True)
      (relu): MinkowskiReLU()
    )
    (2): BasicBlock(
      (conv1): MinkowskiConvolution(in=128, out=128, kernel_size=[3, 3, 3], stride=[1, 1, 1], dilation=[1, 1, 1])
      (norm1): MinkowskiBatchNorm(128, eps=1e-05, momentum=0.1, affine=True, track_running_stats=True)
      (conv2): MinkowskiConvolution(in=128, out=128, kernel_size=[3, 3, 3], stride=[1, 1, 1], dilation=[1, 1, 1])
      (norm2): MinkowskiBatchNorm(128, eps=1e-05, momentum=0.1, affine=True, track_running_stats=True)
      (relu): MinkowskiReLU()
    )
    (3): BasicBlock(
      (conv1): MinkowskiConvolution(in=128, out=128, kernel_size=[3, 3, 3], stride=[1, 1, 1], dilation=[1, 1, 1])
      (norm1): MinkowskiBatchNorm(128, eps=1e-05, momentum=0.1, affine=True, track_running_stats=True)
      (conv2): MinkowskiConvolution(in=128, out=128, kernel_size=[3, 3, 3], stride=[1, 1, 1], dilation=[1, 1, 1])
      (norm2): MinkowskiBatchNorm(128, eps=1e-05, momentum=0.1, affine=True, track_running_stats=True)
      (relu): MinkowskiReLU()
    )
  )
  (conv4p8s2): MinkowskiConvolution(in=128, out=128, kernel_size=[2, 2, 2], stride=[2, 2, 2], dilation=[1, 1, 1])
  (bn4): MinkowskiBatchNorm(128, eps=1e-05, momentum=0.02, affine=True, track_running_stats=True)
  (block4): Sequential(
    (0): BasicBlock(
      (conv1): MinkowskiConvolution(in=128, out=256, kernel_size=[3, 3, 3], stride=[1, 1, 1], dilation=[1, 1, 1])
      (norm1): MinkowskiBatchNorm(256, eps=1e-05, momentum=0.1, affine=True, track_running_stats=True)
      (conv2): MinkowskiConvolution(in=256, out=256, kernel_size=[3, 3, 3], stride=[1, 1, 1], dilation=[1, 1, 1])
      (norm2): MinkowskiBatchNorm(256, eps=1e-05, momentum=0.1, affine=True, track_running_stats=True)
      (relu): MinkowskiReLU()
      (downsample): Sequential(
        (0): MinkowskiConvolution(in=128, out=256, kernel_size=[1, 1, 1], stride=[1, 1, 1], dilation=[1, 1, 1])
        (1): MinkowskiBatchNorm(256, eps=1e-05, momentum=0.02, affine=True, track_running_stats=True)
      )
    )
    (1): BasicBlock(
      (conv1): MinkowskiConvolution(in=256, out=256, kernel_size=[3, 3, 3], stride=[1, 1, 1], dilation=[1, 1, 1])
      (norm1): MinkowskiBatchNorm(256, eps=1e-05, momentum=0.1, affine=True, track_running_stats=True)
      (conv2): MinkowskiConvolution(in=256, out=256, kernel_size=[3, 3, 3], stride=[1, 1, 1], dilation=[1, 1, 1])
      (norm2): MinkowskiBatchNorm(256, eps=1e-05, momentum=0.1, affine=True, track_running_stats=True)
      (relu): MinkowskiReLU()
    )
    (2): BasicBlock(
      (conv1): MinkowskiConvolution(in=256, out=256, kernel_size=[3, 3, 3], stride=[1, 1, 1], dilation=[1, 1, 1])
      (norm1): MinkowskiBatchNorm(256, eps=1e-05, momentum=0.1, affine=True, track_running_stats=True)
      (conv2): MinkowskiConvolution(in=256, out=256, kernel_size=[3, 3, 3], stride=[1, 1, 1], dilation=[1, 1, 1])
      (norm2): MinkowskiBatchNorm(256, eps=1e-05, momentum=0.1, affine=True, track_running_stats=True)
      (relu): MinkowskiReLU()
    )
    (3): BasicBlock(
      (conv1): MinkowskiConvolution(in=256, out=256, kernel_size=[3, 3, 3], stride=[1, 1, 1], dilation=[1, 1, 1])
      (norm1): MinkowskiBatchNorm(256, eps=1e-05, momentum=0.1, affine=True, track_running_stats=True)
      (conv2): MinkowskiConvolution(in=256, out=256, kernel_size=[3, 3, 3], stride=[1, 1, 1], dilation=[1, 1, 1])
      (norm2): MinkowskiBatchNorm(256, eps=1e-05, momentum=0.1, affine=True, track_running_stats=True)
      (relu): MinkowskiReLU()
    )
    (4): BasicBlock(
      (conv1): MinkowskiConvolution(in=256, out=256, kernel_size=[3, 3, 3], stride=[1, 1, 1], dilation=[1, 1, 1])
      (norm1): MinkowskiBatchNorm(256, eps=1e-05, momentum=0.1, affine=True, track_running_stats=True)
      (conv2): MinkowskiConvolution(in=256, out=256, kernel_size=[3, 3, 3], stride=[1, 1, 1], dilation=[1, 1, 1])
      (norm2): MinkowskiBatchNorm(256, eps=1e-05, momentum=0.1, affine=True, track_running_stats=True)
      (relu): MinkowskiReLU()
    )
    (5): BasicBlock(
      (conv1): MinkowskiConvolution(in=256, out=256, kernel_size=[3, 3, 3], stride=[1, 1, 1], dilation=[1, 1, 1])
      (norm1): MinkowskiBatchNorm(256, eps=1e-05, momentum=0.1, affine=True, track_running_stats=True)
      (conv2): MinkowskiConvolution(in=256, out=256, kernel_size=[3, 3, 3], stride=[1, 1, 1], dilation=[1, 1, 1])
      (norm2): MinkowskiBatchNorm(256, eps=1e-05, momentum=0.1, affine=True, track_running_stats=True)
      (relu): MinkowskiReLU()
    )
  )
  (convtr4p16s2): MinkowskiConvolutionTranspose(in=256, out=256, kernel_size=[2, 2, 2], stride=[2, 2, 2], dilation=[1, 1, 1])
  (bntr4): MinkowskiBatchNorm(256, eps=1e-05, momentum=0.02, affine=True, track_running_stats=True)
  (block5): Sequential(
    (0): BasicBlock(
      (conv1): MinkowskiConvolution(in=384, out=256, kernel_size=[3, 3, 3], stride=[1, 1, 1], dilation=[1, 1, 1])
      (norm1): MinkowskiBatchNorm(256, eps=1e-05, momentum=0.1, affine=True, track_running_stats=True)
      (conv2): MinkowskiConvolution(in=256, out=256, kernel_size=[3, 3, 3], stride=[1, 1, 1], dilation=[1, 1, 1])
      (norm2): MinkowskiBatchNorm(256, eps=1e-05, momentum=0.1, affine=True, track_running_stats=True)
      (relu): MinkowskiReLU()
      (downsample): Sequential(
        (0): MinkowskiConvolution(in=384, out=256, kernel_size=[1, 1, 1], stride=[1, 1, 1], dilation=[1, 1, 1])
        (1): MinkowskiBatchNorm(256, eps=1e-05, momentum=0.02, affine=True, track_running_stats=True)
      )
    )
    (1): BasicBlock(
      (conv1): MinkowskiConvolution(in=256, out=256, kernel_size=[3, 3, 3], stride=[1, 1, 1], dilation=[1, 1, 1])
      (norm1): MinkowskiBatchNorm(256, eps=1e-05, momentum=0.1, affine=True, track_running_stats=True)
      (conv2): MinkowskiConvolution(in=256, out=256, kernel_size=[3, 3, 3], stride=[1, 1, 1], dilation=[1, 1, 1])
      (norm2): MinkowskiBatchNorm(256, eps=1e-05, momentum=0.1, affine=True, track_running_stats=True)
      (relu): MinkowskiReLU()
    )
  )
  (convtr5p8s2): MinkowskiConvolutionTranspose(in=256, out=128, kernel_size=[2, 2, 2], stride=[2, 2, 2], dilation=[1, 1, 1])
  (bntr5): MinkowskiBatchNorm(128, eps=1e-05, momentum=0.02, affine=True, track_running_stats=True)
  (block6): Sequential(
    (0): BasicBlock(
      (conv1): MinkowskiConvolution(in=192, out=128, kernel_size=[3, 3, 3], stride=[1, 1, 1], dilation=[1, 1, 1])
      (norm1): MinkowskiBatchNorm(128, eps=1e-05, momentum=0.1, affine=True, track_running_stats=True)
      (conv2): MinkowskiConvolution(in=128, out=128, kernel_size=[3, 3, 3], stride=[1, 1, 1], dilation=[1, 1, 1])
      (norm2): MinkowskiBatchNorm(128, eps=1e-05, momentum=0.1, affine=True, track_running_stats=True)
      (relu): MinkowskiReLU()
      (downsample): Sequential(
        (0): MinkowskiConvolution(in=192, out=128, kernel_size=[1, 1, 1], stride=[1, 1, 1], dilation=[1, 1, 1])
        (1): MinkowskiBatchNorm(128, eps=1e-05, momentum=0.02, affine=True, track_running_stats=True)
      )
    )
    (1): BasicBlock(
      (conv1): MinkowskiConvolution(in=128, out=128, kernel_size=[3, 3, 3], stride=[1, 1, 1], dilation=[1, 1, 1])
      (norm1): MinkowskiBatchNorm(128, eps=1e-05, momentum=0.1, affine=True, track_running_stats=True)
      (conv2): MinkowskiConvolution(in=128, out=128, kernel_size=[3, 3, 3], stride=[1, 1, 1], dilation=[1, 1, 1])
      (norm2): MinkowskiBatchNorm(128, eps=1e-05, momentum=0.1, affine=True, track_running_stats=True)
      (relu): MinkowskiReLU()
    )
  )
  (convtr6p4s2): MinkowskiConvolutionTranspose(in=128, out=96, kernel_size=[2, 2, 2], stride=[2, 2, 2], dilation=[1, 1, 1])
  (bntr6): MinkowskiBatchNorm(96, eps=1e-05, momentum=0.02, affine=True, track_running_stats=True)
  (block7): Sequential(
    (0): BasicBlock(
      (conv1): MinkowskiConvolution(in=128, out=96, kernel_size=[3, 3, 3], stride=[1, 1, 1], dilation=[1, 1, 1])
      (norm1): MinkowskiBatchNorm(96, eps=1e-05, momentum=0.1, affine=True, track_running_stats=True)
      (conv2): MinkowskiConvolution(in=96, out=96, kernel_size=[3, 3, 3], stride=[1, 1, 1], dilation=[1, 1, 1])
      (norm2): MinkowskiBatchNorm(96, eps=1e-05, momentum=0.1, affine=True, track_running_stats=True)
      (relu): MinkowskiReLU()
      (downsample): Sequential(
        (0): MinkowskiConvolution(in=128, out=96, kernel_size=[1, 1, 1], stride=[1, 1, 1], dilation=[1, 1, 1])
        (1): MinkowskiBatchNorm(96, eps=1e-05, momentum=0.02, affine=True, track_running_stats=True)
      )
    )
    (1): BasicBlock(
      (conv1): MinkowskiConvolution(in=96, out=96, kernel_size=[3, 3, 3], stride=[1, 1, 1], dilation=[1, 1, 1])
      (norm1): MinkowskiBatchNorm(96, eps=1e-05, momentum=0.1, affine=True, track_running_stats=True)
      (conv2): MinkowskiConvolution(in=96, out=96, kernel_size=[3, 3, 3], stride=[1, 1, 1], dilation=[1, 1, 1])
      (norm2): MinkowskiBatchNorm(96, eps=1e-05, momentum=0.1, affine=True, track_running_stats=True)
      (relu): MinkowskiReLU()
    )
  )
  (convtr7p2s2): MinkowskiConvolutionTranspose(in=96, out=96, kernel_size=[2, 2, 2], stride=[2, 2, 2], dilation=[1, 1, 1])
  (bntr7): MinkowskiBatchNorm(96, eps=1e-05, momentum=0.02, affine=True, track_running_stats=True)
  (block8): Sequential(
    (0): BasicBlock(
      (conv1): MinkowskiConvolution(in=128, out=96, kernel_size=[3, 3, 3], stride=[1, 1, 1], dilation=[1, 1, 1])
      (norm1): MinkowskiBatchNorm(96, eps=1e-05, momentum=0.1, affine=True, track_running_stats=True)
      (conv2): MinkowskiConvolution(in=96, out=96, kernel_size=[3, 3, 3], stride=[1, 1, 1], dilation=[1, 1, 1])
      (norm2): MinkowskiBatchNorm(96, eps=1e-05, momentum=0.1, affine=True, track_running_stats=True)
      (relu): MinkowskiReLU()
      (downsample): Sequential(
        (0): MinkowskiConvolution(in=128, out=96, kernel_size=[1, 1, 1], stride=[1, 1, 1], dilation=[1, 1, 1])
        (1): MinkowskiBatchNorm(96, eps=1e-05, momentum=0.02, affine=True, track_running_stats=True)
      )
    )
    (1): BasicBlock(
      (conv1): MinkowskiConvolution(in=96, out=96, kernel_size=[3, 3, 3], stride=[1, 1, 1], dilation=[1, 1, 1])
      (norm1): MinkowskiBatchNorm(96, eps=1e-05, momentum=0.1, affine=True, track_running_stats=True)
      (conv2): MinkowskiConvolution(in=96, out=96, kernel_size=[3, 3, 3], stride=[1, 1, 1], dilation=[1, 1, 1])
      (norm2): MinkowskiBatchNorm(96, eps=1e-05, momentum=0.1, affine=True, track_running_stats=True)
      (relu): MinkowskiReLU()
    )
  )
  (final): MinkowskiConvolution(in=96, out=20, kernel_size=[1, 1, 1], stride=[1, 1, 1], dilation=[1, 1, 1])
  (relu): MinkowskiReLU()
)
wandb: Currently logged in as: tb5zhh (use `wandb login --relogin` to force relogin)
wandb: wandb version 0.12.6 is available!  To upgrade, please run:
wandb:  $ pip install wandb --upgrade
wandb: Tracking run with wandb version 0.12.4
wandb: Syncing run lilac-frost-267
wandb:  View project at https://wandb.ai/tb5zhh/3dsp
wandb:  View run at https://wandb.ai/tb5zhh/3dsp/runs/3ozao25k
wandb: Run data is saved locally in /home/aidrive/tb5zhh/3DScanSeg/wandb/run-20211109_120307-3ozao25k
wandb: Run `wandb offline` to turn off syncing.

[34m[1mwandb[0m: [33mWARNING[0m Calling run.save without any arguments is deprecated.Changes to attributes are automatically persisted.
[2021-11-09 12:03:10][root	][INFO	] Loading ScannetVoxelization2cmDataset: scannetv2_train.txt
[2021-11-09 12:03:10][root	][INFO	] Loading ScannetVoxelization2cmtestDataset: scannetv2_val.txt
[2021-11-09 12:03:10][__main__	][INFO	] Dataloader setup done
[2021-11-09 12:03:10][__main__	][INFO	] My rank : 0 / 1
[2021-11-09 12:03:10][__main__	][INFO	] Start training
[2021-11-09 12:03:22][__main__	][INFO	] TRAIN at global step #1 Epoch #1 Step #2 / 151: loss:3.4217, precision: 0.0002
[2021-11-09 12:03:30][__main__	][INFO	] TRAIN at global step #2 Epoch #1 Step #4 / 151: loss:3.0495, precision: 0.0007
[2021-11-09 12:03:36][__main__	][INFO	] TRAIN at global step #3 Epoch #1 Step #6 / 151: loss:2.8266, precision: 0.0030
[2021-11-09 12:03:44][__main__	][INFO	] TRAIN at global step #4 Epoch #1 Step #8 / 151: loss:2.6094, precision: 0.0024
[2021-11-09 12:03:51][__main__	][INFO	] TRAIN at global step #5 Epoch #1 Step #10 / 151: loss:2.2475, precision: 0.0039
[2021-11-09 12:03:59][__main__	][INFO	] TRAIN at global step #6 Epoch #1 Step #12 / 151: loss:2.5579, precision: 0.0037
[2021-11-09 12:04:05][__main__	][INFO	] TRAIN at global step #7 Epoch #1 Step #14 / 151: loss:2.2536, precision: 0.0055
[2021-11-09 12:04:11][__main__	][INFO	] TRAIN at global step #8 Epoch #1 Step #16 / 151: loss:2.6808, precision: 0.0050
[2021-11-09 12:04:18][__main__	][INFO	] TRAIN at global step #9 Epoch #1 Step #18 / 151: loss:2.0405, precision: 0.0052
[2021-11-09 12:04:25][__main__	][INFO	] TRAIN at global step #10 Epoch #1 Step #20 / 151: loss:2.3043, precision: 0.0047
[2021-11-09 12:04:31][__main__	][INFO	] TRAIN at global step #11 Epoch #1 Step #22 / 151: loss:2.2728, precision: 0.0057
[2021-11-09 12:04:39][__main__	][INFO	] TRAIN at global step #12 Epoch #1 Step #24 / 151: loss:2.2345, precision: 0.0044
[2021-11-09 12:04:45][__main__	][INFO	] TRAIN at global step #13 Epoch #1 Step #26 / 151: loss:2.0835, precision: 0.0054
[2021-11-09 12:04:51][__main__	][INFO	] TRAIN at global step #14 Epoch #1 Step #28 / 151: loss:2.1422, precision: 0.0048
[2021-11-09 12:04:59][__main__	][INFO	] TRAIN at global step #15 Epoch #1 Step #30 / 151: loss:1.9084, precision: 0.0050
[2021-11-09 12:05:05][__main__	][INFO	] TRAIN at global step #16 Epoch #1 Step #32 / 151: loss:2.0018, precision: 0.0067
[2021-11-09 12:05:11][__main__	][INFO	] TRAIN at global step #17 Epoch #1 Step #34 / 151: loss:2.3690, precision: 0.0043
[2021-11-09 12:05:17][__main__	][INFO	] TRAIN at global step #18 Epoch #1 Step #36 / 151: loss:2.1243, precision: 0.0048
[2021-11-09 12:05:24][__main__	][INFO	] TRAIN at global step #19 Epoch #1 Step #38 / 151: loss:2.2191, precision: 0.0048
[2021-11-09 12:05:31][__main__	][INFO	] TRAIN at global step #20 Epoch #1 Step #40 / 151: loss:2.1195, precision: 0.0057
[2021-11-09 12:05:38][__main__	][INFO	] TRAIN at global step #21 Epoch #1 Step #42 / 151: loss:2.0131, precision: 0.0043
[2021-11-09 12:05:45][__main__	][INFO	] TRAIN at global step #22 Epoch #1 Step #44 / 151: loss:2.1261, precision: 0.0047
[2021-11-09 12:05:52][__main__	][INFO	] TRAIN at global step #23 Epoch #1 Step #46 / 151: loss:2.5710, precision: 0.0037
[2021-11-09 12:06:00][__main__	][INFO	] TRAIN at global step #24 Epoch #1 Step #48 / 151: loss:2.1332, precision: 0.0045
[2021-11-09 12:06:07][__main__	][INFO	] TRAIN at global step #25 Epoch #1 Step #50 / 151: loss:1.8870, precision: 0.0059
[2021-11-09 12:06:12][__main__	][INFO	] TRAIN at global step #26 Epoch #1 Step #52 / 151: loss:2.1227, precision: 0.0078
[2021-11-09 12:06:18][__main__	][INFO	] TRAIN at global step #27 Epoch #1 Step #54 / 151: loss:2.1106, precision: 0.0048
[2021-11-09 12:06:26][__main__	][INFO	] TRAIN at global step #28 Epoch #1 Step #56 / 151: loss:1.9725, precision: 0.0050
[2021-11-09 12:06:33][__main__	][INFO	] TRAIN at global step #29 Epoch #1 Step #58 / 151: loss:1.9482, precision: 0.0055
[2021-11-09 12:06:39][__main__	][INFO	] TRAIN at global step #30 Epoch #1 Step #60 / 151: loss:1.7888, precision: 0.0073
[2021-11-09 12:06:45][__main__	][INFO	] TRAIN at global step #31 Epoch #1 Step #62 / 151: loss:1.9293, precision: 0.0062
[2021-11-09 12:06:52][__main__	][INFO	] TRAIN at global step #32 Epoch #1 Step #64 / 151: loss:1.8941, precision: 0.0034
[2021-11-09 12:06:59][__main__	][INFO	] TRAIN at global step #33 Epoch #1 Step #66 / 151: loss:1.7832, precision: 0.0065
[2021-11-09 12:07:06][__main__	][INFO	] TRAIN at global step #34 Epoch #1 Step #68 / 151: loss:1.8807, precision: 0.0057
[2021-11-09 12:07:12][__main__	][INFO	] TRAIN at global step #35 Epoch #1 Step #70 / 151: loss:1.8610, precision: 0.0066
[2021-11-09 12:07:20][__main__	][INFO	] TRAIN at global step #36 Epoch #1 Step #72 / 151: loss:1.9215, precision: 0.0044
[2021-11-09 12:07:27][__main__	][INFO	] TRAIN at global step #37 Epoch #1 Step #74 / 151: loss:1.9283, precision: 0.0058
[2021-11-09 12:07:33][__main__	][INFO	] TRAIN at global step #38 Epoch #1 Step #76 / 151: loss:2.4450, precision: 0.0044
[2021-11-09 12:07:40][__main__	][INFO	] TRAIN at global step #39 Epoch #1 Step #78 / 151: loss:2.1753, precision: 0.0045
[2021-11-09 12:07:47][__main__	][INFO	] TRAIN at global step #40 Epoch #1 Step #80 / 151: loss:2.0487, precision: 0.0047
[2021-11-09 12:07:52][__main__	][INFO	] TRAIN at global step #41 Epoch #1 Step #82 / 151: loss:2.0786, precision: 0.0068
[2021-11-09 12:07:59][__main__	][INFO	] TRAIN at global step #42 Epoch #1 Step #84 / 151: loss:1.8941, precision: 0.0063
[2021-11-09 12:08:06][__main__	][INFO	] TRAIN at global step #43 Epoch #1 Step #86 / 151: loss:2.0099, precision: 0.0061
[2021-11-09 12:08:15][__main__	][INFO	] TRAIN at global step #44 Epoch #1 Step #88 / 151: loss:1.8517, precision: 0.0040
[2021-11-09 12:08:21][__main__	][INFO	] TRAIN at global step #45 Epoch #1 Step #90 / 151: loss:2.1803, precision: 0.0053
[2021-11-09 12:08:29][__main__	][INFO	] TRAIN at global step #46 Epoch #1 Step #92 / 151: loss:1.9297, precision: 0.0033
[2021-11-09 12:08:37][__main__	][INFO	] TRAIN at global step #47 Epoch #1 Step #94 / 151: loss:1.8184, precision: 0.0049
[2021-11-09 12:08:42][__main__	][INFO	] TRAIN at global step #48 Epoch #1 Step #96 / 151: loss:1.9441, precision: 0.0058
[2021-11-09 12:08:49][__main__	][INFO	] TRAIN at global step #49 Epoch #1 Step #98 / 151: loss:1.9762, precision: 0.0057
[2021-11-09 12:08:57][__main__	][INFO	] TRAIN at global step #50 Epoch #1 Step #100 / 151: loss:1.8529, precision: 0.0050
[2021-11-09 12:09:03][__main__	][INFO	] TRAIN at global step #51 Epoch #1 Step #102 / 151: loss:2.0220, precision: 0.0053
[2021-11-09 12:09:09][__main__	][INFO	] TRAIN at global step #52 Epoch #1 Step #104 / 151: loss:2.1664, precision: 0.0052
[2021-11-09 12:09:15][__main__	][INFO	] TRAIN at global step #53 Epoch #1 Step #106 / 151: loss:1.9342, precision: 0.0068
[2021-11-09 12:09:22][__main__	][INFO	] TRAIN at global step #54 Epoch #1 Step #108 / 151: loss:1.7069, precision: 0.0059
[2021-11-09 12:09:28][__main__	][INFO	] TRAIN at global step #55 Epoch #1 Step #110 / 151: loss:2.0356, precision: 0.0056
[2021-11-09 12:09:34][__main__	][INFO	] TRAIN at global step #56 Epoch #1 Step #112 / 151: loss:1.9149, precision: 0.0056
[2021-11-09 12:09:40][__main__	][INFO	] TRAIN at global step #57 Epoch #1 Step #114 / 151: loss:2.1384, precision: 0.0049
[2021-11-09 12:09:45][__main__	][INFO	] TRAIN at global step #58 Epoch #1 Step #116 / 151: loss:1.9027, precision: 0.0074
[2021-11-09 12:09:52][__main__	][INFO	] TRAIN at global step #59 Epoch #1 Step #118 / 151: loss:1.7195, precision: 0.0055
[2021-11-09 12:09:58][__main__	][INFO	] TRAIN at global step #60 Epoch #1 Step #120 / 151: loss:1.8593, precision: 0.0073
[2021-11-09 12:10:05][__main__	][INFO	] TRAIN at global step #61 Epoch #1 Step #122 / 151: loss:1.7519, precision: 0.0054
[2021-11-09 12:10:11][__main__	][INFO	] TRAIN at global step #62 Epoch #1 Step #124 / 151: loss:1.8245, precision: 0.0062
[2021-11-09 12:10:18][__main__	][INFO	] TRAIN at global step #63 Epoch #1 Step #126 / 151: loss:1.6723, precision: 0.0062
[2021-11-09 12:10:23][__main__	][INFO	] TRAIN at global step #64 Epoch #1 Step #128 / 151: loss:2.2230, precision: 0.0050
[2021-11-09 12:10:30][__main__	][INFO	] TRAIN at global step #65 Epoch #1 Step #130 / 151: loss:2.0229, precision: 0.0045
[2021-11-09 12:10:36][__main__	][INFO	] TRAIN at global step #66 Epoch #1 Step #132 / 151: loss:2.0427, precision: 0.0059
[2021-11-09 12:10:41][__main__	][INFO	] TRAIN at global step #67 Epoch #1 Step #134 / 151: loss:2.0222, precision: 0.0068
[2021-11-09 12:10:48][__main__	][INFO	] TRAIN at global step #68 Epoch #1 Step #136 / 151: loss:1.9106, precision: 0.0051
[2021-11-09 12:10:54][__main__	][INFO	] TRAIN at global step #69 Epoch #1 Step #138 / 151: loss:2.0167, precision: 0.0064
[2021-11-09 12:10:59][__main__	][INFO	] TRAIN at global step #70 Epoch #1 Step #140 / 151: loss:1.8985, precision: 0.0074
[2021-11-09 12:11:06][__main__	][INFO	] TRAIN at global step #71 Epoch #1 Step #142 / 151: loss:1.9844, precision: 0.0038
[2021-11-09 12:11:14][__main__	][INFO	] TRAIN at global step #72 Epoch #1 Step #144 / 151: loss:1.9716, precision: 0.0040
[2021-11-09 12:11:21][__main__	][INFO	] TRAIN at global step #73 Epoch #1 Step #146 / 151: loss:1.7618, precision: 0.0071
[2021-11-09 12:11:26][__main__	][INFO	] TRAIN at global step #74 Epoch #1 Step #148 / 151: loss:1.8224, precision: 0.0069
[2021-11-09 12:11:31][__main__	][INFO	] TRAIN at global step #75 Epoch #1 Step #150 / 151: loss:1.8307, precision: 0.0058
[2021-11-09 12:11:34][__main__	][INFO	] Checkpoint at epoch #0 saved
[2021-11-09 12:11:44][__main__	][INFO	] TRAIN at global step #76 Epoch #2 Step #1 / 151: loss:1.9094, precision: 0.0030
[2021-11-09 12:11:50][__main__	][INFO	] TRAIN at global step #77 Epoch #2 Step #3 / 151: loss:2.0002, precision: 0.0073
[2021-11-09 12:11:58][__main__	][INFO	] TRAIN at global step #78 Epoch #2 Step #5 / 151: loss:1.8218, precision: 0.0044
[2021-11-09 12:12:04][__main__	][INFO	] TRAIN at global step #79 Epoch #2 Step #7 / 151: loss:1.9086, precision: 0.0053
[2021-11-09 12:12:09][__main__	][INFO	] TRAIN at global step #80 Epoch #2 Step #9 / 151: loss:1.8945, precision: 0.0072
[2021-11-09 12:12:18][__main__	][INFO	] TRAIN at global step #81 Epoch #2 Step #11 / 151: loss:1.7112, precision: 0.0042
[2021-11-09 12:12:25][__main__	][INFO	] TRAIN at global step #82 Epoch #2 Step #13 / 151: loss:1.6676, precision: 0.0057
[2021-11-09 12:12:30][__main__	][INFO	] TRAIN at global step #83 Epoch #2 Step #15 / 151: loss:1.7576, precision: 0.0074
[2021-11-09 12:12:36][__main__	][INFO	] TRAIN at global step #84 Epoch #2 Step #17 / 151: loss:2.0384, precision: 0.0055
[2021-11-09 12:12:43][__main__	][INFO	] TRAIN at global step #85 Epoch #2 Step #19 / 151: loss:2.0776, precision: 0.0048
[2021-11-09 12:12:49][__main__	][INFO	] TRAIN at global step #86 Epoch #2 Step #21 / 151: loss:2.1197, precision: 0.0052
[2021-11-09 12:12:56][__main__	][INFO	] TRAIN at global step #87 Epoch #2 Step #23 / 151: loss:1.8317, precision: 0.0050
[2021-11-09 12:13:03][__main__	][INFO	] TRAIN at global step #88 Epoch #2 Step #25 / 151: loss:2.0061, precision: 0.0038
[2021-11-09 12:13:09][__main__	][INFO	] TRAIN at global step #89 Epoch #2 Step #27 / 151: loss:1.9419, precision: 0.0050
[2021-11-09 12:13:15][__main__	][INFO	] TRAIN at global step #90 Epoch #2 Step #29 / 151: loss:1.9106, precision: 0.0075
[2021-11-09 12:13:21][__main__	][INFO	] TRAIN at global step #91 Epoch #2 Step #31 / 151: loss:1.8290, precision: 0.0057
[2021-11-09 12:13:28][__main__	][INFO	] TRAIN at global step #92 Epoch #2 Step #33 / 151: loss:1.6661, precision: 0.0063
[2021-11-09 12:13:34][__main__	][INFO	] TRAIN at global step #93 Epoch #2 Step #35 / 151: loss:1.7514, precision: 0.0065
[2021-11-09 12:13:40][__main__	][INFO	] TRAIN at global step #94 Epoch #2 Step #37 / 151: loss:2.0370, precision: 0.0043
[2021-11-09 12:13:48][__main__	][INFO	] TRAIN at global step #95 Epoch #2 Step #39 / 151: loss:1.7833, precision: 0.0050
[2021-11-09 12:13:53][__main__	][INFO	] TRAIN at global step #96 Epoch #2 Step #41 / 151: loss:1.8597, precision: 0.0074
[2021-11-09 12:13:57][__main__	][INFO	] TRAIN at global step #97 Epoch #2 Step #43 / 151: loss:1.9975, precision: 0.0091
[2021-11-09 12:14:04][__main__	][INFO	] TRAIN at global step #98 Epoch #2 Step #45 / 151: loss:1.6608, precision: 0.0065
[2021-11-09 12:14:10][__main__	][INFO	] TRAIN at global step #99 Epoch #2 Step #47 / 151: loss:1.9392, precision: 0.0052
[2021-11-09 12:14:16][__main__	][INFO	] TRAIN at global step #100 Epoch #2 Step #49 / 151: loss:2.0652, precision: 0.0051
[2021-11-09 12:14:23][__main__	][INFO	] TRAIN at global step #101 Epoch #2 Step #51 / 151: loss:1.6159, precision: 0.0053
[2021-11-09 12:14:29][__main__	][INFO	] TRAIN at global step #102 Epoch #2 Step #53 / 151: loss:1.9132, precision: 0.0062
[2021-11-09 12:14:35][__main__	][INFO	] TRAIN at global step #103 Epoch #2 Step #55 / 151: loss:1.8511, precision: 0.0053
[2021-11-09 12:14:42][__main__	][INFO	] TRAIN at global step #104 Epoch #2 Step #57 / 151: loss:1.8619, precision: 0.0041
[2021-11-09 12:14:50][__main__	][INFO	] TRAIN at global step #105 Epoch #2 Step #59 / 151: loss:1.9039, precision: 0.0055
[2021-11-09 12:14:57][__main__	][INFO	] TRAIN at global step #106 Epoch #2 Step #61 / 151: loss:1.8697, precision: 0.0055
[2021-11-09 12:15:05][__main__	][INFO	] TRAIN at global step #107 Epoch #2 Step #63 / 151: loss:1.8433, precision: 0.0043
[2021-11-09 12:15:12][__main__	][INFO	] TRAIN at global step #108 Epoch #2 Step #65 / 151: loss:1.6103, precision: 0.0065
[2021-11-09 12:15:19][__main__	][INFO	] TRAIN at global step #109 Epoch #2 Step #67 / 151: loss:1.9015, precision: 0.0056
[2021-11-09 12:15:24][__main__	][INFO	] TRAIN at global step #110 Epoch #2 Step #69 / 151: loss:1.8669, precision: 0.0066
[2021-11-09 12:15:32][__main__	][INFO	] TRAIN at global step #111 Epoch #2 Step #71 / 151: loss:1.8682, precision: 0.0052
[2021-11-09 12:15:38][__main__	][INFO	] TRAIN at global step #112 Epoch #2 Step #73 / 151: loss:1.6627, precision: 0.0063
[2021-11-09 12:15:43][__main__	][INFO	] TRAIN at global step #113 Epoch #2 Step #75 / 151: loss:1.6549, precision: 0.0095
[2021-11-09 12:15:48][__main__	][INFO	] TRAIN at global step #114 Epoch #2 Step #77 / 151: loss:1.7374, precision: 0.0072
[2021-11-09 12:15:55][__main__	][INFO	] TRAIN at global step #115 Epoch #2 Step #79 / 151: loss:1.9599, precision: 0.0043
[2021-11-09 12:16:02][__main__	][INFO	] TRAIN at global step #116 Epoch #2 Step #81 / 151: loss:2.0404, precision: 0.0047
[2021-11-09 12:16:09][__main__	][INFO	] TRAIN at global step #117 Epoch #2 Step #83 / 151: loss:2.3214, precision: 0.0036
[2021-11-09 12:16:15][__main__	][INFO	] TRAIN at global step #118 Epoch #2 Step #85 / 151: loss:1.7467, precision: 0.0076
[2021-11-09 12:16:23][__main__	][INFO	] TRAIN at global step #119 Epoch #2 Step #87 / 151: loss:1.9289, precision: 0.0050
[2021-11-09 12:16:31][__main__	][INFO	] TRAIN at global step #120 Epoch #2 Step #89 / 151: loss:2.0985, precision: 0.0037
[2021-11-09 12:16:38][__main__	][INFO	] TRAIN at global step #121 Epoch #2 Step #91 / 151: loss:1.7825, precision: 0.0052
[2021-11-09 12:16:44][__main__	][INFO	] TRAIN at global step #122 Epoch #2 Step #93 / 151: loss:1.9345, precision: 0.0081
[2021-11-09 12:16:50][__main__	][INFO	] TRAIN at global step #123 Epoch #2 Step #95 / 151: loss:1.8539, precision: 0.0056
[2021-11-09 12:16:57][__main__	][INFO	] TRAIN at global step #124 Epoch #2 Step #97 / 151: loss:1.8621, precision: 0.0059
[2021-11-09 12:17:05][__main__	][INFO	] TRAIN at global step #125 Epoch #2 Step #99 / 151: loss:1.9967, precision: 0.0041
[2021-11-09 12:17:11][__main__	][INFO	] TRAIN at global step #126 Epoch #2 Step #101 / 151: loss:2.1326, precision: 0.0054
[2021-11-09 12:17:18][__main__	][INFO	] TRAIN at global step #127 Epoch #2 Step #103 / 151: loss:2.3403, precision: 0.0034
[2021-11-09 12:17:27][__main__	][INFO	] TRAIN at global step #128 Epoch #2 Step #105 / 151: loss:1.7698, precision: 0.0052
[2021-11-09 12:17:33][__main__	][INFO	] TRAIN at global step #129 Epoch #2 Step #107 / 151: loss:1.8574, precision: 0.0064
[2021-11-09 12:17:39][__main__	][INFO	] TRAIN at global step #130 Epoch #2 Step #109 / 151: loss:1.6033, precision: 0.0080
[2021-11-09 12:17:45][__main__	][INFO	] TRAIN at global step #131 Epoch #2 Step #111 / 151: loss:1.9664, precision: 0.0058
[2021-11-09 12:17:51][__main__	][INFO	] TRAIN at global step #132 Epoch #2 Step #113 / 151: loss:1.8743, precision: 0.0060
[2021-11-09 12:17:58][__main__	][INFO	] TRAIN at global step #133 Epoch #2 Step #115 / 151: loss:1.8060, precision: 0.0057
[2021-11-09 12:18:04][__main__	][INFO	] TRAIN at global step #134 Epoch #2 Step #117 / 151: loss:1.8489, precision: 0.0050
[2021-11-09 12:18:09][__main__	][INFO	] TRAIN at global step #135 Epoch #2 Step #119 / 151: loss:1.9429, precision: 0.0063
[2021-11-09 12:18:16][__main__	][INFO	] TRAIN at global step #136 Epoch #2 Step #121 / 151: loss:1.8919, precision: 0.0058
[2021-11-09 12:18:22][__main__	][INFO	] TRAIN at global step #137 Epoch #2 Step #123 / 151: loss:1.8708, precision: 0.0064
[2021-11-09 12:18:29][__main__	][INFO	] TRAIN at global step #138 Epoch #2 Step #125 / 151: loss:1.7388, precision: 0.0052
[2021-11-09 12:18:37][__main__	][INFO	] TRAIN at global step #139 Epoch #2 Step #127 / 151: loss:1.7845, precision: 0.0056
[2021-11-09 12:18:44][__main__	][INFO	] TRAIN at global step #140 Epoch #2 Step #129 / 151: loss:2.0109, precision: 0.0053
[2021-11-09 12:18:50][__main__	][INFO	] TRAIN at global step #141 Epoch #2 Step #131 / 151: loss:2.0026, precision: 0.0052
[2021-11-09 12:18:56][__main__	][INFO	] TRAIN at global step #142 Epoch #2 Step #133 / 151: loss:1.7299, precision: 0.0070
[2021-11-09 12:19:03][__main__	][INFO	] TRAIN at global step #143 Epoch #2 Step #135 / 151: loss:1.9401, precision: 0.0060
[2021-11-09 12:19:09][__main__	][INFO	] TRAIN at global step #144 Epoch #2 Step #137 / 151: loss:1.9152, precision: 0.0065
[2021-11-09 12:19:16][__main__	][INFO	] TRAIN at global step #145 Epoch #2 Step #139 / 151: loss:1.9703, precision: 0.0047
[2021-11-09 12:19:21][__main__	][INFO	] TRAIN at global step #146 Epoch #2 Step #141 / 151: loss:1.5706, precision: 0.0072
[2021-11-09 12:19:27][__main__	][INFO	] TRAIN at global step #147 Epoch #2 Step #143 / 151: loss:1.5674, precision: 0.0077
[2021-11-09 12:19:34][__main__	][INFO	] TRAIN at global step #148 Epoch #2 Step #145 / 151: loss:1.8488, precision: 0.0044
[2021-11-09 12:19:42][__main__	][INFO	] TRAIN at global step #149 Epoch #2 Step #147 / 151: loss:1.6857, precision: 0.0048
[2021-11-09 12:19:49][__main__	][INFO	] TRAIN at global step #150 Epoch #2 Step #149 / 151: loss:1.7249, precision: 0.0051
[2021-11-09 12:19:55][__main__	][INFO	] ---> inference #0 of 39 loss: 1.4564 iou: 0.0826
[2021-11-09 12:19:57][__main__	][INFO	] ---> inference #1 of 39 loss: 1.8326 iou: 0.0690
[2021-11-09 12:19:57][__main__	][INFO	] ---> inference #2 of 39 loss: 1.9411 iou: 0.0651
[2021-11-09 12:19:58][__main__	][INFO	] ---> inference #3 of 39 loss: 1.1299 iou: 0.0881
[2021-11-09 12:19:59][__main__	][INFO	] ---> inference #4 of 39 loss: 1.4326 iou: 0.0786
[2021-11-09 12:20:00][__main__	][INFO	] ---> inference #5 of 39 loss: 1.4926 iou: 0.0845
[2021-11-09 12:20:00][__main__	][INFO	] ---> inference #6 of 39 loss: 1.8162 iou: 0.0652
[2021-11-09 12:20:01][__main__	][INFO	] ---> inference #7 of 39 loss: 1.3200 iou: 0.0790
[2021-11-09 12:20:03][__main__	][INFO	] ---> inference #8 of 39 loss: 2.0013 iou: 0.0611
[2021-11-09 12:20:05][__main__	][INFO	] ---> inference #9 of 39 loss: 1.7648 iou: 0.0716
[2021-11-09 12:20:06][__main__	][INFO	] ---> inference #10 of 39 loss: 1.6476 iou: 0.0705
[2021-11-09 12:20:07][__main__	][INFO	] ---> inference #11 of 39 loss: 1.7426 iou: 0.0660
[2021-11-09 12:20:08][__main__	][INFO	] ---> inference #12 of 39 loss: 1.3197 iou: 0.0730
[2021-11-09 12:20:09][__main__	][INFO	] ---> inference #13 of 39 loss: 1.5293 iou: 0.0768
[2021-11-09 12:20:10][__main__	][INFO	] ---> inference #14 of 39 loss: 1.6188 iou: 0.0723
[2021-11-09 12:20:11][__main__	][INFO	] ---> inference #15 of 39 loss: 1.6239 iou: 0.0728
[2021-11-09 12:20:12][__main__	][INFO	] ---> inference #16 of 39 loss: 1.7332 iou: 0.0705
[2021-11-09 12:20:13][__main__	][INFO	] ---> inference #17 of 39 loss: 1.4141 iou: 0.0759
[2021-11-09 12:20:13][__main__	][INFO	] ---> inference #18 of 39 loss: 1.5405 iou: 0.0788
[2021-11-09 12:20:14][__main__	][INFO	] ---> inference #19 of 39 loss: 1.7845 iou: 0.0704
[2021-11-09 12:20:15][__main__	][INFO	] ---> inference #20 of 39 loss: 1.9139 iou: 0.0695
[2021-11-09 12:20:16][__main__	][INFO	] ---> inference #21 of 39 loss: 1.5921 iou: 0.0700
[2021-11-09 12:20:17][__main__	][INFO	] ---> inference #22 of 39 loss: 1.5588 iou: 0.0717
[2021-11-09 12:20:18][__main__	][INFO	] ---> inference #23 of 39 loss: 1.6981 iou: 0.0719
[2021-11-09 12:20:19][__main__	][INFO	] ---> inference #24 of 39 loss: 1.2677 iou: 0.0922
[2021-11-09 12:20:20][__main__	][INFO	] ---> inference #25 of 39 loss: 1.8693 iou: 0.0690
[2021-11-09 12:20:21][__main__	][INFO	] ---> inference #26 of 39 loss: 1.8855 iou: 0.0612
[2021-11-09 12:20:22][__main__	][INFO	] ---> inference #27 of 39 loss: 1.5355 iou: 0.0786
[2021-11-09 12:20:23][__main__	][INFO	] ---> inference #28 of 39 loss: 1.6872 iou: 0.0742
[2021-11-09 12:20:24][__main__	][INFO	] ---> inference #29 of 39 loss: 1.5660 iou: 0.0747
[2021-11-09 12:20:25][__main__	][INFO	] ---> inference #30 of 39 loss: 1.6941 iou: 0.0740
[2021-11-09 12:20:26][__main__	][INFO	] ---> inference #31 of 39 loss: 1.5898 iou: 0.0733
[2021-11-09 12:20:27][__main__	][INFO	] ---> inference #32 of 39 loss: 1.3790 iou: 0.0839
[2021-11-09 12:20:28][__main__	][INFO	] ---> inference #33 of 39 loss: 1.5582 iou: 0.0745
[2021-11-09 12:20:29][__main__	][INFO	] ---> inference #34 of 39 loss: 1.8350 iou: 0.0619
[2021-11-09 12:20:29][__main__	][INFO	] ---> inference #35 of 39 loss: 1.4954 iou: 0.0730
[2021-11-09 12:20:30][__main__	][INFO	] ---> inference #36 of 39 loss: 2.0031 iou: 0.0651
[2021-11-09 12:20:31][__main__	][INFO	] ---> inference #37 of 39 loss: 1.9362 iou: 0.0659
[2021-11-09 12:20:32][__main__	][INFO	] ---> inference #38 of 39 loss: 2.0388 iou: 0.0555
[2021-11-09 12:20:32][__main__	][INFO	] VAL   at global step #150: loss (avg): 1.6473, iou (avg): 0.0726
[2021-11-09 12:20:32][__main__	][INFO	] VAL   at global step #150: iou (cls#0): 0.5387
[2021-11-09 12:20:32][__main__	][INFO	] VAL   at global step #150: iou (cls#1): 0.6848
[2021-11-09 12:20:32][__main__	][INFO	] VAL   at global step #150: iou (cls#2): 0.0000
[2021-11-09 12:20:32][__main__	][INFO	] VAL   at global step #150: iou (cls#3): 0.0000
[2021-11-09 12:20:32][__main__	][INFO	] VAL   at global step #150: iou (cls#4): 0.1884
[2021-11-09 12:20:32][__main__	][INFO	] VAL   at global step #150: iou (cls#5): 0.0000
[2021-11-09 12:20:32][__main__	][INFO	] VAL   at global step #150: iou (cls#6): 0.0158
[2021-11-09 12:20:32][__main__	][INFO	] VAL   at global step #150: iou (cls#7): 0.0000
[2021-11-09 12:20:32][__main__	][INFO	] VAL   at global step #150: iou (cls#8): 0.0238
[2021-11-09 12:20:32][__main__	][INFO	] VAL   at global step #150: iou (cls#9): 0.0000
[2021-11-09 12:20:32][__main__	][INFO	] VAL   at global step #150: iou (cls#10): 0.0000
[2021-11-09 12:20:32][__main__	][INFO	] VAL   at global step #150: iou (cls#11): 0.0000
[2021-11-09 12:20:32][__main__	][INFO	] VAL   at global step #150: iou (cls#12): 0.0000
[2021-11-09 12:20:32][__main__	][INFO	] VAL   at global step #150: iou (cls#13): 0.0000
[2021-11-09 12:20:32][__main__	][INFO	] VAL   at global step #150: iou (cls#14): 0.0000
[2021-11-09 12:20:32][__main__	][INFO	] VAL   at global step #150: iou (cls#15): 0.0000
[2021-11-09 12:20:32][__main__	][INFO	] VAL   at global step #150: iou (cls#16): 0.0007
[2021-11-09 12:20:32][__main__	][INFO	] VAL   at global step #150: iou (cls#17): 0.0000
[2021-11-09 12:20:32][__main__	][INFO	] VAL   at global step #150: iou (cls#18): 0.0000
[2021-11-09 12:20:32][__main__	][INFO	] VAL   at global step #150: iou (cls#19): 0.0000
[2021-11-09 12:20:32][__main__	][INFO	] Better checkpoint saved
[2021-11-09 12:20:37][__main__	][INFO	] TRAIN at global step #151 Epoch #2 Step #151 / 151: loss:1.6418, precision: 0.0075
[2021-11-09 12:20:38][__main__	][INFO	] Checkpoint at epoch #1 saved
[2021-11-09 12:20:52][__main__	][INFO	] TRAIN at global step #152 Epoch #3 Step #2 / 151: loss:2.0330, precision: 0.0041
[2021-11-09 12:21:00][__main__	][INFO	] TRAIN at global step #153 Epoch #3 Step #4 / 151: loss:1.9825, precision: 0.0048
[2021-11-09 12:21:05][__main__	][INFO	] TRAIN at global step #154 Epoch #3 Step #6 / 151: loss:1.8933, precision: 0.0070
[2021-11-09 12:21:12][__main__	][INFO	] TRAIN at global step #155 Epoch #3 Step #8 / 151: loss:1.7832, precision: 0.0065
[2021-11-09 12:21:18][__main__	][INFO	] TRAIN at global step #156 Epoch #3 Step #10 / 151: loss:1.9858, precision: 0.0047
[2021-11-09 12:21:23][__main__	][INFO	] TRAIN at global step #157 Epoch #3 Step #12 / 151: loss:2.2010, precision: 0.0058
[2021-11-09 12:21:30][__main__	][INFO	] TRAIN at global step #158 Epoch #3 Step #14 / 151: loss:1.7377, precision: 0.0059
[2021-11-09 12:21:36][__main__	][INFO	] TRAIN at global step #159 Epoch #3 Step #16 / 151: loss:1.9470, precision: 0.0069
[2021-11-09 12:21:43][__main__	][INFO	] TRAIN at global step #160 Epoch #3 Step #18 / 151: loss:1.8985, precision: 0.0047
[2021-11-09 12:21:49][__main__	][INFO	] TRAIN at global step #161 Epoch #3 Step #20 / 151: loss:1.8390, precision: 0.0062
[2021-11-09 12:21:55][__main__	][INFO	] TRAIN at global step #162 Epoch #3 Step #22 / 151: loss:2.1148, precision: 0.0057
[2021-11-09 12:22:01][__main__	][INFO	] TRAIN at global step #163 Epoch #3 Step #24 / 151: loss:1.7730, precision: 0.0081
[2021-11-09 12:22:07][__main__	][INFO	] TRAIN at global step #164 Epoch #3 Step #26 / 151: loss:1.9629, precision: 0.0057
[2021-11-09 12:22:14][__main__	][INFO	] TRAIN at global step #165 Epoch #3 Step #28 / 151: loss:1.9371, precision: 0.0062
[2021-11-09 12:22:20][__main__	][INFO	] TRAIN at global step #166 Epoch #3 Step #30 / 151: loss:1.6387, precision: 0.0063
[2021-11-09 12:22:26][__main__	][INFO	] TRAIN at global step #167 Epoch #3 Step #32 / 151: loss:1.6746, precision: 0.0068
[2021-11-09 12:22:33][__main__	][INFO	] TRAIN at global step #168 Epoch #3 Step #34 / 151: loss:1.9547, precision: 0.0048
[2021-11-09 12:22:38][__main__	][INFO	] TRAIN at global step #169 Epoch #3 Step #36 / 151: loss:1.7126, precision: 0.0064
[2021-11-09 12:22:46][__main__	][INFO	] TRAIN at global step #170 Epoch #3 Step #38 / 151: loss:1.6259, precision: 0.0059
[2021-11-09 12:22:51][__main__	][INFO	] TRAIN at global step #171 Epoch #3 Step #40 / 151: loss:1.8189, precision: 0.0070
[2021-11-09 12:22:58][__main__	][INFO	] TRAIN at global step #172 Epoch #3 Step #42 / 151: loss:1.8568, precision: 0.0052
[2021-11-09 12:23:06][__main__	][INFO	] TRAIN at global step #173 Epoch #3 Step #44 / 151: loss:2.0559, precision: 0.0047
[2021-11-09 12:23:14][__main__	][INFO	] TRAIN at global step #174 Epoch #3 Step #46 / 151: loss:1.7423, precision: 0.0042
[2021-11-09 12:23:23][__main__	][INFO	] TRAIN at global step #175 Epoch #3 Step #48 / 151: loss:1.7248, precision: 0.0050
[2021-11-09 12:23:29][__main__	][INFO	] TRAIN at global step #176 Epoch #3 Step #50 / 151: loss:1.7322, precision: 0.0067
[2021-11-09 12:23:35][__main__	][INFO	] TRAIN at global step #177 Epoch #3 Step #52 / 151: loss:1.8778, precision: 0.0059
[2021-11-09 12:23:43][__main__	][INFO	] TRAIN at global step #178 Epoch #3 Step #54 / 151: loss:1.8077, precision: 0.0051
[2021-11-09 12:23:49][__main__	][INFO	] TRAIN at global step #179 Epoch #3 Step #56 / 151: loss:1.7991, precision: 0.0053
[2021-11-09 12:23:55][__main__	][INFO	] TRAIN at global step #180 Epoch #3 Step #58 / 151: loss:1.7613, precision: 0.0054
[2021-11-09 12:24:02][__main__	][INFO	] TRAIN at global step #181 Epoch #3 Step #60 / 151: loss:1.9222, precision: 0.0054
[2021-11-09 12:24:09][__main__	][INFO	] TRAIN at global step #182 Epoch #3 Step #62 / 151: loss:1.5664, precision: 0.0062
[2021-11-09 12:24:15][__main__	][INFO	] TRAIN at global step #183 Epoch #3 Step #64 / 151: loss:2.0851, precision: 0.0042
[2021-11-09 12:24:23][__main__	][INFO	] TRAIN at global step #184 Epoch #3 Step #66 / 151: loss:1.9532, precision: 0.0057
[2021-11-09 12:24:29][__main__	][INFO	] TRAIN at global step #185 Epoch #3 Step #68 / 151: loss:1.9593, precision: 0.0062
[2021-11-09 12:24:36][__main__	][INFO	] TRAIN at global step #186 Epoch #3 Step #70 / 151: loss:1.7024, precision: 0.0064
[2021-11-09 12:24:42][__main__	][INFO	] TRAIN at global step #187 Epoch #3 Step #72 / 151: loss:1.9236, precision: 0.0047
[2021-11-09 12:24:49][__main__	][INFO	] TRAIN at global step #188 Epoch #3 Step #74 / 151: loss:1.5871, precision: 0.0060
[2021-11-09 12:24:56][__main__	][INFO	] TRAIN at global step #189 Epoch #3 Step #76 / 151: loss:1.6086, precision: 0.0069
[2021-11-09 12:25:02][__main__	][INFO	] TRAIN at global step #190 Epoch #3 Step #78 / 151: loss:1.7100, precision: 0.0068
[2021-11-09 12:25:08][__main__	][INFO	] TRAIN at global step #191 Epoch #3 Step #80 / 151: loss:2.1980, precision: 0.0044
[2021-11-09 12:25:16][__main__	][INFO	] TRAIN at global step #192 Epoch #3 Step #82 / 151: loss:1.6801, precision: 0.0044
[2021-11-09 12:25:25][__main__	][INFO	] TRAIN at global step #193 Epoch #3 Step #84 / 151: loss:1.8004, precision: 0.0040
[2021-11-09 12:25:31][__main__	][INFO	] TRAIN at global step #194 Epoch #3 Step #86 / 151: loss:1.6134, precision: 0.0066
[2021-11-09 12:25:39][__main__	][INFO	] TRAIN at global step #195 Epoch #3 Step #88 / 151: loss:1.8590, precision: 0.0044
[2021-11-09 12:25:48][__main__	][INFO	] TRAIN at global step #196 Epoch #3 Step #90 / 151: loss:1.9772, precision: 0.0038
[2021-11-09 12:25:54][__main__	][INFO	] TRAIN at global step #197 Epoch #3 Step #92 / 151: loss:1.8132, precision: 0.0068
[2021-11-09 12:25:59][__main__	][INFO	] TRAIN at global step #198 Epoch #3 Step #94 / 151: loss:2.0761, precision: 0.0050
[2021-11-09 12:26:06][__main__	][INFO	] TRAIN at global step #199 Epoch #3 Step #96 / 151: loss:1.6921, precision: 0.0067
[2021-11-09 12:26:11][__main__	][INFO	] TRAIN at global step #200 Epoch #3 Step #98 / 151: loss:1.6843, precision: 0.0090
[2021-11-09 12:26:19][__main__	][INFO	] TRAIN at global step #201 Epoch #3 Step #100 / 151: loss:1.6770, precision: 0.0064
[2021-11-09 12:26:26][__main__	][INFO	] TRAIN at global step #202 Epoch #3 Step #102 / 151: loss:1.9421, precision: 0.0048
[2021-11-09 12:26:33][__main__	][INFO	] TRAIN at global step #203 Epoch #3 Step #104 / 151: loss:1.8655, precision: 0.0056
[2021-11-09 12:26:41][__main__	][INFO	] TRAIN at global step #204 Epoch #3 Step #106 / 151: loss:1.6643, precision: 0.0051
[2021-11-09 12:26:49][__main__	][INFO	] TRAIN at global step #205 Epoch #3 Step #108 / 151: loss:1.7017, precision: 0.0047
[2021-11-09 12:26:55][__main__	][INFO	] TRAIN at global step #206 Epoch #3 Step #110 / 151: loss:2.0646, precision: 0.0057
[2021-11-09 12:27:02][__main__	][INFO	] TRAIN at global step #207 Epoch #3 Step #112 / 151: loss:1.8066, precision: 0.0060
[2021-11-09 12:27:09][__main__	][INFO	] TRAIN at global step #208 Epoch #3 Step #114 / 151: loss:1.7852, precision: 0.0054
[2021-11-09 12:27:16][__main__	][INFO	] TRAIN at global step #209 Epoch #3 Step #116 / 151: loss:1.8119, precision: 0.0049
[2021-11-09 12:27:22][__main__	][INFO	] TRAIN at global step #210 Epoch #3 Step #118 / 151: loss:1.7605, precision: 0.0063
[2021-11-09 12:27:29][__main__	][INFO	] TRAIN at global step #211 Epoch #3 Step #120 / 151: loss:1.7727, precision: 0.0049
[2021-11-09 12:27:35][__main__	][INFO	] TRAIN at global step #212 Epoch #3 Step #122 / 151: loss:1.7991, precision: 0.0061
[2021-11-09 12:27:42][__main__	][INFO	] TRAIN at global step #213 Epoch #3 Step #124 / 151: loss:1.6458, precision: 0.0062
[2021-11-09 12:27:48][__main__	][INFO	] TRAIN at global step #214 Epoch #3 Step #126 / 151: loss:1.8493, precision: 0.0056
[2021-11-09 12:27:55][__main__	][INFO	] TRAIN at global step #215 Epoch #3 Step #128 / 151: loss:2.1136, precision: 0.0046
[2021-11-09 12:28:02][__main__	][INFO	] TRAIN at global step #216 Epoch #3 Step #130 / 151: loss:1.7176, precision: 0.0053
[2021-11-09 12:28:08][__main__	][INFO	] TRAIN at global step #217 Epoch #3 Step #132 / 151: loss:1.5934, precision: 0.0079
[2021-11-09 12:28:14][__main__	][INFO	] TRAIN at global step #218 Epoch #3 Step #134 / 151: loss:1.8154, precision: 0.0069
[2021-11-09 12:28:20][__main__	][INFO	] TRAIN at global step #219 Epoch #3 Step #136 / 151: loss:1.8986, precision: 0.0054
[2021-11-09 12:28:25][__main__	][INFO	] TRAIN at global step #220 Epoch #3 Step #138 / 151: loss:2.0788, precision: 0.0060
[2021-11-09 12:28:32][__main__	][INFO	] TRAIN at global step #221 Epoch #3 Step #140 / 151: loss:1.6915, precision: 0.0068
[2021-11-09 12:28:37][__main__	][INFO	] TRAIN at global step #222 Epoch #3 Step #142 / 151: loss:1.7980, precision: 0.0069
[2021-11-09 12:28:42][__main__	][INFO	] TRAIN at global step #223 Epoch #3 Step #144 / 151: loss:1.8818, precision: 0.0073
[2021-11-09 12:28:48][__main__	][INFO	] TRAIN at global step #224 Epoch #3 Step #146 / 151: loss:1.6196, precision: 0.0071
[2021-11-09 12:28:55][__main__	][INFO	] TRAIN at global step #225 Epoch #3 Step #148 / 151: loss:1.7477, precision: 0.0076
[2021-11-09 12:29:01][__main__	][INFO	] TRAIN at global step #226 Epoch #3 Step #150 / 151: loss:1.8484, precision: 0.0061
[2021-11-09 12:29:04][__main__	][INFO	] Checkpoint at epoch #2 saved
[2021-11-09 12:29:12][__main__	][INFO	] TRAIN at global step #227 Epoch #4 Step #1 / 151: loss:2.1192, precision: 0.0037
[2021-11-09 12:29:18][__main__	][INFO	] TRAIN at global step #228 Epoch #4 Step #3 / 151: loss:1.8136, precision: 0.0060
[2021-11-09 12:29:25][__main__	][INFO	] TRAIN at global step #229 Epoch #4 Step #5 / 151: loss:1.7819, precision: 0.0048
[2021-11-09 12:29:31][__main__	][INFO	] TRAIN at global step #230 Epoch #4 Step #7 / 151: loss:1.4409, precision: 0.0073
[2021-11-09 12:29:37][__main__	][INFO	] TRAIN at global step #231 Epoch #4 Step #9 / 151: loss:1.6641, precision: 0.0066
[2021-11-09 12:29:42][__main__	][INFO	] TRAIN at global step #232 Epoch #4 Step #11 / 151: loss:1.5513, precision: 0.0086
[2021-11-09 12:29:49][__main__	][INFO	] TRAIN at global step #233 Epoch #4 Step #13 / 151: loss:1.5718, precision: 0.0067
[2021-11-09 12:29:56][__main__	][INFO	] TRAIN at global step #234 Epoch #4 Step #15 / 151: loss:1.7611, precision: 0.0049
[2021-11-09 12:30:01][__main__	][INFO	] TRAIN at global step #235 Epoch #4 Step #17 / 151: loss:1.8256, precision: 0.0057
[2021-11-09 12:30:08][__main__	][INFO	] TRAIN at global step #236 Epoch #4 Step #19 / 151: loss:1.6715, precision: 0.0065
[2021-11-09 12:30:14][__main__	][INFO	] TRAIN at global step #237 Epoch #4 Step #21 / 151: loss:2.0231, precision: 0.0060
[2021-11-09 12:30:21][__main__	][INFO	] TRAIN at global step #238 Epoch #4 Step #23 / 151: loss:1.5050, precision: 0.0078
[2021-11-09 12:30:26][__main__	][INFO	] TRAIN at global step #239 Epoch #4 Step #25 / 151: loss:2.0194, precision: 0.0074
[2021-11-09 12:30:32][__main__	][INFO	] TRAIN at global step #240 Epoch #4 Step #27 / 151: loss:1.7918, precision: 0.0059
[2021-11-09 12:30:40][__main__	][INFO	] TRAIN at global step #241 Epoch #4 Step #29 / 151: loss:1.8029, precision: 0.0042
[2021-11-09 12:30:47][__main__	][INFO	] TRAIN at global step #242 Epoch #4 Step #31 / 151: loss:1.7941, precision: 0.0046
[2021-11-09 12:30:54][__main__	][INFO	] TRAIN at global step #243 Epoch #4 Step #33 / 151: loss:1.8764, precision: 0.0040
[2021-11-09 12:31:00][__main__	][INFO	] TRAIN at global step #244 Epoch #4 Step #35 / 151: loss:1.5616, precision: 0.0089
[2021-11-09 12:31:06][__main__	][INFO	] TRAIN at global step #245 Epoch #4 Step #37 / 151: loss:1.6726, precision: 0.0094
[2021-11-09 12:31:12][__main__	][INFO	] TRAIN at global step #246 Epoch #4 Step #39 / 151: loss:1.9256, precision: 0.0064
[2021-11-09 12:31:20][__main__	][INFO	] TRAIN at global step #247 Epoch #4 Step #41 / 151: loss:1.6480, precision: 0.0070
[2021-11-09 12:31:26][__main__	][INFO	] TRAIN at global step #248 Epoch #4 Step #43 / 151: loss:1.7024, precision: 0.0090
[2021-11-09 12:31:34][__main__	][INFO	] TRAIN at global step #249 Epoch #4 Step #45 / 151: loss:1.9667, precision: 0.0048
[2021-11-09 12:31:40][__main__	][INFO	] TRAIN at global step #250 Epoch #4 Step #47 / 151: loss:1.8750, precision: 0.0053
[2021-11-09 12:31:46][__main__	][INFO	] TRAIN at global step #251 Epoch #4 Step #49 / 151: loss:1.9337, precision: 0.0056
[2021-11-09 12:31:53][__main__	][INFO	] TRAIN at global step #252 Epoch #4 Step #51 / 151: loss:1.9007, precision: 0.0050
[2021-11-09 12:31:58][__main__	][INFO	] TRAIN at global step #253 Epoch #4 Step #53 / 151: loss:1.4704, precision: 0.0081
[2021-11-09 12:32:03][__main__	][INFO	] TRAIN at global step #254 Epoch #4 Step #55 / 151: loss:1.8478, precision: 0.0076
[2021-11-09 12:32:12][__main__	][INFO	] TRAIN at global step #255 Epoch #4 Step #57 / 151: loss:1.6040, precision: 0.0057
[2021-11-09 12:32:19][__main__	][INFO	] TRAIN at global step #256 Epoch #4 Step #59 / 151: loss:1.7613, precision: 0.0051
[2021-11-09 12:32:26][__main__	][INFO	] TRAIN at global step #257 Epoch #4 Step #61 / 151: loss:1.6591, precision: 0.0064
[2021-11-09 12:32:33][__main__	][INFO	] TRAIN at global step #258 Epoch #4 Step #63 / 151: loss:1.8203, precision: 0.0048
[2021-11-09 12:32:41][__main__	][INFO	] TRAIN at global step #259 Epoch #4 Step #65 / 151: loss:1.6508, precision: 0.0066
[2021-11-09 12:32:48][__main__	][INFO	] TRAIN at global step #260 Epoch #4 Step #67 / 151: loss:1.6878, precision: 0.0057
[2021-11-09 12:32:53][__main__	][INFO	] TRAIN at global step #261 Epoch #4 Step #69 / 151: loss:1.5605, precision: 0.0079
[2021-11-09 12:33:01][__main__	][INFO	] TRAIN at global step #262 Epoch #4 Step #71 / 151: loss:1.8361, precision: 0.0050
[2021-11-09 12:33:06][__main__	][INFO	] TRAIN at global step #263 Epoch #4 Step #73 / 151: loss:1.8806, precision: 0.0072
Traceback (most recent call last):
  File "new.py", line 1008, in <module>
    main()
  File "new.py", line 90, in main
    main_worker()
  File "new.py", line 213, in main_worker
    train(model, train_dataloader, val_dataloader, config, logger, rank=rank, world_size=world_size)
  File "new.py", line 743, in train
    loss.backward()
  File "/home/aidrive/tb5zhh/.conda/envs/tbw_3dscan/lib/python3.8/site-packages/torch/tensor.py", line 245, in backward
    torch.autograd.backward(self, gradient, retain_graph, create_graph, inputs=inputs)
  File "/home/aidrive/tb5zhh/.conda/envs/tbw_3dscan/lib/python3.8/site-packages/torch/autograd/__init__.py", line 145, in backward
    Variable._execution_engine.run_backward(
RuntimeError: CUDA out of memory. Tried to allocate 482.00 MiB (GPU 0; 19.62 GiB total capacity; 16.80 GiB already allocated; 413.12 MiB free; 17.62 GiB reserved in total by PyTorch)

wandb: Waiting for W&B process to finish, PID 208914... (failed 1). Press ctrl-c to abort syncing.
wandb: - 0.05MB of 0.05MB uploaded (0.00MB deduped)wandb: \ 0.05MB of 0.05MB uploaded (0.00MB deduped)wandb: | 0.05MB of 0.05MB uploaded (0.00MB deduped)wandb: / 0.05MB of 0.09MB uploaded (0.00MB deduped)wandb: - 0.05MB of 0.09MB uploaded (0.00MB deduped)wandb: \ 0.05MB of 0.09MB uploaded (0.00MB deduped)wandb: | 0.05MB of 0.09MB uploaded (0.00MB deduped)wandb: / 0.05MB of 0.09MB uploaded (0.00MB deduped)wandb: - 0.09MB of 0.09MB uploaded (0.00MB deduped)wandb: \ 0.09MB of 0.09MB uploaded (0.00MB deduped)wandb: | 0.09MB of 0.09MB uploaded (0.00MB deduped)wandb: / 0.09MB of 0.09MB uploaded (0.00MB deduped)wandb: - 0.09MB of 0.09MB uploaded (0.00MB deduped)wandb: \ 0.09MB of 0.09MB uploaded (0.00MB deduped)wandb: | 0.09MB of 0.09MB uploaded (0.00MB deduped)wandb: / 0.09MB of 0.09MB uploaded (0.00MB deduped)wandb:                                                                                
wandb: Run history:
wandb:     global_step ▁▁▁▂▂▂▂▂▂▃▃▃▃▃▃▄▄▄▄▄▅▅▅▅▅▅▆▆▆▆▆▆▇▇▇▇▇███
wandb:   learning rate ████▇▇▇▇▇▆▆▆▆▆▆▅▅▅▅▅▅▄▄▄▄▄▃▃▃▃▃▃▂▂▂▂▂▁▁▁
wandb:            loss ██▄▅▄▃▄▃▃▃▃▃▃▄▂▄▁▂▄▂▃▄▃▄▃▃▃▂▃▂▂▂▃▄▁▁▂▁▃▂
wandb:      optim_step ▁▁▁▁▂▂▂▂▂▃▃▃▃▃▃▄▄▄▄▄▅▅▅▅▅▅▆▆▆▆▆▆▇▇▇▇▇███
wandb:       precision ▁▄▆▅▄▃▃▅▄▆▄▂▆▃▅▄▅▅▂▄▅▄▃▃▃▄▄▄▅▃█▄▅▅▆█▅█▄▅
wandb:        val_loss ▁
wandb:   val_miou_mean ▁
wandb:        val_step ▁
wandb: 
wandb: Run summary:
wandb:     global_step 263
wandb:   learning rate 0.09921
wandb:            loss 1.88062
wandb:      optim_step 263
wandb:       precision 0.00717
wandb:        val_loss 1.64732
wandb:   val_miou_mean 0.07261
wandb:        val_step 1
wandb: 
wandb: Synced 6 W&B file(s), 0 media file(s), 0 artifact file(s) and 1 other file(s)
wandb: Synced lilac-frost-267: https://wandb.ai/tb5zhh/3dsp/runs/3ozao25k
wandb: Find logs at: ./wandb/run-20211109_120307-3ozao25k/logs/debug.log
wandb: 
