/home/aidrive/tb5zhh/.conda/envs/tbw_3dscan/lib/python3.8/site-packages/MinkowskiEngine/__init__.py:36: UserWarning: The environment variable `OMP_NUM_THREADS` not set. MinkowskiEngine will automatically set `OMP_NUM_THREADS=16`. If you want to set `OMP_NUM_THREADS` manually, please export it on the command line before running a python script. e.g. `export OMP_NUM_THREADS=12; python your_program.py`. It is recommended to set it below 24.
  warnings.warn(
[2021-11-09 12:08:46][__main__	][INFO	] Run with 1 cpu
[2021-11-09 12:08:46][__main__	][INFO	] Running config
[2021-11-09 12:08:46][__main__	][INFO	] --->                          model: Res16UNet34C
[2021-11-09 12:08:46][__main__	][INFO	] --->              conv1_kernel_size: 5
[2021-11-09 12:08:46][__main__	][INFO	] --->                        weights: checkpoints/pretrain_20000.pth
[2021-11-09 12:08:46][__main__	][INFO	] --->                       weights1: /home/aidrive1/workspace/luoly/dataset/final/min_weights/LR/unc/1/512/checkpoint_NoneRes16UNet34Cbest_val.pth
[2021-11-09 12:08:46][__main__	][INFO	] --->                       weights2: /home/aidrive1/workspace/luoly/dataset/final/min_weights/LR/512/1/checkpoint_NoneRes16UNet34Cbest_val.pth
[2021-11-09 12:08:46][__main__	][INFO	] --->                       weights3: /home/aidrive1/workspace/luoly/dataset/final/min_weights/LR/1024/1/checkpoint_NoneRes16UNet34Cbest_val.pth
[2021-11-09 12:08:46][__main__	][INFO	] --->        weights_for_inner_model: False
[2021-11-09 12:08:46][__main__	][INFO	] --->                      dilations: [1, 1, 1, 1]
[2021-11-09 12:08:46][__main__	][INFO	] --->                   wrapper_type: None
[2021-11-09 12:08:46][__main__	][INFO	] --->            wrapper_region_type: 1
[2021-11-09 12:08:46][__main__	][INFO	] --->            wrapper_kernel_size: 3
[2021-11-09 12:08:46][__main__	][INFO	] --->                     wrapper_lr: 0.1
[2021-11-09 12:08:46][__main__	][INFO	] --->           meanfield_iterations: 10
[2021-11-09 12:08:46][__main__	][INFO	] --->              crf_spatial_sigma: 1
[2021-11-09 12:08:46][__main__	][INFO	] --->            crf_chromatic_sigma: 12
[2021-11-09 12:08:46][__main__	][INFO	] --->                      optimizer: SGD
[2021-11-09 12:08:46][__main__	][INFO	] --->                             lr: 0.1
[2021-11-09 12:08:46][__main__	][INFO	] --->                   sgd_momentum: 0.9
[2021-11-09 12:08:46][__main__	][INFO	] --->                  sgd_dampening: 0.1
[2021-11-09 12:08:46][__main__	][INFO	] --->                     adam_beta1: 0.9
[2021-11-09 12:08:46][__main__	][INFO	] --->                     adam_beta2: 0.999
[2021-11-09 12:08:46][__main__	][INFO	] --->                   weight_decay: 0.0001
[2021-11-09 12:08:46][__main__	][INFO	] --->           param_histogram_freq: 100
[2021-11-09 12:08:46][__main__	][INFO	] --->           save_param_histogram: False
[2021-11-09 12:08:46][__main__	][INFO	] --->                      iter_size: 1
[2021-11-09 12:08:46][__main__	][INFO	] --->                    bn_momentum: 0.02
[2021-11-09 12:08:46][__main__	][INFO	] --->                      scheduler: PolyLR
[2021-11-09 12:08:46][__main__	][INFO	] --->                       max_iter: 30000
[2021-11-09 12:08:46][__main__	][INFO	] --->                      step_size: 20000.0
[2021-11-09 12:08:46][__main__	][INFO	] --->                     step_gamma: 0.1
[2021-11-09 12:08:46][__main__	][INFO	] --->                     poly_power: 0.9
[2021-11-09 12:08:46][__main__	][INFO	] --->                      exp_gamma: 0.95
[2021-11-09 12:08:46][__main__	][INFO	] --->                  exp_step_size: 445
[2021-11-09 12:08:46][__main__	][INFO	] --->                        log_dir: log
[2021-11-09 12:08:46][__main__	][INFO	] --->                       data_dir: data
[2021-11-09 12:08:46][__main__	][INFO	] --->                        dataset: ScannetVoxelization2cmDataset
[2021-11-09 12:08:46][__main__	][INFO	] --->                    testdataset: ScannetVoxelization2cmtestDataset
[2021-11-09 12:08:46][__main__	][INFO	] --->              temporal_dilation: 30
[2021-11-09 12:08:46][__main__	][INFO	] --->                temporal_numseq: 3
[2021-11-09 12:08:46][__main__	][INFO	] --->                      point_lim: -1
[2021-11-09 12:08:46][__main__	][INFO	] --->                  pre_point_lim: -1
[2021-11-09 12:08:46][__main__	][INFO	] --->                     batch_size: 1
[2021-11-09 12:08:46][__main__	][INFO	] --->                test_batch_size: 1
[2021-11-09 12:08:46][__main__	][INFO	] --->                     cache_data: False
[2021-11-09 12:08:46][__main__	][INFO	] --->                    num_workers: 4
[2021-11-09 12:08:46][__main__	][INFO	] --->                num_val_workers: 1
[2021-11-09 12:08:46][__main__	][INFO	] --->                   ignore_label: 255
[2021-11-09 12:08:46][__main__	][INFO	] --->          return_transformation: False
[2021-11-09 12:08:46][__main__	][INFO	] --->         ignore_duplicate_class: False
[2021-11-09 12:08:46][__main__	][INFO	] --->                   partial_crop: 0.0
[2021-11-09 12:08:46][__main__	][INFO	] --->          train_limit_numpoints: 0
[2021-11-09 12:08:46][__main__	][INFO	] --->                   synthia_path: /home/chrischoy/datasets/Synthia/Synthia4D
[2021-11-09 12:08:46][__main__	][INFO	] --->            synthia_camera_path: /home/chrischoy/datasets/Synthia/%s/CameraParams/
[2021-11-09 12:08:46][__main__	][INFO	] --->  synthia_camera_intrinsic_file: intrinsics.txt
[2021-11-09 12:08:46][__main__	][INFO	] ---> synthia_camera_extrinsics_file: Stereo_Right/Omni_F/%s.txt
[2021-11-09 12:08:46][__main__	][INFO	] --->         temporal_rand_dilation: False
[2021-11-09 12:08:46][__main__	][INFO	] --->           temporal_rand_numseq: False
[2021-11-09 12:08:46][__main__	][INFO	] --->                   scannet_path: /home/aidrive/tb5zhh/data/100_fit_double/train
[2021-11-09 12:08:46][__main__	][INFO	] --->              scannet_test_path: /home/aidrive/tb5zhh/data/full/train
[2021-11-09 12:08:46][__main__	][INFO	] --->                stanford3d_path: /home/chrischoy/datasets/Stanford3D
[2021-11-09 12:08:46][__main__	][INFO	] --->                       is_train: True
[2021-11-09 12:08:46][__main__	][INFO	] --->                      stat_freq: 40
[2021-11-09 12:08:46][__main__	][INFO	] --->                 test_stat_freq: 100
[2021-11-09 12:08:46][__main__	][INFO	] --->                test_stat_freq1: 312
[2021-11-09 12:08:46][__main__	][INFO	] --->                      save_freq: 1000
[2021-11-09 12:08:46][__main__	][INFO	] --->                       val_freq: 2
[2021-11-09 12:08:46][__main__	][INFO	] --->               empty_cache_freq: 1
[2021-11-09 12:08:46][__main__	][INFO	] --->                    train_phase: train
[2021-11-09 12:08:46][__main__	][INFO	] --->                      val_phase: val
[2021-11-09 12:08:46][__main__	][INFO	] --->              overwrite_weights: True
[2021-11-09 12:08:46][__main__	][INFO	] --->                         resume: None
[2021-11-09 12:08:46][__main__	][INFO	] --->               resume_optimizer: True
[2021-11-09 12:08:46][__main__	][INFO	] --->                  eval_upsample: False
[2021-11-09 12:08:46][__main__	][INFO	] --->         lenient_weight_loading: False
[2021-11-09 12:08:46][__main__	][INFO	] --->         distributed_world_size: 2
[2021-11-09 12:08:46][__main__	][INFO	] --->               distributed_rank: 0
[2021-11-09 12:08:46][__main__	][INFO	] --->            distributed_backend: nccl
[2021-11-09 12:08:46][__main__	][INFO	] --->        distributed_init_method: 
[2021-11-09 12:08:46][__main__	][INFO	] --->               distributed_port: 10010
[2021-11-09 12:08:46][__main__	][INFO	] --->                      device_id: 0
[2021-11-09 12:08:46][__main__	][INFO	] --->           distributed_no_spawn: True
[2021-11-09 12:08:46][__main__	][INFO	] --->                    ddp_backend: c10d
[2021-11-09 12:08:46][__main__	][INFO	] --->                  bucket_cap_mb: 25
[2021-11-09 12:08:46][__main__	][INFO	] --->                   use_feat_aug: True
[2021-11-09 12:08:46][__main__	][INFO	] --->     data_aug_color_trans_ratio: 0.1
[2021-11-09 12:08:46][__main__	][INFO	] --->      data_aug_color_jitter_std: 0.05
[2021-11-09 12:08:46][__main__	][INFO	] --->                normalize_color: True
[2021-11-09 12:08:46][__main__	][INFO	] --->             data_aug_scale_min: 0.9
[2021-11-09 12:08:46][__main__	][INFO	] --->             data_aug_scale_max: 1.1
[2021-11-09 12:08:46][__main__	][INFO	] --->               data_aug_hue_max: 0.5
[2021-11-09 12:08:46][__main__	][INFO	] --->        data_aug_saturation_max: 0.2
[2021-11-09 12:08:46][__main__	][INFO	] --->                      visualize: False
[2021-11-09 12:08:46][__main__	][INFO	] --->          test_temporal_average: False
[2021-11-09 12:08:46][__main__	][INFO	] --->                 visualize_path: outputs/visualize
[2021-11-09 12:08:46][__main__	][INFO	] --->                save_prediction: False
[2021-11-09 12:08:46][__main__	][INFO	] --->                  save_pred_dir: outputs/pred
[2021-11-09 12:08:46][__main__	][INFO	] --->                     test_phase: test
[2021-11-09 12:08:46][__main__	][INFO	] --->   evaluate_original_pointcloud: False
[2021-11-09 12:08:46][__main__	][INFO	] --->       test_original_pointcloud: False
[2021-11-09 12:08:46][__main__	][INFO	] --->                        is_cuda: True
[2021-11-09 12:08:46][__main__	][INFO	] --->                      load_path: 
[2021-11-09 12:08:46][__main__	][INFO	] --->                       log_step: 50
[2021-11-09 12:08:46][__main__	][INFO	] --->                      log_level: INFO
[2021-11-09 12:08:46][__main__	][INFO	] --->                        num_gpu: 1
[2021-11-09 12:08:46][__main__	][INFO	] --->                           seed: 42
[2021-11-09 12:08:46][__main__	][INFO	] --->                       run_name: finetune_fit_double_0.1_100_Res16UNet34C
[2021-11-09 12:08:46][__main__	][INFO	] --->                      unc_round: 20
[2021-11-09 12:08:46][__main__	][INFO	] --->                 unc_result_dir: /
[2021-11-09 12:08:46][__main__	][INFO	] --->                          wandb: True
[2021-11-09 12:08:46][__main__	][INFO	] --->                  train_dataset: ScannetVoxelization2cmDataset
[2021-11-09 12:08:46][__main__	][INFO	] --->                    val_dataset: ScannetVoxelization2cmtestDataset
[2021-11-09 12:08:46][__main__	][INFO	] --->                 checkpoint_dir: checkpoints
[2021-11-09 12:08:46][__main__	][INFO	] --->                     optim_step: 2
[2021-11-09 12:08:46][__main__	][INFO	] --->                  validate_step: 150
[2021-11-09 12:08:46][__main__	][INFO	] --->                    train_epoch: 20000
[2021-11-09 12:08:46][__main__	][INFO	] --->               train_batch_size: 8
[2021-11-09 12:08:46][__main__	][INFO	] --->                 val_batch_size: 8
[2021-11-09 12:08:46][__main__	][INFO	] --->                eval_result_dir: /
[2021-11-09 12:08:46][__main__	][INFO	] --->                  unc_stat_path: /
[2021-11-09 12:08:46][__main__	][INFO	] --->                     save_epoch: 1
[2021-11-09 12:08:46][__main__	][INFO	] --->                   ignore_index: 255
[2021-11-09 12:08:46][__main__	][INFO	] --->                       do_train: True
[2021-11-09 12:08:46][__main__	][INFO	] --->               do_unc_inference: False
[2021-11-09 12:08:46][__main__	][INFO	] --->                    do_unc_demo: False
[2021-11-09 12:08:46][__main__	][INFO	] --->                    unc_dataset: 
[2021-11-09 12:08:46][__main__	][INFO	] --->           do_verbose_inference: False
[2021-11-09 12:08:46][__main__	][INFO	] --->                  do_unc_render: False
[2021-11-09 12:08:54][__main__	][INFO	] Weights loaded from checkpoints/pretrain_20000.pth
[2021-11-09 12:08:54][__main__	][INFO	] Model setup done
[2021-11-09 12:08:54][__main__	][INFO	] 
Res16UNet34C(
  (conv0p1s1): MinkowskiConvolution(in=3, out=32, kernel_size=[5, 5, 5], stride=[1, 1, 1], dilation=[1, 1, 1])
  (bn0): MinkowskiBatchNorm(32, eps=1e-05, momentum=0.02, affine=True, track_running_stats=True)
  (conv1p1s2): MinkowskiConvolution(in=32, out=32, kernel_size=[2, 2, 2], stride=[2, 2, 2], dilation=[1, 1, 1])
  (bn1): MinkowskiBatchNorm(32, eps=1e-05, momentum=0.02, affine=True, track_running_stats=True)
  (block1): Sequential(
    (0): BasicBlock(
      (conv1): MinkowskiConvolution(in=32, out=32, kernel_size=[3, 3, 3], stride=[1, 1, 1], dilation=[1, 1, 1])
      (norm1): MinkowskiBatchNorm(32, eps=1e-05, momentum=0.1, affine=True, track_running_stats=True)
      (conv2): MinkowskiConvolution(in=32, out=32, kernel_size=[3, 3, 3], stride=[1, 1, 1], dilation=[1, 1, 1])
      (norm2): MinkowskiBatchNorm(32, eps=1e-05, momentum=0.1, affine=True, track_running_stats=True)
      (relu): MinkowskiReLU()
    )
    (1): BasicBlock(
      (conv1): MinkowskiConvolution(in=32, out=32, kernel_size=[3, 3, 3], stride=[1, 1, 1], dilation=[1, 1, 1])
      (norm1): MinkowskiBatchNorm(32, eps=1e-05, momentum=0.1, affine=True, track_running_stats=True)
      (conv2): MinkowskiConvolution(in=32, out=32, kernel_size=[3, 3, 3], stride=[1, 1, 1], dilation=[1, 1, 1])
      (norm2): MinkowskiBatchNorm(32, eps=1e-05, momentum=0.1, affine=True, track_running_stats=True)
      (relu): MinkowskiReLU()
    )
  )
  (conv2p2s2): MinkowskiConvolution(in=32, out=32, kernel_size=[2, 2, 2], stride=[2, 2, 2], dilation=[1, 1, 1])
  (bn2): MinkowskiBatchNorm(32, eps=1e-05, momentum=0.02, affine=True, track_running_stats=True)
  (block2): Sequential(
    (0): BasicBlock(
      (conv1): MinkowskiConvolution(in=32, out=64, kernel_size=[3, 3, 3], stride=[1, 1, 1], dilation=[1, 1, 1])
      (norm1): MinkowskiBatchNorm(64, eps=1e-05, momentum=0.1, affine=True, track_running_stats=True)
      (conv2): MinkowskiConvolution(in=64, out=64, kernel_size=[3, 3, 3], stride=[1, 1, 1], dilation=[1, 1, 1])
      (norm2): MinkowskiBatchNorm(64, eps=1e-05, momentum=0.1, affine=True, track_running_stats=True)
      (relu): MinkowskiReLU()
      (downsample): Sequential(
        (0): MinkowskiConvolution(in=32, out=64, kernel_size=[1, 1, 1], stride=[1, 1, 1], dilation=[1, 1, 1])
        (1): MinkowskiBatchNorm(64, eps=1e-05, momentum=0.02, affine=True, track_running_stats=True)
      )
    )
    (1): BasicBlock(
      (conv1): MinkowskiConvolution(in=64, out=64, kernel_size=[3, 3, 3], stride=[1, 1, 1], dilation=[1, 1, 1])
      (norm1): MinkowskiBatchNorm(64, eps=1e-05, momentum=0.1, affine=True, track_running_stats=True)
      (conv2): MinkowskiConvolution(in=64, out=64, kernel_size=[3, 3, 3], stride=[1, 1, 1], dilation=[1, 1, 1])
      (norm2): MinkowskiBatchNorm(64, eps=1e-05, momentum=0.1, affine=True, track_running_stats=True)
      (relu): MinkowskiReLU()
    )
    (2): BasicBlock(
      (conv1): MinkowskiConvolution(in=64, out=64, kernel_size=[3, 3, 3], stride=[1, 1, 1], dilation=[1, 1, 1])
      (norm1): MinkowskiBatchNorm(64, eps=1e-05, momentum=0.1, affine=True, track_running_stats=True)
      (conv2): MinkowskiConvolution(in=64, out=64, kernel_size=[3, 3, 3], stride=[1, 1, 1], dilation=[1, 1, 1])
      (norm2): MinkowskiBatchNorm(64, eps=1e-05, momentum=0.1, affine=True, track_running_stats=True)
      (relu): MinkowskiReLU()
    )
  )
  (conv3p4s2): MinkowskiConvolution(in=64, out=64, kernel_size=[2, 2, 2], stride=[2, 2, 2], dilation=[1, 1, 1])
  (bn3): MinkowskiBatchNorm(64, eps=1e-05, momentum=0.02, affine=True, track_running_stats=True)
  (block3): Sequential(
    (0): BasicBlock(
      (conv1): MinkowskiConvolution(in=64, out=128, kernel_size=[3, 3, 3], stride=[1, 1, 1], dilation=[1, 1, 1])
      (norm1): MinkowskiBatchNorm(128, eps=1e-05, momentum=0.1, affine=True, track_running_stats=True)
      (conv2): MinkowskiConvolution(in=128, out=128, kernel_size=[3, 3, 3], stride=[1, 1, 1], dilation=[1, 1, 1])
      (norm2): MinkowskiBatchNorm(128, eps=1e-05, momentum=0.1, affine=True, track_running_stats=True)
      (relu): MinkowskiReLU()
      (downsample): Sequential(
        (0): MinkowskiConvolution(in=64, out=128, kernel_size=[1, 1, 1], stride=[1, 1, 1], dilation=[1, 1, 1])
        (1): MinkowskiBatchNorm(128, eps=1e-05, momentum=0.02, affine=True, track_running_stats=True)
      )
    )
    (1): BasicBlock(
      (conv1): MinkowskiConvolution(in=128, out=128, kernel_size=[3, 3, 3], stride=[1, 1, 1], dilation=[1, 1, 1])
      (norm1): MinkowskiBatchNorm(128, eps=1e-05, momentum=0.1, affine=True, track_running_stats=True)
      (conv2): MinkowskiConvolution(in=128, out=128, kernel_size=[3, 3, 3], stride=[1, 1, 1], dilation=[1, 1, 1])
      (norm2): MinkowskiBatchNorm(128, eps=1e-05, momentum=0.1, affine=True, track_running_stats=True)
      (relu): MinkowskiReLU()
    )
    (2): BasicBlock(
      (conv1): MinkowskiConvolution(in=128, out=128, kernel_size=[3, 3, 3], stride=[1, 1, 1], dilation=[1, 1, 1])
      (norm1): MinkowskiBatchNorm(128, eps=1e-05, momentum=0.1, affine=True, track_running_stats=True)
      (conv2): MinkowskiConvolution(in=128, out=128, kernel_size=[3, 3, 3], stride=[1, 1, 1], dilation=[1, 1, 1])
      (norm2): MinkowskiBatchNorm(128, eps=1e-05, momentum=0.1, affine=True, track_running_stats=True)
      (relu): MinkowskiReLU()
    )
    (3): BasicBlock(
      (conv1): MinkowskiConvolution(in=128, out=128, kernel_size=[3, 3, 3], stride=[1, 1, 1], dilation=[1, 1, 1])
      (norm1): MinkowskiBatchNorm(128, eps=1e-05, momentum=0.1, affine=True, track_running_stats=True)
      (conv2): MinkowskiConvolution(in=128, out=128, kernel_size=[3, 3, 3], stride=[1, 1, 1], dilation=[1, 1, 1])
      (norm2): MinkowskiBatchNorm(128, eps=1e-05, momentum=0.1, affine=True, track_running_stats=True)
      (relu): MinkowskiReLU()
    )
  )
  (conv4p8s2): MinkowskiConvolution(in=128, out=128, kernel_size=[2, 2, 2], stride=[2, 2, 2], dilation=[1, 1, 1])
  (bn4): MinkowskiBatchNorm(128, eps=1e-05, momentum=0.02, affine=True, track_running_stats=True)
  (block4): Sequential(
    (0): BasicBlock(
      (conv1): MinkowskiConvolution(in=128, out=256, kernel_size=[3, 3, 3], stride=[1, 1, 1], dilation=[1, 1, 1])
      (norm1): MinkowskiBatchNorm(256, eps=1e-05, momentum=0.1, affine=True, track_running_stats=True)
      (conv2): MinkowskiConvolution(in=256, out=256, kernel_size=[3, 3, 3], stride=[1, 1, 1], dilation=[1, 1, 1])
      (norm2): MinkowskiBatchNorm(256, eps=1e-05, momentum=0.1, affine=True, track_running_stats=True)
      (relu): MinkowskiReLU()
      (downsample): Sequential(
        (0): MinkowskiConvolution(in=128, out=256, kernel_size=[1, 1, 1], stride=[1, 1, 1], dilation=[1, 1, 1])
        (1): MinkowskiBatchNorm(256, eps=1e-05, momentum=0.02, affine=True, track_running_stats=True)
      )
    )
    (1): BasicBlock(
      (conv1): MinkowskiConvolution(in=256, out=256, kernel_size=[3, 3, 3], stride=[1, 1, 1], dilation=[1, 1, 1])
      (norm1): MinkowskiBatchNorm(256, eps=1e-05, momentum=0.1, affine=True, track_running_stats=True)
      (conv2): MinkowskiConvolution(in=256, out=256, kernel_size=[3, 3, 3], stride=[1, 1, 1], dilation=[1, 1, 1])
      (norm2): MinkowskiBatchNorm(256, eps=1e-05, momentum=0.1, affine=True, track_running_stats=True)
      (relu): MinkowskiReLU()
    )
    (2): BasicBlock(
      (conv1): MinkowskiConvolution(in=256, out=256, kernel_size=[3, 3, 3], stride=[1, 1, 1], dilation=[1, 1, 1])
      (norm1): MinkowskiBatchNorm(256, eps=1e-05, momentum=0.1, affine=True, track_running_stats=True)
      (conv2): MinkowskiConvolution(in=256, out=256, kernel_size=[3, 3, 3], stride=[1, 1, 1], dilation=[1, 1, 1])
      (norm2): MinkowskiBatchNorm(256, eps=1e-05, momentum=0.1, affine=True, track_running_stats=True)
      (relu): MinkowskiReLU()
    )
    (3): BasicBlock(
      (conv1): MinkowskiConvolution(in=256, out=256, kernel_size=[3, 3, 3], stride=[1, 1, 1], dilation=[1, 1, 1])
      (norm1): MinkowskiBatchNorm(256, eps=1e-05, momentum=0.1, affine=True, track_running_stats=True)
      (conv2): MinkowskiConvolution(in=256, out=256, kernel_size=[3, 3, 3], stride=[1, 1, 1], dilation=[1, 1, 1])
      (norm2): MinkowskiBatchNorm(256, eps=1e-05, momentum=0.1, affine=True, track_running_stats=True)
      (relu): MinkowskiReLU()
    )
    (4): BasicBlock(
      (conv1): MinkowskiConvolution(in=256, out=256, kernel_size=[3, 3, 3], stride=[1, 1, 1], dilation=[1, 1, 1])
      (norm1): MinkowskiBatchNorm(256, eps=1e-05, momentum=0.1, affine=True, track_running_stats=True)
      (conv2): MinkowskiConvolution(in=256, out=256, kernel_size=[3, 3, 3], stride=[1, 1, 1], dilation=[1, 1, 1])
      (norm2): MinkowskiBatchNorm(256, eps=1e-05, momentum=0.1, affine=True, track_running_stats=True)
      (relu): MinkowskiReLU()
    )
    (5): BasicBlock(
      (conv1): MinkowskiConvolution(in=256, out=256, kernel_size=[3, 3, 3], stride=[1, 1, 1], dilation=[1, 1, 1])
      (norm1): MinkowskiBatchNorm(256, eps=1e-05, momentum=0.1, affine=True, track_running_stats=True)
      (conv2): MinkowskiConvolution(in=256, out=256, kernel_size=[3, 3, 3], stride=[1, 1, 1], dilation=[1, 1, 1])
      (norm2): MinkowskiBatchNorm(256, eps=1e-05, momentum=0.1, affine=True, track_running_stats=True)
      (relu): MinkowskiReLU()
    )
  )
  (convtr4p16s2): MinkowskiConvolutionTranspose(in=256, out=256, kernel_size=[2, 2, 2], stride=[2, 2, 2], dilation=[1, 1, 1])
  (bntr4): MinkowskiBatchNorm(256, eps=1e-05, momentum=0.02, affine=True, track_running_stats=True)
  (block5): Sequential(
    (0): BasicBlock(
      (conv1): MinkowskiConvolution(in=384, out=256, kernel_size=[3, 3, 3], stride=[1, 1, 1], dilation=[1, 1, 1])
      (norm1): MinkowskiBatchNorm(256, eps=1e-05, momentum=0.1, affine=True, track_running_stats=True)
      (conv2): MinkowskiConvolution(in=256, out=256, kernel_size=[3, 3, 3], stride=[1, 1, 1], dilation=[1, 1, 1])
      (norm2): MinkowskiBatchNorm(256, eps=1e-05, momentum=0.1, affine=True, track_running_stats=True)
      (relu): MinkowskiReLU()
      (downsample): Sequential(
        (0): MinkowskiConvolution(in=384, out=256, kernel_size=[1, 1, 1], stride=[1, 1, 1], dilation=[1, 1, 1])
        (1): MinkowskiBatchNorm(256, eps=1e-05, momentum=0.02, affine=True, track_running_stats=True)
      )
    )
    (1): BasicBlock(
      (conv1): MinkowskiConvolution(in=256, out=256, kernel_size=[3, 3, 3], stride=[1, 1, 1], dilation=[1, 1, 1])
      (norm1): MinkowskiBatchNorm(256, eps=1e-05, momentum=0.1, affine=True, track_running_stats=True)
      (conv2): MinkowskiConvolution(in=256, out=256, kernel_size=[3, 3, 3], stride=[1, 1, 1], dilation=[1, 1, 1])
      (norm2): MinkowskiBatchNorm(256, eps=1e-05, momentum=0.1, affine=True, track_running_stats=True)
      (relu): MinkowskiReLU()
    )
  )
  (convtr5p8s2): MinkowskiConvolutionTranspose(in=256, out=128, kernel_size=[2, 2, 2], stride=[2, 2, 2], dilation=[1, 1, 1])
  (bntr5): MinkowskiBatchNorm(128, eps=1e-05, momentum=0.02, affine=True, track_running_stats=True)
  (block6): Sequential(
    (0): BasicBlock(
      (conv1): MinkowskiConvolution(in=192, out=128, kernel_size=[3, 3, 3], stride=[1, 1, 1], dilation=[1, 1, 1])
      (norm1): MinkowskiBatchNorm(128, eps=1e-05, momentum=0.1, affine=True, track_running_stats=True)
      (conv2): MinkowskiConvolution(in=128, out=128, kernel_size=[3, 3, 3], stride=[1, 1, 1], dilation=[1, 1, 1])
      (norm2): MinkowskiBatchNorm(128, eps=1e-05, momentum=0.1, affine=True, track_running_stats=True)
      (relu): MinkowskiReLU()
      (downsample): Sequential(
        (0): MinkowskiConvolution(in=192, out=128, kernel_size=[1, 1, 1], stride=[1, 1, 1], dilation=[1, 1, 1])
        (1): MinkowskiBatchNorm(128, eps=1e-05, momentum=0.02, affine=True, track_running_stats=True)
      )
    )
    (1): BasicBlock(
      (conv1): MinkowskiConvolution(in=128, out=128, kernel_size=[3, 3, 3], stride=[1, 1, 1], dilation=[1, 1, 1])
      (norm1): MinkowskiBatchNorm(128, eps=1e-05, momentum=0.1, affine=True, track_running_stats=True)
      (conv2): MinkowskiConvolution(in=128, out=128, kernel_size=[3, 3, 3], stride=[1, 1, 1], dilation=[1, 1, 1])
      (norm2): MinkowskiBatchNorm(128, eps=1e-05, momentum=0.1, affine=True, track_running_stats=True)
      (relu): MinkowskiReLU()
    )
  )
  (convtr6p4s2): MinkowskiConvolutionTranspose(in=128, out=96, kernel_size=[2, 2, 2], stride=[2, 2, 2], dilation=[1, 1, 1])
  (bntr6): MinkowskiBatchNorm(96, eps=1e-05, momentum=0.02, affine=True, track_running_stats=True)
  (block7): Sequential(
    (0): BasicBlock(
      (conv1): MinkowskiConvolution(in=128, out=96, kernel_size=[3, 3, 3], stride=[1, 1, 1], dilation=[1, 1, 1])
      (norm1): MinkowskiBatchNorm(96, eps=1e-05, momentum=0.1, affine=True, track_running_stats=True)
      (conv2): MinkowskiConvolution(in=96, out=96, kernel_size=[3, 3, 3], stride=[1, 1, 1], dilation=[1, 1, 1])
      (norm2): MinkowskiBatchNorm(96, eps=1e-05, momentum=0.1, affine=True, track_running_stats=True)
      (relu): MinkowskiReLU()
      (downsample): Sequential(
        (0): MinkowskiConvolution(in=128, out=96, kernel_size=[1, 1, 1], stride=[1, 1, 1], dilation=[1, 1, 1])
        (1): MinkowskiBatchNorm(96, eps=1e-05, momentum=0.02, affine=True, track_running_stats=True)
      )
    )
    (1): BasicBlock(
      (conv1): MinkowskiConvolution(in=96, out=96, kernel_size=[3, 3, 3], stride=[1, 1, 1], dilation=[1, 1, 1])
      (norm1): MinkowskiBatchNorm(96, eps=1e-05, momentum=0.1, affine=True, track_running_stats=True)
      (conv2): MinkowskiConvolution(in=96, out=96, kernel_size=[3, 3, 3], stride=[1, 1, 1], dilation=[1, 1, 1])
      (norm2): MinkowskiBatchNorm(96, eps=1e-05, momentum=0.1, affine=True, track_running_stats=True)
      (relu): MinkowskiReLU()
    )
  )
  (convtr7p2s2): MinkowskiConvolutionTranspose(in=96, out=96, kernel_size=[2, 2, 2], stride=[2, 2, 2], dilation=[1, 1, 1])
  (bntr7): MinkowskiBatchNorm(96, eps=1e-05, momentum=0.02, affine=True, track_running_stats=True)
  (block8): Sequential(
    (0): BasicBlock(
      (conv1): MinkowskiConvolution(in=128, out=96, kernel_size=[3, 3, 3], stride=[1, 1, 1], dilation=[1, 1, 1])
      (norm1): MinkowskiBatchNorm(96, eps=1e-05, momentum=0.1, affine=True, track_running_stats=True)
      (conv2): MinkowskiConvolution(in=96, out=96, kernel_size=[3, 3, 3], stride=[1, 1, 1], dilation=[1, 1, 1])
      (norm2): MinkowskiBatchNorm(96, eps=1e-05, momentum=0.1, affine=True, track_running_stats=True)
      (relu): MinkowskiReLU()
      (downsample): Sequential(
        (0): MinkowskiConvolution(in=128, out=96, kernel_size=[1, 1, 1], stride=[1, 1, 1], dilation=[1, 1, 1])
        (1): MinkowskiBatchNorm(96, eps=1e-05, momentum=0.02, affine=True, track_running_stats=True)
      )
    )
    (1): BasicBlock(
      (conv1): MinkowskiConvolution(in=96, out=96, kernel_size=[3, 3, 3], stride=[1, 1, 1], dilation=[1, 1, 1])
      (norm1): MinkowskiBatchNorm(96, eps=1e-05, momentum=0.1, affine=True, track_running_stats=True)
      (conv2): MinkowskiConvolution(in=96, out=96, kernel_size=[3, 3, 3], stride=[1, 1, 1], dilation=[1, 1, 1])
      (norm2): MinkowskiBatchNorm(96, eps=1e-05, momentum=0.1, affine=True, track_running_stats=True)
      (relu): MinkowskiReLU()
    )
  )
  (final): MinkowskiConvolution(in=96, out=20, kernel_size=[1, 1, 1], stride=[1, 1, 1], dilation=[1, 1, 1])
  (relu): MinkowskiReLU()
)
wandb: Currently logged in as: tb5zhh (use `wandb login --relogin` to force relogin)
wandb: wandb version 0.12.6 is available!  To upgrade, please run:
wandb:  $ pip install wandb --upgrade
wandb: Tracking run with wandb version 0.12.4
wandb: Syncing run trim-dream-273
wandb:  View project at https://wandb.ai/tb5zhh/3dsp
wandb:  View run at https://wandb.ai/tb5zhh/3dsp/runs/pkw4q1uo
wandb: Run data is saved locally in /home/aidrive/tb5zhh/3DScanSeg/wandb/run-20211109_120855-pkw4q1uo
wandb: Run `wandb offline` to turn off syncing.

[34m[1mwandb[0m: [33mWARNING[0m Calling run.save without any arguments is deprecated.Changes to attributes are automatically persisted.
[2021-11-09 12:08:58][root	][INFO	] Loading ScannetVoxelization2cmDataset: scannetv2_train.txt
[2021-11-09 12:08:58][root	][INFO	] Loading ScannetVoxelization2cmtestDataset: scannetv2_val.txt
[2021-11-09 12:08:58][__main__	][INFO	] Dataloader setup done
[2021-11-09 12:08:58][__main__	][INFO	] My rank : 0 / 1
[2021-11-09 12:08:58][__main__	][INFO	] Start training
[2021-11-09 12:09:10][__main__	][INFO	] TRAIN at global step #1 Epoch #1 Step #2 / 151: loss:3.3338, precision: 1.9419
[2021-11-09 12:09:19][__main__	][INFO	] TRAIN at global step #2 Epoch #1 Step #4 / 151: loss:3.2146, precision: 2.2541
[2021-11-09 12:09:25][__main__	][INFO	] TRAIN at global step #3 Epoch #1 Step #6 / 151: loss:2.9128, precision: 9.9655
[2021-11-09 12:09:33][__main__	][INFO	] TRAIN at global step #4 Epoch #1 Step #8 / 151: loss:2.7875, precision: 11.6274
[2021-11-09 12:09:41][__main__	][INFO	] TRAIN at global step #5 Epoch #1 Step #10 / 151: loss:2.5803, precision: 14.6390
[2021-11-09 12:09:48][__main__	][INFO	] TRAIN at global step #6 Epoch #1 Step #12 / 151: loss:2.6127, precision: 12.5884
[2021-11-09 12:09:55][__main__	][INFO	] TRAIN at global step #7 Epoch #1 Step #14 / 151: loss:2.3111, precision: 18.3221
[2021-11-09 12:10:01][__main__	][INFO	] TRAIN at global step #8 Epoch #1 Step #16 / 151: loss:2.4311, precision: 16.0872
[2021-11-09 12:10:08][__main__	][INFO	] TRAIN at global step #9 Epoch #1 Step #18 / 151: loss:2.3736, precision: 15.9947
[2021-11-09 12:10:15][__main__	][INFO	] TRAIN at global step #10 Epoch #1 Step #20 / 151: loss:2.5034, precision: 17.0491
[2021-11-09 12:10:21][__main__	][INFO	] TRAIN at global step #11 Epoch #1 Step #22 / 151: loss:2.3736, precision: 20.9452
[2021-11-09 12:10:29][__main__	][INFO	] TRAIN at global step #12 Epoch #1 Step #24 / 151: loss:2.3228, precision: 21.4260
[2021-11-09 12:10:35][__main__	][INFO	] TRAIN at global step #13 Epoch #1 Step #26 / 151: loss:2.3688, precision: 17.7709
[2021-11-09 12:10:42][__main__	][INFO	] TRAIN at global step #14 Epoch #1 Step #28 / 151: loss:2.3776, precision: 15.2779
[2021-11-09 12:10:49][__main__	][INFO	] TRAIN at global step #15 Epoch #1 Step #30 / 151: loss:2.2791, precision: 19.9872
[2021-11-09 12:10:55][__main__	][INFO	] TRAIN at global step #16 Epoch #1 Step #32 / 151: loss:2.2491, precision: 22.7628
[2021-11-09 12:11:01][__main__	][INFO	] TRAIN at global step #17 Epoch #1 Step #34 / 151: loss:2.4691, precision: 14.9673
[2021-11-09 12:11:08][__main__	][INFO	] TRAIN at global step #18 Epoch #1 Step #36 / 151: loss:2.0620, precision: 25.5895
[2021-11-09 12:11:14][__main__	][INFO	] TRAIN at global step #19 Epoch #1 Step #38 / 151: loss:2.2584, precision: 18.9942
[2021-11-09 12:11:21][__main__	][INFO	] TRAIN at global step #20 Epoch #1 Step #40 / 151: loss:2.1487, precision: 20.4696
[2021-11-09 12:11:29][__main__	][INFO	] TRAIN at global step #21 Epoch #1 Step #42 / 151: loss:2.3369, precision: 16.4325
[2021-11-09 12:11:36][__main__	][INFO	] TRAIN at global step #22 Epoch #1 Step #44 / 151: loss:2.1778, precision: 21.2257
[2021-11-09 12:11:43][__main__	][INFO	] TRAIN at global step #23 Epoch #1 Step #46 / 151: loss:2.5831, precision: 11.0863
[2021-11-09 12:11:52][__main__	][INFO	] TRAIN at global step #24 Epoch #1 Step #48 / 151: loss:2.2652, precision: 18.3831
[2021-11-09 12:11:59][__main__	][INFO	] TRAIN at global step #25 Epoch #1 Step #50 / 151: loss:2.1917, precision: 19.1651
[2021-11-09 12:12:03][__main__	][INFO	] TRAIN at global step #26 Epoch #1 Step #52 / 151: loss:2.0166, precision: 26.0923
[2021-11-09 12:12:09][__main__	][INFO	] TRAIN at global step #27 Epoch #1 Step #54 / 151: loss:2.1773, precision: 21.6578
[2021-11-09 12:12:17][__main__	][INFO	] TRAIN at global step #28 Epoch #1 Step #56 / 151: loss:2.1882, precision: 21.0835
[2021-11-09 12:12:23][__main__	][INFO	] TRAIN at global step #29 Epoch #1 Step #58 / 151: loss:2.2556, precision: 15.6910
[2021-11-09 12:12:29][__main__	][INFO	] TRAIN at global step #30 Epoch #1 Step #60 / 151: loss:1.9762, precision: 25.3775
[2021-11-09 12:12:35][__main__	][INFO	] TRAIN at global step #31 Epoch #1 Step #62 / 151: loss:2.1045, precision: 21.6712
[2021-11-09 12:12:43][__main__	][INFO	] TRAIN at global step #32 Epoch #1 Step #64 / 151: loss:2.1701, precision: 17.6026
[2021-11-09 12:12:50][__main__	][INFO	] TRAIN at global step #33 Epoch #1 Step #66 / 151: loss:1.9255, precision: 30.9197
[2021-11-09 12:12:56][__main__	][INFO	] TRAIN at global step #34 Epoch #1 Step #68 / 151: loss:2.2101, precision: 19.0772
[2021-11-09 12:13:02][__main__	][INFO	] TRAIN at global step #35 Epoch #1 Step #70 / 151: loss:1.9221, precision: 30.4065
[2021-11-09 12:13:10][__main__	][INFO	] TRAIN at global step #36 Epoch #1 Step #72 / 151: loss:2.3125, precision: 17.3196
[2021-11-09 12:13:16][__main__	][INFO	] TRAIN at global step #37 Epoch #1 Step #74 / 151: loss:2.2468, precision: 18.2323
[2021-11-09 12:13:22][__main__	][INFO	] TRAIN at global step #38 Epoch #1 Step #76 / 151: loss:2.2014, precision: 20.7311
[2021-11-09 12:13:29][__main__	][INFO	] TRAIN at global step #39 Epoch #1 Step #78 / 151: loss:2.1182, precision: 22.8946
[2021-11-09 12:13:36][__main__	][INFO	] TRAIN at global step #40 Epoch #1 Step #80 / 151: loss:2.3000, precision: 19.4426
[2021-11-09 12:13:42][__main__	][INFO	] TRAIN at global step #41 Epoch #1 Step #82 / 151: loss:2.3011, precision: 15.7755
[2021-11-09 12:13:48][__main__	][INFO	] TRAIN at global step #42 Epoch #1 Step #84 / 151: loss:2.1865, precision: 21.0928
[2021-11-09 12:13:56][__main__	][INFO	] TRAIN at global step #43 Epoch #1 Step #86 / 151: loss:2.1346, precision: 25.2810
[2021-11-09 12:14:05][__main__	][INFO	] TRAIN at global step #44 Epoch #1 Step #88 / 151: loss:2.1547, precision: 19.0082
[2021-11-09 12:14:10][__main__	][INFO	] TRAIN at global step #45 Epoch #1 Step #90 / 151: loss:2.2060, precision: 19.7619
[2021-11-09 12:14:19][__main__	][INFO	] TRAIN at global step #46 Epoch #1 Step #92 / 151: loss:2.1716, precision: 18.5368
[2021-11-09 12:14:27][__main__	][INFO	] TRAIN at global step #47 Epoch #1 Step #94 / 151: loss:2.1590, precision: 20.5324
[2021-11-09 12:14:33][__main__	][INFO	] TRAIN at global step #48 Epoch #1 Step #96 / 151: loss:2.0803, precision: 24.8671
[2021-11-09 12:14:40][__main__	][INFO	] TRAIN at global step #49 Epoch #1 Step #98 / 151: loss:2.0837, precision: 22.1141
[2021-11-09 12:14:48][__main__	][INFO	] TRAIN at global step #50 Epoch #1 Step #100 / 151: loss:2.1411, precision: 16.1269
[2021-11-09 12:14:54][__main__	][INFO	] TRAIN at global step #51 Epoch #1 Step #102 / 151: loss:2.1028, precision: 20.4228
[2021-11-09 12:15:01][__main__	][INFO	] TRAIN at global step #52 Epoch #1 Step #104 / 151: loss:2.1792, precision: 19.6270
[2021-11-09 12:15:07][__main__	][INFO	] TRAIN at global step #53 Epoch #1 Step #106 / 151: loss:2.0626, precision: 22.6729
[2021-11-09 12:15:14][__main__	][INFO	] TRAIN at global step #54 Epoch #1 Step #108 / 151: loss:2.0172, precision: 23.1577
[2021-11-09 12:15:20][__main__	][INFO	] TRAIN at global step #55 Epoch #1 Step #110 / 151: loss:2.1987, precision: 21.1765
[2021-11-09 12:15:26][__main__	][INFO	] TRAIN at global step #56 Epoch #1 Step #112 / 151: loss:2.3681, precision: 15.2651
[2021-11-09 12:15:32][__main__	][INFO	] TRAIN at global step #57 Epoch #1 Step #114 / 151: loss:2.1714, precision: 18.5397
[2021-11-09 12:15:37][__main__	][INFO	] TRAIN at global step #58 Epoch #1 Step #116 / 151: loss:2.1475, precision: 20.7901
[2021-11-09 12:15:44][__main__	][INFO	] TRAIN at global step #59 Epoch #1 Step #118 / 151: loss:2.0810, precision: 21.1378
[2021-11-09 12:15:50][__main__	][INFO	] TRAIN at global step #60 Epoch #1 Step #120 / 151: loss:2.0699, precision: 24.3259
[2021-11-09 12:15:57][__main__	][INFO	] TRAIN at global step #61 Epoch #1 Step #122 / 151: loss:2.0934, precision: 18.9924
[2021-11-09 12:16:03][__main__	][INFO	] TRAIN at global step #62 Epoch #1 Step #124 / 151: loss:2.1885, precision: 16.8145
[2021-11-09 12:16:09][__main__	][INFO	] TRAIN at global step #63 Epoch #1 Step #126 / 151: loss:2.0178, precision: 21.5730
[2021-11-09 12:16:15][__main__	][INFO	] TRAIN at global step #64 Epoch #1 Step #128 / 151: loss:2.2004, precision: 19.6631
[2021-11-09 12:16:22][__main__	][INFO	] TRAIN at global step #65 Epoch #1 Step #130 / 151: loss:2.1196, precision: 22.5735
[2021-11-09 12:16:28][__main__	][INFO	] TRAIN at global step #66 Epoch #1 Step #132 / 151: loss:2.2361, precision: 20.6979
[2021-11-09 12:16:34][__main__	][INFO	] TRAIN at global step #67 Epoch #1 Step #134 / 151: loss:2.1539, precision: 19.0657
[2021-11-09 12:16:41][__main__	][INFO	] TRAIN at global step #68 Epoch #1 Step #136 / 151: loss:2.3942, precision: 14.6507
[2021-11-09 12:16:46][__main__	][INFO	] TRAIN at global step #69 Epoch #1 Step #138 / 151: loss:2.1572, precision: 21.0196
[2021-11-09 12:16:51][__main__	][INFO	] TRAIN at global step #70 Epoch #1 Step #140 / 151: loss:2.0135, precision: 22.8679
[2021-11-09 12:16:58][__main__	][INFO	] TRAIN at global step #71 Epoch #1 Step #142 / 151: loss:2.2469, precision: 17.2976
[2021-11-09 12:17:07][__main__	][INFO	] TRAIN at global step #72 Epoch #1 Step #144 / 151: loss:2.1874, precision: 17.9532
[2021-11-09 12:17:13][__main__	][INFO	] TRAIN at global step #73 Epoch #1 Step #146 / 151: loss:2.0827, precision: 23.8710
[2021-11-09 12:17:18][__main__	][INFO	] TRAIN at global step #74 Epoch #1 Step #148 / 151: loss:2.0143, precision: 26.1051
[2021-11-09 12:17:24][__main__	][INFO	] TRAIN at global step #75 Epoch #1 Step #150 / 151: loss:2.1551, precision: 18.6755
[2021-11-09 12:17:27][__main__	][INFO	] Checkpoint at epoch #0 saved
[2021-11-09 12:17:37][__main__	][INFO	] TRAIN at global step #76 Epoch #2 Step #1 / 151: loss:2.1927, precision: 16.6941
[2021-11-09 12:17:42][__main__	][INFO	] TRAIN at global step #77 Epoch #2 Step #3 / 151: loss:2.0997, precision: 25.0180
[2021-11-09 12:17:50][__main__	][INFO	] TRAIN at global step #78 Epoch #2 Step #5 / 151: loss:2.0129, precision: 20.9017
[2021-11-09 12:17:57][__main__	][INFO	] TRAIN at global step #79 Epoch #2 Step #7 / 151: loss:2.2129, precision: 18.0108
[2021-11-09 12:18:02][__main__	][INFO	] TRAIN at global step #80 Epoch #2 Step #9 / 151: loss:2.1270, precision: 18.0976
[2021-11-09 12:18:11][__main__	][INFO	] TRAIN at global step #81 Epoch #2 Step #11 / 151: loss:1.9954, precision: 22.4960
[2021-11-09 12:18:17][__main__	][INFO	] TRAIN at global step #82 Epoch #2 Step #13 / 151: loss:2.0549, precision: 21.4238
[2021-11-09 12:18:23][__main__	][INFO	] TRAIN at global step #83 Epoch #2 Step #15 / 151: loss:1.8632, precision: 24.3678
[2021-11-09 12:18:29][__main__	][INFO	] TRAIN at global step #84 Epoch #2 Step #17 / 151: loss:2.2423, precision: 18.1708
[2021-11-09 12:18:36][__main__	][INFO	] TRAIN at global step #85 Epoch #2 Step #19 / 151: loss:2.1018, precision: 23.2836
[2021-11-09 12:18:43][__main__	][INFO	] TRAIN at global step #86 Epoch #2 Step #21 / 151: loss:2.2110, precision: 18.7713
[2021-11-09 12:18:49][__main__	][INFO	] TRAIN at global step #87 Epoch #2 Step #23 / 151: loss:2.0463, precision: 22.2748
[2021-11-09 12:18:57][__main__	][INFO	] TRAIN at global step #88 Epoch #2 Step #25 / 151: loss:2.0240, precision: 23.8473
[2021-11-09 12:19:03][__main__	][INFO	] TRAIN at global step #89 Epoch #2 Step #27 / 151: loss:2.0156, precision: 25.3187
[2021-11-09 12:19:08][__main__	][INFO	] TRAIN at global step #90 Epoch #2 Step #29 / 151: loss:1.7512, precision: 32.6812
[2021-11-09 12:19:15][__main__	][INFO	] TRAIN at global step #91 Epoch #2 Step #31 / 151: loss:2.3113, precision: 15.6681
[2021-11-09 12:19:21][__main__	][INFO	] TRAIN at global step #92 Epoch #2 Step #33 / 151: loss:2.0602, precision: 22.2733
[2021-11-09 12:19:27][__main__	][INFO	] TRAIN at global step #93 Epoch #2 Step #35 / 151: loss:2.0185, precision: 22.7913
[2021-11-09 12:19:34][__main__	][INFO	] TRAIN at global step #94 Epoch #2 Step #37 / 151: loss:2.1175, precision: 22.5579
[2021-11-09 12:19:41][__main__	][INFO	] TRAIN at global step #95 Epoch #2 Step #39 / 151: loss:1.9039, precision: 24.8502
[2021-11-09 12:19:46][__main__	][INFO	] TRAIN at global step #96 Epoch #2 Step #41 / 151: loss:2.1755, precision: 21.2136
[2021-11-09 12:19:51][__main__	][INFO	] TRAIN at global step #97 Epoch #2 Step #43 / 151: loss:2.0373, precision: 23.5139
[2021-11-09 12:19:57][__main__	][INFO	] TRAIN at global step #98 Epoch #2 Step #45 / 151: loss:2.2651, precision: 18.1675
[2021-11-09 12:20:03][__main__	][INFO	] TRAIN at global step #99 Epoch #2 Step #47 / 151: loss:2.2993, precision: 17.0579
[2021-11-09 12:20:09][__main__	][INFO	] TRAIN at global step #100 Epoch #2 Step #49 / 151: loss:2.1729, precision: 17.0538
[2021-11-09 12:20:16][__main__	][INFO	] TRAIN at global step #101 Epoch #2 Step #51 / 151: loss:2.0641, precision: 21.5944
[2021-11-09 12:20:23][__main__	][INFO	] TRAIN at global step #102 Epoch #2 Step #53 / 151: loss:2.1605, precision: 19.3254
[2021-11-09 12:20:29][__main__	][INFO	] TRAIN at global step #103 Epoch #2 Step #55 / 151: loss:2.1212, precision: 21.7798
[2021-11-09 12:20:36][__main__	][INFO	] TRAIN at global step #104 Epoch #2 Step #57 / 151: loss:2.0652, precision: 17.3942
[2021-11-09 12:20:44][__main__	][INFO	] TRAIN at global step #105 Epoch #2 Step #59 / 151: loss:2.0030, precision: 24.4990
[2021-11-09 12:20:51][__main__	][INFO	] TRAIN at global step #106 Epoch #2 Step #61 / 151: loss:2.1087, precision: 17.1324
[2021-11-09 12:20:59][__main__	][INFO	] TRAIN at global step #107 Epoch #2 Step #63 / 151: loss:1.9791, precision: 26.6669
[2021-11-09 12:21:06][__main__	][INFO	] TRAIN at global step #108 Epoch #2 Step #65 / 151: loss:2.0607, precision: 19.3798
[2021-11-09 12:21:13][__main__	][INFO	] TRAIN at global step #109 Epoch #2 Step #67 / 151: loss:2.0690, precision: 24.7254
[2021-11-09 12:21:18][__main__	][INFO	] TRAIN at global step #110 Epoch #2 Step #69 / 151: loss:2.0818, precision: 23.0306
[2021-11-09 12:21:26][__main__	][INFO	] TRAIN at global step #111 Epoch #2 Step #71 / 151: loss:1.8990, precision: 24.5951
[2021-11-09 12:21:32][__main__	][INFO	] TRAIN at global step #112 Epoch #2 Step #73 / 151: loss:2.1554, precision: 20.4323
[2021-11-09 12:21:37][__main__	][INFO	] TRAIN at global step #113 Epoch #2 Step #75 / 151: loss:1.9887, precision: 26.6102
[2021-11-09 12:21:43][__main__	][INFO	] TRAIN at global step #114 Epoch #2 Step #77 / 151: loss:2.1963, precision: 16.9297
[2021-11-09 12:21:51][__main__	][INFO	] TRAIN at global step #115 Epoch #2 Step #79 / 151: loss:2.1981, precision: 19.2342
[2021-11-09 12:21:58][__main__	][INFO	] TRAIN at global step #116 Epoch #2 Step #81 / 151: loss:2.1127, precision: 21.6890
[2021-11-09 12:22:05][__main__	][INFO	] TRAIN at global step #117 Epoch #2 Step #83 / 151: loss:2.2473, precision: 15.9852
[2021-11-09 12:22:11][__main__	][INFO	] TRAIN at global step #118 Epoch #2 Step #85 / 151: loss:2.0164, precision: 22.1477
[2021-11-09 12:22:19][__main__	][INFO	] TRAIN at global step #119 Epoch #2 Step #87 / 151: loss:1.9245, precision: 24.4836
[2021-11-09 12:22:27][__main__	][INFO	] TRAIN at global step #120 Epoch #2 Step #89 / 151: loss:2.1085, precision: 21.4824
[2021-11-09 12:22:34][__main__	][INFO	] TRAIN at global step #121 Epoch #2 Step #91 / 151: loss:2.1101, precision: 21.2643
[2021-11-09 12:22:39][__main__	][INFO	] TRAIN at global step #122 Epoch #2 Step #93 / 151: loss:1.9774, precision: 27.4023
[2021-11-09 12:22:46][__main__	][INFO	] TRAIN at global step #123 Epoch #2 Step #95 / 151: loss:1.8434, precision: 26.4289
[2021-11-09 12:22:52][__main__	][INFO	] TRAIN at global step #124 Epoch #2 Step #97 / 151: loss:1.9829, precision: 22.4101
[2021-11-09 12:23:00][__main__	][INFO	] TRAIN at global step #125 Epoch #2 Step #99 / 151: loss:2.0628, precision: 19.4748
[2021-11-09 12:23:07][__main__	][INFO	] TRAIN at global step #126 Epoch #2 Step #101 / 151: loss:1.9792, precision: 24.6401
[2021-11-09 12:23:16][__main__	][INFO	] TRAIN at global step #127 Epoch #2 Step #103 / 151: loss:2.2746, precision: 15.5214
[2021-11-09 12:23:24][__main__	][INFO	] TRAIN at global step #128 Epoch #2 Step #105 / 151: loss:2.2011, precision: 16.4298
[2021-11-09 12:23:30][__main__	][INFO	] TRAIN at global step #129 Epoch #2 Step #107 / 151: loss:2.1134, precision: 20.0220
[2021-11-09 12:23:36][__main__	][INFO	] TRAIN at global step #130 Epoch #2 Step #109 / 151: loss:1.9707, precision: 23.4360
[2021-11-09 12:23:42][__main__	][INFO	] TRAIN at global step #131 Epoch #2 Step #111 / 151: loss:1.9445, precision: 26.5834
[2021-11-09 12:23:48][__main__	][INFO	] TRAIN at global step #132 Epoch #2 Step #113 / 151: loss:2.1184, precision: 19.5287
[2021-11-09 12:23:55][__main__	][INFO	] TRAIN at global step #133 Epoch #2 Step #115 / 151: loss:2.0184, precision: 23.1184
[2021-11-09 12:24:01][__main__	][INFO	] TRAIN at global step #134 Epoch #2 Step #117 / 151: loss:1.8816, precision: 28.6753
[2021-11-09 12:24:06][__main__	][INFO	] TRAIN at global step #135 Epoch #2 Step #119 / 151: loss:1.8091, precision: 26.9625
[2021-11-09 12:24:13][__main__	][INFO	] TRAIN at global step #136 Epoch #2 Step #121 / 151: loss:2.0548, precision: 18.8338
[2021-11-09 12:24:19][__main__	][INFO	] TRAIN at global step #137 Epoch #2 Step #123 / 151: loss:1.8129, precision: 28.0796
[2021-11-09 12:24:27][__main__	][INFO	] TRAIN at global step #138 Epoch #2 Step #125 / 151: loss:1.9827, precision: 24.6716
[2021-11-09 12:24:35][__main__	][INFO	] TRAIN at global step #139 Epoch #2 Step #127 / 151: loss:2.0287, precision: 19.5730
[2021-11-09 12:24:40][__main__	][INFO	] TRAIN at global step #140 Epoch #2 Step #129 / 151: loss:2.0736, precision: 18.7782
[2021-11-09 12:24:47][__main__	][INFO	] TRAIN at global step #141 Epoch #2 Step #131 / 151: loss:1.9074, precision: 20.4361
[2021-11-09 12:24:53][__main__	][INFO	] TRAIN at global step #142 Epoch #2 Step #133 / 151: loss:1.9286, precision: 24.5117
[2021-11-09 12:25:00][__main__	][INFO	] TRAIN at global step #143 Epoch #2 Step #135 / 151: loss:2.0261, precision: 23.0334
[2021-11-09 12:25:06][__main__	][INFO	] TRAIN at global step #144 Epoch #2 Step #137 / 151: loss:1.9263, precision: 28.7014
[2021-11-09 12:25:13][__main__	][INFO	] TRAIN at global step #145 Epoch #2 Step #139 / 151: loss:1.9480, precision: 21.3127
[2021-11-09 12:25:19][__main__	][INFO	] TRAIN at global step #146 Epoch #2 Step #141 / 151: loss:1.7875, precision: 25.3038
[2021-11-09 12:25:25][__main__	][INFO	] TRAIN at global step #147 Epoch #2 Step #143 / 151: loss:1.6892, precision: 30.0557
[2021-11-09 12:25:33][__main__	][INFO	] TRAIN at global step #148 Epoch #2 Step #145 / 151: loss:1.9528, precision: 21.2743
[2021-11-09 12:25:40][__main__	][INFO	] TRAIN at global step #149 Epoch #2 Step #147 / 151: loss:1.7438, precision: 27.4176
[2021-11-09 12:25:47][__main__	][INFO	] TRAIN at global step #150 Epoch #2 Step #149 / 151: loss:1.7850, precision: 26.1946
[2021-11-09 12:25:53][__main__	][INFO	] ---> inference #0 of 39 loss: 1.3167 iou: 0.1086
[2021-11-09 12:25:54][__main__	][INFO	] ---> inference #1 of 39 loss: 1.5950 iou: 0.1026
[2021-11-09 12:25:55][__main__	][INFO	] ---> inference #2 of 39 loss: 1.5557 iou: 0.0940
[2021-11-09 12:25:56][__main__	][INFO	] ---> inference #3 of 39 loss: 1.1478 iou: 0.1171
[2021-11-09 12:25:57][__main__	][INFO	] ---> inference #4 of 39 loss: 1.2840 iou: 0.1150
[2021-11-09 12:25:58][__main__	][INFO	] ---> inference #5 of 39 loss: 1.3866 iou: 0.1076
[2021-11-09 12:25:58][__main__	][INFO	] ---> inference #6 of 39 loss: 1.7731 iou: 0.0835
[2021-11-09 12:26:00][__main__	][INFO	] ---> inference #7 of 39 loss: 1.1451 iou: 0.1211
[2021-11-09 12:26:01][__main__	][INFO	] ---> inference #8 of 39 loss: 1.6833 iou: 0.0776
[2021-11-09 12:26:03][__main__	][INFO	] ---> inference #9 of 39 loss: 1.6224 iou: 0.0976
[2021-11-09 12:26:04][__main__	][INFO	] ---> inference #10 of 39 loss: 1.5479 iou: 0.0936
[2021-11-09 12:26:05][__main__	][INFO	] ---> inference #11 of 39 loss: 1.5658 iou: 0.0806
[2021-11-09 12:26:06][__main__	][INFO	] ---> inference #12 of 39 loss: 1.1750 iou: 0.0894
[2021-11-09 12:26:07][__main__	][INFO	] ---> inference #13 of 39 loss: 1.3307 iou: 0.1025
[2021-11-09 12:26:08][__main__	][INFO	] ---> inference #14 of 39 loss: 1.4766 iou: 0.1006
[2021-11-09 12:26:09][__main__	][INFO	] ---> inference #15 of 39 loss: 1.4744 iou: 0.0928
[2021-11-09 12:26:10][__main__	][INFO	] ---> inference #16 of 39 loss: 1.6588 iou: 0.0874
[2021-11-09 12:26:10][__main__	][INFO	] ---> inference #17 of 39 loss: 1.2674 iou: 0.0965
[2021-11-09 12:26:12][__main__	][INFO	] ---> inference #18 of 39 loss: 1.4764 iou: 0.1074
[2021-11-09 12:26:12][__main__	][INFO	] ---> inference #19 of 39 loss: 1.6166 iou: 0.0881
[2021-11-09 12:26:14][__main__	][INFO	] ---> inference #20 of 39 loss: 1.6072 iou: 0.0947
[2021-11-09 12:26:15][__main__	][INFO	] ---> inference #21 of 39 loss: 1.3449 iou: 0.1090
[2021-11-09 12:26:15][__main__	][INFO	] ---> inference #22 of 39 loss: 1.4305 iou: 0.1066
[2021-11-09 12:26:17][__main__	][INFO	] ---> inference #23 of 39 loss: 1.4199 iou: 0.0907
[2021-11-09 12:26:18][__main__	][INFO	] ---> inference #24 of 39 loss: 1.1552 iou: 0.1223
[2021-11-09 12:26:18][__main__	][INFO	] ---> inference #25 of 39 loss: 1.7575 iou: 0.0982
[2021-11-09 12:26:20][__main__	][INFO	] ---> inference #26 of 39 loss: 1.5066 iou: 0.0877
[2021-11-09 12:26:20][__main__	][INFO	] ---> inference #27 of 39 loss: 1.3963 iou: 0.1072
[2021-11-09 12:26:22][__main__	][INFO	] ---> inference #28 of 39 loss: 1.5569 iou: 0.0943
[2021-11-09 12:26:23][__main__	][INFO	] ---> inference #29 of 39 loss: 1.4189 iou: 0.0998
[2021-11-09 12:26:24][__main__	][INFO	] ---> inference #30 of 39 loss: 1.5401 iou: 0.1021
[2021-11-09 12:26:25][__main__	][INFO	] ---> inference #31 of 39 loss: 1.4400 iou: 0.1103
[2021-11-09 12:26:26][__main__	][INFO	] ---> inference #32 of 39 loss: 1.3002 iou: 0.1159
[2021-11-09 12:26:27][__main__	][INFO	] ---> inference #33 of 39 loss: 1.4318 iou: 0.1044
[2021-11-09 12:26:28][__main__	][INFO	] ---> inference #34 of 39 loss: 1.6843 iou: 0.0729
[2021-11-09 12:26:28][__main__	][INFO	] ---> inference #35 of 39 loss: 1.4976 iou: 0.0991
[2021-11-09 12:26:29][__main__	][INFO	] ---> inference #36 of 39 loss: 1.8245 iou: 0.0885
[2021-11-09 12:26:30][__main__	][INFO	] ---> inference #37 of 39 loss: 1.7288 iou: 0.0860
[2021-11-09 12:26:31][__main__	][INFO	] ---> inference #38 of 39 loss: 1.9823 iou: 0.0716
[2021-11-09 12:26:31][__main__	][INFO	] VAL   at global step #150: loss (avg): 1.4903, iou (avg): 0.0981
[2021-11-09 12:26:31][__main__	][INFO	] VAL   at global step #150: iou (cls#0): 0.5529
[2021-11-09 12:26:31][__main__	][INFO	] VAL   at global step #150: iou (cls#1): 0.8474
[2021-11-09 12:26:31][__main__	][INFO	] VAL   at global step #150: iou (cls#2): 0.0198
[2021-11-09 12:26:31][__main__	][INFO	] VAL   at global step #150: iou (cls#3): 0.0000
[2021-11-09 12:26:31][__main__	][INFO	] VAL   at global step #150: iou (cls#4): 0.2189
[2021-11-09 12:26:31][__main__	][INFO	] VAL   at global step #150: iou (cls#5): 0.0000
[2021-11-09 12:26:31][__main__	][INFO	] VAL   at global step #150: iou (cls#6): 0.1930
[2021-11-09 12:26:31][__main__	][INFO	] VAL   at global step #150: iou (cls#7): 0.0015
[2021-11-09 12:26:31][__main__	][INFO	] VAL   at global step #150: iou (cls#8): 0.1156
[2021-11-09 12:26:31][__main__	][INFO	] VAL   at global step #150: iou (cls#9): 0.0123
[2021-11-09 12:26:31][__main__	][INFO	] VAL   at global step #150: iou (cls#10): 0.0000
[2021-11-09 12:26:31][__main__	][INFO	] VAL   at global step #150: iou (cls#11): 0.0000
[2021-11-09 12:26:31][__main__	][INFO	] VAL   at global step #150: iou (cls#12): 0.0000
[2021-11-09 12:26:31][__main__	][INFO	] VAL   at global step #150: iou (cls#13): 0.0000
[2021-11-09 12:26:31][__main__	][INFO	] VAL   at global step #150: iou (cls#14): 0.0000
[2021-11-09 12:26:31][__main__	][INFO	] VAL   at global step #150: iou (cls#15): 0.0000
[2021-11-09 12:26:31][__main__	][INFO	] VAL   at global step #150: iou (cls#16): 0.0000
[2021-11-09 12:26:31][__main__	][INFO	] VAL   at global step #150: iou (cls#17): 0.0000
[2021-11-09 12:26:31][__main__	][INFO	] VAL   at global step #150: iou (cls#18): 0.0000
[2021-11-09 12:26:31][__main__	][INFO	] VAL   at global step #150: iou (cls#19): 0.0000
[2021-11-09 12:26:31][__main__	][INFO	] Better checkpoint saved
[2021-11-09 12:26:37][__main__	][INFO	] TRAIN at global step #151 Epoch #2 Step #151 / 151: loss:2.1009, precision: 21.5530
[2021-11-09 12:26:38][__main__	][INFO	] Checkpoint at epoch #1 saved
[2021-11-09 12:26:53][__main__	][INFO	] TRAIN at global step #152 Epoch #3 Step #2 / 151: loss:2.1593, precision: 17.0481
[2021-11-09 12:27:00][__main__	][INFO	] TRAIN at global step #153 Epoch #3 Step #4 / 151: loss:1.8098, precision: 26.5693
[2021-11-09 12:27:05][__main__	][INFO	] TRAIN at global step #154 Epoch #3 Step #6 / 151: loss:1.9330, precision: 25.0979
[2021-11-09 12:27:12][__main__	][INFO	] TRAIN at global step #155 Epoch #3 Step #8 / 151: loss:1.8380, precision: 25.8935
[2021-11-09 12:27:18][__main__	][INFO	] TRAIN at global step #156 Epoch #3 Step #10 / 151: loss:1.8470, precision: 24.7133
[2021-11-09 12:27:23][__main__	][INFO	] TRAIN at global step #157 Epoch #3 Step #12 / 151: loss:1.9347, precision: 22.6095
[2021-11-09 12:27:30][__main__	][INFO	] TRAIN at global step #158 Epoch #3 Step #14 / 151: loss:1.5985, precision: 33.0520
[2021-11-09 12:27:36][__main__	][INFO	] TRAIN at global step #159 Epoch #3 Step #16 / 151: loss:1.9417, precision: 25.8286
[2021-11-09 12:27:43][__main__	][INFO	] TRAIN at global step #160 Epoch #3 Step #18 / 151: loss:1.8840, precision: 23.0336
[2021-11-09 12:27:50][__main__	][INFO	] TRAIN at global step #161 Epoch #3 Step #20 / 151: loss:2.0349, precision: 19.3682
[2021-11-09 12:27:56][__main__	][INFO	] TRAIN at global step #162 Epoch #3 Step #22 / 151: loss:2.1810, precision: 15.4521
[2021-11-09 12:28:03][__main__	][INFO	] TRAIN at global step #163 Epoch #3 Step #24 / 151: loss:1.7255, precision: 29.9266
[2021-11-09 12:28:09][__main__	][INFO	] TRAIN at global step #164 Epoch #3 Step #26 / 151: loss:2.0382, precision: 18.7542
[2021-11-09 12:28:15][__main__	][INFO	] TRAIN at global step #165 Epoch #3 Step #28 / 151: loss:1.8176, precision: 28.0045
[2021-11-09 12:28:22][__main__	][INFO	] TRAIN at global step #166 Epoch #3 Step #30 / 151: loss:1.7889, precision: 26.6836
[2021-11-09 12:28:28][__main__	][INFO	] TRAIN at global step #167 Epoch #3 Step #32 / 151: loss:1.7423, precision: 27.1909
[2021-11-09 12:28:35][__main__	][INFO	] TRAIN at global step #168 Epoch #3 Step #34 / 151: loss:1.9408, precision: 22.4045
[2021-11-09 12:28:41][__main__	][INFO	] TRAIN at global step #169 Epoch #3 Step #36 / 151: loss:1.6972, precision: 27.0616
[2021-11-09 12:28:48][__main__	][INFO	] TRAIN at global step #170 Epoch #3 Step #38 / 151: loss:1.6941, precision: 31.6351
[2021-11-09 12:28:54][__main__	][INFO	] TRAIN at global step #171 Epoch #3 Step #40 / 151: loss:1.7176, precision: 30.7297
[2021-11-09 12:29:00][__main__	][INFO	] TRAIN at global step #172 Epoch #3 Step #42 / 151: loss:1.9642, precision: 24.4579
[2021-11-09 12:29:07][__main__	][INFO	] TRAIN at global step #173 Epoch #3 Step #44 / 151: loss:1.8576, precision: 22.1930
[2021-11-09 12:29:15][__main__	][INFO	] TRAIN at global step #174 Epoch #3 Step #46 / 151: loss:2.0138, precision: 21.5803
[2021-11-09 12:29:21][__main__	][INFO	] TRAIN at global step #175 Epoch #3 Step #48 / 151: loss:1.9433, precision: 19.4537
[2021-11-09 12:29:28][__main__	][INFO	] TRAIN at global step #176 Epoch #3 Step #50 / 151: loss:1.9189, precision: 21.9592
[2021-11-09 12:29:34][__main__	][INFO	] TRAIN at global step #177 Epoch #3 Step #52 / 151: loss:1.8993, precision: 23.6589
[2021-11-09 12:29:41][__main__	][INFO	] TRAIN at global step #178 Epoch #3 Step #54 / 151: loss:1.8201, precision: 21.3289
[2021-11-09 12:29:48][__main__	][INFO	] TRAIN at global step #179 Epoch #3 Step #56 / 151: loss:2.0491, precision: 16.2146
[2021-11-09 12:29:54][__main__	][INFO	] TRAIN at global step #180 Epoch #3 Step #58 / 151: loss:1.9345, precision: 19.6418
[2021-11-09 12:30:01][__main__	][INFO	] TRAIN at global step #181 Epoch #3 Step #60 / 151: loss:1.9747, precision: 20.7897
[2021-11-09 12:30:08][__main__	][INFO	] TRAIN at global step #182 Epoch #3 Step #62 / 151: loss:1.6964, precision: 30.1886
[2021-11-09 12:30:15][__main__	][INFO	] TRAIN at global step #183 Epoch #3 Step #64 / 151: loss:1.9657, precision: 23.1296
[2021-11-09 12:30:22][__main__	][INFO	] TRAIN at global step #184 Epoch #3 Step #66 / 151: loss:1.9557, precision: 21.8190
[2021-11-09 12:30:28][__main__	][INFO	] TRAIN at global step #185 Epoch #3 Step #68 / 151: loss:1.7858, precision: 25.0911
[2021-11-09 12:30:34][__main__	][INFO	] TRAIN at global step #186 Epoch #3 Step #70 / 151: loss:1.8237, precision: 26.5029
[2021-11-09 12:30:41][__main__	][INFO	] TRAIN at global step #187 Epoch #3 Step #72 / 151: loss:1.6577, precision: 29.5127
[2021-11-09 12:30:48][__main__	][INFO	] TRAIN at global step #188 Epoch #3 Step #74 / 151: loss:1.6660, precision: 28.8449
[2021-11-09 12:30:55][__main__	][INFO	] TRAIN at global step #189 Epoch #3 Step #76 / 151: loss:1.7830, precision: 29.3971
[2021-11-09 12:31:01][__main__	][INFO	] TRAIN at global step #190 Epoch #3 Step #78 / 151: loss:1.7672, precision: 25.0286
[2021-11-09 12:31:08][__main__	][INFO	] TRAIN at global step #191 Epoch #3 Step #80 / 151: loss:2.1897, precision: 13.9132
[2021-11-09 12:31:17][__main__	][INFO	] TRAIN at global step #192 Epoch #3 Step #82 / 151: loss:1.7802, precision: 26.0604
[2021-11-09 12:31:26][__main__	][INFO	] TRAIN at global step #193 Epoch #3 Step #84 / 151: loss:1.8918, precision: 22.9557
[2021-11-09 12:31:32][__main__	][INFO	] TRAIN at global step #194 Epoch #3 Step #86 / 151: loss:1.8321, precision: 24.3871
[2021-11-09 12:31:40][__main__	][INFO	] TRAIN at global step #195 Epoch #3 Step #88 / 151: loss:1.7606, precision: 30.6142
[2021-11-09 12:31:48][__main__	][INFO	] TRAIN at global step #196 Epoch #3 Step #90 / 151: loss:1.9268, precision: 23.0643
[2021-11-09 12:31:54][__main__	][INFO	] TRAIN at global step #197 Epoch #3 Step #92 / 151: loss:1.8439, precision: 22.3239
[2021-11-09 12:32:00][__main__	][INFO	] TRAIN at global step #198 Epoch #3 Step #94 / 151: loss:1.8968, precision: 23.3987
[2021-11-09 12:32:06][__main__	][INFO	] TRAIN at global step #199 Epoch #3 Step #96 / 151: loss:1.8527, precision: 24.8920
[2021-11-09 12:32:12][__main__	][INFO	] TRAIN at global step #200 Epoch #3 Step #98 / 151: loss:1.8319, precision: 21.0468
[2021-11-09 12:32:20][__main__	][INFO	] TRAIN at global step #201 Epoch #3 Step #100 / 151: loss:1.6377, precision: 29.1230
[2021-11-09 12:32:27][__main__	][INFO	] TRAIN at global step #202 Epoch #3 Step #102 / 151: loss:1.7861, precision: 23.7136
[2021-11-09 12:32:35][__main__	][INFO	] TRAIN at global step #203 Epoch #3 Step #104 / 151: loss:1.7101, precision: 26.5825
[2021-11-09 12:32:43][__main__	][INFO	] TRAIN at global step #204 Epoch #3 Step #106 / 151: loss:1.7841, precision: 24.5319
[2021-11-09 12:32:51][__main__	][INFO	] TRAIN at global step #205 Epoch #3 Step #108 / 151: loss:1.6945, precision: 29.4386
[2021-11-09 12:32:57][__main__	][INFO	] TRAIN at global step #206 Epoch #3 Step #110 / 151: loss:1.6965, precision: 30.7832
[2021-11-09 12:33:04][__main__	][INFO	] TRAIN at global step #207 Epoch #3 Step #112 / 151: loss:1.8149, precision: 24.0847
[2021-11-09 12:33:10][__main__	][INFO	] TRAIN at global step #208 Epoch #3 Step #114 / 151: loss:1.9598, precision: 20.2491
[2021-11-09 12:33:17][__main__	][INFO	] TRAIN at global step #209 Epoch #3 Step #116 / 151: loss:1.9701, precision: 18.0010
[2021-11-09 12:33:24][__main__	][INFO	] TRAIN at global step #210 Epoch #3 Step #118 / 151: loss:1.6459, precision: 34.7079
[2021-11-09 12:33:30][__main__	][INFO	] TRAIN at global step #211 Epoch #3 Step #120 / 151: loss:1.6972, precision: 31.3616
[2021-11-09 12:33:37][__main__	][INFO	] TRAIN at global step #212 Epoch #3 Step #122 / 151: loss:1.9248, precision: 22.2008
[2021-11-09 12:33:44][__main__	][INFO	] TRAIN at global step #213 Epoch #3 Step #124 / 151: loss:1.7108, precision: 29.4517
[2021-11-09 12:33:51][__main__	][INFO	] TRAIN at global step #214 Epoch #3 Step #126 / 151: loss:1.8003, precision: 29.3825
[2021-11-09 12:33:57][__main__	][INFO	] TRAIN at global step #215 Epoch #3 Step #128 / 151: loss:1.8020, precision: 27.0612
[2021-11-09 12:34:04][__main__	][INFO	] TRAIN at global step #216 Epoch #3 Step #130 / 151: loss:1.9581, precision: 22.5400
[2021-11-09 12:34:09][__main__	][INFO	] TRAIN at global step #217 Epoch #3 Step #132 / 151: loss:1.8211, precision: 25.9084
[2021-11-09 12:34:15][__main__	][INFO	] TRAIN at global step #218 Epoch #3 Step #134 / 151: loss:1.7612, precision: 22.6820
[2021-11-09 12:34:21][__main__	][INFO	] TRAIN at global step #219 Epoch #3 Step #136 / 151: loss:1.6750, precision: 30.3151
[2021-11-09 12:34:26][__main__	][INFO	] TRAIN at global step #220 Epoch #3 Step #138 / 151: loss:2.0170, precision: 20.8945
[2021-11-09 12:34:33][__main__	][INFO	] TRAIN at global step #221 Epoch #3 Step #140 / 151: loss:1.6713, precision: 31.8607
[2021-11-09 12:34:38][__main__	][INFO	] TRAIN at global step #222 Epoch #3 Step #142 / 151: loss:1.9158, precision: 21.2360
[2021-11-09 12:34:43][__main__	][INFO	] TRAIN at global step #223 Epoch #3 Step #144 / 151: loss:1.8660, precision: 24.0629
[2021-11-09 12:34:50][__main__	][INFO	] TRAIN at global step #224 Epoch #3 Step #146 / 151: loss:1.7724, precision: 26.4229
[2021-11-09 12:34:57][__main__	][INFO	] TRAIN at global step #225 Epoch #3 Step #148 / 151: loss:1.8404, precision: 20.9644
[2021-11-09 12:35:03][__main__	][INFO	] TRAIN at global step #226 Epoch #3 Step #150 / 151: loss:2.0538, precision: 17.8250
[2021-11-09 12:35:05][__main__	][INFO	] Checkpoint at epoch #2 saved
[2021-11-09 12:35:12][__main__	][INFO	] TRAIN at global step #227 Epoch #4 Step #1 / 151: loss:2.1406, precision: 16.0275
[2021-11-09 12:35:18][__main__	][INFO	] TRAIN at global step #228 Epoch #4 Step #3 / 151: loss:2.0052, precision: 18.4170
[2021-11-09 12:35:25][__main__	][INFO	] TRAIN at global step #229 Epoch #4 Step #5 / 151: loss:1.9350, precision: 19.8663
[2021-11-09 12:35:31][__main__	][INFO	] TRAIN at global step #230 Epoch #4 Step #7 / 151: loss:1.7483, precision: 22.7010
[2021-11-09 12:35:37][__main__	][INFO	] TRAIN at global step #231 Epoch #4 Step #9 / 151: loss:1.5720, precision: 26.3949
[2021-11-09 12:35:42][__main__	][INFO	] TRAIN at global step #232 Epoch #4 Step #11 / 151: loss:1.7455, precision: 24.0031
[2021-11-09 12:35:49][__main__	][INFO	] TRAIN at global step #233 Epoch #4 Step #13 / 151: loss:1.7854, precision: 28.0755
[2021-11-09 12:35:57][__main__	][INFO	] TRAIN at global step #234 Epoch #4 Step #15 / 151: loss:1.7717, precision: 26.5534
[2021-11-09 12:36:03][__main__	][INFO	] TRAIN at global step #235 Epoch #4 Step #17 / 151: loss:1.8103, precision: 23.7445
[2021-11-09 12:36:10][__main__	][INFO	] TRAIN at global step #236 Epoch #4 Step #19 / 151: loss:1.6544, precision: 29.0596
[2021-11-09 12:36:16][__main__	][INFO	] TRAIN at global step #237 Epoch #4 Step #21 / 151: loss:1.7820, precision: 29.2913
[2021-11-09 12:36:23][__main__	][INFO	] TRAIN at global step #238 Epoch #4 Step #23 / 151: loss:1.6227, precision: 24.2810
[2021-11-09 12:36:27][__main__	][INFO	] TRAIN at global step #239 Epoch #4 Step #25 / 151: loss:1.9346, precision: 26.1639
[2021-11-09 12:36:33][__main__	][INFO	] TRAIN at global step #240 Epoch #4 Step #27 / 151: loss:1.7618, precision: 28.9081
[2021-11-09 12:36:42][__main__	][INFO	] TRAIN at global step #241 Epoch #4 Step #29 / 151: loss:1.6754, precision: 29.8677
[2021-11-09 12:36:50][__main__	][INFO	] TRAIN at global step #242 Epoch #4 Step #31 / 151: loss:1.9378, precision: 25.2401
[2021-11-09 12:36:57][__main__	][INFO	] TRAIN at global step #243 Epoch #4 Step #33 / 151: loss:2.0211, precision: 22.1145
[2021-11-09 12:37:02][__main__	][INFO	] TRAIN at global step #244 Epoch #4 Step #35 / 151: loss:1.5765, precision: 33.1391
[2021-11-09 12:37:08][__main__	][INFO	] TRAIN at global step #245 Epoch #4 Step #37 / 151: loss:1.6148, precision: 30.5182
[2021-11-09 12:37:14][__main__	][INFO	] TRAIN at global step #246 Epoch #4 Step #39 / 151: loss:1.9823, precision: 21.5575
[2021-11-09 12:37:22][__main__	][INFO	] TRAIN at global step #247 Epoch #4 Step #41 / 151: loss:1.6335, precision: 28.7665
[2021-11-09 12:37:27][__main__	][INFO	] TRAIN at global step #248 Epoch #4 Step #43 / 151: loss:1.5969, precision: 27.2270
[2021-11-09 12:37:34][__main__	][INFO	] TRAIN at global step #249 Epoch #4 Step #45 / 151: loss:1.6810, precision: 28.9702
[2021-11-09 12:37:41][__main__	][INFO	] TRAIN at global step #250 Epoch #4 Step #47 / 151: loss:2.0808, precision: 18.8082
[2021-11-09 12:37:46][__main__	][INFO	] TRAIN at global step #251 Epoch #4 Step #49 / 151: loss:2.0294, precision: 18.7139
[2021-11-09 12:37:53][__main__	][INFO	] TRAIN at global step #252 Epoch #4 Step #51 / 151: loss:1.8131, precision: 24.1491
[2021-11-09 12:37:59][__main__	][INFO	] TRAIN at global step #253 Epoch #4 Step #53 / 151: loss:1.7869, precision: 28.0059
[2021-11-09 12:38:04][__main__	][INFO	] TRAIN at global step #254 Epoch #4 Step #55 / 151: loss:1.7436, precision: 25.0366
[2021-11-09 12:38:11][__main__	][INFO	] TRAIN at global step #255 Epoch #4 Step #57 / 151: loss:1.7600, precision: 26.2828
[2021-11-09 12:38:19][__main__	][INFO	] TRAIN at global step #256 Epoch #4 Step #59 / 151: loss:1.6931, precision: 30.9337
[2021-11-09 12:38:27][__main__	][INFO	] TRAIN at global step #257 Epoch #4 Step #61 / 151: loss:1.5951, precision: 31.6123
[2021-11-09 12:38:33][__main__	][INFO	] TRAIN at global step #258 Epoch #4 Step #63 / 151: loss:1.7986, precision: 24.7204
[2021-11-09 12:38:41][__main__	][INFO	] TRAIN at global step #259 Epoch #4 Step #65 / 151: loss:1.6514, precision: 30.0456
[2021-11-09 12:38:47][__main__	][INFO	] TRAIN at global step #260 Epoch #4 Step #67 / 151: loss:1.7581, precision: 24.2726
[2021-11-09 12:38:52][__main__	][INFO	] TRAIN at global step #261 Epoch #4 Step #69 / 151: loss:1.7615, precision: 27.0624
[2021-11-09 12:39:00][__main__	][INFO	] TRAIN at global step #262 Epoch #4 Step #71 / 151: loss:1.6289, precision: 25.0228
[2021-11-09 12:39:06][__main__	][INFO	] TRAIN at global step #263 Epoch #4 Step #73 / 151: loss:1.5821, precision: 30.3792
Traceback (most recent call last):
  File "new.py", line 1008, in <module>
    main()
  File "new.py", line 90, in main
    main_worker()
  File "new.py", line 213, in main_worker
    train(model, train_dataloader, val_dataloader, config, logger, rank=rank, world_size=world_size)
  File "new.py", line 743, in train
    loss.backward()
  File "/home/aidrive/tb5zhh/.conda/envs/tbw_3dscan/lib/python3.8/site-packages/torch/tensor.py", line 245, in backward
    torch.autograd.backward(self, gradient, retain_graph, create_graph, inputs=inputs)
  File "/home/aidrive/tb5zhh/.conda/envs/tbw_3dscan/lib/python3.8/site-packages/torch/autograd/__init__.py", line 145, in backward
    Variable._execution_engine.run_backward(
  File "/home/aidrive/tb5zhh/.conda/envs/tbw_3dscan/lib/python3.8/site-packages/torch/autograd/function.py", line 89, in apply
    return self._forward_cls.backward(self, *args)  # type: ignore
  File "/home/aidrive/tb5zhh/.conda/envs/tbw_3dscan/lib/python3.8/site-packages/MinkowskiEngine/MinkowskiConvolution.py", line 99, in backward
    grad_in_feat, grad_kernel = bw_fn(
RuntimeError: CUDA out of memory. Tried to allocate 482.00 MiB (GPU 0; 19.62 GiB total capacity; 17.44 GiB already allocated; 163.12 MiB free; 17.86 GiB reserved in total by PyTorch)

wandb: Waiting for W&B process to finish, PID 215392... (failed 1). Press ctrl-c to abort syncing.
wandb: - 0.05MB of 0.05MB uploaded (0.00MB deduped)wandb: \ 0.05MB of 0.05MB uploaded (0.00MB deduped)wandb: | 0.05MB of 0.09MB uploaded (0.00MB deduped)wandb: / 0.05MB of 0.09MB uploaded (0.00MB deduped)wandb: - 0.05MB of 0.09MB uploaded (0.00MB deduped)wandb: \ 0.05MB of 0.09MB uploaded (0.00MB deduped)wandb: | 0.05MB of 0.09MB uploaded (0.00MB deduped)wandb: / 0.09MB of 0.09MB uploaded (0.00MB deduped)wandb: - 0.09MB of 0.09MB uploaded (0.00MB deduped)wandb: \ 0.09MB of 0.09MB uploaded (0.00MB deduped)wandb: | 0.09MB of 0.09MB uploaded (0.00MB deduped)wandb: / 0.09MB of 0.09MB uploaded (0.00MB deduped)wandb: - 0.09MB of 0.09MB uploaded (0.00MB deduped)wandb: \ 0.09MB of 0.09MB uploaded (0.00MB deduped)wandb: | 0.09MB of 0.09MB uploaded (0.00MB deduped)wandb: / 0.09MB of 0.09MB uploaded (0.00MB deduped)wandb: - 0.09MB of 0.09MB uploaded (0.00MB deduped)wandb: \ 0.09MB of 0.09MB uploaded (0.00MB deduped)wandb:                                                                                
wandb: Run history:
wandb:     global_step ▁▁▁▂▂▂▂▂▂▃▃▃▃▃▃▄▄▄▄▄▅▅▅▅▅▅▆▆▆▆▆▆▇▇▇▇▇███
wandb:   learning rate ████▇▇▇▇▇▆▆▆▆▆▆▅▅▅▅▅▅▄▄▄▄▄▃▃▃▃▃▃▂▂▂▂▂▁▁▁
wandb:            loss █▆▅▄▅▅▅▄▆▄▆▅▄▄▄▄▄▄▄▅▄▄▃▄▃▃▃▃▃▂▂▂▃▄▂▂▂▁▂▂
wandb:      optim_step ▁▁▁▁▂▂▂▂▂▃▃▃▃▃▃▄▄▄▄▄▅▅▅▅▅▅▆▆▆▆▆▆▇▇▇▇▇███
wandb:       precision ▁▂▅▄▄▃▄▅▂▅▂▃▃▅▄▃▄▄▄▃▄▃▄▃▅▅▅▄▄▆▄▅▄▄▆▅▇█▅▅
wandb:        val_loss ▁
wandb:   val_miou_mean ▁
wandb:        val_step ▁
wandb: 
wandb: Run summary:
wandb:     global_step 263
wandb:   learning rate 0.09921
wandb:            loss 1.5821
wandb:      optim_step 263
wandb:       precision 30.37924
wandb:        val_loss 1.49034
wandb:   val_miou_mean 0.09807
wandb:        val_step 1
wandb: 
wandb: Synced 6 W&B file(s), 0 media file(s), 0 artifact file(s) and 1 other file(s)
wandb: Synced trim-dream-273: https://wandb.ai/tb5zhh/3dsp/runs/pkw4q1uo
wandb: Find logs at: ./wandb/run-20211109_120855-pkw4q1uo/logs/debug.log
wandb: 
