/home/aidrive/tb5zhh/.conda/envs/tbw_3dscan/lib/python3.8/site-packages/MinkowskiEngine/__init__.py:36: UserWarning: The environment variable `OMP_NUM_THREADS` not set. MinkowskiEngine will automatically set `OMP_NUM_THREADS=16`. If you want to set `OMP_NUM_THREADS` manually, please export it on the command line before running a python script. e.g. `export OMP_NUM_THREADS=12; python your_program.py`. It is recommended to set it below 24.
  warnings.warn(
[2021-11-08 22:16:33][__main__	][INFO	] Run with 1 cpu
[2021-11-08 22:16:33][__main__	][INFO	] Running config
[2021-11-08 22:16:33][__main__	][INFO	] --->                          model: Res16UNet34C
[2021-11-08 22:16:33][__main__	][INFO	] --->              conv1_kernel_size: 5
[2021-11-08 22:16:33][__main__	][INFO	] --->                        weights: checkpoints/pretrain_20000.pth
[2021-11-08 22:16:33][__main__	][INFO	] --->                       weights1: /home/aidrive1/workspace/luoly/dataset/final/min_weights/LR/unc/1/512/checkpoint_NoneRes16UNet34Cbest_val.pth
[2021-11-08 22:16:33][__main__	][INFO	] --->                       weights2: /home/aidrive1/workspace/luoly/dataset/final/min_weights/LR/512/1/checkpoint_NoneRes16UNet34Cbest_val.pth
[2021-11-08 22:16:33][__main__	][INFO	] --->                       weights3: /home/aidrive1/workspace/luoly/dataset/final/min_weights/LR/1024/1/checkpoint_NoneRes16UNet34Cbest_val.pth
[2021-11-08 22:16:33][__main__	][INFO	] --->        weights_for_inner_model: False
[2021-11-08 22:16:33][__main__	][INFO	] --->                      dilations: [1, 1, 1, 1]
[2021-11-08 22:16:33][__main__	][INFO	] --->                   wrapper_type: None
[2021-11-08 22:16:33][__main__	][INFO	] --->            wrapper_region_type: 1
[2021-11-08 22:16:33][__main__	][INFO	] --->            wrapper_kernel_size: 3
[2021-11-08 22:16:33][__main__	][INFO	] --->                     wrapper_lr: 0.1
[2021-11-08 22:16:33][__main__	][INFO	] --->           meanfield_iterations: 10
[2021-11-08 22:16:33][__main__	][INFO	] --->              crf_spatial_sigma: 1
[2021-11-08 22:16:33][__main__	][INFO	] --->            crf_chromatic_sigma: 12
[2021-11-08 22:16:33][__main__	][INFO	] --->                      optimizer: SGD
[2021-11-08 22:16:33][__main__	][INFO	] --->                             lr: 0.1
[2021-11-08 22:16:33][__main__	][INFO	] --->                   sgd_momentum: 0.9
[2021-11-08 22:16:33][__main__	][INFO	] --->                  sgd_dampening: 0.1
[2021-11-08 22:16:33][__main__	][INFO	] --->                     adam_beta1: 0.9
[2021-11-08 22:16:33][__main__	][INFO	] --->                     adam_beta2: 0.999
[2021-11-08 22:16:33][__main__	][INFO	] --->                   weight_decay: 0.0001
[2021-11-08 22:16:33][__main__	][INFO	] --->           param_histogram_freq: 100
[2021-11-08 22:16:33][__main__	][INFO	] --->           save_param_histogram: False
[2021-11-08 22:16:33][__main__	][INFO	] --->                      iter_size: 1
[2021-11-08 22:16:33][__main__	][INFO	] --->                    bn_momentum: 0.02
[2021-11-08 22:16:33][__main__	][INFO	] --->                      scheduler: PolyLR
[2021-11-08 22:16:33][__main__	][INFO	] --->                       max_iter: 30000
[2021-11-08 22:16:33][__main__	][INFO	] --->                      step_size: 20000.0
[2021-11-08 22:16:33][__main__	][INFO	] --->                     step_gamma: 0.1
[2021-11-08 22:16:33][__main__	][INFO	] --->                     poly_power: 0.9
[2021-11-08 22:16:33][__main__	][INFO	] --->                      exp_gamma: 0.95
[2021-11-08 22:16:33][__main__	][INFO	] --->                  exp_step_size: 445
[2021-11-08 22:16:33][__main__	][INFO	] --->                        log_dir: log
[2021-11-08 22:16:33][__main__	][INFO	] --->                       data_dir: data
[2021-11-08 22:16:33][__main__	][INFO	] --->                        dataset: ScannetVoxelization2cmDataset
[2021-11-08 22:16:33][__main__	][INFO	] --->                    testdataset: ScannetVoxelization2cmtestDataset
[2021-11-08 22:16:33][__main__	][INFO	] --->              temporal_dilation: 30
[2021-11-08 22:16:33][__main__	][INFO	] --->                temporal_numseq: 3
[2021-11-08 22:16:33][__main__	][INFO	] --->                      point_lim: -1
[2021-11-08 22:16:33][__main__	][INFO	] --->                  pre_point_lim: -1
[2021-11-08 22:16:33][__main__	][INFO	] --->                     batch_size: 1
[2021-11-08 22:16:33][__main__	][INFO	] --->                test_batch_size: 1
[2021-11-08 22:16:33][__main__	][INFO	] --->                     cache_data: False
[2021-11-08 22:16:33][__main__	][INFO	] --->                    num_workers: 4
[2021-11-08 22:16:33][__main__	][INFO	] --->                num_val_workers: 1
[2021-11-08 22:16:33][__main__	][INFO	] --->                   ignore_label: 255
[2021-11-08 22:16:33][__main__	][INFO	] --->          return_transformation: False
[2021-11-08 22:16:33][__main__	][INFO	] --->         ignore_duplicate_class: False
[2021-11-08 22:16:33][__main__	][INFO	] --->                   partial_crop: 0.0
[2021-11-08 22:16:33][__main__	][INFO	] --->          train_limit_numpoints: 0
[2021-11-08 22:16:33][__main__	][INFO	] --->                   synthia_path: /home/chrischoy/datasets/Synthia/Synthia4D
[2021-11-08 22:16:33][__main__	][INFO	] --->            synthia_camera_path: /home/chrischoy/datasets/Synthia/%s/CameraParams/
[2021-11-08 22:16:33][__main__	][INFO	] --->  synthia_camera_intrinsic_file: intrinsics.txt
[2021-11-08 22:16:33][__main__	][INFO	] ---> synthia_camera_extrinsics_file: Stereo_Right/Omni_F/%s.txt
[2021-11-08 22:16:33][__main__	][INFO	] --->         temporal_rand_dilation: False
[2021-11-08 22:16:33][__main__	][INFO	] --->           temporal_rand_numseq: False
[2021-11-08 22:16:33][__main__	][INFO	] --->                   scannet_path: /home/aidrive/tb5zhh/data/200_fit_sdouble/train
[2021-11-08 22:16:33][__main__	][INFO	] --->              scannet_test_path: /home/aidrive/tb5zhh/data/full/train
[2021-11-08 22:16:33][__main__	][INFO	] --->                stanford3d_path: /home/chrischoy/datasets/Stanford3D
[2021-11-08 22:16:33][__main__	][INFO	] --->                       is_train: True
[2021-11-08 22:16:33][__main__	][INFO	] --->                      stat_freq: 40
[2021-11-08 22:16:33][__main__	][INFO	] --->                 test_stat_freq: 100
[2021-11-08 22:16:33][__main__	][INFO	] --->                test_stat_freq1: 312
[2021-11-08 22:16:33][__main__	][INFO	] --->                      save_freq: 1000
[2021-11-08 22:16:33][__main__	][INFO	] --->                       val_freq: 2
[2021-11-08 22:16:33][__main__	][INFO	] --->               empty_cache_freq: 1
[2021-11-08 22:16:33][__main__	][INFO	] --->                    train_phase: train
[2021-11-08 22:16:33][__main__	][INFO	] --->                      val_phase: val
[2021-11-08 22:16:33][__main__	][INFO	] --->              overwrite_weights: True
[2021-11-08 22:16:33][__main__	][INFO	] --->                         resume: None
[2021-11-08 22:16:33][__main__	][INFO	] --->               resume_optimizer: True
[2021-11-08 22:16:33][__main__	][INFO	] --->                  eval_upsample: False
[2021-11-08 22:16:33][__main__	][INFO	] --->         lenient_weight_loading: False
[2021-11-08 22:16:33][__main__	][INFO	] --->         distributed_world_size: 2
[2021-11-08 22:16:33][__main__	][INFO	] --->               distributed_rank: 0
[2021-11-08 22:16:33][__main__	][INFO	] --->            distributed_backend: nccl
[2021-11-08 22:16:33][__main__	][INFO	] --->        distributed_init_method: 
[2021-11-08 22:16:33][__main__	][INFO	] --->               distributed_port: 10010
[2021-11-08 22:16:33][__main__	][INFO	] --->                      device_id: 0
[2021-11-08 22:16:33][__main__	][INFO	] --->           distributed_no_spawn: True
[2021-11-08 22:16:33][__main__	][INFO	] --->                    ddp_backend: c10d
[2021-11-08 22:16:33][__main__	][INFO	] --->                  bucket_cap_mb: 25
[2021-11-08 22:16:33][__main__	][INFO	] --->                   use_feat_aug: True
[2021-11-08 22:16:33][__main__	][INFO	] --->     data_aug_color_trans_ratio: 0.1
[2021-11-08 22:16:33][__main__	][INFO	] --->      data_aug_color_jitter_std: 0.05
[2021-11-08 22:16:33][__main__	][INFO	] --->                normalize_color: True
[2021-11-08 22:16:33][__main__	][INFO	] --->             data_aug_scale_min: 0.9
[2021-11-08 22:16:33][__main__	][INFO	] --->             data_aug_scale_max: 1.1
[2021-11-08 22:16:33][__main__	][INFO	] --->               data_aug_hue_max: 0.5
[2021-11-08 22:16:33][__main__	][INFO	] --->        data_aug_saturation_max: 0.2
[2021-11-08 22:16:33][__main__	][INFO	] --->                      visualize: False
[2021-11-08 22:16:33][__main__	][INFO	] --->          test_temporal_average: False
[2021-11-08 22:16:33][__main__	][INFO	] --->                 visualize_path: outputs/visualize
[2021-11-08 22:16:33][__main__	][INFO	] --->                save_prediction: False
[2021-11-08 22:16:33][__main__	][INFO	] --->                  save_pred_dir: outputs/pred
[2021-11-08 22:16:33][__main__	][INFO	] --->                     test_phase: test
[2021-11-08 22:16:33][__main__	][INFO	] --->   evaluate_original_pointcloud: False
[2021-11-08 22:16:33][__main__	][INFO	] --->       test_original_pointcloud: False
[2021-11-08 22:16:33][__main__	][INFO	] --->                        is_cuda: True
[2021-11-08 22:16:33][__main__	][INFO	] --->                      load_path: 
[2021-11-08 22:16:33][__main__	][INFO	] --->                       log_step: 50
[2021-11-08 22:16:33][__main__	][INFO	] --->                      log_level: INFO
[2021-11-08 22:16:33][__main__	][INFO	] --->                        num_gpu: 1
[2021-11-08 22:16:33][__main__	][INFO	] --->                           seed: 42
[2021-11-08 22:16:33][__main__	][INFO	] --->                       run_name: finetune_mixture_sdouble_0.1_200_Res16UNet34C
[2021-11-08 22:16:33][__main__	][INFO	] --->                      unc_round: 20
[2021-11-08 22:16:33][__main__	][INFO	] --->                 unc_result_dir: /
[2021-11-08 22:16:33][__main__	][INFO	] --->                          wandb: True
[2021-11-08 22:16:33][__main__	][INFO	] --->                  train_dataset: ScannetVoxelization2cmDataset
[2021-11-08 22:16:33][__main__	][INFO	] --->                    val_dataset: ScannetVoxelization2cmtestDataset
[2021-11-08 22:16:33][__main__	][INFO	] --->                 checkpoint_dir: checkpoints
[2021-11-08 22:16:33][__main__	][INFO	] --->                     optim_step: 1
[2021-11-08 22:16:33][__main__	][INFO	] --->                  validate_step: 150
[2021-11-08 22:16:33][__main__	][INFO	] --->                    train_epoch: 20000
[2021-11-08 22:16:33][__main__	][INFO	] --->               train_batch_size: 8
[2021-11-08 22:16:33][__main__	][INFO	] --->                 val_batch_size: 8
[2021-11-08 22:16:33][__main__	][INFO	] --->                eval_result_dir: /
[2021-11-08 22:16:33][__main__	][INFO	] --->                  unc_stat_path: /
[2021-11-08 22:16:33][__main__	][INFO	] --->                     save_epoch: 1
[2021-11-08 22:16:33][__main__	][INFO	] --->                   ignore_index: 255
[2021-11-08 22:16:33][__main__	][INFO	] --->                       do_train: True
[2021-11-08 22:16:33][__main__	][INFO	] --->               do_unc_inference: False
[2021-11-08 22:16:33][__main__	][INFO	] --->                    do_unc_demo: False
[2021-11-08 22:16:33][__main__	][INFO	] --->                    unc_dataset: 
[2021-11-08 22:16:33][__main__	][INFO	] --->           do_verbose_inference: False
[2021-11-08 22:16:33][__main__	][INFO	] --->                  do_unc_render: False
[2021-11-08 22:16:41][__main__	][INFO	] Weights loaded from checkpoints/pretrain_20000.pth
[2021-11-08 22:16:41][__main__	][INFO	] Model setup done
[2021-11-08 22:16:41][__main__	][INFO	] 
Res16UNet34C(
  (conv0p1s1): MinkowskiConvolution(in=3, out=32, kernel_size=[5, 5, 5], stride=[1, 1, 1], dilation=[1, 1, 1])
  (bn0): MinkowskiBatchNorm(32, eps=1e-05, momentum=0.02, affine=True, track_running_stats=True)
  (conv1p1s2): MinkowskiConvolution(in=32, out=32, kernel_size=[2, 2, 2], stride=[2, 2, 2], dilation=[1, 1, 1])
  (bn1): MinkowskiBatchNorm(32, eps=1e-05, momentum=0.02, affine=True, track_running_stats=True)
  (block1): Sequential(
    (0): BasicBlock(
      (conv1): MinkowskiConvolution(in=32, out=32, kernel_size=[3, 3, 3], stride=[1, 1, 1], dilation=[1, 1, 1])
      (norm1): MinkowskiBatchNorm(32, eps=1e-05, momentum=0.1, affine=True, track_running_stats=True)
      (conv2): MinkowskiConvolution(in=32, out=32, kernel_size=[3, 3, 3], stride=[1, 1, 1], dilation=[1, 1, 1])
      (norm2): MinkowskiBatchNorm(32, eps=1e-05, momentum=0.1, affine=True, track_running_stats=True)
      (relu): MinkowskiReLU()
    )
    (1): BasicBlock(
      (conv1): MinkowskiConvolution(in=32, out=32, kernel_size=[3, 3, 3], stride=[1, 1, 1], dilation=[1, 1, 1])
      (norm1): MinkowskiBatchNorm(32, eps=1e-05, momentum=0.1, affine=True, track_running_stats=True)
      (conv2): MinkowskiConvolution(in=32, out=32, kernel_size=[3, 3, 3], stride=[1, 1, 1], dilation=[1, 1, 1])
      (norm2): MinkowskiBatchNorm(32, eps=1e-05, momentum=0.1, affine=True, track_running_stats=True)
      (relu): MinkowskiReLU()
    )
  )
  (conv2p2s2): MinkowskiConvolution(in=32, out=32, kernel_size=[2, 2, 2], stride=[2, 2, 2], dilation=[1, 1, 1])
  (bn2): MinkowskiBatchNorm(32, eps=1e-05, momentum=0.02, affine=True, track_running_stats=True)
  (block2): Sequential(
    (0): BasicBlock(
      (conv1): MinkowskiConvolution(in=32, out=64, kernel_size=[3, 3, 3], stride=[1, 1, 1], dilation=[1, 1, 1])
      (norm1): MinkowskiBatchNorm(64, eps=1e-05, momentum=0.1, affine=True, track_running_stats=True)
      (conv2): MinkowskiConvolution(in=64, out=64, kernel_size=[3, 3, 3], stride=[1, 1, 1], dilation=[1, 1, 1])
      (norm2): MinkowskiBatchNorm(64, eps=1e-05, momentum=0.1, affine=True, track_running_stats=True)
      (relu): MinkowskiReLU()
      (downsample): Sequential(
        (0): MinkowskiConvolution(in=32, out=64, kernel_size=[1, 1, 1], stride=[1, 1, 1], dilation=[1, 1, 1])
        (1): MinkowskiBatchNorm(64, eps=1e-05, momentum=0.02, affine=True, track_running_stats=True)
      )
    )
    (1): BasicBlock(
      (conv1): MinkowskiConvolution(in=64, out=64, kernel_size=[3, 3, 3], stride=[1, 1, 1], dilation=[1, 1, 1])
      (norm1): MinkowskiBatchNorm(64, eps=1e-05, momentum=0.1, affine=True, track_running_stats=True)
      (conv2): MinkowskiConvolution(in=64, out=64, kernel_size=[3, 3, 3], stride=[1, 1, 1], dilation=[1, 1, 1])
      (norm2): MinkowskiBatchNorm(64, eps=1e-05, momentum=0.1, affine=True, track_running_stats=True)
      (relu): MinkowskiReLU()
    )
    (2): BasicBlock(
      (conv1): MinkowskiConvolution(in=64, out=64, kernel_size=[3, 3, 3], stride=[1, 1, 1], dilation=[1, 1, 1])
      (norm1): MinkowskiBatchNorm(64, eps=1e-05, momentum=0.1, affine=True, track_running_stats=True)
      (conv2): MinkowskiConvolution(in=64, out=64, kernel_size=[3, 3, 3], stride=[1, 1, 1], dilation=[1, 1, 1])
      (norm2): MinkowskiBatchNorm(64, eps=1e-05, momentum=0.1, affine=True, track_running_stats=True)
      (relu): MinkowskiReLU()
    )
  )
  (conv3p4s2): MinkowskiConvolution(in=64, out=64, kernel_size=[2, 2, 2], stride=[2, 2, 2], dilation=[1, 1, 1])
  (bn3): MinkowskiBatchNorm(64, eps=1e-05, momentum=0.02, affine=True, track_running_stats=True)
  (block3): Sequential(
    (0): BasicBlock(
      (conv1): MinkowskiConvolution(in=64, out=128, kernel_size=[3, 3, 3], stride=[1, 1, 1], dilation=[1, 1, 1])
      (norm1): MinkowskiBatchNorm(128, eps=1e-05, momentum=0.1, affine=True, track_running_stats=True)
      (conv2): MinkowskiConvolution(in=128, out=128, kernel_size=[3, 3, 3], stride=[1, 1, 1], dilation=[1, 1, 1])
      (norm2): MinkowskiBatchNorm(128, eps=1e-05, momentum=0.1, affine=True, track_running_stats=True)
      (relu): MinkowskiReLU()
      (downsample): Sequential(
        (0): MinkowskiConvolution(in=64, out=128, kernel_size=[1, 1, 1], stride=[1, 1, 1], dilation=[1, 1, 1])
        (1): MinkowskiBatchNorm(128, eps=1e-05, momentum=0.02, affine=True, track_running_stats=True)
      )
    )
    (1): BasicBlock(
      (conv1): MinkowskiConvolution(in=128, out=128, kernel_size=[3, 3, 3], stride=[1, 1, 1], dilation=[1, 1, 1])
      (norm1): MinkowskiBatchNorm(128, eps=1e-05, momentum=0.1, affine=True, track_running_stats=True)
      (conv2): MinkowskiConvolution(in=128, out=128, kernel_size=[3, 3, 3], stride=[1, 1, 1], dilation=[1, 1, 1])
      (norm2): MinkowskiBatchNorm(128, eps=1e-05, momentum=0.1, affine=True, track_running_stats=True)
      (relu): MinkowskiReLU()
    )
    (2): BasicBlock(
      (conv1): MinkowskiConvolution(in=128, out=128, kernel_size=[3, 3, 3], stride=[1, 1, 1], dilation=[1, 1, 1])
      (norm1): MinkowskiBatchNorm(128, eps=1e-05, momentum=0.1, affine=True, track_running_stats=True)
      (conv2): MinkowskiConvolution(in=128, out=128, kernel_size=[3, 3, 3], stride=[1, 1, 1], dilation=[1, 1, 1])
      (norm2): MinkowskiBatchNorm(128, eps=1e-05, momentum=0.1, affine=True, track_running_stats=True)
      (relu): MinkowskiReLU()
    )
    (3): BasicBlock(
      (conv1): MinkowskiConvolution(in=128, out=128, kernel_size=[3, 3, 3], stride=[1, 1, 1], dilation=[1, 1, 1])
      (norm1): MinkowskiBatchNorm(128, eps=1e-05, momentum=0.1, affine=True, track_running_stats=True)
      (conv2): MinkowskiConvolution(in=128, out=128, kernel_size=[3, 3, 3], stride=[1, 1, 1], dilation=[1, 1, 1])
      (norm2): MinkowskiBatchNorm(128, eps=1e-05, momentum=0.1, affine=True, track_running_stats=True)
      (relu): MinkowskiReLU()
    )
  )
  (conv4p8s2): MinkowskiConvolution(in=128, out=128, kernel_size=[2, 2, 2], stride=[2, 2, 2], dilation=[1, 1, 1])
  (bn4): MinkowskiBatchNorm(128, eps=1e-05, momentum=0.02, affine=True, track_running_stats=True)
  (block4): Sequential(
    (0): BasicBlock(
      (conv1): MinkowskiConvolution(in=128, out=256, kernel_size=[3, 3, 3], stride=[1, 1, 1], dilation=[1, 1, 1])
      (norm1): MinkowskiBatchNorm(256, eps=1e-05, momentum=0.1, affine=True, track_running_stats=True)
      (conv2): MinkowskiConvolution(in=256, out=256, kernel_size=[3, 3, 3], stride=[1, 1, 1], dilation=[1, 1, 1])
      (norm2): MinkowskiBatchNorm(256, eps=1e-05, momentum=0.1, affine=True, track_running_stats=True)
      (relu): MinkowskiReLU()
      (downsample): Sequential(
        (0): MinkowskiConvolution(in=128, out=256, kernel_size=[1, 1, 1], stride=[1, 1, 1], dilation=[1, 1, 1])
        (1): MinkowskiBatchNorm(256, eps=1e-05, momentum=0.02, affine=True, track_running_stats=True)
      )
    )
    (1): BasicBlock(
      (conv1): MinkowskiConvolution(in=256, out=256, kernel_size=[3, 3, 3], stride=[1, 1, 1], dilation=[1, 1, 1])
      (norm1): MinkowskiBatchNorm(256, eps=1e-05, momentum=0.1, affine=True, track_running_stats=True)
      (conv2): MinkowskiConvolution(in=256, out=256, kernel_size=[3, 3, 3], stride=[1, 1, 1], dilation=[1, 1, 1])
      (norm2): MinkowskiBatchNorm(256, eps=1e-05, momentum=0.1, affine=True, track_running_stats=True)
      (relu): MinkowskiReLU()
    )
    (2): BasicBlock(
      (conv1): MinkowskiConvolution(in=256, out=256, kernel_size=[3, 3, 3], stride=[1, 1, 1], dilation=[1, 1, 1])
      (norm1): MinkowskiBatchNorm(256, eps=1e-05, momentum=0.1, affine=True, track_running_stats=True)
      (conv2): MinkowskiConvolution(in=256, out=256, kernel_size=[3, 3, 3], stride=[1, 1, 1], dilation=[1, 1, 1])
      (norm2): MinkowskiBatchNorm(256, eps=1e-05, momentum=0.1, affine=True, track_running_stats=True)
      (relu): MinkowskiReLU()
    )
    (3): BasicBlock(
      (conv1): MinkowskiConvolution(in=256, out=256, kernel_size=[3, 3, 3], stride=[1, 1, 1], dilation=[1, 1, 1])
      (norm1): MinkowskiBatchNorm(256, eps=1e-05, momentum=0.1, affine=True, track_running_stats=True)
      (conv2): MinkowskiConvolution(in=256, out=256, kernel_size=[3, 3, 3], stride=[1, 1, 1], dilation=[1, 1, 1])
      (norm2): MinkowskiBatchNorm(256, eps=1e-05, momentum=0.1, affine=True, track_running_stats=True)
      (relu): MinkowskiReLU()
    )
    (4): BasicBlock(
      (conv1): MinkowskiConvolution(in=256, out=256, kernel_size=[3, 3, 3], stride=[1, 1, 1], dilation=[1, 1, 1])
      (norm1): MinkowskiBatchNorm(256, eps=1e-05, momentum=0.1, affine=True, track_running_stats=True)
      (conv2): MinkowskiConvolution(in=256, out=256, kernel_size=[3, 3, 3], stride=[1, 1, 1], dilation=[1, 1, 1])
      (norm2): MinkowskiBatchNorm(256, eps=1e-05, momentum=0.1, affine=True, track_running_stats=True)
      (relu): MinkowskiReLU()
    )
    (5): BasicBlock(
      (conv1): MinkowskiConvolution(in=256, out=256, kernel_size=[3, 3, 3], stride=[1, 1, 1], dilation=[1, 1, 1])
      (norm1): MinkowskiBatchNorm(256, eps=1e-05, momentum=0.1, affine=True, track_running_stats=True)
      (conv2): MinkowskiConvolution(in=256, out=256, kernel_size=[3, 3, 3], stride=[1, 1, 1], dilation=[1, 1, 1])
      (norm2): MinkowskiBatchNorm(256, eps=1e-05, momentum=0.1, affine=True, track_running_stats=True)
      (relu): MinkowskiReLU()
    )
  )
  (convtr4p16s2): MinkowskiConvolutionTranspose(in=256, out=256, kernel_size=[2, 2, 2], stride=[2, 2, 2], dilation=[1, 1, 1])
  (bntr4): MinkowskiBatchNorm(256, eps=1e-05, momentum=0.02, affine=True, track_running_stats=True)
  (block5): Sequential(
    (0): BasicBlock(
      (conv1): MinkowskiConvolution(in=384, out=256, kernel_size=[3, 3, 3], stride=[1, 1, 1], dilation=[1, 1, 1])
      (norm1): MinkowskiBatchNorm(256, eps=1e-05, momentum=0.1, affine=True, track_running_stats=True)
      (conv2): MinkowskiConvolution(in=256, out=256, kernel_size=[3, 3, 3], stride=[1, 1, 1], dilation=[1, 1, 1])
      (norm2): MinkowskiBatchNorm(256, eps=1e-05, momentum=0.1, affine=True, track_running_stats=True)
      (relu): MinkowskiReLU()
      (downsample): Sequential(
        (0): MinkowskiConvolution(in=384, out=256, kernel_size=[1, 1, 1], stride=[1, 1, 1], dilation=[1, 1, 1])
        (1): MinkowskiBatchNorm(256, eps=1e-05, momentum=0.02, affine=True, track_running_stats=True)
      )
    )
    (1): BasicBlock(
      (conv1): MinkowskiConvolution(in=256, out=256, kernel_size=[3, 3, 3], stride=[1, 1, 1], dilation=[1, 1, 1])
      (norm1): MinkowskiBatchNorm(256, eps=1e-05, momentum=0.1, affine=True, track_running_stats=True)
      (conv2): MinkowskiConvolution(in=256, out=256, kernel_size=[3, 3, 3], stride=[1, 1, 1], dilation=[1, 1, 1])
      (norm2): MinkowskiBatchNorm(256, eps=1e-05, momentum=0.1, affine=True, track_running_stats=True)
      (relu): MinkowskiReLU()
    )
  )
  (convtr5p8s2): MinkowskiConvolutionTranspose(in=256, out=128, kernel_size=[2, 2, 2], stride=[2, 2, 2], dilation=[1, 1, 1])
  (bntr5): MinkowskiBatchNorm(128, eps=1e-05, momentum=0.02, affine=True, track_running_stats=True)
  (block6): Sequential(
    (0): BasicBlock(
      (conv1): MinkowskiConvolution(in=192, out=128, kernel_size=[3, 3, 3], stride=[1, 1, 1], dilation=[1, 1, 1])
      (norm1): MinkowskiBatchNorm(128, eps=1e-05, momentum=0.1, affine=True, track_running_stats=True)
      (conv2): MinkowskiConvolution(in=128, out=128, kernel_size=[3, 3, 3], stride=[1, 1, 1], dilation=[1, 1, 1])
      (norm2): MinkowskiBatchNorm(128, eps=1e-05, momentum=0.1, affine=True, track_running_stats=True)
      (relu): MinkowskiReLU()
      (downsample): Sequential(
        (0): MinkowskiConvolution(in=192, out=128, kernel_size=[1, 1, 1], stride=[1, 1, 1], dilation=[1, 1, 1])
        (1): MinkowskiBatchNorm(128, eps=1e-05, momentum=0.02, affine=True, track_running_stats=True)
      )
    )
    (1): BasicBlock(
      (conv1): MinkowskiConvolution(in=128, out=128, kernel_size=[3, 3, 3], stride=[1, 1, 1], dilation=[1, 1, 1])
      (norm1): MinkowskiBatchNorm(128, eps=1e-05, momentum=0.1, affine=True, track_running_stats=True)
      (conv2): MinkowskiConvolution(in=128, out=128, kernel_size=[3, 3, 3], stride=[1, 1, 1], dilation=[1, 1, 1])
      (norm2): MinkowskiBatchNorm(128, eps=1e-05, momentum=0.1, affine=True, track_running_stats=True)
      (relu): MinkowskiReLU()
    )
  )
  (convtr6p4s2): MinkowskiConvolutionTranspose(in=128, out=96, kernel_size=[2, 2, 2], stride=[2, 2, 2], dilation=[1, 1, 1])
  (bntr6): MinkowskiBatchNorm(96, eps=1e-05, momentum=0.02, affine=True, track_running_stats=True)
  (block7): Sequential(
    (0): BasicBlock(
      (conv1): MinkowskiConvolution(in=128, out=96, kernel_size=[3, 3, 3], stride=[1, 1, 1], dilation=[1, 1, 1])
      (norm1): MinkowskiBatchNorm(96, eps=1e-05, momentum=0.1, affine=True, track_running_stats=True)
      (conv2): MinkowskiConvolution(in=96, out=96, kernel_size=[3, 3, 3], stride=[1, 1, 1], dilation=[1, 1, 1])
      (norm2): MinkowskiBatchNorm(96, eps=1e-05, momentum=0.1, affine=True, track_running_stats=True)
      (relu): MinkowskiReLU()
      (downsample): Sequential(
        (0): MinkowskiConvolution(in=128, out=96, kernel_size=[1, 1, 1], stride=[1, 1, 1], dilation=[1, 1, 1])
        (1): MinkowskiBatchNorm(96, eps=1e-05, momentum=0.02, affine=True, track_running_stats=True)
      )
    )
    (1): BasicBlock(
      (conv1): MinkowskiConvolution(in=96, out=96, kernel_size=[3, 3, 3], stride=[1, 1, 1], dilation=[1, 1, 1])
      (norm1): MinkowskiBatchNorm(96, eps=1e-05, momentum=0.1, affine=True, track_running_stats=True)
      (conv2): MinkowskiConvolution(in=96, out=96, kernel_size=[3, 3, 3], stride=[1, 1, 1], dilation=[1, 1, 1])
      (norm2): MinkowskiBatchNorm(96, eps=1e-05, momentum=0.1, affine=True, track_running_stats=True)
      (relu): MinkowskiReLU()
    )
  )
  (convtr7p2s2): MinkowskiConvolutionTranspose(in=96, out=96, kernel_size=[2, 2, 2], stride=[2, 2, 2], dilation=[1, 1, 1])
  (bntr7): MinkowskiBatchNorm(96, eps=1e-05, momentum=0.02, affine=True, track_running_stats=True)
  (block8): Sequential(
    (0): BasicBlock(
      (conv1): MinkowskiConvolution(in=128, out=96, kernel_size=[3, 3, 3], stride=[1, 1, 1], dilation=[1, 1, 1])
      (norm1): MinkowskiBatchNorm(96, eps=1e-05, momentum=0.1, affine=True, track_running_stats=True)
      (conv2): MinkowskiConvolution(in=96, out=96, kernel_size=[3, 3, 3], stride=[1, 1, 1], dilation=[1, 1, 1])
      (norm2): MinkowskiBatchNorm(96, eps=1e-05, momentum=0.1, affine=True, track_running_stats=True)
      (relu): MinkowskiReLU()
      (downsample): Sequential(
        (0): MinkowskiConvolution(in=128, out=96, kernel_size=[1, 1, 1], stride=[1, 1, 1], dilation=[1, 1, 1])
        (1): MinkowskiBatchNorm(96, eps=1e-05, momentum=0.02, affine=True, track_running_stats=True)
      )
    )
    (1): BasicBlock(
      (conv1): MinkowskiConvolution(in=96, out=96, kernel_size=[3, 3, 3], stride=[1, 1, 1], dilation=[1, 1, 1])
      (norm1): MinkowskiBatchNorm(96, eps=1e-05, momentum=0.1, affine=True, track_running_stats=True)
      (conv2): MinkowskiConvolution(in=96, out=96, kernel_size=[3, 3, 3], stride=[1, 1, 1], dilation=[1, 1, 1])
      (norm2): MinkowskiBatchNorm(96, eps=1e-05, momentum=0.1, affine=True, track_running_stats=True)
      (relu): MinkowskiReLU()
    )
  )
  (final): MinkowskiConvolution(in=96, out=20, kernel_size=[1, 1, 1], stride=[1, 1, 1], dilation=[1, 1, 1])
  (relu): MinkowskiReLU()
)
wandb: Currently logged in as: tb5zhh (use `wandb login --relogin` to force relogin)
wandb: Tracking run with wandb version 0.12.4
wandb: Syncing run clear-puddle-216
wandb:  View project at https://wandb.ai/tb5zhh/3dsp
wandb:  View run at https://wandb.ai/tb5zhh/3dsp/runs/61f3d37b
wandb: Run data is saved locally in /home/aidrive/tb5zhh/3DScanSeg/wandb/run-20211108_221642-61f3d37b
wandb: Run `wandb offline` to turn off syncing.

[34m[1mwandb[0m: [33mWARNING[0m Calling run.save without any arguments is deprecated.Changes to attributes are automatically persisted.
[2021-11-08 22:16:50][root	][INFO	] Loading ScannetVoxelization2cmDataset: scannetv2_train.txt
[2021-11-08 22:16:50][root	][INFO	] Loading ScannetVoxelization2cmtestDataset: scannetv2_val.txt
[2021-11-08 22:16:50][__main__	][INFO	] Dataloader setup done
[2021-11-08 22:16:50][__main__	][INFO	] My rank : 0 / 1
[2021-11-08 22:16:50][__main__	][INFO	] Start training
[2021-11-08 22:16:59][__main__	][INFO	] TRAIN at global step #1 Epoch #1 Step #1 / 151: loss:3.4149, precision: 1.2460
[2021-11-08 22:17:01][__main__	][INFO	] TRAIN at global step #2 Epoch #1 Step #2 / 151: loss:3.0433, precision: 1.2746
[2021-11-08 22:17:06][__main__	][INFO	] TRAIN at global step #3 Epoch #1 Step #3 / 151: loss:2.8656, precision: 10.1877
[2021-11-08 22:17:09][__main__	][INFO	] TRAIN at global step #4 Epoch #1 Step #4 / 151: loss:2.6716, precision: 14.9072
[2021-11-08 22:17:12][__main__	][INFO	] TRAIN at global step #5 Epoch #1 Step #5 / 151: loss:2.5654, precision: 13.8887
[2021-11-08 22:17:15][__main__	][INFO	] TRAIN at global step #6 Epoch #1 Step #6 / 151: loss:2.3225, precision: 15.7403
[2021-11-08 22:17:19][__main__	][INFO	] TRAIN at global step #7 Epoch #1 Step #7 / 151: loss:2.5860, precision: 16.2832
[2021-11-08 22:17:23][__main__	][INFO	] TRAIN at global step #8 Epoch #1 Step #8 / 151: loss:2.3417, precision: 19.9255
[2021-11-08 22:17:26][__main__	][INFO	] TRAIN at global step #9 Epoch #1 Step #9 / 151: loss:2.0287, precision: 20.0562
[2021-11-08 22:17:31][__main__	][INFO	] TRAIN at global step #10 Epoch #1 Step #10 / 151: loss:1.9355, precision: 27.8348
[2021-11-08 22:17:35][__main__	][INFO	] TRAIN at global step #11 Epoch #1 Step #11 / 151: loss:2.2384, precision: 19.0521
[2021-11-08 22:17:39][__main__	][INFO	] TRAIN at global step #12 Epoch #1 Step #12 / 151: loss:1.9982, precision: 30.2098
[2021-11-08 22:17:42][__main__	][INFO	] TRAIN at global step #13 Epoch #1 Step #13 / 151: loss:2.0301, precision: 28.7074
[2021-11-08 22:17:46][__main__	][INFO	] TRAIN at global step #14 Epoch #1 Step #14 / 151: loss:1.6567, precision: 34.2613
[2021-11-08 22:17:49][__main__	][INFO	] TRAIN at global step #15 Epoch #1 Step #15 / 151: loss:2.1771, precision: 17.5269
[2021-11-08 22:17:52][__main__	][INFO	] TRAIN at global step #16 Epoch #1 Step #16 / 151: loss:1.9776, precision: 26.2510
[2021-11-08 22:17:56][__main__	][INFO	] TRAIN at global step #17 Epoch #1 Step #17 / 151: loss:1.7125, precision: 28.7026
[2021-11-08 22:17:59][__main__	][INFO	] TRAIN at global step #18 Epoch #1 Step #18 / 151: loss:2.2486, precision: 14.2382
[2021-11-08 22:18:03][__main__	][INFO	] TRAIN at global step #19 Epoch #1 Step #19 / 151: loss:2.2309, precision: 20.3582
[2021-11-08 22:18:07][__main__	][INFO	] TRAIN at global step #20 Epoch #1 Step #20 / 151: loss:2.5145, precision: 12.8731
[2021-11-08 22:18:09][__main__	][INFO	] TRAIN at global step #21 Epoch #1 Step #21 / 151: loss:2.0984, precision: 24.3520
[2021-11-08 22:18:12][__main__	][INFO	] TRAIN at global step #22 Epoch #1 Step #22 / 151: loss:1.8456, precision: 30.1145
[2021-11-08 22:18:16][__main__	][INFO	] TRAIN at global step #23 Epoch #1 Step #23 / 151: loss:2.1203, precision: 18.9828
[2021-11-08 22:18:20][__main__	][INFO	] TRAIN at global step #24 Epoch #1 Step #24 / 151: loss:1.8331, precision: 26.1560
[2021-11-08 22:18:23][__main__	][INFO	] TRAIN at global step #25 Epoch #1 Step #25 / 151: loss:1.9386, precision: 21.7706
[2021-11-08 22:18:27][__main__	][INFO	] TRAIN at global step #26 Epoch #1 Step #26 / 151: loss:1.9871, precision: 19.2058
[2021-11-08 22:18:31][__main__	][INFO	] TRAIN at global step #27 Epoch #1 Step #27 / 151: loss:1.9270, precision: 21.5839
[2021-11-08 22:18:34][__main__	][INFO	] TRAIN at global step #28 Epoch #1 Step #28 / 151: loss:2.0935, precision: 20.1601
[2021-11-08 22:18:37][__main__	][INFO	] TRAIN at global step #29 Epoch #1 Step #29 / 151: loss:1.9022, precision: 25.7778
[2021-11-08 22:18:41][__main__	][INFO	] TRAIN at global step #30 Epoch #1 Step #30 / 151: loss:2.0659, precision: 18.6395
[2021-11-08 22:18:45][__main__	][INFO	] TRAIN at global step #31 Epoch #1 Step #31 / 151: loss:1.9270, precision: 22.9182
[2021-11-08 22:18:47][__main__	][INFO	] TRAIN at global step #32 Epoch #1 Step #32 / 151: loss:1.9456, precision: 33.0990
[2021-11-08 22:18:50][__main__	][INFO	] TRAIN at global step #33 Epoch #1 Step #33 / 151: loss:2.1009, precision: 21.3892
[2021-11-08 22:18:54][__main__	][INFO	] TRAIN at global step #34 Epoch #1 Step #34 / 151: loss:2.2123, precision: 21.2964
[2021-11-08 22:18:56][__main__	][INFO	] TRAIN at global step #35 Epoch #1 Step #35 / 151: loss:1.7325, precision: 33.5069
[2021-11-08 22:19:00][__main__	][INFO	] TRAIN at global step #36 Epoch #1 Step #36 / 151: loss:1.7110, precision: 30.4436
[2021-11-08 22:19:04][__main__	][INFO	] TRAIN at global step #37 Epoch #1 Step #37 / 151: loss:2.0417, precision: 20.0955
[2021-11-08 22:19:07][__main__	][INFO	] TRAIN at global step #38 Epoch #1 Step #38 / 151: loss:1.9220, precision: 22.7469
[2021-11-08 22:19:10][__main__	][INFO	] TRAIN at global step #39 Epoch #1 Step #39 / 151: loss:1.6497, precision: 29.4616
[2021-11-08 22:19:14][__main__	][INFO	] TRAIN at global step #40 Epoch #1 Step #40 / 151: loss:2.0423, precision: 18.4756
[2021-11-08 22:19:17][__main__	][INFO	] TRAIN at global step #41 Epoch #1 Step #41 / 151: loss:1.9188, precision: 24.5566
[2021-11-08 22:19:22][__main__	][INFO	] TRAIN at global step #42 Epoch #1 Step #42 / 151: loss:2.3257, precision: 12.2965
[2021-11-08 22:19:25][__main__	][INFO	] TRAIN at global step #43 Epoch #1 Step #43 / 151: loss:1.5665, precision: 29.5882
[2021-11-08 22:19:29][__main__	][INFO	] TRAIN at global step #44 Epoch #1 Step #44 / 151: loss:2.0345, precision: 23.5117
[2021-11-08 22:19:32][__main__	][INFO	] TRAIN at global step #45 Epoch #1 Step #45 / 151: loss:2.4584, precision: 12.0311
[2021-11-08 22:19:36][__main__	][INFO	] TRAIN at global step #46 Epoch #1 Step #46 / 151: loss:1.9872, precision: 18.5127
[2021-11-08 22:19:40][__main__	][INFO	] TRAIN at global step #47 Epoch #1 Step #47 / 151: loss:2.0451, precision: 25.0211
[2021-11-08 22:19:44][__main__	][INFO	] TRAIN at global step #48 Epoch #1 Step #48 / 151: loss:1.7798, precision: 25.4191
[2021-11-08 22:19:47][__main__	][INFO	] TRAIN at global step #49 Epoch #1 Step #49 / 151: loss:1.7713, precision: 30.1922
[2021-11-08 22:19:51][__main__	][INFO	] TRAIN at global step #50 Epoch #1 Step #50 / 151: loss:2.0312, precision: 19.4269
[2021-11-08 22:19:53][__main__	][INFO	] TRAIN at global step #51 Epoch #1 Step #51 / 151: loss:1.6713, precision: 36.3830
[2021-11-08 22:19:56][__main__	][INFO	] TRAIN at global step #52 Epoch #1 Step #52 / 151: loss:1.8575, precision: 24.3040
[2021-11-08 22:19:58][__main__	][INFO	] TRAIN at global step #53 Epoch #1 Step #53 / 151: loss:1.9489, precision: 22.7022
[2021-11-08 22:20:02][__main__	][INFO	] TRAIN at global step #54 Epoch #1 Step #54 / 151: loss:1.8909, precision: 24.7725
[2021-11-08 22:20:05][__main__	][INFO	] TRAIN at global step #55 Epoch #1 Step #55 / 151: loss:1.7126, precision: 26.1073
[2021-11-08 22:20:09][__main__	][INFO	] TRAIN at global step #56 Epoch #1 Step #56 / 151: loss:2.1039, precision: 19.9822
[2021-11-08 22:20:13][__main__	][INFO	] TRAIN at global step #57 Epoch #1 Step #57 / 151: loss:1.8044, precision: 23.2170
[2021-11-08 22:20:16][__main__	][INFO	] TRAIN at global step #58 Epoch #1 Step #58 / 151: loss:2.1862, precision: 17.6316
[2021-11-08 22:20:20][__main__	][INFO	] TRAIN at global step #59 Epoch #1 Step #59 / 151: loss:1.5992, precision: 21.6561
[2021-11-08 22:20:23][__main__	][INFO	] TRAIN at global step #60 Epoch #1 Step #60 / 151: loss:1.6328, precision: 31.6984
[2021-11-08 22:20:26][__main__	][INFO	] TRAIN at global step #61 Epoch #1 Step #61 / 151: loss:1.6489, precision: 28.7294
[2021-11-08 22:20:29][__main__	][INFO	] TRAIN at global step #62 Epoch #1 Step #62 / 151: loss:1.9658, precision: 25.4700
[2021-11-08 22:20:33][__main__	][INFO	] TRAIN at global step #63 Epoch #1 Step #63 / 151: loss:1.9002, precision: 20.0135
[2021-11-08 22:20:37][__main__	][INFO	] TRAIN at global step #64 Epoch #1 Step #64 / 151: loss:1.8491, precision: 22.4088
[2021-11-08 22:20:40][__main__	][INFO	] TRAIN at global step #65 Epoch #1 Step #65 / 151: loss:1.6781, precision: 28.9355
[2021-11-08 22:20:43][__main__	][INFO	] TRAIN at global step #66 Epoch #1 Step #66 / 151: loss:1.4165, precision: 45.1805
[2021-11-08 22:20:46][__main__	][INFO	] TRAIN at global step #67 Epoch #1 Step #67 / 151: loss:1.6803, precision: 27.2748
[2021-11-08 22:20:49][__main__	][INFO	] TRAIN at global step #68 Epoch #1 Step #68 / 151: loss:2.1329, precision: 16.0972
[2021-11-08 22:20:51][__main__	][INFO	] TRAIN at global step #69 Epoch #1 Step #69 / 151: loss:1.6786, precision: 35.8477
[2021-11-08 22:20:55][__main__	][INFO	] TRAIN at global step #70 Epoch #1 Step #70 / 151: loss:1.6192, precision: 31.9927
[2021-11-08 22:20:59][__main__	][INFO	] TRAIN at global step #71 Epoch #1 Step #71 / 151: loss:2.2226, precision: 14.1227
[2021-11-08 22:21:02][__main__	][INFO	] TRAIN at global step #72 Epoch #1 Step #72 / 151: loss:1.7974, precision: 29.9673
[2021-11-08 22:21:06][__main__	][INFO	] TRAIN at global step #73 Epoch #1 Step #73 / 151: loss:2.1635, precision: 19.6912
[2021-11-08 22:21:10][__main__	][INFO	] TRAIN at global step #74 Epoch #1 Step #74 / 151: loss:1.9954, precision: 18.7975
[2021-11-08 22:21:13][__main__	][INFO	] TRAIN at global step #75 Epoch #1 Step #75 / 151: loss:1.7073, precision: 26.9160
[2021-11-08 22:21:16][__main__	][INFO	] TRAIN at global step #76 Epoch #1 Step #76 / 151: loss:1.8631, precision: 29.3745
[2021-11-08 22:21:20][__main__	][INFO	] TRAIN at global step #77 Epoch #1 Step #77 / 151: loss:1.7682, precision: 29.2800
[2021-11-08 22:21:23][__main__	][INFO	] TRAIN at global step #78 Epoch #1 Step #78 / 151: loss:1.9136, precision: 22.9392
[2021-11-08 22:21:26][__main__	][INFO	] TRAIN at global step #79 Epoch #1 Step #79 / 151: loss:2.1280, precision: 21.2174
[2021-11-08 22:21:30][__main__	][INFO	] TRAIN at global step #80 Epoch #1 Step #80 / 151: loss:1.9361, precision: 31.4070
[2021-11-08 22:21:32][__main__	][INFO	] TRAIN at global step #81 Epoch #1 Step #81 / 151: loss:1.7369, precision: 30.0165
[2021-11-08 22:21:35][__main__	][INFO	] TRAIN at global step #82 Epoch #1 Step #82 / 151: loss:2.4832, precision: 11.5638
[2021-11-08 22:21:40][__main__	][INFO	] TRAIN at global step #83 Epoch #1 Step #83 / 151: loss:1.6922, precision: 29.4392
[2021-11-08 22:21:42][__main__	][INFO	] TRAIN at global step #84 Epoch #1 Step #84 / 151: loss:2.1792, precision: 17.4328
[2021-11-08 22:21:46][__main__	][INFO	] TRAIN at global step #85 Epoch #1 Step #85 / 151: loss:1.8761, precision: 32.2685
[2021-11-08 22:21:49][__main__	][INFO	] TRAIN at global step #86 Epoch #1 Step #86 / 151: loss:1.6362, precision: 38.6892
[2021-11-08 22:21:53][__main__	][INFO	] TRAIN at global step #87 Epoch #1 Step #87 / 151: loss:1.9092, precision: 25.4543
[2021-11-08 22:21:57][__main__	][INFO	] TRAIN at global step #88 Epoch #1 Step #88 / 151: loss:1.7772, precision: 29.6561
[2021-11-08 22:22:01][__main__	][INFO	] TRAIN at global step #89 Epoch #1 Step #89 / 151: loss:2.2034, precision: 16.9859
[2021-11-08 22:22:03][__main__	][INFO	] TRAIN at global step #90 Epoch #1 Step #90 / 151: loss:1.8493, precision: 20.7481
[2021-11-08 22:22:08][__main__	][INFO	] TRAIN at global step #91 Epoch #1 Step #91 / 151: loss:1.9294, precision: 16.9288
[2021-11-08 22:22:13][__main__	][INFO	] TRAIN at global step #92 Epoch #1 Step #92 / 151: loss:2.0667, precision: 18.1801
[2021-11-08 22:22:16][__main__	][INFO	] TRAIN at global step #93 Epoch #1 Step #93 / 151: loss:1.8808, precision: 25.7008
[2021-11-08 22:22:21][__main__	][INFO	] TRAIN at global step #94 Epoch #1 Step #94 / 151: loss:1.8502, precision: 26.4223
[2021-11-08 22:22:23][__main__	][INFO	] TRAIN at global step #95 Epoch #1 Step #95 / 151: loss:1.7404, precision: 26.2824
[2021-11-08 22:22:26][__main__	][INFO	] TRAIN at global step #96 Epoch #1 Step #96 / 151: loss:1.8805, precision: 28.0747
[2021-11-08 22:22:29][__main__	][INFO	] TRAIN at global step #97 Epoch #1 Step #97 / 151: loss:1.8580, precision: 21.2254
[2021-11-08 22:22:33][__main__	][INFO	] TRAIN at global step #98 Epoch #1 Step #98 / 151: loss:1.7101, precision: 30.0610
[2021-11-08 22:22:39][__main__	][INFO	] TRAIN at global step #99 Epoch #1 Step #99 / 151: loss:1.7154, precision: 23.9589
[2021-11-08 22:22:43][__main__	][INFO	] TRAIN at global step #100 Epoch #1 Step #100 / 151: loss:1.9654, precision: 15.8172
[2021-11-08 22:22:46][__main__	][INFO	] TRAIN at global step #101 Epoch #1 Step #101 / 151: loss:2.0072, precision: 21.8622
[2021-11-08 22:22:49][__main__	][INFO	] TRAIN at global step #102 Epoch #1 Step #102 / 151: loss:1.8350, precision: 25.2191
[2021-11-08 22:22:52][__main__	][INFO	] TRAIN at global step #103 Epoch #1 Step #103 / 151: loss:1.5040, precision: 34.7151
[2021-11-08 22:22:56][__main__	][INFO	] TRAIN at global step #104 Epoch #1 Step #104 / 151: loss:2.1008, precision: 20.5624
[2021-11-08 22:22:59][__main__	][INFO	] TRAIN at global step #105 Epoch #1 Step #105 / 151: loss:1.9665, precision: 18.4811
[2021-11-08 22:23:02][__main__	][INFO	] TRAIN at global step #106 Epoch #1 Step #106 / 151: loss:1.6547, precision: 32.2272
[2021-11-08 22:23:06][__main__	][INFO	] TRAIN at global step #107 Epoch #1 Step #107 / 151: loss:1.9160, precision: 20.9421
[2021-11-08 22:23:10][__main__	][INFO	] TRAIN at global step #108 Epoch #1 Step #108 / 151: loss:1.7776, precision: 25.0372
[2021-11-08 22:23:12][__main__	][INFO	] TRAIN at global step #109 Epoch #1 Step #109 / 151: loss:2.0264, precision: 24.3616
[2021-11-08 22:23:16][__main__	][INFO	] TRAIN at global step #110 Epoch #1 Step #110 / 151: loss:1.8271, precision: 27.5601
[2021-11-08 22:23:19][__main__	][INFO	] TRAIN at global step #111 Epoch #1 Step #111 / 151: loss:1.9754, precision: 25.5164
[2021-11-08 22:23:22][__main__	][INFO	] TRAIN at global step #112 Epoch #1 Step #112 / 151: loss:2.2517, precision: 14.9584
[2021-11-08 22:23:25][__main__	][INFO	] TRAIN at global step #113 Epoch #1 Step #113 / 151: loss:1.9544, precision: 28.5698
[2021-11-08 22:23:28][__main__	][INFO	] TRAIN at global step #114 Epoch #1 Step #114 / 151: loss:1.8575, precision: 21.5958
[2021-11-08 22:23:31][__main__	][INFO	] TRAIN at global step #115 Epoch #1 Step #115 / 151: loss:1.7812, precision: 30.2512
[2021-11-08 22:23:33][__main__	][INFO	] TRAIN at global step #116 Epoch #1 Step #116 / 151: loss:1.9238, precision: 25.1620
[2021-11-08 22:23:37][__main__	][INFO	] TRAIN at global step #117 Epoch #1 Step #117 / 151: loss:1.9227, precision: 22.0380
[2021-11-08 22:23:40][__main__	][INFO	] TRAIN at global step #118 Epoch #1 Step #118 / 151: loss:1.7012, precision: 28.3992
[2021-11-08 22:23:43][__main__	][INFO	] TRAIN at global step #119 Epoch #1 Step #119 / 151: loss:1.7949, precision: 33.0366
[2021-11-08 22:23:46][__main__	][INFO	] TRAIN at global step #120 Epoch #1 Step #120 / 151: loss:1.8717, precision: 18.8988
[2021-11-08 22:23:50][__main__	][INFO	] TRAIN at global step #121 Epoch #1 Step #121 / 151: loss:1.6375, precision: 26.4744
[2021-11-08 22:23:54][__main__	][INFO	] TRAIN at global step #122 Epoch #1 Step #122 / 151: loss:2.1200, precision: 20.1297
[2021-11-08 22:23:57][__main__	][INFO	] TRAIN at global step #123 Epoch #1 Step #123 / 151: loss:1.8953, precision: 20.9068
[2021-11-08 22:24:01][__main__	][INFO	] TRAIN at global step #124 Epoch #1 Step #124 / 151: loss:2.2219, precision: 12.0879
[2021-11-08 22:24:04][__main__	][INFO	] TRAIN at global step #125 Epoch #1 Step #125 / 151: loss:1.8528, precision: 21.6869
[2021-11-08 22:24:08][__main__	][INFO	] TRAIN at global step #126 Epoch #1 Step #126 / 151: loss:1.7495, precision: 21.9706
[2021-11-08 22:24:10][__main__	][INFO	] TRAIN at global step #127 Epoch #1 Step #127 / 151: loss:1.6679, precision: 34.8544
[2021-11-08 22:24:13][__main__	][INFO	] TRAIN at global step #128 Epoch #1 Step #128 / 151: loss:1.8826, precision: 25.4284
[2021-11-08 22:24:16][__main__	][INFO	] TRAIN at global step #129 Epoch #1 Step #129 / 151: loss:1.8146, precision: 25.9656
[2021-11-08 22:24:19][__main__	][INFO	] TRAIN at global step #130 Epoch #1 Step #130 / 151: loss:1.8362, precision: 22.4730
[2021-11-08 22:24:22][__main__	][INFO	] TRAIN at global step #131 Epoch #1 Step #131 / 151: loss:2.1977, precision: 16.9959
[2021-11-08 22:24:26][__main__	][INFO	] TRAIN at global step #132 Epoch #1 Step #132 / 151: loss:2.0706, precision: 17.9293
[2021-11-08 22:24:29][__main__	][INFO	] TRAIN at global step #133 Epoch #1 Step #133 / 151: loss:1.9639, precision: 19.8142
[2021-11-08 22:24:31][__main__	][INFO	] TRAIN at global step #134 Epoch #1 Step #134 / 151: loss:1.8171, precision: 22.1164
[2021-11-08 22:24:34][__main__	][INFO	] TRAIN at global step #135 Epoch #1 Step #135 / 151: loss:2.1188, precision: 18.7421
[2021-11-08 22:24:38][__main__	][INFO	] TRAIN at global step #136 Epoch #1 Step #136 / 151: loss:2.2253, precision: 14.4073
[2021-11-08 22:24:40][__main__	][INFO	] TRAIN at global step #137 Epoch #1 Step #137 / 151: loss:1.8026, precision: 31.2987
slurmstepd: error: *** JOB 909 ON air-node-01 CANCELLED AT 2021-11-08T22:24:41 ***
