/home/aidrive/tb5zhh/.conda/envs/tbw_3dscan/lib/python3.8/site-packages/MinkowskiEngine/__init__.py:36: UserWarning: The environment variable `OMP_NUM_THREADS` not set. MinkowskiEngine will automatically set `OMP_NUM_THREADS=16`. If you want to set `OMP_NUM_THREADS` manually, please export it on the command line before running a python script. e.g. `export OMP_NUM_THREADS=12; python your_program.py`. It is recommended to set it below 24.
  warnings.warn(
[2021-11-09 00:46:25][__main__	][INFO	] Run with 1 cpu
[2021-11-09 00:46:25][__main__	][INFO	] Running config
[2021-11-09 00:46:25][__main__	][INFO	] --->                          model: Res16UNet34C
[2021-11-09 00:46:25][__main__	][INFO	] --->              conv1_kernel_size: 5
[2021-11-09 00:46:25][__main__	][INFO	] --->                        weights: checkpoints/pretrain_20000.pth
[2021-11-09 00:46:25][__main__	][INFO	] --->                       weights1: /home/aidrive1/workspace/luoly/dataset/final/min_weights/LR/unc/1/512/checkpoint_NoneRes16UNet34Cbest_val.pth
[2021-11-09 00:46:25][__main__	][INFO	] --->                       weights2: /home/aidrive1/workspace/luoly/dataset/final/min_weights/LR/512/1/checkpoint_NoneRes16UNet34Cbest_val.pth
[2021-11-09 00:46:25][__main__	][INFO	] --->                       weights3: /home/aidrive1/workspace/luoly/dataset/final/min_weights/LR/1024/1/checkpoint_NoneRes16UNet34Cbest_val.pth
[2021-11-09 00:46:25][__main__	][INFO	] --->        weights_for_inner_model: False
[2021-11-09 00:46:25][__main__	][INFO	] --->                      dilations: [1, 1, 1, 1]
[2021-11-09 00:46:25][__main__	][INFO	] --->                   wrapper_type: None
[2021-11-09 00:46:25][__main__	][INFO	] --->            wrapper_region_type: 1
[2021-11-09 00:46:25][__main__	][INFO	] --->            wrapper_kernel_size: 3
[2021-11-09 00:46:25][__main__	][INFO	] --->                     wrapper_lr: 0.1
[2021-11-09 00:46:25][__main__	][INFO	] --->           meanfield_iterations: 10
[2021-11-09 00:46:25][__main__	][INFO	] --->              crf_spatial_sigma: 1
[2021-11-09 00:46:25][__main__	][INFO	] --->            crf_chromatic_sigma: 12
[2021-11-09 00:46:25][__main__	][INFO	] --->                      optimizer: SGD
[2021-11-09 00:46:25][__main__	][INFO	] --->                             lr: 0.1
[2021-11-09 00:46:25][__main__	][INFO	] --->                   sgd_momentum: 0.9
[2021-11-09 00:46:25][__main__	][INFO	] --->                  sgd_dampening: 0.1
[2021-11-09 00:46:25][__main__	][INFO	] --->                     adam_beta1: 0.9
[2021-11-09 00:46:25][__main__	][INFO	] --->                     adam_beta2: 0.999
[2021-11-09 00:46:25][__main__	][INFO	] --->                   weight_decay: 0.0001
[2021-11-09 00:46:25][__main__	][INFO	] --->           param_histogram_freq: 100
[2021-11-09 00:46:25][__main__	][INFO	] --->           save_param_histogram: False
[2021-11-09 00:46:25][__main__	][INFO	] --->                      iter_size: 1
[2021-11-09 00:46:25][__main__	][INFO	] --->                    bn_momentum: 0.02
[2021-11-09 00:46:25][__main__	][INFO	] --->                      scheduler: PolyLR
[2021-11-09 00:46:25][__main__	][INFO	] --->                       max_iter: 30000
[2021-11-09 00:46:25][__main__	][INFO	] --->                      step_size: 20000.0
[2021-11-09 00:46:25][__main__	][INFO	] --->                     step_gamma: 0.1
[2021-11-09 00:46:25][__main__	][INFO	] --->                     poly_power: 0.9
[2021-11-09 00:46:25][__main__	][INFO	] --->                      exp_gamma: 0.95
[2021-11-09 00:46:25][__main__	][INFO	] --->                  exp_step_size: 445
[2021-11-09 00:46:25][__main__	][INFO	] --->                        log_dir: log
[2021-11-09 00:46:25][__main__	][INFO	] --->                       data_dir: data
[2021-11-09 00:46:25][__main__	][INFO	] --->                        dataset: ScannetVoxelization2cmDataset
[2021-11-09 00:46:25][__main__	][INFO	] --->                    testdataset: ScannetVoxelization2cmtestDataset
[2021-11-09 00:46:25][__main__	][INFO	] --->              temporal_dilation: 30
[2021-11-09 00:46:25][__main__	][INFO	] --->                temporal_numseq: 3
[2021-11-09 00:46:25][__main__	][INFO	] --->                      point_lim: -1
[2021-11-09 00:46:25][__main__	][INFO	] --->                  pre_point_lim: -1
[2021-11-09 00:46:25][__main__	][INFO	] --->                     batch_size: 1
[2021-11-09 00:46:25][__main__	][INFO	] --->                test_batch_size: 1
[2021-11-09 00:46:25][__main__	][INFO	] --->                     cache_data: False
[2021-11-09 00:46:25][__main__	][INFO	] --->                    num_workers: 4
[2021-11-09 00:46:25][__main__	][INFO	] --->                num_val_workers: 1
[2021-11-09 00:46:25][__main__	][INFO	] --->                   ignore_label: 255
[2021-11-09 00:46:25][__main__	][INFO	] --->          return_transformation: False
[2021-11-09 00:46:25][__main__	][INFO	] --->         ignore_duplicate_class: False
[2021-11-09 00:46:25][__main__	][INFO	] --->                   partial_crop: 0.0
[2021-11-09 00:46:25][__main__	][INFO	] --->          train_limit_numpoints: 0
[2021-11-09 00:46:25][__main__	][INFO	] --->                   synthia_path: /home/chrischoy/datasets/Synthia/Synthia4D
[2021-11-09 00:46:25][__main__	][INFO	] --->            synthia_camera_path: /home/chrischoy/datasets/Synthia/%s/CameraParams/
[2021-11-09 00:46:25][__main__	][INFO	] --->  synthia_camera_intrinsic_file: intrinsics.txt
[2021-11-09 00:46:25][__main__	][INFO	] ---> synthia_camera_extrinsics_file: Stereo_Right/Omni_F/%s.txt
[2021-11-09 00:46:25][__main__	][INFO	] --->         temporal_rand_dilation: False
[2021-11-09 00:46:25][__main__	][INFO	] --->           temporal_rand_numseq: False
[2021-11-09 00:46:25][__main__	][INFO	] --->                   scannet_path: /home/aidrive/tb5zhh/data/200_fit_spec/train
[2021-11-09 00:46:25][__main__	][INFO	] --->              scannet_test_path: /home/aidrive/tb5zhh/data/full/train
[2021-11-09 00:46:25][__main__	][INFO	] --->                stanford3d_path: /home/chrischoy/datasets/Stanford3D
[2021-11-09 00:46:25][__main__	][INFO	] --->                       is_train: True
[2021-11-09 00:46:25][__main__	][INFO	] --->                      stat_freq: 40
[2021-11-09 00:46:25][__main__	][INFO	] --->                 test_stat_freq: 100
[2021-11-09 00:46:25][__main__	][INFO	] --->                test_stat_freq1: 312
[2021-11-09 00:46:25][__main__	][INFO	] --->                      save_freq: 1000
[2021-11-09 00:46:25][__main__	][INFO	] --->                       val_freq: 2
[2021-11-09 00:46:25][__main__	][INFO	] --->               empty_cache_freq: 1
[2021-11-09 00:46:25][__main__	][INFO	] --->                    train_phase: train
[2021-11-09 00:46:25][__main__	][INFO	] --->                      val_phase: val
[2021-11-09 00:46:25][__main__	][INFO	] --->              overwrite_weights: True
[2021-11-09 00:46:25][__main__	][INFO	] --->                         resume: None
[2021-11-09 00:46:25][__main__	][INFO	] --->               resume_optimizer: True
[2021-11-09 00:46:25][__main__	][INFO	] --->                  eval_upsample: False
[2021-11-09 00:46:25][__main__	][INFO	] --->         lenient_weight_loading: False
[2021-11-09 00:46:25][__main__	][INFO	] --->         distributed_world_size: 2
[2021-11-09 00:46:25][__main__	][INFO	] --->               distributed_rank: 0
[2021-11-09 00:46:25][__main__	][INFO	] --->            distributed_backend: nccl
[2021-11-09 00:46:25][__main__	][INFO	] --->        distributed_init_method: 
[2021-11-09 00:46:25][__main__	][INFO	] --->               distributed_port: 10010
[2021-11-09 00:46:25][__main__	][INFO	] --->                      device_id: 0
[2021-11-09 00:46:25][__main__	][INFO	] --->           distributed_no_spawn: True
[2021-11-09 00:46:25][__main__	][INFO	] --->                    ddp_backend: c10d
[2021-11-09 00:46:25][__main__	][INFO	] --->                  bucket_cap_mb: 25
[2021-11-09 00:46:25][__main__	][INFO	] --->                   use_feat_aug: True
[2021-11-09 00:46:25][__main__	][INFO	] --->     data_aug_color_trans_ratio: 0.1
[2021-11-09 00:46:25][__main__	][INFO	] --->      data_aug_color_jitter_std: 0.05
[2021-11-09 00:46:25][__main__	][INFO	] --->                normalize_color: True
[2021-11-09 00:46:25][__main__	][INFO	] --->             data_aug_scale_min: 0.9
[2021-11-09 00:46:25][__main__	][INFO	] --->             data_aug_scale_max: 1.1
[2021-11-09 00:46:25][__main__	][INFO	] --->               data_aug_hue_max: 0.5
[2021-11-09 00:46:25][__main__	][INFO	] --->        data_aug_saturation_max: 0.2
[2021-11-09 00:46:25][__main__	][INFO	] --->                      visualize: False
[2021-11-09 00:46:25][__main__	][INFO	] --->          test_temporal_average: False
[2021-11-09 00:46:25][__main__	][INFO	] --->                 visualize_path: outputs/visualize
[2021-11-09 00:46:25][__main__	][INFO	] --->                save_prediction: False
[2021-11-09 00:46:25][__main__	][INFO	] --->                  save_pred_dir: outputs/pred
[2021-11-09 00:46:25][__main__	][INFO	] --->                     test_phase: test
[2021-11-09 00:46:25][__main__	][INFO	] --->   evaluate_original_pointcloud: False
[2021-11-09 00:46:25][__main__	][INFO	] --->       test_original_pointcloud: False
[2021-11-09 00:46:25][__main__	][INFO	] --->                        is_cuda: True
[2021-11-09 00:46:25][__main__	][INFO	] --->                      load_path: 
[2021-11-09 00:46:25][__main__	][INFO	] --->                       log_step: 50
[2021-11-09 00:46:25][__main__	][INFO	] --->                      log_level: INFO
[2021-11-09 00:46:25][__main__	][INFO	] --->                        num_gpu: 1
[2021-11-09 00:46:25][__main__	][INFO	] --->                           seed: 42
[2021-11-09 00:46:25][__main__	][INFO	] --->                       run_name: finetune_mixture_spec_0.1_200_Res16UNet34C
[2021-11-09 00:46:25][__main__	][INFO	] --->                      unc_round: 20
[2021-11-09 00:46:25][__main__	][INFO	] --->                 unc_result_dir: /
[2021-11-09 00:46:25][__main__	][INFO	] --->                          wandb: True
[2021-11-09 00:46:25][__main__	][INFO	] --->                  train_dataset: ScannetVoxelization2cmDataset
[2021-11-09 00:46:25][__main__	][INFO	] --->                    val_dataset: ScannetVoxelization2cmtestDataset
[2021-11-09 00:46:25][__main__	][INFO	] --->                 checkpoint_dir: checkpoints
[2021-11-09 00:46:25][__main__	][INFO	] --->                     optim_step: 1
[2021-11-09 00:46:25][__main__	][INFO	] --->                  validate_step: 150
[2021-11-09 00:46:25][__main__	][INFO	] --->                    train_epoch: 20000
[2021-11-09 00:46:25][__main__	][INFO	] --->               train_batch_size: 8
[2021-11-09 00:46:25][__main__	][INFO	] --->                 val_batch_size: 8
[2021-11-09 00:46:25][__main__	][INFO	] --->                eval_result_dir: /
[2021-11-09 00:46:25][__main__	][INFO	] --->                  unc_stat_path: /
[2021-11-09 00:46:25][__main__	][INFO	] --->                     save_epoch: 1
[2021-11-09 00:46:25][__main__	][INFO	] --->                   ignore_index: 255
[2021-11-09 00:46:25][__main__	][INFO	] --->                       do_train: True
[2021-11-09 00:46:25][__main__	][INFO	] --->               do_unc_inference: False
[2021-11-09 00:46:25][__main__	][INFO	] --->                    do_unc_demo: False
[2021-11-09 00:46:25][__main__	][INFO	] --->                    unc_dataset: 
[2021-11-09 00:46:25][__main__	][INFO	] --->           do_verbose_inference: False
[2021-11-09 00:46:25][__main__	][INFO	] --->                  do_unc_render: False
[2021-11-09 00:46:32][__main__	][INFO	] Weights loaded from checkpoints/pretrain_20000.pth
[2021-11-09 00:46:32][__main__	][INFO	] Model setup done
[2021-11-09 00:46:32][__main__	][INFO	] 
Res16UNet34C(
  (conv0p1s1): MinkowskiConvolution(in=3, out=32, kernel_size=[5, 5, 5], stride=[1, 1, 1], dilation=[1, 1, 1])
  (bn0): MinkowskiBatchNorm(32, eps=1e-05, momentum=0.02, affine=True, track_running_stats=True)
  (conv1p1s2): MinkowskiConvolution(in=32, out=32, kernel_size=[2, 2, 2], stride=[2, 2, 2], dilation=[1, 1, 1])
  (bn1): MinkowskiBatchNorm(32, eps=1e-05, momentum=0.02, affine=True, track_running_stats=True)
  (block1): Sequential(
    (0): BasicBlock(
      (conv1): MinkowskiConvolution(in=32, out=32, kernel_size=[3, 3, 3], stride=[1, 1, 1], dilation=[1, 1, 1])
      (norm1): MinkowskiBatchNorm(32, eps=1e-05, momentum=0.1, affine=True, track_running_stats=True)
      (conv2): MinkowskiConvolution(in=32, out=32, kernel_size=[3, 3, 3], stride=[1, 1, 1], dilation=[1, 1, 1])
      (norm2): MinkowskiBatchNorm(32, eps=1e-05, momentum=0.1, affine=True, track_running_stats=True)
      (relu): MinkowskiReLU()
    )
    (1): BasicBlock(
      (conv1): MinkowskiConvolution(in=32, out=32, kernel_size=[3, 3, 3], stride=[1, 1, 1], dilation=[1, 1, 1])
      (norm1): MinkowskiBatchNorm(32, eps=1e-05, momentum=0.1, affine=True, track_running_stats=True)
      (conv2): MinkowskiConvolution(in=32, out=32, kernel_size=[3, 3, 3], stride=[1, 1, 1], dilation=[1, 1, 1])
      (norm2): MinkowskiBatchNorm(32, eps=1e-05, momentum=0.1, affine=True, track_running_stats=True)
      (relu): MinkowskiReLU()
    )
  )
  (conv2p2s2): MinkowskiConvolution(in=32, out=32, kernel_size=[2, 2, 2], stride=[2, 2, 2], dilation=[1, 1, 1])
  (bn2): MinkowskiBatchNorm(32, eps=1e-05, momentum=0.02, affine=True, track_running_stats=True)
  (block2): Sequential(
    (0): BasicBlock(
      (conv1): MinkowskiConvolution(in=32, out=64, kernel_size=[3, 3, 3], stride=[1, 1, 1], dilation=[1, 1, 1])
      (norm1): MinkowskiBatchNorm(64, eps=1e-05, momentum=0.1, affine=True, track_running_stats=True)
      (conv2): MinkowskiConvolution(in=64, out=64, kernel_size=[3, 3, 3], stride=[1, 1, 1], dilation=[1, 1, 1])
      (norm2): MinkowskiBatchNorm(64, eps=1e-05, momentum=0.1, affine=True, track_running_stats=True)
      (relu): MinkowskiReLU()
      (downsample): Sequential(
        (0): MinkowskiConvolution(in=32, out=64, kernel_size=[1, 1, 1], stride=[1, 1, 1], dilation=[1, 1, 1])
        (1): MinkowskiBatchNorm(64, eps=1e-05, momentum=0.02, affine=True, track_running_stats=True)
      )
    )
    (1): BasicBlock(
      (conv1): MinkowskiConvolution(in=64, out=64, kernel_size=[3, 3, 3], stride=[1, 1, 1], dilation=[1, 1, 1])
      (norm1): MinkowskiBatchNorm(64, eps=1e-05, momentum=0.1, affine=True, track_running_stats=True)
      (conv2): MinkowskiConvolution(in=64, out=64, kernel_size=[3, 3, 3], stride=[1, 1, 1], dilation=[1, 1, 1])
      (norm2): MinkowskiBatchNorm(64, eps=1e-05, momentum=0.1, affine=True, track_running_stats=True)
      (relu): MinkowskiReLU()
    )
    (2): BasicBlock(
      (conv1): MinkowskiConvolution(in=64, out=64, kernel_size=[3, 3, 3], stride=[1, 1, 1], dilation=[1, 1, 1])
      (norm1): MinkowskiBatchNorm(64, eps=1e-05, momentum=0.1, affine=True, track_running_stats=True)
      (conv2): MinkowskiConvolution(in=64, out=64, kernel_size=[3, 3, 3], stride=[1, 1, 1], dilation=[1, 1, 1])
      (norm2): MinkowskiBatchNorm(64, eps=1e-05, momentum=0.1, affine=True, track_running_stats=True)
      (relu): MinkowskiReLU()
    )
  )
  (conv3p4s2): MinkowskiConvolution(in=64, out=64, kernel_size=[2, 2, 2], stride=[2, 2, 2], dilation=[1, 1, 1])
  (bn3): MinkowskiBatchNorm(64, eps=1e-05, momentum=0.02, affine=True, track_running_stats=True)
  (block3): Sequential(
    (0): BasicBlock(
      (conv1): MinkowskiConvolution(in=64, out=128, kernel_size=[3, 3, 3], stride=[1, 1, 1], dilation=[1, 1, 1])
      (norm1): MinkowskiBatchNorm(128, eps=1e-05, momentum=0.1, affine=True, track_running_stats=True)
      (conv2): MinkowskiConvolution(in=128, out=128, kernel_size=[3, 3, 3], stride=[1, 1, 1], dilation=[1, 1, 1])
      (norm2): MinkowskiBatchNorm(128, eps=1e-05, momentum=0.1, affine=True, track_running_stats=True)
      (relu): MinkowskiReLU()
      (downsample): Sequential(
        (0): MinkowskiConvolution(in=64, out=128, kernel_size=[1, 1, 1], stride=[1, 1, 1], dilation=[1, 1, 1])
        (1): MinkowskiBatchNorm(128, eps=1e-05, momentum=0.02, affine=True, track_running_stats=True)
      )
    )
    (1): BasicBlock(
      (conv1): MinkowskiConvolution(in=128, out=128, kernel_size=[3, 3, 3], stride=[1, 1, 1], dilation=[1, 1, 1])
      (norm1): MinkowskiBatchNorm(128, eps=1e-05, momentum=0.1, affine=True, track_running_stats=True)
      (conv2): MinkowskiConvolution(in=128, out=128, kernel_size=[3, 3, 3], stride=[1, 1, 1], dilation=[1, 1, 1])
      (norm2): MinkowskiBatchNorm(128, eps=1e-05, momentum=0.1, affine=True, track_running_stats=True)
      (relu): MinkowskiReLU()
    )
    (2): BasicBlock(
      (conv1): MinkowskiConvolution(in=128, out=128, kernel_size=[3, 3, 3], stride=[1, 1, 1], dilation=[1, 1, 1])
      (norm1): MinkowskiBatchNorm(128, eps=1e-05, momentum=0.1, affine=True, track_running_stats=True)
      (conv2): MinkowskiConvolution(in=128, out=128, kernel_size=[3, 3, 3], stride=[1, 1, 1], dilation=[1, 1, 1])
      (norm2): MinkowskiBatchNorm(128, eps=1e-05, momentum=0.1, affine=True, track_running_stats=True)
      (relu): MinkowskiReLU()
    )
    (3): BasicBlock(
      (conv1): MinkowskiConvolution(in=128, out=128, kernel_size=[3, 3, 3], stride=[1, 1, 1], dilation=[1, 1, 1])
      (norm1): MinkowskiBatchNorm(128, eps=1e-05, momentum=0.1, affine=True, track_running_stats=True)
      (conv2): MinkowskiConvolution(in=128, out=128, kernel_size=[3, 3, 3], stride=[1, 1, 1], dilation=[1, 1, 1])
      (norm2): MinkowskiBatchNorm(128, eps=1e-05, momentum=0.1, affine=True, track_running_stats=True)
      (relu): MinkowskiReLU()
    )
  )
  (conv4p8s2): MinkowskiConvolution(in=128, out=128, kernel_size=[2, 2, 2], stride=[2, 2, 2], dilation=[1, 1, 1])
  (bn4): MinkowskiBatchNorm(128, eps=1e-05, momentum=0.02, affine=True, track_running_stats=True)
  (block4): Sequential(
    (0): BasicBlock(
      (conv1): MinkowskiConvolution(in=128, out=256, kernel_size=[3, 3, 3], stride=[1, 1, 1], dilation=[1, 1, 1])
      (norm1): MinkowskiBatchNorm(256, eps=1e-05, momentum=0.1, affine=True, track_running_stats=True)
      (conv2): MinkowskiConvolution(in=256, out=256, kernel_size=[3, 3, 3], stride=[1, 1, 1], dilation=[1, 1, 1])
      (norm2): MinkowskiBatchNorm(256, eps=1e-05, momentum=0.1, affine=True, track_running_stats=True)
      (relu): MinkowskiReLU()
      (downsample): Sequential(
        (0): MinkowskiConvolution(in=128, out=256, kernel_size=[1, 1, 1], stride=[1, 1, 1], dilation=[1, 1, 1])
        (1): MinkowskiBatchNorm(256, eps=1e-05, momentum=0.02, affine=True, track_running_stats=True)
      )
    )
    (1): BasicBlock(
      (conv1): MinkowskiConvolution(in=256, out=256, kernel_size=[3, 3, 3], stride=[1, 1, 1], dilation=[1, 1, 1])
      (norm1): MinkowskiBatchNorm(256, eps=1e-05, momentum=0.1, affine=True, track_running_stats=True)
      (conv2): MinkowskiConvolution(in=256, out=256, kernel_size=[3, 3, 3], stride=[1, 1, 1], dilation=[1, 1, 1])
      (norm2): MinkowskiBatchNorm(256, eps=1e-05, momentum=0.1, affine=True, track_running_stats=True)
      (relu): MinkowskiReLU()
    )
    (2): BasicBlock(
      (conv1): MinkowskiConvolution(in=256, out=256, kernel_size=[3, 3, 3], stride=[1, 1, 1], dilation=[1, 1, 1])
      (norm1): MinkowskiBatchNorm(256, eps=1e-05, momentum=0.1, affine=True, track_running_stats=True)
      (conv2): MinkowskiConvolution(in=256, out=256, kernel_size=[3, 3, 3], stride=[1, 1, 1], dilation=[1, 1, 1])
      (norm2): MinkowskiBatchNorm(256, eps=1e-05, momentum=0.1, affine=True, track_running_stats=True)
      (relu): MinkowskiReLU()
    )
    (3): BasicBlock(
      (conv1): MinkowskiConvolution(in=256, out=256, kernel_size=[3, 3, 3], stride=[1, 1, 1], dilation=[1, 1, 1])
      (norm1): MinkowskiBatchNorm(256, eps=1e-05, momentum=0.1, affine=True, track_running_stats=True)
      (conv2): MinkowskiConvolution(in=256, out=256, kernel_size=[3, 3, 3], stride=[1, 1, 1], dilation=[1, 1, 1])
      (norm2): MinkowskiBatchNorm(256, eps=1e-05, momentum=0.1, affine=True, track_running_stats=True)
      (relu): MinkowskiReLU()
    )
    (4): BasicBlock(
      (conv1): MinkowskiConvolution(in=256, out=256, kernel_size=[3, 3, 3], stride=[1, 1, 1], dilation=[1, 1, 1])
      (norm1): MinkowskiBatchNorm(256, eps=1e-05, momentum=0.1, affine=True, track_running_stats=True)
      (conv2): MinkowskiConvolution(in=256, out=256, kernel_size=[3, 3, 3], stride=[1, 1, 1], dilation=[1, 1, 1])
      (norm2): MinkowskiBatchNorm(256, eps=1e-05, momentum=0.1, affine=True, track_running_stats=True)
      (relu): MinkowskiReLU()
    )
    (5): BasicBlock(
      (conv1): MinkowskiConvolution(in=256, out=256, kernel_size=[3, 3, 3], stride=[1, 1, 1], dilation=[1, 1, 1])
      (norm1): MinkowskiBatchNorm(256, eps=1e-05, momentum=0.1, affine=True, track_running_stats=True)
      (conv2): MinkowskiConvolution(in=256, out=256, kernel_size=[3, 3, 3], stride=[1, 1, 1], dilation=[1, 1, 1])
      (norm2): MinkowskiBatchNorm(256, eps=1e-05, momentum=0.1, affine=True, track_running_stats=True)
      (relu): MinkowskiReLU()
    )
  )
  (convtr4p16s2): MinkowskiConvolutionTranspose(in=256, out=256, kernel_size=[2, 2, 2], stride=[2, 2, 2], dilation=[1, 1, 1])
  (bntr4): MinkowskiBatchNorm(256, eps=1e-05, momentum=0.02, affine=True, track_running_stats=True)
  (block5): Sequential(
    (0): BasicBlock(
      (conv1): MinkowskiConvolution(in=384, out=256, kernel_size=[3, 3, 3], stride=[1, 1, 1], dilation=[1, 1, 1])
      (norm1): MinkowskiBatchNorm(256, eps=1e-05, momentum=0.1, affine=True, track_running_stats=True)
      (conv2): MinkowskiConvolution(in=256, out=256, kernel_size=[3, 3, 3], stride=[1, 1, 1], dilation=[1, 1, 1])
      (norm2): MinkowskiBatchNorm(256, eps=1e-05, momentum=0.1, affine=True, track_running_stats=True)
      (relu): MinkowskiReLU()
      (downsample): Sequential(
        (0): MinkowskiConvolution(in=384, out=256, kernel_size=[1, 1, 1], stride=[1, 1, 1], dilation=[1, 1, 1])
        (1): MinkowskiBatchNorm(256, eps=1e-05, momentum=0.02, affine=True, track_running_stats=True)
      )
    )
    (1): BasicBlock(
      (conv1): MinkowskiConvolution(in=256, out=256, kernel_size=[3, 3, 3], stride=[1, 1, 1], dilation=[1, 1, 1])
      (norm1): MinkowskiBatchNorm(256, eps=1e-05, momentum=0.1, affine=True, track_running_stats=True)
      (conv2): MinkowskiConvolution(in=256, out=256, kernel_size=[3, 3, 3], stride=[1, 1, 1], dilation=[1, 1, 1])
      (norm2): MinkowskiBatchNorm(256, eps=1e-05, momentum=0.1, affine=True, track_running_stats=True)
      (relu): MinkowskiReLU()
    )
  )
  (convtr5p8s2): MinkowskiConvolutionTranspose(in=256, out=128, kernel_size=[2, 2, 2], stride=[2, 2, 2], dilation=[1, 1, 1])
  (bntr5): MinkowskiBatchNorm(128, eps=1e-05, momentum=0.02, affine=True, track_running_stats=True)
  (block6): Sequential(
    (0): BasicBlock(
      (conv1): MinkowskiConvolution(in=192, out=128, kernel_size=[3, 3, 3], stride=[1, 1, 1], dilation=[1, 1, 1])
      (norm1): MinkowskiBatchNorm(128, eps=1e-05, momentum=0.1, affine=True, track_running_stats=True)
      (conv2): MinkowskiConvolution(in=128, out=128, kernel_size=[3, 3, 3], stride=[1, 1, 1], dilation=[1, 1, 1])
      (norm2): MinkowskiBatchNorm(128, eps=1e-05, momentum=0.1, affine=True, track_running_stats=True)
      (relu): MinkowskiReLU()
      (downsample): Sequential(
        (0): MinkowskiConvolution(in=192, out=128, kernel_size=[1, 1, 1], stride=[1, 1, 1], dilation=[1, 1, 1])
        (1): MinkowskiBatchNorm(128, eps=1e-05, momentum=0.02, affine=True, track_running_stats=True)
      )
    )
    (1): BasicBlock(
      (conv1): MinkowskiConvolution(in=128, out=128, kernel_size=[3, 3, 3], stride=[1, 1, 1], dilation=[1, 1, 1])
      (norm1): MinkowskiBatchNorm(128, eps=1e-05, momentum=0.1, affine=True, track_running_stats=True)
      (conv2): MinkowskiConvolution(in=128, out=128, kernel_size=[3, 3, 3], stride=[1, 1, 1], dilation=[1, 1, 1])
      (norm2): MinkowskiBatchNorm(128, eps=1e-05, momentum=0.1, affine=True, track_running_stats=True)
      (relu): MinkowskiReLU()
    )
  )
  (convtr6p4s2): MinkowskiConvolutionTranspose(in=128, out=96, kernel_size=[2, 2, 2], stride=[2, 2, 2], dilation=[1, 1, 1])
  (bntr6): MinkowskiBatchNorm(96, eps=1e-05, momentum=0.02, affine=True, track_running_stats=True)
  (block7): Sequential(
    (0): BasicBlock(
      (conv1): MinkowskiConvolution(in=128, out=96, kernel_size=[3, 3, 3], stride=[1, 1, 1], dilation=[1, 1, 1])
      (norm1): MinkowskiBatchNorm(96, eps=1e-05, momentum=0.1, affine=True, track_running_stats=True)
      (conv2): MinkowskiConvolution(in=96, out=96, kernel_size=[3, 3, 3], stride=[1, 1, 1], dilation=[1, 1, 1])
      (norm2): MinkowskiBatchNorm(96, eps=1e-05, momentum=0.1, affine=True, track_running_stats=True)
      (relu): MinkowskiReLU()
      (downsample): Sequential(
        (0): MinkowskiConvolution(in=128, out=96, kernel_size=[1, 1, 1], stride=[1, 1, 1], dilation=[1, 1, 1])
        (1): MinkowskiBatchNorm(96, eps=1e-05, momentum=0.02, affine=True, track_running_stats=True)
      )
    )
    (1): BasicBlock(
      (conv1): MinkowskiConvolution(in=96, out=96, kernel_size=[3, 3, 3], stride=[1, 1, 1], dilation=[1, 1, 1])
      (norm1): MinkowskiBatchNorm(96, eps=1e-05, momentum=0.1, affine=True, track_running_stats=True)
      (conv2): MinkowskiConvolution(in=96, out=96, kernel_size=[3, 3, 3], stride=[1, 1, 1], dilation=[1, 1, 1])
      (norm2): MinkowskiBatchNorm(96, eps=1e-05, momentum=0.1, affine=True, track_running_stats=True)
      (relu): MinkowskiReLU()
    )
  )
  (convtr7p2s2): MinkowskiConvolutionTranspose(in=96, out=96, kernel_size=[2, 2, 2], stride=[2, 2, 2], dilation=[1, 1, 1])
  (bntr7): MinkowskiBatchNorm(96, eps=1e-05, momentum=0.02, affine=True, track_running_stats=True)
  (block8): Sequential(
    (0): BasicBlock(
      (conv1): MinkowskiConvolution(in=128, out=96, kernel_size=[3, 3, 3], stride=[1, 1, 1], dilation=[1, 1, 1])
      (norm1): MinkowskiBatchNorm(96, eps=1e-05, momentum=0.1, affine=True, track_running_stats=True)
      (conv2): MinkowskiConvolution(in=96, out=96, kernel_size=[3, 3, 3], stride=[1, 1, 1], dilation=[1, 1, 1])
      (norm2): MinkowskiBatchNorm(96, eps=1e-05, momentum=0.1, affine=True, track_running_stats=True)
      (relu): MinkowskiReLU()
      (downsample): Sequential(
        (0): MinkowskiConvolution(in=128, out=96, kernel_size=[1, 1, 1], stride=[1, 1, 1], dilation=[1, 1, 1])
        (1): MinkowskiBatchNorm(96, eps=1e-05, momentum=0.02, affine=True, track_running_stats=True)
      )
    )
    (1): BasicBlock(
      (conv1): MinkowskiConvolution(in=96, out=96, kernel_size=[3, 3, 3], stride=[1, 1, 1], dilation=[1, 1, 1])
      (norm1): MinkowskiBatchNorm(96, eps=1e-05, momentum=0.1, affine=True, track_running_stats=True)
      (conv2): MinkowskiConvolution(in=96, out=96, kernel_size=[3, 3, 3], stride=[1, 1, 1], dilation=[1, 1, 1])
      (norm2): MinkowskiBatchNorm(96, eps=1e-05, momentum=0.1, affine=True, track_running_stats=True)
      (relu): MinkowskiReLU()
    )
  )
  (final): MinkowskiConvolution(in=96, out=20, kernel_size=[1, 1, 1], stride=[1, 1, 1], dilation=[1, 1, 1])
  (relu): MinkowskiReLU()
)
wandb: Currently logged in as: tb5zhh (use `wandb login --relogin` to force relogin)
wandb: wandb version 0.12.6 is available!  To upgrade, please run:
wandb:  $ pip install wandb --upgrade
wandb: Tracking run with wandb version 0.12.4
wandb: Syncing run decent-thunder-225
wandb:  View project at https://wandb.ai/tb5zhh/3dsp
wandb:  View run at https://wandb.ai/tb5zhh/3dsp/runs/20ojzwsy
wandb: Run data is saved locally in /home/aidrive/tb5zhh/3DScanSeg/wandb/run-20211109_004633-20ojzwsy
wandb: Run `wandb offline` to turn off syncing.

[34m[1mwandb[0m: [33mWARNING[0m Calling run.save without any arguments is deprecated.Changes to attributes are automatically persisted.
[2021-11-09 00:46:41][root	][INFO	] Loading ScannetVoxelization2cmDataset: scannetv2_train.txt
[2021-11-09 00:46:41][root	][INFO	] Loading ScannetVoxelization2cmtestDataset: scannetv2_val.txt
[2021-11-09 00:46:41][__main__	][INFO	] Dataloader setup done
[2021-11-09 00:46:41][__main__	][INFO	] My rank : 0 / 1
[2021-11-09 00:46:41][__main__	][INFO	] Start training
[2021-11-09 00:46:51][__main__	][INFO	] TRAIN at global step #1 Epoch #1 Step #1 / 151: loss:3.3511, precision: 0.4475
[2021-11-09 00:46:53][__main__	][INFO	] TRAIN at global step #2 Epoch #1 Step #2 / 151: loss:2.9053, precision: 0.7798
[2021-11-09 00:46:58][__main__	][INFO	] TRAIN at global step #3 Epoch #1 Step #3 / 151: loss:2.3385, precision: 19.6698
[2021-11-09 00:47:01][__main__	][INFO	] TRAIN at global step #4 Epoch #1 Step #4 / 151: loss:2.3865, precision: 17.4830
[2021-11-09 00:47:04][__main__	][INFO	] TRAIN at global step #5 Epoch #1 Step #5 / 151: loss:2.3369, precision: 19.4645
[2021-11-09 00:47:07][__main__	][INFO	] TRAIN at global step #6 Epoch #1 Step #6 / 151: loss:2.1199, precision: 19.7669
[2021-11-09 00:47:11][__main__	][INFO	] TRAIN at global step #7 Epoch #1 Step #7 / 151: loss:2.4501, precision: 17.8565
[2021-11-09 00:47:14][__main__	][INFO	] TRAIN at global step #8 Epoch #1 Step #8 / 151: loss:2.3419, precision: 16.5827
[2021-11-09 00:47:17][__main__	][INFO	] TRAIN at global step #9 Epoch #1 Step #9 / 151: loss:1.6787, precision: 23.4422
[2021-11-09 00:47:22][__main__	][INFO	] TRAIN at global step #10 Epoch #1 Step #10 / 151: loss:1.7346, precision: 22.4322
[2021-11-09 00:47:25][__main__	][INFO	] TRAIN at global step #11 Epoch #1 Step #11 / 151: loss:2.0252, precision: 16.9085
[2021-11-09 00:47:29][__main__	][INFO	] TRAIN at global step #12 Epoch #1 Step #12 / 151: loss:1.8894, precision: 20.6334
[2021-11-09 00:47:32][__main__	][INFO	] TRAIN at global step #13 Epoch #1 Step #13 / 151: loss:1.9235, precision: 19.9199
[2021-11-09 00:47:36][__main__	][INFO	] TRAIN at global step #14 Epoch #1 Step #14 / 151: loss:1.5695, precision: 25.0891
[2021-11-09 00:47:38][__main__	][INFO	] TRAIN at global step #15 Epoch #1 Step #15 / 151: loss:1.8911, precision: 20.9344
[2021-11-09 00:47:42][__main__	][INFO	] TRAIN at global step #16 Epoch #1 Step #16 / 151: loss:1.7547, precision: 22.2634
[2021-11-09 00:47:46][__main__	][INFO	] TRAIN at global step #17 Epoch #1 Step #17 / 151: loss:1.4867, precision: 25.7053
[2021-11-09 00:47:50][__main__	][INFO	] TRAIN at global step #18 Epoch #1 Step #18 / 151: loss:1.7143, precision: 22.4604
[2021-11-09 00:47:53][__main__	][INFO	] TRAIN at global step #19 Epoch #1 Step #19 / 151: loss:1.8457, precision: 21.7298
[2021-11-09 00:47:57][__main__	][INFO	] TRAIN at global step #20 Epoch #1 Step #20 / 151: loss:1.9641, precision: 19.1461
[2021-11-09 00:48:00][__main__	][INFO	] TRAIN at global step #21 Epoch #1 Step #21 / 151: loss:1.9133, precision: 21.1379
[2021-11-09 00:48:03][__main__	][INFO	] TRAIN at global step #22 Epoch #1 Step #22 / 151: loss:1.6454, precision: 22.4839
[2021-11-09 00:48:06][__main__	][INFO	] TRAIN at global step #23 Epoch #1 Step #23 / 151: loss:2.0413, precision: 17.8488
[2021-11-09 00:48:10][__main__	][INFO	] TRAIN at global step #24 Epoch #1 Step #24 / 151: loss:1.5156, precision: 24.0554
[2021-11-09 00:48:12][__main__	][INFO	] TRAIN at global step #25 Epoch #1 Step #25 / 151: loss:1.4999, precision: 25.7694
[2021-11-09 00:48:16][__main__	][INFO	] TRAIN at global step #26 Epoch #1 Step #26 / 151: loss:1.5340, precision: 24.4152
[2021-11-09 00:48:19][__main__	][INFO	] TRAIN at global step #27 Epoch #1 Step #27 / 151: loss:1.6247, precision: 22.1146
[2021-11-09 00:48:21][__main__	][INFO	] TRAIN at global step #28 Epoch #1 Step #28 / 151: loss:1.7905, precision: 22.1496
[2021-11-09 00:48:25][__main__	][INFO	] TRAIN at global step #29 Epoch #1 Step #29 / 151: loss:1.6616, precision: 21.6278
[2021-11-09 00:48:29][__main__	][INFO	] TRAIN at global step #30 Epoch #1 Step #30 / 151: loss:1.6623, precision: 21.9918
[2021-11-09 00:48:33][__main__	][INFO	] TRAIN at global step #31 Epoch #1 Step #31 / 151: loss:1.6173, precision: 21.6724
[2021-11-09 00:48:35][__main__	][INFO	] TRAIN at global step #32 Epoch #1 Step #32 / 151: loss:1.7846, precision: 22.9135
[2021-11-09 00:48:38][__main__	][INFO	] TRAIN at global step #33 Epoch #1 Step #33 / 151: loss:1.7113, precision: 23.3620
[2021-11-09 00:48:41][__main__	][INFO	] TRAIN at global step #34 Epoch #1 Step #34 / 151: loss:1.8980, precision: 17.9233
[2021-11-09 00:48:44][__main__	][INFO	] TRAIN at global step #35 Epoch #1 Step #35 / 151: loss:1.5492, precision: 24.4232
[2021-11-09 00:48:48][__main__	][INFO	] TRAIN at global step #36 Epoch #1 Step #36 / 151: loss:1.5426, precision: 23.6178
[2021-11-09 00:48:52][__main__	][INFO	] TRAIN at global step #37 Epoch #1 Step #37 / 151: loss:1.7536, precision: 20.7167
[2021-11-09 00:48:55][__main__	][INFO	] TRAIN at global step #38 Epoch #1 Step #38 / 151: loss:1.7636, precision: 20.4829
[2021-11-09 00:48:58][__main__	][INFO	] TRAIN at global step #39 Epoch #1 Step #39 / 151: loss:1.2791, precision: 29.5642
[2021-11-09 00:49:02][__main__	][INFO	] TRAIN at global step #40 Epoch #1 Step #40 / 151: loss:1.7358, precision: 19.6379
[2021-11-09 00:49:05][__main__	][INFO	] TRAIN at global step #41 Epoch #1 Step #41 / 151: loss:1.5156, precision: 26.5727
[2021-11-09 00:49:09][__main__	][INFO	] TRAIN at global step #42 Epoch #1 Step #42 / 151: loss:1.7296, precision: 22.7399
[2021-11-09 00:49:12][__main__	][INFO	] TRAIN at global step #43 Epoch #1 Step #43 / 151: loss:1.4044, precision: 27.4670
[2021-11-09 00:49:16][__main__	][INFO	] TRAIN at global step #44 Epoch #1 Step #44 / 151: loss:1.7854, precision: 21.4646
[2021-11-09 00:49:19][__main__	][INFO	] TRAIN at global step #45 Epoch #1 Step #45 / 151: loss:1.9200, precision: 18.8083
[2021-11-09 00:49:22][__main__	][INFO	] TRAIN at global step #46 Epoch #1 Step #46 / 151: loss:1.7712, precision: 19.0237
[2021-11-09 00:49:26][__main__	][INFO	] TRAIN at global step #47 Epoch #1 Step #47 / 151: loss:1.7328, precision: 19.0707
[2021-11-09 00:49:30][__main__	][INFO	] TRAIN at global step #48 Epoch #1 Step #48 / 151: loss:1.5608, precision: 22.4005
[2021-11-09 00:49:33][__main__	][INFO	] TRAIN at global step #49 Epoch #1 Step #49 / 151: loss:1.4545, precision: 27.1339
[2021-11-09 00:49:37][__main__	][INFO	] TRAIN at global step #50 Epoch #1 Step #50 / 151: loss:1.6970, precision: 21.3011
[2021-11-09 00:49:39][__main__	][INFO	] TRAIN at global step #51 Epoch #1 Step #51 / 151: loss:1.3639, precision: 27.8766
[2021-11-09 00:49:42][__main__	][INFO	] TRAIN at global step #52 Epoch #1 Step #52 / 151: loss:1.3469, precision: 26.0567
[2021-11-09 00:49:44][__main__	][INFO	] TRAIN at global step #53 Epoch #1 Step #53 / 151: loss:1.7721, precision: 20.2249
[2021-11-09 00:49:48][__main__	][INFO	] TRAIN at global step #54 Epoch #1 Step #54 / 151: loss:1.7140, precision: 21.0588
[2021-11-09 00:49:52][__main__	][INFO	] TRAIN at global step #55 Epoch #1 Step #55 / 151: loss:1.4679, precision: 25.9841
[2021-11-09 00:49:56][__main__	][INFO	] TRAIN at global step #56 Epoch #1 Step #56 / 151: loss:1.7605, precision: 20.0287
[2021-11-09 00:49:59][__main__	][INFO	] TRAIN at global step #57 Epoch #1 Step #57 / 151: loss:1.4263, precision: 26.5625
[2021-11-09 00:50:03][__main__	][INFO	] TRAIN at global step #58 Epoch #1 Step #58 / 151: loss:1.8501, precision: 19.4670
[2021-11-09 00:50:06][__main__	][INFO	] TRAIN at global step #59 Epoch #1 Step #59 / 151: loss:1.2745, precision: 27.9717
[2021-11-09 00:50:09][__main__	][INFO	] TRAIN at global step #60 Epoch #1 Step #60 / 151: loss:1.2598, precision: 27.4467
[2021-11-09 00:50:11][__main__	][INFO	] TRAIN at global step #61 Epoch #1 Step #61 / 151: loss:1.2609, precision: 28.3332
[2021-11-09 00:50:14][__main__	][INFO	] TRAIN at global step #62 Epoch #1 Step #62 / 151: loss:1.6452, precision: 23.9088
[2021-11-09 00:50:18][__main__	][INFO	] TRAIN at global step #63 Epoch #1 Step #63 / 151: loss:1.6104, precision: 24.2541
[2021-11-09 00:50:22][__main__	][INFO	] TRAIN at global step #64 Epoch #1 Step #64 / 151: loss:1.6947, precision: 19.9708
[2021-11-09 00:50:25][__main__	][INFO	] TRAIN at global step #65 Epoch #1 Step #65 / 151: loss:1.5169, precision: 22.8615
[2021-11-09 00:50:28][__main__	][INFO	] TRAIN at global step #66 Epoch #1 Step #66 / 151: loss:1.1388, precision: 30.7246
[2021-11-09 00:50:31][__main__	][INFO	] TRAIN at global step #67 Epoch #1 Step #67 / 151: loss:1.3958, precision: 25.0712
[2021-11-09 00:50:34][__main__	][INFO	] TRAIN at global step #68 Epoch #1 Step #68 / 151: loss:2.0649, precision: 17.5594
[2021-11-09 00:50:37][__main__	][INFO	] TRAIN at global step #69 Epoch #1 Step #69 / 151: loss:1.5420, precision: 27.8722
[2021-11-09 00:50:40][__main__	][INFO	] TRAIN at global step #70 Epoch #1 Step #70 / 151: loss:1.4250, precision: 25.4717
[2021-11-09 00:50:44][__main__	][INFO	] TRAIN at global step #71 Epoch #1 Step #71 / 151: loss:1.7380, precision: 19.3188
[2021-11-09 00:50:48][__main__	][INFO	] TRAIN at global step #72 Epoch #1 Step #72 / 151: loss:1.5844, precision: 21.9943
[2021-11-09 00:50:50][__main__	][INFO	] TRAIN at global step #73 Epoch #1 Step #73 / 151: loss:1.7622, precision: 21.0541
[2021-11-09 00:50:55][__main__	][INFO	] TRAIN at global step #74 Epoch #1 Step #74 / 151: loss:1.5306, precision: 24.9572
[2021-11-09 00:50:58][__main__	][INFO	] TRAIN at global step #75 Epoch #1 Step #75 / 151: loss:1.4788, precision: 26.1653
[2021-11-09 00:51:01][__main__	][INFO	] TRAIN at global step #76 Epoch #1 Step #76 / 151: loss:1.6325, precision: 23.0062
[2021-11-09 00:51:05][__main__	][INFO	] TRAIN at global step #77 Epoch #1 Step #77 / 151: loss:1.6349, precision: 22.7170
[2021-11-09 00:51:08][__main__	][INFO	] TRAIN at global step #78 Epoch #1 Step #78 / 151: loss:1.7097, precision: 21.1781
[2021-11-09 00:51:11][__main__	][INFO	] TRAIN at global step #79 Epoch #1 Step #79 / 151: loss:1.7341, precision: 20.4880
[2021-11-09 00:51:15][__main__	][INFO	] TRAIN at global step #80 Epoch #1 Step #80 / 151: loss:1.6111, precision: 26.2279
[2021-11-09 00:51:17][__main__	][INFO	] TRAIN at global step #81 Epoch #1 Step #81 / 151: loss:1.4594, precision: 25.3975
[2021-11-09 00:51:20][__main__	][INFO	] TRAIN at global step #82 Epoch #1 Step #82 / 151: loss:1.9455, precision: 18.1231
[2021-11-09 00:51:25][__main__	][INFO	] TRAIN at global step #83 Epoch #1 Step #83 / 151: loss:1.4915, precision: 25.8769
[2021-11-09 00:51:27][__main__	][INFO	] TRAIN at global step #84 Epoch #1 Step #84 / 151: loss:1.6210, precision: 23.1201
[2021-11-09 00:51:31][__main__	][INFO	] TRAIN at global step #85 Epoch #1 Step #85 / 151: loss:1.6518, precision: 22.9200
[2021-11-09 00:51:34][__main__	][INFO	] TRAIN at global step #86 Epoch #1 Step #86 / 151: loss:1.3661, precision: 30.5600
[2021-11-09 00:51:38][__main__	][INFO	] TRAIN at global step #87 Epoch #1 Step #87 / 151: loss:1.6079, precision: 20.9159
[2021-11-09 00:51:42][__main__	][INFO	] TRAIN at global step #88 Epoch #1 Step #88 / 151: loss:1.5326, precision: 24.1271
[2021-11-09 00:51:45][__main__	][INFO	] TRAIN at global step #89 Epoch #1 Step #89 / 151: loss:1.9404, precision: 18.3899
[2021-11-09 00:51:48][__main__	][INFO	] TRAIN at global step #90 Epoch #1 Step #90 / 151: loss:1.3322, precision: 24.7494
[2021-11-09 00:51:52][__main__	][INFO	] TRAIN at global step #91 Epoch #1 Step #91 / 151: loss:1.5568, precision: 23.3084
[2021-11-09 00:51:56][__main__	][INFO	] TRAIN at global step #92 Epoch #1 Step #92 / 151: loss:1.8928, precision: 15.0720
[2021-11-09 00:52:00][__main__	][INFO	] TRAIN at global step #93 Epoch #1 Step #93 / 151: loss:1.4131, precision: 27.6866
[2021-11-09 00:52:04][__main__	][INFO	] TRAIN at global step #94 Epoch #1 Step #94 / 151: loss:1.5232, precision: 24.1444
[2021-11-09 00:52:07][__main__	][INFO	] TRAIN at global step #95 Epoch #1 Step #95 / 151: loss:1.3404, precision: 29.0348
[2021-11-09 00:52:10][__main__	][INFO	] TRAIN at global step #96 Epoch #1 Step #96 / 151: loss:1.6847, precision: 22.2299
[2021-11-09 00:52:13][__main__	][INFO	] TRAIN at global step #97 Epoch #1 Step #97 / 151: loss:1.4352, precision: 25.4681
[2021-11-09 00:52:17][__main__	][INFO	] TRAIN at global step #98 Epoch #1 Step #98 / 151: loss:1.4452, precision: 24.1981
[2021-11-09 00:52:21][__main__	][INFO	] TRAIN at global step #99 Epoch #1 Step #99 / 151: loss:1.3236, precision: 25.6544
[2021-11-09 00:52:25][__main__	][INFO	] TRAIN at global step #100 Epoch #1 Step #100 / 151: loss:1.4749, precision: 23.0172
[2021-11-09 00:52:28][__main__	][INFO	] TRAIN at global step #101 Epoch #1 Step #101 / 151: loss:1.7268, precision: 21.5657
[2021-11-09 00:52:31][__main__	][INFO	] TRAIN at global step #102 Epoch #1 Step #102 / 151: loss:1.4523, precision: 24.1438
[2021-11-09 00:52:34][__main__	][INFO	] TRAIN at global step #103 Epoch #1 Step #103 / 151: loss:1.3358, precision: 28.5401
[2021-11-09 00:52:37][__main__	][INFO	] TRAIN at global step #104 Epoch #1 Step #104 / 151: loss:1.8519, precision: 17.3809
[2021-11-09 00:52:40][__main__	][INFO	] TRAIN at global step #105 Epoch #1 Step #105 / 151: loss:1.5239, precision: 22.1355
[2021-11-09 00:52:42][__main__	][INFO	] TRAIN at global step #106 Epoch #1 Step #106 / 151: loss:1.4771, precision: 25.2322
[2021-11-09 00:52:46][__main__	][INFO	] TRAIN at global step #107 Epoch #1 Step #107 / 151: loss:1.6177, precision: 20.2747
[2021-11-09 00:52:49][__main__	][INFO	] TRAIN at global step #108 Epoch #1 Step #108 / 151: loss:1.5158, precision: 23.9015
[2021-11-09 00:52:51][__main__	][INFO	] TRAIN at global step #109 Epoch #1 Step #109 / 151: loss:1.6998, precision: 23.4712
[2021-11-09 00:52:55][__main__	][INFO	] TRAIN at global step #110 Epoch #1 Step #110 / 151: loss:1.4718, precision: 26.5205
[2021-11-09 00:52:58][__main__	][INFO	] TRAIN at global step #111 Epoch #1 Step #111 / 151: loss:1.6962, precision: 20.6556
[2021-11-09 00:53:01][__main__	][INFO	] TRAIN at global step #112 Epoch #1 Step #112 / 151: loss:2.0889, precision: 15.1009
[2021-11-09 00:53:03][__main__	][INFO	] TRAIN at global step #113 Epoch #1 Step #113 / 151: loss:1.7234, precision: 22.3141
[2021-11-09 00:53:07][__main__	][INFO	] TRAIN at global step #114 Epoch #1 Step #114 / 151: loss:1.6370, precision: 23.2011
[2021-11-09 00:53:10][__main__	][INFO	] TRAIN at global step #115 Epoch #1 Step #115 / 151: loss:1.4176, precision: 26.1226
[2021-11-09 00:53:12][__main__	][INFO	] TRAIN at global step #116 Epoch #1 Step #116 / 151: loss:1.5992, precision: 25.4939
[2021-11-09 00:53:16][__main__	][INFO	] TRAIN at global step #117 Epoch #1 Step #117 / 151: loss:1.6344, precision: 21.1078
[2021-11-09 00:53:19][__main__	][INFO	] TRAIN at global step #118 Epoch #1 Step #118 / 151: loss:1.5581, precision: 24.1258
[2021-11-09 00:53:22][__main__	][INFO	] TRAIN at global step #119 Epoch #1 Step #119 / 151: loss:1.4601, precision: 26.4569
[2021-11-09 00:53:25][__main__	][INFO	] TRAIN at global step #120 Epoch #1 Step #120 / 151: loss:1.4763, precision: 23.8783
[2021-11-09 00:53:29][__main__	][INFO	] TRAIN at global step #121 Epoch #1 Step #121 / 151: loss:1.3705, precision: 24.6965
[2021-11-09 00:53:32][__main__	][INFO	] TRAIN at global step #122 Epoch #1 Step #122 / 151: loss:1.8443, precision: 17.2331
[2021-11-09 00:53:35][__main__	][INFO	] TRAIN at global step #123 Epoch #1 Step #123 / 151: loss:1.4251, precision: 25.5568
[2021-11-09 00:53:38][__main__	][INFO	] TRAIN at global step #124 Epoch #1 Step #124 / 151: loss:1.6465, precision: 19.0657
[2021-11-09 00:53:41][__main__	][INFO	] TRAIN at global step #125 Epoch #1 Step #125 / 151: loss:1.2925, precision: 28.5229
[2021-11-09 00:53:44][__main__	][INFO	] TRAIN at global step #126 Epoch #1 Step #126 / 151: loss:1.6165, precision: 22.0869
[2021-11-09 00:53:47][__main__	][INFO	] TRAIN at global step #127 Epoch #1 Step #127 / 151: loss:1.5363, precision: 22.6411
[2021-11-09 00:53:50][__main__	][INFO	] TRAIN at global step #128 Epoch #1 Step #128 / 151: loss:1.6008, precision: 24.9033
[2021-11-09 00:53:53][__main__	][INFO	] TRAIN at global step #129 Epoch #1 Step #129 / 151: loss:1.6190, precision: 22.7189
[2021-11-09 00:53:56][__main__	][INFO	] TRAIN at global step #130 Epoch #1 Step #130 / 151: loss:1.3651, precision: 26.1515
[2021-11-09 00:53:59][__main__	][INFO	] TRAIN at global step #131 Epoch #1 Step #131 / 151: loss:1.7864, precision: 21.0358
[2021-11-09 00:54:03][__main__	][INFO	] TRAIN at global step #132 Epoch #1 Step #132 / 151: loss:1.4684, precision: 24.9279
[2021-11-09 00:54:06][__main__	][INFO	] TRAIN at global step #133 Epoch #1 Step #133 / 151: loss:1.5550, precision: 22.1237
[2021-11-09 00:54:08][__main__	][INFO	] TRAIN at global step #134 Epoch #1 Step #134 / 151: loss:1.4103, precision: 26.4097
[2021-11-09 00:54:11][__main__	][INFO	] TRAIN at global step #135 Epoch #1 Step #135 / 151: loss:1.6675, precision: 20.0000
[2021-11-09 00:54:15][__main__	][INFO	] TRAIN at global step #136 Epoch #1 Step #136 / 151: loss:1.7615, precision: 17.7810
[2021-11-09 00:54:18][__main__	][INFO	] TRAIN at global step #137 Epoch #1 Step #137 / 151: loss:1.5832, precision: 20.8495
[2021-11-09 00:54:21][__main__	][INFO	] TRAIN at global step #138 Epoch #1 Step #138 / 151: loss:1.5912, precision: 20.0475
[2021-11-09 00:54:23][__main__	][INFO	] TRAIN at global step #139 Epoch #1 Step #139 / 151: loss:1.4589, precision: 27.0501
[2021-11-09 00:54:26][__main__	][INFO	] TRAIN at global step #140 Epoch #1 Step #140 / 151: loss:1.5205, precision: 25.9451
[2021-11-09 00:54:30][__main__	][INFO	] TRAIN at global step #141 Epoch #1 Step #141 / 151: loss:1.6666, precision: 21.9815
[2021-11-09 00:54:34][__main__	][INFO	] TRAIN at global step #142 Epoch #1 Step #142 / 151: loss:1.6936, precision: 18.6648
[2021-11-09 00:54:38][__main__	][INFO	] TRAIN at global step #143 Epoch #1 Step #143 / 151: loss:1.6668, precision: 21.7721
[2021-11-09 00:54:42][__main__	][INFO	] TRAIN at global step #144 Epoch #1 Step #144 / 151: loss:1.5099, precision: 22.0642
[2021-11-09 00:54:45][__main__	][INFO	] TRAIN at global step #145 Epoch #1 Step #145 / 151: loss:1.5376, precision: 23.9100
[2021-11-09 00:54:48][__main__	][INFO	] TRAIN at global step #146 Epoch #1 Step #146 / 151: loss:1.3888, precision: 24.8815
[2021-11-09 00:54:50][__main__	][INFO	] TRAIN at global step #147 Epoch #1 Step #147 / 151: loss:1.6458, precision: 20.4183
[2021-11-09 00:54:53][__main__	][INFO	] TRAIN at global step #148 Epoch #1 Step #148 / 151: loss:1.3305, precision: 27.2103
[2021-11-09 00:54:56][__main__	][INFO	] TRAIN at global step #149 Epoch #1 Step #149 / 151: loss:1.6710, precision: 21.7357
[2021-11-09 00:54:58][__main__	][INFO	] TRAIN at global step #150 Epoch #1 Step #150 / 151: loss:1.5882, precision: 22.8307
[2021-11-09 00:55:04][__main__	][INFO	] ---> inference #0 of 39 loss: 1.4247 iou: 0.0676
[2021-11-09 00:55:06][__main__	][INFO	] ---> inference #1 of 39 loss: 1.7709 iou: 0.0569
[2021-11-09 00:55:07][__main__	][INFO	] ---> inference #2 of 39 loss: 1.8302 iou: 0.0528
[2021-11-09 00:55:08][__main__	][INFO	] ---> inference #3 of 39 loss: 1.1801 iou: 0.0736
[2021-11-09 00:55:08][__main__	][INFO	] ---> inference #4 of 39 loss: 1.3852 iou: 0.0672
[2021-11-09 00:55:09][__main__	][INFO	] ---> inference #5 of 39 loss: 1.5032 iou: 0.0715
[2021-11-09 00:55:10][__main__	][INFO	] ---> inference #6 of 39 loss: 1.7762 iou: 0.0613
[2021-11-09 00:55:11][__main__	][INFO	] ---> inference #7 of 39 loss: 1.3296 iou: 0.0662
[2021-11-09 00:55:13][__main__	][INFO	] ---> inference #8 of 39 loss: 1.9343 iou: 0.0560
[2021-11-09 00:55:15][__main__	][INFO	] ---> inference #9 of 39 loss: 1.7191 iou: 0.0621
[2021-11-09 00:55:16][__main__	][INFO	] ---> inference #10 of 39 loss: 1.5967 iou: 0.0647
[2021-11-09 00:55:17][__main__	][INFO	] ---> inference #11 of 39 loss: 1.6162 iou: 0.0622
[2021-11-09 00:55:19][__main__	][INFO	] ---> inference #12 of 39 loss: 1.2227 iou: 0.0775
[2021-11-09 00:55:19][__main__	][INFO	] ---> inference #13 of 39 loss: 1.3832 iou: 0.0737
[2021-11-09 00:55:20][__main__	][INFO	] ---> inference #14 of 39 loss: 1.5731 iou: 0.0609
[2021-11-09 00:55:21][__main__	][INFO	] ---> inference #15 of 39 loss: 1.5299 iou: 0.0660
[2021-11-09 00:55:22][__main__	][INFO	] ---> inference #16 of 39 loss: 1.6887 iou: 0.0691
[2021-11-09 00:55:23][__main__	][INFO	] ---> inference #17 of 39 loss: 1.4162 iou: 0.0641
[2021-11-09 00:55:24][__main__	][INFO	] ---> inference #18 of 39 loss: 1.5471 iou: 0.0684
[2021-11-09 00:55:24][__main__	][INFO	] ---> inference #19 of 39 loss: 1.6615 iou: 0.0645
[2021-11-09 00:55:25][__main__	][INFO	] ---> inference #20 of 39 loss: 1.8040 iou: 0.0611
[2021-11-09 00:55:26][__main__	][INFO	] ---> inference #21 of 39 loss: 1.5939 iou: 0.0581
[2021-11-09 00:55:27][__main__	][INFO	] ---> inference #22 of 39 loss: 1.5558 iou: 0.0638
[2021-11-09 00:55:28][__main__	][INFO	] ---> inference #23 of 39 loss: 1.6696 iou: 0.0644
[2021-11-09 00:55:29][__main__	][INFO	] ---> inference #24 of 39 loss: 1.2278 iou: 0.0771
[2021-11-09 00:55:30][__main__	][INFO	] ---> inference #25 of 39 loss: 1.9020 iou: 0.0605
[2021-11-09 00:55:31][__main__	][INFO	] ---> inference #26 of 39 loss: 1.7679 iou: 0.0580
[2021-11-09 00:55:32][__main__	][INFO	] ---> inference #27 of 39 loss: 1.5225 iou: 0.0669
[2021-11-09 00:55:33][__main__	][INFO	] ---> inference #28 of 39 loss: 1.6901 iou: 0.0610
[2021-11-09 00:55:34][__main__	][INFO	] ---> inference #29 of 39 loss: 1.4328 iou: 0.0696
[2021-11-09 00:55:35][__main__	][INFO	] ---> inference #30 of 39 loss: 1.6557 iou: 0.0674
[2021-11-09 00:55:36][__main__	][INFO	] ---> inference #31 of 39 loss: 1.5779 iou: 0.0614
[2021-11-09 00:55:37][__main__	][INFO	] ---> inference #32 of 39 loss: 1.3881 iou: 0.0737
[2021-11-09 00:55:38][__main__	][INFO	] ---> inference #33 of 39 loss: 1.5340 iou: 0.0669
[2021-11-09 00:55:39][__main__	][INFO	] ---> inference #34 of 39 loss: 1.7036 iou: 0.0593
[2021-11-09 00:55:39][__main__	][INFO	] ---> inference #35 of 39 loss: 1.5443 iou: 0.0624
[2021-11-09 00:55:40][__main__	][INFO	] ---> inference #36 of 39 loss: 1.8672 iou: 0.0577
[2021-11-09 00:55:41][__main__	][INFO	] ---> inference #37 of 39 loss: 1.8632 iou: 0.0584
[2021-11-09 00:55:42][__main__	][INFO	] ---> inference #38 of 39 loss: 2.1129 iou: 0.0536
[2021-11-09 00:55:42][__main__	][INFO	] VAL   at global step #150: loss (avg): 1.6026, iou (avg): 0.0643
[2021-11-09 00:55:42][__main__	][INFO	] VAL   at global step #150: iou (cls#0): 0.5157
[2021-11-09 00:55:42][__main__	][INFO	] VAL   at global step #150: iou (cls#1): 0.6512
[2021-11-09 00:55:42][__main__	][INFO	] VAL   at global step #150: iou (cls#2): 0.0156
[2021-11-09 00:55:42][__main__	][INFO	] VAL   at global step #150: iou (cls#3): 0.0000
[2021-11-09 00:55:42][__main__	][INFO	] VAL   at global step #150: iou (cls#4): 0.0997
[2021-11-09 00:55:42][__main__	][INFO	] VAL   at global step #150: iou (cls#5): 0.0000
[2021-11-09 00:55:42][__main__	][INFO	] VAL   at global step #150: iou (cls#6): 0.0002
[2021-11-09 00:55:42][__main__	][INFO	] VAL   at global step #150: iou (cls#7): 0.0000
[2021-11-09 00:55:42][__main__	][INFO	] VAL   at global step #150: iou (cls#8): 0.0034
[2021-11-09 00:55:42][__main__	][INFO	] VAL   at global step #150: iou (cls#9): 0.0000
[2021-11-09 00:55:42][__main__	][INFO	] VAL   at global step #150: iou (cls#10): 0.0000
[2021-11-09 00:55:42][__main__	][INFO	] VAL   at global step #150: iou (cls#11): 0.0000
[2021-11-09 00:55:42][__main__	][INFO	] VAL   at global step #150: iou (cls#12): 0.0000
[2021-11-09 00:55:42][__main__	][INFO	] VAL   at global step #150: iou (cls#13): 0.0000
[2021-11-09 00:55:42][__main__	][INFO	] VAL   at global step #150: iou (cls#14): 0.0000
[2021-11-09 00:55:42][__main__	][INFO	] VAL   at global step #150: iou (cls#15): 0.0000
[2021-11-09 00:55:42][__main__	][INFO	] VAL   at global step #150: iou (cls#16): 0.0000
[2021-11-09 00:55:42][__main__	][INFO	] VAL   at global step #150: iou (cls#17): 0.0000
[2021-11-09 00:55:42][__main__	][INFO	] VAL   at global step #150: iou (cls#18): 0.0000
[2021-11-09 00:55:42][__main__	][INFO	] VAL   at global step #150: iou (cls#19): 0.0001
[2021-11-09 00:55:42][__main__	][INFO	] Better checkpoint saved
Traceback (most recent call last):
  File "new.py", line 1008, in <module>
    main()
  File "new.py", line 90, in main
    main_worker()
  File "new.py", line 213, in main_worker
    train(model, train_dataloader, val_dataloader, config, logger, rank=rank, world_size=world_size)
  File "new.py", line 830, in train
    checkpoint(
  File "new.py", line 44, in checkpoint
    torch.save(states, filename)
  File "/home/aidrive/tb5zhh/.conda/envs/tbw_3dscan/lib/python3.8/site-packages/torch/serialization.py", line 369, in save
    with _open_file_like(f, 'wb') as opened_file:
  File "/home/aidrive/tb5zhh/.conda/envs/tbw_3dscan/lib/python3.8/site-packages/torch/serialization.py", line 230, in _open_file_like
    return _open_file(name_or_buffer, mode)
  File "/home/aidrive/tb5zhh/.conda/envs/tbw_3dscan/lib/python3.8/site-packages/torch/serialization.py", line 211, in __init__
    super(_open_file, self).__init__(open(name, mode))
PermissionError: [Errno 13] Permission denied: 'checkpoints/finetune_mixture_spec_0.1_200_Res16UNet34C_best.pth'

wandb: Waiting for W&B process to finish, PID 47646... (failed 1). Press ctrl-c to abort syncing.
wandb: - 0.05MB of 0.05MB uploaded (0.00MB deduped)wandb: \ 0.05MB of 0.05MB uploaded (0.00MB deduped)wandb: | 0.05MB of 0.05MB uploaded (0.00MB deduped)wandb: / 0.05MB of 0.08MB uploaded (0.00MB deduped)wandb: - 0.05MB of 0.08MB uploaded (0.00MB deduped)wandb: \ 0.05MB of 0.08MB uploaded (0.00MB deduped)wandb: | 0.05MB of 0.08MB uploaded (0.00MB deduped)wandb: / 0.05MB of 0.08MB uploaded (0.00MB deduped)wandb: - 0.05MB of 0.08MB uploaded (0.00MB deduped)wandb: \ 0.05MB of 0.08MB uploaded (0.00MB deduped)wandb: | 0.05MB of 0.08MB uploaded (0.00MB deduped)wandb: / 0.05MB of 0.08MB uploaded (0.00MB deduped)wandb: - 0.06MB of 0.08MB uploaded (0.00MB deduped)wandb: \ 0.08MB of 0.08MB uploaded (0.00MB deduped)wandb: | 0.08MB of 0.08MB uploaded (0.00MB deduped)wandb: / 0.08MB of 0.08MB uploaded (0.00MB deduped)wandb: - 0.08MB of 0.08MB uploaded (0.00MB deduped)wandb: \ 0.08MB of 0.08MB uploaded (0.00MB deduped)wandb: | 0.08MB of 0.08MB uploaded (0.00MB deduped)wandb: / 0.08MB of 0.08MB uploaded (0.00MB deduped)wandb: - 0.08MB of 0.08MB uploaded (0.00MB deduped)wandb:                                                                                
wandb: Run history:
wandb:     global_step ▁▁▁▁▂▂▂▂▂▃▃▃▃▃▃▄▄▄▄▄▅▅▅▅▅▅▆▆▆▆▆▆▇▇▇▇▇███
wandb:   learning rate ████▇▇▇▇▇▆▆▆▆▆▆▅▅▅▅▅▅▄▄▄▄▄▃▃▃▃▃▃▂▂▂▂▂▁▁▁
wandb:            loss █▆▆▄▃▄▂▄▄▃▃▃▄▃▃▄▃▁▂▃▃▃▃▃▄▃▂▄▂▅▃▃▄▃▂▂▃▃▂▃
wandb:      optim_step ▁▁▁▁▂▂▂▂▂▃▃▃▃▃▃▄▄▄▄▄▅▅▅▅▅▅▆▆▆▆▆▆▇▇▇▇▇███
wandb:       precision ▁▅▅▆▆▅▆▆▆▆▆▆▅▆▆▅▆█▇▇▆▇▆▆▄▆▆▅▆▄▆▆▅▆▇▇▆▅▇▆
wandb:        val_loss ▁
wandb:   val_miou_mean ▁
wandb:        val_step ▁
wandb: 
wandb: Run summary:
wandb:     global_step 150
wandb:   learning rate 0.09955
wandb:            loss 1.58816
wandb:      optim_step 150
wandb:       precision 22.83071
wandb:        val_loss 1.60262
wandb:   val_miou_mean 0.0643
wandb:        val_step 1
wandb: 
wandb: Synced 6 W&B file(s), 0 media file(s), 0 artifact file(s) and 1 other file(s)
wandb: Synced decent-thunder-225: https://wandb.ai/tb5zhh/3dsp/runs/20ojzwsy
wandb: Find logs at: ./wandb/run-20211109_004633-20ojzwsy/logs/debug.log
wandb: 
