/home/aidrive/tb5zhh/.conda/envs/tbw_3dscan/lib/python3.8/site-packages/MinkowskiEngine/__init__.py:36: UserWarning: The environment variable `OMP_NUM_THREADS` not set. MinkowskiEngine will automatically set `OMP_NUM_THREADS=16`. If you want to set `OMP_NUM_THREADS` manually, please export it on the command line before running a python script. e.g. `export OMP_NUM_THREADS=12; python your_program.py`. It is recommended to set it below 24.
  warnings.warn(
[2021-11-09 00:46:08][__main__	][INFO	] Run with 1 cpu
[2021-11-09 00:46:08][__main__	][INFO	] Running config
[2021-11-09 00:46:08][__main__	][INFO	] --->                          model: Res16UNet34C
[2021-11-09 00:46:08][__main__	][INFO	] --->              conv1_kernel_size: 5
[2021-11-09 00:46:08][__main__	][INFO	] --->                        weights: checkpoints/pretrain_20000.pth
[2021-11-09 00:46:08][__main__	][INFO	] --->                       weights1: /home/aidrive1/workspace/luoly/dataset/final/min_weights/LR/unc/1/512/checkpoint_NoneRes16UNet34Cbest_val.pth
[2021-11-09 00:46:08][__main__	][INFO	] --->                       weights2: /home/aidrive1/workspace/luoly/dataset/final/min_weights/LR/512/1/checkpoint_NoneRes16UNet34Cbest_val.pth
[2021-11-09 00:46:08][__main__	][INFO	] --->                       weights3: /home/aidrive1/workspace/luoly/dataset/final/min_weights/LR/1024/1/checkpoint_NoneRes16UNet34Cbest_val.pth
[2021-11-09 00:46:08][__main__	][INFO	] --->        weights_for_inner_model: False
[2021-11-09 00:46:08][__main__	][INFO	] --->                      dilations: [1, 1, 1, 1]
[2021-11-09 00:46:08][__main__	][INFO	] --->                   wrapper_type: None
[2021-11-09 00:46:08][__main__	][INFO	] --->            wrapper_region_type: 1
[2021-11-09 00:46:08][__main__	][INFO	] --->            wrapper_kernel_size: 3
[2021-11-09 00:46:08][__main__	][INFO	] --->                     wrapper_lr: 0.1
[2021-11-09 00:46:08][__main__	][INFO	] --->           meanfield_iterations: 10
[2021-11-09 00:46:08][__main__	][INFO	] --->              crf_spatial_sigma: 1
[2021-11-09 00:46:08][__main__	][INFO	] --->            crf_chromatic_sigma: 12
[2021-11-09 00:46:08][__main__	][INFO	] --->                      optimizer: SGD
[2021-11-09 00:46:08][__main__	][INFO	] --->                             lr: 0.1
[2021-11-09 00:46:08][__main__	][INFO	] --->                   sgd_momentum: 0.9
[2021-11-09 00:46:08][__main__	][INFO	] --->                  sgd_dampening: 0.1
[2021-11-09 00:46:08][__main__	][INFO	] --->                     adam_beta1: 0.9
[2021-11-09 00:46:08][__main__	][INFO	] --->                     adam_beta2: 0.999
[2021-11-09 00:46:08][__main__	][INFO	] --->                   weight_decay: 0.0001
[2021-11-09 00:46:08][__main__	][INFO	] --->           param_histogram_freq: 100
[2021-11-09 00:46:08][__main__	][INFO	] --->           save_param_histogram: False
[2021-11-09 00:46:08][__main__	][INFO	] --->                      iter_size: 1
[2021-11-09 00:46:08][__main__	][INFO	] --->                    bn_momentum: 0.02
[2021-11-09 00:46:08][__main__	][INFO	] --->                      scheduler: PolyLR
[2021-11-09 00:46:08][__main__	][INFO	] --->                       max_iter: 30000
[2021-11-09 00:46:08][__main__	][INFO	] --->                      step_size: 20000.0
[2021-11-09 00:46:08][__main__	][INFO	] --->                     step_gamma: 0.1
[2021-11-09 00:46:08][__main__	][INFO	] --->                     poly_power: 0.9
[2021-11-09 00:46:08][__main__	][INFO	] --->                      exp_gamma: 0.95
[2021-11-09 00:46:08][__main__	][INFO	] --->                  exp_step_size: 445
[2021-11-09 00:46:08][__main__	][INFO	] --->                        log_dir: log
[2021-11-09 00:46:08][__main__	][INFO	] --->                       data_dir: data
[2021-11-09 00:46:08][__main__	][INFO	] --->                        dataset: ScannetVoxelization2cmDataset
[2021-11-09 00:46:08][__main__	][INFO	] --->                    testdataset: ScannetVoxelization2cmtestDataset
[2021-11-09 00:46:08][__main__	][INFO	] --->              temporal_dilation: 30
[2021-11-09 00:46:08][__main__	][INFO	] --->                temporal_numseq: 3
[2021-11-09 00:46:08][__main__	][INFO	] --->                      point_lim: -1
[2021-11-09 00:46:08][__main__	][INFO	] --->                  pre_point_lim: -1
[2021-11-09 00:46:08][__main__	][INFO	] --->                     batch_size: 1
[2021-11-09 00:46:08][__main__	][INFO	] --->                test_batch_size: 1
[2021-11-09 00:46:08][__main__	][INFO	] --->                     cache_data: False
[2021-11-09 00:46:08][__main__	][INFO	] --->                    num_workers: 4
[2021-11-09 00:46:08][__main__	][INFO	] --->                num_val_workers: 1
[2021-11-09 00:46:08][__main__	][INFO	] --->                   ignore_label: 255
[2021-11-09 00:46:08][__main__	][INFO	] --->          return_transformation: False
[2021-11-09 00:46:08][__main__	][INFO	] --->         ignore_duplicate_class: False
[2021-11-09 00:46:08][__main__	][INFO	] --->                   partial_crop: 0.0
[2021-11-09 00:46:08][__main__	][INFO	] --->          train_limit_numpoints: 0
[2021-11-09 00:46:08][__main__	][INFO	] --->                   synthia_path: /home/chrischoy/datasets/Synthia/Synthia4D
[2021-11-09 00:46:08][__main__	][INFO	] --->            synthia_camera_path: /home/chrischoy/datasets/Synthia/%s/CameraParams/
[2021-11-09 00:46:08][__main__	][INFO	] --->  synthia_camera_intrinsic_file: intrinsics.txt
[2021-11-09 00:46:08][__main__	][INFO	] ---> synthia_camera_extrinsics_file: Stereo_Right/Omni_F/%s.txt
[2021-11-09 00:46:08][__main__	][INFO	] --->         temporal_rand_dilation: False
[2021-11-09 00:46:08][__main__	][INFO	] --->           temporal_rand_numseq: False
[2021-11-09 00:46:08][__main__	][INFO	] --->                   scannet_path: /home/aidrive/tb5zhh/data/200_fit_double/train
[2021-11-09 00:46:08][__main__	][INFO	] --->              scannet_test_path: /home/aidrive/tb5zhh/data/full/train
[2021-11-09 00:46:08][__main__	][INFO	] --->                stanford3d_path: /home/chrischoy/datasets/Stanford3D
[2021-11-09 00:46:08][__main__	][INFO	] --->                       is_train: True
[2021-11-09 00:46:08][__main__	][INFO	] --->                      stat_freq: 40
[2021-11-09 00:46:08][__main__	][INFO	] --->                 test_stat_freq: 100
[2021-11-09 00:46:08][__main__	][INFO	] --->                test_stat_freq1: 312
[2021-11-09 00:46:08][__main__	][INFO	] --->                      save_freq: 1000
[2021-11-09 00:46:08][__main__	][INFO	] --->                       val_freq: 2
[2021-11-09 00:46:08][__main__	][INFO	] --->               empty_cache_freq: 1
[2021-11-09 00:46:08][__main__	][INFO	] --->                    train_phase: train
[2021-11-09 00:46:08][__main__	][INFO	] --->                      val_phase: val
[2021-11-09 00:46:08][__main__	][INFO	] --->              overwrite_weights: True
[2021-11-09 00:46:08][__main__	][INFO	] --->                         resume: None
[2021-11-09 00:46:08][__main__	][INFO	] --->               resume_optimizer: True
[2021-11-09 00:46:08][__main__	][INFO	] --->                  eval_upsample: False
[2021-11-09 00:46:08][__main__	][INFO	] --->         lenient_weight_loading: False
[2021-11-09 00:46:08][__main__	][INFO	] --->         distributed_world_size: 2
[2021-11-09 00:46:08][__main__	][INFO	] --->               distributed_rank: 0
[2021-11-09 00:46:08][__main__	][INFO	] --->            distributed_backend: nccl
[2021-11-09 00:46:08][__main__	][INFO	] --->        distributed_init_method: 
[2021-11-09 00:46:08][__main__	][INFO	] --->               distributed_port: 10010
[2021-11-09 00:46:08][__main__	][INFO	] --->                      device_id: 0
[2021-11-09 00:46:08][__main__	][INFO	] --->           distributed_no_spawn: True
[2021-11-09 00:46:08][__main__	][INFO	] --->                    ddp_backend: c10d
[2021-11-09 00:46:08][__main__	][INFO	] --->                  bucket_cap_mb: 25
[2021-11-09 00:46:08][__main__	][INFO	] --->                   use_feat_aug: True
[2021-11-09 00:46:08][__main__	][INFO	] --->     data_aug_color_trans_ratio: 0.1
[2021-11-09 00:46:08][__main__	][INFO	] --->      data_aug_color_jitter_std: 0.05
[2021-11-09 00:46:08][__main__	][INFO	] --->                normalize_color: True
[2021-11-09 00:46:08][__main__	][INFO	] --->             data_aug_scale_min: 0.9
[2021-11-09 00:46:08][__main__	][INFO	] --->             data_aug_scale_max: 1.1
[2021-11-09 00:46:08][__main__	][INFO	] --->               data_aug_hue_max: 0.5
[2021-11-09 00:46:08][__main__	][INFO	] --->        data_aug_saturation_max: 0.2
[2021-11-09 00:46:08][__main__	][INFO	] --->                      visualize: False
[2021-11-09 00:46:08][__main__	][INFO	] --->          test_temporal_average: False
[2021-11-09 00:46:08][__main__	][INFO	] --->                 visualize_path: outputs/visualize
[2021-11-09 00:46:08][__main__	][INFO	] --->                save_prediction: False
[2021-11-09 00:46:08][__main__	][INFO	] --->                  save_pred_dir: outputs/pred
[2021-11-09 00:46:08][__main__	][INFO	] --->                     test_phase: test
[2021-11-09 00:46:08][__main__	][INFO	] --->   evaluate_original_pointcloud: False
[2021-11-09 00:46:08][__main__	][INFO	] --->       test_original_pointcloud: False
[2021-11-09 00:46:08][__main__	][INFO	] --->                        is_cuda: True
[2021-11-09 00:46:08][__main__	][INFO	] --->                      load_path: 
[2021-11-09 00:46:08][__main__	][INFO	] --->                       log_step: 50
[2021-11-09 00:46:08][__main__	][INFO	] --->                      log_level: INFO
[2021-11-09 00:46:08][__main__	][INFO	] --->                        num_gpu: 1
[2021-11-09 00:46:08][__main__	][INFO	] --->                           seed: 42
[2021-11-09 00:46:08][__main__	][INFO	] --->                       run_name: finetune_mixture_double_0.1_200_Res16UNet34C
[2021-11-09 00:46:08][__main__	][INFO	] --->                      unc_round: 20
[2021-11-09 00:46:08][__main__	][INFO	] --->                 unc_result_dir: /
[2021-11-09 00:46:08][__main__	][INFO	] --->                          wandb: True
[2021-11-09 00:46:08][__main__	][INFO	] --->                  train_dataset: ScannetVoxelization2cmDataset
[2021-11-09 00:46:08][__main__	][INFO	] --->                    val_dataset: ScannetVoxelization2cmtestDataset
[2021-11-09 00:46:08][__main__	][INFO	] --->                 checkpoint_dir: checkpoints
[2021-11-09 00:46:08][__main__	][INFO	] --->                     optim_step: 1
[2021-11-09 00:46:08][__main__	][INFO	] --->                  validate_step: 150
[2021-11-09 00:46:08][__main__	][INFO	] --->                    train_epoch: 20000
[2021-11-09 00:46:08][__main__	][INFO	] --->               train_batch_size: 8
[2021-11-09 00:46:08][__main__	][INFO	] --->                 val_batch_size: 8
[2021-11-09 00:46:08][__main__	][INFO	] --->                eval_result_dir: /
[2021-11-09 00:46:08][__main__	][INFO	] --->                  unc_stat_path: /
[2021-11-09 00:46:08][__main__	][INFO	] --->                     save_epoch: 1
[2021-11-09 00:46:08][__main__	][INFO	] --->                   ignore_index: 255
[2021-11-09 00:46:08][__main__	][INFO	] --->                       do_train: True
[2021-11-09 00:46:08][__main__	][INFO	] --->               do_unc_inference: False
[2021-11-09 00:46:08][__main__	][INFO	] --->                    do_unc_demo: False
[2021-11-09 00:46:08][__main__	][INFO	] --->                    unc_dataset: 
[2021-11-09 00:46:08][__main__	][INFO	] --->           do_verbose_inference: False
[2021-11-09 00:46:08][__main__	][INFO	] --->                  do_unc_render: False
[2021-11-09 00:46:28][__main__	][INFO	] Weights loaded from checkpoints/pretrain_20000.pth
[2021-11-09 00:46:28][__main__	][INFO	] Model setup done
[2021-11-09 00:46:28][__main__	][INFO	] 
Res16UNet34C(
  (conv0p1s1): MinkowskiConvolution(in=3, out=32, kernel_size=[5, 5, 5], stride=[1, 1, 1], dilation=[1, 1, 1])
  (bn0): MinkowskiBatchNorm(32, eps=1e-05, momentum=0.02, affine=True, track_running_stats=True)
  (conv1p1s2): MinkowskiConvolution(in=32, out=32, kernel_size=[2, 2, 2], stride=[2, 2, 2], dilation=[1, 1, 1])
  (bn1): MinkowskiBatchNorm(32, eps=1e-05, momentum=0.02, affine=True, track_running_stats=True)
  (block1): Sequential(
    (0): BasicBlock(
      (conv1): MinkowskiConvolution(in=32, out=32, kernel_size=[3, 3, 3], stride=[1, 1, 1], dilation=[1, 1, 1])
      (norm1): MinkowskiBatchNorm(32, eps=1e-05, momentum=0.1, affine=True, track_running_stats=True)
      (conv2): MinkowskiConvolution(in=32, out=32, kernel_size=[3, 3, 3], stride=[1, 1, 1], dilation=[1, 1, 1])
      (norm2): MinkowskiBatchNorm(32, eps=1e-05, momentum=0.1, affine=True, track_running_stats=True)
      (relu): MinkowskiReLU()
    )
    (1): BasicBlock(
      (conv1): MinkowskiConvolution(in=32, out=32, kernel_size=[3, 3, 3], stride=[1, 1, 1], dilation=[1, 1, 1])
      (norm1): MinkowskiBatchNorm(32, eps=1e-05, momentum=0.1, affine=True, track_running_stats=True)
      (conv2): MinkowskiConvolution(in=32, out=32, kernel_size=[3, 3, 3], stride=[1, 1, 1], dilation=[1, 1, 1])
      (norm2): MinkowskiBatchNorm(32, eps=1e-05, momentum=0.1, affine=True, track_running_stats=True)
      (relu): MinkowskiReLU()
    )
  )
  (conv2p2s2): MinkowskiConvolution(in=32, out=32, kernel_size=[2, 2, 2], stride=[2, 2, 2], dilation=[1, 1, 1])
  (bn2): MinkowskiBatchNorm(32, eps=1e-05, momentum=0.02, affine=True, track_running_stats=True)
  (block2): Sequential(
    (0): BasicBlock(
      (conv1): MinkowskiConvolution(in=32, out=64, kernel_size=[3, 3, 3], stride=[1, 1, 1], dilation=[1, 1, 1])
      (norm1): MinkowskiBatchNorm(64, eps=1e-05, momentum=0.1, affine=True, track_running_stats=True)
      (conv2): MinkowskiConvolution(in=64, out=64, kernel_size=[3, 3, 3], stride=[1, 1, 1], dilation=[1, 1, 1])
      (norm2): MinkowskiBatchNorm(64, eps=1e-05, momentum=0.1, affine=True, track_running_stats=True)
      (relu): MinkowskiReLU()
      (downsample): Sequential(
        (0): MinkowskiConvolution(in=32, out=64, kernel_size=[1, 1, 1], stride=[1, 1, 1], dilation=[1, 1, 1])
        (1): MinkowskiBatchNorm(64, eps=1e-05, momentum=0.02, affine=True, track_running_stats=True)
      )
    )
    (1): BasicBlock(
      (conv1): MinkowskiConvolution(in=64, out=64, kernel_size=[3, 3, 3], stride=[1, 1, 1], dilation=[1, 1, 1])
      (norm1): MinkowskiBatchNorm(64, eps=1e-05, momentum=0.1, affine=True, track_running_stats=True)
      (conv2): MinkowskiConvolution(in=64, out=64, kernel_size=[3, 3, 3], stride=[1, 1, 1], dilation=[1, 1, 1])
      (norm2): MinkowskiBatchNorm(64, eps=1e-05, momentum=0.1, affine=True, track_running_stats=True)
      (relu): MinkowskiReLU()
    )
    (2): BasicBlock(
      (conv1): MinkowskiConvolution(in=64, out=64, kernel_size=[3, 3, 3], stride=[1, 1, 1], dilation=[1, 1, 1])
      (norm1): MinkowskiBatchNorm(64, eps=1e-05, momentum=0.1, affine=True, track_running_stats=True)
      (conv2): MinkowskiConvolution(in=64, out=64, kernel_size=[3, 3, 3], stride=[1, 1, 1], dilation=[1, 1, 1])
      (norm2): MinkowskiBatchNorm(64, eps=1e-05, momentum=0.1, affine=True, track_running_stats=True)
      (relu): MinkowskiReLU()
    )
  )
  (conv3p4s2): MinkowskiConvolution(in=64, out=64, kernel_size=[2, 2, 2], stride=[2, 2, 2], dilation=[1, 1, 1])
  (bn3): MinkowskiBatchNorm(64, eps=1e-05, momentum=0.02, affine=True, track_running_stats=True)
  (block3): Sequential(
    (0): BasicBlock(
      (conv1): MinkowskiConvolution(in=64, out=128, kernel_size=[3, 3, 3], stride=[1, 1, 1], dilation=[1, 1, 1])
      (norm1): MinkowskiBatchNorm(128, eps=1e-05, momentum=0.1, affine=True, track_running_stats=True)
      (conv2): MinkowskiConvolution(in=128, out=128, kernel_size=[3, 3, 3], stride=[1, 1, 1], dilation=[1, 1, 1])
      (norm2): MinkowskiBatchNorm(128, eps=1e-05, momentum=0.1, affine=True, track_running_stats=True)
      (relu): MinkowskiReLU()
      (downsample): Sequential(
        (0): MinkowskiConvolution(in=64, out=128, kernel_size=[1, 1, 1], stride=[1, 1, 1], dilation=[1, 1, 1])
        (1): MinkowskiBatchNorm(128, eps=1e-05, momentum=0.02, affine=True, track_running_stats=True)
      )
    )
    (1): BasicBlock(
      (conv1): MinkowskiConvolution(in=128, out=128, kernel_size=[3, 3, 3], stride=[1, 1, 1], dilation=[1, 1, 1])
      (norm1): MinkowskiBatchNorm(128, eps=1e-05, momentum=0.1, affine=True, track_running_stats=True)
      (conv2): MinkowskiConvolution(in=128, out=128, kernel_size=[3, 3, 3], stride=[1, 1, 1], dilation=[1, 1, 1])
      (norm2): MinkowskiBatchNorm(128, eps=1e-05, momentum=0.1, affine=True, track_running_stats=True)
      (relu): MinkowskiReLU()
    )
    (2): BasicBlock(
      (conv1): MinkowskiConvolution(in=128, out=128, kernel_size=[3, 3, 3], stride=[1, 1, 1], dilation=[1, 1, 1])
      (norm1): MinkowskiBatchNorm(128, eps=1e-05, momentum=0.1, affine=True, track_running_stats=True)
      (conv2): MinkowskiConvolution(in=128, out=128, kernel_size=[3, 3, 3], stride=[1, 1, 1], dilation=[1, 1, 1])
      (norm2): MinkowskiBatchNorm(128, eps=1e-05, momentum=0.1, affine=True, track_running_stats=True)
      (relu): MinkowskiReLU()
    )
    (3): BasicBlock(
      (conv1): MinkowskiConvolution(in=128, out=128, kernel_size=[3, 3, 3], stride=[1, 1, 1], dilation=[1, 1, 1])
      (norm1): MinkowskiBatchNorm(128, eps=1e-05, momentum=0.1, affine=True, track_running_stats=True)
      (conv2): MinkowskiConvolution(in=128, out=128, kernel_size=[3, 3, 3], stride=[1, 1, 1], dilation=[1, 1, 1])
      (norm2): MinkowskiBatchNorm(128, eps=1e-05, momentum=0.1, affine=True, track_running_stats=True)
      (relu): MinkowskiReLU()
    )
  )
  (conv4p8s2): MinkowskiConvolution(in=128, out=128, kernel_size=[2, 2, 2], stride=[2, 2, 2], dilation=[1, 1, 1])
  (bn4): MinkowskiBatchNorm(128, eps=1e-05, momentum=0.02, affine=True, track_running_stats=True)
  (block4): Sequential(
    (0): BasicBlock(
      (conv1): MinkowskiConvolution(in=128, out=256, kernel_size=[3, 3, 3], stride=[1, 1, 1], dilation=[1, 1, 1])
      (norm1): MinkowskiBatchNorm(256, eps=1e-05, momentum=0.1, affine=True, track_running_stats=True)
      (conv2): MinkowskiConvolution(in=256, out=256, kernel_size=[3, 3, 3], stride=[1, 1, 1], dilation=[1, 1, 1])
      (norm2): MinkowskiBatchNorm(256, eps=1e-05, momentum=0.1, affine=True, track_running_stats=True)
      (relu): MinkowskiReLU()
      (downsample): Sequential(
        (0): MinkowskiConvolution(in=128, out=256, kernel_size=[1, 1, 1], stride=[1, 1, 1], dilation=[1, 1, 1])
        (1): MinkowskiBatchNorm(256, eps=1e-05, momentum=0.02, affine=True, track_running_stats=True)
      )
    )
    (1): BasicBlock(
      (conv1): MinkowskiConvolution(in=256, out=256, kernel_size=[3, 3, 3], stride=[1, 1, 1], dilation=[1, 1, 1])
      (norm1): MinkowskiBatchNorm(256, eps=1e-05, momentum=0.1, affine=True, track_running_stats=True)
      (conv2): MinkowskiConvolution(in=256, out=256, kernel_size=[3, 3, 3], stride=[1, 1, 1], dilation=[1, 1, 1])
      (norm2): MinkowskiBatchNorm(256, eps=1e-05, momentum=0.1, affine=True, track_running_stats=True)
      (relu): MinkowskiReLU()
    )
    (2): BasicBlock(
      (conv1): MinkowskiConvolution(in=256, out=256, kernel_size=[3, 3, 3], stride=[1, 1, 1], dilation=[1, 1, 1])
      (norm1): MinkowskiBatchNorm(256, eps=1e-05, momentum=0.1, affine=True, track_running_stats=True)
      (conv2): MinkowskiConvolution(in=256, out=256, kernel_size=[3, 3, 3], stride=[1, 1, 1], dilation=[1, 1, 1])
      (norm2): MinkowskiBatchNorm(256, eps=1e-05, momentum=0.1, affine=True, track_running_stats=True)
      (relu): MinkowskiReLU()
    )
    (3): BasicBlock(
      (conv1): MinkowskiConvolution(in=256, out=256, kernel_size=[3, 3, 3], stride=[1, 1, 1], dilation=[1, 1, 1])
      (norm1): MinkowskiBatchNorm(256, eps=1e-05, momentum=0.1, affine=True, track_running_stats=True)
      (conv2): MinkowskiConvolution(in=256, out=256, kernel_size=[3, 3, 3], stride=[1, 1, 1], dilation=[1, 1, 1])
      (norm2): MinkowskiBatchNorm(256, eps=1e-05, momentum=0.1, affine=True, track_running_stats=True)
      (relu): MinkowskiReLU()
    )
    (4): BasicBlock(
      (conv1): MinkowskiConvolution(in=256, out=256, kernel_size=[3, 3, 3], stride=[1, 1, 1], dilation=[1, 1, 1])
      (norm1): MinkowskiBatchNorm(256, eps=1e-05, momentum=0.1, affine=True, track_running_stats=True)
      (conv2): MinkowskiConvolution(in=256, out=256, kernel_size=[3, 3, 3], stride=[1, 1, 1], dilation=[1, 1, 1])
      (norm2): MinkowskiBatchNorm(256, eps=1e-05, momentum=0.1, affine=True, track_running_stats=True)
      (relu): MinkowskiReLU()
    )
    (5): BasicBlock(
      (conv1): MinkowskiConvolution(in=256, out=256, kernel_size=[3, 3, 3], stride=[1, 1, 1], dilation=[1, 1, 1])
      (norm1): MinkowskiBatchNorm(256, eps=1e-05, momentum=0.1, affine=True, track_running_stats=True)
      (conv2): MinkowskiConvolution(in=256, out=256, kernel_size=[3, 3, 3], stride=[1, 1, 1], dilation=[1, 1, 1])
      (norm2): MinkowskiBatchNorm(256, eps=1e-05, momentum=0.1, affine=True, track_running_stats=True)
      (relu): MinkowskiReLU()
    )
  )
  (convtr4p16s2): MinkowskiConvolutionTranspose(in=256, out=256, kernel_size=[2, 2, 2], stride=[2, 2, 2], dilation=[1, 1, 1])
  (bntr4): MinkowskiBatchNorm(256, eps=1e-05, momentum=0.02, affine=True, track_running_stats=True)
  (block5): Sequential(
    (0): BasicBlock(
      (conv1): MinkowskiConvolution(in=384, out=256, kernel_size=[3, 3, 3], stride=[1, 1, 1], dilation=[1, 1, 1])
      (norm1): MinkowskiBatchNorm(256, eps=1e-05, momentum=0.1, affine=True, track_running_stats=True)
      (conv2): MinkowskiConvolution(in=256, out=256, kernel_size=[3, 3, 3], stride=[1, 1, 1], dilation=[1, 1, 1])
      (norm2): MinkowskiBatchNorm(256, eps=1e-05, momentum=0.1, affine=True, track_running_stats=True)
      (relu): MinkowskiReLU()
      (downsample): Sequential(
        (0): MinkowskiConvolution(in=384, out=256, kernel_size=[1, 1, 1], stride=[1, 1, 1], dilation=[1, 1, 1])
        (1): MinkowskiBatchNorm(256, eps=1e-05, momentum=0.02, affine=True, track_running_stats=True)
      )
    )
    (1): BasicBlock(
      (conv1): MinkowskiConvolution(in=256, out=256, kernel_size=[3, 3, 3], stride=[1, 1, 1], dilation=[1, 1, 1])
      (norm1): MinkowskiBatchNorm(256, eps=1e-05, momentum=0.1, affine=True, track_running_stats=True)
      (conv2): MinkowskiConvolution(in=256, out=256, kernel_size=[3, 3, 3], stride=[1, 1, 1], dilation=[1, 1, 1])
      (norm2): MinkowskiBatchNorm(256, eps=1e-05, momentum=0.1, affine=True, track_running_stats=True)
      (relu): MinkowskiReLU()
    )
  )
  (convtr5p8s2): MinkowskiConvolutionTranspose(in=256, out=128, kernel_size=[2, 2, 2], stride=[2, 2, 2], dilation=[1, 1, 1])
  (bntr5): MinkowskiBatchNorm(128, eps=1e-05, momentum=0.02, affine=True, track_running_stats=True)
  (block6): Sequential(
    (0): BasicBlock(
      (conv1): MinkowskiConvolution(in=192, out=128, kernel_size=[3, 3, 3], stride=[1, 1, 1], dilation=[1, 1, 1])
      (norm1): MinkowskiBatchNorm(128, eps=1e-05, momentum=0.1, affine=True, track_running_stats=True)
      (conv2): MinkowskiConvolution(in=128, out=128, kernel_size=[3, 3, 3], stride=[1, 1, 1], dilation=[1, 1, 1])
      (norm2): MinkowskiBatchNorm(128, eps=1e-05, momentum=0.1, affine=True, track_running_stats=True)
      (relu): MinkowskiReLU()
      (downsample): Sequential(
        (0): MinkowskiConvolution(in=192, out=128, kernel_size=[1, 1, 1], stride=[1, 1, 1], dilation=[1, 1, 1])
        (1): MinkowskiBatchNorm(128, eps=1e-05, momentum=0.02, affine=True, track_running_stats=True)
      )
    )
    (1): BasicBlock(
      (conv1): MinkowskiConvolution(in=128, out=128, kernel_size=[3, 3, 3], stride=[1, 1, 1], dilation=[1, 1, 1])
      (norm1): MinkowskiBatchNorm(128, eps=1e-05, momentum=0.1, affine=True, track_running_stats=True)
      (conv2): MinkowskiConvolution(in=128, out=128, kernel_size=[3, 3, 3], stride=[1, 1, 1], dilation=[1, 1, 1])
      (norm2): MinkowskiBatchNorm(128, eps=1e-05, momentum=0.1, affine=True, track_running_stats=True)
      (relu): MinkowskiReLU()
    )
  )
  (convtr6p4s2): MinkowskiConvolutionTranspose(in=128, out=96, kernel_size=[2, 2, 2], stride=[2, 2, 2], dilation=[1, 1, 1])
  (bntr6): MinkowskiBatchNorm(96, eps=1e-05, momentum=0.02, affine=True, track_running_stats=True)
  (block7): Sequential(
    (0): BasicBlock(
      (conv1): MinkowskiConvolution(in=128, out=96, kernel_size=[3, 3, 3], stride=[1, 1, 1], dilation=[1, 1, 1])
      (norm1): MinkowskiBatchNorm(96, eps=1e-05, momentum=0.1, affine=True, track_running_stats=True)
      (conv2): MinkowskiConvolution(in=96, out=96, kernel_size=[3, 3, 3], stride=[1, 1, 1], dilation=[1, 1, 1])
      (norm2): MinkowskiBatchNorm(96, eps=1e-05, momentum=0.1, affine=True, track_running_stats=True)
      (relu): MinkowskiReLU()
      (downsample): Sequential(
        (0): MinkowskiConvolution(in=128, out=96, kernel_size=[1, 1, 1], stride=[1, 1, 1], dilation=[1, 1, 1])
        (1): MinkowskiBatchNorm(96, eps=1e-05, momentum=0.02, affine=True, track_running_stats=True)
      )
    )
    (1): BasicBlock(
      (conv1): MinkowskiConvolution(in=96, out=96, kernel_size=[3, 3, 3], stride=[1, 1, 1], dilation=[1, 1, 1])
      (norm1): MinkowskiBatchNorm(96, eps=1e-05, momentum=0.1, affine=True, track_running_stats=True)
      (conv2): MinkowskiConvolution(in=96, out=96, kernel_size=[3, 3, 3], stride=[1, 1, 1], dilation=[1, 1, 1])
      (norm2): MinkowskiBatchNorm(96, eps=1e-05, momentum=0.1, affine=True, track_running_stats=True)
      (relu): MinkowskiReLU()
    )
  )
  (convtr7p2s2): MinkowskiConvolutionTranspose(in=96, out=96, kernel_size=[2, 2, 2], stride=[2, 2, 2], dilation=[1, 1, 1])
  (bntr7): MinkowskiBatchNorm(96, eps=1e-05, momentum=0.02, affine=True, track_running_stats=True)
  (block8): Sequential(
    (0): BasicBlock(
      (conv1): MinkowskiConvolution(in=128, out=96, kernel_size=[3, 3, 3], stride=[1, 1, 1], dilation=[1, 1, 1])
      (norm1): MinkowskiBatchNorm(96, eps=1e-05, momentum=0.1, affine=True, track_running_stats=True)
      (conv2): MinkowskiConvolution(in=96, out=96, kernel_size=[3, 3, 3], stride=[1, 1, 1], dilation=[1, 1, 1])
      (norm2): MinkowskiBatchNorm(96, eps=1e-05, momentum=0.1, affine=True, track_running_stats=True)
      (relu): MinkowskiReLU()
      (downsample): Sequential(
        (0): MinkowskiConvolution(in=128, out=96, kernel_size=[1, 1, 1], stride=[1, 1, 1], dilation=[1, 1, 1])
        (1): MinkowskiBatchNorm(96, eps=1e-05, momentum=0.02, affine=True, track_running_stats=True)
      )
    )
    (1): BasicBlock(
      (conv1): MinkowskiConvolution(in=96, out=96, kernel_size=[3, 3, 3], stride=[1, 1, 1], dilation=[1, 1, 1])
      (norm1): MinkowskiBatchNorm(96, eps=1e-05, momentum=0.1, affine=True, track_running_stats=True)
      (conv2): MinkowskiConvolution(in=96, out=96, kernel_size=[3, 3, 3], stride=[1, 1, 1], dilation=[1, 1, 1])
      (norm2): MinkowskiBatchNorm(96, eps=1e-05, momentum=0.1, affine=True, track_running_stats=True)
      (relu): MinkowskiReLU()
    )
  )
  (final): MinkowskiConvolution(in=96, out=20, kernel_size=[1, 1, 1], stride=[1, 1, 1], dilation=[1, 1, 1])
  (relu): MinkowskiReLU()
)
wandb: Currently logged in as: tb5zhh (use `wandb login --relogin` to force relogin)
wandb: Tracking run with wandb version 0.12.4
wandb: Syncing run prime-sunset-226
wandb:  View project at https://wandb.ai/tb5zhh/3dsp
wandb:  View run at https://wandb.ai/tb5zhh/3dsp/runs/3n6sfcdh
wandb: Run data is saved locally in /home/aidrive/tb5zhh/3DScanSeg/wandb/run-20211109_004629-3n6sfcdh
wandb: Run `wandb offline` to turn off syncing.

[34m[1mwandb[0m: [33mWARNING[0m Calling run.save without any arguments is deprecated.Changes to attributes are automatically persisted.
[2021-11-09 00:46:41][root	][INFO	] Loading ScannetVoxelization2cmDataset: scannetv2_train.txt
[2021-11-09 00:46:41][root	][INFO	] Loading ScannetVoxelization2cmtestDataset: scannetv2_val.txt
[2021-11-09 00:46:41][__main__	][INFO	] Dataloader setup done
[2021-11-09 00:46:41][__main__	][INFO	] My rank : 0 / 1
[2021-11-09 00:46:41][__main__	][INFO	] Start training
[2021-11-09 00:46:52][__main__	][INFO	] TRAIN at global step #1 Epoch #1 Step #1 / 151: loss:3.4304, precision: 1.7899
[2021-11-09 00:46:54][__main__	][INFO	] TRAIN at global step #2 Epoch #1 Step #2 / 151: loss:3.0526, precision: 1.9657
[2021-11-09 00:46:59][__main__	][INFO	] TRAIN at global step #3 Epoch #1 Step #3 / 151: loss:2.8386, precision: 13.7941
[2021-11-09 00:47:02][__main__	][INFO	] TRAIN at global step #4 Epoch #1 Step #4 / 151: loss:2.7065, precision: 16.6163
[2021-11-09 00:47:05][__main__	][INFO	] TRAIN at global step #5 Epoch #1 Step #5 / 151: loss:2.7572, precision: 12.7969
[2021-11-09 00:47:08][__main__	][INFO	] TRAIN at global step #6 Epoch #1 Step #6 / 151: loss:2.3235, precision: 21.2276
[2021-11-09 00:47:12][__main__	][INFO	] TRAIN at global step #7 Epoch #1 Step #7 / 151: loss:2.6302, precision: 18.4652
[2021-11-09 00:47:15][__main__	][INFO	] TRAIN at global step #8 Epoch #1 Step #8 / 151: loss:2.5557, precision: 15.3006
[2021-11-09 00:47:18][__main__	][INFO	] TRAIN at global step #9 Epoch #1 Step #9 / 151: loss:2.3036, precision: 12.1163
[2021-11-09 00:47:22][__main__	][INFO	] TRAIN at global step #10 Epoch #1 Step #10 / 151: loss:2.2675, precision: 24.9020
[2021-11-09 00:47:26][__main__	][INFO	] TRAIN at global step #11 Epoch #1 Step #11 / 151: loss:2.4408, precision: 17.8017
[2021-11-09 00:47:30][__main__	][INFO	] TRAIN at global step #12 Epoch #1 Step #12 / 151: loss:2.3085, precision: 24.6007
[2021-11-09 00:47:33][__main__	][INFO	] TRAIN at global step #13 Epoch #1 Step #13 / 151: loss:2.2673, precision: 23.5042
[2021-11-09 00:47:37][__main__	][INFO	] TRAIN at global step #14 Epoch #1 Step #14 / 151: loss:2.0449, precision: 26.1726
[2021-11-09 00:47:39][__main__	][INFO	] TRAIN at global step #15 Epoch #1 Step #15 / 151: loss:2.4356, precision: 15.2853
[2021-11-09 00:47:43][__main__	][INFO	] TRAIN at global step #16 Epoch #1 Step #16 / 151: loss:2.1866, precision: 24.2075
[2021-11-09 00:47:47][__main__	][INFO	] TRAIN at global step #17 Epoch #1 Step #17 / 151: loss:1.9825, precision: 24.3782
[2021-11-09 00:47:50][__main__	][INFO	] TRAIN at global step #18 Epoch #1 Step #18 / 151: loss:2.6295, precision: 9.4408
[2021-11-09 00:47:54][__main__	][INFO	] TRAIN at global step #19 Epoch #1 Step #19 / 151: loss:2.3215, precision: 20.7579
[2021-11-09 00:47:58][__main__	][INFO	] TRAIN at global step #20 Epoch #1 Step #20 / 151: loss:2.5320, precision: 13.0099
[2021-11-09 00:48:01][__main__	][INFO	] TRAIN at global step #21 Epoch #1 Step #21 / 151: loss:2.2156, precision: 23.9276
[2021-11-09 00:48:03][__main__	][INFO	] TRAIN at global step #22 Epoch #1 Step #22 / 151: loss:2.1609, precision: 28.0658
[2021-11-09 00:48:07][__main__	][INFO	] TRAIN at global step #23 Epoch #1 Step #23 / 151: loss:2.3718, precision: 17.1700
[2021-11-09 00:48:11][__main__	][INFO	] TRAIN at global step #24 Epoch #1 Step #24 / 151: loss:2.1616, precision: 23.4121
[2021-11-09 00:48:13][__main__	][INFO	] TRAIN at global step #25 Epoch #1 Step #25 / 151: loss:2.2345, precision: 20.8472
[2021-11-09 00:48:16][__main__	][INFO	] TRAIN at global step #26 Epoch #1 Step #26 / 151: loss:2.1714, precision: 19.9121
[2021-11-09 00:48:20][__main__	][INFO	] TRAIN at global step #27 Epoch #1 Step #27 / 151: loss:2.2818, precision: 16.0187
[2021-11-09 00:48:22][__main__	][INFO	] TRAIN at global step #28 Epoch #1 Step #28 / 151: loss:2.1646, precision: 23.1818
[2021-11-09 00:48:26][__main__	][INFO	] TRAIN at global step #29 Epoch #1 Step #29 / 151: loss:2.0832, precision: 22.8195
[2021-11-09 00:48:30][__main__	][INFO	] TRAIN at global step #30 Epoch #1 Step #30 / 151: loss:2.2865, precision: 17.7770
[2021-11-09 00:48:33][__main__	][INFO	] TRAIN at global step #31 Epoch #1 Step #31 / 151: loss:2.1975, precision: 19.6135
[2021-11-09 00:48:36][__main__	][INFO	] TRAIN at global step #32 Epoch #1 Step #32 / 151: loss:2.3091, precision: 22.6575
[2021-11-09 00:48:38][__main__	][INFO	] TRAIN at global step #33 Epoch #1 Step #33 / 151: loss:2.1640, precision: 23.2344
[2021-11-09 00:48:42][__main__	][INFO	] TRAIN at global step #34 Epoch #1 Step #34 / 151: loss:2.3045, precision: 21.5165
[2021-11-09 00:48:45][__main__	][INFO	] TRAIN at global step #35 Epoch #1 Step #35 / 151: loss:2.0602, precision: 22.8553
[2021-11-09 00:48:49][__main__	][INFO	] TRAIN at global step #36 Epoch #1 Step #36 / 151: loss:2.0491, precision: 21.4774
[2021-11-09 00:48:53][__main__	][INFO	] TRAIN at global step #37 Epoch #1 Step #37 / 151: loss:2.1614, precision: 22.1333
[2021-11-09 00:48:56][__main__	][INFO	] TRAIN at global step #38 Epoch #1 Step #38 / 151: loss:2.1196, precision: 23.1077
[2021-11-09 00:48:58][__main__	][INFO	] TRAIN at global step #39 Epoch #1 Step #39 / 151: loss:2.0613, precision: 23.0485
[2021-11-09 00:49:02][__main__	][INFO	] TRAIN at global step #40 Epoch #1 Step #40 / 151: loss:2.5236, precision: 10.2481
[2021-11-09 00:49:05][__main__	][INFO	] TRAIN at global step #41 Epoch #1 Step #41 / 151: loss:2.2126, precision: 20.5223
[2021-11-09 00:49:10][__main__	][INFO	] TRAIN at global step #42 Epoch #1 Step #42 / 151: loss:2.4019, precision: 13.9775
[2021-11-09 00:49:12][__main__	][INFO	] TRAIN at global step #43 Epoch #1 Step #43 / 151: loss:2.1092, precision: 19.8575
[2021-11-09 00:49:16][__main__	][INFO	] TRAIN at global step #44 Epoch #1 Step #44 / 151: loss:2.5470, precision: 12.7654
[2021-11-09 00:49:19][__main__	][INFO	] TRAIN at global step #45 Epoch #1 Step #45 / 151: loss:2.4178, precision: 14.6124
[2021-11-09 00:49:23][__main__	][INFO	] TRAIN at global step #46 Epoch #1 Step #46 / 151: loss:2.2980, precision: 17.6980
[2021-11-09 00:49:27][__main__	][INFO	] TRAIN at global step #47 Epoch #1 Step #47 / 151: loss:2.2575, precision: 23.6851
[2021-11-09 00:49:30][__main__	][INFO	] TRAIN at global step #48 Epoch #1 Step #48 / 151: loss:2.0092, precision: 26.4699
[2021-11-09 00:49:33][__main__	][INFO	] TRAIN at global step #49 Epoch #1 Step #49 / 151: loss:2.0242, precision: 25.9809
[2021-11-09 00:49:38][__main__	][INFO	] TRAIN at global step #50 Epoch #1 Step #50 / 151: loss:2.3772, precision: 14.5426
[2021-11-09 00:49:40][__main__	][INFO	] TRAIN at global step #51 Epoch #1 Step #51 / 151: loss:1.9366, precision: 29.5298
[2021-11-09 00:49:42][__main__	][INFO	] TRAIN at global step #52 Epoch #1 Step #52 / 151: loss:2.1305, precision: 22.1646
[2021-11-09 00:49:45][__main__	][INFO	] TRAIN at global step #53 Epoch #1 Step #53 / 151: loss:2.2219, precision: 19.6021
[2021-11-09 00:49:49][__main__	][INFO	] TRAIN at global step #54 Epoch #1 Step #54 / 151: loss:2.1829, precision: 20.2028
[2021-11-09 00:49:52][__main__	][INFO	] TRAIN at global step #55 Epoch #1 Step #55 / 151: loss:1.9561, precision: 26.5757
[2021-11-09 00:49:57][__main__	][INFO	] TRAIN at global step #56 Epoch #1 Step #56 / 151: loss:2.3141, precision: 18.9852
[2021-11-09 00:50:00][__main__	][INFO	] TRAIN at global step #57 Epoch #1 Step #57 / 151: loss:2.0534, precision: 22.2395
[2021-11-09 00:50:03][__main__	][INFO	] TRAIN at global step #58 Epoch #1 Step #58 / 151: loss:2.4440, precision: 14.9730
[2021-11-09 00:50:06][__main__	][INFO	] TRAIN at global step #59 Epoch #1 Step #59 / 151: loss:1.9312, precision: 19.2250
[2021-11-09 00:50:09][__main__	][INFO	] TRAIN at global step #60 Epoch #1 Step #60 / 151: loss:2.0773, precision: 24.4577
[2021-11-09 00:50:12][__main__	][INFO	] TRAIN at global step #61 Epoch #1 Step #61 / 151: loss:1.8317, precision: 27.2746
[2021-11-09 00:50:15][__main__	][INFO	] TRAIN at global step #62 Epoch #1 Step #62 / 151: loss:2.1072, precision: 25.7623
[2021-11-09 00:50:18][__main__	][INFO	] TRAIN at global step #63 Epoch #1 Step #63 / 151: loss:2.0896, precision: 21.4133
[2021-11-09 00:50:22][__main__	][INFO	] TRAIN at global step #64 Epoch #1 Step #64 / 151: loss:2.1667, precision: 16.8630
[2021-11-09 00:50:25][__main__	][INFO	] TRAIN at global step #65 Epoch #1 Step #65 / 151: loss:2.1370, precision: 23.1166
[2021-11-09 00:50:28][__main__	][INFO	] TRAIN at global step #66 Epoch #1 Step #66 / 151: loss:1.7196, precision: 34.8161
[2021-11-09 00:50:31][__main__	][INFO	] TRAIN at global step #67 Epoch #1 Step #67 / 151: loss:1.9878, precision: 25.1583
[2021-11-09 00:50:34][__main__	][INFO	] TRAIN at global step #68 Epoch #1 Step #68 / 151: loss:2.4824, precision: 13.2468
[2021-11-09 00:50:37][__main__	][INFO	] TRAIN at global step #69 Epoch #1 Step #69 / 151: loss:1.8572, precision: 34.9189
[2021-11-09 00:50:40][__main__	][INFO	] TRAIN at global step #70 Epoch #1 Step #70 / 151: loss:1.7313, precision: 35.8996
[2021-11-09 00:50:44][__main__	][INFO	] TRAIN at global step #71 Epoch #1 Step #71 / 151: loss:2.3623, precision: 12.1076
[2021-11-09 00:50:48][__main__	][INFO	] TRAIN at global step #72 Epoch #1 Step #72 / 151: loss:2.1509, precision: 24.6709
[2021-11-09 00:50:50][__main__	][INFO	] TRAIN at global step #73 Epoch #1 Step #73 / 151: loss:2.2002, precision: 24.5428
[2021-11-09 00:50:55][__main__	][INFO	] TRAIN at global step #74 Epoch #1 Step #74 / 151: loss:2.1827, precision: 17.2370
[2021-11-09 00:50:58][__main__	][INFO	] TRAIN at global step #75 Epoch #1 Step #75 / 151: loss:1.9844, precision: 23.5578
[2021-11-09 00:51:01][__main__	][INFO	] TRAIN at global step #76 Epoch #1 Step #76 / 151: loss:2.0692, precision: 28.4978
[2021-11-09 00:51:05][__main__	][INFO	] TRAIN at global step #77 Epoch #1 Step #77 / 151: loss:1.9961, precision: 26.8642
[2021-11-09 00:51:08][__main__	][INFO	] TRAIN at global step #78 Epoch #1 Step #78 / 151: loss:2.1306, precision: 20.5662
[2021-11-09 00:51:11][__main__	][INFO	] TRAIN at global step #79 Epoch #1 Step #79 / 151: loss:2.1842, precision: 25.3810
[2021-11-09 00:51:15][__main__	][INFO	] TRAIN at global step #80 Epoch #1 Step #80 / 151: loss:2.2846, precision: 22.4541
[2021-11-09 00:51:18][__main__	][INFO	] TRAIN at global step #81 Epoch #1 Step #81 / 151: loss:2.0097, precision: 24.3161
[2021-11-09 00:51:21][__main__	][INFO	] TRAIN at global step #82 Epoch #1 Step #82 / 151: loss:2.6110, precision: 8.1425
[2021-11-09 00:51:25][__main__	][INFO	] TRAIN at global step #83 Epoch #1 Step #83 / 151: loss:2.1160, precision: 19.3933
[2021-11-09 00:51:27][__main__	][INFO	] TRAIN at global step #84 Epoch #1 Step #84 / 151: loss:2.2144, precision: 20.0952
[2021-11-09 00:51:31][__main__	][INFO	] TRAIN at global step #85 Epoch #1 Step #85 / 151: loss:2.1926, precision: 25.2727
[2021-11-09 00:51:33][__main__	][INFO	] TRAIN at global step #86 Epoch #1 Step #86 / 151: loss:1.9283, precision: 29.1479
[2021-11-09 00:51:37][__main__	][INFO	] TRAIN at global step #87 Epoch #1 Step #87 / 151: loss:2.0719, precision: 22.8303
[2021-11-09 00:51:42][__main__	][INFO	] TRAIN at global step #88 Epoch #1 Step #88 / 151: loss:2.0480, precision: 25.3791
[2021-11-09 00:51:45][__main__	][INFO	] TRAIN at global step #89 Epoch #1 Step #89 / 151: loss:2.2988, precision: 16.6165
[2021-11-09 00:51:47][__main__	][INFO	] TRAIN at global step #90 Epoch #1 Step #90 / 151: loss:1.9135, precision: 24.2883
[2021-11-09 00:51:52][__main__	][INFO	] TRAIN at global step #91 Epoch #1 Step #91 / 151: loss:2.1507, precision: 17.8235
[2021-11-09 00:51:56][__main__	][INFO	] TRAIN at global step #92 Epoch #1 Step #92 / 151: loss:2.4403, precision: 11.3472
[2021-11-09 00:51:59][__main__	][INFO	] TRAIN at global step #93 Epoch #1 Step #93 / 151: loss:2.0759, precision: 20.9162
[2021-11-09 00:52:04][__main__	][INFO	] TRAIN at global step #94 Epoch #1 Step #94 / 151: loss:2.0814, precision: 21.5294
[2021-11-09 00:52:07][__main__	][INFO	] TRAIN at global step #95 Epoch #1 Step #95 / 151: loss:2.1066, precision: 20.6639
[2021-11-09 00:52:10][__main__	][INFO	] TRAIN at global step #96 Epoch #1 Step #96 / 151: loss:2.2285, precision: 20.6916
[2021-11-09 00:52:12][__main__	][INFO	] TRAIN at global step #97 Epoch #1 Step #97 / 151: loss:2.2301, precision: 18.9990
[2021-11-09 00:52:17][__main__	][INFO	] TRAIN at global step #98 Epoch #1 Step #98 / 151: loss:1.8686, precision: 33.8103
[2021-11-09 00:52:21][__main__	][INFO	] TRAIN at global step #99 Epoch #1 Step #99 / 151: loss:1.9812, precision: 24.3955
[2021-11-09 00:52:25][__main__	][INFO	] TRAIN at global step #100 Epoch #1 Step #100 / 151: loss:2.2488, precision: 13.9340
[2021-11-09 00:52:28][__main__	][INFO	] TRAIN at global step #101 Epoch #1 Step #101 / 151: loss:2.2452, precision: 17.6663
[2021-11-09 00:52:31][__main__	][INFO	] TRAIN at global step #102 Epoch #1 Step #102 / 151: loss:2.1469, precision: 21.4123
[2021-11-09 00:52:34][__main__	][INFO	] TRAIN at global step #103 Epoch #1 Step #103 / 151: loss:1.9189, precision: 24.6305
[2021-11-09 00:52:37][__main__	][INFO	] TRAIN at global step #104 Epoch #1 Step #104 / 151: loss:2.0849, precision: 24.0303
[2021-11-09 00:52:40][__main__	][INFO	] TRAIN at global step #105 Epoch #1 Step #105 / 151: loss:2.0269, precision: 24.4477
[2021-11-09 00:52:43][__main__	][INFO	] TRAIN at global step #106 Epoch #1 Step #106 / 151: loss:1.9455, precision: 28.2580
[2021-11-09 00:52:46][__main__	][INFO	] TRAIN at global step #107 Epoch #1 Step #107 / 151: loss:2.0664, precision: 20.2206
[2021-11-09 00:52:49][__main__	][INFO	] TRAIN at global step #108 Epoch #1 Step #108 / 151: loss:1.9545, precision: 24.6662
[2021-11-09 00:52:51][__main__	][INFO	] TRAIN at global step #109 Epoch #1 Step #109 / 151: loss:2.2487, precision: 23.6754
[2021-11-09 00:52:55][__main__	][INFO	] TRAIN at global step #110 Epoch #1 Step #110 / 151: loss:2.0724, precision: 26.7389
[2021-11-09 00:52:58][__main__	][INFO	] TRAIN at global step #111 Epoch #1 Step #111 / 151: loss:2.0634, precision: 24.7828
[2021-11-09 00:53:01][__main__	][INFO	] TRAIN at global step #112 Epoch #1 Step #112 / 151: loss:2.4696, precision: 13.5041
[2021-11-09 00:53:04][__main__	][INFO	] TRAIN at global step #113 Epoch #1 Step #113 / 151: loss:2.0250, precision: 30.7146
[2021-11-09 00:53:08][__main__	][INFO	] TRAIN at global step #114 Epoch #1 Step #114 / 151: loss:2.1552, precision: 20.0126
[2021-11-09 00:53:10][__main__	][INFO	] TRAIN at global step #115 Epoch #1 Step #115 / 151: loss:2.0338, precision: 23.0882
[2021-11-09 00:53:13][__main__	][INFO	] TRAIN at global step #116 Epoch #1 Step #116 / 151: loss:2.2384, precision: 20.8131
[2021-11-09 00:53:16][__main__	][INFO	] TRAIN at global step #117 Epoch #1 Step #117 / 151: loss:2.1469, precision: 19.7943
[2021-11-09 00:53:20][__main__	][INFO	] TRAIN at global step #118 Epoch #1 Step #118 / 151: loss:1.9566, precision: 25.8080
[2021-11-09 00:53:22][__main__	][INFO	] TRAIN at global step #119 Epoch #1 Step #119 / 151: loss:2.0087, precision: 28.4226
[2021-11-09 00:53:26][__main__	][INFO	] TRAIN at global step #120 Epoch #1 Step #120 / 151: loss:2.1799, precision: 13.4231
[2021-11-09 00:53:30][__main__	][INFO	] TRAIN at global step #121 Epoch #1 Step #121 / 151: loss:2.0522, precision: 16.8350
[2021-11-09 00:53:32][__main__	][INFO	] TRAIN at global step #122 Epoch #1 Step #122 / 151: loss:2.0843, precision: 26.3966
[2021-11-09 00:53:35][__main__	][INFO	] TRAIN at global step #123 Epoch #1 Step #123 / 151: loss:2.1672, precision: 16.9241
[2021-11-09 00:53:39][__main__	][INFO	] TRAIN at global step #124 Epoch #1 Step #124 / 151: loss:2.2333, precision: 16.6407
[2021-11-09 00:53:42][__main__	][INFO	] TRAIN at global step #125 Epoch #1 Step #125 / 151: loss:2.0423, precision: 22.7095
[2021-11-09 00:53:45][__main__	][INFO	] TRAIN at global step #126 Epoch #1 Step #126 / 151: loss:2.0572, precision: 20.3347
[2021-11-09 00:53:47][__main__	][INFO	] TRAIN at global step #127 Epoch #1 Step #127 / 151: loss:2.0072, precision: 28.5712
[2021-11-09 00:53:50][__main__	][INFO	] TRAIN at global step #128 Epoch #1 Step #128 / 151: loss:2.0409, precision: 24.5449
[2021-11-09 00:53:53][__main__	][INFO	] TRAIN at global step #129 Epoch #1 Step #129 / 151: loss:2.2214, precision: 18.5860
[2021-11-09 00:53:56][__main__	][INFO	] TRAIN at global step #130 Epoch #1 Step #130 / 151: loss:1.9522, precision: 26.1801
[2021-11-09 00:53:59][__main__	][INFO	] TRAIN at global step #131 Epoch #1 Step #131 / 151: loss:2.3578, precision: 15.8322
[2021-11-09 00:54:02][__main__	][INFO	] TRAIN at global step #132 Epoch #1 Step #132 / 151: loss:2.0235, precision: 24.7211
[2021-11-09 00:54:05][__main__	][INFO	] TRAIN at global step #133 Epoch #1 Step #133 / 151: loss:2.0223, precision: 24.8737
[2021-11-09 00:54:08][__main__	][INFO	] TRAIN at global step #134 Epoch #1 Step #134 / 151: loss:2.0990, precision: 18.9062
[2021-11-09 00:54:11][__main__	][INFO	] TRAIN at global step #135 Epoch #1 Step #135 / 151: loss:2.3053, precision: 19.8964
[2021-11-09 00:54:15][__main__	][INFO	] TRAIN at global step #136 Epoch #1 Step #136 / 151: loss:2.3084, precision: 17.3941
[2021-11-09 00:54:17][__main__	][INFO	] TRAIN at global step #137 Epoch #1 Step #137 / 151: loss:2.0248, precision: 30.0700
[2021-11-09 00:54:21][__main__	][INFO	] TRAIN at global step #138 Epoch #1 Step #138 / 151: loss:2.2676, precision: 18.6981
[2021-11-09 00:54:23][__main__	][INFO	] TRAIN at global step #139 Epoch #1 Step #139 / 151: loss:2.2804, precision: 16.1289
[2021-11-09 00:54:26][__main__	][INFO	] TRAIN at global step #140 Epoch #1 Step #140 / 151: loss:2.0489, precision: 22.6050
[2021-11-09 00:54:29][__main__	][INFO	] TRAIN at global step #141 Epoch #1 Step #141 / 151: loss:2.1880, precision: 20.3518
[2021-11-09 00:54:33][__main__	][INFO	] TRAIN at global step #142 Epoch #1 Step #142 / 151: loss:2.2334, precision: 16.8860
[2021-11-09 00:54:37][__main__	][INFO	] TRAIN at global step #143 Epoch #1 Step #143 / 151: loss:2.1986, precision: 19.5628
[2021-11-09 00:54:41][__main__	][INFO	] TRAIN at global step #144 Epoch #1 Step #144 / 151: loss:2.1623, precision: 18.8512
[2021-11-09 00:54:44][__main__	][INFO	] TRAIN at global step #145 Epoch #1 Step #145 / 151: loss:2.1387, precision: 21.6691
[2021-11-09 00:54:47][__main__	][INFO	] TRAIN at global step #146 Epoch #1 Step #146 / 151: loss:1.8666, precision: 29.3437
[2021-11-09 00:54:50][__main__	][INFO	] TRAIN at global step #147 Epoch #1 Step #147 / 151: loss:2.1976, precision: 17.1610
[2021-11-09 00:54:52][__main__	][INFO	] TRAIN at global step #148 Epoch #1 Step #148 / 151: loss:1.9690, precision: 25.9465
[2021-11-09 00:54:55][__main__	][INFO	] TRAIN at global step #149 Epoch #1 Step #149 / 151: loss:2.2970, precision: 15.9267
[2021-11-09 00:54:58][__main__	][INFO	] TRAIN at global step #150 Epoch #1 Step #150 / 151: loss:1.9551, precision: 34.6408
[2021-11-09 00:55:04][__main__	][INFO	] ---> inference #0 of 39 loss: 2.8249 iou: 0.0461
[2021-11-09 00:55:05][__main__	][INFO	] ---> inference #1 of 39 loss: 2.7895 iou: 0.0433
[2021-11-09 00:55:06][__main__	][INFO	] ---> inference #2 of 39 loss: 3.4639 iou: 0.0333
[2021-11-09 00:55:07][__main__	][INFO	] ---> inference #3 of 39 loss: 3.1530 iou: 0.0478
[2021-11-09 00:55:08][__main__	][INFO	] ---> inference #4 of 39 loss: 2.9955 iou: 0.0518
[2021-11-09 00:55:08][__main__	][INFO	] ---> inference #5 of 39 loss: 2.8529 iou: 0.0556
[2021-11-09 00:55:09][__main__	][INFO	] ---> inference #6 of 39 loss: 2.5517 iou: 0.0369
[2021-11-09 00:55:10][__main__	][INFO	] ---> inference #7 of 39 loss: 3.2958 iou: 0.0427
[2021-11-09 00:55:12][__main__	][INFO	] ---> inference #8 of 39 loss: 3.0056 iou: 0.0277
[2021-11-09 00:55:14][__main__	][INFO	] ---> inference #9 of 39 loss: 3.0253 iou: 0.0383
[2021-11-09 00:55:15][__main__	][INFO	] ---> inference #10 of 39 loss: 3.1762 iou: 0.0367
[2021-11-09 00:55:17][__main__	][INFO	] ---> inference #11 of 39 loss: 3.1517 iou: 0.0291
[2021-11-09 00:55:18][__main__	][INFO	] ---> inference #12 of 39 loss: 3.4116 iou: 0.0384
[2021-11-09 00:55:19][__main__	][INFO	] ---> inference #13 of 39 loss: 2.9559 iou: 0.0497
[2021-11-09 00:55:20][__main__	][INFO	] ---> inference #14 of 39 loss: 2.9801 iou: 0.0411
[2021-11-09 00:55:21][__main__	][INFO	] ---> inference #15 of 39 loss: 2.5388 iou: 0.0397
[2021-11-09 00:55:21][__main__	][INFO	] ---> inference #16 of 39 loss: 2.7274 iou: 0.0397
[2021-11-09 00:55:22][__main__	][INFO	] ---> inference #17 of 39 loss: 3.1660 iou: 0.0383
[2021-11-09 00:55:23][__main__	][INFO	] ---> inference #18 of 39 loss: 2.9713 iou: 0.0465
[2021-11-09 00:55:24][__main__	][INFO	] ---> inference #19 of 39 loss: 2.4988 iou: 0.0504
[2021-11-09 00:55:25][__main__	][INFO	] ---> inference #20 of 39 loss: 2.7834 iou: 0.0426
[2021-11-09 00:55:26][__main__	][INFO	] ---> inference #21 of 39 loss: 3.2913 iou: 0.0376
[2021-11-09 00:55:27][__main__	][INFO	] ---> inference #22 of 39 loss: 3.0897 iou: 0.0429
[2021-11-09 00:55:28][__main__	][INFO	] ---> inference #23 of 39 loss: 3.3293 iou: 0.0358
[2021-11-09 00:55:28][__main__	][INFO	] ---> inference #24 of 39 loss: 2.7246 iou: 0.0523
[2021-11-09 00:55:29][__main__	][INFO	] ---> inference #25 of 39 loss: 2.8290 iou: 0.0401
[2021-11-09 00:55:30][__main__	][INFO	] ---> inference #26 of 39 loss: 2.9170 iou: 0.0354
[2021-11-09 00:55:31][__main__	][INFO	] ---> inference #27 of 39 loss: 3.2531 iou: 0.0446
[2021-11-09 00:55:32][__main__	][INFO	] ---> inference #28 of 39 loss: 3.2493 iou: 0.0432
[2021-11-09 00:55:34][__main__	][INFO	] ---> inference #29 of 39 loss: 2.7941 iou: 0.0460
[2021-11-09 00:55:35][__main__	][INFO	] ---> inference #30 of 39 loss: 2.9162 iou: 0.0504
[2021-11-09 00:55:36][__main__	][INFO	] ---> inference #31 of 39 loss: 2.7007 iou: 0.0556
[2021-11-09 00:55:37][__main__	][INFO	] ---> inference #32 of 39 loss: 2.6964 iou: 0.0608
[2021-11-09 00:55:38][__main__	][INFO	] ---> inference #33 of 39 loss: 3.3384 iou: 0.0416
[2021-11-09 00:55:39][__main__	][INFO	] ---> inference #34 of 39 loss: 3.1092 iou: 0.0241
[2021-11-09 00:55:39][__main__	][INFO	] ---> inference #35 of 39 loss: 3.0113 iou: 0.0363
[2021-11-09 00:55:40][__main__	][INFO	] ---> inference #36 of 39 loss: 2.5969 iou: 0.0402
[2021-11-09 00:55:41][__main__	][INFO	] ---> inference #37 of 39 loss: 2.8307 iou: 0.0398
[2021-11-09 00:55:42][__main__	][INFO	] ---> inference #38 of 39 loss: 3.2206 iou: 0.0291
[2021-11-09 00:55:42][__main__	][INFO	] VAL   at global step #150: loss (avg): 2.9799, iou (avg): 0.0418
[2021-11-09 00:55:42][__main__	][INFO	] VAL   at global step #150: iou (cls#0): 0.5160
[2021-11-09 00:55:42][__main__	][INFO	] VAL   at global step #150: iou (cls#1): 0.0000
[2021-11-09 00:55:42][__main__	][INFO	] VAL   at global step #150: iou (cls#2): 0.0215
[2021-11-09 00:55:42][__main__	][INFO	] VAL   at global step #150: iou (cls#3): 0.0000
[2021-11-09 00:55:42][__main__	][INFO	] VAL   at global step #150: iou (cls#4): 0.1205
[2021-11-09 00:55:42][__main__	][INFO	] VAL   at global step #150: iou (cls#5): 0.0000
[2021-11-09 00:55:42][__main__	][INFO	] VAL   at global step #150: iou (cls#6): 0.0694
[2021-11-09 00:55:42][__main__	][INFO	] VAL   at global step #150: iou (cls#7): 0.0000
[2021-11-09 00:55:42][__main__	][INFO	] VAL   at global step #150: iou (cls#8): 0.0875
[2021-11-09 00:55:42][__main__	][INFO	] VAL   at global step #150: iou (cls#9): 0.0000
[2021-11-09 00:55:42][__main__	][INFO	] VAL   at global step #150: iou (cls#10): 0.0000
[2021-11-09 00:55:42][__main__	][INFO	] VAL   at global step #150: iou (cls#11): 0.0000
[2021-11-09 00:55:42][__main__	][INFO	] VAL   at global step #150: iou (cls#12): 0.0000
[2021-11-09 00:55:42][__main__	][INFO	] VAL   at global step #150: iou (cls#13): 0.0005
[2021-11-09 00:55:42][__main__	][INFO	] VAL   at global step #150: iou (cls#14): 0.0000
[2021-11-09 00:55:42][__main__	][INFO	] VAL   at global step #150: iou (cls#15): 0.0000
[2021-11-09 00:55:42][__main__	][INFO	] VAL   at global step #150: iou (cls#16): 0.0000
[2021-11-09 00:55:42][__main__	][INFO	] VAL   at global step #150: iou (cls#17): 0.0000
[2021-11-09 00:55:42][__main__	][INFO	] VAL   at global step #150: iou (cls#18): 0.0000
[2021-11-09 00:55:42][__main__	][INFO	] VAL   at global step #150: iou (cls#19): 0.0212
[2021-11-09 00:55:42][__main__	][INFO	] Better checkpoint saved
Traceback (most recent call last):
  File "new.py", line 1008, in <module>
    main()
  File "new.py", line 90, in main
    main_worker()
  File "new.py", line 213, in main_worker
    train(model, train_dataloader, val_dataloader, config, logger, rank=rank, world_size=world_size)
  File "new.py", line 830, in train
    checkpoint(
  File "new.py", line 44, in checkpoint
    torch.save(states, filename)
  File "/home/aidrive/tb5zhh/.conda/envs/tbw_3dscan/lib/python3.8/site-packages/torch/serialization.py", line 369, in save
    with _open_file_like(f, 'wb') as opened_file:
  File "/home/aidrive/tb5zhh/.conda/envs/tbw_3dscan/lib/python3.8/site-packages/torch/serialization.py", line 230, in _open_file_like
    return _open_file(name_or_buffer, mode)
  File "/home/aidrive/tb5zhh/.conda/envs/tbw_3dscan/lib/python3.8/site-packages/torch/serialization.py", line 211, in __init__
    super(_open_file, self).__init__(open(name, mode))
PermissionError: [Errno 13] Permission denied: 'checkpoints/finetune_mixture_double_0.1_200_Res16UNet34C_best.pth'

wandb: Waiting for W&B process to finish, PID 47606... (failed 1). Press ctrl-c to abort syncing.
wandb: - 0.05MB of 0.05MB uploaded (0.00MB deduped)wandb: \ 0.05MB of 0.05MB uploaded (0.00MB deduped)wandb: | 0.05MB of 0.05MB uploaded (0.00MB deduped)wandb: / 0.05MB of 0.05MB uploaded (0.00MB deduped)wandb: - 0.05MB of 0.08MB uploaded (0.00MB deduped)wandb: \ 0.05MB of 0.08MB uploaded (0.00MB deduped)wandb: | 0.05MB of 0.08MB uploaded (0.00MB deduped)wandb: / 0.05MB of 0.08MB uploaded (0.00MB deduped)wandb: - 0.05MB of 0.08MB uploaded (0.00MB deduped)wandb: \ 0.08MB of 0.08MB uploaded (0.00MB deduped)wandb: | 0.08MB of 0.08MB uploaded (0.00MB deduped)wandb: / 0.08MB of 0.08MB uploaded (0.00MB deduped)wandb: - 0.08MB of 0.08MB uploaded (0.00MB deduped)wandb: \ 0.08MB of 0.08MB uploaded (0.00MB deduped)wandb: | 0.08MB of 0.08MB uploaded (0.00MB deduped)wandb: / 0.08MB of 0.08MB uploaded (0.00MB deduped)wandb: - 0.08MB of 0.08MB uploaded (0.00MB deduped)wandb: \ 0.08MB of 0.08MB uploaded (0.00MB deduped)wandb:                                                                                
wandb: Run history:
wandb:     global_step ▁▁▁▁▂▂▂▂▂▃▃▃▃▃▃▄▄▄▄▄▅▅▅▅▅▅▆▆▆▆▆▆▇▇▇▇▇███
wandb:   learning rate ████▇▇▇▇▇▆▆▆▆▆▆▅▅▅▅▅▅▄▄▄▄▄▃▃▃▃▃▃▂▂▂▂▂▁▁▁
wandb:            loss █▆▅▄▃▅▃▃▄▃▃▅▄▄▃▅▃▁▁▃▃▄▄▃▅▄▄▃▂▅▃▂▃▃▂▃▄▄▂▂
wandb:      optim_step ▁▁▁▁▂▂▂▂▂▃▃▃▃▃▃▄▄▄▄▄▅▅▅▅▅▅▆▆▆▆▆▆▇▇▇▇▇███
wandb:       precision ▁▄▄▆▆▃▅▅▅▅▅▃▄▄▅▄▆██▄▆▅▅▆▃▅▃▆▆▃▅▆▆▅▆▄▄▄▇█
wandb:        val_loss ▁
wandb:   val_miou_mean ▁
wandb:        val_step ▁
wandb: 
wandb: Run summary:
wandb:     global_step 150
wandb:   learning rate 0.09955
wandb:            loss 1.95509
wandb:      optim_step 150
wandb:       precision 34.6408
wandb:        val_loss 2.97993
wandb:   val_miou_mean 0.04184
wandb:        val_step 1
wandb: 
wandb: Synced 6 W&B file(s), 0 media file(s), 0 artifact file(s) and 1 other file(s)
wandb: Synced prime-sunset-226: https://wandb.ai/tb5zhh/3dsp/runs/3n6sfcdh
wandb: Find logs at: ./wandb/run-20211109_004629-3n6sfcdh/logs/debug.log
wandb: 
