/home/aidrive/tb5zhh/.conda/envs/tbw_3dscan/lib/python3.8/site-packages/MinkowskiEngine/__init__.py:36: UserWarning: The environment variable `OMP_NUM_THREADS` not set. MinkowskiEngine will automatically set `OMP_NUM_THREADS=16`. If you want to set `OMP_NUM_THREADS` manually, please export it on the command line before running a python script. e.g. `export OMP_NUM_THREADS=12; python your_program.py`. It is recommended to set it below 24.
  warnings.warn(
[2021-11-09 00:54:19][__main__	][INFO	] Run with 1 cpu
[2021-11-09 00:54:19][__main__	][INFO	] Running config
[2021-11-09 00:54:19][__main__	][INFO	] --->                          model: Res16UNet34C
[2021-11-09 00:54:19][__main__	][INFO	] --->              conv1_kernel_size: 5
[2021-11-09 00:54:19][__main__	][INFO	] --->                        weights: checkpoints/pretrain_20000.pth
[2021-11-09 00:54:19][__main__	][INFO	] --->                       weights1: /home/aidrive1/workspace/luoly/dataset/final/min_weights/LR/unc/1/512/checkpoint_NoneRes16UNet34Cbest_val.pth
[2021-11-09 00:54:19][__main__	][INFO	] --->                       weights2: /home/aidrive1/workspace/luoly/dataset/final/min_weights/LR/512/1/checkpoint_NoneRes16UNet34Cbest_val.pth
[2021-11-09 00:54:19][__main__	][INFO	] --->                       weights3: /home/aidrive1/workspace/luoly/dataset/final/min_weights/LR/1024/1/checkpoint_NoneRes16UNet34Cbest_val.pth
[2021-11-09 00:54:19][__main__	][INFO	] --->        weights_for_inner_model: False
[2021-11-09 00:54:19][__main__	][INFO	] --->                      dilations: [1, 1, 1, 1]
[2021-11-09 00:54:19][__main__	][INFO	] --->                   wrapper_type: None
[2021-11-09 00:54:19][__main__	][INFO	] --->            wrapper_region_type: 1
[2021-11-09 00:54:19][__main__	][INFO	] --->            wrapper_kernel_size: 3
[2021-11-09 00:54:19][__main__	][INFO	] --->                     wrapper_lr: 0.1
[2021-11-09 00:54:19][__main__	][INFO	] --->           meanfield_iterations: 10
[2021-11-09 00:54:19][__main__	][INFO	] --->              crf_spatial_sigma: 1
[2021-11-09 00:54:19][__main__	][INFO	] --->            crf_chromatic_sigma: 12
[2021-11-09 00:54:19][__main__	][INFO	] --->                      optimizer: SGD
[2021-11-09 00:54:19][__main__	][INFO	] --->                             lr: 0.1
[2021-11-09 00:54:19][__main__	][INFO	] --->                   sgd_momentum: 0.9
[2021-11-09 00:54:19][__main__	][INFO	] --->                  sgd_dampening: 0.1
[2021-11-09 00:54:19][__main__	][INFO	] --->                     adam_beta1: 0.9
[2021-11-09 00:54:19][__main__	][INFO	] --->                     adam_beta2: 0.999
[2021-11-09 00:54:19][__main__	][INFO	] --->                   weight_decay: 0.0001
[2021-11-09 00:54:19][__main__	][INFO	] --->           param_histogram_freq: 100
[2021-11-09 00:54:19][__main__	][INFO	] --->           save_param_histogram: False
[2021-11-09 00:54:19][__main__	][INFO	] --->                      iter_size: 1
[2021-11-09 00:54:19][__main__	][INFO	] --->                    bn_momentum: 0.02
[2021-11-09 00:54:19][__main__	][INFO	] --->                      scheduler: PolyLR
[2021-11-09 00:54:19][__main__	][INFO	] --->                       max_iter: 30000
[2021-11-09 00:54:19][__main__	][INFO	] --->                      step_size: 20000.0
[2021-11-09 00:54:19][__main__	][INFO	] --->                     step_gamma: 0.1
[2021-11-09 00:54:19][__main__	][INFO	] --->                     poly_power: 0.9
[2021-11-09 00:54:19][__main__	][INFO	] --->                      exp_gamma: 0.95
[2021-11-09 00:54:19][__main__	][INFO	] --->                  exp_step_size: 445
[2021-11-09 00:54:19][__main__	][INFO	] --->                        log_dir: log
[2021-11-09 00:54:19][__main__	][INFO	] --->                       data_dir: data
[2021-11-09 00:54:19][__main__	][INFO	] --->                        dataset: ScannetVoxelization2cmDataset
[2021-11-09 00:54:19][__main__	][INFO	] --->                    testdataset: ScannetVoxelization2cmtestDataset
[2021-11-09 00:54:19][__main__	][INFO	] --->              temporal_dilation: 30
[2021-11-09 00:54:19][__main__	][INFO	] --->                temporal_numseq: 3
[2021-11-09 00:54:19][__main__	][INFO	] --->                      point_lim: -1
[2021-11-09 00:54:19][__main__	][INFO	] --->                  pre_point_lim: -1
[2021-11-09 00:54:19][__main__	][INFO	] --->                     batch_size: 1
[2021-11-09 00:54:19][__main__	][INFO	] --->                test_batch_size: 1
[2021-11-09 00:54:19][__main__	][INFO	] --->                     cache_data: False
[2021-11-09 00:54:19][__main__	][INFO	] --->                    num_workers: 4
[2021-11-09 00:54:19][__main__	][INFO	] --->                num_val_workers: 1
[2021-11-09 00:54:19][__main__	][INFO	] --->                   ignore_label: 255
[2021-11-09 00:54:19][__main__	][INFO	] --->          return_transformation: False
[2021-11-09 00:54:19][__main__	][INFO	] --->         ignore_duplicate_class: False
[2021-11-09 00:54:19][__main__	][INFO	] --->                   partial_crop: 0.0
[2021-11-09 00:54:19][__main__	][INFO	] --->          train_limit_numpoints: 0
[2021-11-09 00:54:19][__main__	][INFO	] --->                   synthia_path: /home/chrischoy/datasets/Synthia/Synthia4D
[2021-11-09 00:54:19][__main__	][INFO	] --->            synthia_camera_path: /home/chrischoy/datasets/Synthia/%s/CameraParams/
[2021-11-09 00:54:19][__main__	][INFO	] --->  synthia_camera_intrinsic_file: intrinsics.txt
[2021-11-09 00:54:19][__main__	][INFO	] ---> synthia_camera_extrinsics_file: Stereo_Right/Omni_F/%s.txt
[2021-11-09 00:54:19][__main__	][INFO	] --->         temporal_rand_dilation: False
[2021-11-09 00:54:19][__main__	][INFO	] --->           temporal_rand_numseq: False
[2021-11-09 00:54:19][__main__	][INFO	] --->                   scannet_path: /home/aidrive/tb5zhh/data/100_fit_unc/train
[2021-11-09 00:54:19][__main__	][INFO	] --->              scannet_test_path: /home/aidrive/tb5zhh/data/full/train
[2021-11-09 00:54:19][__main__	][INFO	] --->                stanford3d_path: /home/chrischoy/datasets/Stanford3D
[2021-11-09 00:54:19][__main__	][INFO	] --->                       is_train: True
[2021-11-09 00:54:19][__main__	][INFO	] --->                      stat_freq: 40
[2021-11-09 00:54:19][__main__	][INFO	] --->                 test_stat_freq: 100
[2021-11-09 00:54:19][__main__	][INFO	] --->                test_stat_freq1: 312
[2021-11-09 00:54:19][__main__	][INFO	] --->                      save_freq: 1000
[2021-11-09 00:54:19][__main__	][INFO	] --->                       val_freq: 2
[2021-11-09 00:54:19][__main__	][INFO	] --->               empty_cache_freq: 1
[2021-11-09 00:54:19][__main__	][INFO	] --->                    train_phase: train
[2021-11-09 00:54:19][__main__	][INFO	] --->                      val_phase: val
[2021-11-09 00:54:19][__main__	][INFO	] --->              overwrite_weights: True
[2021-11-09 00:54:19][__main__	][INFO	] --->                         resume: None
[2021-11-09 00:54:19][__main__	][INFO	] --->               resume_optimizer: True
[2021-11-09 00:54:19][__main__	][INFO	] --->                  eval_upsample: False
[2021-11-09 00:54:19][__main__	][INFO	] --->         lenient_weight_loading: False
[2021-11-09 00:54:19][__main__	][INFO	] --->         distributed_world_size: 2
[2021-11-09 00:54:19][__main__	][INFO	] --->               distributed_rank: 0
[2021-11-09 00:54:19][__main__	][INFO	] --->            distributed_backend: nccl
[2021-11-09 00:54:19][__main__	][INFO	] --->        distributed_init_method: 
[2021-11-09 00:54:19][__main__	][INFO	] --->               distributed_port: 10010
[2021-11-09 00:54:19][__main__	][INFO	] --->                      device_id: 0
[2021-11-09 00:54:19][__main__	][INFO	] --->           distributed_no_spawn: True
[2021-11-09 00:54:19][__main__	][INFO	] --->                    ddp_backend: c10d
[2021-11-09 00:54:19][__main__	][INFO	] --->                  bucket_cap_mb: 25
[2021-11-09 00:54:19][__main__	][INFO	] --->                   use_feat_aug: True
[2021-11-09 00:54:19][__main__	][INFO	] --->     data_aug_color_trans_ratio: 0.1
[2021-11-09 00:54:19][__main__	][INFO	] --->      data_aug_color_jitter_std: 0.05
[2021-11-09 00:54:19][__main__	][INFO	] --->                normalize_color: True
[2021-11-09 00:54:19][__main__	][INFO	] --->             data_aug_scale_min: 0.9
[2021-11-09 00:54:19][__main__	][INFO	] --->             data_aug_scale_max: 1.1
[2021-11-09 00:54:19][__main__	][INFO	] --->               data_aug_hue_max: 0.5
[2021-11-09 00:54:19][__main__	][INFO	] --->        data_aug_saturation_max: 0.2
[2021-11-09 00:54:19][__main__	][INFO	] --->                      visualize: False
[2021-11-09 00:54:19][__main__	][INFO	] --->          test_temporal_average: False
[2021-11-09 00:54:19][__main__	][INFO	] --->                 visualize_path: outputs/visualize
[2021-11-09 00:54:19][__main__	][INFO	] --->                save_prediction: False
[2021-11-09 00:54:19][__main__	][INFO	] --->                  save_pred_dir: outputs/pred
[2021-11-09 00:54:19][__main__	][INFO	] --->                     test_phase: test
[2021-11-09 00:54:19][__main__	][INFO	] --->   evaluate_original_pointcloud: False
[2021-11-09 00:54:19][__main__	][INFO	] --->       test_original_pointcloud: False
[2021-11-09 00:54:19][__main__	][INFO	] --->                        is_cuda: True
[2021-11-09 00:54:19][__main__	][INFO	] --->                      load_path: 
[2021-11-09 00:54:19][__main__	][INFO	] --->                       log_step: 50
[2021-11-09 00:54:19][__main__	][INFO	] --->                      log_level: INFO
[2021-11-09 00:54:19][__main__	][INFO	] --->                        num_gpu: 1
[2021-11-09 00:54:19][__main__	][INFO	] --->                           seed: 42
[2021-11-09 00:54:19][__main__	][INFO	] --->                       run_name: finetune_mixture_unc_0.1_100_Res16UNet34C
[2021-11-09 00:54:19][__main__	][INFO	] --->                      unc_round: 20
[2021-11-09 00:54:19][__main__	][INFO	] --->                 unc_result_dir: /
[2021-11-09 00:54:19][__main__	][INFO	] --->                          wandb: True
[2021-11-09 00:54:19][__main__	][INFO	] --->                  train_dataset: ScannetVoxelization2cmDataset
[2021-11-09 00:54:19][__main__	][INFO	] --->                    val_dataset: ScannetVoxelization2cmtestDataset
[2021-11-09 00:54:19][__main__	][INFO	] --->                 checkpoint_dir: checkpoints
[2021-11-09 00:54:19][__main__	][INFO	] --->                     optim_step: 1
[2021-11-09 00:54:19][__main__	][INFO	] --->                  validate_step: 150
[2021-11-09 00:54:19][__main__	][INFO	] --->                    train_epoch: 20000
[2021-11-09 00:54:19][__main__	][INFO	] --->               train_batch_size: 8
[2021-11-09 00:54:19][__main__	][INFO	] --->                 val_batch_size: 8
[2021-11-09 00:54:19][__main__	][INFO	] --->                eval_result_dir: /
[2021-11-09 00:54:19][__main__	][INFO	] --->                  unc_stat_path: /
[2021-11-09 00:54:19][__main__	][INFO	] --->                     save_epoch: 1
[2021-11-09 00:54:19][__main__	][INFO	] --->                   ignore_index: 255
[2021-11-09 00:54:19][__main__	][INFO	] --->                       do_train: True
[2021-11-09 00:54:19][__main__	][INFO	] --->               do_unc_inference: False
[2021-11-09 00:54:19][__main__	][INFO	] --->                    do_unc_demo: False
[2021-11-09 00:54:19][__main__	][INFO	] --->                    unc_dataset: 
[2021-11-09 00:54:19][__main__	][INFO	] --->           do_verbose_inference: False
[2021-11-09 00:54:19][__main__	][INFO	] --->                  do_unc_render: False
[2021-11-09 00:54:27][__main__	][INFO	] Weights loaded from checkpoints/pretrain_20000.pth
[2021-11-09 00:54:27][__main__	][INFO	] Model setup done
[2021-11-09 00:54:27][__main__	][INFO	] 
Res16UNet34C(
  (conv0p1s1): MinkowskiConvolution(in=3, out=32, kernel_size=[5, 5, 5], stride=[1, 1, 1], dilation=[1, 1, 1])
  (bn0): MinkowskiBatchNorm(32, eps=1e-05, momentum=0.02, affine=True, track_running_stats=True)
  (conv1p1s2): MinkowskiConvolution(in=32, out=32, kernel_size=[2, 2, 2], stride=[2, 2, 2], dilation=[1, 1, 1])
  (bn1): MinkowskiBatchNorm(32, eps=1e-05, momentum=0.02, affine=True, track_running_stats=True)
  (block1): Sequential(
    (0): BasicBlock(
      (conv1): MinkowskiConvolution(in=32, out=32, kernel_size=[3, 3, 3], stride=[1, 1, 1], dilation=[1, 1, 1])
      (norm1): MinkowskiBatchNorm(32, eps=1e-05, momentum=0.1, affine=True, track_running_stats=True)
      (conv2): MinkowskiConvolution(in=32, out=32, kernel_size=[3, 3, 3], stride=[1, 1, 1], dilation=[1, 1, 1])
      (norm2): MinkowskiBatchNorm(32, eps=1e-05, momentum=0.1, affine=True, track_running_stats=True)
      (relu): MinkowskiReLU()
    )
    (1): BasicBlock(
      (conv1): MinkowskiConvolution(in=32, out=32, kernel_size=[3, 3, 3], stride=[1, 1, 1], dilation=[1, 1, 1])
      (norm1): MinkowskiBatchNorm(32, eps=1e-05, momentum=0.1, affine=True, track_running_stats=True)
      (conv2): MinkowskiConvolution(in=32, out=32, kernel_size=[3, 3, 3], stride=[1, 1, 1], dilation=[1, 1, 1])
      (norm2): MinkowskiBatchNorm(32, eps=1e-05, momentum=0.1, affine=True, track_running_stats=True)
      (relu): MinkowskiReLU()
    )
  )
  (conv2p2s2): MinkowskiConvolution(in=32, out=32, kernel_size=[2, 2, 2], stride=[2, 2, 2], dilation=[1, 1, 1])
  (bn2): MinkowskiBatchNorm(32, eps=1e-05, momentum=0.02, affine=True, track_running_stats=True)
  (block2): Sequential(
    (0): BasicBlock(
      (conv1): MinkowskiConvolution(in=32, out=64, kernel_size=[3, 3, 3], stride=[1, 1, 1], dilation=[1, 1, 1])
      (norm1): MinkowskiBatchNorm(64, eps=1e-05, momentum=0.1, affine=True, track_running_stats=True)
      (conv2): MinkowskiConvolution(in=64, out=64, kernel_size=[3, 3, 3], stride=[1, 1, 1], dilation=[1, 1, 1])
      (norm2): MinkowskiBatchNorm(64, eps=1e-05, momentum=0.1, affine=True, track_running_stats=True)
      (relu): MinkowskiReLU()
      (downsample): Sequential(
        (0): MinkowskiConvolution(in=32, out=64, kernel_size=[1, 1, 1], stride=[1, 1, 1], dilation=[1, 1, 1])
        (1): MinkowskiBatchNorm(64, eps=1e-05, momentum=0.02, affine=True, track_running_stats=True)
      )
    )
    (1): BasicBlock(
      (conv1): MinkowskiConvolution(in=64, out=64, kernel_size=[3, 3, 3], stride=[1, 1, 1], dilation=[1, 1, 1])
      (norm1): MinkowskiBatchNorm(64, eps=1e-05, momentum=0.1, affine=True, track_running_stats=True)
      (conv2): MinkowskiConvolution(in=64, out=64, kernel_size=[3, 3, 3], stride=[1, 1, 1], dilation=[1, 1, 1])
      (norm2): MinkowskiBatchNorm(64, eps=1e-05, momentum=0.1, affine=True, track_running_stats=True)
      (relu): MinkowskiReLU()
    )
    (2): BasicBlock(
      (conv1): MinkowskiConvolution(in=64, out=64, kernel_size=[3, 3, 3], stride=[1, 1, 1], dilation=[1, 1, 1])
      (norm1): MinkowskiBatchNorm(64, eps=1e-05, momentum=0.1, affine=True, track_running_stats=True)
      (conv2): MinkowskiConvolution(in=64, out=64, kernel_size=[3, 3, 3], stride=[1, 1, 1], dilation=[1, 1, 1])
      (norm2): MinkowskiBatchNorm(64, eps=1e-05, momentum=0.1, affine=True, track_running_stats=True)
      (relu): MinkowskiReLU()
    )
  )
  (conv3p4s2): MinkowskiConvolution(in=64, out=64, kernel_size=[2, 2, 2], stride=[2, 2, 2], dilation=[1, 1, 1])
  (bn3): MinkowskiBatchNorm(64, eps=1e-05, momentum=0.02, affine=True, track_running_stats=True)
  (block3): Sequential(
    (0): BasicBlock(
      (conv1): MinkowskiConvolution(in=64, out=128, kernel_size=[3, 3, 3], stride=[1, 1, 1], dilation=[1, 1, 1])
      (norm1): MinkowskiBatchNorm(128, eps=1e-05, momentum=0.1, affine=True, track_running_stats=True)
      (conv2): MinkowskiConvolution(in=128, out=128, kernel_size=[3, 3, 3], stride=[1, 1, 1], dilation=[1, 1, 1])
      (norm2): MinkowskiBatchNorm(128, eps=1e-05, momentum=0.1, affine=True, track_running_stats=True)
      (relu): MinkowskiReLU()
      (downsample): Sequential(
        (0): MinkowskiConvolution(in=64, out=128, kernel_size=[1, 1, 1], stride=[1, 1, 1], dilation=[1, 1, 1])
        (1): MinkowskiBatchNorm(128, eps=1e-05, momentum=0.02, affine=True, track_running_stats=True)
      )
    )
    (1): BasicBlock(
      (conv1): MinkowskiConvolution(in=128, out=128, kernel_size=[3, 3, 3], stride=[1, 1, 1], dilation=[1, 1, 1])
      (norm1): MinkowskiBatchNorm(128, eps=1e-05, momentum=0.1, affine=True, track_running_stats=True)
      (conv2): MinkowskiConvolution(in=128, out=128, kernel_size=[3, 3, 3], stride=[1, 1, 1], dilation=[1, 1, 1])
      (norm2): MinkowskiBatchNorm(128, eps=1e-05, momentum=0.1, affine=True, track_running_stats=True)
      (relu): MinkowskiReLU()
    )
    (2): BasicBlock(
      (conv1): MinkowskiConvolution(in=128, out=128, kernel_size=[3, 3, 3], stride=[1, 1, 1], dilation=[1, 1, 1])
      (norm1): MinkowskiBatchNorm(128, eps=1e-05, momentum=0.1, affine=True, track_running_stats=True)
      (conv2): MinkowskiConvolution(in=128, out=128, kernel_size=[3, 3, 3], stride=[1, 1, 1], dilation=[1, 1, 1])
      (norm2): MinkowskiBatchNorm(128, eps=1e-05, momentum=0.1, affine=True, track_running_stats=True)
      (relu): MinkowskiReLU()
    )
    (3): BasicBlock(
      (conv1): MinkowskiConvolution(in=128, out=128, kernel_size=[3, 3, 3], stride=[1, 1, 1], dilation=[1, 1, 1])
      (norm1): MinkowskiBatchNorm(128, eps=1e-05, momentum=0.1, affine=True, track_running_stats=True)
      (conv2): MinkowskiConvolution(in=128, out=128, kernel_size=[3, 3, 3], stride=[1, 1, 1], dilation=[1, 1, 1])
      (norm2): MinkowskiBatchNorm(128, eps=1e-05, momentum=0.1, affine=True, track_running_stats=True)
      (relu): MinkowskiReLU()
    )
  )
  (conv4p8s2): MinkowskiConvolution(in=128, out=128, kernel_size=[2, 2, 2], stride=[2, 2, 2], dilation=[1, 1, 1])
  (bn4): MinkowskiBatchNorm(128, eps=1e-05, momentum=0.02, affine=True, track_running_stats=True)
  (block4): Sequential(
    (0): BasicBlock(
      (conv1): MinkowskiConvolution(in=128, out=256, kernel_size=[3, 3, 3], stride=[1, 1, 1], dilation=[1, 1, 1])
      (norm1): MinkowskiBatchNorm(256, eps=1e-05, momentum=0.1, affine=True, track_running_stats=True)
      (conv2): MinkowskiConvolution(in=256, out=256, kernel_size=[3, 3, 3], stride=[1, 1, 1], dilation=[1, 1, 1])
      (norm2): MinkowskiBatchNorm(256, eps=1e-05, momentum=0.1, affine=True, track_running_stats=True)
      (relu): MinkowskiReLU()
      (downsample): Sequential(
        (0): MinkowskiConvolution(in=128, out=256, kernel_size=[1, 1, 1], stride=[1, 1, 1], dilation=[1, 1, 1])
        (1): MinkowskiBatchNorm(256, eps=1e-05, momentum=0.02, affine=True, track_running_stats=True)
      )
    )
    (1): BasicBlock(
      (conv1): MinkowskiConvolution(in=256, out=256, kernel_size=[3, 3, 3], stride=[1, 1, 1], dilation=[1, 1, 1])
      (norm1): MinkowskiBatchNorm(256, eps=1e-05, momentum=0.1, affine=True, track_running_stats=True)
      (conv2): MinkowskiConvolution(in=256, out=256, kernel_size=[3, 3, 3], stride=[1, 1, 1], dilation=[1, 1, 1])
      (norm2): MinkowskiBatchNorm(256, eps=1e-05, momentum=0.1, affine=True, track_running_stats=True)
      (relu): MinkowskiReLU()
    )
    (2): BasicBlock(
      (conv1): MinkowskiConvolution(in=256, out=256, kernel_size=[3, 3, 3], stride=[1, 1, 1], dilation=[1, 1, 1])
      (norm1): MinkowskiBatchNorm(256, eps=1e-05, momentum=0.1, affine=True, track_running_stats=True)
      (conv2): MinkowskiConvolution(in=256, out=256, kernel_size=[3, 3, 3], stride=[1, 1, 1], dilation=[1, 1, 1])
      (norm2): MinkowskiBatchNorm(256, eps=1e-05, momentum=0.1, affine=True, track_running_stats=True)
      (relu): MinkowskiReLU()
    )
    (3): BasicBlock(
      (conv1): MinkowskiConvolution(in=256, out=256, kernel_size=[3, 3, 3], stride=[1, 1, 1], dilation=[1, 1, 1])
      (norm1): MinkowskiBatchNorm(256, eps=1e-05, momentum=0.1, affine=True, track_running_stats=True)
      (conv2): MinkowskiConvolution(in=256, out=256, kernel_size=[3, 3, 3], stride=[1, 1, 1], dilation=[1, 1, 1])
      (norm2): MinkowskiBatchNorm(256, eps=1e-05, momentum=0.1, affine=True, track_running_stats=True)
      (relu): MinkowskiReLU()
    )
    (4): BasicBlock(
      (conv1): MinkowskiConvolution(in=256, out=256, kernel_size=[3, 3, 3], stride=[1, 1, 1], dilation=[1, 1, 1])
      (norm1): MinkowskiBatchNorm(256, eps=1e-05, momentum=0.1, affine=True, track_running_stats=True)
      (conv2): MinkowskiConvolution(in=256, out=256, kernel_size=[3, 3, 3], stride=[1, 1, 1], dilation=[1, 1, 1])
      (norm2): MinkowskiBatchNorm(256, eps=1e-05, momentum=0.1, affine=True, track_running_stats=True)
      (relu): MinkowskiReLU()
    )
    (5): BasicBlock(
      (conv1): MinkowskiConvolution(in=256, out=256, kernel_size=[3, 3, 3], stride=[1, 1, 1], dilation=[1, 1, 1])
      (norm1): MinkowskiBatchNorm(256, eps=1e-05, momentum=0.1, affine=True, track_running_stats=True)
      (conv2): MinkowskiConvolution(in=256, out=256, kernel_size=[3, 3, 3], stride=[1, 1, 1], dilation=[1, 1, 1])
      (norm2): MinkowskiBatchNorm(256, eps=1e-05, momentum=0.1, affine=True, track_running_stats=True)
      (relu): MinkowskiReLU()
    )
  )
  (convtr4p16s2): MinkowskiConvolutionTranspose(in=256, out=256, kernel_size=[2, 2, 2], stride=[2, 2, 2], dilation=[1, 1, 1])
  (bntr4): MinkowskiBatchNorm(256, eps=1e-05, momentum=0.02, affine=True, track_running_stats=True)
  (block5): Sequential(
    (0): BasicBlock(
      (conv1): MinkowskiConvolution(in=384, out=256, kernel_size=[3, 3, 3], stride=[1, 1, 1], dilation=[1, 1, 1])
      (norm1): MinkowskiBatchNorm(256, eps=1e-05, momentum=0.1, affine=True, track_running_stats=True)
      (conv2): MinkowskiConvolution(in=256, out=256, kernel_size=[3, 3, 3], stride=[1, 1, 1], dilation=[1, 1, 1])
      (norm2): MinkowskiBatchNorm(256, eps=1e-05, momentum=0.1, affine=True, track_running_stats=True)
      (relu): MinkowskiReLU()
      (downsample): Sequential(
        (0): MinkowskiConvolution(in=384, out=256, kernel_size=[1, 1, 1], stride=[1, 1, 1], dilation=[1, 1, 1])
        (1): MinkowskiBatchNorm(256, eps=1e-05, momentum=0.02, affine=True, track_running_stats=True)
      )
    )
    (1): BasicBlock(
      (conv1): MinkowskiConvolution(in=256, out=256, kernel_size=[3, 3, 3], stride=[1, 1, 1], dilation=[1, 1, 1])
      (norm1): MinkowskiBatchNorm(256, eps=1e-05, momentum=0.1, affine=True, track_running_stats=True)
      (conv2): MinkowskiConvolution(in=256, out=256, kernel_size=[3, 3, 3], stride=[1, 1, 1], dilation=[1, 1, 1])
      (norm2): MinkowskiBatchNorm(256, eps=1e-05, momentum=0.1, affine=True, track_running_stats=True)
      (relu): MinkowskiReLU()
    )
  )
  (convtr5p8s2): MinkowskiConvolutionTranspose(in=256, out=128, kernel_size=[2, 2, 2], stride=[2, 2, 2], dilation=[1, 1, 1])
  (bntr5): MinkowskiBatchNorm(128, eps=1e-05, momentum=0.02, affine=True, track_running_stats=True)
  (block6): Sequential(
    (0): BasicBlock(
      (conv1): MinkowskiConvolution(in=192, out=128, kernel_size=[3, 3, 3], stride=[1, 1, 1], dilation=[1, 1, 1])
      (norm1): MinkowskiBatchNorm(128, eps=1e-05, momentum=0.1, affine=True, track_running_stats=True)
      (conv2): MinkowskiConvolution(in=128, out=128, kernel_size=[3, 3, 3], stride=[1, 1, 1], dilation=[1, 1, 1])
      (norm2): MinkowskiBatchNorm(128, eps=1e-05, momentum=0.1, affine=True, track_running_stats=True)
      (relu): MinkowskiReLU()
      (downsample): Sequential(
        (0): MinkowskiConvolution(in=192, out=128, kernel_size=[1, 1, 1], stride=[1, 1, 1], dilation=[1, 1, 1])
        (1): MinkowskiBatchNorm(128, eps=1e-05, momentum=0.02, affine=True, track_running_stats=True)
      )
    )
    (1): BasicBlock(
      (conv1): MinkowskiConvolution(in=128, out=128, kernel_size=[3, 3, 3], stride=[1, 1, 1], dilation=[1, 1, 1])
      (norm1): MinkowskiBatchNorm(128, eps=1e-05, momentum=0.1, affine=True, track_running_stats=True)
      (conv2): MinkowskiConvolution(in=128, out=128, kernel_size=[3, 3, 3], stride=[1, 1, 1], dilation=[1, 1, 1])
      (norm2): MinkowskiBatchNorm(128, eps=1e-05, momentum=0.1, affine=True, track_running_stats=True)
      (relu): MinkowskiReLU()
    )
  )
  (convtr6p4s2): MinkowskiConvolutionTranspose(in=128, out=96, kernel_size=[2, 2, 2], stride=[2, 2, 2], dilation=[1, 1, 1])
  (bntr6): MinkowskiBatchNorm(96, eps=1e-05, momentum=0.02, affine=True, track_running_stats=True)
  (block7): Sequential(
    (0): BasicBlock(
      (conv1): MinkowskiConvolution(in=128, out=96, kernel_size=[3, 3, 3], stride=[1, 1, 1], dilation=[1, 1, 1])
      (norm1): MinkowskiBatchNorm(96, eps=1e-05, momentum=0.1, affine=True, track_running_stats=True)
      (conv2): MinkowskiConvolution(in=96, out=96, kernel_size=[3, 3, 3], stride=[1, 1, 1], dilation=[1, 1, 1])
      (norm2): MinkowskiBatchNorm(96, eps=1e-05, momentum=0.1, affine=True, track_running_stats=True)
      (relu): MinkowskiReLU()
      (downsample): Sequential(
        (0): MinkowskiConvolution(in=128, out=96, kernel_size=[1, 1, 1], stride=[1, 1, 1], dilation=[1, 1, 1])
        (1): MinkowskiBatchNorm(96, eps=1e-05, momentum=0.02, affine=True, track_running_stats=True)
      )
    )
    (1): BasicBlock(
      (conv1): MinkowskiConvolution(in=96, out=96, kernel_size=[3, 3, 3], stride=[1, 1, 1], dilation=[1, 1, 1])
      (norm1): MinkowskiBatchNorm(96, eps=1e-05, momentum=0.1, affine=True, track_running_stats=True)
      (conv2): MinkowskiConvolution(in=96, out=96, kernel_size=[3, 3, 3], stride=[1, 1, 1], dilation=[1, 1, 1])
      (norm2): MinkowskiBatchNorm(96, eps=1e-05, momentum=0.1, affine=True, track_running_stats=True)
      (relu): MinkowskiReLU()
    )
  )
  (convtr7p2s2): MinkowskiConvolutionTranspose(in=96, out=96, kernel_size=[2, 2, 2], stride=[2, 2, 2], dilation=[1, 1, 1])
  (bntr7): MinkowskiBatchNorm(96, eps=1e-05, momentum=0.02, affine=True, track_running_stats=True)
  (block8): Sequential(
    (0): BasicBlock(
      (conv1): MinkowskiConvolution(in=128, out=96, kernel_size=[3, 3, 3], stride=[1, 1, 1], dilation=[1, 1, 1])
      (norm1): MinkowskiBatchNorm(96, eps=1e-05, momentum=0.1, affine=True, track_running_stats=True)
      (conv2): MinkowskiConvolution(in=96, out=96, kernel_size=[3, 3, 3], stride=[1, 1, 1], dilation=[1, 1, 1])
      (norm2): MinkowskiBatchNorm(96, eps=1e-05, momentum=0.1, affine=True, track_running_stats=True)
      (relu): MinkowskiReLU()
      (downsample): Sequential(
        (0): MinkowskiConvolution(in=128, out=96, kernel_size=[1, 1, 1], stride=[1, 1, 1], dilation=[1, 1, 1])
        (1): MinkowskiBatchNorm(96, eps=1e-05, momentum=0.02, affine=True, track_running_stats=True)
      )
    )
    (1): BasicBlock(
      (conv1): MinkowskiConvolution(in=96, out=96, kernel_size=[3, 3, 3], stride=[1, 1, 1], dilation=[1, 1, 1])
      (norm1): MinkowskiBatchNorm(96, eps=1e-05, momentum=0.1, affine=True, track_running_stats=True)
      (conv2): MinkowskiConvolution(in=96, out=96, kernel_size=[3, 3, 3], stride=[1, 1, 1], dilation=[1, 1, 1])
      (norm2): MinkowskiBatchNorm(96, eps=1e-05, momentum=0.1, affine=True, track_running_stats=True)
      (relu): MinkowskiReLU()
    )
  )
  (final): MinkowskiConvolution(in=96, out=20, kernel_size=[1, 1, 1], stride=[1, 1, 1], dilation=[1, 1, 1])
  (relu): MinkowskiReLU()
)
wandb: Currently logged in as: tb5zhh (use `wandb login --relogin` to force relogin)
wandb: Tracking run with wandb version 0.12.4
wandb: Syncing run different-tree-229
wandb:  View project at https://wandb.ai/tb5zhh/3dsp
wandb:  View run at https://wandb.ai/tb5zhh/3dsp/runs/1uwdqiu1
wandb: Run data is saved locally in /home/aidrive/tb5zhh/3DScanSeg/wandb/run-20211109_005427-1uwdqiu1
wandb: Run `wandb offline` to turn off syncing.

[34m[1mwandb[0m: [33mWARNING[0m Calling run.save without any arguments is deprecated.Changes to attributes are automatically persisted.
[2021-11-09 00:54:35][root	][INFO	] Loading ScannetVoxelization2cmDataset: scannetv2_train.txt
[2021-11-09 00:54:35][root	][INFO	] Loading ScannetVoxelization2cmtestDataset: scannetv2_val.txt
[2021-11-09 00:54:35][__main__	][INFO	] Dataloader setup done
[2021-11-09 00:54:35][__main__	][INFO	] My rank : 0 / 1
[2021-11-09 00:54:35][__main__	][INFO	] Start training
[2021-11-09 00:54:44][__main__	][INFO	] TRAIN at global step #1 Epoch #1 Step #1 / 151: loss:3.3665, precision: 0.6531
[2021-11-09 00:54:46][__main__	][INFO	] TRAIN at global step #2 Epoch #1 Step #2 / 151: loss:2.9687, precision: 0.6563
[2021-11-09 00:54:51][__main__	][INFO	] TRAIN at global step #3 Epoch #1 Step #3 / 151: loss:2.3630, precision: 16.3179
[2021-11-09 00:54:54][__main__	][INFO	] TRAIN at global step #4 Epoch #1 Step #4 / 151: loss:2.2795, precision: 15.1583
[2021-11-09 00:54:57][__main__	][INFO	] TRAIN at global step #5 Epoch #1 Step #5 / 151: loss:2.3984, precision: 16.3649
[2021-11-09 00:54:59][__main__	][INFO	] TRAIN at global step #6 Epoch #1 Step #6 / 151: loss:2.3738, precision: 14.2262
[2021-11-09 00:55:03][__main__	][INFO	] TRAIN at global step #7 Epoch #1 Step #7 / 151: loss:2.5523, precision: 13.5547
[2021-11-09 00:55:07][__main__	][INFO	] TRAIN at global step #8 Epoch #1 Step #8 / 151: loss:2.3508, precision: 13.2301
[2021-11-09 00:55:11][__main__	][INFO	] TRAIN at global step #9 Epoch #1 Step #9 / 151: loss:1.7673, precision: 19.5538
[2021-11-09 00:55:16][__main__	][INFO	] TRAIN at global step #10 Epoch #1 Step #10 / 151: loss:1.9273, precision: 15.8050
[2021-11-09 00:55:20][__main__	][INFO	] TRAIN at global step #11 Epoch #1 Step #11 / 151: loss:2.0905, precision: 13.2711
[2021-11-09 00:55:23][__main__	][INFO	] TRAIN at global step #12 Epoch #1 Step #12 / 151: loss:1.9010, precision: 17.1048
[2021-11-09 00:55:27][__main__	][INFO	] TRAIN at global step #13 Epoch #1 Step #13 / 151: loss:2.0371, precision: 16.0356
[2021-11-09 00:55:30][__main__	][INFO	] TRAIN at global step #14 Epoch #1 Step #14 / 151: loss:1.6653, precision: 20.8116
[2021-11-09 00:55:33][__main__	][INFO	] TRAIN at global step #15 Epoch #1 Step #15 / 151: loss:1.9002, precision: 17.7501
[2021-11-09 00:55:36][__main__	][INFO	] TRAIN at global step #16 Epoch #1 Step #16 / 151: loss:1.7938, precision: 17.1213
[2021-11-09 00:55:40][__main__	][INFO	] TRAIN at global step #17 Epoch #1 Step #17 / 151: loss:1.6183, precision: 20.9509
[2021-11-09 00:55:43][__main__	][INFO	] TRAIN at global step #18 Epoch #1 Step #18 / 151: loss:1.6602, precision: 17.5701
[2021-11-09 00:55:47][__main__	][INFO	] TRAIN at global step #19 Epoch #1 Step #19 / 151: loss:1.8477, precision: 19.4803
[2021-11-09 00:55:50][__main__	][INFO	] TRAIN at global step #20 Epoch #1 Step #20 / 151: loss:1.9371, precision: 16.2843
[2021-11-09 00:55:53][__main__	][INFO	] TRAIN at global step #21 Epoch #1 Step #21 / 151: loss:1.8528, precision: 16.9702
[2021-11-09 00:55:56][__main__	][INFO	] TRAIN at global step #22 Epoch #1 Step #22 / 151: loss:1.7304, precision: 17.6591
[2021-11-09 00:55:59][__main__	][INFO	] TRAIN at global step #23 Epoch #1 Step #23 / 151: loss:1.9753, precision: 16.2379
[2021-11-09 00:56:03][__main__	][INFO	] TRAIN at global step #24 Epoch #1 Step #24 / 151: loss:1.6691, precision: 17.7592
[2021-11-09 00:56:06][__main__	][INFO	] TRAIN at global step #25 Epoch #1 Step #25 / 151: loss:1.4688, precision: 22.0107
[2021-11-09 00:56:09][__main__	][INFO	] TRAIN at global step #26 Epoch #1 Step #26 / 151: loss:1.6320, precision: 20.3089
[2021-11-09 00:56:13][__main__	][INFO	] TRAIN at global step #27 Epoch #1 Step #27 / 151: loss:1.6543, precision: 17.6564
[2021-11-09 00:56:16][__main__	][INFO	] TRAIN at global step #28 Epoch #1 Step #28 / 151: loss:1.6837, precision: 19.2263
[2021-11-09 00:56:20][__main__	][INFO	] TRAIN at global step #29 Epoch #1 Step #29 / 151: loss:1.7059, precision: 16.7301
[2021-11-09 00:56:24][__main__	][INFO	] TRAIN at global step #30 Epoch #1 Step #30 / 151: loss:1.7218, precision: 16.7552
[2021-11-09 00:56:27][__main__	][INFO	] TRAIN at global step #31 Epoch #1 Step #31 / 151: loss:1.7889, precision: 17.3431
[2021-11-09 00:56:30][__main__	][INFO	] TRAIN at global step #32 Epoch #1 Step #32 / 151: loss:1.7651, precision: 18.5322
[2021-11-09 00:56:33][__main__	][INFO	] TRAIN at global step #33 Epoch #1 Step #33 / 151: loss:1.7692, precision: 18.8626
[2021-11-09 00:56:36][__main__	][INFO	] TRAIN at global step #34 Epoch #1 Step #34 / 151: loss:2.0598, precision: 14.6295
[2021-11-09 00:56:39][__main__	][INFO	] TRAIN at global step #35 Epoch #1 Step #35 / 151: loss:1.5244, precision: 20.9890
[2021-11-09 00:56:43][__main__	][INFO	] TRAIN at global step #36 Epoch #1 Step #36 / 151: loss:1.5744, precision: 19.8967
[2021-11-09 00:56:47][__main__	][INFO	] TRAIN at global step #37 Epoch #1 Step #37 / 151: loss:1.8099, precision: 16.5144
[2021-11-09 00:56:49][__main__	][INFO	] TRAIN at global step #38 Epoch #1 Step #38 / 151: loss:1.7088, precision: 16.6420
[2021-11-09 00:56:52][__main__	][INFO	] TRAIN at global step #39 Epoch #1 Step #39 / 151: loss:1.2860, precision: 24.8722
[2021-11-09 00:56:56][__main__	][INFO	] TRAIN at global step #40 Epoch #1 Step #40 / 151: loss:1.8868, precision: 14.5940
[2021-11-09 00:56:59][__main__	][INFO	] TRAIN at global step #41 Epoch #1 Step #41 / 151: loss:1.6021, precision: 21.7335
[2021-11-09 00:57:04][__main__	][INFO	] TRAIN at global step #42 Epoch #1 Step #42 / 151: loss:1.8712, precision: 15.8412
[2021-11-09 00:57:07][__main__	][INFO	] TRAIN at global step #43 Epoch #1 Step #43 / 151: loss:1.3522, precision: 24.0354
[2021-11-09 00:57:11][__main__	][INFO	] TRAIN at global step #44 Epoch #1 Step #44 / 151: loss:1.7128, precision: 17.9745
[2021-11-09 00:57:14][__main__	][INFO	] TRAIN at global step #45 Epoch #1 Step #45 / 151: loss:1.9637, precision: 13.8446
[2021-11-09 00:57:18][__main__	][INFO	] TRAIN at global step #46 Epoch #1 Step #46 / 151: loss:1.8625, precision: 15.5446
[2021-11-09 00:57:22][__main__	][INFO	] TRAIN at global step #47 Epoch #1 Step #47 / 151: loss:1.7544, precision: 16.7460
[2021-11-09 00:57:26][__main__	][INFO	] TRAIN at global step #48 Epoch #1 Step #48 / 151: loss:1.4992, precision: 18.3931
[2021-11-09 00:57:30][__main__	][INFO	] TRAIN at global step #49 Epoch #1 Step #49 / 151: loss:1.5037, precision: 22.5530
[2021-11-09 00:57:34][__main__	][INFO	] TRAIN at global step #50 Epoch #1 Step #50 / 151: loss:1.7575, precision: 16.9558
[2021-11-09 00:57:36][__main__	][INFO	] TRAIN at global step #51 Epoch #1 Step #51 / 151: loss:1.2534, precision: 25.8736
[2021-11-09 00:57:38][__main__	][INFO	] TRAIN at global step #52 Epoch #1 Step #52 / 151: loss:1.4663, precision: 21.7876
[2021-11-09 00:57:41][__main__	][INFO	] TRAIN at global step #53 Epoch #1 Step #53 / 151: loss:1.8282, precision: 15.5989
[2021-11-09 00:57:44][__main__	][INFO	] TRAIN at global step #54 Epoch #1 Step #54 / 151: loss:1.7464, precision: 15.8222
[2021-11-09 00:57:47][__main__	][INFO	] TRAIN at global step #55 Epoch #1 Step #55 / 151: loss:1.5509, precision: 20.5872
[2021-11-09 00:57:52][__main__	][INFO	] TRAIN at global step #56 Epoch #1 Step #56 / 151: loss:1.7701, precision: 16.1620
[2021-11-09 00:57:55][__main__	][INFO	] TRAIN at global step #57 Epoch #1 Step #57 / 151: loss:1.4806, precision: 21.4054
[2021-11-09 00:57:58][__main__	][INFO	] TRAIN at global step #58 Epoch #1 Step #58 / 151: loss:1.7470, precision: 15.8040
[2021-11-09 00:58:01][__main__	][INFO	] TRAIN at global step #59 Epoch #1 Step #59 / 151: loss:1.3704, precision: 22.2291
[2021-11-09 00:58:04][__main__	][INFO	] TRAIN at global step #60 Epoch #1 Step #60 / 151: loss:1.3966, precision: 23.3626
[2021-11-09 00:58:07][__main__	][INFO	] TRAIN at global step #61 Epoch #1 Step #61 / 151: loss:1.2689, precision: 23.5793
[2021-11-09 00:58:10][__main__	][INFO	] TRAIN at global step #62 Epoch #1 Step #62 / 151: loss:1.7835, precision: 18.0310
[2021-11-09 00:58:13][__main__	][INFO	] TRAIN at global step #63 Epoch #1 Step #63 / 151: loss:1.6938, precision: 19.4772
[2021-11-09 00:58:18][__main__	][INFO	] TRAIN at global step #64 Epoch #1 Step #64 / 151: loss:1.6899, precision: 15.8531
[2021-11-09 00:58:21][__main__	][INFO	] TRAIN at global step #65 Epoch #1 Step #65 / 151: loss:1.4826, precision: 20.6562
[2021-11-09 00:58:24][__main__	][INFO	] TRAIN at global step #66 Epoch #1 Step #66 / 151: loss:1.2197, precision: 25.4572
[2021-11-09 00:58:28][__main__	][INFO	] TRAIN at global step #67 Epoch #1 Step #67 / 151: loss:1.5060, precision: 19.1843
[2021-11-09 00:58:30][__main__	][INFO	] TRAIN at global step #68 Epoch #1 Step #68 / 151: loss:2.0037, precision: 15.2284
[2021-11-09 00:58:33][__main__	][INFO	] TRAIN at global step #69 Epoch #1 Step #69 / 151: loss:1.5925, precision: 22.6599
[2021-11-09 00:58:36][__main__	][INFO	] TRAIN at global step #70 Epoch #1 Step #70 / 151: loss:1.3909, precision: 22.0902
[2021-11-09 00:58:41][__main__	][INFO	] TRAIN at global step #71 Epoch #1 Step #71 / 151: loss:1.8047, precision: 15.7514
[2021-11-09 00:58:44][__main__	][INFO	] TRAIN at global step #72 Epoch #1 Step #72 / 151: loss:1.5255, precision: 18.9935
[2021-11-09 00:58:47][__main__	][INFO	] TRAIN at global step #73 Epoch #1 Step #73 / 151: loss:1.9098, precision: 16.8182
[2021-11-09 00:58:51][__main__	][INFO	] TRAIN at global step #74 Epoch #1 Step #74 / 151: loss:1.5631, precision: 20.4461
[2021-11-09 00:58:53][__main__	][INFO	] TRAIN at global step #75 Epoch #1 Step #75 / 151: loss:1.4896, precision: 21.9424
[2021-11-09 00:58:57][__main__	][INFO	] TRAIN at global step #76 Epoch #1 Step #76 / 151: loss:1.7284, precision: 18.1129
[2021-11-09 00:59:01][__main__	][INFO	] TRAIN at global step #77 Epoch #1 Step #77 / 151: loss:1.6141, precision: 17.9322
[2021-11-09 00:59:04][__main__	][INFO	] TRAIN at global step #78 Epoch #1 Step #78 / 151: loss:1.7064, precision: 16.7925
[2021-11-09 00:59:07][__main__	][INFO	] TRAIN at global step #79 Epoch #1 Step #79 / 151: loss:1.7548, precision: 16.6445
[2021-11-09 00:59:11][__main__	][INFO	] TRAIN at global step #80 Epoch #1 Step #80 / 151: loss:1.6393, precision: 20.7163
[2021-11-09 00:59:13][__main__	][INFO	] TRAIN at global step #81 Epoch #1 Step #81 / 151: loss:1.4911, precision: 20.4852
[2021-11-09 00:59:16][__main__	][INFO	] TRAIN at global step #82 Epoch #1 Step #82 / 151: loss:1.8983, precision: 14.1497
[2021-11-09 00:59:21][__main__	][INFO	] TRAIN at global step #83 Epoch #1 Step #83 / 151: loss:1.5913, precision: 19.0978
[2021-11-09 00:59:23][__main__	][INFO	] TRAIN at global step #84 Epoch #1 Step #84 / 151: loss:1.7018, precision: 18.9673
[2021-11-09 00:59:28][__main__	][INFO	] TRAIN at global step #85 Epoch #1 Step #85 / 151: loss:1.7395, precision: 18.2154
[2021-11-09 00:59:31][__main__	][INFO	] TRAIN at global step #86 Epoch #1 Step #86 / 151: loss:1.4251, precision: 25.2837
[2021-11-09 00:59:34][__main__	][INFO	] TRAIN at global step #87 Epoch #1 Step #87 / 151: loss:1.6174, precision: 16.5512
[2021-11-09 00:59:39][__main__	][INFO	] TRAIN at global step #88 Epoch #1 Step #88 / 151: loss:1.5902, precision: 19.2228
[2021-11-09 00:59:42][__main__	][INFO	] TRAIN at global step #89 Epoch #1 Step #89 / 151: loss:1.9940, precision: 14.6104
[2021-11-09 00:59:44][__main__	][INFO	] TRAIN at global step #90 Epoch #1 Step #90 / 151: loss:1.3181, precision: 21.4068
[2021-11-09 00:59:48][__main__	][INFO	] TRAIN at global step #91 Epoch #1 Step #91 / 151: loss:1.5930, precision: 19.1411
slurmstepd: error: *** JOB 924 ON air-node-01 CANCELLED AT 2021-11-09T00:59:49 ***
