/home/aidrive/tb5zhh/.conda/envs/tbw_3dscan/lib/python3.8/site-packages/MinkowskiEngine/__init__.py:36: UserWarning: The environment variable `OMP_NUM_THREADS` not set. MinkowskiEngine will automatically set `OMP_NUM_THREADS=16`. If you want to set `OMP_NUM_THREADS` manually, please export it on the command line before running a python script. e.g. `export OMP_NUM_THREADS=12; python your_program.py`. It is recommended to set it below 24.
  warnings.warn(
[2021-11-09 00:54:19][__main__	][INFO	] Run with 1 cpu
[2021-11-09 00:54:19][__main__	][INFO	] Running config
[2021-11-09 00:54:19][__main__	][INFO	] --->                          model: Res16UNet34C
[2021-11-09 00:54:19][__main__	][INFO	] --->              conv1_kernel_size: 5
[2021-11-09 00:54:19][__main__	][INFO	] --->                        weights: checkpoints/pretrain_20000.pth
[2021-11-09 00:54:19][__main__	][INFO	] --->                       weights1: /home/aidrive1/workspace/luoly/dataset/final/min_weights/LR/unc/1/512/checkpoint_NoneRes16UNet34Cbest_val.pth
[2021-11-09 00:54:19][__main__	][INFO	] --->                       weights2: /home/aidrive1/workspace/luoly/dataset/final/min_weights/LR/512/1/checkpoint_NoneRes16UNet34Cbest_val.pth
[2021-11-09 00:54:19][__main__	][INFO	] --->                       weights3: /home/aidrive1/workspace/luoly/dataset/final/min_weights/LR/1024/1/checkpoint_NoneRes16UNet34Cbest_val.pth
[2021-11-09 00:54:19][__main__	][INFO	] --->        weights_for_inner_model: False
[2021-11-09 00:54:19][__main__	][INFO	] --->                      dilations: [1, 1, 1, 1]
[2021-11-09 00:54:19][__main__	][INFO	] --->                   wrapper_type: None
[2021-11-09 00:54:19][__main__	][INFO	] --->            wrapper_region_type: 1
[2021-11-09 00:54:19][__main__	][INFO	] --->            wrapper_kernel_size: 3
[2021-11-09 00:54:19][__main__	][INFO	] --->                     wrapper_lr: 0.1
[2021-11-09 00:54:19][__main__	][INFO	] --->           meanfield_iterations: 10
[2021-11-09 00:54:19][__main__	][INFO	] --->              crf_spatial_sigma: 1
[2021-11-09 00:54:19][__main__	][INFO	] --->            crf_chromatic_sigma: 12
[2021-11-09 00:54:19][__main__	][INFO	] --->                      optimizer: SGD
[2021-11-09 00:54:19][__main__	][INFO	] --->                             lr: 0.1
[2021-11-09 00:54:19][__main__	][INFO	] --->                   sgd_momentum: 0.9
[2021-11-09 00:54:19][__main__	][INFO	] --->                  sgd_dampening: 0.1
[2021-11-09 00:54:19][__main__	][INFO	] --->                     adam_beta1: 0.9
[2021-11-09 00:54:19][__main__	][INFO	] --->                     adam_beta2: 0.999
[2021-11-09 00:54:19][__main__	][INFO	] --->                   weight_decay: 0.0001
[2021-11-09 00:54:19][__main__	][INFO	] --->           param_histogram_freq: 100
[2021-11-09 00:54:19][__main__	][INFO	] --->           save_param_histogram: False
[2021-11-09 00:54:19][__main__	][INFO	] --->                      iter_size: 1
[2021-11-09 00:54:19][__main__	][INFO	] --->                    bn_momentum: 0.02
[2021-11-09 00:54:19][__main__	][INFO	] --->                      scheduler: PolyLR
[2021-11-09 00:54:19][__main__	][INFO	] --->                       max_iter: 30000
[2021-11-09 00:54:19][__main__	][INFO	] --->                      step_size: 20000.0
[2021-11-09 00:54:19][__main__	][INFO	] --->                     step_gamma: 0.1
[2021-11-09 00:54:19][__main__	][INFO	] --->                     poly_power: 0.9
[2021-11-09 00:54:19][__main__	][INFO	] --->                      exp_gamma: 0.95
[2021-11-09 00:54:19][__main__	][INFO	] --->                  exp_step_size: 445
[2021-11-09 00:54:19][__main__	][INFO	] --->                        log_dir: log
[2021-11-09 00:54:19][__main__	][INFO	] --->                       data_dir: data
[2021-11-09 00:54:19][__main__	][INFO	] --->                        dataset: ScannetVoxelization2cmDataset
[2021-11-09 00:54:19][__main__	][INFO	] --->                    testdataset: ScannetVoxelization2cmtestDataset
[2021-11-09 00:54:19][__main__	][INFO	] --->              temporal_dilation: 30
[2021-11-09 00:54:19][__main__	][INFO	] --->                temporal_numseq: 3
[2021-11-09 00:54:19][__main__	][INFO	] --->                      point_lim: -1
[2021-11-09 00:54:19][__main__	][INFO	] --->                  pre_point_lim: -1
[2021-11-09 00:54:19][__main__	][INFO	] --->                     batch_size: 1
[2021-11-09 00:54:19][__main__	][INFO	] --->                test_batch_size: 1
[2021-11-09 00:54:19][__main__	][INFO	] --->                     cache_data: False
[2021-11-09 00:54:19][__main__	][INFO	] --->                    num_workers: 4
[2021-11-09 00:54:19][__main__	][INFO	] --->                num_val_workers: 1
[2021-11-09 00:54:19][__main__	][INFO	] --->                   ignore_label: 255
[2021-11-09 00:54:19][__main__	][INFO	] --->          return_transformation: False
[2021-11-09 00:54:19][__main__	][INFO	] --->         ignore_duplicate_class: False
[2021-11-09 00:54:19][__main__	][INFO	] --->                   partial_crop: 0.0
[2021-11-09 00:54:19][__main__	][INFO	] --->          train_limit_numpoints: 0
[2021-11-09 00:54:19][__main__	][INFO	] --->                   synthia_path: /home/chrischoy/datasets/Synthia/Synthia4D
[2021-11-09 00:54:19][__main__	][INFO	] --->            synthia_camera_path: /home/chrischoy/datasets/Synthia/%s/CameraParams/
[2021-11-09 00:54:19][__main__	][INFO	] --->  synthia_camera_intrinsic_file: intrinsics.txt
[2021-11-09 00:54:19][__main__	][INFO	] ---> synthia_camera_extrinsics_file: Stereo_Right/Omni_F/%s.txt
[2021-11-09 00:54:19][__main__	][INFO	] --->         temporal_rand_dilation: False
[2021-11-09 00:54:19][__main__	][INFO	] --->           temporal_rand_numseq: False
[2021-11-09 00:54:19][__main__	][INFO	] --->                   scannet_path: /home/aidrive/tb5zhh/data/100_fit_double/train
[2021-11-09 00:54:19][__main__	][INFO	] --->              scannet_test_path: /home/aidrive/tb5zhh/data/full/train
[2021-11-09 00:54:19][__main__	][INFO	] --->                stanford3d_path: /home/chrischoy/datasets/Stanford3D
[2021-11-09 00:54:19][__main__	][INFO	] --->                       is_train: True
[2021-11-09 00:54:19][__main__	][INFO	] --->                      stat_freq: 40
[2021-11-09 00:54:19][__main__	][INFO	] --->                 test_stat_freq: 100
[2021-11-09 00:54:19][__main__	][INFO	] --->                test_stat_freq1: 312
[2021-11-09 00:54:19][__main__	][INFO	] --->                      save_freq: 1000
[2021-11-09 00:54:19][__main__	][INFO	] --->                       val_freq: 2
[2021-11-09 00:54:19][__main__	][INFO	] --->               empty_cache_freq: 1
[2021-11-09 00:54:19][__main__	][INFO	] --->                    train_phase: train
[2021-11-09 00:54:19][__main__	][INFO	] --->                      val_phase: val
[2021-11-09 00:54:19][__main__	][INFO	] --->              overwrite_weights: True
[2021-11-09 00:54:19][__main__	][INFO	] --->                         resume: None
[2021-11-09 00:54:19][__main__	][INFO	] --->               resume_optimizer: True
[2021-11-09 00:54:19][__main__	][INFO	] --->                  eval_upsample: False
[2021-11-09 00:54:19][__main__	][INFO	] --->         lenient_weight_loading: False
[2021-11-09 00:54:19][__main__	][INFO	] --->         distributed_world_size: 2
[2021-11-09 00:54:19][__main__	][INFO	] --->               distributed_rank: 0
[2021-11-09 00:54:19][__main__	][INFO	] --->            distributed_backend: nccl
[2021-11-09 00:54:19][__main__	][INFO	] --->        distributed_init_method: 
[2021-11-09 00:54:19][__main__	][INFO	] --->               distributed_port: 10010
[2021-11-09 00:54:19][__main__	][INFO	] --->                      device_id: 0
[2021-11-09 00:54:19][__main__	][INFO	] --->           distributed_no_spawn: True
[2021-11-09 00:54:19][__main__	][INFO	] --->                    ddp_backend: c10d
[2021-11-09 00:54:19][__main__	][INFO	] --->                  bucket_cap_mb: 25
[2021-11-09 00:54:19][__main__	][INFO	] --->                   use_feat_aug: True
[2021-11-09 00:54:19][__main__	][INFO	] --->     data_aug_color_trans_ratio: 0.1
[2021-11-09 00:54:19][__main__	][INFO	] --->      data_aug_color_jitter_std: 0.05
[2021-11-09 00:54:19][__main__	][INFO	] --->                normalize_color: True
[2021-11-09 00:54:19][__main__	][INFO	] --->             data_aug_scale_min: 0.9
[2021-11-09 00:54:19][__main__	][INFO	] --->             data_aug_scale_max: 1.1
[2021-11-09 00:54:19][__main__	][INFO	] --->               data_aug_hue_max: 0.5
[2021-11-09 00:54:19][__main__	][INFO	] --->        data_aug_saturation_max: 0.2
[2021-11-09 00:54:19][__main__	][INFO	] --->                      visualize: False
[2021-11-09 00:54:19][__main__	][INFO	] --->          test_temporal_average: False
[2021-11-09 00:54:19][__main__	][INFO	] --->                 visualize_path: outputs/visualize
[2021-11-09 00:54:19][__main__	][INFO	] --->                save_prediction: False
[2021-11-09 00:54:19][__main__	][INFO	] --->                  save_pred_dir: outputs/pred
[2021-11-09 00:54:19][__main__	][INFO	] --->                     test_phase: test
[2021-11-09 00:54:19][__main__	][INFO	] --->   evaluate_original_pointcloud: False
[2021-11-09 00:54:19][__main__	][INFO	] --->       test_original_pointcloud: False
[2021-11-09 00:54:19][__main__	][INFO	] --->                        is_cuda: True
[2021-11-09 00:54:19][__main__	][INFO	] --->                      load_path: 
[2021-11-09 00:54:19][__main__	][INFO	] --->                       log_step: 50
[2021-11-09 00:54:19][__main__	][INFO	] --->                      log_level: INFO
[2021-11-09 00:54:19][__main__	][INFO	] --->                        num_gpu: 1
[2021-11-09 00:54:19][__main__	][INFO	] --->                           seed: 42
[2021-11-09 00:54:19][__main__	][INFO	] --->                       run_name: finetune_mixture_double_0.1_100_Res16UNet34C
[2021-11-09 00:54:19][__main__	][INFO	] --->                      unc_round: 20
[2021-11-09 00:54:19][__main__	][INFO	] --->                 unc_result_dir: /
[2021-11-09 00:54:19][__main__	][INFO	] --->                          wandb: True
[2021-11-09 00:54:19][__main__	][INFO	] --->                  train_dataset: ScannetVoxelization2cmDataset
[2021-11-09 00:54:19][__main__	][INFO	] --->                    val_dataset: ScannetVoxelization2cmtestDataset
[2021-11-09 00:54:19][__main__	][INFO	] --->                 checkpoint_dir: checkpoints
[2021-11-09 00:54:19][__main__	][INFO	] --->                     optim_step: 1
[2021-11-09 00:54:19][__main__	][INFO	] --->                  validate_step: 150
[2021-11-09 00:54:19][__main__	][INFO	] --->                    train_epoch: 20000
[2021-11-09 00:54:19][__main__	][INFO	] --->               train_batch_size: 8
[2021-11-09 00:54:19][__main__	][INFO	] --->                 val_batch_size: 8
[2021-11-09 00:54:19][__main__	][INFO	] --->                eval_result_dir: /
[2021-11-09 00:54:19][__main__	][INFO	] --->                  unc_stat_path: /
[2021-11-09 00:54:19][__main__	][INFO	] --->                     save_epoch: 1
[2021-11-09 00:54:19][__main__	][INFO	] --->                   ignore_index: 255
[2021-11-09 00:54:19][__main__	][INFO	] --->                       do_train: True
[2021-11-09 00:54:19][__main__	][INFO	] --->               do_unc_inference: False
[2021-11-09 00:54:19][__main__	][INFO	] --->                    do_unc_demo: False
[2021-11-09 00:54:19][__main__	][INFO	] --->                    unc_dataset: 
[2021-11-09 00:54:19][__main__	][INFO	] --->           do_verbose_inference: False
[2021-11-09 00:54:19][__main__	][INFO	] --->                  do_unc_render: False
[2021-11-09 00:54:27][__main__	][INFO	] Weights loaded from checkpoints/pretrain_20000.pth
[2021-11-09 00:54:27][__main__	][INFO	] Model setup done
[2021-11-09 00:54:27][__main__	][INFO	] 
Res16UNet34C(
  (conv0p1s1): MinkowskiConvolution(in=3, out=32, kernel_size=[5, 5, 5], stride=[1, 1, 1], dilation=[1, 1, 1])
  (bn0): MinkowskiBatchNorm(32, eps=1e-05, momentum=0.02, affine=True, track_running_stats=True)
  (conv1p1s2): MinkowskiConvolution(in=32, out=32, kernel_size=[2, 2, 2], stride=[2, 2, 2], dilation=[1, 1, 1])
  (bn1): MinkowskiBatchNorm(32, eps=1e-05, momentum=0.02, affine=True, track_running_stats=True)
  (block1): Sequential(
    (0): BasicBlock(
      (conv1): MinkowskiConvolution(in=32, out=32, kernel_size=[3, 3, 3], stride=[1, 1, 1], dilation=[1, 1, 1])
      (norm1): MinkowskiBatchNorm(32, eps=1e-05, momentum=0.1, affine=True, track_running_stats=True)
      (conv2): MinkowskiConvolution(in=32, out=32, kernel_size=[3, 3, 3], stride=[1, 1, 1], dilation=[1, 1, 1])
      (norm2): MinkowskiBatchNorm(32, eps=1e-05, momentum=0.1, affine=True, track_running_stats=True)
      (relu): MinkowskiReLU()
    )
    (1): BasicBlock(
      (conv1): MinkowskiConvolution(in=32, out=32, kernel_size=[3, 3, 3], stride=[1, 1, 1], dilation=[1, 1, 1])
      (norm1): MinkowskiBatchNorm(32, eps=1e-05, momentum=0.1, affine=True, track_running_stats=True)
      (conv2): MinkowskiConvolution(in=32, out=32, kernel_size=[3, 3, 3], stride=[1, 1, 1], dilation=[1, 1, 1])
      (norm2): MinkowskiBatchNorm(32, eps=1e-05, momentum=0.1, affine=True, track_running_stats=True)
      (relu): MinkowskiReLU()
    )
  )
  (conv2p2s2): MinkowskiConvolution(in=32, out=32, kernel_size=[2, 2, 2], stride=[2, 2, 2], dilation=[1, 1, 1])
  (bn2): MinkowskiBatchNorm(32, eps=1e-05, momentum=0.02, affine=True, track_running_stats=True)
  (block2): Sequential(
    (0): BasicBlock(
      (conv1): MinkowskiConvolution(in=32, out=64, kernel_size=[3, 3, 3], stride=[1, 1, 1], dilation=[1, 1, 1])
      (norm1): MinkowskiBatchNorm(64, eps=1e-05, momentum=0.1, affine=True, track_running_stats=True)
      (conv2): MinkowskiConvolution(in=64, out=64, kernel_size=[3, 3, 3], stride=[1, 1, 1], dilation=[1, 1, 1])
      (norm2): MinkowskiBatchNorm(64, eps=1e-05, momentum=0.1, affine=True, track_running_stats=True)
      (relu): MinkowskiReLU()
      (downsample): Sequential(
        (0): MinkowskiConvolution(in=32, out=64, kernel_size=[1, 1, 1], stride=[1, 1, 1], dilation=[1, 1, 1])
        (1): MinkowskiBatchNorm(64, eps=1e-05, momentum=0.02, affine=True, track_running_stats=True)
      )
    )
    (1): BasicBlock(
      (conv1): MinkowskiConvolution(in=64, out=64, kernel_size=[3, 3, 3], stride=[1, 1, 1], dilation=[1, 1, 1])
      (norm1): MinkowskiBatchNorm(64, eps=1e-05, momentum=0.1, affine=True, track_running_stats=True)
      (conv2): MinkowskiConvolution(in=64, out=64, kernel_size=[3, 3, 3], stride=[1, 1, 1], dilation=[1, 1, 1])
      (norm2): MinkowskiBatchNorm(64, eps=1e-05, momentum=0.1, affine=True, track_running_stats=True)
      (relu): MinkowskiReLU()
    )
    (2): BasicBlock(
      (conv1): MinkowskiConvolution(in=64, out=64, kernel_size=[3, 3, 3], stride=[1, 1, 1], dilation=[1, 1, 1])
      (norm1): MinkowskiBatchNorm(64, eps=1e-05, momentum=0.1, affine=True, track_running_stats=True)
      (conv2): MinkowskiConvolution(in=64, out=64, kernel_size=[3, 3, 3], stride=[1, 1, 1], dilation=[1, 1, 1])
      (norm2): MinkowskiBatchNorm(64, eps=1e-05, momentum=0.1, affine=True, track_running_stats=True)
      (relu): MinkowskiReLU()
    )
  )
  (conv3p4s2): MinkowskiConvolution(in=64, out=64, kernel_size=[2, 2, 2], stride=[2, 2, 2], dilation=[1, 1, 1])
  (bn3): MinkowskiBatchNorm(64, eps=1e-05, momentum=0.02, affine=True, track_running_stats=True)
  (block3): Sequential(
    (0): BasicBlock(
      (conv1): MinkowskiConvolution(in=64, out=128, kernel_size=[3, 3, 3], stride=[1, 1, 1], dilation=[1, 1, 1])
      (norm1): MinkowskiBatchNorm(128, eps=1e-05, momentum=0.1, affine=True, track_running_stats=True)
      (conv2): MinkowskiConvolution(in=128, out=128, kernel_size=[3, 3, 3], stride=[1, 1, 1], dilation=[1, 1, 1])
      (norm2): MinkowskiBatchNorm(128, eps=1e-05, momentum=0.1, affine=True, track_running_stats=True)
      (relu): MinkowskiReLU()
      (downsample): Sequential(
        (0): MinkowskiConvolution(in=64, out=128, kernel_size=[1, 1, 1], stride=[1, 1, 1], dilation=[1, 1, 1])
        (1): MinkowskiBatchNorm(128, eps=1e-05, momentum=0.02, affine=True, track_running_stats=True)
      )
    )
    (1): BasicBlock(
      (conv1): MinkowskiConvolution(in=128, out=128, kernel_size=[3, 3, 3], stride=[1, 1, 1], dilation=[1, 1, 1])
      (norm1): MinkowskiBatchNorm(128, eps=1e-05, momentum=0.1, affine=True, track_running_stats=True)
      (conv2): MinkowskiConvolution(in=128, out=128, kernel_size=[3, 3, 3], stride=[1, 1, 1], dilation=[1, 1, 1])
      (norm2): MinkowskiBatchNorm(128, eps=1e-05, momentum=0.1, affine=True, track_running_stats=True)
      (relu): MinkowskiReLU()
    )
    (2): BasicBlock(
      (conv1): MinkowskiConvolution(in=128, out=128, kernel_size=[3, 3, 3], stride=[1, 1, 1], dilation=[1, 1, 1])
      (norm1): MinkowskiBatchNorm(128, eps=1e-05, momentum=0.1, affine=True, track_running_stats=True)
      (conv2): MinkowskiConvolution(in=128, out=128, kernel_size=[3, 3, 3], stride=[1, 1, 1], dilation=[1, 1, 1])
      (norm2): MinkowskiBatchNorm(128, eps=1e-05, momentum=0.1, affine=True, track_running_stats=True)
      (relu): MinkowskiReLU()
    )
    (3): BasicBlock(
      (conv1): MinkowskiConvolution(in=128, out=128, kernel_size=[3, 3, 3], stride=[1, 1, 1], dilation=[1, 1, 1])
      (norm1): MinkowskiBatchNorm(128, eps=1e-05, momentum=0.1, affine=True, track_running_stats=True)
      (conv2): MinkowskiConvolution(in=128, out=128, kernel_size=[3, 3, 3], stride=[1, 1, 1], dilation=[1, 1, 1])
      (norm2): MinkowskiBatchNorm(128, eps=1e-05, momentum=0.1, affine=True, track_running_stats=True)
      (relu): MinkowskiReLU()
    )
  )
  (conv4p8s2): MinkowskiConvolution(in=128, out=128, kernel_size=[2, 2, 2], stride=[2, 2, 2], dilation=[1, 1, 1])
  (bn4): MinkowskiBatchNorm(128, eps=1e-05, momentum=0.02, affine=True, track_running_stats=True)
  (block4): Sequential(
    (0): BasicBlock(
      (conv1): MinkowskiConvolution(in=128, out=256, kernel_size=[3, 3, 3], stride=[1, 1, 1], dilation=[1, 1, 1])
      (norm1): MinkowskiBatchNorm(256, eps=1e-05, momentum=0.1, affine=True, track_running_stats=True)
      (conv2): MinkowskiConvolution(in=256, out=256, kernel_size=[3, 3, 3], stride=[1, 1, 1], dilation=[1, 1, 1])
      (norm2): MinkowskiBatchNorm(256, eps=1e-05, momentum=0.1, affine=True, track_running_stats=True)
      (relu): MinkowskiReLU()
      (downsample): Sequential(
        (0): MinkowskiConvolution(in=128, out=256, kernel_size=[1, 1, 1], stride=[1, 1, 1], dilation=[1, 1, 1])
        (1): MinkowskiBatchNorm(256, eps=1e-05, momentum=0.02, affine=True, track_running_stats=True)
      )
    )
    (1): BasicBlock(
      (conv1): MinkowskiConvolution(in=256, out=256, kernel_size=[3, 3, 3], stride=[1, 1, 1], dilation=[1, 1, 1])
      (norm1): MinkowskiBatchNorm(256, eps=1e-05, momentum=0.1, affine=True, track_running_stats=True)
      (conv2): MinkowskiConvolution(in=256, out=256, kernel_size=[3, 3, 3], stride=[1, 1, 1], dilation=[1, 1, 1])
      (norm2): MinkowskiBatchNorm(256, eps=1e-05, momentum=0.1, affine=True, track_running_stats=True)
      (relu): MinkowskiReLU()
    )
    (2): BasicBlock(
      (conv1): MinkowskiConvolution(in=256, out=256, kernel_size=[3, 3, 3], stride=[1, 1, 1], dilation=[1, 1, 1])
      (norm1): MinkowskiBatchNorm(256, eps=1e-05, momentum=0.1, affine=True, track_running_stats=True)
      (conv2): MinkowskiConvolution(in=256, out=256, kernel_size=[3, 3, 3], stride=[1, 1, 1], dilation=[1, 1, 1])
      (norm2): MinkowskiBatchNorm(256, eps=1e-05, momentum=0.1, affine=True, track_running_stats=True)
      (relu): MinkowskiReLU()
    )
    (3): BasicBlock(
      (conv1): MinkowskiConvolution(in=256, out=256, kernel_size=[3, 3, 3], stride=[1, 1, 1], dilation=[1, 1, 1])
      (norm1): MinkowskiBatchNorm(256, eps=1e-05, momentum=0.1, affine=True, track_running_stats=True)
      (conv2): MinkowskiConvolution(in=256, out=256, kernel_size=[3, 3, 3], stride=[1, 1, 1], dilation=[1, 1, 1])
      (norm2): MinkowskiBatchNorm(256, eps=1e-05, momentum=0.1, affine=True, track_running_stats=True)
      (relu): MinkowskiReLU()
    )
    (4): BasicBlock(
      (conv1): MinkowskiConvolution(in=256, out=256, kernel_size=[3, 3, 3], stride=[1, 1, 1], dilation=[1, 1, 1])
      (norm1): MinkowskiBatchNorm(256, eps=1e-05, momentum=0.1, affine=True, track_running_stats=True)
      (conv2): MinkowskiConvolution(in=256, out=256, kernel_size=[3, 3, 3], stride=[1, 1, 1], dilation=[1, 1, 1])
      (norm2): MinkowskiBatchNorm(256, eps=1e-05, momentum=0.1, affine=True, track_running_stats=True)
      (relu): MinkowskiReLU()
    )
    (5): BasicBlock(
      (conv1): MinkowskiConvolution(in=256, out=256, kernel_size=[3, 3, 3], stride=[1, 1, 1], dilation=[1, 1, 1])
      (norm1): MinkowskiBatchNorm(256, eps=1e-05, momentum=0.1, affine=True, track_running_stats=True)
      (conv2): MinkowskiConvolution(in=256, out=256, kernel_size=[3, 3, 3], stride=[1, 1, 1], dilation=[1, 1, 1])
      (norm2): MinkowskiBatchNorm(256, eps=1e-05, momentum=0.1, affine=True, track_running_stats=True)
      (relu): MinkowskiReLU()
    )
  )
  (convtr4p16s2): MinkowskiConvolutionTranspose(in=256, out=256, kernel_size=[2, 2, 2], stride=[2, 2, 2], dilation=[1, 1, 1])
  (bntr4): MinkowskiBatchNorm(256, eps=1e-05, momentum=0.02, affine=True, track_running_stats=True)
  (block5): Sequential(
    (0): BasicBlock(
      (conv1): MinkowskiConvolution(in=384, out=256, kernel_size=[3, 3, 3], stride=[1, 1, 1], dilation=[1, 1, 1])
      (norm1): MinkowskiBatchNorm(256, eps=1e-05, momentum=0.1, affine=True, track_running_stats=True)
      (conv2): MinkowskiConvolution(in=256, out=256, kernel_size=[3, 3, 3], stride=[1, 1, 1], dilation=[1, 1, 1])
      (norm2): MinkowskiBatchNorm(256, eps=1e-05, momentum=0.1, affine=True, track_running_stats=True)
      (relu): MinkowskiReLU()
      (downsample): Sequential(
        (0): MinkowskiConvolution(in=384, out=256, kernel_size=[1, 1, 1], stride=[1, 1, 1], dilation=[1, 1, 1])
        (1): MinkowskiBatchNorm(256, eps=1e-05, momentum=0.02, affine=True, track_running_stats=True)
      )
    )
    (1): BasicBlock(
      (conv1): MinkowskiConvolution(in=256, out=256, kernel_size=[3, 3, 3], stride=[1, 1, 1], dilation=[1, 1, 1])
      (norm1): MinkowskiBatchNorm(256, eps=1e-05, momentum=0.1, affine=True, track_running_stats=True)
      (conv2): MinkowskiConvolution(in=256, out=256, kernel_size=[3, 3, 3], stride=[1, 1, 1], dilation=[1, 1, 1])
      (norm2): MinkowskiBatchNorm(256, eps=1e-05, momentum=0.1, affine=True, track_running_stats=True)
      (relu): MinkowskiReLU()
    )
  )
  (convtr5p8s2): MinkowskiConvolutionTranspose(in=256, out=128, kernel_size=[2, 2, 2], stride=[2, 2, 2], dilation=[1, 1, 1])
  (bntr5): MinkowskiBatchNorm(128, eps=1e-05, momentum=0.02, affine=True, track_running_stats=True)
  (block6): Sequential(
    (0): BasicBlock(
      (conv1): MinkowskiConvolution(in=192, out=128, kernel_size=[3, 3, 3], stride=[1, 1, 1], dilation=[1, 1, 1])
      (norm1): MinkowskiBatchNorm(128, eps=1e-05, momentum=0.1, affine=True, track_running_stats=True)
      (conv2): MinkowskiConvolution(in=128, out=128, kernel_size=[3, 3, 3], stride=[1, 1, 1], dilation=[1, 1, 1])
      (norm2): MinkowskiBatchNorm(128, eps=1e-05, momentum=0.1, affine=True, track_running_stats=True)
      (relu): MinkowskiReLU()
      (downsample): Sequential(
        (0): MinkowskiConvolution(in=192, out=128, kernel_size=[1, 1, 1], stride=[1, 1, 1], dilation=[1, 1, 1])
        (1): MinkowskiBatchNorm(128, eps=1e-05, momentum=0.02, affine=True, track_running_stats=True)
      )
    )
    (1): BasicBlock(
      (conv1): MinkowskiConvolution(in=128, out=128, kernel_size=[3, 3, 3], stride=[1, 1, 1], dilation=[1, 1, 1])
      (norm1): MinkowskiBatchNorm(128, eps=1e-05, momentum=0.1, affine=True, track_running_stats=True)
      (conv2): MinkowskiConvolution(in=128, out=128, kernel_size=[3, 3, 3], stride=[1, 1, 1], dilation=[1, 1, 1])
      (norm2): MinkowskiBatchNorm(128, eps=1e-05, momentum=0.1, affine=True, track_running_stats=True)
      (relu): MinkowskiReLU()
    )
  )
  (convtr6p4s2): MinkowskiConvolutionTranspose(in=128, out=96, kernel_size=[2, 2, 2], stride=[2, 2, 2], dilation=[1, 1, 1])
  (bntr6): MinkowskiBatchNorm(96, eps=1e-05, momentum=0.02, affine=True, track_running_stats=True)
  (block7): Sequential(
    (0): BasicBlock(
      (conv1): MinkowskiConvolution(in=128, out=96, kernel_size=[3, 3, 3], stride=[1, 1, 1], dilation=[1, 1, 1])
      (norm1): MinkowskiBatchNorm(96, eps=1e-05, momentum=0.1, affine=True, track_running_stats=True)
      (conv2): MinkowskiConvolution(in=96, out=96, kernel_size=[3, 3, 3], stride=[1, 1, 1], dilation=[1, 1, 1])
      (norm2): MinkowskiBatchNorm(96, eps=1e-05, momentum=0.1, affine=True, track_running_stats=True)
      (relu): MinkowskiReLU()
      (downsample): Sequential(
        (0): MinkowskiConvolution(in=128, out=96, kernel_size=[1, 1, 1], stride=[1, 1, 1], dilation=[1, 1, 1])
        (1): MinkowskiBatchNorm(96, eps=1e-05, momentum=0.02, affine=True, track_running_stats=True)
      )
    )
    (1): BasicBlock(
      (conv1): MinkowskiConvolution(in=96, out=96, kernel_size=[3, 3, 3], stride=[1, 1, 1], dilation=[1, 1, 1])
      (norm1): MinkowskiBatchNorm(96, eps=1e-05, momentum=0.1, affine=True, track_running_stats=True)
      (conv2): MinkowskiConvolution(in=96, out=96, kernel_size=[3, 3, 3], stride=[1, 1, 1], dilation=[1, 1, 1])
      (norm2): MinkowskiBatchNorm(96, eps=1e-05, momentum=0.1, affine=True, track_running_stats=True)
      (relu): MinkowskiReLU()
    )
  )
  (convtr7p2s2): MinkowskiConvolutionTranspose(in=96, out=96, kernel_size=[2, 2, 2], stride=[2, 2, 2], dilation=[1, 1, 1])
  (bntr7): MinkowskiBatchNorm(96, eps=1e-05, momentum=0.02, affine=True, track_running_stats=True)
  (block8): Sequential(
    (0): BasicBlock(
      (conv1): MinkowskiConvolution(in=128, out=96, kernel_size=[3, 3, 3], stride=[1, 1, 1], dilation=[1, 1, 1])
      (norm1): MinkowskiBatchNorm(96, eps=1e-05, momentum=0.1, affine=True, track_running_stats=True)
      (conv2): MinkowskiConvolution(in=96, out=96, kernel_size=[3, 3, 3], stride=[1, 1, 1], dilation=[1, 1, 1])
      (norm2): MinkowskiBatchNorm(96, eps=1e-05, momentum=0.1, affine=True, track_running_stats=True)
      (relu): MinkowskiReLU()
      (downsample): Sequential(
        (0): MinkowskiConvolution(in=128, out=96, kernel_size=[1, 1, 1], stride=[1, 1, 1], dilation=[1, 1, 1])
        (1): MinkowskiBatchNorm(96, eps=1e-05, momentum=0.02, affine=True, track_running_stats=True)
      )
    )
    (1): BasicBlock(
      (conv1): MinkowskiConvolution(in=96, out=96, kernel_size=[3, 3, 3], stride=[1, 1, 1], dilation=[1, 1, 1])
      (norm1): MinkowskiBatchNorm(96, eps=1e-05, momentum=0.1, affine=True, track_running_stats=True)
      (conv2): MinkowskiConvolution(in=96, out=96, kernel_size=[3, 3, 3], stride=[1, 1, 1], dilation=[1, 1, 1])
      (norm2): MinkowskiBatchNorm(96, eps=1e-05, momentum=0.1, affine=True, track_running_stats=True)
      (relu): MinkowskiReLU()
    )
  )
  (final): MinkowskiConvolution(in=96, out=20, kernel_size=[1, 1, 1], stride=[1, 1, 1], dilation=[1, 1, 1])
  (relu): MinkowskiReLU()
)
wandb: Currently logged in as: tb5zhh (use `wandb login --relogin` to force relogin)
wandb: Tracking run with wandb version 0.12.4
wandb: Syncing run kind-dragon-230
wandb:  View project at https://wandb.ai/tb5zhh/3dsp
wandb:  View run at https://wandb.ai/tb5zhh/3dsp/runs/aro0lioy
wandb: Run data is saved locally in /home/aidrive/tb5zhh/3DScanSeg/wandb/run-20211109_005428-aro0lioy
wandb: Run `wandb offline` to turn off syncing.

[34m[1mwandb[0m: [33mWARNING[0m Calling run.save without any arguments is deprecated.Changes to attributes are automatically persisted.
[2021-11-09 00:54:35][root	][INFO	] Loading ScannetVoxelization2cmDataset: scannetv2_train.txt
[2021-11-09 00:54:35][root	][INFO	] Loading ScannetVoxelization2cmtestDataset: scannetv2_val.txt
[2021-11-09 00:54:35][__main__	][INFO	] Dataloader setup done
[2021-11-09 00:54:35][__main__	][INFO	] My rank : 0 / 1
[2021-11-09 00:54:35][__main__	][INFO	] Start training
[2021-11-09 00:54:45][__main__	][INFO	] TRAIN at global step #1 Epoch #1 Step #1 / 151: loss:3.3586, precision: 2.0945
[2021-11-09 00:54:47][__main__	][INFO	] TRAIN at global step #2 Epoch #1 Step #2 / 151: loss:3.0980, precision: 1.8841
[2021-11-09 00:54:52][__main__	][INFO	] TRAIN at global step #3 Epoch #1 Step #3 / 151: loss:3.0239, precision: 6.2299
[2021-11-09 00:54:55][__main__	][INFO	] TRAIN at global step #4 Epoch #1 Step #4 / 151: loss:2.8722, precision: 11.1155
[2021-11-09 00:54:58][__main__	][INFO	] TRAIN at global step #5 Epoch #1 Step #5 / 151: loss:2.6015, precision: 13.7004
[2021-11-09 00:55:01][__main__	][INFO	] TRAIN at global step #6 Epoch #1 Step #6 / 151: loss:2.5406, precision: 10.7670
[2021-11-09 00:55:05][__main__	][INFO	] TRAIN at global step #7 Epoch #1 Step #7 / 151: loss:2.6961, precision: 11.3572
[2021-11-09 00:55:09][__main__	][INFO	] TRAIN at global step #8 Epoch #1 Step #8 / 151: loss:2.4259, precision: 15.3912
[2021-11-09 00:55:12][__main__	][INFO	] TRAIN at global step #9 Epoch #1 Step #9 / 151: loss:2.2591, precision: 19.0060
[2021-11-09 00:55:18][__main__	][INFO	] TRAIN at global step #10 Epoch #1 Step #10 / 151: loss:2.4168, precision: 17.5163
[2021-11-09 00:55:22][__main__	][INFO	] TRAIN at global step #11 Epoch #1 Step #11 / 151: loss:2.4459, precision: 14.6600
[2021-11-09 00:55:25][__main__	][INFO	] TRAIN at global step #12 Epoch #1 Step #12 / 151: loss:2.4423, precision: 17.4285
[2021-11-09 00:55:28][__main__	][INFO	] TRAIN at global step #13 Epoch #1 Step #13 / 151: loss:2.4171, precision: 18.4603
[2021-11-09 00:55:32][__main__	][INFO	] TRAIN at global step #14 Epoch #1 Step #14 / 151: loss:2.1395, precision: 22.4457
[2021-11-09 00:55:34][__main__	][INFO	] TRAIN at global step #15 Epoch #1 Step #15 / 151: loss:2.3441, precision: 15.7615
[2021-11-09 00:55:38][__main__	][INFO	] TRAIN at global step #16 Epoch #1 Step #16 / 151: loss:2.2869, precision: 19.7245
[2021-11-09 00:55:42][__main__	][INFO	] TRAIN at global step #17 Epoch #1 Step #17 / 151: loss:2.2740, precision: 16.4869
[2021-11-09 00:55:45][__main__	][INFO	] TRAIN at global step #18 Epoch #1 Step #18 / 151: loss:2.2153, precision: 18.6851
[2021-11-09 00:55:49][__main__	][INFO	] TRAIN at global step #19 Epoch #1 Step #19 / 151: loss:2.2549, precision: 21.8353
[2021-11-09 00:55:52][__main__	][INFO	] TRAIN at global step #20 Epoch #1 Step #20 / 151: loss:2.4831, precision: 15.5163
[2021-11-09 00:55:55][__main__	][INFO	] TRAIN at global step #21 Epoch #1 Step #21 / 151: loss:2.4096, precision: 15.8516
[2021-11-09 00:55:58][__main__	][INFO	] TRAIN at global step #22 Epoch #1 Step #22 / 151: loss:2.0782, precision: 24.0571
[2021-11-09 00:56:02][__main__	][INFO	] TRAIN at global step #23 Epoch #1 Step #23 / 151: loss:2.2596, precision: 20.1812
[2021-11-09 00:56:05][__main__	][INFO	] TRAIN at global step #24 Epoch #1 Step #24 / 151: loss:2.1479, precision: 22.9487
[2021-11-09 00:56:09][__main__	][INFO	] TRAIN at global step #25 Epoch #1 Step #25 / 151: loss:2.1308, precision: 20.7277
[2021-11-09 00:56:12][__main__	][INFO	] TRAIN at global step #26 Epoch #1 Step #26 / 151: loss:2.2744, precision: 16.1622
[2021-11-09 00:56:16][__main__	][INFO	] TRAIN at global step #27 Epoch #1 Step #27 / 151: loss:2.2200, precision: 20.0089
[2021-11-09 00:56:19][__main__	][INFO	] TRAIN at global step #28 Epoch #1 Step #28 / 151: loss:2.1932, precision: 14.1321
[2021-11-09 00:56:23][__main__	][INFO	] TRAIN at global step #29 Epoch #1 Step #29 / 151: loss:2.1510, precision: 21.5351
[2021-11-09 00:56:27][__main__	][INFO	] TRAIN at global step #30 Epoch #1 Step #30 / 151: loss:2.2244, precision: 20.0357
[2021-11-09 00:56:31][__main__	][INFO	] TRAIN at global step #31 Epoch #1 Step #31 / 151: loss:2.1713, precision: 21.7289
[2021-11-09 00:56:33][__main__	][INFO	] TRAIN at global step #32 Epoch #1 Step #32 / 151: loss:2.1508, precision: 28.0548
[2021-11-09 00:56:36][__main__	][INFO	] TRAIN at global step #33 Epoch #1 Step #33 / 151: loss:2.3001, precision: 17.1993
[2021-11-09 00:56:39][__main__	][INFO	] TRAIN at global step #34 Epoch #1 Step #34 / 151: loss:2.3886, precision: 16.8847
[2021-11-09 00:56:42][__main__	][INFO	] TRAIN at global step #35 Epoch #1 Step #35 / 151: loss:1.9794, precision: 26.4368
[2021-11-09 00:56:46][__main__	][INFO	] TRAIN at global step #36 Epoch #1 Step #36 / 151: loss:1.8948, precision: 28.0844
[2021-11-09 00:56:50][__main__	][INFO	] TRAIN at global step #37 Epoch #1 Step #37 / 151: loss:2.2716, precision: 19.9789
[2021-11-09 00:56:52][__main__	][INFO	] TRAIN at global step #38 Epoch #1 Step #38 / 151: loss:2.1121, precision: 17.1936
[2021-11-09 00:56:55][__main__	][INFO	] TRAIN at global step #39 Epoch #1 Step #39 / 151: loss:1.8975, precision: 25.4916
[2021-11-09 00:56:59][__main__	][INFO	] TRAIN at global step #40 Epoch #1 Step #40 / 151: loss:2.3141, precision: 17.6995
[2021-11-09 00:57:02][__main__	][INFO	] TRAIN at global step #41 Epoch #1 Step #41 / 151: loss:2.0619, precision: 23.1110
[2021-11-09 00:57:07][__main__	][INFO	] TRAIN at global step #42 Epoch #1 Step #42 / 151: loss:2.4670, precision: 11.3276
[2021-11-09 00:57:10][__main__	][INFO	] TRAIN at global step #43 Epoch #1 Step #43 / 151: loss:1.8395, precision: 27.7900
[2021-11-09 00:57:14][__main__	][INFO	] TRAIN at global step #44 Epoch #1 Step #44 / 151: loss:2.3949, precision: 17.8843
[2021-11-09 00:57:17][__main__	][INFO	] TRAIN at global step #45 Epoch #1 Step #45 / 151: loss:2.5191, precision: 11.4260
[2021-11-09 00:57:21][__main__	][INFO	] TRAIN at global step #46 Epoch #1 Step #46 / 151: loss:2.4553, precision: 10.3111
[2021-11-09 00:57:25][__main__	][INFO	] TRAIN at global step #47 Epoch #1 Step #47 / 151: loss:2.2675, precision: 18.8448
[2021-11-09 00:57:29][__main__	][INFO	] TRAIN at global step #48 Epoch #1 Step #48 / 151: loss:2.0812, precision: 18.7946
[2021-11-09 00:57:32][__main__	][INFO	] TRAIN at global step #49 Epoch #1 Step #49 / 151: loss:2.1132, precision: 17.5188
[2021-11-09 00:57:36][__main__	][INFO	] TRAIN at global step #50 Epoch #1 Step #50 / 151: loss:2.2209, precision: 19.5106
[2021-11-09 00:57:38][__main__	][INFO	] TRAIN at global step #51 Epoch #1 Step #51 / 151: loss:1.8558, precision: 27.5499
[2021-11-09 00:57:41][__main__	][INFO	] TRAIN at global step #52 Epoch #1 Step #52 / 151: loss:2.0367, precision: 22.2725
[2021-11-09 00:57:44][__main__	][INFO	] TRAIN at global step #53 Epoch #1 Step #53 / 151: loss:2.1705, precision: 20.0357
[2021-11-09 00:57:47][__main__	][INFO	] TRAIN at global step #54 Epoch #1 Step #54 / 151: loss:2.1681, precision: 21.3217
[2021-11-09 00:57:50][__main__	][INFO	] TRAIN at global step #55 Epoch #1 Step #55 / 151: loss:1.9380, precision: 24.7559
[2021-11-09 00:57:55][__main__	][INFO	] TRAIN at global step #56 Epoch #1 Step #56 / 151: loss:2.3204, precision: 18.6811
[2021-11-09 00:57:58][__main__	][INFO	] TRAIN at global step #57 Epoch #1 Step #57 / 151: loss:2.0416, precision: 19.5905
[2021-11-09 00:58:01][__main__	][INFO	] TRAIN at global step #58 Epoch #1 Step #58 / 151: loss:2.5025, precision: 12.2733
[2021-11-09 00:58:04][__main__	][INFO	] TRAIN at global step #59 Epoch #1 Step #59 / 151: loss:1.8990, precision: 18.6680
[2021-11-09 00:58:07][__main__	][INFO	] TRAIN at global step #60 Epoch #1 Step #60 / 151: loss:1.8959, precision: 31.4885
[2021-11-09 00:58:10][__main__	][INFO	] TRAIN at global step #61 Epoch #1 Step #61 / 151: loss:1.9604, precision: 21.3647
[2021-11-09 00:58:13][__main__	][INFO	] TRAIN at global step #62 Epoch #1 Step #62 / 151: loss:2.1852, precision: 22.2922
[2021-11-09 00:58:16][__main__	][INFO	] TRAIN at global step #63 Epoch #1 Step #63 / 151: loss:2.1237, precision: 17.1161
[2021-11-09 00:58:21][__main__	][INFO	] TRAIN at global step #64 Epoch #1 Step #64 / 151: loss:2.1507, precision: 19.2861
[2021-11-09 00:58:24][__main__	][INFO	] TRAIN at global step #65 Epoch #1 Step #65 / 151: loss:2.0408, precision: 27.0072
[2021-11-09 00:58:28][__main__	][INFO	] TRAIN at global step #66 Epoch #1 Step #66 / 151: loss:1.7527, precision: 36.7008
[2021-11-09 00:58:31][__main__	][INFO	] TRAIN at global step #67 Epoch #1 Step #67 / 151: loss:1.9697, precision: 24.1848
[2021-11-09 00:58:34][__main__	][INFO	] TRAIN at global step #68 Epoch #1 Step #68 / 151: loss:2.3317, precision: 13.5175
[2021-11-09 00:58:36][__main__	][INFO	] TRAIN at global step #69 Epoch #1 Step #69 / 151: loss:1.9407, precision: 32.8608
[2021-11-09 00:58:40][__main__	][INFO	] TRAIN at global step #70 Epoch #1 Step #70 / 151: loss:1.9334, precision: 26.4198
[2021-11-09 00:58:44][__main__	][INFO	] TRAIN at global step #71 Epoch #1 Step #71 / 151: loss:2.3319, precision: 15.2487
[2021-11-09 00:58:48][__main__	][INFO	] TRAIN at global step #72 Epoch #1 Step #72 / 151: loss:2.1890, precision: 20.2947
[2021-11-09 00:58:50][__main__	][INFO	] TRAIN at global step #73 Epoch #1 Step #73 / 151: loss:2.3357, precision: 19.0052
[2021-11-09 00:58:55][__main__	][INFO	] TRAIN at global step #74 Epoch #1 Step #74 / 151: loss:2.2197, precision: 16.1789
[2021-11-09 00:58:57][__main__	][INFO	] TRAIN at global step #75 Epoch #1 Step #75 / 151: loss:2.1881, precision: 17.5305
[2021-11-09 00:59:01][__main__	][INFO	] TRAIN at global step #76 Epoch #1 Step #76 / 151: loss:2.1660, precision: 21.3055
[2021-11-09 00:59:04][__main__	][INFO	] TRAIN at global step #77 Epoch #1 Step #77 / 151: loss:2.0117, precision: 24.6063
[2021-11-09 00:59:07][__main__	][INFO	] TRAIN at global step #78 Epoch #1 Step #78 / 151: loss:2.1120, precision: 20.5678
[2021-11-09 00:59:11][__main__	][INFO	] TRAIN at global step #79 Epoch #1 Step #79 / 151: loss:2.2874, precision: 17.2909
[2021-11-09 00:59:14][__main__	][INFO	] TRAIN at global step #80 Epoch #1 Step #80 / 151: loss:2.3145, precision: 17.7696
[2021-11-09 00:59:17][__main__	][INFO	] TRAIN at global step #81 Epoch #1 Step #81 / 151: loss:2.0360, precision: 22.2172
[2021-11-09 00:59:20][__main__	][INFO	] TRAIN at global step #82 Epoch #1 Step #82 / 151: loss:2.4159, precision: 11.3650
[2021-11-09 00:59:24][__main__	][INFO	] TRAIN at global step #83 Epoch #1 Step #83 / 151: loss:2.0301, precision: 25.7865
[2021-11-09 00:59:27][__main__	][INFO	] TRAIN at global step #84 Epoch #1 Step #84 / 151: loss:2.3079, precision: 15.3872
[2021-11-09 00:59:32][__main__	][INFO	] TRAIN at global step #85 Epoch #1 Step #85 / 151: loss:2.3445, precision: 20.3253
[2021-11-09 00:59:34][__main__	][INFO	] TRAIN at global step #86 Epoch #1 Step #86 / 151: loss:1.9520, precision: 29.5620
[2021-11-09 00:59:38][__main__	][INFO	] TRAIN at global step #87 Epoch #1 Step #87 / 151: loss:2.2241, precision: 17.0032
[2021-11-09 00:59:43][__main__	][INFO	] TRAIN at global step #88 Epoch #1 Step #88 / 151: loss:2.0922, precision: 21.7274
[2021-11-09 00:59:46][__main__	][INFO	] TRAIN at global step #89 Epoch #1 Step #89 / 151: loss:2.4043, precision: 15.6685
[2021-11-09 00:59:48][__main__	][INFO	] TRAIN at global step #90 Epoch #1 Step #90 / 151: loss:2.0239, precision: 24.3005
slurmstepd: error: *** JOB 923 ON air-node-01 CANCELLED AT 2021-11-09T00:59:49 ***
