/home/aidrive/tb5zhh/.conda/envs/tbw_3dscan/lib/python3.8/site-packages/MinkowskiEngine/__init__.py:36: UserWarning: The environment variable `OMP_NUM_THREADS` not set. MinkowskiEngine will automatically set `OMP_NUM_THREADS=16`. If you want to set `OMP_NUM_THREADS` manually, please export it on the command line before running a python script. e.g. `export OMP_NUM_THREADS=12; python your_program.py`. It is recommended to set it below 24.
  warnings.warn(
[2021-11-09 00:46:08][__main__	][INFO	] Run with 1 cpu
[2021-11-09 00:46:08][__main__	][INFO	] Running config
[2021-11-09 00:46:08][__main__	][INFO	] --->                          model: Res16UNet34C
[2021-11-09 00:46:08][__main__	][INFO	] --->              conv1_kernel_size: 5
[2021-11-09 00:46:08][__main__	][INFO	] --->                        weights: checkpoints/pretrain_20000.pth
[2021-11-09 00:46:08][__main__	][INFO	] --->                       weights1: /home/aidrive1/workspace/luoly/dataset/final/min_weights/LR/unc/1/512/checkpoint_NoneRes16UNet34Cbest_val.pth
[2021-11-09 00:46:08][__main__	][INFO	] --->                       weights2: /home/aidrive1/workspace/luoly/dataset/final/min_weights/LR/512/1/checkpoint_NoneRes16UNet34Cbest_val.pth
[2021-11-09 00:46:08][__main__	][INFO	] --->                       weights3: /home/aidrive1/workspace/luoly/dataset/final/min_weights/LR/1024/1/checkpoint_NoneRes16UNet34Cbest_val.pth
[2021-11-09 00:46:08][__main__	][INFO	] --->        weights_for_inner_model: False
[2021-11-09 00:46:08][__main__	][INFO	] --->                      dilations: [1, 1, 1, 1]
[2021-11-09 00:46:08][__main__	][INFO	] --->                   wrapper_type: None
[2021-11-09 00:46:08][__main__	][INFO	] --->            wrapper_region_type: 1
[2021-11-09 00:46:08][__main__	][INFO	] --->            wrapper_kernel_size: 3
[2021-11-09 00:46:08][__main__	][INFO	] --->                     wrapper_lr: 0.1
[2021-11-09 00:46:08][__main__	][INFO	] --->           meanfield_iterations: 10
[2021-11-09 00:46:08][__main__	][INFO	] --->              crf_spatial_sigma: 1
[2021-11-09 00:46:08][__main__	][INFO	] --->            crf_chromatic_sigma: 12
[2021-11-09 00:46:08][__main__	][INFO	] --->                      optimizer: SGD
[2021-11-09 00:46:08][__main__	][INFO	] --->                             lr: 0.1
[2021-11-09 00:46:08][__main__	][INFO	] --->                   sgd_momentum: 0.9
[2021-11-09 00:46:08][__main__	][INFO	] --->                  sgd_dampening: 0.1
[2021-11-09 00:46:08][__main__	][INFO	] --->                     adam_beta1: 0.9
[2021-11-09 00:46:08][__main__	][INFO	] --->                     adam_beta2: 0.999
[2021-11-09 00:46:08][__main__	][INFO	] --->                   weight_decay: 0.0001
[2021-11-09 00:46:08][__main__	][INFO	] --->           param_histogram_freq: 100
[2021-11-09 00:46:08][__main__	][INFO	] --->           save_param_histogram: False
[2021-11-09 00:46:08][__main__	][INFO	] --->                      iter_size: 1
[2021-11-09 00:46:08][__main__	][INFO	] --->                    bn_momentum: 0.02
[2021-11-09 00:46:08][__main__	][INFO	] --->                      scheduler: PolyLR
[2021-11-09 00:46:08][__main__	][INFO	] --->                       max_iter: 30000
[2021-11-09 00:46:08][__main__	][INFO	] --->                      step_size: 20000.0
[2021-11-09 00:46:08][__main__	][INFO	] --->                     step_gamma: 0.1
[2021-11-09 00:46:08][__main__	][INFO	] --->                     poly_power: 0.9
[2021-11-09 00:46:08][__main__	][INFO	] --->                      exp_gamma: 0.95
[2021-11-09 00:46:08][__main__	][INFO	] --->                  exp_step_size: 445
[2021-11-09 00:46:08][__main__	][INFO	] --->                        log_dir: log
[2021-11-09 00:46:08][__main__	][INFO	] --->                       data_dir: data
[2021-11-09 00:46:08][__main__	][INFO	] --->                        dataset: ScannetVoxelization2cmDataset
[2021-11-09 00:46:08][__main__	][INFO	] --->                    testdataset: ScannetVoxelization2cmtestDataset
[2021-11-09 00:46:08][__main__	][INFO	] --->              temporal_dilation: 30
[2021-11-09 00:46:08][__main__	][INFO	] --->                temporal_numseq: 3
[2021-11-09 00:46:08][__main__	][INFO	] --->                      point_lim: -1
[2021-11-09 00:46:08][__main__	][INFO	] --->                  pre_point_lim: -1
[2021-11-09 00:46:08][__main__	][INFO	] --->                     batch_size: 1
[2021-11-09 00:46:08][__main__	][INFO	] --->                test_batch_size: 1
[2021-11-09 00:46:08][__main__	][INFO	] --->                     cache_data: False
[2021-11-09 00:46:08][__main__	][INFO	] --->                    num_workers: 4
[2021-11-09 00:46:08][__main__	][INFO	] --->                num_val_workers: 1
[2021-11-09 00:46:08][__main__	][INFO	] --->                   ignore_label: 255
[2021-11-09 00:46:08][__main__	][INFO	] --->          return_transformation: False
[2021-11-09 00:46:08][__main__	][INFO	] --->         ignore_duplicate_class: False
[2021-11-09 00:46:08][__main__	][INFO	] --->                   partial_crop: 0.0
[2021-11-09 00:46:08][__main__	][INFO	] --->          train_limit_numpoints: 0
[2021-11-09 00:46:08][__main__	][INFO	] --->                   synthia_path: /home/chrischoy/datasets/Synthia/Synthia4D
[2021-11-09 00:46:08][__main__	][INFO	] --->            synthia_camera_path: /home/chrischoy/datasets/Synthia/%s/CameraParams/
[2021-11-09 00:46:08][__main__	][INFO	] --->  synthia_camera_intrinsic_file: intrinsics.txt
[2021-11-09 00:46:08][__main__	][INFO	] ---> synthia_camera_extrinsics_file: Stereo_Right/Omni_F/%s.txt
[2021-11-09 00:46:08][__main__	][INFO	] --->         temporal_rand_dilation: False
[2021-11-09 00:46:08][__main__	][INFO	] --->           temporal_rand_numseq: False
[2021-11-09 00:46:08][__main__	][INFO	] --->                   scannet_path: /home/aidrive/tb5zhh/data/200_fit_unc/train
[2021-11-09 00:46:08][__main__	][INFO	] --->              scannet_test_path: /home/aidrive/tb5zhh/data/full/train
[2021-11-09 00:46:08][__main__	][INFO	] --->                stanford3d_path: /home/chrischoy/datasets/Stanford3D
[2021-11-09 00:46:08][__main__	][INFO	] --->                       is_train: True
[2021-11-09 00:46:08][__main__	][INFO	] --->                      stat_freq: 40
[2021-11-09 00:46:08][__main__	][INFO	] --->                 test_stat_freq: 100
[2021-11-09 00:46:08][__main__	][INFO	] --->                test_stat_freq1: 312
[2021-11-09 00:46:08][__main__	][INFO	] --->                      save_freq: 1000
[2021-11-09 00:46:08][__main__	][INFO	] --->                       val_freq: 2
[2021-11-09 00:46:08][__main__	][INFO	] --->               empty_cache_freq: 1
[2021-11-09 00:46:08][__main__	][INFO	] --->                    train_phase: train
[2021-11-09 00:46:08][__main__	][INFO	] --->                      val_phase: val
[2021-11-09 00:46:08][__main__	][INFO	] --->              overwrite_weights: True
[2021-11-09 00:46:08][__main__	][INFO	] --->                         resume: None
[2021-11-09 00:46:08][__main__	][INFO	] --->               resume_optimizer: True
[2021-11-09 00:46:08][__main__	][INFO	] --->                  eval_upsample: False
[2021-11-09 00:46:08][__main__	][INFO	] --->         lenient_weight_loading: False
[2021-11-09 00:46:08][__main__	][INFO	] --->         distributed_world_size: 2
[2021-11-09 00:46:08][__main__	][INFO	] --->               distributed_rank: 0
[2021-11-09 00:46:08][__main__	][INFO	] --->            distributed_backend: nccl
[2021-11-09 00:46:08][__main__	][INFO	] --->        distributed_init_method: 
[2021-11-09 00:46:08][__main__	][INFO	] --->               distributed_port: 10010
[2021-11-09 00:46:08][__main__	][INFO	] --->                      device_id: 0
[2021-11-09 00:46:08][__main__	][INFO	] --->           distributed_no_spawn: True
[2021-11-09 00:46:08][__main__	][INFO	] --->                    ddp_backend: c10d
[2021-11-09 00:46:08][__main__	][INFO	] --->                  bucket_cap_mb: 25
[2021-11-09 00:46:08][__main__	][INFO	] --->                   use_feat_aug: True
[2021-11-09 00:46:08][__main__	][INFO	] --->     data_aug_color_trans_ratio: 0.1
[2021-11-09 00:46:08][__main__	][INFO	] --->      data_aug_color_jitter_std: 0.05
[2021-11-09 00:46:08][__main__	][INFO	] --->                normalize_color: True
[2021-11-09 00:46:08][__main__	][INFO	] --->             data_aug_scale_min: 0.9
[2021-11-09 00:46:08][__main__	][INFO	] --->             data_aug_scale_max: 1.1
[2021-11-09 00:46:08][__main__	][INFO	] --->               data_aug_hue_max: 0.5
[2021-11-09 00:46:08][__main__	][INFO	] --->        data_aug_saturation_max: 0.2
[2021-11-09 00:46:08][__main__	][INFO	] --->                      visualize: False
[2021-11-09 00:46:08][__main__	][INFO	] --->          test_temporal_average: False
[2021-11-09 00:46:08][__main__	][INFO	] --->                 visualize_path: outputs/visualize
[2021-11-09 00:46:08][__main__	][INFO	] --->                save_prediction: False
[2021-11-09 00:46:08][__main__	][INFO	] --->                  save_pred_dir: outputs/pred
[2021-11-09 00:46:08][__main__	][INFO	] --->                     test_phase: test
[2021-11-09 00:46:08][__main__	][INFO	] --->   evaluate_original_pointcloud: False
[2021-11-09 00:46:08][__main__	][INFO	] --->       test_original_pointcloud: False
[2021-11-09 00:46:08][__main__	][INFO	] --->                        is_cuda: True
[2021-11-09 00:46:08][__main__	][INFO	] --->                      load_path: 
[2021-11-09 00:46:08][__main__	][INFO	] --->                       log_step: 50
[2021-11-09 00:46:08][__main__	][INFO	] --->                      log_level: INFO
[2021-11-09 00:46:08][__main__	][INFO	] --->                        num_gpu: 1
[2021-11-09 00:46:08][__main__	][INFO	] --->                           seed: 42
[2021-11-09 00:46:08][__main__	][INFO	] --->                       run_name: finetune_mixture_unc_0.1_200_Res16UNet34C
[2021-11-09 00:46:08][__main__	][INFO	] --->                      unc_round: 20
[2021-11-09 00:46:08][__main__	][INFO	] --->                 unc_result_dir: /
[2021-11-09 00:46:08][__main__	][INFO	] --->                          wandb: True
[2021-11-09 00:46:08][__main__	][INFO	] --->                  train_dataset: ScannetVoxelization2cmDataset
[2021-11-09 00:46:08][__main__	][INFO	] --->                    val_dataset: ScannetVoxelization2cmtestDataset
[2021-11-09 00:46:08][__main__	][INFO	] --->                 checkpoint_dir: checkpoints
[2021-11-09 00:46:08][__main__	][INFO	] --->                     optim_step: 1
[2021-11-09 00:46:08][__main__	][INFO	] --->                  validate_step: 150
[2021-11-09 00:46:08][__main__	][INFO	] --->                    train_epoch: 20000
[2021-11-09 00:46:08][__main__	][INFO	] --->               train_batch_size: 8
[2021-11-09 00:46:08][__main__	][INFO	] --->                 val_batch_size: 8
[2021-11-09 00:46:08][__main__	][INFO	] --->                eval_result_dir: /
[2021-11-09 00:46:08][__main__	][INFO	] --->                  unc_stat_path: /
[2021-11-09 00:46:08][__main__	][INFO	] --->                     save_epoch: 1
[2021-11-09 00:46:08][__main__	][INFO	] --->                   ignore_index: 255
[2021-11-09 00:46:08][__main__	][INFO	] --->                       do_train: True
[2021-11-09 00:46:08][__main__	][INFO	] --->               do_unc_inference: False
[2021-11-09 00:46:08][__main__	][INFO	] --->                    do_unc_demo: False
[2021-11-09 00:46:08][__main__	][INFO	] --->                    unc_dataset: 
[2021-11-09 00:46:08][__main__	][INFO	] --->           do_verbose_inference: False
[2021-11-09 00:46:08][__main__	][INFO	] --->                  do_unc_render: False
[2021-11-09 00:46:28][__main__	][INFO	] Weights loaded from checkpoints/pretrain_20000.pth
[2021-11-09 00:46:28][__main__	][INFO	] Model setup done
[2021-11-09 00:46:28][__main__	][INFO	] 
Res16UNet34C(
  (conv0p1s1): MinkowskiConvolution(in=3, out=32, kernel_size=[5, 5, 5], stride=[1, 1, 1], dilation=[1, 1, 1])
  (bn0): MinkowskiBatchNorm(32, eps=1e-05, momentum=0.02, affine=True, track_running_stats=True)
  (conv1p1s2): MinkowskiConvolution(in=32, out=32, kernel_size=[2, 2, 2], stride=[2, 2, 2], dilation=[1, 1, 1])
  (bn1): MinkowskiBatchNorm(32, eps=1e-05, momentum=0.02, affine=True, track_running_stats=True)
  (block1): Sequential(
    (0): BasicBlock(
      (conv1): MinkowskiConvolution(in=32, out=32, kernel_size=[3, 3, 3], stride=[1, 1, 1], dilation=[1, 1, 1])
      (norm1): MinkowskiBatchNorm(32, eps=1e-05, momentum=0.1, affine=True, track_running_stats=True)
      (conv2): MinkowskiConvolution(in=32, out=32, kernel_size=[3, 3, 3], stride=[1, 1, 1], dilation=[1, 1, 1])
      (norm2): MinkowskiBatchNorm(32, eps=1e-05, momentum=0.1, affine=True, track_running_stats=True)
      (relu): MinkowskiReLU()
    )
    (1): BasicBlock(
      (conv1): MinkowskiConvolution(in=32, out=32, kernel_size=[3, 3, 3], stride=[1, 1, 1], dilation=[1, 1, 1])
      (norm1): MinkowskiBatchNorm(32, eps=1e-05, momentum=0.1, affine=True, track_running_stats=True)
      (conv2): MinkowskiConvolution(in=32, out=32, kernel_size=[3, 3, 3], stride=[1, 1, 1], dilation=[1, 1, 1])
      (norm2): MinkowskiBatchNorm(32, eps=1e-05, momentum=0.1, affine=True, track_running_stats=True)
      (relu): MinkowskiReLU()
    )
  )
  (conv2p2s2): MinkowskiConvolution(in=32, out=32, kernel_size=[2, 2, 2], stride=[2, 2, 2], dilation=[1, 1, 1])
  (bn2): MinkowskiBatchNorm(32, eps=1e-05, momentum=0.02, affine=True, track_running_stats=True)
  (block2): Sequential(
    (0): BasicBlock(
      (conv1): MinkowskiConvolution(in=32, out=64, kernel_size=[3, 3, 3], stride=[1, 1, 1], dilation=[1, 1, 1])
      (norm1): MinkowskiBatchNorm(64, eps=1e-05, momentum=0.1, affine=True, track_running_stats=True)
      (conv2): MinkowskiConvolution(in=64, out=64, kernel_size=[3, 3, 3], stride=[1, 1, 1], dilation=[1, 1, 1])
      (norm2): MinkowskiBatchNorm(64, eps=1e-05, momentum=0.1, affine=True, track_running_stats=True)
      (relu): MinkowskiReLU()
      (downsample): Sequential(
        (0): MinkowskiConvolution(in=32, out=64, kernel_size=[1, 1, 1], stride=[1, 1, 1], dilation=[1, 1, 1])
        (1): MinkowskiBatchNorm(64, eps=1e-05, momentum=0.02, affine=True, track_running_stats=True)
      )
    )
    (1): BasicBlock(
      (conv1): MinkowskiConvolution(in=64, out=64, kernel_size=[3, 3, 3], stride=[1, 1, 1], dilation=[1, 1, 1])
      (norm1): MinkowskiBatchNorm(64, eps=1e-05, momentum=0.1, affine=True, track_running_stats=True)
      (conv2): MinkowskiConvolution(in=64, out=64, kernel_size=[3, 3, 3], stride=[1, 1, 1], dilation=[1, 1, 1])
      (norm2): MinkowskiBatchNorm(64, eps=1e-05, momentum=0.1, affine=True, track_running_stats=True)
      (relu): MinkowskiReLU()
    )
    (2): BasicBlock(
      (conv1): MinkowskiConvolution(in=64, out=64, kernel_size=[3, 3, 3], stride=[1, 1, 1], dilation=[1, 1, 1])
      (norm1): MinkowskiBatchNorm(64, eps=1e-05, momentum=0.1, affine=True, track_running_stats=True)
      (conv2): MinkowskiConvolution(in=64, out=64, kernel_size=[3, 3, 3], stride=[1, 1, 1], dilation=[1, 1, 1])
      (norm2): MinkowskiBatchNorm(64, eps=1e-05, momentum=0.1, affine=True, track_running_stats=True)
      (relu): MinkowskiReLU()
    )
  )
  (conv3p4s2): MinkowskiConvolution(in=64, out=64, kernel_size=[2, 2, 2], stride=[2, 2, 2], dilation=[1, 1, 1])
  (bn3): MinkowskiBatchNorm(64, eps=1e-05, momentum=0.02, affine=True, track_running_stats=True)
  (block3): Sequential(
    (0): BasicBlock(
      (conv1): MinkowskiConvolution(in=64, out=128, kernel_size=[3, 3, 3], stride=[1, 1, 1], dilation=[1, 1, 1])
      (norm1): MinkowskiBatchNorm(128, eps=1e-05, momentum=0.1, affine=True, track_running_stats=True)
      (conv2): MinkowskiConvolution(in=128, out=128, kernel_size=[3, 3, 3], stride=[1, 1, 1], dilation=[1, 1, 1])
      (norm2): MinkowskiBatchNorm(128, eps=1e-05, momentum=0.1, affine=True, track_running_stats=True)
      (relu): MinkowskiReLU()
      (downsample): Sequential(
        (0): MinkowskiConvolution(in=64, out=128, kernel_size=[1, 1, 1], stride=[1, 1, 1], dilation=[1, 1, 1])
        (1): MinkowskiBatchNorm(128, eps=1e-05, momentum=0.02, affine=True, track_running_stats=True)
      )
    )
    (1): BasicBlock(
      (conv1): MinkowskiConvolution(in=128, out=128, kernel_size=[3, 3, 3], stride=[1, 1, 1], dilation=[1, 1, 1])
      (norm1): MinkowskiBatchNorm(128, eps=1e-05, momentum=0.1, affine=True, track_running_stats=True)
      (conv2): MinkowskiConvolution(in=128, out=128, kernel_size=[3, 3, 3], stride=[1, 1, 1], dilation=[1, 1, 1])
      (norm2): MinkowskiBatchNorm(128, eps=1e-05, momentum=0.1, affine=True, track_running_stats=True)
      (relu): MinkowskiReLU()
    )
    (2): BasicBlock(
      (conv1): MinkowskiConvolution(in=128, out=128, kernel_size=[3, 3, 3], stride=[1, 1, 1], dilation=[1, 1, 1])
      (norm1): MinkowskiBatchNorm(128, eps=1e-05, momentum=0.1, affine=True, track_running_stats=True)
      (conv2): MinkowskiConvolution(in=128, out=128, kernel_size=[3, 3, 3], stride=[1, 1, 1], dilation=[1, 1, 1])
      (norm2): MinkowskiBatchNorm(128, eps=1e-05, momentum=0.1, affine=True, track_running_stats=True)
      (relu): MinkowskiReLU()
    )
    (3): BasicBlock(
      (conv1): MinkowskiConvolution(in=128, out=128, kernel_size=[3, 3, 3], stride=[1, 1, 1], dilation=[1, 1, 1])
      (norm1): MinkowskiBatchNorm(128, eps=1e-05, momentum=0.1, affine=True, track_running_stats=True)
      (conv2): MinkowskiConvolution(in=128, out=128, kernel_size=[3, 3, 3], stride=[1, 1, 1], dilation=[1, 1, 1])
      (norm2): MinkowskiBatchNorm(128, eps=1e-05, momentum=0.1, affine=True, track_running_stats=True)
      (relu): MinkowskiReLU()
    )
  )
  (conv4p8s2): MinkowskiConvolution(in=128, out=128, kernel_size=[2, 2, 2], stride=[2, 2, 2], dilation=[1, 1, 1])
  (bn4): MinkowskiBatchNorm(128, eps=1e-05, momentum=0.02, affine=True, track_running_stats=True)
  (block4): Sequential(
    (0): BasicBlock(
      (conv1): MinkowskiConvolution(in=128, out=256, kernel_size=[3, 3, 3], stride=[1, 1, 1], dilation=[1, 1, 1])
      (norm1): MinkowskiBatchNorm(256, eps=1e-05, momentum=0.1, affine=True, track_running_stats=True)
      (conv2): MinkowskiConvolution(in=256, out=256, kernel_size=[3, 3, 3], stride=[1, 1, 1], dilation=[1, 1, 1])
      (norm2): MinkowskiBatchNorm(256, eps=1e-05, momentum=0.1, affine=True, track_running_stats=True)
      (relu): MinkowskiReLU()
      (downsample): Sequential(
        (0): MinkowskiConvolution(in=128, out=256, kernel_size=[1, 1, 1], stride=[1, 1, 1], dilation=[1, 1, 1])
        (1): MinkowskiBatchNorm(256, eps=1e-05, momentum=0.02, affine=True, track_running_stats=True)
      )
    )
    (1): BasicBlock(
      (conv1): MinkowskiConvolution(in=256, out=256, kernel_size=[3, 3, 3], stride=[1, 1, 1], dilation=[1, 1, 1])
      (norm1): MinkowskiBatchNorm(256, eps=1e-05, momentum=0.1, affine=True, track_running_stats=True)
      (conv2): MinkowskiConvolution(in=256, out=256, kernel_size=[3, 3, 3], stride=[1, 1, 1], dilation=[1, 1, 1])
      (norm2): MinkowskiBatchNorm(256, eps=1e-05, momentum=0.1, affine=True, track_running_stats=True)
      (relu): MinkowskiReLU()
    )
    (2): BasicBlock(
      (conv1): MinkowskiConvolution(in=256, out=256, kernel_size=[3, 3, 3], stride=[1, 1, 1], dilation=[1, 1, 1])
      (norm1): MinkowskiBatchNorm(256, eps=1e-05, momentum=0.1, affine=True, track_running_stats=True)
      (conv2): MinkowskiConvolution(in=256, out=256, kernel_size=[3, 3, 3], stride=[1, 1, 1], dilation=[1, 1, 1])
      (norm2): MinkowskiBatchNorm(256, eps=1e-05, momentum=0.1, affine=True, track_running_stats=True)
      (relu): MinkowskiReLU()
    )
    (3): BasicBlock(
      (conv1): MinkowskiConvolution(in=256, out=256, kernel_size=[3, 3, 3], stride=[1, 1, 1], dilation=[1, 1, 1])
      (norm1): MinkowskiBatchNorm(256, eps=1e-05, momentum=0.1, affine=True, track_running_stats=True)
      (conv2): MinkowskiConvolution(in=256, out=256, kernel_size=[3, 3, 3], stride=[1, 1, 1], dilation=[1, 1, 1])
      (norm2): MinkowskiBatchNorm(256, eps=1e-05, momentum=0.1, affine=True, track_running_stats=True)
      (relu): MinkowskiReLU()
    )
    (4): BasicBlock(
      (conv1): MinkowskiConvolution(in=256, out=256, kernel_size=[3, 3, 3], stride=[1, 1, 1], dilation=[1, 1, 1])
      (norm1): MinkowskiBatchNorm(256, eps=1e-05, momentum=0.1, affine=True, track_running_stats=True)
      (conv2): MinkowskiConvolution(in=256, out=256, kernel_size=[3, 3, 3], stride=[1, 1, 1], dilation=[1, 1, 1])
      (norm2): MinkowskiBatchNorm(256, eps=1e-05, momentum=0.1, affine=True, track_running_stats=True)
      (relu): MinkowskiReLU()
    )
    (5): BasicBlock(
      (conv1): MinkowskiConvolution(in=256, out=256, kernel_size=[3, 3, 3], stride=[1, 1, 1], dilation=[1, 1, 1])
      (norm1): MinkowskiBatchNorm(256, eps=1e-05, momentum=0.1, affine=True, track_running_stats=True)
      (conv2): MinkowskiConvolution(in=256, out=256, kernel_size=[3, 3, 3], stride=[1, 1, 1], dilation=[1, 1, 1])
      (norm2): MinkowskiBatchNorm(256, eps=1e-05, momentum=0.1, affine=True, track_running_stats=True)
      (relu): MinkowskiReLU()
    )
  )
  (convtr4p16s2): MinkowskiConvolutionTranspose(in=256, out=256, kernel_size=[2, 2, 2], stride=[2, 2, 2], dilation=[1, 1, 1])
  (bntr4): MinkowskiBatchNorm(256, eps=1e-05, momentum=0.02, affine=True, track_running_stats=True)
  (block5): Sequential(
    (0): BasicBlock(
      (conv1): MinkowskiConvolution(in=384, out=256, kernel_size=[3, 3, 3], stride=[1, 1, 1], dilation=[1, 1, 1])
      (norm1): MinkowskiBatchNorm(256, eps=1e-05, momentum=0.1, affine=True, track_running_stats=True)
      (conv2): MinkowskiConvolution(in=256, out=256, kernel_size=[3, 3, 3], stride=[1, 1, 1], dilation=[1, 1, 1])
      (norm2): MinkowskiBatchNorm(256, eps=1e-05, momentum=0.1, affine=True, track_running_stats=True)
      (relu): MinkowskiReLU()
      (downsample): Sequential(
        (0): MinkowskiConvolution(in=384, out=256, kernel_size=[1, 1, 1], stride=[1, 1, 1], dilation=[1, 1, 1])
        (1): MinkowskiBatchNorm(256, eps=1e-05, momentum=0.02, affine=True, track_running_stats=True)
      )
    )
    (1): BasicBlock(
      (conv1): MinkowskiConvolution(in=256, out=256, kernel_size=[3, 3, 3], stride=[1, 1, 1], dilation=[1, 1, 1])
      (norm1): MinkowskiBatchNorm(256, eps=1e-05, momentum=0.1, affine=True, track_running_stats=True)
      (conv2): MinkowskiConvolution(in=256, out=256, kernel_size=[3, 3, 3], stride=[1, 1, 1], dilation=[1, 1, 1])
      (norm2): MinkowskiBatchNorm(256, eps=1e-05, momentum=0.1, affine=True, track_running_stats=True)
      (relu): MinkowskiReLU()
    )
  )
  (convtr5p8s2): MinkowskiConvolutionTranspose(in=256, out=128, kernel_size=[2, 2, 2], stride=[2, 2, 2], dilation=[1, 1, 1])
  (bntr5): MinkowskiBatchNorm(128, eps=1e-05, momentum=0.02, affine=True, track_running_stats=True)
  (block6): Sequential(
    (0): BasicBlock(
      (conv1): MinkowskiConvolution(in=192, out=128, kernel_size=[3, 3, 3], stride=[1, 1, 1], dilation=[1, 1, 1])
      (norm1): MinkowskiBatchNorm(128, eps=1e-05, momentum=0.1, affine=True, track_running_stats=True)
      (conv2): MinkowskiConvolution(in=128, out=128, kernel_size=[3, 3, 3], stride=[1, 1, 1], dilation=[1, 1, 1])
      (norm2): MinkowskiBatchNorm(128, eps=1e-05, momentum=0.1, affine=True, track_running_stats=True)
      (relu): MinkowskiReLU()
      (downsample): Sequential(
        (0): MinkowskiConvolution(in=192, out=128, kernel_size=[1, 1, 1], stride=[1, 1, 1], dilation=[1, 1, 1])
        (1): MinkowskiBatchNorm(128, eps=1e-05, momentum=0.02, affine=True, track_running_stats=True)
      )
    )
    (1): BasicBlock(
      (conv1): MinkowskiConvolution(in=128, out=128, kernel_size=[3, 3, 3], stride=[1, 1, 1], dilation=[1, 1, 1])
      (norm1): MinkowskiBatchNorm(128, eps=1e-05, momentum=0.1, affine=True, track_running_stats=True)
      (conv2): MinkowskiConvolution(in=128, out=128, kernel_size=[3, 3, 3], stride=[1, 1, 1], dilation=[1, 1, 1])
      (norm2): MinkowskiBatchNorm(128, eps=1e-05, momentum=0.1, affine=True, track_running_stats=True)
      (relu): MinkowskiReLU()
    )
  )
  (convtr6p4s2): MinkowskiConvolutionTranspose(in=128, out=96, kernel_size=[2, 2, 2], stride=[2, 2, 2], dilation=[1, 1, 1])
  (bntr6): MinkowskiBatchNorm(96, eps=1e-05, momentum=0.02, affine=True, track_running_stats=True)
  (block7): Sequential(
    (0): BasicBlock(
      (conv1): MinkowskiConvolution(in=128, out=96, kernel_size=[3, 3, 3], stride=[1, 1, 1], dilation=[1, 1, 1])
      (norm1): MinkowskiBatchNorm(96, eps=1e-05, momentum=0.1, affine=True, track_running_stats=True)
      (conv2): MinkowskiConvolution(in=96, out=96, kernel_size=[3, 3, 3], stride=[1, 1, 1], dilation=[1, 1, 1])
      (norm2): MinkowskiBatchNorm(96, eps=1e-05, momentum=0.1, affine=True, track_running_stats=True)
      (relu): MinkowskiReLU()
      (downsample): Sequential(
        (0): MinkowskiConvolution(in=128, out=96, kernel_size=[1, 1, 1], stride=[1, 1, 1], dilation=[1, 1, 1])
        (1): MinkowskiBatchNorm(96, eps=1e-05, momentum=0.02, affine=True, track_running_stats=True)
      )
    )
    (1): BasicBlock(
      (conv1): MinkowskiConvolution(in=96, out=96, kernel_size=[3, 3, 3], stride=[1, 1, 1], dilation=[1, 1, 1])
      (norm1): MinkowskiBatchNorm(96, eps=1e-05, momentum=0.1, affine=True, track_running_stats=True)
      (conv2): MinkowskiConvolution(in=96, out=96, kernel_size=[3, 3, 3], stride=[1, 1, 1], dilation=[1, 1, 1])
      (norm2): MinkowskiBatchNorm(96, eps=1e-05, momentum=0.1, affine=True, track_running_stats=True)
      (relu): MinkowskiReLU()
    )
  )
  (convtr7p2s2): MinkowskiConvolutionTranspose(in=96, out=96, kernel_size=[2, 2, 2], stride=[2, 2, 2], dilation=[1, 1, 1])
  (bntr7): MinkowskiBatchNorm(96, eps=1e-05, momentum=0.02, affine=True, track_running_stats=True)
  (block8): Sequential(
    (0): BasicBlock(
      (conv1): MinkowskiConvolution(in=128, out=96, kernel_size=[3, 3, 3], stride=[1, 1, 1], dilation=[1, 1, 1])
      (norm1): MinkowskiBatchNorm(96, eps=1e-05, momentum=0.1, affine=True, track_running_stats=True)
      (conv2): MinkowskiConvolution(in=96, out=96, kernel_size=[3, 3, 3], stride=[1, 1, 1], dilation=[1, 1, 1])
      (norm2): MinkowskiBatchNorm(96, eps=1e-05, momentum=0.1, affine=True, track_running_stats=True)
      (relu): MinkowskiReLU()
      (downsample): Sequential(
        (0): MinkowskiConvolution(in=128, out=96, kernel_size=[1, 1, 1], stride=[1, 1, 1], dilation=[1, 1, 1])
        (1): MinkowskiBatchNorm(96, eps=1e-05, momentum=0.02, affine=True, track_running_stats=True)
      )
    )
    (1): BasicBlock(
      (conv1): MinkowskiConvolution(in=96, out=96, kernel_size=[3, 3, 3], stride=[1, 1, 1], dilation=[1, 1, 1])
      (norm1): MinkowskiBatchNorm(96, eps=1e-05, momentum=0.1, affine=True, track_running_stats=True)
      (conv2): MinkowskiConvolution(in=96, out=96, kernel_size=[3, 3, 3], stride=[1, 1, 1], dilation=[1, 1, 1])
      (norm2): MinkowskiBatchNorm(96, eps=1e-05, momentum=0.1, affine=True, track_running_stats=True)
      (relu): MinkowskiReLU()
    )
  )
  (final): MinkowskiConvolution(in=96, out=20, kernel_size=[1, 1, 1], stride=[1, 1, 1], dilation=[1, 1, 1])
  (relu): MinkowskiReLU()
)
wandb: Currently logged in as: tb5zhh (use `wandb login --relogin` to force relogin)
wandb: wandb version 0.12.6 is available!  To upgrade, please run:
wandb:  $ pip install wandb --upgrade
wandb: Tracking run with wandb version 0.12.4
wandb: Syncing run blooming-sky-224
wandb:  View project at https://wandb.ai/tb5zhh/3dsp
wandb:  View run at https://wandb.ai/tb5zhh/3dsp/runs/30gp40ro
wandb: Run data is saved locally in /home/aidrive/tb5zhh/3DScanSeg/wandb/run-20211109_004629-30gp40ro
wandb: Run `wandb offline` to turn off syncing.

[34m[1mwandb[0m: [33mWARNING[0m Calling run.save without any arguments is deprecated.Changes to attributes are automatically persisted.
[2021-11-09 00:46:40][root	][INFO	] Loading ScannetVoxelization2cmDataset: scannetv2_train.txt
[2021-11-09 00:46:40][root	][INFO	] Loading ScannetVoxelization2cmtestDataset: scannetv2_val.txt
[2021-11-09 00:46:40][__main__	][INFO	] Dataloader setup done
[2021-11-09 00:46:40][__main__	][INFO	] My rank : 0 / 1
[2021-11-09 00:46:40][__main__	][INFO	] Start training
[2021-11-09 00:46:50][__main__	][INFO	] TRAIN at global step #1 Epoch #1 Step #1 / 151: loss:3.3632, precision: 0.4636
[2021-11-09 00:46:53][__main__	][INFO	] TRAIN at global step #2 Epoch #1 Step #2 / 151: loss:2.8944, precision: 0.6454
[2021-11-09 00:46:57][__main__	][INFO	] TRAIN at global step #3 Epoch #1 Step #3 / 151: loss:2.3283, precision: 20.0151
[2021-11-09 00:47:00][__main__	][INFO	] TRAIN at global step #4 Epoch #1 Step #4 / 151: loss:2.3721, precision: 17.4809
[2021-11-09 00:47:03][__main__	][INFO	] TRAIN at global step #5 Epoch #1 Step #5 / 151: loss:2.2985, precision: 20.2111
[2021-11-09 00:47:06][__main__	][INFO	] TRAIN at global step #6 Epoch #1 Step #6 / 151: loss:2.1513, precision: 19.6393
[2021-11-09 00:47:10][__main__	][INFO	] TRAIN at global step #7 Epoch #1 Step #7 / 151: loss:2.4328, precision: 18.0465
[2021-11-09 00:47:13][__main__	][INFO	] TRAIN at global step #8 Epoch #1 Step #8 / 151: loss:2.3489, precision: 16.4584
[2021-11-09 00:47:16][__main__	][INFO	] TRAIN at global step #9 Epoch #1 Step #9 / 151: loss:1.6789, precision: 23.4773
[2021-11-09 00:47:21][__main__	][INFO	] TRAIN at global step #10 Epoch #1 Step #10 / 151: loss:1.7554, precision: 22.3019
[2021-11-09 00:47:25][__main__	][INFO	] TRAIN at global step #11 Epoch #1 Step #11 / 151: loss:2.0313, precision: 16.7544
[2021-11-09 00:47:28][__main__	][INFO	] TRAIN at global step #12 Epoch #1 Step #12 / 151: loss:1.9044, precision: 20.2739
[2021-11-09 00:47:32][__main__	][INFO	] TRAIN at global step #13 Epoch #1 Step #13 / 151: loss:1.9490, precision: 19.4978
[2021-11-09 00:47:35][__main__	][INFO	] TRAIN at global step #14 Epoch #1 Step #14 / 151: loss:1.5651, precision: 25.5903
[2021-11-09 00:47:38][__main__	][INFO	] TRAIN at global step #15 Epoch #1 Step #15 / 151: loss:1.8630, precision: 21.1819
[2021-11-09 00:47:42][__main__	][INFO	] TRAIN at global step #16 Epoch #1 Step #16 / 151: loss:1.7606, precision: 22.4580
[2021-11-09 00:47:45][__main__	][INFO	] TRAIN at global step #17 Epoch #1 Step #17 / 151: loss:1.5035, precision: 25.3129
[2021-11-09 00:47:49][__main__	][INFO	] TRAIN at global step #18 Epoch #1 Step #18 / 151: loss:1.7493, precision: 22.0438
[2021-11-09 00:47:53][__main__	][INFO	] TRAIN at global step #19 Epoch #1 Step #19 / 151: loss:1.8277, precision: 22.2256
[2021-11-09 00:47:56][__main__	][INFO	] TRAIN at global step #20 Epoch #1 Step #20 / 151: loss:1.9737, precision: 19.0341
[2021-11-09 00:47:59][__main__	][INFO	] TRAIN at global step #21 Epoch #1 Step #21 / 151: loss:1.9752, precision: 20.5460
[2021-11-09 00:48:02][__main__	][INFO	] TRAIN at global step #22 Epoch #1 Step #22 / 151: loss:1.6827, precision: 21.7542
[2021-11-09 00:48:06][__main__	][INFO	] TRAIN at global step #23 Epoch #1 Step #23 / 151: loss:2.0556, precision: 17.6125
[2021-11-09 00:48:09][__main__	][INFO	] TRAIN at global step #24 Epoch #1 Step #24 / 151: loss:1.5180, precision: 23.5623
[2021-11-09 00:48:12][__main__	][INFO	] TRAIN at global step #25 Epoch #1 Step #25 / 151: loss:1.5259, precision: 25.6480
[2021-11-09 00:48:15][__main__	][INFO	] TRAIN at global step #26 Epoch #1 Step #26 / 151: loss:1.5465, precision: 24.3508
[2021-11-09 00:48:19][__main__	][INFO	] TRAIN at global step #27 Epoch #1 Step #27 / 151: loss:1.6260, precision: 22.6752
[2021-11-09 00:48:21][__main__	][INFO	] TRAIN at global step #28 Epoch #1 Step #28 / 151: loss:1.8107, precision: 22.1577
[2021-11-09 00:48:25][__main__	][INFO	] TRAIN at global step #29 Epoch #1 Step #29 / 151: loss:1.6701, precision: 21.5569
[2021-11-09 00:48:28][__main__	][INFO	] TRAIN at global step #30 Epoch #1 Step #30 / 151: loss:1.6413, precision: 22.1696
[2021-11-09 00:48:32][__main__	][INFO	] TRAIN at global step #31 Epoch #1 Step #31 / 151: loss:1.5972, precision: 21.9504
[2021-11-09 00:48:34][__main__	][INFO	] TRAIN at global step #32 Epoch #1 Step #32 / 151: loss:1.7704, precision: 22.9787
[2021-11-09 00:48:37][__main__	][INFO	] TRAIN at global step #33 Epoch #1 Step #33 / 151: loss:1.7071, precision: 23.5744
[2021-11-09 00:48:41][__main__	][INFO	] TRAIN at global step #34 Epoch #1 Step #34 / 151: loss:1.8820, precision: 18.1440
[2021-11-09 00:48:44][__main__	][INFO	] TRAIN at global step #35 Epoch #1 Step #35 / 151: loss:1.5587, precision: 24.5641
[2021-11-09 00:48:48][__main__	][INFO	] TRAIN at global step #36 Epoch #1 Step #36 / 151: loss:1.5355, precision: 23.6836
[2021-11-09 00:48:52][__main__	][INFO	] TRAIN at global step #37 Epoch #1 Step #37 / 151: loss:1.7148, precision: 21.3454
[2021-11-09 00:48:54][__main__	][INFO	] TRAIN at global step #38 Epoch #1 Step #38 / 151: loss:1.7835, precision: 20.1668
[2021-11-09 00:48:57][__main__	][INFO	] TRAIN at global step #39 Epoch #1 Step #39 / 151: loss:1.2670, precision: 29.6234
[2021-11-09 00:49:01][__main__	][INFO	] TRAIN at global step #40 Epoch #1 Step #40 / 151: loss:1.7215, precision: 19.7538
[2021-11-09 00:49:04][__main__	][INFO	] TRAIN at global step #41 Epoch #1 Step #41 / 151: loss:1.5132, precision: 26.6143
[2021-11-09 00:49:08][__main__	][INFO	] TRAIN at global step #42 Epoch #1 Step #42 / 151: loss:1.7420, precision: 22.7595
[2021-11-09 00:49:11][__main__	][INFO	] TRAIN at global step #43 Epoch #1 Step #43 / 151: loss:1.4119, precision: 27.4193
[2021-11-09 00:49:15][__main__	][INFO	] TRAIN at global step #44 Epoch #1 Step #44 / 151: loss:1.7900, precision: 21.4772
[2021-11-09 00:49:17][__main__	][INFO	] TRAIN at global step #45 Epoch #1 Step #45 / 151: loss:1.9058, precision: 18.7189
[2021-11-09 00:49:21][__main__	][INFO	] TRAIN at global step #46 Epoch #1 Step #46 / 151: loss:1.7572, precision: 19.1999
[2021-11-09 00:49:25][__main__	][INFO	] TRAIN at global step #47 Epoch #1 Step #47 / 151: loss:1.7462, precision: 18.8004
[2021-11-09 00:49:29][__main__	][INFO	] TRAIN at global step #48 Epoch #1 Step #48 / 151: loss:1.5554, precision: 22.1628
[2021-11-09 00:49:32][__main__	][INFO	] TRAIN at global step #49 Epoch #1 Step #49 / 151: loss:1.4630, precision: 27.1126
[2021-11-09 00:49:36][__main__	][INFO	] TRAIN at global step #50 Epoch #1 Step #50 / 151: loss:1.7212, precision: 21.1673
[2021-11-09 00:49:39][__main__	][INFO	] TRAIN at global step #51 Epoch #1 Step #51 / 151: loss:1.3691, precision: 27.7468
[2021-11-09 00:49:41][__main__	][INFO	] TRAIN at global step #52 Epoch #1 Step #52 / 151: loss:1.3589, precision: 26.0645
[2021-11-09 00:49:44][__main__	][INFO	] TRAIN at global step #53 Epoch #1 Step #53 / 151: loss:1.7508, precision: 20.5600
[2021-11-09 00:49:47][__main__	][INFO	] TRAIN at global step #54 Epoch #1 Step #54 / 151: loss:1.7273, precision: 21.1755
[2021-11-09 00:49:51][__main__	][INFO	] TRAIN at global step #55 Epoch #1 Step #55 / 151: loss:1.4784, precision: 25.7006
[2021-11-09 00:49:55][__main__	][INFO	] TRAIN at global step #56 Epoch #1 Step #56 / 151: loss:1.7624, precision: 20.0215
[2021-11-09 00:49:59][__main__	][INFO	] TRAIN at global step #57 Epoch #1 Step #57 / 151: loss:1.4294, precision: 26.6290
[2021-11-09 00:50:02][__main__	][INFO	] TRAIN at global step #58 Epoch #1 Step #58 / 151: loss:1.8322, precision: 19.6300
[2021-11-09 00:50:05][__main__	][INFO	] TRAIN at global step #59 Epoch #1 Step #59 / 151: loss:1.2610, precision: 27.9454
[2021-11-09 00:50:07][__main__	][INFO	] TRAIN at global step #60 Epoch #1 Step #60 / 151: loss:1.2715, precision: 27.2639
[2021-11-09 00:50:10][__main__	][INFO	] TRAIN at global step #61 Epoch #1 Step #61 / 151: loss:1.2697, precision: 28.4631
[2021-11-09 00:50:13][__main__	][INFO	] TRAIN at global step #62 Epoch #1 Step #62 / 151: loss:1.6429, precision: 23.5500
[2021-11-09 00:50:17][__main__	][INFO	] TRAIN at global step #63 Epoch #1 Step #63 / 151: loss:1.6181, precision: 24.3295
[2021-11-09 00:50:21][__main__	][INFO	] TRAIN at global step #64 Epoch #1 Step #64 / 151: loss:1.6981, precision: 19.8697
[2021-11-09 00:50:24][__main__	][INFO	] TRAIN at global step #65 Epoch #1 Step #65 / 151: loss:1.5066, precision: 22.9878
[2021-11-09 00:50:27][__main__	][INFO	] TRAIN at global step #66 Epoch #1 Step #66 / 151: loss:1.1429, precision: 30.4832
[2021-11-09 00:50:30][__main__	][INFO	] TRAIN at global step #67 Epoch #1 Step #67 / 151: loss:1.4159, precision: 24.8263
[2021-11-09 00:50:33][__main__	][INFO	] TRAIN at global step #68 Epoch #1 Step #68 / 151: loss:2.0709, precision: 17.8282
[2021-11-09 00:50:35][__main__	][INFO	] TRAIN at global step #69 Epoch #1 Step #69 / 151: loss:1.5500, precision: 27.7473
[2021-11-09 00:50:39][__main__	][INFO	] TRAIN at global step #70 Epoch #1 Step #70 / 151: loss:1.4160, precision: 25.2749
[2021-11-09 00:50:43][__main__	][INFO	] TRAIN at global step #71 Epoch #1 Step #71 / 151: loss:1.7436, precision: 19.7274
[2021-11-09 00:50:47][__main__	][INFO	] TRAIN at global step #72 Epoch #1 Step #72 / 151: loss:1.5869, precision: 22.0770
[2021-11-09 00:50:49][__main__	][INFO	] TRAIN at global step #73 Epoch #1 Step #73 / 151: loss:1.7730, precision: 20.8332
[2021-11-09 00:50:54][__main__	][INFO	] TRAIN at global step #74 Epoch #1 Step #74 / 151: loss:1.5244, precision: 24.7494
[2021-11-09 00:50:56][__main__	][INFO	] TRAIN at global step #75 Epoch #1 Step #75 / 151: loss:1.4662, precision: 26.3182
[2021-11-09 00:51:00][__main__	][INFO	] TRAIN at global step #76 Epoch #1 Step #76 / 151: loss:1.6207, precision: 23.3508
[2021-11-09 00:51:03][__main__	][INFO	] TRAIN at global step #77 Epoch #1 Step #77 / 151: loss:1.5974, precision: 23.1690
[2021-11-09 00:51:06][__main__	][INFO	] TRAIN at global step #78 Epoch #1 Step #78 / 151: loss:1.6987, precision: 21.3127
[2021-11-09 00:51:10][__main__	][INFO	] TRAIN at global step #79 Epoch #1 Step #79 / 151: loss:1.7603, precision: 20.2684
[2021-11-09 00:51:13][__main__	][INFO	] TRAIN at global step #80 Epoch #1 Step #80 / 151: loss:1.6140, precision: 26.3757
[2021-11-09 00:51:16][__main__	][INFO	] TRAIN at global step #81 Epoch #1 Step #81 / 151: loss:1.4819, precision: 25.1144
[2021-11-09 00:51:19][__main__	][INFO	] TRAIN at global step #82 Epoch #1 Step #82 / 151: loss:1.8633, precision: 18.4341
[2021-11-09 00:51:23][__main__	][INFO	] TRAIN at global step #83 Epoch #1 Step #83 / 151: loss:1.4709, precision: 25.6583
[2021-11-09 00:51:25][__main__	][INFO	] TRAIN at global step #84 Epoch #1 Step #84 / 151: loss:1.5976, precision: 23.5589
[2021-11-09 00:51:30][__main__	][INFO	] TRAIN at global step #85 Epoch #1 Step #85 / 151: loss:1.6320, precision: 23.0921
[2021-11-09 00:51:32][__main__	][INFO	] TRAIN at global step #86 Epoch #1 Step #86 / 151: loss:1.3650, precision: 30.5974
[2021-11-09 00:51:36][__main__	][INFO	] TRAIN at global step #87 Epoch #1 Step #87 / 151: loss:1.5930, precision: 20.9363
[2021-11-09 00:51:40][__main__	][INFO	] TRAIN at global step #88 Epoch #1 Step #88 / 151: loss:1.5702, precision: 23.8674
[2021-11-09 00:51:43][__main__	][INFO	] TRAIN at global step #89 Epoch #1 Step #89 / 151: loss:1.9371, precision: 18.3793
[2021-11-09 00:51:46][__main__	][INFO	] TRAIN at global step #90 Epoch #1 Step #90 / 151: loss:1.3501, precision: 24.6927
[2021-11-09 00:51:51][__main__	][INFO	] TRAIN at global step #91 Epoch #1 Step #91 / 151: loss:1.5725, precision: 23.3728
[2021-11-09 00:51:55][__main__	][INFO	] TRAIN at global step #92 Epoch #1 Step #92 / 151: loss:1.8676, precision: 14.9544
[2021-11-09 00:51:58][__main__	][INFO	] TRAIN at global step #93 Epoch #1 Step #93 / 151: loss:1.4126, precision: 27.6042
[2021-11-09 00:52:03][__main__	][INFO	] TRAIN at global step #94 Epoch #1 Step #94 / 151: loss:1.5074, precision: 24.3470
[2021-11-09 00:52:06][__main__	][INFO	] TRAIN at global step #95 Epoch #1 Step #95 / 151: loss:1.3258, precision: 28.7032
[2021-11-09 00:52:09][__main__	][INFO	] TRAIN at global step #96 Epoch #1 Step #96 / 151: loss:1.6774, precision: 22.3685
[2021-11-09 00:52:11][__main__	][INFO	] TRAIN at global step #97 Epoch #1 Step #97 / 151: loss:1.4401, precision: 25.5580
[2021-11-09 00:52:15][__main__	][INFO	] TRAIN at global step #98 Epoch #1 Step #98 / 151: loss:1.4520, precision: 23.9537
[2021-11-09 00:52:20][__main__	][INFO	] TRAIN at global step #99 Epoch #1 Step #99 / 151: loss:1.3141, precision: 25.7400
[2021-11-09 00:52:23][__main__	][INFO	] TRAIN at global step #100 Epoch #1 Step #100 / 151: loss:1.4634, precision: 23.3758
[2021-11-09 00:52:26][__main__	][INFO	] TRAIN at global step #101 Epoch #1 Step #101 / 151: loss:1.6971, precision: 21.8799
[2021-11-09 00:52:29][__main__	][INFO	] TRAIN at global step #102 Epoch #1 Step #102 / 151: loss:1.4911, precision: 24.2988
[2021-11-09 00:52:32][__main__	][INFO	] TRAIN at global step #103 Epoch #1 Step #103 / 151: loss:1.3337, precision: 28.6536
[2021-11-09 00:52:35][__main__	][INFO	] TRAIN at global step #104 Epoch #1 Step #104 / 151: loss:1.8367, precision: 17.2873
[2021-11-09 00:52:38][__main__	][INFO	] TRAIN at global step #105 Epoch #1 Step #105 / 151: loss:1.5415, precision: 21.8717
[2021-11-09 00:52:41][__main__	][INFO	] TRAIN at global step #106 Epoch #1 Step #106 / 151: loss:1.5062, precision: 24.3922
[2021-11-09 00:52:44][__main__	][INFO	] TRAIN at global step #107 Epoch #1 Step #107 / 151: loss:1.6050, precision: 20.2926
[2021-11-09 00:52:47][__main__	][INFO	] TRAIN at global step #108 Epoch #1 Step #108 / 151: loss:1.4957, precision: 24.0522
[2021-11-09 00:52:50][__main__	][INFO	] TRAIN at global step #109 Epoch #1 Step #109 / 151: loss:1.6619, precision: 23.5736
[2021-11-09 00:52:53][__main__	][INFO	] TRAIN at global step #110 Epoch #1 Step #110 / 151: loss:1.4945, precision: 26.4593
[2021-11-09 00:52:56][__main__	][INFO	] TRAIN at global step #111 Epoch #1 Step #111 / 151: loss:1.6957, precision: 20.6013
[2021-11-09 00:52:59][__main__	][INFO	] TRAIN at global step #112 Epoch #1 Step #112 / 151: loss:2.1231, precision: 14.7275
[2021-11-09 00:53:02][__main__	][INFO	] TRAIN at global step #113 Epoch #1 Step #113 / 151: loss:1.7146, precision: 22.2761
[2021-11-09 00:53:06][__main__	][INFO	] TRAIN at global step #114 Epoch #1 Step #114 / 151: loss:1.6435, precision: 23.0094
[2021-11-09 00:53:09][__main__	][INFO	] TRAIN at global step #115 Epoch #1 Step #115 / 151: loss:1.4781, precision: 25.3824
[2021-11-09 00:53:11][__main__	][INFO	] TRAIN at global step #116 Epoch #1 Step #116 / 151: loss:1.6284, precision: 25.3484
[2021-11-09 00:53:15][__main__	][INFO	] TRAIN at global step #117 Epoch #1 Step #117 / 151: loss:1.6208, precision: 21.1222
[2021-11-09 00:53:18][__main__	][INFO	] TRAIN at global step #118 Epoch #1 Step #118 / 151: loss:1.5632, precision: 24.2650
[2021-11-09 00:53:20][__main__	][INFO	] TRAIN at global step #119 Epoch #1 Step #119 / 151: loss:1.4426, precision: 26.3358
[2021-11-09 00:53:24][__main__	][INFO	] TRAIN at global step #120 Epoch #1 Step #120 / 151: loss:1.4836, precision: 23.8186
[2021-11-09 00:53:28][__main__	][INFO	] TRAIN at global step #121 Epoch #1 Step #121 / 151: loss:1.3515, precision: 24.9096
[2021-11-09 00:53:31][__main__	][INFO	] TRAIN at global step #122 Epoch #1 Step #122 / 151: loss:1.8371, precision: 17.3318
[2021-11-09 00:53:34][__main__	][INFO	] TRAIN at global step #123 Epoch #1 Step #123 / 151: loss:1.4124, precision: 25.6791
[2021-11-09 00:53:38][__main__	][INFO	] TRAIN at global step #124 Epoch #1 Step #124 / 151: loss:1.6685, precision: 18.9265
[2021-11-09 00:53:41][__main__	][INFO	] TRAIN at global step #125 Epoch #1 Step #125 / 151: loss:1.3068, precision: 28.4475
[2021-11-09 00:53:44][__main__	][INFO	] TRAIN at global step #126 Epoch #1 Step #126 / 151: loss:1.6294, precision: 22.0281
[2021-11-09 00:53:47][__main__	][INFO	] TRAIN at global step #127 Epoch #1 Step #127 / 151: loss:1.5245, precision: 22.6231
[2021-11-09 00:53:50][__main__	][INFO	] TRAIN at global step #128 Epoch #1 Step #128 / 151: loss:1.5929, precision: 25.3020
[2021-11-09 00:53:53][__main__	][INFO	] TRAIN at global step #129 Epoch #1 Step #129 / 151: loss:1.6421, precision: 22.5221
[2021-11-09 00:53:56][__main__	][INFO	] TRAIN at global step #130 Epoch #1 Step #130 / 151: loss:1.3826, precision: 26.1272
[2021-11-09 00:53:59][__main__	][INFO	] TRAIN at global step #131 Epoch #1 Step #131 / 151: loss:1.7380, precision: 21.3079
[2021-11-09 00:54:02][__main__	][INFO	] TRAIN at global step #132 Epoch #1 Step #132 / 151: loss:1.4340, precision: 25.1773
[2021-11-09 00:54:05][__main__	][INFO	] TRAIN at global step #133 Epoch #1 Step #133 / 151: loss:1.5739, precision: 21.7067
[2021-11-09 00:54:08][__main__	][INFO	] TRAIN at global step #134 Epoch #1 Step #134 / 151: loss:1.4041, precision: 27.0017
[2021-11-09 00:54:11][__main__	][INFO	] TRAIN at global step #135 Epoch #1 Step #135 / 151: loss:1.6839, precision: 20.0401
[2021-11-09 00:54:15][__main__	][INFO	] TRAIN at global step #136 Epoch #1 Step #136 / 151: loss:1.7521, precision: 18.0649
[2021-11-09 00:54:18][__main__	][INFO	] TRAIN at global step #137 Epoch #1 Step #137 / 151: loss:1.5993, precision: 20.6125
[2021-11-09 00:54:21][__main__	][INFO	] TRAIN at global step #138 Epoch #1 Step #138 / 151: loss:1.5383, precision: 20.7211
[2021-11-09 00:54:23][__main__	][INFO	] TRAIN at global step #139 Epoch #1 Step #139 / 151: loss:1.4717, precision: 26.4781
[2021-11-09 00:54:26][__main__	][INFO	] TRAIN at global step #140 Epoch #1 Step #140 / 151: loss:1.5236, precision: 25.8522
[2021-11-09 00:54:30][__main__	][INFO	] TRAIN at global step #141 Epoch #1 Step #141 / 151: loss:1.6319, precision: 22.1204
[2021-11-09 00:54:34][__main__	][INFO	] TRAIN at global step #142 Epoch #1 Step #142 / 151: loss:1.7261, precision: 18.4112
[2021-11-09 00:54:37][__main__	][INFO	] TRAIN at global step #143 Epoch #1 Step #143 / 151: loss:1.6738, precision: 21.6735
[2021-11-09 00:54:41][__main__	][INFO	] TRAIN at global step #144 Epoch #1 Step #144 / 151: loss:1.4867, precision: 22.4492
[2021-11-09 00:54:45][__main__	][INFO	] TRAIN at global step #145 Epoch #1 Step #145 / 151: loss:1.5097, precision: 23.7978
[2021-11-09 00:54:48][__main__	][INFO	] TRAIN at global step #146 Epoch #1 Step #146 / 151: loss:1.3731, precision: 25.0670
[2021-11-09 00:54:50][__main__	][INFO	] TRAIN at global step #147 Epoch #1 Step #147 / 151: loss:1.6320, precision: 20.5310
[2021-11-09 00:54:52][__main__	][INFO	] TRAIN at global step #148 Epoch #1 Step #148 / 151: loss:1.3257, precision: 26.9822
[2021-11-09 00:54:55][__main__	][INFO	] TRAIN at global step #149 Epoch #1 Step #149 / 151: loss:1.6348, precision: 22.4611
[2021-11-09 00:54:58][__main__	][INFO	] TRAIN at global step #150 Epoch #1 Step #150 / 151: loss:1.5849, precision: 22.8234
[2021-11-09 00:55:04][__main__	][INFO	] ---> inference #0 of 39 loss: 1.4432 iou: 0.0675
[2021-11-09 00:55:06][__main__	][INFO	] ---> inference #1 of 39 loss: 1.7846 iou: 0.0576
[2021-11-09 00:55:07][__main__	][INFO	] ---> inference #2 of 39 loss: 1.8567 iou: 0.0524
[2021-11-09 00:55:08][__main__	][INFO	] ---> inference #3 of 39 loss: 1.1788 iou: 0.0731
[2021-11-09 00:55:08][__main__	][INFO	] ---> inference #4 of 39 loss: 1.4175 iou: 0.0668
[2021-11-09 00:55:09][__main__	][INFO	] ---> inference #5 of 39 loss: 1.5159 iou: 0.0698
[2021-11-09 00:55:10][__main__	][INFO	] ---> inference #6 of 39 loss: 1.7869 iou: 0.0625
[2021-11-09 00:55:11][__main__	][INFO	] ---> inference #7 of 39 loss: 1.3374 iou: 0.0669
[2021-11-09 00:55:13][__main__	][INFO	] ---> inference #8 of 39 loss: 1.9249 iou: 0.0552
[2021-11-09 00:55:15][__main__	][INFO	] ---> inference #9 of 39 loss: 1.7123 iou: 0.0633
[2021-11-09 00:55:16][__main__	][INFO	] ---> inference #10 of 39 loss: 1.6093 iou: 0.0641
[2021-11-09 00:55:17][__main__	][INFO	] ---> inference #11 of 39 loss: 1.5980 iou: 0.0622
[2021-11-09 00:55:19][__main__	][INFO	] ---> inference #12 of 39 loss: 1.2014 iou: 0.0841
[2021-11-09 00:55:20][__main__	][INFO	] ---> inference #13 of 39 loss: 1.3912 iou: 0.0745
[2021-11-09 00:55:20][__main__	][INFO	] ---> inference #14 of 39 loss: 1.5710 iou: 0.0611
[2021-11-09 00:55:21][__main__	][INFO	] ---> inference #15 of 39 loss: 1.5296 iou: 0.0657
[2021-11-09 00:55:22][__main__	][INFO	] ---> inference #16 of 39 loss: 1.6891 iou: 0.0701
[2021-11-09 00:55:23][__main__	][INFO	] ---> inference #17 of 39 loss: 1.4127 iou: 0.0641
[2021-11-09 00:55:23][__main__	][INFO	] ---> inference #18 of 39 loss: 1.5445 iou: 0.0683
[2021-11-09 00:55:24][__main__	][INFO	] ---> inference #19 of 39 loss: 1.6665 iou: 0.0636
[2021-11-09 00:55:25][__main__	][INFO	] ---> inference #20 of 39 loss: 1.8287 iou: 0.0609
[2021-11-09 00:55:26][__main__	][INFO	] ---> inference #21 of 39 loss: 1.6138 iou: 0.0590
[2021-11-09 00:55:27][__main__	][INFO	] ---> inference #22 of 39 loss: 1.5586 iou: 0.0671
[2021-11-09 00:55:28][__main__	][INFO	] ---> inference #23 of 39 loss: 1.6562 iou: 0.0649
[2021-11-09 00:55:29][__main__	][INFO	] ---> inference #24 of 39 loss: 1.2382 iou: 0.0761
[2021-11-09 00:55:30][__main__	][INFO	] ---> inference #25 of 39 loss: 1.8686 iou: 0.0620
[2021-11-09 00:55:30][__main__	][INFO	] ---> inference #26 of 39 loss: 1.7490 iou: 0.0580
[2021-11-09 00:55:31][__main__	][INFO	] ---> inference #27 of 39 loss: 1.5223 iou: 0.0666
[2021-11-09 00:55:32][__main__	][INFO	] ---> inference #28 of 39 loss: 1.7013 iou: 0.0606
[2021-11-09 00:55:34][__main__	][INFO	] ---> inference #29 of 39 loss: 1.4624 iou: 0.0682
[2021-11-09 00:55:35][__main__	][INFO	] ---> inference #30 of 39 loss: 1.6563 iou: 0.0683
[2021-11-09 00:55:36][__main__	][INFO	] ---> inference #31 of 39 loss: 1.5645 iou: 0.0620
[2021-11-09 00:55:37][__main__	][INFO	] ---> inference #32 of 39 loss: 1.3935 iou: 0.0744
[2021-11-09 00:55:38][__main__	][INFO	] ---> inference #33 of 39 loss: 1.5374 iou: 0.0676
[2021-11-09 00:55:39][__main__	][INFO	] ---> inference #34 of 39 loss: 1.6814 iou: 0.0585
[2021-11-09 00:55:39][__main__	][INFO	] ---> inference #35 of 39 loss: 1.5454 iou: 0.0621
[2021-11-09 00:55:40][__main__	][INFO	] ---> inference #36 of 39 loss: 1.8712 iou: 0.0576
[2021-11-09 00:55:41][__main__	][INFO	] ---> inference #37 of 39 loss: 1.8712 iou: 0.0580
[2021-11-09 00:55:42][__main__	][INFO	] ---> inference #38 of 39 loss: 2.1164 iou: 0.0537
[2021-11-09 00:55:42][__main__	][INFO	] VAL   at global step #150: loss (avg): 1.6053, iou (avg): 0.0646
[2021-11-09 00:55:42][__main__	][INFO	] VAL   at global step #150: iou (cls#0): 0.5212
[2021-11-09 00:55:42][__main__	][INFO	] VAL   at global step #150: iou (cls#1): 0.6452
[2021-11-09 00:55:42][__main__	][INFO	] VAL   at global step #150: iou (cls#2): 0.0276
[2021-11-09 00:55:42][__main__	][INFO	] VAL   at global step #150: iou (cls#3): 0.0000
[2021-11-09 00:55:42][__main__	][INFO	] VAL   at global step #150: iou (cls#4): 0.0894
[2021-11-09 00:55:42][__main__	][INFO	] VAL   at global step #150: iou (cls#5): 0.0000
[2021-11-09 00:55:42][__main__	][INFO	] VAL   at global step #150: iou (cls#6): 0.0003
[2021-11-09 00:55:42][__main__	][INFO	] VAL   at global step #150: iou (cls#7): 0.0000
[2021-11-09 00:55:42][__main__	][INFO	] VAL   at global step #150: iou (cls#8): 0.0077
[2021-11-09 00:55:42][__main__	][INFO	] VAL   at global step #150: iou (cls#9): 0.0000
[2021-11-09 00:55:42][__main__	][INFO	] VAL   at global step #150: iou (cls#10): 0.0000
[2021-11-09 00:55:42][__main__	][INFO	] VAL   at global step #150: iou (cls#11): 0.0000
[2021-11-09 00:55:42][__main__	][INFO	] VAL   at global step #150: iou (cls#12): 0.0000
[2021-11-09 00:55:42][__main__	][INFO	] VAL   at global step #150: iou (cls#13): 0.0000
[2021-11-09 00:55:42][__main__	][INFO	] VAL   at global step #150: iou (cls#14): 0.0000
[2021-11-09 00:55:42][__main__	][INFO	] VAL   at global step #150: iou (cls#15): 0.0000
[2021-11-09 00:55:42][__main__	][INFO	] VAL   at global step #150: iou (cls#16): 0.0000
[2021-11-09 00:55:42][__main__	][INFO	] VAL   at global step #150: iou (cls#17): 0.0000
[2021-11-09 00:55:42][__main__	][INFO	] VAL   at global step #150: iou (cls#18): 0.0000
[2021-11-09 00:55:42][__main__	][INFO	] VAL   at global step #150: iou (cls#19): 0.0001
[2021-11-09 00:55:42][__main__	][INFO	] Better checkpoint saved
[2021-11-09 00:55:44][__main__	][INFO	] TRAIN at global step #151 Epoch #1 Step #151 / 151: loss:1.9365, precision: 16.2243
[2021-11-09 00:55:45][__main__	][INFO	] Checkpoint at epoch #0 saved
[2021-11-09 00:55:54][__main__	][INFO	] TRAIN at global step #152 Epoch #2 Step #1 / 151: loss:1.7319, precision: 19.3195
[2021-11-09 00:55:57][__main__	][INFO	] TRAIN at global step #153 Epoch #2 Step #2 / 151: loss:1.3961, precision: 25.2661
[2021-11-09 00:56:00][__main__	][INFO	] TRAIN at global step #154 Epoch #2 Step #3 / 151: loss:1.5824, precision: 25.7474
[2021-11-09 00:56:03][__main__	][INFO	] TRAIN at global step #155 Epoch #2 Step #4 / 151: loss:1.3622, precision: 22.7696
[2021-11-09 00:56:07][__main__	][INFO	] TRAIN at global step #156 Epoch #2 Step #5 / 151: loss:1.5048, precision: 24.9631
[2021-11-09 00:56:11][__main__	][INFO	] TRAIN at global step #157 Epoch #2 Step #6 / 151: loss:1.5643, precision: 24.2934
[2021-11-09 00:56:15][__main__	][INFO	] TRAIN at global step #158 Epoch #2 Step #7 / 151: loss:1.6023, precision: 20.9909
[2021-11-09 00:56:17][__main__	][INFO	] TRAIN at global step #159 Epoch #2 Step #8 / 151: loss:1.4992, precision: 24.1424
[2021-11-09 00:56:20][__main__	][INFO	] TRAIN at global step #160 Epoch #2 Step #9 / 151: loss:1.2349, precision: 29.7917
[2021-11-09 00:56:24][__main__	][INFO	] TRAIN at global step #161 Epoch #2 Step #10 / 151: loss:1.5139, precision: 22.4831
[2021-11-09 00:56:29][__main__	][INFO	] TRAIN at global step #162 Epoch #2 Step #11 / 151: loss:1.7210, precision: 18.1070
[2021-11-09 00:56:32][__main__	][INFO	] TRAIN at global step #163 Epoch #2 Step #12 / 151: loss:1.4697, precision: 23.6162
[2021-11-09 00:56:35][__main__	][INFO	] TRAIN at global step #164 Epoch #2 Step #13 / 151: loss:1.3120, precision: 25.3964
[2021-11-09 00:56:38][__main__	][INFO	] TRAIN at global step #165 Epoch #2 Step #14 / 151: loss:1.3703, precision: 25.9650
[2021-11-09 00:56:41][__main__	][INFO	] TRAIN at global step #166 Epoch #2 Step #15 / 151: loss:1.2774, precision: 26.5301
[2021-11-09 00:56:44][__main__	][INFO	] TRAIN at global step #167 Epoch #2 Step #16 / 151: loss:1.4970, precision: 23.4900
[2021-11-09 00:56:47][__main__	][INFO	] TRAIN at global step #168 Epoch #2 Step #17 / 151: loss:1.8832, precision: 19.6139
[2021-11-09 00:56:50][__main__	][INFO	] TRAIN at global step #169 Epoch #2 Step #18 / 151: loss:1.5203, precision: 21.8963
[2021-11-09 00:56:53][__main__	][INFO	] TRAIN at global step #170 Epoch #2 Step #19 / 151: loss:1.4180, precision: 26.6527
[2021-11-09 00:56:57][__main__	][INFO	] TRAIN at global step #171 Epoch #2 Step #20 / 151: loss:1.5845, precision: 22.4884
[2021-11-09 00:56:59][__main__	][INFO	] TRAIN at global step #172 Epoch #2 Step #21 / 151: loss:1.6609, precision: 20.5102
[2021-11-09 00:57:02][__main__	][INFO	] TRAIN at global step #173 Epoch #2 Step #22 / 151: loss:1.4798, precision: 25.4368
[2021-11-09 00:57:06][__main__	][INFO	] TRAIN at global step #174 Epoch #2 Step #23 / 151: loss:1.4906, precision: 23.1810
[2021-11-09 00:57:08][__main__	][INFO	] TRAIN at global step #175 Epoch #2 Step #24 / 151: loss:1.5383, precision: 23.0566
[2021-11-09 00:57:13][__main__	][INFO	] TRAIN at global step #176 Epoch #2 Step #25 / 151: loss:1.5086, precision: 23.3140
[2021-11-09 00:57:16][__main__	][INFO	] TRAIN at global step #177 Epoch #2 Step #26 / 151: loss:1.5719, precision: 22.5461
[2021-11-09 00:57:20][__main__	][INFO	] TRAIN at global step #178 Epoch #2 Step #27 / 151: loss:1.5122, precision: 22.4676
[2021-11-09 00:57:24][__main__	][INFO	] TRAIN at global step #179 Epoch #2 Step #28 / 151: loss:1.1989, precision: 28.6254
[2021-11-09 00:57:26][__main__	][INFO	] TRAIN at global step #180 Epoch #2 Step #29 / 151: loss:1.3719, precision: 28.0445
[2021-11-09 00:57:30][__main__	][INFO	] TRAIN at global step #181 Epoch #2 Step #30 / 151: loss:1.5773, precision: 22.4714
[2021-11-09 00:57:33][__main__	][INFO	] TRAIN at global step #182 Epoch #2 Step #31 / 151: loss:1.4981, precision: 23.4769
[2021-11-09 00:57:36][__main__	][INFO	] TRAIN at global step #183 Epoch #2 Step #32 / 151: loss:1.4875, precision: 23.6134
[2021-11-09 00:57:39][__main__	][INFO	] TRAIN at global step #184 Epoch #2 Step #33 / 151: loss:1.4528, precision: 24.0669
[2021-11-09 00:57:43][__main__	][INFO	] TRAIN at global step #185 Epoch #2 Step #34 / 151: loss:1.4202, precision: 19.6824
[2021-11-09 00:57:45][__main__	][INFO	] TRAIN at global step #186 Epoch #2 Step #35 / 151: loss:1.4211, precision: 22.5384
[2021-11-09 00:57:49][__main__	][INFO	] TRAIN at global step #187 Epoch #2 Step #36 / 151: loss:1.5504, precision: 24.0768
[2021-11-09 00:57:52][__main__	][INFO	] TRAIN at global step #188 Epoch #2 Step #37 / 151: loss:1.6760, precision: 18.5329
[2021-11-09 00:57:56][__main__	][INFO	] TRAIN at global step #189 Epoch #2 Step #38 / 151: loss:1.3183, precision: 25.7270
[2021-11-09 00:57:59][__main__	][INFO	] TRAIN at global step #190 Epoch #2 Step #39 / 151: loss:1.4055, precision: 22.3547
[2021-11-09 00:58:02][__main__	][INFO	] TRAIN at global step #191 Epoch #2 Step #40 / 151: loss:1.6811, precision: 21.0166
[2021-11-09 00:58:04][__main__	][INFO	] TRAIN at global step #192 Epoch #2 Step #41 / 151: loss:1.4395, precision: 25.2088
[2021-11-09 00:58:07][__main__	][INFO	] TRAIN at global step #193 Epoch #2 Step #42 / 151: loss:1.3772, precision: 23.5587
[2021-11-09 00:58:09][__main__	][INFO	] TRAIN at global step #194 Epoch #2 Step #43 / 151: loss:1.3607, precision: 27.7377
[2021-11-09 00:58:12][__main__	][INFO	] TRAIN at global step #195 Epoch #2 Step #44 / 151: loss:1.5126, precision: 23.0351
[2021-11-09 00:58:15][__main__	][INFO	] TRAIN at global step #196 Epoch #2 Step #45 / 151: loss:1.3655, precision: 23.3856
[2021-11-09 00:58:19][__main__	][INFO	] TRAIN at global step #197 Epoch #2 Step #46 / 151: loss:1.7898, precision: 19.7654
[2021-11-09 00:58:22][__main__	][INFO	] TRAIN at global step #198 Epoch #2 Step #47 / 151: loss:1.5104, precision: 24.3410
[2021-11-09 00:58:25][__main__	][INFO	] TRAIN at global step #199 Epoch #2 Step #48 / 151: loss:1.8395, precision: 19.0406
[2021-11-09 00:58:28][__main__	][INFO	] TRAIN at global step #200 Epoch #2 Step #49 / 151: loss:1.4999, precision: 21.5338
[2021-11-09 00:58:31][__main__	][INFO	] TRAIN at global step #201 Epoch #2 Step #50 / 151: loss:1.4143, precision: 23.7097
[2021-11-09 00:58:35][__main__	][INFO	] TRAIN at global step #202 Epoch #2 Step #51 / 151: loss:1.4611, precision: 20.5387
[2021-11-09 00:58:39][__main__	][INFO	] TRAIN at global step #203 Epoch #2 Step #52 / 151: loss:1.3273, precision: 24.1711
[2021-11-09 00:58:41][__main__	][INFO	] TRAIN at global step #204 Epoch #2 Step #53 / 151: loss:1.5678, precision: 24.0280
[2021-11-09 00:58:45][__main__	][INFO	] TRAIN at global step #205 Epoch #2 Step #54 / 151: loss:1.4194, precision: 23.0312
[2021-11-09 00:58:48][__main__	][INFO	] TRAIN at global step #206 Epoch #2 Step #55 / 151: loss:1.5339, precision: 23.3893
[2021-11-09 00:58:51][__main__	][INFO	] TRAIN at global step #207 Epoch #2 Step #56 / 151: loss:1.3589, precision: 24.5967
[2021-11-09 00:58:55][__main__	][INFO	] TRAIN at global step #208 Epoch #2 Step #57 / 151: loss:1.6738, precision: 20.2835
[2021-11-09 00:58:59][__main__	][INFO	] TRAIN at global step #209 Epoch #2 Step #58 / 151: loss:1.6038, precision: 19.9134
[2021-11-09 00:59:03][__main__	][INFO	] TRAIN at global step #210 Epoch #2 Step #59 / 151: loss:1.2889, precision: 26.2944
[2021-11-09 00:59:06][__main__	][INFO	] TRAIN at global step #211 Epoch #2 Step #60 / 151: loss:1.2738, precision: 25.9838
[2021-11-09 00:59:10][__main__	][INFO	] TRAIN at global step #212 Epoch #2 Step #61 / 151: loss:1.5962, precision: 21.1026
[2021-11-09 00:59:14][__main__	][INFO	] TRAIN at global step #213 Epoch #2 Step #62 / 151: loss:1.4591, precision: 21.4816
[2021-11-09 00:59:17][__main__	][INFO	] TRAIN at global step #214 Epoch #2 Step #63 / 151: loss:1.3537, precision: 25.0484
[2021-11-09 00:59:20][__main__	][INFO	] TRAIN at global step #215 Epoch #2 Step #64 / 151: loss:1.1829, precision: 27.9015
[2021-11-09 00:59:24][__main__	][INFO	] TRAIN at global step #216 Epoch #2 Step #65 / 151: loss:1.3093, precision: 26.5634
[2021-11-09 00:59:27][__main__	][INFO	] TRAIN at global step #217 Epoch #2 Step #66 / 151: loss:1.5174, precision: 20.8326
[2021-11-09 00:59:31][__main__	][INFO	] TRAIN at global step #218 Epoch #2 Step #67 / 151: loss:1.2254, precision: 24.8275
[2021-11-09 00:59:34][__main__	][INFO	] TRAIN at global step #219 Epoch #2 Step #68 / 151: loss:1.6792, precision: 20.2011
[2021-11-09 00:59:37][__main__	][INFO	] TRAIN at global step #220 Epoch #2 Step #69 / 151: loss:1.2499, precision: 25.5233
[2021-11-09 00:59:41][__main__	][INFO	] TRAIN at global step #221 Epoch #2 Step #70 / 151: loss:1.2484, precision: 24.7962
[2021-11-09 00:59:44][__main__	][INFO	] TRAIN at global step #222 Epoch #2 Step #71 / 151: loss:1.2714, precision: 27.3782
[2021-11-09 00:59:47][__main__	][INFO	] TRAIN at global step #223 Epoch #2 Step #72 / 151: loss:1.4176, precision: 24.5457
slurmstepd: error: *** JOB 919 ON air-node-01 CANCELLED AT 2021-11-09T00:59:49 ***
