/home/aidrive/tb5zhh/.conda/envs/tbw_3dscan/lib/python3.8/site-packages/MinkowskiEngine/__init__.py:36: UserWarning: The environment variable `OMP_NUM_THREADS` not set. MinkowskiEngine will automatically set `OMP_NUM_THREADS=16`. If you want to set `OMP_NUM_THREADS` manually, please export it on the command line before running a python script. e.g. `export OMP_NUM_THREADS=12; python your_program.py`. It is recommended to set it below 24.
  warnings.warn(
[2021-11-09 00:53:19][__main__	][INFO	] Run with 1 cpu
[2021-11-09 00:53:19][__main__	][INFO	] Running config
[2021-11-09 00:53:19][__main__	][INFO	] --->                          model: Res16UNet34C
[2021-11-09 00:53:19][__main__	][INFO	] --->              conv1_kernel_size: 5
[2021-11-09 00:53:19][__main__	][INFO	] --->                        weights: checkpoints/pretrain_20000.pth
[2021-11-09 00:53:19][__main__	][INFO	] --->                       weights1: /home/aidrive1/workspace/luoly/dataset/final/min_weights/LR/unc/1/512/checkpoint_NoneRes16UNet34Cbest_val.pth
[2021-11-09 00:53:19][__main__	][INFO	] --->                       weights2: /home/aidrive1/workspace/luoly/dataset/final/min_weights/LR/512/1/checkpoint_NoneRes16UNet34Cbest_val.pth
[2021-11-09 00:53:19][__main__	][INFO	] --->                       weights3: /home/aidrive1/workspace/luoly/dataset/final/min_weights/LR/1024/1/checkpoint_NoneRes16UNet34Cbest_val.pth
[2021-11-09 00:53:19][__main__	][INFO	] --->        weights_for_inner_model: False
[2021-11-09 00:53:19][__main__	][INFO	] --->                      dilations: [1, 1, 1, 1]
[2021-11-09 00:53:19][__main__	][INFO	] --->                   wrapper_type: None
[2021-11-09 00:53:19][__main__	][INFO	] --->            wrapper_region_type: 1
[2021-11-09 00:53:19][__main__	][INFO	] --->            wrapper_kernel_size: 3
[2021-11-09 00:53:19][__main__	][INFO	] --->                     wrapper_lr: 0.1
[2021-11-09 00:53:19][__main__	][INFO	] --->           meanfield_iterations: 10
[2021-11-09 00:53:19][__main__	][INFO	] --->              crf_spatial_sigma: 1
[2021-11-09 00:53:19][__main__	][INFO	] --->            crf_chromatic_sigma: 12
[2021-11-09 00:53:19][__main__	][INFO	] --->                      optimizer: SGD
[2021-11-09 00:53:19][__main__	][INFO	] --->                             lr: 0.1
[2021-11-09 00:53:19][__main__	][INFO	] --->                   sgd_momentum: 0.9
[2021-11-09 00:53:19][__main__	][INFO	] --->                  sgd_dampening: 0.1
[2021-11-09 00:53:19][__main__	][INFO	] --->                     adam_beta1: 0.9
[2021-11-09 00:53:19][__main__	][INFO	] --->                     adam_beta2: 0.999
[2021-11-09 00:53:19][__main__	][INFO	] --->                   weight_decay: 0.0001
[2021-11-09 00:53:19][__main__	][INFO	] --->           param_histogram_freq: 100
[2021-11-09 00:53:19][__main__	][INFO	] --->           save_param_histogram: False
[2021-11-09 00:53:19][__main__	][INFO	] --->                      iter_size: 1
[2021-11-09 00:53:19][__main__	][INFO	] --->                    bn_momentum: 0.02
[2021-11-09 00:53:19][__main__	][INFO	] --->                      scheduler: PolyLR
[2021-11-09 00:53:19][__main__	][INFO	] --->                       max_iter: 30000
[2021-11-09 00:53:19][__main__	][INFO	] --->                      step_size: 20000.0
[2021-11-09 00:53:19][__main__	][INFO	] --->                     step_gamma: 0.1
[2021-11-09 00:53:19][__main__	][INFO	] --->                     poly_power: 0.9
[2021-11-09 00:53:19][__main__	][INFO	] --->                      exp_gamma: 0.95
[2021-11-09 00:53:19][__main__	][INFO	] --->                  exp_step_size: 445
[2021-11-09 00:53:19][__main__	][INFO	] --->                        log_dir: log
[2021-11-09 00:53:19][__main__	][INFO	] --->                       data_dir: data
[2021-11-09 00:53:19][__main__	][INFO	] --->                        dataset: ScannetVoxelization2cmDataset
[2021-11-09 00:53:19][__main__	][INFO	] --->                    testdataset: ScannetVoxelization2cmtestDataset
[2021-11-09 00:53:19][__main__	][INFO	] --->              temporal_dilation: 30
[2021-11-09 00:53:19][__main__	][INFO	] --->                temporal_numseq: 3
[2021-11-09 00:53:19][__main__	][INFO	] --->                      point_lim: -1
[2021-11-09 00:53:19][__main__	][INFO	] --->                  pre_point_lim: -1
[2021-11-09 00:53:19][__main__	][INFO	] --->                     batch_size: 1
[2021-11-09 00:53:19][__main__	][INFO	] --->                test_batch_size: 1
[2021-11-09 00:53:19][__main__	][INFO	] --->                     cache_data: False
[2021-11-09 00:53:19][__main__	][INFO	] --->                    num_workers: 4
[2021-11-09 00:53:19][__main__	][INFO	] --->                num_val_workers: 1
[2021-11-09 00:53:19][__main__	][INFO	] --->                   ignore_label: 255
[2021-11-09 00:53:19][__main__	][INFO	] --->          return_transformation: False
[2021-11-09 00:53:19][__main__	][INFO	] --->         ignore_duplicate_class: False
[2021-11-09 00:53:19][__main__	][INFO	] --->                   partial_crop: 0.0
[2021-11-09 00:53:19][__main__	][INFO	] --->          train_limit_numpoints: 0
[2021-11-09 00:53:19][__main__	][INFO	] --->                   synthia_path: /home/chrischoy/datasets/Synthia/Synthia4D
[2021-11-09 00:53:19][__main__	][INFO	] --->            synthia_camera_path: /home/chrischoy/datasets/Synthia/%s/CameraParams/
[2021-11-09 00:53:19][__main__	][INFO	] --->  synthia_camera_intrinsic_file: intrinsics.txt
[2021-11-09 00:53:19][__main__	][INFO	] ---> synthia_camera_extrinsics_file: Stereo_Right/Omni_F/%s.txt
[2021-11-09 00:53:19][__main__	][INFO	] --->         temporal_rand_dilation: False
[2021-11-09 00:53:19][__main__	][INFO	] --->           temporal_rand_numseq: False
[2021-11-09 00:53:19][__main__	][INFO	] --->                   scannet_path: /home/aidrive/tb5zhh/data/200_fit_sdouble/train
[2021-11-09 00:53:19][__main__	][INFO	] --->              scannet_test_path: /home/aidrive/tb5zhh/data/full/train
[2021-11-09 00:53:19][__main__	][INFO	] --->                stanford3d_path: /home/chrischoy/datasets/Stanford3D
[2021-11-09 00:53:19][__main__	][INFO	] --->                       is_train: True
[2021-11-09 00:53:19][__main__	][INFO	] --->                      stat_freq: 40
[2021-11-09 00:53:19][__main__	][INFO	] --->                 test_stat_freq: 100
[2021-11-09 00:53:19][__main__	][INFO	] --->                test_stat_freq1: 312
[2021-11-09 00:53:19][__main__	][INFO	] --->                      save_freq: 1000
[2021-11-09 00:53:19][__main__	][INFO	] --->                       val_freq: 2
[2021-11-09 00:53:19][__main__	][INFO	] --->               empty_cache_freq: 1
[2021-11-09 00:53:19][__main__	][INFO	] --->                    train_phase: train
[2021-11-09 00:53:19][__main__	][INFO	] --->                      val_phase: val
[2021-11-09 00:53:19][__main__	][INFO	] --->              overwrite_weights: True
[2021-11-09 00:53:19][__main__	][INFO	] --->                         resume: None
[2021-11-09 00:53:19][__main__	][INFO	] --->               resume_optimizer: True
[2021-11-09 00:53:19][__main__	][INFO	] --->                  eval_upsample: False
[2021-11-09 00:53:19][__main__	][INFO	] --->         lenient_weight_loading: False
[2021-11-09 00:53:19][__main__	][INFO	] --->         distributed_world_size: 2
[2021-11-09 00:53:19][__main__	][INFO	] --->               distributed_rank: 0
[2021-11-09 00:53:19][__main__	][INFO	] --->            distributed_backend: nccl
[2021-11-09 00:53:19][__main__	][INFO	] --->        distributed_init_method: 
[2021-11-09 00:53:19][__main__	][INFO	] --->               distributed_port: 10010
[2021-11-09 00:53:19][__main__	][INFO	] --->                      device_id: 0
[2021-11-09 00:53:19][__main__	][INFO	] --->           distributed_no_spawn: True
[2021-11-09 00:53:19][__main__	][INFO	] --->                    ddp_backend: c10d
[2021-11-09 00:53:19][__main__	][INFO	] --->                  bucket_cap_mb: 25
[2021-11-09 00:53:19][__main__	][INFO	] --->                   use_feat_aug: True
[2021-11-09 00:53:19][__main__	][INFO	] --->     data_aug_color_trans_ratio: 0.1
[2021-11-09 00:53:19][__main__	][INFO	] --->      data_aug_color_jitter_std: 0.05
[2021-11-09 00:53:19][__main__	][INFO	] --->                normalize_color: True
[2021-11-09 00:53:19][__main__	][INFO	] --->             data_aug_scale_min: 0.9
[2021-11-09 00:53:19][__main__	][INFO	] --->             data_aug_scale_max: 1.1
[2021-11-09 00:53:19][__main__	][INFO	] --->               data_aug_hue_max: 0.5
[2021-11-09 00:53:19][__main__	][INFO	] --->        data_aug_saturation_max: 0.2
[2021-11-09 00:53:19][__main__	][INFO	] --->                      visualize: False
[2021-11-09 00:53:19][__main__	][INFO	] --->          test_temporal_average: False
[2021-11-09 00:53:19][__main__	][INFO	] --->                 visualize_path: outputs/visualize
[2021-11-09 00:53:19][__main__	][INFO	] --->                save_prediction: False
[2021-11-09 00:53:19][__main__	][INFO	] --->                  save_pred_dir: outputs/pred
[2021-11-09 00:53:19][__main__	][INFO	] --->                     test_phase: test
[2021-11-09 00:53:19][__main__	][INFO	] --->   evaluate_original_pointcloud: False
[2021-11-09 00:53:19][__main__	][INFO	] --->       test_original_pointcloud: False
[2021-11-09 00:53:19][__main__	][INFO	] --->                        is_cuda: True
[2021-11-09 00:53:19][__main__	][INFO	] --->                      load_path: 
[2021-11-09 00:53:19][__main__	][INFO	] --->                       log_step: 50
[2021-11-09 00:53:19][__main__	][INFO	] --->                      log_level: INFO
[2021-11-09 00:53:19][__main__	][INFO	] --->                        num_gpu: 1
[2021-11-09 00:53:19][__main__	][INFO	] --->                           seed: 42
[2021-11-09 00:53:19][__main__	][INFO	] --->                       run_name: finetune_mixture_sdouble_0.1_200_Res16UNet34C
[2021-11-09 00:53:19][__main__	][INFO	] --->                      unc_round: 20
[2021-11-09 00:53:19][__main__	][INFO	] --->                 unc_result_dir: /
[2021-11-09 00:53:19][__main__	][INFO	] --->                          wandb: True
[2021-11-09 00:53:19][__main__	][INFO	] --->                  train_dataset: ScannetVoxelization2cmDataset
[2021-11-09 00:53:19][__main__	][INFO	] --->                    val_dataset: ScannetVoxelization2cmtestDataset
[2021-11-09 00:53:19][__main__	][INFO	] --->                 checkpoint_dir: checkpoints
[2021-11-09 00:53:19][__main__	][INFO	] --->                     optim_step: 1
[2021-11-09 00:53:19][__main__	][INFO	] --->                  validate_step: 150
[2021-11-09 00:53:19][__main__	][INFO	] --->                    train_epoch: 20000
[2021-11-09 00:53:19][__main__	][INFO	] --->               train_batch_size: 8
[2021-11-09 00:53:19][__main__	][INFO	] --->                 val_batch_size: 8
[2021-11-09 00:53:19][__main__	][INFO	] --->                eval_result_dir: /
[2021-11-09 00:53:19][__main__	][INFO	] --->                  unc_stat_path: /
[2021-11-09 00:53:19][__main__	][INFO	] --->                     save_epoch: 1
[2021-11-09 00:53:19][__main__	][INFO	] --->                   ignore_index: 255
[2021-11-09 00:53:19][__main__	][INFO	] --->                       do_train: True
[2021-11-09 00:53:19][__main__	][INFO	] --->               do_unc_inference: False
[2021-11-09 00:53:19][__main__	][INFO	] --->                    do_unc_demo: False
[2021-11-09 00:53:19][__main__	][INFO	] --->                    unc_dataset: 
[2021-11-09 00:53:19][__main__	][INFO	] --->           do_verbose_inference: False
[2021-11-09 00:53:19][__main__	][INFO	] --->                  do_unc_render: False
[2021-11-09 00:53:27][__main__	][INFO	] Weights loaded from checkpoints/pretrain_20000.pth
[2021-11-09 00:53:27][__main__	][INFO	] Model setup done
[2021-11-09 00:53:27][__main__	][INFO	] 
Res16UNet34C(
  (conv0p1s1): MinkowskiConvolution(in=3, out=32, kernel_size=[5, 5, 5], stride=[1, 1, 1], dilation=[1, 1, 1])
  (bn0): MinkowskiBatchNorm(32, eps=1e-05, momentum=0.02, affine=True, track_running_stats=True)
  (conv1p1s2): MinkowskiConvolution(in=32, out=32, kernel_size=[2, 2, 2], stride=[2, 2, 2], dilation=[1, 1, 1])
  (bn1): MinkowskiBatchNorm(32, eps=1e-05, momentum=0.02, affine=True, track_running_stats=True)
  (block1): Sequential(
    (0): BasicBlock(
      (conv1): MinkowskiConvolution(in=32, out=32, kernel_size=[3, 3, 3], stride=[1, 1, 1], dilation=[1, 1, 1])
      (norm1): MinkowskiBatchNorm(32, eps=1e-05, momentum=0.1, affine=True, track_running_stats=True)
      (conv2): MinkowskiConvolution(in=32, out=32, kernel_size=[3, 3, 3], stride=[1, 1, 1], dilation=[1, 1, 1])
      (norm2): MinkowskiBatchNorm(32, eps=1e-05, momentum=0.1, affine=True, track_running_stats=True)
      (relu): MinkowskiReLU()
    )
    (1): BasicBlock(
      (conv1): MinkowskiConvolution(in=32, out=32, kernel_size=[3, 3, 3], stride=[1, 1, 1], dilation=[1, 1, 1])
      (norm1): MinkowskiBatchNorm(32, eps=1e-05, momentum=0.1, affine=True, track_running_stats=True)
      (conv2): MinkowskiConvolution(in=32, out=32, kernel_size=[3, 3, 3], stride=[1, 1, 1], dilation=[1, 1, 1])
      (norm2): MinkowskiBatchNorm(32, eps=1e-05, momentum=0.1, affine=True, track_running_stats=True)
      (relu): MinkowskiReLU()
    )
  )
  (conv2p2s2): MinkowskiConvolution(in=32, out=32, kernel_size=[2, 2, 2], stride=[2, 2, 2], dilation=[1, 1, 1])
  (bn2): MinkowskiBatchNorm(32, eps=1e-05, momentum=0.02, affine=True, track_running_stats=True)
  (block2): Sequential(
    (0): BasicBlock(
      (conv1): MinkowskiConvolution(in=32, out=64, kernel_size=[3, 3, 3], stride=[1, 1, 1], dilation=[1, 1, 1])
      (norm1): MinkowskiBatchNorm(64, eps=1e-05, momentum=0.1, affine=True, track_running_stats=True)
      (conv2): MinkowskiConvolution(in=64, out=64, kernel_size=[3, 3, 3], stride=[1, 1, 1], dilation=[1, 1, 1])
      (norm2): MinkowskiBatchNorm(64, eps=1e-05, momentum=0.1, affine=True, track_running_stats=True)
      (relu): MinkowskiReLU()
      (downsample): Sequential(
        (0): MinkowskiConvolution(in=32, out=64, kernel_size=[1, 1, 1], stride=[1, 1, 1], dilation=[1, 1, 1])
        (1): MinkowskiBatchNorm(64, eps=1e-05, momentum=0.02, affine=True, track_running_stats=True)
      )
    )
    (1): BasicBlock(
      (conv1): MinkowskiConvolution(in=64, out=64, kernel_size=[3, 3, 3], stride=[1, 1, 1], dilation=[1, 1, 1])
      (norm1): MinkowskiBatchNorm(64, eps=1e-05, momentum=0.1, affine=True, track_running_stats=True)
      (conv2): MinkowskiConvolution(in=64, out=64, kernel_size=[3, 3, 3], stride=[1, 1, 1], dilation=[1, 1, 1])
      (norm2): MinkowskiBatchNorm(64, eps=1e-05, momentum=0.1, affine=True, track_running_stats=True)
      (relu): MinkowskiReLU()
    )
    (2): BasicBlock(
      (conv1): MinkowskiConvolution(in=64, out=64, kernel_size=[3, 3, 3], stride=[1, 1, 1], dilation=[1, 1, 1])
      (norm1): MinkowskiBatchNorm(64, eps=1e-05, momentum=0.1, affine=True, track_running_stats=True)
      (conv2): MinkowskiConvolution(in=64, out=64, kernel_size=[3, 3, 3], stride=[1, 1, 1], dilation=[1, 1, 1])
      (norm2): MinkowskiBatchNorm(64, eps=1e-05, momentum=0.1, affine=True, track_running_stats=True)
      (relu): MinkowskiReLU()
    )
  )
  (conv3p4s2): MinkowskiConvolution(in=64, out=64, kernel_size=[2, 2, 2], stride=[2, 2, 2], dilation=[1, 1, 1])
  (bn3): MinkowskiBatchNorm(64, eps=1e-05, momentum=0.02, affine=True, track_running_stats=True)
  (block3): Sequential(
    (0): BasicBlock(
      (conv1): MinkowskiConvolution(in=64, out=128, kernel_size=[3, 3, 3], stride=[1, 1, 1], dilation=[1, 1, 1])
      (norm1): MinkowskiBatchNorm(128, eps=1e-05, momentum=0.1, affine=True, track_running_stats=True)
      (conv2): MinkowskiConvolution(in=128, out=128, kernel_size=[3, 3, 3], stride=[1, 1, 1], dilation=[1, 1, 1])
      (norm2): MinkowskiBatchNorm(128, eps=1e-05, momentum=0.1, affine=True, track_running_stats=True)
      (relu): MinkowskiReLU()
      (downsample): Sequential(
        (0): MinkowskiConvolution(in=64, out=128, kernel_size=[1, 1, 1], stride=[1, 1, 1], dilation=[1, 1, 1])
        (1): MinkowskiBatchNorm(128, eps=1e-05, momentum=0.02, affine=True, track_running_stats=True)
      )
    )
    (1): BasicBlock(
      (conv1): MinkowskiConvolution(in=128, out=128, kernel_size=[3, 3, 3], stride=[1, 1, 1], dilation=[1, 1, 1])
      (norm1): MinkowskiBatchNorm(128, eps=1e-05, momentum=0.1, affine=True, track_running_stats=True)
      (conv2): MinkowskiConvolution(in=128, out=128, kernel_size=[3, 3, 3], stride=[1, 1, 1], dilation=[1, 1, 1])
      (norm2): MinkowskiBatchNorm(128, eps=1e-05, momentum=0.1, affine=True, track_running_stats=True)
      (relu): MinkowskiReLU()
    )
    (2): BasicBlock(
      (conv1): MinkowskiConvolution(in=128, out=128, kernel_size=[3, 3, 3], stride=[1, 1, 1], dilation=[1, 1, 1])
      (norm1): MinkowskiBatchNorm(128, eps=1e-05, momentum=0.1, affine=True, track_running_stats=True)
      (conv2): MinkowskiConvolution(in=128, out=128, kernel_size=[3, 3, 3], stride=[1, 1, 1], dilation=[1, 1, 1])
      (norm2): MinkowskiBatchNorm(128, eps=1e-05, momentum=0.1, affine=True, track_running_stats=True)
      (relu): MinkowskiReLU()
    )
    (3): BasicBlock(
      (conv1): MinkowskiConvolution(in=128, out=128, kernel_size=[3, 3, 3], stride=[1, 1, 1], dilation=[1, 1, 1])
      (norm1): MinkowskiBatchNorm(128, eps=1e-05, momentum=0.1, affine=True, track_running_stats=True)
      (conv2): MinkowskiConvolution(in=128, out=128, kernel_size=[3, 3, 3], stride=[1, 1, 1], dilation=[1, 1, 1])
      (norm2): MinkowskiBatchNorm(128, eps=1e-05, momentum=0.1, affine=True, track_running_stats=True)
      (relu): MinkowskiReLU()
    )
  )
  (conv4p8s2): MinkowskiConvolution(in=128, out=128, kernel_size=[2, 2, 2], stride=[2, 2, 2], dilation=[1, 1, 1])
  (bn4): MinkowskiBatchNorm(128, eps=1e-05, momentum=0.02, affine=True, track_running_stats=True)
  (block4): Sequential(
    (0): BasicBlock(
      (conv1): MinkowskiConvolution(in=128, out=256, kernel_size=[3, 3, 3], stride=[1, 1, 1], dilation=[1, 1, 1])
      (norm1): MinkowskiBatchNorm(256, eps=1e-05, momentum=0.1, affine=True, track_running_stats=True)
      (conv2): MinkowskiConvolution(in=256, out=256, kernel_size=[3, 3, 3], stride=[1, 1, 1], dilation=[1, 1, 1])
      (norm2): MinkowskiBatchNorm(256, eps=1e-05, momentum=0.1, affine=True, track_running_stats=True)
      (relu): MinkowskiReLU()
      (downsample): Sequential(
        (0): MinkowskiConvolution(in=128, out=256, kernel_size=[1, 1, 1], stride=[1, 1, 1], dilation=[1, 1, 1])
        (1): MinkowskiBatchNorm(256, eps=1e-05, momentum=0.02, affine=True, track_running_stats=True)
      )
    )
    (1): BasicBlock(
      (conv1): MinkowskiConvolution(in=256, out=256, kernel_size=[3, 3, 3], stride=[1, 1, 1], dilation=[1, 1, 1])
      (norm1): MinkowskiBatchNorm(256, eps=1e-05, momentum=0.1, affine=True, track_running_stats=True)
      (conv2): MinkowskiConvolution(in=256, out=256, kernel_size=[3, 3, 3], stride=[1, 1, 1], dilation=[1, 1, 1])
      (norm2): MinkowskiBatchNorm(256, eps=1e-05, momentum=0.1, affine=True, track_running_stats=True)
      (relu): MinkowskiReLU()
    )
    (2): BasicBlock(
      (conv1): MinkowskiConvolution(in=256, out=256, kernel_size=[3, 3, 3], stride=[1, 1, 1], dilation=[1, 1, 1])
      (norm1): MinkowskiBatchNorm(256, eps=1e-05, momentum=0.1, affine=True, track_running_stats=True)
      (conv2): MinkowskiConvolution(in=256, out=256, kernel_size=[3, 3, 3], stride=[1, 1, 1], dilation=[1, 1, 1])
      (norm2): MinkowskiBatchNorm(256, eps=1e-05, momentum=0.1, affine=True, track_running_stats=True)
      (relu): MinkowskiReLU()
    )
    (3): BasicBlock(
      (conv1): MinkowskiConvolution(in=256, out=256, kernel_size=[3, 3, 3], stride=[1, 1, 1], dilation=[1, 1, 1])
      (norm1): MinkowskiBatchNorm(256, eps=1e-05, momentum=0.1, affine=True, track_running_stats=True)
      (conv2): MinkowskiConvolution(in=256, out=256, kernel_size=[3, 3, 3], stride=[1, 1, 1], dilation=[1, 1, 1])
      (norm2): MinkowskiBatchNorm(256, eps=1e-05, momentum=0.1, affine=True, track_running_stats=True)
      (relu): MinkowskiReLU()
    )
    (4): BasicBlock(
      (conv1): MinkowskiConvolution(in=256, out=256, kernel_size=[3, 3, 3], stride=[1, 1, 1], dilation=[1, 1, 1])
      (norm1): MinkowskiBatchNorm(256, eps=1e-05, momentum=0.1, affine=True, track_running_stats=True)
      (conv2): MinkowskiConvolution(in=256, out=256, kernel_size=[3, 3, 3], stride=[1, 1, 1], dilation=[1, 1, 1])
      (norm2): MinkowskiBatchNorm(256, eps=1e-05, momentum=0.1, affine=True, track_running_stats=True)
      (relu): MinkowskiReLU()
    )
    (5): BasicBlock(
      (conv1): MinkowskiConvolution(in=256, out=256, kernel_size=[3, 3, 3], stride=[1, 1, 1], dilation=[1, 1, 1])
      (norm1): MinkowskiBatchNorm(256, eps=1e-05, momentum=0.1, affine=True, track_running_stats=True)
      (conv2): MinkowskiConvolution(in=256, out=256, kernel_size=[3, 3, 3], stride=[1, 1, 1], dilation=[1, 1, 1])
      (norm2): MinkowskiBatchNorm(256, eps=1e-05, momentum=0.1, affine=True, track_running_stats=True)
      (relu): MinkowskiReLU()
    )
  )
  (convtr4p16s2): MinkowskiConvolutionTranspose(in=256, out=256, kernel_size=[2, 2, 2], stride=[2, 2, 2], dilation=[1, 1, 1])
  (bntr4): MinkowskiBatchNorm(256, eps=1e-05, momentum=0.02, affine=True, track_running_stats=True)
  (block5): Sequential(
    (0): BasicBlock(
      (conv1): MinkowskiConvolution(in=384, out=256, kernel_size=[3, 3, 3], stride=[1, 1, 1], dilation=[1, 1, 1])
      (norm1): MinkowskiBatchNorm(256, eps=1e-05, momentum=0.1, affine=True, track_running_stats=True)
      (conv2): MinkowskiConvolution(in=256, out=256, kernel_size=[3, 3, 3], stride=[1, 1, 1], dilation=[1, 1, 1])
      (norm2): MinkowskiBatchNorm(256, eps=1e-05, momentum=0.1, affine=True, track_running_stats=True)
      (relu): MinkowskiReLU()
      (downsample): Sequential(
        (0): MinkowskiConvolution(in=384, out=256, kernel_size=[1, 1, 1], stride=[1, 1, 1], dilation=[1, 1, 1])
        (1): MinkowskiBatchNorm(256, eps=1e-05, momentum=0.02, affine=True, track_running_stats=True)
      )
    )
    (1): BasicBlock(
      (conv1): MinkowskiConvolution(in=256, out=256, kernel_size=[3, 3, 3], stride=[1, 1, 1], dilation=[1, 1, 1])
      (norm1): MinkowskiBatchNorm(256, eps=1e-05, momentum=0.1, affine=True, track_running_stats=True)
      (conv2): MinkowskiConvolution(in=256, out=256, kernel_size=[3, 3, 3], stride=[1, 1, 1], dilation=[1, 1, 1])
      (norm2): MinkowskiBatchNorm(256, eps=1e-05, momentum=0.1, affine=True, track_running_stats=True)
      (relu): MinkowskiReLU()
    )
  )
  (convtr5p8s2): MinkowskiConvolutionTranspose(in=256, out=128, kernel_size=[2, 2, 2], stride=[2, 2, 2], dilation=[1, 1, 1])
  (bntr5): MinkowskiBatchNorm(128, eps=1e-05, momentum=0.02, affine=True, track_running_stats=True)
  (block6): Sequential(
    (0): BasicBlock(
      (conv1): MinkowskiConvolution(in=192, out=128, kernel_size=[3, 3, 3], stride=[1, 1, 1], dilation=[1, 1, 1])
      (norm1): MinkowskiBatchNorm(128, eps=1e-05, momentum=0.1, affine=True, track_running_stats=True)
      (conv2): MinkowskiConvolution(in=128, out=128, kernel_size=[3, 3, 3], stride=[1, 1, 1], dilation=[1, 1, 1])
      (norm2): MinkowskiBatchNorm(128, eps=1e-05, momentum=0.1, affine=True, track_running_stats=True)
      (relu): MinkowskiReLU()
      (downsample): Sequential(
        (0): MinkowskiConvolution(in=192, out=128, kernel_size=[1, 1, 1], stride=[1, 1, 1], dilation=[1, 1, 1])
        (1): MinkowskiBatchNorm(128, eps=1e-05, momentum=0.02, affine=True, track_running_stats=True)
      )
    )
    (1): BasicBlock(
      (conv1): MinkowskiConvolution(in=128, out=128, kernel_size=[3, 3, 3], stride=[1, 1, 1], dilation=[1, 1, 1])
      (norm1): MinkowskiBatchNorm(128, eps=1e-05, momentum=0.1, affine=True, track_running_stats=True)
      (conv2): MinkowskiConvolution(in=128, out=128, kernel_size=[3, 3, 3], stride=[1, 1, 1], dilation=[1, 1, 1])
      (norm2): MinkowskiBatchNorm(128, eps=1e-05, momentum=0.1, affine=True, track_running_stats=True)
      (relu): MinkowskiReLU()
    )
  )
  (convtr6p4s2): MinkowskiConvolutionTranspose(in=128, out=96, kernel_size=[2, 2, 2], stride=[2, 2, 2], dilation=[1, 1, 1])
  (bntr6): MinkowskiBatchNorm(96, eps=1e-05, momentum=0.02, affine=True, track_running_stats=True)
  (block7): Sequential(
    (0): BasicBlock(
      (conv1): MinkowskiConvolution(in=128, out=96, kernel_size=[3, 3, 3], stride=[1, 1, 1], dilation=[1, 1, 1])
      (norm1): MinkowskiBatchNorm(96, eps=1e-05, momentum=0.1, affine=True, track_running_stats=True)
      (conv2): MinkowskiConvolution(in=96, out=96, kernel_size=[3, 3, 3], stride=[1, 1, 1], dilation=[1, 1, 1])
      (norm2): MinkowskiBatchNorm(96, eps=1e-05, momentum=0.1, affine=True, track_running_stats=True)
      (relu): MinkowskiReLU()
      (downsample): Sequential(
        (0): MinkowskiConvolution(in=128, out=96, kernel_size=[1, 1, 1], stride=[1, 1, 1], dilation=[1, 1, 1])
        (1): MinkowskiBatchNorm(96, eps=1e-05, momentum=0.02, affine=True, track_running_stats=True)
      )
    )
    (1): BasicBlock(
      (conv1): MinkowskiConvolution(in=96, out=96, kernel_size=[3, 3, 3], stride=[1, 1, 1], dilation=[1, 1, 1])
      (norm1): MinkowskiBatchNorm(96, eps=1e-05, momentum=0.1, affine=True, track_running_stats=True)
      (conv2): MinkowskiConvolution(in=96, out=96, kernel_size=[3, 3, 3], stride=[1, 1, 1], dilation=[1, 1, 1])
      (norm2): MinkowskiBatchNorm(96, eps=1e-05, momentum=0.1, affine=True, track_running_stats=True)
      (relu): MinkowskiReLU()
    )
  )
  (convtr7p2s2): MinkowskiConvolutionTranspose(in=96, out=96, kernel_size=[2, 2, 2], stride=[2, 2, 2], dilation=[1, 1, 1])
  (bntr7): MinkowskiBatchNorm(96, eps=1e-05, momentum=0.02, affine=True, track_running_stats=True)
  (block8): Sequential(
    (0): BasicBlock(
      (conv1): MinkowskiConvolution(in=128, out=96, kernel_size=[3, 3, 3], stride=[1, 1, 1], dilation=[1, 1, 1])
      (norm1): MinkowskiBatchNorm(96, eps=1e-05, momentum=0.1, affine=True, track_running_stats=True)
      (conv2): MinkowskiConvolution(in=96, out=96, kernel_size=[3, 3, 3], stride=[1, 1, 1], dilation=[1, 1, 1])
      (norm2): MinkowskiBatchNorm(96, eps=1e-05, momentum=0.1, affine=True, track_running_stats=True)
      (relu): MinkowskiReLU()
      (downsample): Sequential(
        (0): MinkowskiConvolution(in=128, out=96, kernel_size=[1, 1, 1], stride=[1, 1, 1], dilation=[1, 1, 1])
        (1): MinkowskiBatchNorm(96, eps=1e-05, momentum=0.02, affine=True, track_running_stats=True)
      )
    )
    (1): BasicBlock(
      (conv1): MinkowskiConvolution(in=96, out=96, kernel_size=[3, 3, 3], stride=[1, 1, 1], dilation=[1, 1, 1])
      (norm1): MinkowskiBatchNorm(96, eps=1e-05, momentum=0.1, affine=True, track_running_stats=True)
      (conv2): MinkowskiConvolution(in=96, out=96, kernel_size=[3, 3, 3], stride=[1, 1, 1], dilation=[1, 1, 1])
      (norm2): MinkowskiBatchNorm(96, eps=1e-05, momentum=0.1, affine=True, track_running_stats=True)
      (relu): MinkowskiReLU()
    )
  )
  (final): MinkowskiConvolution(in=96, out=20, kernel_size=[1, 1, 1], stride=[1, 1, 1], dilation=[1, 1, 1])
  (relu): MinkowskiReLU()
)
wandb: Currently logged in as: tb5zhh (use `wandb login --relogin` to force relogin)
wandb: wandb version 0.12.6 is available!  To upgrade, please run:
wandb:  $ pip install wandb --upgrade
wandb: Tracking run with wandb version 0.12.4
wandb: Syncing run easy-breeze-227
wandb:  View project at https://wandb.ai/tb5zhh/3dsp
wandb:  View run at https://wandb.ai/tb5zhh/3dsp/runs/34aa8b4j
wandb: Run data is saved locally in /home/aidrive/tb5zhh/3DScanSeg/wandb/run-20211109_005328-34aa8b4j
wandb: Run `wandb offline` to turn off syncing.

[34m[1mwandb[0m: [33mWARNING[0m Calling run.save without any arguments is deprecated.Changes to attributes are automatically persisted.
[2021-11-09 00:53:30][root	][INFO	] Loading ScannetVoxelization2cmDataset: scannetv2_train.txt
[2021-11-09 00:53:30][root	][INFO	] Loading ScannetVoxelization2cmtestDataset: scannetv2_val.txt
[2021-11-09 00:53:30][__main__	][INFO	] Dataloader setup done
[2021-11-09 00:53:30][__main__	][INFO	] My rank : 0 / 1
[2021-11-09 00:53:30][__main__	][INFO	] Start training
[2021-11-09 00:53:40][__main__	][INFO	] TRAIN at global step #1 Epoch #1 Step #1 / 151: loss:3.4449, precision: 1.8059
[2021-11-09 00:53:42][__main__	][INFO	] TRAIN at global step #2 Epoch #1 Step #2 / 151: loss:3.0298, precision: 1.7565
[2021-11-09 00:53:46][__main__	][INFO	] TRAIN at global step #3 Epoch #1 Step #3 / 151: loss:2.8504, precision: 13.7539
[2021-11-09 00:53:49][__main__	][INFO	] TRAIN at global step #4 Epoch #1 Step #4 / 151: loss:2.7433, precision: 15.9345
[2021-11-09 00:53:52][__main__	][INFO	] TRAIN at global step #5 Epoch #1 Step #5 / 151: loss:2.7872, precision: 13.0464
[2021-11-09 00:53:55][__main__	][INFO	] TRAIN at global step #6 Epoch #1 Step #6 / 151: loss:2.3214, precision: 21.2884
[2021-11-09 00:53:59][__main__	][INFO	] TRAIN at global step #7 Epoch #1 Step #7 / 151: loss:2.6516, precision: 17.6030
[2021-11-09 00:54:03][__main__	][INFO	] TRAIN at global step #8 Epoch #1 Step #8 / 151: loss:2.5236, precision: 15.1374
[2021-11-09 00:54:06][__main__	][INFO	] TRAIN at global step #9 Epoch #1 Step #9 / 151: loss:2.2810, precision: 12.5933
[2021-11-09 00:54:11][__main__	][INFO	] TRAIN at global step #10 Epoch #1 Step #10 / 151: loss:2.2853, precision: 24.4376
[2021-11-09 00:54:15][__main__	][INFO	] TRAIN at global step #11 Epoch #1 Step #11 / 151: loss:2.4456, precision: 17.1974
[2021-11-09 00:54:18][__main__	][INFO	] TRAIN at global step #12 Epoch #1 Step #12 / 151: loss:2.3057, precision: 24.8846
[2021-11-09 00:54:22][__main__	][INFO	] TRAIN at global step #13 Epoch #1 Step #13 / 151: loss:2.2797, precision: 23.7500
[2021-11-09 00:54:25][__main__	][INFO	] TRAIN at global step #14 Epoch #1 Step #14 / 151: loss:2.0385, precision: 25.8836
[2021-11-09 00:54:28][__main__	][INFO	] TRAIN at global step #15 Epoch #1 Step #15 / 151: loss:2.4688, precision: 15.6197
[2021-11-09 00:54:32][__main__	][INFO	] TRAIN at global step #16 Epoch #1 Step #16 / 151: loss:2.1824, precision: 24.3683
[2021-11-09 00:54:35][__main__	][INFO	] TRAIN at global step #17 Epoch #1 Step #17 / 151: loss:1.9659, precision: 24.8097
[2021-11-09 00:54:39][__main__	][INFO	] TRAIN at global step #18 Epoch #1 Step #18 / 151: loss:2.6767, precision: 8.5977
[2021-11-09 00:54:42][__main__	][INFO	] TRAIN at global step #19 Epoch #1 Step #19 / 151: loss:2.2918, precision: 21.1644
[2021-11-09 00:54:46][__main__	][INFO	] TRAIN at global step #20 Epoch #1 Step #20 / 151: loss:2.5355, precision: 13.0711
[2021-11-09 00:54:49][__main__	][INFO	] TRAIN at global step #21 Epoch #1 Step #21 / 151: loss:2.2139, precision: 23.3817
[2021-11-09 00:54:52][__main__	][INFO	] TRAIN at global step #22 Epoch #1 Step #22 / 151: loss:2.1666, precision: 28.6801
[2021-11-09 00:54:56][__main__	][INFO	] TRAIN at global step #23 Epoch #1 Step #23 / 151: loss:2.3679, precision: 17.3692
[2021-11-09 00:54:59][__main__	][INFO	] TRAIN at global step #24 Epoch #1 Step #24 / 151: loss:2.1966, precision: 22.6231
[2021-11-09 00:55:02][__main__	][INFO	] TRAIN at global step #25 Epoch #1 Step #25 / 151: loss:2.2257, precision: 21.1139
[2021-11-09 00:55:05][__main__	][INFO	] TRAIN at global step #26 Epoch #1 Step #26 / 151: loss:2.1891, precision: 19.5216
[2021-11-09 00:55:09][__main__	][INFO	] TRAIN at global step #27 Epoch #1 Step #27 / 151: loss:2.2676, precision: 16.8604
[2021-11-09 00:55:12][__main__	][INFO	] TRAIN at global step #28 Epoch #1 Step #28 / 151: loss:2.1567, precision: 23.9374
[2021-11-09 00:55:16][__main__	][INFO	] TRAIN at global step #29 Epoch #1 Step #29 / 151: loss:2.1294, precision: 21.5395
[2021-11-09 00:55:20][__main__	][INFO	] TRAIN at global step #30 Epoch #1 Step #30 / 151: loss:2.2959, precision: 17.7584
[2021-11-09 00:55:23][__main__	][INFO	] TRAIN at global step #31 Epoch #1 Step #31 / 151: loss:2.1563, precision: 20.2423
[2021-11-09 00:55:25][__main__	][INFO	] TRAIN at global step #32 Epoch #1 Step #32 / 151: loss:2.3330, precision: 22.4250
[2021-11-09 00:55:29][__main__	][INFO	] TRAIN at global step #33 Epoch #1 Step #33 / 151: loss:2.1727, precision: 23.0290
[2021-11-09 00:55:32][__main__	][INFO	] TRAIN at global step #34 Epoch #1 Step #34 / 151: loss:2.3382, precision: 20.8202
[2021-11-09 00:55:34][__main__	][INFO	] TRAIN at global step #35 Epoch #1 Step #35 / 151: loss:2.0318, precision: 23.8712
[2021-11-09 00:55:39][__main__	][INFO	] TRAIN at global step #36 Epoch #1 Step #36 / 151: loss:2.0387, precision: 21.8615
[2021-11-09 00:55:43][__main__	][INFO	] TRAIN at global step #37 Epoch #1 Step #37 / 151: loss:2.1677, precision: 21.4987
[2021-11-09 00:55:45][__main__	][INFO	] TRAIN at global step #38 Epoch #1 Step #38 / 151: loss:2.0935, precision: 23.9347
[2021-11-09 00:55:48][__main__	][INFO	] TRAIN at global step #39 Epoch #1 Step #39 / 151: loss:2.0316, precision: 23.6649
[2021-11-09 00:55:51][__main__	][INFO	] TRAIN at global step #40 Epoch #1 Step #40 / 151: loss:2.5328, precision: 10.1333
[2021-11-09 00:55:54][__main__	][INFO	] TRAIN at global step #41 Epoch #1 Step #41 / 151: loss:2.1826, precision: 21.1597
[2021-11-09 00:55:59][__main__	][INFO	] TRAIN at global step #42 Epoch #1 Step #42 / 151: loss:2.4007, precision: 14.0990
[2021-11-09 00:56:02][__main__	][INFO	] TRAIN at global step #43 Epoch #1 Step #43 / 151: loss:2.1514, precision: 19.4414
[2021-11-09 00:56:06][__main__	][INFO	] TRAIN at global step #44 Epoch #1 Step #44 / 151: loss:2.5684, precision: 12.9548
[2021-11-09 00:56:09][__main__	][INFO	] TRAIN at global step #45 Epoch #1 Step #45 / 151: loss:2.4327, precision: 13.8031
[2021-11-09 00:56:13][__main__	][INFO	] TRAIN at global step #46 Epoch #1 Step #46 / 151: loss:2.2951, precision: 17.5419
[2021-11-09 00:56:17][__main__	][INFO	] TRAIN at global step #47 Epoch #1 Step #47 / 151: loss:2.2443, precision: 23.7673
[2021-11-09 00:56:21][__main__	][INFO	] TRAIN at global step #48 Epoch #1 Step #48 / 151: loss:2.0006, precision: 27.1658
[2021-11-09 00:56:24][__main__	][INFO	] TRAIN at global step #49 Epoch #1 Step #49 / 151: loss:2.0272, precision: 26.2459
[2021-11-09 00:56:29][__main__	][INFO	] TRAIN at global step #50 Epoch #1 Step #50 / 151: loss:2.3577, precision: 14.7796
[2021-11-09 00:56:31][__main__	][INFO	] TRAIN at global step #51 Epoch #1 Step #51 / 151: loss:1.9125, precision: 31.1549
[2021-11-09 00:56:33][__main__	][INFO	] TRAIN at global step #52 Epoch #1 Step #52 / 151: loss:2.1041, precision: 22.4384
[2021-11-09 00:56:36][__main__	][INFO	] TRAIN at global step #53 Epoch #1 Step #53 / 151: loss:2.2386, precision: 19.5105
[2021-11-09 00:56:39][__main__	][INFO	] TRAIN at global step #54 Epoch #1 Step #54 / 151: loss:2.2039, precision: 19.5444
[2021-11-09 00:56:43][__main__	][INFO	] TRAIN at global step #55 Epoch #1 Step #55 / 151: loss:1.9308, precision: 27.0935
[2021-11-09 00:56:47][__main__	][INFO	] TRAIN at global step #56 Epoch #1 Step #56 / 151: loss:2.3156, precision: 18.7661
[2021-11-09 00:56:51][__main__	][INFO	] TRAIN at global step #57 Epoch #1 Step #57 / 151: loss:2.0664, precision: 21.6939
[2021-11-09 00:56:54][__main__	][INFO	] TRAIN at global step #58 Epoch #1 Step #58 / 151: loss:2.4360, precision: 14.6486
[2021-11-09 00:56:57][__main__	][INFO	] TRAIN at global step #59 Epoch #1 Step #59 / 151: loss:1.9121, precision: 19.1619
[2021-11-09 00:57:00][__main__	][INFO	] TRAIN at global step #60 Epoch #1 Step #60 / 151: loss:2.0576, precision: 24.3314
[2021-11-09 00:57:03][__main__	][INFO	] TRAIN at global step #61 Epoch #1 Step #61 / 151: loss:1.7968, precision: 27.3696
[2021-11-09 00:57:06][__main__	][INFO	] TRAIN at global step #62 Epoch #1 Step #62 / 151: loss:2.1100, precision: 25.6736
[2021-11-09 00:57:09][__main__	][INFO	] TRAIN at global step #63 Epoch #1 Step #63 / 151: loss:2.0803, precision: 21.2112
[2021-11-09 00:57:13][__main__	][INFO	] TRAIN at global step #64 Epoch #1 Step #64 / 151: loss:2.1464, precision: 17.3311
[2021-11-09 00:57:17][__main__	][INFO	] TRAIN at global step #65 Epoch #1 Step #65 / 151: loss:2.1367, precision: 23.2470
[2021-11-09 00:57:20][__main__	][INFO	] TRAIN at global step #66 Epoch #1 Step #66 / 151: loss:1.7500, precision: 34.1868
[2021-11-09 00:57:23][__main__	][INFO	] TRAIN at global step #67 Epoch #1 Step #67 / 151: loss:1.9908, precision: 24.4825
[2021-11-09 00:57:26][__main__	][INFO	] TRAIN at global step #68 Epoch #1 Step #68 / 151: loss:2.4568, precision: 12.9128
[2021-11-09 00:57:29][__main__	][INFO	] TRAIN at global step #69 Epoch #1 Step #69 / 151: loss:1.8939, precision: 33.2120
[2021-11-09 00:57:33][__main__	][INFO	] TRAIN at global step #70 Epoch #1 Step #70 / 151: loss:1.7988, precision: 33.3154
[2021-11-09 00:57:37][__main__	][INFO	] TRAIN at global step #71 Epoch #1 Step #71 / 151: loss:2.3626, precision: 12.3885
[2021-11-09 00:57:40][__main__	][INFO	] TRAIN at global step #72 Epoch #1 Step #72 / 151: loss:2.1607, precision: 24.2865
[2021-11-09 00:57:43][__main__	][INFO	] TRAIN at global step #73 Epoch #1 Step #73 / 151: loss:2.2084, precision: 24.0349
[2021-11-09 00:57:47][__main__	][INFO	] TRAIN at global step #74 Epoch #1 Step #74 / 151: loss:2.1833, precision: 16.9617
[2021-11-09 00:57:50][__main__	][INFO	] TRAIN at global step #75 Epoch #1 Step #75 / 151: loss:1.9591, precision: 23.8620
[2021-11-09 00:57:53][__main__	][INFO	] TRAIN at global step #76 Epoch #1 Step #76 / 151: loss:2.0874, precision: 28.4797
[2021-11-09 00:57:57][__main__	][INFO	] TRAIN at global step #77 Epoch #1 Step #77 / 151: loss:2.0423, precision: 25.6154
[2021-11-09 00:58:00][__main__	][INFO	] TRAIN at global step #78 Epoch #1 Step #78 / 151: loss:2.1349, precision: 20.6314
[2021-11-09 00:58:04][__main__	][INFO	] TRAIN at global step #79 Epoch #1 Step #79 / 151: loss:2.1833, precision: 25.2825
[2021-11-09 00:58:07][__main__	][INFO	] TRAIN at global step #80 Epoch #1 Step #80 / 151: loss:2.2752, precision: 21.5960
[2021-11-09 00:58:10][__main__	][INFO	] TRAIN at global step #81 Epoch #1 Step #81 / 151: loss:2.0003, precision: 24.4150
[2021-11-09 00:58:13][__main__	][INFO	] TRAIN at global step #82 Epoch #1 Step #82 / 151: loss:2.6431, precision: 8.3385
[2021-11-09 00:58:17][__main__	][INFO	] TRAIN at global step #83 Epoch #1 Step #83 / 151: loss:2.1276, precision: 20.0894
[2021-11-09 00:58:20][__main__	][INFO	] TRAIN at global step #84 Epoch #1 Step #84 / 151: loss:2.2252, precision: 20.0679
[2021-11-09 00:58:24][__main__	][INFO	] TRAIN at global step #85 Epoch #1 Step #85 / 151: loss:2.1993, precision: 25.1456
[2021-11-09 00:58:27][__main__	][INFO	] TRAIN at global step #86 Epoch #1 Step #86 / 151: loss:1.9854, precision: 28.8511
[2021-11-09 00:58:31][__main__	][INFO	] TRAIN at global step #87 Epoch #1 Step #87 / 151: loss:2.0801, precision: 22.5262
[2021-11-09 00:58:36][__main__	][INFO	] TRAIN at global step #88 Epoch #1 Step #88 / 151: loss:2.0404, precision: 24.4495
[2021-11-09 00:58:38][__main__	][INFO	] TRAIN at global step #89 Epoch #1 Step #89 / 151: loss:2.3154, precision: 16.8042
[2021-11-09 00:58:41][__main__	][INFO	] TRAIN at global step #90 Epoch #1 Step #90 / 151: loss:1.8859, precision: 25.3434
[2021-11-09 00:58:45][__main__	][INFO	] TRAIN at global step #91 Epoch #1 Step #91 / 151: loss:2.1617, precision: 17.4830
[2021-11-09 00:58:49][__main__	][INFO	] TRAIN at global step #92 Epoch #1 Step #92 / 151: loss:2.3828, precision: 12.6676
[2021-11-09 00:58:53][__main__	][INFO	] TRAIN at global step #93 Epoch #1 Step #93 / 151: loss:2.0542, precision: 21.1549
[2021-11-09 00:58:57][__main__	][INFO	] TRAIN at global step #94 Epoch #1 Step #94 / 151: loss:2.0715, precision: 21.5477
[2021-11-09 00:59:00][__main__	][INFO	] TRAIN at global step #95 Epoch #1 Step #95 / 151: loss:2.1086, precision: 20.0667
[2021-11-09 00:59:03][__main__	][INFO	] TRAIN at global step #96 Epoch #1 Step #96 / 151: loss:2.2424, precision: 19.5563
[2021-11-09 00:59:05][__main__	][INFO	] TRAIN at global step #97 Epoch #1 Step #97 / 151: loss:2.2307, precision: 18.3504
[2021-11-09 00:59:09][__main__	][INFO	] TRAIN at global step #98 Epoch #1 Step #98 / 151: loss:1.8483, precision: 34.4827
[2021-11-09 00:59:13][__main__	][INFO	] TRAIN at global step #99 Epoch #1 Step #99 / 151: loss:1.9858, precision: 23.6822
[2021-11-09 00:59:17][__main__	][INFO	] TRAIN at global step #100 Epoch #1 Step #100 / 151: loss:2.2400, precision: 14.5954
[2021-11-09 00:59:20][__main__	][INFO	] TRAIN at global step #101 Epoch #1 Step #101 / 151: loss:2.2487, precision: 16.9828
[2021-11-09 00:59:24][__main__	][INFO	] TRAIN at global step #102 Epoch #1 Step #102 / 151: loss:2.1260, precision: 22.0754
[2021-11-09 00:59:27][__main__	][INFO	] TRAIN at global step #103 Epoch #1 Step #103 / 151: loss:1.9366, precision: 24.6546
[2021-11-09 00:59:30][__main__	][INFO	] TRAIN at global step #104 Epoch #1 Step #104 / 151: loss:2.1044, precision: 23.5385
[2021-11-09 00:59:33][__main__	][INFO	] TRAIN at global step #105 Epoch #1 Step #105 / 151: loss:1.9966, precision: 26.1735
[2021-11-09 00:59:36][__main__	][INFO	] TRAIN at global step #106 Epoch #1 Step #106 / 151: loss:1.9617, precision: 28.7483
[2021-11-09 00:59:40][__main__	][INFO	] TRAIN at global step #107 Epoch #1 Step #107 / 151: loss:2.0927, precision: 19.6809
[2021-11-09 00:59:43][__main__	][INFO	] TRAIN at global step #108 Epoch #1 Step #108 / 151: loss:1.9748, precision: 24.6030
[2021-11-09 00:59:45][__main__	][INFO	] TRAIN at global step #109 Epoch #1 Step #109 / 151: loss:2.2071, precision: 24.4541
[2021-11-09 00:59:48][__main__	][INFO	] TRAIN at global step #110 Epoch #1 Step #110 / 151: loss:1.9916, precision: 27.0510
slurmstepd: error: *** JOB 921 ON air-node-01 CANCELLED AT 2021-11-09T00:59:49 ***
