/home/aidrive/tb5zhh/.conda/envs/tbw_3dscan/lib/python3.8/site-packages/MinkowskiEngine/__init__.py:36: UserWarning: The environment variable `OMP_NUM_THREADS` not set. MinkowskiEngine will automatically set `OMP_NUM_THREADS=16`. If you want to set `OMP_NUM_THREADS` manually, please export it on the command line before running a python script. e.g. `export OMP_NUM_THREADS=12; python your_program.py`. It is recommended to set it below 24.
  warnings.warn(
[2021-11-09 00:54:19][__main__	][INFO	] Run with 1 cpu
[2021-11-09 00:54:19][__main__	][INFO	] Running config
[2021-11-09 00:54:19][__main__	][INFO	] --->                          model: Res16UNet34C
[2021-11-09 00:54:19][__main__	][INFO	] --->              conv1_kernel_size: 5
[2021-11-09 00:54:19][__main__	][INFO	] --->                        weights: checkpoints/pretrain_20000.pth
[2021-11-09 00:54:19][__main__	][INFO	] --->                       weights1: /home/aidrive1/workspace/luoly/dataset/final/min_weights/LR/unc/1/512/checkpoint_NoneRes16UNet34Cbest_val.pth
[2021-11-09 00:54:19][__main__	][INFO	] --->                       weights2: /home/aidrive1/workspace/luoly/dataset/final/min_weights/LR/512/1/checkpoint_NoneRes16UNet34Cbest_val.pth
[2021-11-09 00:54:19][__main__	][INFO	] --->                       weights3: /home/aidrive1/workspace/luoly/dataset/final/min_weights/LR/1024/1/checkpoint_NoneRes16UNet34Cbest_val.pth
[2021-11-09 00:54:19][__main__	][INFO	] --->        weights_for_inner_model: False
[2021-11-09 00:54:19][__main__	][INFO	] --->                      dilations: [1, 1, 1, 1]
[2021-11-09 00:54:19][__main__	][INFO	] --->                   wrapper_type: None
[2021-11-09 00:54:19][__main__	][INFO	] --->            wrapper_region_type: 1
[2021-11-09 00:54:19][__main__	][INFO	] --->            wrapper_kernel_size: 3
[2021-11-09 00:54:19][__main__	][INFO	] --->                     wrapper_lr: 0.1
[2021-11-09 00:54:19][__main__	][INFO	] --->           meanfield_iterations: 10
[2021-11-09 00:54:19][__main__	][INFO	] --->              crf_spatial_sigma: 1
[2021-11-09 00:54:19][__main__	][INFO	] --->            crf_chromatic_sigma: 12
[2021-11-09 00:54:19][__main__	][INFO	] --->                      optimizer: SGD
[2021-11-09 00:54:19][__main__	][INFO	] --->                             lr: 0.1
[2021-11-09 00:54:19][__main__	][INFO	] --->                   sgd_momentum: 0.9
[2021-11-09 00:54:19][__main__	][INFO	] --->                  sgd_dampening: 0.1
[2021-11-09 00:54:19][__main__	][INFO	] --->                     adam_beta1: 0.9
[2021-11-09 00:54:19][__main__	][INFO	] --->                     adam_beta2: 0.999
[2021-11-09 00:54:19][__main__	][INFO	] --->                   weight_decay: 0.0001
[2021-11-09 00:54:19][__main__	][INFO	] --->           param_histogram_freq: 100
[2021-11-09 00:54:19][__main__	][INFO	] --->           save_param_histogram: False
[2021-11-09 00:54:19][__main__	][INFO	] --->                      iter_size: 1
[2021-11-09 00:54:19][__main__	][INFO	] --->                    bn_momentum: 0.02
[2021-11-09 00:54:19][__main__	][INFO	] --->                      scheduler: PolyLR
[2021-11-09 00:54:19][__main__	][INFO	] --->                       max_iter: 30000
[2021-11-09 00:54:19][__main__	][INFO	] --->                      step_size: 20000.0
[2021-11-09 00:54:19][__main__	][INFO	] --->                     step_gamma: 0.1
[2021-11-09 00:54:19][__main__	][INFO	] --->                     poly_power: 0.9
[2021-11-09 00:54:19][__main__	][INFO	] --->                      exp_gamma: 0.95
[2021-11-09 00:54:19][__main__	][INFO	] --->                  exp_step_size: 445
[2021-11-09 00:54:19][__main__	][INFO	] --->                        log_dir: log
[2021-11-09 00:54:19][__main__	][INFO	] --->                       data_dir: data
[2021-11-09 00:54:19][__main__	][INFO	] --->                        dataset: ScannetVoxelization2cmDataset
[2021-11-09 00:54:19][__main__	][INFO	] --->                    testdataset: ScannetVoxelization2cmtestDataset
[2021-11-09 00:54:19][__main__	][INFO	] --->              temporal_dilation: 30
[2021-11-09 00:54:19][__main__	][INFO	] --->                temporal_numseq: 3
[2021-11-09 00:54:19][__main__	][INFO	] --->                      point_lim: -1
[2021-11-09 00:54:19][__main__	][INFO	] --->                  pre_point_lim: -1
[2021-11-09 00:54:19][__main__	][INFO	] --->                     batch_size: 1
[2021-11-09 00:54:19][__main__	][INFO	] --->                test_batch_size: 1
[2021-11-09 00:54:19][__main__	][INFO	] --->                     cache_data: False
[2021-11-09 00:54:19][__main__	][INFO	] --->                    num_workers: 4
[2021-11-09 00:54:19][__main__	][INFO	] --->                num_val_workers: 1
[2021-11-09 00:54:19][__main__	][INFO	] --->                   ignore_label: 255
[2021-11-09 00:54:19][__main__	][INFO	] --->          return_transformation: False
[2021-11-09 00:54:19][__main__	][INFO	] --->         ignore_duplicate_class: False
[2021-11-09 00:54:19][__main__	][INFO	] --->                   partial_crop: 0.0
[2021-11-09 00:54:19][__main__	][INFO	] --->          train_limit_numpoints: 0
[2021-11-09 00:54:19][__main__	][INFO	] --->                   synthia_path: /home/chrischoy/datasets/Synthia/Synthia4D
[2021-11-09 00:54:19][__main__	][INFO	] --->            synthia_camera_path: /home/chrischoy/datasets/Synthia/%s/CameraParams/
[2021-11-09 00:54:19][__main__	][INFO	] --->  synthia_camera_intrinsic_file: intrinsics.txt
[2021-11-09 00:54:19][__main__	][INFO	] ---> synthia_camera_extrinsics_file: Stereo_Right/Omni_F/%s.txt
[2021-11-09 00:54:19][__main__	][INFO	] --->         temporal_rand_dilation: False
[2021-11-09 00:54:19][__main__	][INFO	] --->           temporal_rand_numseq: False
[2021-11-09 00:54:19][__main__	][INFO	] --->                   scannet_path: /home/aidrive/tb5zhh/data/100_fit_sdouble/train
[2021-11-09 00:54:19][__main__	][INFO	] --->              scannet_test_path: /home/aidrive/tb5zhh/data/full/train
[2021-11-09 00:54:19][__main__	][INFO	] --->                stanford3d_path: /home/chrischoy/datasets/Stanford3D
[2021-11-09 00:54:19][__main__	][INFO	] --->                       is_train: True
[2021-11-09 00:54:19][__main__	][INFO	] --->                      stat_freq: 40
[2021-11-09 00:54:19][__main__	][INFO	] --->                 test_stat_freq: 100
[2021-11-09 00:54:19][__main__	][INFO	] --->                test_stat_freq1: 312
[2021-11-09 00:54:19][__main__	][INFO	] --->                      save_freq: 1000
[2021-11-09 00:54:19][__main__	][INFO	] --->                       val_freq: 2
[2021-11-09 00:54:19][__main__	][INFO	] --->               empty_cache_freq: 1
[2021-11-09 00:54:19][__main__	][INFO	] --->                    train_phase: train
[2021-11-09 00:54:19][__main__	][INFO	] --->                      val_phase: val
[2021-11-09 00:54:19][__main__	][INFO	] --->              overwrite_weights: True
[2021-11-09 00:54:19][__main__	][INFO	] --->                         resume: None
[2021-11-09 00:54:19][__main__	][INFO	] --->               resume_optimizer: True
[2021-11-09 00:54:19][__main__	][INFO	] --->                  eval_upsample: False
[2021-11-09 00:54:19][__main__	][INFO	] --->         lenient_weight_loading: False
[2021-11-09 00:54:19][__main__	][INFO	] --->         distributed_world_size: 2
[2021-11-09 00:54:19][__main__	][INFO	] --->               distributed_rank: 0
[2021-11-09 00:54:19][__main__	][INFO	] --->            distributed_backend: nccl
[2021-11-09 00:54:19][__main__	][INFO	] --->        distributed_init_method: 
[2021-11-09 00:54:19][__main__	][INFO	] --->               distributed_port: 10010
[2021-11-09 00:54:19][__main__	][INFO	] --->                      device_id: 0
[2021-11-09 00:54:19][__main__	][INFO	] --->           distributed_no_spawn: True
[2021-11-09 00:54:19][__main__	][INFO	] --->                    ddp_backend: c10d
[2021-11-09 00:54:19][__main__	][INFO	] --->                  bucket_cap_mb: 25
[2021-11-09 00:54:19][__main__	][INFO	] --->                   use_feat_aug: True
[2021-11-09 00:54:19][__main__	][INFO	] --->     data_aug_color_trans_ratio: 0.1
[2021-11-09 00:54:19][__main__	][INFO	] --->      data_aug_color_jitter_std: 0.05
[2021-11-09 00:54:19][__main__	][INFO	] --->                normalize_color: True
[2021-11-09 00:54:19][__main__	][INFO	] --->             data_aug_scale_min: 0.9
[2021-11-09 00:54:19][__main__	][INFO	] --->             data_aug_scale_max: 1.1
[2021-11-09 00:54:19][__main__	][INFO	] --->               data_aug_hue_max: 0.5
[2021-11-09 00:54:19][__main__	][INFO	] --->        data_aug_saturation_max: 0.2
[2021-11-09 00:54:19][__main__	][INFO	] --->                      visualize: False
[2021-11-09 00:54:19][__main__	][INFO	] --->          test_temporal_average: False
[2021-11-09 00:54:19][__main__	][INFO	] --->                 visualize_path: outputs/visualize
[2021-11-09 00:54:19][__main__	][INFO	] --->                save_prediction: False
[2021-11-09 00:54:19][__main__	][INFO	] --->                  save_pred_dir: outputs/pred
[2021-11-09 00:54:19][__main__	][INFO	] --->                     test_phase: test
[2021-11-09 00:54:19][__main__	][INFO	] --->   evaluate_original_pointcloud: False
[2021-11-09 00:54:19][__main__	][INFO	] --->       test_original_pointcloud: False
[2021-11-09 00:54:19][__main__	][INFO	] --->                        is_cuda: True
[2021-11-09 00:54:19][__main__	][INFO	] --->                      load_path: 
[2021-11-09 00:54:19][__main__	][INFO	] --->                       log_step: 50
[2021-11-09 00:54:19][__main__	][INFO	] --->                      log_level: INFO
[2021-11-09 00:54:19][__main__	][INFO	] --->                        num_gpu: 1
[2021-11-09 00:54:19][__main__	][INFO	] --->                           seed: 42
[2021-11-09 00:54:19][__main__	][INFO	] --->                       run_name: finetune_mixture_sdouble_0.1_100_Res16UNet34C
[2021-11-09 00:54:19][__main__	][INFO	] --->                      unc_round: 20
[2021-11-09 00:54:19][__main__	][INFO	] --->                 unc_result_dir: /
[2021-11-09 00:54:19][__main__	][INFO	] --->                          wandb: True
[2021-11-09 00:54:19][__main__	][INFO	] --->                  train_dataset: ScannetVoxelization2cmDataset
[2021-11-09 00:54:19][__main__	][INFO	] --->                    val_dataset: ScannetVoxelization2cmtestDataset
[2021-11-09 00:54:19][__main__	][INFO	] --->                 checkpoint_dir: checkpoints
[2021-11-09 00:54:19][__main__	][INFO	] --->                     optim_step: 1
[2021-11-09 00:54:19][__main__	][INFO	] --->                  validate_step: 150
[2021-11-09 00:54:19][__main__	][INFO	] --->                    train_epoch: 20000
[2021-11-09 00:54:19][__main__	][INFO	] --->               train_batch_size: 8
[2021-11-09 00:54:19][__main__	][INFO	] --->                 val_batch_size: 8
[2021-11-09 00:54:19][__main__	][INFO	] --->                eval_result_dir: /
[2021-11-09 00:54:19][__main__	][INFO	] --->                  unc_stat_path: /
[2021-11-09 00:54:19][__main__	][INFO	] --->                     save_epoch: 1
[2021-11-09 00:54:19][__main__	][INFO	] --->                   ignore_index: 255
[2021-11-09 00:54:19][__main__	][INFO	] --->                       do_train: True
[2021-11-09 00:54:19][__main__	][INFO	] --->               do_unc_inference: False
[2021-11-09 00:54:19][__main__	][INFO	] --->                    do_unc_demo: False
[2021-11-09 00:54:19][__main__	][INFO	] --->                    unc_dataset: 
[2021-11-09 00:54:19][__main__	][INFO	] --->           do_verbose_inference: False
[2021-11-09 00:54:19][__main__	][INFO	] --->                  do_unc_render: False
[2021-11-09 00:54:27][__main__	][INFO	] Weights loaded from checkpoints/pretrain_20000.pth
[2021-11-09 00:54:27][__main__	][INFO	] Model setup done
[2021-11-09 00:54:27][__main__	][INFO	] 
Res16UNet34C(
  (conv0p1s1): MinkowskiConvolution(in=3, out=32, kernel_size=[5, 5, 5], stride=[1, 1, 1], dilation=[1, 1, 1])
  (bn0): MinkowskiBatchNorm(32, eps=1e-05, momentum=0.02, affine=True, track_running_stats=True)
  (conv1p1s2): MinkowskiConvolution(in=32, out=32, kernel_size=[2, 2, 2], stride=[2, 2, 2], dilation=[1, 1, 1])
  (bn1): MinkowskiBatchNorm(32, eps=1e-05, momentum=0.02, affine=True, track_running_stats=True)
  (block1): Sequential(
    (0): BasicBlock(
      (conv1): MinkowskiConvolution(in=32, out=32, kernel_size=[3, 3, 3], stride=[1, 1, 1], dilation=[1, 1, 1])
      (norm1): MinkowskiBatchNorm(32, eps=1e-05, momentum=0.1, affine=True, track_running_stats=True)
      (conv2): MinkowskiConvolution(in=32, out=32, kernel_size=[3, 3, 3], stride=[1, 1, 1], dilation=[1, 1, 1])
      (norm2): MinkowskiBatchNorm(32, eps=1e-05, momentum=0.1, affine=True, track_running_stats=True)
      (relu): MinkowskiReLU()
    )
    (1): BasicBlock(
      (conv1): MinkowskiConvolution(in=32, out=32, kernel_size=[3, 3, 3], stride=[1, 1, 1], dilation=[1, 1, 1])
      (norm1): MinkowskiBatchNorm(32, eps=1e-05, momentum=0.1, affine=True, track_running_stats=True)
      (conv2): MinkowskiConvolution(in=32, out=32, kernel_size=[3, 3, 3], stride=[1, 1, 1], dilation=[1, 1, 1])
      (norm2): MinkowskiBatchNorm(32, eps=1e-05, momentum=0.1, affine=True, track_running_stats=True)
      (relu): MinkowskiReLU()
    )
  )
  (conv2p2s2): MinkowskiConvolution(in=32, out=32, kernel_size=[2, 2, 2], stride=[2, 2, 2], dilation=[1, 1, 1])
  (bn2): MinkowskiBatchNorm(32, eps=1e-05, momentum=0.02, affine=True, track_running_stats=True)
  (block2): Sequential(
    (0): BasicBlock(
      (conv1): MinkowskiConvolution(in=32, out=64, kernel_size=[3, 3, 3], stride=[1, 1, 1], dilation=[1, 1, 1])
      (norm1): MinkowskiBatchNorm(64, eps=1e-05, momentum=0.1, affine=True, track_running_stats=True)
      (conv2): MinkowskiConvolution(in=64, out=64, kernel_size=[3, 3, 3], stride=[1, 1, 1], dilation=[1, 1, 1])
      (norm2): MinkowskiBatchNorm(64, eps=1e-05, momentum=0.1, affine=True, track_running_stats=True)
      (relu): MinkowskiReLU()
      (downsample): Sequential(
        (0): MinkowskiConvolution(in=32, out=64, kernel_size=[1, 1, 1], stride=[1, 1, 1], dilation=[1, 1, 1])
        (1): MinkowskiBatchNorm(64, eps=1e-05, momentum=0.02, affine=True, track_running_stats=True)
      )
    )
    (1): BasicBlock(
      (conv1): MinkowskiConvolution(in=64, out=64, kernel_size=[3, 3, 3], stride=[1, 1, 1], dilation=[1, 1, 1])
      (norm1): MinkowskiBatchNorm(64, eps=1e-05, momentum=0.1, affine=True, track_running_stats=True)
      (conv2): MinkowskiConvolution(in=64, out=64, kernel_size=[3, 3, 3], stride=[1, 1, 1], dilation=[1, 1, 1])
      (norm2): MinkowskiBatchNorm(64, eps=1e-05, momentum=0.1, affine=True, track_running_stats=True)
      (relu): MinkowskiReLU()
    )
    (2): BasicBlock(
      (conv1): MinkowskiConvolution(in=64, out=64, kernel_size=[3, 3, 3], stride=[1, 1, 1], dilation=[1, 1, 1])
      (norm1): MinkowskiBatchNorm(64, eps=1e-05, momentum=0.1, affine=True, track_running_stats=True)
      (conv2): MinkowskiConvolution(in=64, out=64, kernel_size=[3, 3, 3], stride=[1, 1, 1], dilation=[1, 1, 1])
      (norm2): MinkowskiBatchNorm(64, eps=1e-05, momentum=0.1, affine=True, track_running_stats=True)
      (relu): MinkowskiReLU()
    )
  )
  (conv3p4s2): MinkowskiConvolution(in=64, out=64, kernel_size=[2, 2, 2], stride=[2, 2, 2], dilation=[1, 1, 1])
  (bn3): MinkowskiBatchNorm(64, eps=1e-05, momentum=0.02, affine=True, track_running_stats=True)
  (block3): Sequential(
    (0): BasicBlock(
      (conv1): MinkowskiConvolution(in=64, out=128, kernel_size=[3, 3, 3], stride=[1, 1, 1], dilation=[1, 1, 1])
      (norm1): MinkowskiBatchNorm(128, eps=1e-05, momentum=0.1, affine=True, track_running_stats=True)
      (conv2): MinkowskiConvolution(in=128, out=128, kernel_size=[3, 3, 3], stride=[1, 1, 1], dilation=[1, 1, 1])
      (norm2): MinkowskiBatchNorm(128, eps=1e-05, momentum=0.1, affine=True, track_running_stats=True)
      (relu): MinkowskiReLU()
      (downsample): Sequential(
        (0): MinkowskiConvolution(in=64, out=128, kernel_size=[1, 1, 1], stride=[1, 1, 1], dilation=[1, 1, 1])
        (1): MinkowskiBatchNorm(128, eps=1e-05, momentum=0.02, affine=True, track_running_stats=True)
      )
    )
    (1): BasicBlock(
      (conv1): MinkowskiConvolution(in=128, out=128, kernel_size=[3, 3, 3], stride=[1, 1, 1], dilation=[1, 1, 1])
      (norm1): MinkowskiBatchNorm(128, eps=1e-05, momentum=0.1, affine=True, track_running_stats=True)
      (conv2): MinkowskiConvolution(in=128, out=128, kernel_size=[3, 3, 3], stride=[1, 1, 1], dilation=[1, 1, 1])
      (norm2): MinkowskiBatchNorm(128, eps=1e-05, momentum=0.1, affine=True, track_running_stats=True)
      (relu): MinkowskiReLU()
    )
    (2): BasicBlock(
      (conv1): MinkowskiConvolution(in=128, out=128, kernel_size=[3, 3, 3], stride=[1, 1, 1], dilation=[1, 1, 1])
      (norm1): MinkowskiBatchNorm(128, eps=1e-05, momentum=0.1, affine=True, track_running_stats=True)
      (conv2): MinkowskiConvolution(in=128, out=128, kernel_size=[3, 3, 3], stride=[1, 1, 1], dilation=[1, 1, 1])
      (norm2): MinkowskiBatchNorm(128, eps=1e-05, momentum=0.1, affine=True, track_running_stats=True)
      (relu): MinkowskiReLU()
    )
    (3): BasicBlock(
      (conv1): MinkowskiConvolution(in=128, out=128, kernel_size=[3, 3, 3], stride=[1, 1, 1], dilation=[1, 1, 1])
      (norm1): MinkowskiBatchNorm(128, eps=1e-05, momentum=0.1, affine=True, track_running_stats=True)
      (conv2): MinkowskiConvolution(in=128, out=128, kernel_size=[3, 3, 3], stride=[1, 1, 1], dilation=[1, 1, 1])
      (norm2): MinkowskiBatchNorm(128, eps=1e-05, momentum=0.1, affine=True, track_running_stats=True)
      (relu): MinkowskiReLU()
    )
  )
  (conv4p8s2): MinkowskiConvolution(in=128, out=128, kernel_size=[2, 2, 2], stride=[2, 2, 2], dilation=[1, 1, 1])
  (bn4): MinkowskiBatchNorm(128, eps=1e-05, momentum=0.02, affine=True, track_running_stats=True)
  (block4): Sequential(
    (0): BasicBlock(
      (conv1): MinkowskiConvolution(in=128, out=256, kernel_size=[3, 3, 3], stride=[1, 1, 1], dilation=[1, 1, 1])
      (norm1): MinkowskiBatchNorm(256, eps=1e-05, momentum=0.1, affine=True, track_running_stats=True)
      (conv2): MinkowskiConvolution(in=256, out=256, kernel_size=[3, 3, 3], stride=[1, 1, 1], dilation=[1, 1, 1])
      (norm2): MinkowskiBatchNorm(256, eps=1e-05, momentum=0.1, affine=True, track_running_stats=True)
      (relu): MinkowskiReLU()
      (downsample): Sequential(
        (0): MinkowskiConvolution(in=128, out=256, kernel_size=[1, 1, 1], stride=[1, 1, 1], dilation=[1, 1, 1])
        (1): MinkowskiBatchNorm(256, eps=1e-05, momentum=0.02, affine=True, track_running_stats=True)
      )
    )
    (1): BasicBlock(
      (conv1): MinkowskiConvolution(in=256, out=256, kernel_size=[3, 3, 3], stride=[1, 1, 1], dilation=[1, 1, 1])
      (norm1): MinkowskiBatchNorm(256, eps=1e-05, momentum=0.1, affine=True, track_running_stats=True)
      (conv2): MinkowskiConvolution(in=256, out=256, kernel_size=[3, 3, 3], stride=[1, 1, 1], dilation=[1, 1, 1])
      (norm2): MinkowskiBatchNorm(256, eps=1e-05, momentum=0.1, affine=True, track_running_stats=True)
      (relu): MinkowskiReLU()
    )
    (2): BasicBlock(
      (conv1): MinkowskiConvolution(in=256, out=256, kernel_size=[3, 3, 3], stride=[1, 1, 1], dilation=[1, 1, 1])
      (norm1): MinkowskiBatchNorm(256, eps=1e-05, momentum=0.1, affine=True, track_running_stats=True)
      (conv2): MinkowskiConvolution(in=256, out=256, kernel_size=[3, 3, 3], stride=[1, 1, 1], dilation=[1, 1, 1])
      (norm2): MinkowskiBatchNorm(256, eps=1e-05, momentum=0.1, affine=True, track_running_stats=True)
      (relu): MinkowskiReLU()
    )
    (3): BasicBlock(
      (conv1): MinkowskiConvolution(in=256, out=256, kernel_size=[3, 3, 3], stride=[1, 1, 1], dilation=[1, 1, 1])
      (norm1): MinkowskiBatchNorm(256, eps=1e-05, momentum=0.1, affine=True, track_running_stats=True)
      (conv2): MinkowskiConvolution(in=256, out=256, kernel_size=[3, 3, 3], stride=[1, 1, 1], dilation=[1, 1, 1])
      (norm2): MinkowskiBatchNorm(256, eps=1e-05, momentum=0.1, affine=True, track_running_stats=True)
      (relu): MinkowskiReLU()
    )
    (4): BasicBlock(
      (conv1): MinkowskiConvolution(in=256, out=256, kernel_size=[3, 3, 3], stride=[1, 1, 1], dilation=[1, 1, 1])
      (norm1): MinkowskiBatchNorm(256, eps=1e-05, momentum=0.1, affine=True, track_running_stats=True)
      (conv2): MinkowskiConvolution(in=256, out=256, kernel_size=[3, 3, 3], stride=[1, 1, 1], dilation=[1, 1, 1])
      (norm2): MinkowskiBatchNorm(256, eps=1e-05, momentum=0.1, affine=True, track_running_stats=True)
      (relu): MinkowskiReLU()
    )
    (5): BasicBlock(
      (conv1): MinkowskiConvolution(in=256, out=256, kernel_size=[3, 3, 3], stride=[1, 1, 1], dilation=[1, 1, 1])
      (norm1): MinkowskiBatchNorm(256, eps=1e-05, momentum=0.1, affine=True, track_running_stats=True)
      (conv2): MinkowskiConvolution(in=256, out=256, kernel_size=[3, 3, 3], stride=[1, 1, 1], dilation=[1, 1, 1])
      (norm2): MinkowskiBatchNorm(256, eps=1e-05, momentum=0.1, affine=True, track_running_stats=True)
      (relu): MinkowskiReLU()
    )
  )
  (convtr4p16s2): MinkowskiConvolutionTranspose(in=256, out=256, kernel_size=[2, 2, 2], stride=[2, 2, 2], dilation=[1, 1, 1])
  (bntr4): MinkowskiBatchNorm(256, eps=1e-05, momentum=0.02, affine=True, track_running_stats=True)
  (block5): Sequential(
    (0): BasicBlock(
      (conv1): MinkowskiConvolution(in=384, out=256, kernel_size=[3, 3, 3], stride=[1, 1, 1], dilation=[1, 1, 1])
      (norm1): MinkowskiBatchNorm(256, eps=1e-05, momentum=0.1, affine=True, track_running_stats=True)
      (conv2): MinkowskiConvolution(in=256, out=256, kernel_size=[3, 3, 3], stride=[1, 1, 1], dilation=[1, 1, 1])
      (norm2): MinkowskiBatchNorm(256, eps=1e-05, momentum=0.1, affine=True, track_running_stats=True)
      (relu): MinkowskiReLU()
      (downsample): Sequential(
        (0): MinkowskiConvolution(in=384, out=256, kernel_size=[1, 1, 1], stride=[1, 1, 1], dilation=[1, 1, 1])
        (1): MinkowskiBatchNorm(256, eps=1e-05, momentum=0.02, affine=True, track_running_stats=True)
      )
    )
    (1): BasicBlock(
      (conv1): MinkowskiConvolution(in=256, out=256, kernel_size=[3, 3, 3], stride=[1, 1, 1], dilation=[1, 1, 1])
      (norm1): MinkowskiBatchNorm(256, eps=1e-05, momentum=0.1, affine=True, track_running_stats=True)
      (conv2): MinkowskiConvolution(in=256, out=256, kernel_size=[3, 3, 3], stride=[1, 1, 1], dilation=[1, 1, 1])
      (norm2): MinkowskiBatchNorm(256, eps=1e-05, momentum=0.1, affine=True, track_running_stats=True)
      (relu): MinkowskiReLU()
    )
  )
  (convtr5p8s2): MinkowskiConvolutionTranspose(in=256, out=128, kernel_size=[2, 2, 2], stride=[2, 2, 2], dilation=[1, 1, 1])
  (bntr5): MinkowskiBatchNorm(128, eps=1e-05, momentum=0.02, affine=True, track_running_stats=True)
  (block6): Sequential(
    (0): BasicBlock(
      (conv1): MinkowskiConvolution(in=192, out=128, kernel_size=[3, 3, 3], stride=[1, 1, 1], dilation=[1, 1, 1])
      (norm1): MinkowskiBatchNorm(128, eps=1e-05, momentum=0.1, affine=True, track_running_stats=True)
      (conv2): MinkowskiConvolution(in=128, out=128, kernel_size=[3, 3, 3], stride=[1, 1, 1], dilation=[1, 1, 1])
      (norm2): MinkowskiBatchNorm(128, eps=1e-05, momentum=0.1, affine=True, track_running_stats=True)
      (relu): MinkowskiReLU()
      (downsample): Sequential(
        (0): MinkowskiConvolution(in=192, out=128, kernel_size=[1, 1, 1], stride=[1, 1, 1], dilation=[1, 1, 1])
        (1): MinkowskiBatchNorm(128, eps=1e-05, momentum=0.02, affine=True, track_running_stats=True)
      )
    )
    (1): BasicBlock(
      (conv1): MinkowskiConvolution(in=128, out=128, kernel_size=[3, 3, 3], stride=[1, 1, 1], dilation=[1, 1, 1])
      (norm1): MinkowskiBatchNorm(128, eps=1e-05, momentum=0.1, affine=True, track_running_stats=True)
      (conv2): MinkowskiConvolution(in=128, out=128, kernel_size=[3, 3, 3], stride=[1, 1, 1], dilation=[1, 1, 1])
      (norm2): MinkowskiBatchNorm(128, eps=1e-05, momentum=0.1, affine=True, track_running_stats=True)
      (relu): MinkowskiReLU()
    )
  )
  (convtr6p4s2): MinkowskiConvolutionTranspose(in=128, out=96, kernel_size=[2, 2, 2], stride=[2, 2, 2], dilation=[1, 1, 1])
  (bntr6): MinkowskiBatchNorm(96, eps=1e-05, momentum=0.02, affine=True, track_running_stats=True)
  (block7): Sequential(
    (0): BasicBlock(
      (conv1): MinkowskiConvolution(in=128, out=96, kernel_size=[3, 3, 3], stride=[1, 1, 1], dilation=[1, 1, 1])
      (norm1): MinkowskiBatchNorm(96, eps=1e-05, momentum=0.1, affine=True, track_running_stats=True)
      (conv2): MinkowskiConvolution(in=96, out=96, kernel_size=[3, 3, 3], stride=[1, 1, 1], dilation=[1, 1, 1])
      (norm2): MinkowskiBatchNorm(96, eps=1e-05, momentum=0.1, affine=True, track_running_stats=True)
      (relu): MinkowskiReLU()
      (downsample): Sequential(
        (0): MinkowskiConvolution(in=128, out=96, kernel_size=[1, 1, 1], stride=[1, 1, 1], dilation=[1, 1, 1])
        (1): MinkowskiBatchNorm(96, eps=1e-05, momentum=0.02, affine=True, track_running_stats=True)
      )
    )
    (1): BasicBlock(
      (conv1): MinkowskiConvolution(in=96, out=96, kernel_size=[3, 3, 3], stride=[1, 1, 1], dilation=[1, 1, 1])
      (norm1): MinkowskiBatchNorm(96, eps=1e-05, momentum=0.1, affine=True, track_running_stats=True)
      (conv2): MinkowskiConvolution(in=96, out=96, kernel_size=[3, 3, 3], stride=[1, 1, 1], dilation=[1, 1, 1])
      (norm2): MinkowskiBatchNorm(96, eps=1e-05, momentum=0.1, affine=True, track_running_stats=True)
      (relu): MinkowskiReLU()
    )
  )
  (convtr7p2s2): MinkowskiConvolutionTranspose(in=96, out=96, kernel_size=[2, 2, 2], stride=[2, 2, 2], dilation=[1, 1, 1])
  (bntr7): MinkowskiBatchNorm(96, eps=1e-05, momentum=0.02, affine=True, track_running_stats=True)
  (block8): Sequential(
    (0): BasicBlock(
      (conv1): MinkowskiConvolution(in=128, out=96, kernel_size=[3, 3, 3], stride=[1, 1, 1], dilation=[1, 1, 1])
      (norm1): MinkowskiBatchNorm(96, eps=1e-05, momentum=0.1, affine=True, track_running_stats=True)
      (conv2): MinkowskiConvolution(in=96, out=96, kernel_size=[3, 3, 3], stride=[1, 1, 1], dilation=[1, 1, 1])
      (norm2): MinkowskiBatchNorm(96, eps=1e-05, momentum=0.1, affine=True, track_running_stats=True)
      (relu): MinkowskiReLU()
      (downsample): Sequential(
        (0): MinkowskiConvolution(in=128, out=96, kernel_size=[1, 1, 1], stride=[1, 1, 1], dilation=[1, 1, 1])
        (1): MinkowskiBatchNorm(96, eps=1e-05, momentum=0.02, affine=True, track_running_stats=True)
      )
    )
    (1): BasicBlock(
      (conv1): MinkowskiConvolution(in=96, out=96, kernel_size=[3, 3, 3], stride=[1, 1, 1], dilation=[1, 1, 1])
      (norm1): MinkowskiBatchNorm(96, eps=1e-05, momentum=0.1, affine=True, track_running_stats=True)
      (conv2): MinkowskiConvolution(in=96, out=96, kernel_size=[3, 3, 3], stride=[1, 1, 1], dilation=[1, 1, 1])
      (norm2): MinkowskiBatchNorm(96, eps=1e-05, momentum=0.1, affine=True, track_running_stats=True)
      (relu): MinkowskiReLU()
    )
  )
  (final): MinkowskiConvolution(in=96, out=20, kernel_size=[1, 1, 1], stride=[1, 1, 1], dilation=[1, 1, 1])
  (relu): MinkowskiReLU()
)
wandb: Currently logged in as: tb5zhh (use `wandb login --relogin` to force relogin)
wandb: Tracking run with wandb version 0.12.4
wandb: Syncing run robust-snow-228
wandb:  View project at https://wandb.ai/tb5zhh/3dsp
wandb:  View run at https://wandb.ai/tb5zhh/3dsp/runs/jqg45umt
wandb: Run data is saved locally in /home/aidrive/tb5zhh/3DScanSeg/wandb/run-20211109_005427-jqg45umt
wandb: Run `wandb offline` to turn off syncing.

[34m[1mwandb[0m: [33mWARNING[0m Calling run.save without any arguments is deprecated.Changes to attributes are automatically persisted.
[2021-11-09 00:54:34][root	][INFO	] Loading ScannetVoxelization2cmDataset: scannetv2_train.txt
[2021-11-09 00:54:34][root	][INFO	] Loading ScannetVoxelization2cmtestDataset: scannetv2_val.txt
[2021-11-09 00:54:34][__main__	][INFO	] Dataloader setup done
[2021-11-09 00:54:34][__main__	][INFO	] My rank : 0 / 1
[2021-11-09 00:54:34][__main__	][INFO	] Start training
[2021-11-09 00:54:43][__main__	][INFO	] TRAIN at global step #1 Epoch #1 Step #1 / 151: loss:3.3675, precision: 2.0317
[2021-11-09 00:54:46][__main__	][INFO	] TRAIN at global step #2 Epoch #1 Step #2 / 151: loss:3.1156, precision: 1.9162
[2021-11-09 00:54:50][__main__	][INFO	] TRAIN at global step #3 Epoch #1 Step #3 / 151: loss:3.0254, precision: 7.0960
[2021-11-09 00:54:54][__main__	][INFO	] TRAIN at global step #4 Epoch #1 Step #4 / 151: loss:2.8466, precision: 12.5980
[2021-11-09 00:54:56][__main__	][INFO	] TRAIN at global step #5 Epoch #1 Step #5 / 151: loss:2.6029, precision: 13.3848
[2021-11-09 00:54:59][__main__	][INFO	] TRAIN at global step #6 Epoch #1 Step #6 / 151: loss:2.5267, precision: 11.2174
[2021-11-09 00:55:03][__main__	][INFO	] TRAIN at global step #7 Epoch #1 Step #7 / 151: loss:2.7000, precision: 11.3759
[2021-11-09 00:55:07][__main__	][INFO	] TRAIN at global step #8 Epoch #1 Step #8 / 151: loss:2.4292, precision: 15.6363
[2021-11-09 00:55:10][__main__	][INFO	] TRAIN at global step #9 Epoch #1 Step #9 / 151: loss:2.2670, precision: 18.6101
[2021-11-09 00:55:15][__main__	][INFO	] TRAIN at global step #10 Epoch #1 Step #10 / 151: loss:2.3827, precision: 18.5775
[2021-11-09 00:55:19][__main__	][INFO	] TRAIN at global step #11 Epoch #1 Step #11 / 151: loss:2.4434, precision: 15.3037
[2021-11-09 00:55:23][__main__	][INFO	] TRAIN at global step #12 Epoch #1 Step #12 / 151: loss:2.4437, precision: 18.0941
[2021-11-09 00:55:26][__main__	][INFO	] TRAIN at global step #13 Epoch #1 Step #13 / 151: loss:2.4287, precision: 18.1809
[2021-11-09 00:55:29][__main__	][INFO	] TRAIN at global step #14 Epoch #1 Step #14 / 151: loss:2.1173, precision: 23.5850
[2021-11-09 00:55:32][__main__	][INFO	] TRAIN at global step #15 Epoch #1 Step #15 / 151: loss:2.3665, precision: 16.0500
[2021-11-09 00:55:36][__main__	][INFO	] TRAIN at global step #16 Epoch #1 Step #16 / 151: loss:2.2813, precision: 19.4794
[2021-11-09 00:55:39][__main__	][INFO	] TRAIN at global step #17 Epoch #1 Step #17 / 151: loss:2.2447, precision: 16.4654
[2021-11-09 00:55:42][__main__	][INFO	] TRAIN at global step #18 Epoch #1 Step #18 / 151: loss:2.1999, precision: 19.1351
[2021-11-09 00:55:46][__main__	][INFO	] TRAIN at global step #19 Epoch #1 Step #19 / 151: loss:2.2598, precision: 21.8912
[2021-11-09 00:55:49][__main__	][INFO	] TRAIN at global step #20 Epoch #1 Step #20 / 151: loss:2.5005, precision: 15.4004
[2021-11-09 00:55:52][__main__	][INFO	] TRAIN at global step #21 Epoch #1 Step #21 / 151: loss:2.3906, precision: 16.6655
[2021-11-09 00:55:55][__main__	][INFO	] TRAIN at global step #22 Epoch #1 Step #22 / 151: loss:2.1271, precision: 23.0707
[2021-11-09 00:55:59][__main__	][INFO	] TRAIN at global step #23 Epoch #1 Step #23 / 151: loss:2.2426, precision: 20.4063
[2021-11-09 00:56:02][__main__	][INFO	] TRAIN at global step #24 Epoch #1 Step #24 / 151: loss:2.1373, precision: 23.2842
[2021-11-09 00:56:05][__main__	][INFO	] TRAIN at global step #25 Epoch #1 Step #25 / 151: loss:2.1388, precision: 20.3834
[2021-11-09 00:56:08][__main__	][INFO	] TRAIN at global step #26 Epoch #1 Step #26 / 151: loss:2.2687, precision: 16.5673
[2021-11-09 00:56:12][__main__	][INFO	] TRAIN at global step #27 Epoch #1 Step #27 / 151: loss:2.2166, precision: 20.1776
[2021-11-09 00:56:15][__main__	][INFO	] TRAIN at global step #28 Epoch #1 Step #28 / 151: loss:2.1707, precision: 14.3483
[2021-11-09 00:56:19][__main__	][INFO	] TRAIN at global step #29 Epoch #1 Step #29 / 151: loss:2.1290, precision: 22.2602
[2021-11-09 00:56:23][__main__	][INFO	] TRAIN at global step #30 Epoch #1 Step #30 / 151: loss:2.2106, precision: 19.9253
[2021-11-09 00:56:27][__main__	][INFO	] TRAIN at global step #31 Epoch #1 Step #31 / 151: loss:2.1826, precision: 21.7324
[2021-11-09 00:56:29][__main__	][INFO	] TRAIN at global step #32 Epoch #1 Step #32 / 151: loss:2.1578, precision: 29.2582
[2021-11-09 00:56:32][__main__	][INFO	] TRAIN at global step #33 Epoch #1 Step #33 / 151: loss:2.3129, precision: 17.0512
[2021-11-09 00:56:35][__main__	][INFO	] TRAIN at global step #34 Epoch #1 Step #34 / 151: loss:2.3536, precision: 17.3282
[2021-11-09 00:56:38][__main__	][INFO	] TRAIN at global step #35 Epoch #1 Step #35 / 151: loss:1.9653, precision: 26.2449
[2021-11-09 00:56:42][__main__	][INFO	] TRAIN at global step #36 Epoch #1 Step #36 / 151: loss:1.8863, precision: 27.9849
[2021-11-09 00:56:46][__main__	][INFO	] TRAIN at global step #37 Epoch #1 Step #37 / 151: loss:2.2598, precision: 20.3613
[2021-11-09 00:56:48][__main__	][INFO	] TRAIN at global step #38 Epoch #1 Step #38 / 151: loss:2.0913, precision: 17.9780
[2021-11-09 00:56:51][__main__	][INFO	] TRAIN at global step #39 Epoch #1 Step #39 / 151: loss:1.9151, precision: 25.3622
[2021-11-09 00:56:55][__main__	][INFO	] TRAIN at global step #40 Epoch #1 Step #40 / 151: loss:2.3104, precision: 17.6657
[2021-11-09 00:56:57][__main__	][INFO	] TRAIN at global step #41 Epoch #1 Step #41 / 151: loss:2.0073, precision: 23.8235
[2021-11-09 00:57:02][__main__	][INFO	] TRAIN at global step #42 Epoch #1 Step #42 / 151: loss:2.4748, precision: 11.4685
[2021-11-09 00:57:05][__main__	][INFO	] TRAIN at global step #43 Epoch #1 Step #43 / 151: loss:1.8476, precision: 27.8777
[2021-11-09 00:57:09][__main__	][INFO	] TRAIN at global step #44 Epoch #1 Step #44 / 151: loss:2.4296, precision: 17.3494
[2021-11-09 00:57:12][__main__	][INFO	] TRAIN at global step #45 Epoch #1 Step #45 / 151: loss:2.5332, precision: 11.7526
[2021-11-09 00:57:16][__main__	][INFO	] TRAIN at global step #46 Epoch #1 Step #46 / 151: loss:2.4860, precision: 9.5749
[2021-11-09 00:57:20][__main__	][INFO	] TRAIN at global step #47 Epoch #1 Step #47 / 151: loss:2.2511, precision: 19.7083
[2021-11-09 00:57:24][__main__	][INFO	] TRAIN at global step #48 Epoch #1 Step #48 / 151: loss:2.0777, precision: 18.4207
[2021-11-09 00:57:27][__main__	][INFO	] TRAIN at global step #49 Epoch #1 Step #49 / 151: loss:2.1140, precision: 16.2878
[2021-11-09 00:57:32][__main__	][INFO	] TRAIN at global step #50 Epoch #1 Step #50 / 151: loss:2.1903, precision: 21.1801
[2021-11-09 00:57:34][__main__	][INFO	] TRAIN at global step #51 Epoch #1 Step #51 / 151: loss:1.8865, precision: 26.8965
[2021-11-09 00:57:36][__main__	][INFO	] TRAIN at global step #52 Epoch #1 Step #52 / 151: loss:2.0762, precision: 22.0978
[2021-11-09 00:57:39][__main__	][INFO	] TRAIN at global step #53 Epoch #1 Step #53 / 151: loss:2.1601, precision: 20.5013
[2021-11-09 00:57:42][__main__	][INFO	] TRAIN at global step #54 Epoch #1 Step #54 / 151: loss:2.1404, precision: 20.8933
[2021-11-09 00:57:45][__main__	][INFO	] TRAIN at global step #55 Epoch #1 Step #55 / 151: loss:1.9354, precision: 24.8985
[2021-11-09 00:57:50][__main__	][INFO	] TRAIN at global step #56 Epoch #1 Step #56 / 151: loss:2.2886, precision: 18.7540
[2021-11-09 00:57:53][__main__	][INFO	] TRAIN at global step #57 Epoch #1 Step #57 / 151: loss:1.9936, precision: 20.0481
[2021-11-09 00:57:56][__main__	][INFO	] TRAIN at global step #58 Epoch #1 Step #58 / 151: loss:2.5054, precision: 12.1788
[2021-11-09 00:57:59][__main__	][INFO	] TRAIN at global step #59 Epoch #1 Step #59 / 151: loss:1.8728, precision: 19.4244
[2021-11-09 00:58:02][__main__	][INFO	] TRAIN at global step #60 Epoch #1 Step #60 / 151: loss:1.9481, precision: 30.2098
[2021-11-09 00:58:05][__main__	][INFO	] TRAIN at global step #61 Epoch #1 Step #61 / 151: loss:1.9080, precision: 22.1875
[2021-11-09 00:58:08][__main__	][INFO	] TRAIN at global step #62 Epoch #1 Step #62 / 151: loss:2.1780, precision: 22.0988
[2021-11-09 00:58:11][__main__	][INFO	] TRAIN at global step #63 Epoch #1 Step #63 / 151: loss:2.1218, precision: 16.6737
[2021-11-09 00:58:15][__main__	][INFO	] TRAIN at global step #64 Epoch #1 Step #64 / 151: loss:2.1518, precision: 18.3967
[2021-11-09 00:58:18][__main__	][INFO	] TRAIN at global step #65 Epoch #1 Step #65 / 151: loss:1.9957, precision: 27.5393
[2021-11-09 00:58:21][__main__	][INFO	] TRAIN at global step #66 Epoch #1 Step #66 / 151: loss:1.7612, precision: 36.4858
[2021-11-09 00:58:25][__main__	][INFO	] TRAIN at global step #67 Epoch #1 Step #67 / 151: loss:2.0037, precision: 23.0184
[2021-11-09 00:58:28][__main__	][INFO	] TRAIN at global step #68 Epoch #1 Step #68 / 151: loss:2.3225, precision: 13.8598
[2021-11-09 00:58:30][__main__	][INFO	] TRAIN at global step #69 Epoch #1 Step #69 / 151: loss:1.9530, precision: 33.1221
[2021-11-09 00:58:34][__main__	][INFO	] TRAIN at global step #70 Epoch #1 Step #70 / 151: loss:1.9015, precision: 27.1398
[2021-11-09 00:58:38][__main__	][INFO	] TRAIN at global step #71 Epoch #1 Step #71 / 151: loss:2.3481, precision: 14.8900
[2021-11-09 00:58:41][__main__	][INFO	] TRAIN at global step #72 Epoch #1 Step #72 / 151: loss:2.1981, precision: 19.8675
[2021-11-09 00:58:44][__main__	][INFO	] TRAIN at global step #73 Epoch #1 Step #73 / 151: loss:2.3355, precision: 18.9216
[2021-11-09 00:58:48][__main__	][INFO	] TRAIN at global step #74 Epoch #1 Step #74 / 151: loss:2.1900, precision: 16.3801
[2021-11-09 00:58:51][__main__	][INFO	] TRAIN at global step #75 Epoch #1 Step #75 / 151: loss:2.1738, precision: 16.8741
[2021-11-09 00:58:54][__main__	][INFO	] TRAIN at global step #76 Epoch #1 Step #76 / 151: loss:2.1325, precision: 21.9933
[2021-11-09 00:58:57][__main__	][INFO	] TRAIN at global step #77 Epoch #1 Step #77 / 151: loss:1.9920, precision: 25.8351
[2021-11-09 00:59:00][__main__	][INFO	] TRAIN at global step #78 Epoch #1 Step #78 / 151: loss:2.0869, precision: 21.1056
[2021-11-09 00:59:04][__main__	][INFO	] TRAIN at global step #79 Epoch #1 Step #79 / 151: loss:2.2947, precision: 17.1418
[2021-11-09 00:59:07][__main__	][INFO	] TRAIN at global step #80 Epoch #1 Step #80 / 151: loss:2.3119, precision: 16.6231
[2021-11-09 00:59:10][__main__	][INFO	] TRAIN at global step #81 Epoch #1 Step #81 / 151: loss:2.0320, precision: 22.2840
[2021-11-09 00:59:13][__main__	][INFO	] TRAIN at global step #82 Epoch #1 Step #82 / 151: loss:2.4509, precision: 11.2948
[2021-11-09 00:59:17][__main__	][INFO	] TRAIN at global step #83 Epoch #1 Step #83 / 151: loss:2.0258, precision: 25.9180
[2021-11-09 00:59:20][__main__	][INFO	] TRAIN at global step #84 Epoch #1 Step #84 / 151: loss:2.2674, precision: 15.8664
[2021-11-09 00:59:24][__main__	][INFO	] TRAIN at global step #85 Epoch #1 Step #85 / 151: loss:2.2936, precision: 20.4806
[2021-11-09 00:59:27][__main__	][INFO	] TRAIN at global step #86 Epoch #1 Step #86 / 151: loss:1.9417, precision: 29.2014
[2021-11-09 00:59:31][__main__	][INFO	] TRAIN at global step #87 Epoch #1 Step #87 / 151: loss:2.2059, precision: 17.2851
[2021-11-09 00:59:35][__main__	][INFO	] TRAIN at global step #88 Epoch #1 Step #88 / 151: loss:2.0810, precision: 20.9971
[2021-11-09 00:59:38][__main__	][INFO	] TRAIN at global step #89 Epoch #1 Step #89 / 151: loss:2.4119, precision: 16.0179
[2021-11-09 00:59:41][__main__	][INFO	] TRAIN at global step #90 Epoch #1 Step #90 / 151: loss:2.0225, precision: 23.3310
[2021-11-09 00:59:45][__main__	][INFO	] TRAIN at global step #91 Epoch #1 Step #91 / 151: loss:2.1627, precision: 17.5534
slurmstepd: error: *** JOB 922 ON air-node-01 CANCELLED AT 2021-11-09T00:59:49 ***
