/home/aidrive/tb5zhh/.conda/envs/tbw_3dscan/lib/python3.8/site-packages/MinkowskiEngine/__init__.py:36: UserWarning: The environment variable `OMP_NUM_THREADS` not set. MinkowskiEngine will automatically set `OMP_NUM_THREADS=16`. If you want to set `OMP_NUM_THREADS` manually, please export it on the command line before running a python script. e.g. `export OMP_NUM_THREADS=12; python your_program.py`. It is recommended to set it below 24.
  warnings.warn(
[2021-11-09 12:08:19][__main__	][INFO	] Run with 1 cpu
[2021-11-09 12:08:19][__main__	][INFO	] Running config
[2021-11-09 12:08:19][__main__	][INFO	] --->                          model: Res16UNet34C
[2021-11-09 12:08:19][__main__	][INFO	] --->              conv1_kernel_size: 5
[2021-11-09 12:08:19][__main__	][INFO	] --->                        weights: checkpoints/pretrain_20000.pth
[2021-11-09 12:08:19][__main__	][INFO	] --->                       weights1: /home/aidrive1/workspace/luoly/dataset/final/min_weights/LR/unc/1/512/checkpoint_NoneRes16UNet34Cbest_val.pth
[2021-11-09 12:08:19][__main__	][INFO	] --->                       weights2: /home/aidrive1/workspace/luoly/dataset/final/min_weights/LR/512/1/checkpoint_NoneRes16UNet34Cbest_val.pth
[2021-11-09 12:08:19][__main__	][INFO	] --->                       weights3: /home/aidrive1/workspace/luoly/dataset/final/min_weights/LR/1024/1/checkpoint_NoneRes16UNet34Cbest_val.pth
[2021-11-09 12:08:19][__main__	][INFO	] --->        weights_for_inner_model: False
[2021-11-09 12:08:19][__main__	][INFO	] --->                      dilations: [1, 1, 1, 1]
[2021-11-09 12:08:19][__main__	][INFO	] --->                   wrapper_type: None
[2021-11-09 12:08:19][__main__	][INFO	] --->            wrapper_region_type: 1
[2021-11-09 12:08:19][__main__	][INFO	] --->            wrapper_kernel_size: 3
[2021-11-09 12:08:19][__main__	][INFO	] --->                     wrapper_lr: 0.1
[2021-11-09 12:08:19][__main__	][INFO	] --->           meanfield_iterations: 10
[2021-11-09 12:08:19][__main__	][INFO	] --->              crf_spatial_sigma: 1
[2021-11-09 12:08:19][__main__	][INFO	] --->            crf_chromatic_sigma: 12
[2021-11-09 12:08:19][__main__	][INFO	] --->                      optimizer: SGD
[2021-11-09 12:08:19][__main__	][INFO	] --->                             lr: 0.1
[2021-11-09 12:08:19][__main__	][INFO	] --->                   sgd_momentum: 0.9
[2021-11-09 12:08:19][__main__	][INFO	] --->                  sgd_dampening: 0.1
[2021-11-09 12:08:19][__main__	][INFO	] --->                     adam_beta1: 0.9
[2021-11-09 12:08:19][__main__	][INFO	] --->                     adam_beta2: 0.999
[2021-11-09 12:08:19][__main__	][INFO	] --->                   weight_decay: 0.0001
[2021-11-09 12:08:19][__main__	][INFO	] --->           param_histogram_freq: 100
[2021-11-09 12:08:19][__main__	][INFO	] --->           save_param_histogram: False
[2021-11-09 12:08:19][__main__	][INFO	] --->                      iter_size: 1
[2021-11-09 12:08:19][__main__	][INFO	] --->                    bn_momentum: 0.02
[2021-11-09 12:08:19][__main__	][INFO	] --->                      scheduler: PolyLR
[2021-11-09 12:08:19][__main__	][INFO	] --->                       max_iter: 30000
[2021-11-09 12:08:19][__main__	][INFO	] --->                      step_size: 20000.0
[2021-11-09 12:08:19][__main__	][INFO	] --->                     step_gamma: 0.1
[2021-11-09 12:08:19][__main__	][INFO	] --->                     poly_power: 0.9
[2021-11-09 12:08:19][__main__	][INFO	] --->                      exp_gamma: 0.95
[2021-11-09 12:08:19][__main__	][INFO	] --->                  exp_step_size: 445
[2021-11-09 12:08:19][__main__	][INFO	] --->                        log_dir: log
[2021-11-09 12:08:19][__main__	][INFO	] --->                       data_dir: data
[2021-11-09 12:08:19][__main__	][INFO	] --->                        dataset: ScannetVoxelization2cmDataset
[2021-11-09 12:08:19][__main__	][INFO	] --->                    testdataset: ScannetVoxelization2cmtestDataset
[2021-11-09 12:08:19][__main__	][INFO	] --->              temporal_dilation: 30
[2021-11-09 12:08:19][__main__	][INFO	] --->                temporal_numseq: 3
[2021-11-09 12:08:19][__main__	][INFO	] --->                      point_lim: -1
[2021-11-09 12:08:19][__main__	][INFO	] --->                  pre_point_lim: -1
[2021-11-09 12:08:19][__main__	][INFO	] --->                     batch_size: 1
[2021-11-09 12:08:19][__main__	][INFO	] --->                test_batch_size: 1
[2021-11-09 12:08:19][__main__	][INFO	] --->                     cache_data: False
[2021-11-09 12:08:19][__main__	][INFO	] --->                    num_workers: 4
[2021-11-09 12:08:19][__main__	][INFO	] --->                num_val_workers: 1
[2021-11-09 12:08:19][__main__	][INFO	] --->                   ignore_label: 255
[2021-11-09 12:08:19][__main__	][INFO	] --->          return_transformation: False
[2021-11-09 12:08:19][__main__	][INFO	] --->         ignore_duplicate_class: False
[2021-11-09 12:08:19][__main__	][INFO	] --->                   partial_crop: 0.0
[2021-11-09 12:08:19][__main__	][INFO	] --->          train_limit_numpoints: 0
[2021-11-09 12:08:19][__main__	][INFO	] --->                   synthia_path: /home/chrischoy/datasets/Synthia/Synthia4D
[2021-11-09 12:08:19][__main__	][INFO	] --->            synthia_camera_path: /home/chrischoy/datasets/Synthia/%s/CameraParams/
[2021-11-09 12:08:19][__main__	][INFO	] --->  synthia_camera_intrinsic_file: intrinsics.txt
[2021-11-09 12:08:19][__main__	][INFO	] ---> synthia_camera_extrinsics_file: Stereo_Right/Omni_F/%s.txt
[2021-11-09 12:08:19][__main__	][INFO	] --->         temporal_rand_dilation: False
[2021-11-09 12:08:19][__main__	][INFO	] --->           temporal_rand_numseq: False
[2021-11-09 12:08:19][__main__	][INFO	] --->                   scannet_path: /home/aidrive/tb5zhh/data/100_fit_sdouble/train
[2021-11-09 12:08:19][__main__	][INFO	] --->              scannet_test_path: /home/aidrive/tb5zhh/data/full/train
[2021-11-09 12:08:19][__main__	][INFO	] --->                stanford3d_path: /home/chrischoy/datasets/Stanford3D
[2021-11-09 12:08:19][__main__	][INFO	] --->                       is_train: True
[2021-11-09 12:08:19][__main__	][INFO	] --->                      stat_freq: 40
[2021-11-09 12:08:19][__main__	][INFO	] --->                 test_stat_freq: 100
[2021-11-09 12:08:19][__main__	][INFO	] --->                test_stat_freq1: 312
[2021-11-09 12:08:19][__main__	][INFO	] --->                      save_freq: 1000
[2021-11-09 12:08:19][__main__	][INFO	] --->                       val_freq: 2
[2021-11-09 12:08:19][__main__	][INFO	] --->               empty_cache_freq: 1
[2021-11-09 12:08:19][__main__	][INFO	] --->                    train_phase: train
[2021-11-09 12:08:19][__main__	][INFO	] --->                      val_phase: val
[2021-11-09 12:08:19][__main__	][INFO	] --->              overwrite_weights: True
[2021-11-09 12:08:19][__main__	][INFO	] --->                         resume: None
[2021-11-09 12:08:19][__main__	][INFO	] --->               resume_optimizer: True
[2021-11-09 12:08:19][__main__	][INFO	] --->                  eval_upsample: False
[2021-11-09 12:08:19][__main__	][INFO	] --->         lenient_weight_loading: False
[2021-11-09 12:08:19][__main__	][INFO	] --->         distributed_world_size: 2
[2021-11-09 12:08:19][__main__	][INFO	] --->               distributed_rank: 0
[2021-11-09 12:08:19][__main__	][INFO	] --->            distributed_backend: nccl
[2021-11-09 12:08:19][__main__	][INFO	] --->        distributed_init_method: 
[2021-11-09 12:08:19][__main__	][INFO	] --->               distributed_port: 10010
[2021-11-09 12:08:19][__main__	][INFO	] --->                      device_id: 0
[2021-11-09 12:08:19][__main__	][INFO	] --->           distributed_no_spawn: True
[2021-11-09 12:08:19][__main__	][INFO	] --->                    ddp_backend: c10d
[2021-11-09 12:08:19][__main__	][INFO	] --->                  bucket_cap_mb: 25
[2021-11-09 12:08:19][__main__	][INFO	] --->                   use_feat_aug: True
[2021-11-09 12:08:19][__main__	][INFO	] --->     data_aug_color_trans_ratio: 0.1
[2021-11-09 12:08:19][__main__	][INFO	] --->      data_aug_color_jitter_std: 0.05
[2021-11-09 12:08:19][__main__	][INFO	] --->                normalize_color: True
[2021-11-09 12:08:19][__main__	][INFO	] --->             data_aug_scale_min: 0.9
[2021-11-09 12:08:19][__main__	][INFO	] --->             data_aug_scale_max: 1.1
[2021-11-09 12:08:19][__main__	][INFO	] --->               data_aug_hue_max: 0.5
[2021-11-09 12:08:19][__main__	][INFO	] --->        data_aug_saturation_max: 0.2
[2021-11-09 12:08:19][__main__	][INFO	] --->                      visualize: False
[2021-11-09 12:08:19][__main__	][INFO	] --->          test_temporal_average: False
[2021-11-09 12:08:19][__main__	][INFO	] --->                 visualize_path: outputs/visualize
[2021-11-09 12:08:19][__main__	][INFO	] --->                save_prediction: False
[2021-11-09 12:08:19][__main__	][INFO	] --->                  save_pred_dir: outputs/pred
[2021-11-09 12:08:19][__main__	][INFO	] --->                     test_phase: test
[2021-11-09 12:08:19][__main__	][INFO	] --->   evaluate_original_pointcloud: False
[2021-11-09 12:08:19][__main__	][INFO	] --->       test_original_pointcloud: False
[2021-11-09 12:08:19][__main__	][INFO	] --->                        is_cuda: True
[2021-11-09 12:08:19][__main__	][INFO	] --->                      load_path: 
[2021-11-09 12:08:19][__main__	][INFO	] --->                       log_step: 50
[2021-11-09 12:08:19][__main__	][INFO	] --->                      log_level: INFO
[2021-11-09 12:08:19][__main__	][INFO	] --->                        num_gpu: 1
[2021-11-09 12:08:19][__main__	][INFO	] --->                           seed: 42
[2021-11-09 12:08:19][__main__	][INFO	] --->                       run_name: finetune_fit_sdouble_0.1_100_Res16UNet34C
[2021-11-09 12:08:19][__main__	][INFO	] --->                      unc_round: 20
[2021-11-09 12:08:19][__main__	][INFO	] --->                 unc_result_dir: /
[2021-11-09 12:08:19][__main__	][INFO	] --->                          wandb: True
[2021-11-09 12:08:19][__main__	][INFO	] --->                  train_dataset: ScannetVoxelization2cmDataset
[2021-11-09 12:08:19][__main__	][INFO	] --->                    val_dataset: ScannetVoxelization2cmtestDataset
[2021-11-09 12:08:19][__main__	][INFO	] --->                 checkpoint_dir: checkpoints
[2021-11-09 12:08:19][__main__	][INFO	] --->                     optim_step: 2
[2021-11-09 12:08:19][__main__	][INFO	] --->                  validate_step: 150
[2021-11-09 12:08:19][__main__	][INFO	] --->                    train_epoch: 20000
[2021-11-09 12:08:19][__main__	][INFO	] --->               train_batch_size: 8
[2021-11-09 12:08:19][__main__	][INFO	] --->                 val_batch_size: 8
[2021-11-09 12:08:19][__main__	][INFO	] --->                eval_result_dir: /
[2021-11-09 12:08:19][__main__	][INFO	] --->                  unc_stat_path: /
[2021-11-09 12:08:19][__main__	][INFO	] --->                     save_epoch: 1
[2021-11-09 12:08:19][__main__	][INFO	] --->                   ignore_index: 255
[2021-11-09 12:08:19][__main__	][INFO	] --->                       do_train: True
[2021-11-09 12:08:19][__main__	][INFO	] --->               do_unc_inference: False
[2021-11-09 12:08:19][__main__	][INFO	] --->                    do_unc_demo: False
[2021-11-09 12:08:19][__main__	][INFO	] --->                    unc_dataset: 
[2021-11-09 12:08:19][__main__	][INFO	] --->           do_verbose_inference: False
[2021-11-09 12:08:19][__main__	][INFO	] --->                  do_unc_render: False
[2021-11-09 12:08:26][__main__	][INFO	] Weights loaded from checkpoints/pretrain_20000.pth
[2021-11-09 12:08:26][__main__	][INFO	] Model setup done
[2021-11-09 12:08:26][__main__	][INFO	] 
Res16UNet34C(
  (conv0p1s1): MinkowskiConvolution(in=3, out=32, kernel_size=[5, 5, 5], stride=[1, 1, 1], dilation=[1, 1, 1])
  (bn0): MinkowskiBatchNorm(32, eps=1e-05, momentum=0.02, affine=True, track_running_stats=True)
  (conv1p1s2): MinkowskiConvolution(in=32, out=32, kernel_size=[2, 2, 2], stride=[2, 2, 2], dilation=[1, 1, 1])
  (bn1): MinkowskiBatchNorm(32, eps=1e-05, momentum=0.02, affine=True, track_running_stats=True)
  (block1): Sequential(
    (0): BasicBlock(
      (conv1): MinkowskiConvolution(in=32, out=32, kernel_size=[3, 3, 3], stride=[1, 1, 1], dilation=[1, 1, 1])
      (norm1): MinkowskiBatchNorm(32, eps=1e-05, momentum=0.1, affine=True, track_running_stats=True)
      (conv2): MinkowskiConvolution(in=32, out=32, kernel_size=[3, 3, 3], stride=[1, 1, 1], dilation=[1, 1, 1])
      (norm2): MinkowskiBatchNorm(32, eps=1e-05, momentum=0.1, affine=True, track_running_stats=True)
      (relu): MinkowskiReLU()
    )
    (1): BasicBlock(
      (conv1): MinkowskiConvolution(in=32, out=32, kernel_size=[3, 3, 3], stride=[1, 1, 1], dilation=[1, 1, 1])
      (norm1): MinkowskiBatchNorm(32, eps=1e-05, momentum=0.1, affine=True, track_running_stats=True)
      (conv2): MinkowskiConvolution(in=32, out=32, kernel_size=[3, 3, 3], stride=[1, 1, 1], dilation=[1, 1, 1])
      (norm2): MinkowskiBatchNorm(32, eps=1e-05, momentum=0.1, affine=True, track_running_stats=True)
      (relu): MinkowskiReLU()
    )
  )
  (conv2p2s2): MinkowskiConvolution(in=32, out=32, kernel_size=[2, 2, 2], stride=[2, 2, 2], dilation=[1, 1, 1])
  (bn2): MinkowskiBatchNorm(32, eps=1e-05, momentum=0.02, affine=True, track_running_stats=True)
  (block2): Sequential(
    (0): BasicBlock(
      (conv1): MinkowskiConvolution(in=32, out=64, kernel_size=[3, 3, 3], stride=[1, 1, 1], dilation=[1, 1, 1])
      (norm1): MinkowskiBatchNorm(64, eps=1e-05, momentum=0.1, affine=True, track_running_stats=True)
      (conv2): MinkowskiConvolution(in=64, out=64, kernel_size=[3, 3, 3], stride=[1, 1, 1], dilation=[1, 1, 1])
      (norm2): MinkowskiBatchNorm(64, eps=1e-05, momentum=0.1, affine=True, track_running_stats=True)
      (relu): MinkowskiReLU()
      (downsample): Sequential(
        (0): MinkowskiConvolution(in=32, out=64, kernel_size=[1, 1, 1], stride=[1, 1, 1], dilation=[1, 1, 1])
        (1): MinkowskiBatchNorm(64, eps=1e-05, momentum=0.02, affine=True, track_running_stats=True)
      )
    )
    (1): BasicBlock(
      (conv1): MinkowskiConvolution(in=64, out=64, kernel_size=[3, 3, 3], stride=[1, 1, 1], dilation=[1, 1, 1])
      (norm1): MinkowskiBatchNorm(64, eps=1e-05, momentum=0.1, affine=True, track_running_stats=True)
      (conv2): MinkowskiConvolution(in=64, out=64, kernel_size=[3, 3, 3], stride=[1, 1, 1], dilation=[1, 1, 1])
      (norm2): MinkowskiBatchNorm(64, eps=1e-05, momentum=0.1, affine=True, track_running_stats=True)
      (relu): MinkowskiReLU()
    )
    (2): BasicBlock(
      (conv1): MinkowskiConvolution(in=64, out=64, kernel_size=[3, 3, 3], stride=[1, 1, 1], dilation=[1, 1, 1])
      (norm1): MinkowskiBatchNorm(64, eps=1e-05, momentum=0.1, affine=True, track_running_stats=True)
      (conv2): MinkowskiConvolution(in=64, out=64, kernel_size=[3, 3, 3], stride=[1, 1, 1], dilation=[1, 1, 1])
      (norm2): MinkowskiBatchNorm(64, eps=1e-05, momentum=0.1, affine=True, track_running_stats=True)
      (relu): MinkowskiReLU()
    )
  )
  (conv3p4s2): MinkowskiConvolution(in=64, out=64, kernel_size=[2, 2, 2], stride=[2, 2, 2], dilation=[1, 1, 1])
  (bn3): MinkowskiBatchNorm(64, eps=1e-05, momentum=0.02, affine=True, track_running_stats=True)
  (block3): Sequential(
    (0): BasicBlock(
      (conv1): MinkowskiConvolution(in=64, out=128, kernel_size=[3, 3, 3], stride=[1, 1, 1], dilation=[1, 1, 1])
      (norm1): MinkowskiBatchNorm(128, eps=1e-05, momentum=0.1, affine=True, track_running_stats=True)
      (conv2): MinkowskiConvolution(in=128, out=128, kernel_size=[3, 3, 3], stride=[1, 1, 1], dilation=[1, 1, 1])
      (norm2): MinkowskiBatchNorm(128, eps=1e-05, momentum=0.1, affine=True, track_running_stats=True)
      (relu): MinkowskiReLU()
      (downsample): Sequential(
        (0): MinkowskiConvolution(in=64, out=128, kernel_size=[1, 1, 1], stride=[1, 1, 1], dilation=[1, 1, 1])
        (1): MinkowskiBatchNorm(128, eps=1e-05, momentum=0.02, affine=True, track_running_stats=True)
      )
    )
    (1): BasicBlock(
      (conv1): MinkowskiConvolution(in=128, out=128, kernel_size=[3, 3, 3], stride=[1, 1, 1], dilation=[1, 1, 1])
      (norm1): MinkowskiBatchNorm(128, eps=1e-05, momentum=0.1, affine=True, track_running_stats=True)
      (conv2): MinkowskiConvolution(in=128, out=128, kernel_size=[3, 3, 3], stride=[1, 1, 1], dilation=[1, 1, 1])
      (norm2): MinkowskiBatchNorm(128, eps=1e-05, momentum=0.1, affine=True, track_running_stats=True)
      (relu): MinkowskiReLU()
    )
    (2): BasicBlock(
      (conv1): MinkowskiConvolution(in=128, out=128, kernel_size=[3, 3, 3], stride=[1, 1, 1], dilation=[1, 1, 1])
      (norm1): MinkowskiBatchNorm(128, eps=1e-05, momentum=0.1, affine=True, track_running_stats=True)
      (conv2): MinkowskiConvolution(in=128, out=128, kernel_size=[3, 3, 3], stride=[1, 1, 1], dilation=[1, 1, 1])
      (norm2): MinkowskiBatchNorm(128, eps=1e-05, momentum=0.1, affine=True, track_running_stats=True)
      (relu): MinkowskiReLU()
    )
    (3): BasicBlock(
      (conv1): MinkowskiConvolution(in=128, out=128, kernel_size=[3, 3, 3], stride=[1, 1, 1], dilation=[1, 1, 1])
      (norm1): MinkowskiBatchNorm(128, eps=1e-05, momentum=0.1, affine=True, track_running_stats=True)
      (conv2): MinkowskiConvolution(in=128, out=128, kernel_size=[3, 3, 3], stride=[1, 1, 1], dilation=[1, 1, 1])
      (norm2): MinkowskiBatchNorm(128, eps=1e-05, momentum=0.1, affine=True, track_running_stats=True)
      (relu): MinkowskiReLU()
    )
  )
  (conv4p8s2): MinkowskiConvolution(in=128, out=128, kernel_size=[2, 2, 2], stride=[2, 2, 2], dilation=[1, 1, 1])
  (bn4): MinkowskiBatchNorm(128, eps=1e-05, momentum=0.02, affine=True, track_running_stats=True)
  (block4): Sequential(
    (0): BasicBlock(
      (conv1): MinkowskiConvolution(in=128, out=256, kernel_size=[3, 3, 3], stride=[1, 1, 1], dilation=[1, 1, 1])
      (norm1): MinkowskiBatchNorm(256, eps=1e-05, momentum=0.1, affine=True, track_running_stats=True)
      (conv2): MinkowskiConvolution(in=256, out=256, kernel_size=[3, 3, 3], stride=[1, 1, 1], dilation=[1, 1, 1])
      (norm2): MinkowskiBatchNorm(256, eps=1e-05, momentum=0.1, affine=True, track_running_stats=True)
      (relu): MinkowskiReLU()
      (downsample): Sequential(
        (0): MinkowskiConvolution(in=128, out=256, kernel_size=[1, 1, 1], stride=[1, 1, 1], dilation=[1, 1, 1])
        (1): MinkowskiBatchNorm(256, eps=1e-05, momentum=0.02, affine=True, track_running_stats=True)
      )
    )
    (1): BasicBlock(
      (conv1): MinkowskiConvolution(in=256, out=256, kernel_size=[3, 3, 3], stride=[1, 1, 1], dilation=[1, 1, 1])
      (norm1): MinkowskiBatchNorm(256, eps=1e-05, momentum=0.1, affine=True, track_running_stats=True)
      (conv2): MinkowskiConvolution(in=256, out=256, kernel_size=[3, 3, 3], stride=[1, 1, 1], dilation=[1, 1, 1])
      (norm2): MinkowskiBatchNorm(256, eps=1e-05, momentum=0.1, affine=True, track_running_stats=True)
      (relu): MinkowskiReLU()
    )
    (2): BasicBlock(
      (conv1): MinkowskiConvolution(in=256, out=256, kernel_size=[3, 3, 3], stride=[1, 1, 1], dilation=[1, 1, 1])
      (norm1): MinkowskiBatchNorm(256, eps=1e-05, momentum=0.1, affine=True, track_running_stats=True)
      (conv2): MinkowskiConvolution(in=256, out=256, kernel_size=[3, 3, 3], stride=[1, 1, 1], dilation=[1, 1, 1])
      (norm2): MinkowskiBatchNorm(256, eps=1e-05, momentum=0.1, affine=True, track_running_stats=True)
      (relu): MinkowskiReLU()
    )
    (3): BasicBlock(
      (conv1): MinkowskiConvolution(in=256, out=256, kernel_size=[3, 3, 3], stride=[1, 1, 1], dilation=[1, 1, 1])
      (norm1): MinkowskiBatchNorm(256, eps=1e-05, momentum=0.1, affine=True, track_running_stats=True)
      (conv2): MinkowskiConvolution(in=256, out=256, kernel_size=[3, 3, 3], stride=[1, 1, 1], dilation=[1, 1, 1])
      (norm2): MinkowskiBatchNorm(256, eps=1e-05, momentum=0.1, affine=True, track_running_stats=True)
      (relu): MinkowskiReLU()
    )
    (4): BasicBlock(
      (conv1): MinkowskiConvolution(in=256, out=256, kernel_size=[3, 3, 3], stride=[1, 1, 1], dilation=[1, 1, 1])
      (norm1): MinkowskiBatchNorm(256, eps=1e-05, momentum=0.1, affine=True, track_running_stats=True)
      (conv2): MinkowskiConvolution(in=256, out=256, kernel_size=[3, 3, 3], stride=[1, 1, 1], dilation=[1, 1, 1])
      (norm2): MinkowskiBatchNorm(256, eps=1e-05, momentum=0.1, affine=True, track_running_stats=True)
      (relu): MinkowskiReLU()
    )
    (5): BasicBlock(
      (conv1): MinkowskiConvolution(in=256, out=256, kernel_size=[3, 3, 3], stride=[1, 1, 1], dilation=[1, 1, 1])
      (norm1): MinkowskiBatchNorm(256, eps=1e-05, momentum=0.1, affine=True, track_running_stats=True)
      (conv2): MinkowskiConvolution(in=256, out=256, kernel_size=[3, 3, 3], stride=[1, 1, 1], dilation=[1, 1, 1])
      (norm2): MinkowskiBatchNorm(256, eps=1e-05, momentum=0.1, affine=True, track_running_stats=True)
      (relu): MinkowskiReLU()
    )
  )
  (convtr4p16s2): MinkowskiConvolutionTranspose(in=256, out=256, kernel_size=[2, 2, 2], stride=[2, 2, 2], dilation=[1, 1, 1])
  (bntr4): MinkowskiBatchNorm(256, eps=1e-05, momentum=0.02, affine=True, track_running_stats=True)
  (block5): Sequential(
    (0): BasicBlock(
      (conv1): MinkowskiConvolution(in=384, out=256, kernel_size=[3, 3, 3], stride=[1, 1, 1], dilation=[1, 1, 1])
      (norm1): MinkowskiBatchNorm(256, eps=1e-05, momentum=0.1, affine=True, track_running_stats=True)
      (conv2): MinkowskiConvolution(in=256, out=256, kernel_size=[3, 3, 3], stride=[1, 1, 1], dilation=[1, 1, 1])
      (norm2): MinkowskiBatchNorm(256, eps=1e-05, momentum=0.1, affine=True, track_running_stats=True)
      (relu): MinkowskiReLU()
      (downsample): Sequential(
        (0): MinkowskiConvolution(in=384, out=256, kernel_size=[1, 1, 1], stride=[1, 1, 1], dilation=[1, 1, 1])
        (1): MinkowskiBatchNorm(256, eps=1e-05, momentum=0.02, affine=True, track_running_stats=True)
      )
    )
    (1): BasicBlock(
      (conv1): MinkowskiConvolution(in=256, out=256, kernel_size=[3, 3, 3], stride=[1, 1, 1], dilation=[1, 1, 1])
      (norm1): MinkowskiBatchNorm(256, eps=1e-05, momentum=0.1, affine=True, track_running_stats=True)
      (conv2): MinkowskiConvolution(in=256, out=256, kernel_size=[3, 3, 3], stride=[1, 1, 1], dilation=[1, 1, 1])
      (norm2): MinkowskiBatchNorm(256, eps=1e-05, momentum=0.1, affine=True, track_running_stats=True)
      (relu): MinkowskiReLU()
    )
  )
  (convtr5p8s2): MinkowskiConvolutionTranspose(in=256, out=128, kernel_size=[2, 2, 2], stride=[2, 2, 2], dilation=[1, 1, 1])
  (bntr5): MinkowskiBatchNorm(128, eps=1e-05, momentum=0.02, affine=True, track_running_stats=True)
  (block6): Sequential(
    (0): BasicBlock(
      (conv1): MinkowskiConvolution(in=192, out=128, kernel_size=[3, 3, 3], stride=[1, 1, 1], dilation=[1, 1, 1])
      (norm1): MinkowskiBatchNorm(128, eps=1e-05, momentum=0.1, affine=True, track_running_stats=True)
      (conv2): MinkowskiConvolution(in=128, out=128, kernel_size=[3, 3, 3], stride=[1, 1, 1], dilation=[1, 1, 1])
      (norm2): MinkowskiBatchNorm(128, eps=1e-05, momentum=0.1, affine=True, track_running_stats=True)
      (relu): MinkowskiReLU()
      (downsample): Sequential(
        (0): MinkowskiConvolution(in=192, out=128, kernel_size=[1, 1, 1], stride=[1, 1, 1], dilation=[1, 1, 1])
        (1): MinkowskiBatchNorm(128, eps=1e-05, momentum=0.02, affine=True, track_running_stats=True)
      )
    )
    (1): BasicBlock(
      (conv1): MinkowskiConvolution(in=128, out=128, kernel_size=[3, 3, 3], stride=[1, 1, 1], dilation=[1, 1, 1])
      (norm1): MinkowskiBatchNorm(128, eps=1e-05, momentum=0.1, affine=True, track_running_stats=True)
      (conv2): MinkowskiConvolution(in=128, out=128, kernel_size=[3, 3, 3], stride=[1, 1, 1], dilation=[1, 1, 1])
      (norm2): MinkowskiBatchNorm(128, eps=1e-05, momentum=0.1, affine=True, track_running_stats=True)
      (relu): MinkowskiReLU()
    )
  )
  (convtr6p4s2): MinkowskiConvolutionTranspose(in=128, out=96, kernel_size=[2, 2, 2], stride=[2, 2, 2], dilation=[1, 1, 1])
  (bntr6): MinkowskiBatchNorm(96, eps=1e-05, momentum=0.02, affine=True, track_running_stats=True)
  (block7): Sequential(
    (0): BasicBlock(
      (conv1): MinkowskiConvolution(in=128, out=96, kernel_size=[3, 3, 3], stride=[1, 1, 1], dilation=[1, 1, 1])
      (norm1): MinkowskiBatchNorm(96, eps=1e-05, momentum=0.1, affine=True, track_running_stats=True)
      (conv2): MinkowskiConvolution(in=96, out=96, kernel_size=[3, 3, 3], stride=[1, 1, 1], dilation=[1, 1, 1])
      (norm2): MinkowskiBatchNorm(96, eps=1e-05, momentum=0.1, affine=True, track_running_stats=True)
      (relu): MinkowskiReLU()
      (downsample): Sequential(
        (0): MinkowskiConvolution(in=128, out=96, kernel_size=[1, 1, 1], stride=[1, 1, 1], dilation=[1, 1, 1])
        (1): MinkowskiBatchNorm(96, eps=1e-05, momentum=0.02, affine=True, track_running_stats=True)
      )
    )
    (1): BasicBlock(
      (conv1): MinkowskiConvolution(in=96, out=96, kernel_size=[3, 3, 3], stride=[1, 1, 1], dilation=[1, 1, 1])
      (norm1): MinkowskiBatchNorm(96, eps=1e-05, momentum=0.1, affine=True, track_running_stats=True)
      (conv2): MinkowskiConvolution(in=96, out=96, kernel_size=[3, 3, 3], stride=[1, 1, 1], dilation=[1, 1, 1])
      (norm2): MinkowskiBatchNorm(96, eps=1e-05, momentum=0.1, affine=True, track_running_stats=True)
      (relu): MinkowskiReLU()
    )
  )
  (convtr7p2s2): MinkowskiConvolutionTranspose(in=96, out=96, kernel_size=[2, 2, 2], stride=[2, 2, 2], dilation=[1, 1, 1])
  (bntr7): MinkowskiBatchNorm(96, eps=1e-05, momentum=0.02, affine=True, track_running_stats=True)
  (block8): Sequential(
    (0): BasicBlock(
      (conv1): MinkowskiConvolution(in=128, out=96, kernel_size=[3, 3, 3], stride=[1, 1, 1], dilation=[1, 1, 1])
      (norm1): MinkowskiBatchNorm(96, eps=1e-05, momentum=0.1, affine=True, track_running_stats=True)
      (conv2): MinkowskiConvolution(in=96, out=96, kernel_size=[3, 3, 3], stride=[1, 1, 1], dilation=[1, 1, 1])
      (norm2): MinkowskiBatchNorm(96, eps=1e-05, momentum=0.1, affine=True, track_running_stats=True)
      (relu): MinkowskiReLU()
      (downsample): Sequential(
        (0): MinkowskiConvolution(in=128, out=96, kernel_size=[1, 1, 1], stride=[1, 1, 1], dilation=[1, 1, 1])
        (1): MinkowskiBatchNorm(96, eps=1e-05, momentum=0.02, affine=True, track_running_stats=True)
      )
    )
    (1): BasicBlock(
      (conv1): MinkowskiConvolution(in=96, out=96, kernel_size=[3, 3, 3], stride=[1, 1, 1], dilation=[1, 1, 1])
      (norm1): MinkowskiBatchNorm(96, eps=1e-05, momentum=0.1, affine=True, track_running_stats=True)
      (conv2): MinkowskiConvolution(in=96, out=96, kernel_size=[3, 3, 3], stride=[1, 1, 1], dilation=[1, 1, 1])
      (norm2): MinkowskiBatchNorm(96, eps=1e-05, momentum=0.1, affine=True, track_running_stats=True)
      (relu): MinkowskiReLU()
    )
  )
  (final): MinkowskiConvolution(in=96, out=20, kernel_size=[1, 1, 1], stride=[1, 1, 1], dilation=[1, 1, 1])
  (relu): MinkowskiReLU()
)
wandb: Currently logged in as: tb5zhh (use `wandb login --relogin` to force relogin)
wandb: Tracking run with wandb version 0.12.4
wandb: Syncing run usual-night-271
wandb:  View project at https://wandb.ai/tb5zhh/3dsp
wandb:  View run at https://wandb.ai/tb5zhh/3dsp/runs/fmsml62y
wandb: Run data is saved locally in /home/aidrive/tb5zhh/3DScanSeg/wandb/run-20211109_120827-fmsml62y
wandb: Run `wandb offline` to turn off syncing.

[34m[1mwandb[0m: [33mWARNING[0m Calling run.save without any arguments is deprecated.Changes to attributes are automatically persisted.
[2021-11-09 12:08:34][root	][INFO	] Loading ScannetVoxelization2cmDataset: scannetv2_train.txt
[2021-11-09 12:08:34][root	][INFO	] Loading ScannetVoxelization2cmtestDataset: scannetv2_val.txt
[2021-11-09 12:08:34][__main__	][INFO	] Dataloader setup done
[2021-11-09 12:08:34][__main__	][INFO	] My rank : 0 / 1
[2021-11-09 12:08:34][__main__	][INFO	] Start training
[2021-11-09 12:08:46][__main__	][INFO	] TRAIN at global step #1 Epoch #1 Step #2 / 151: loss:3.3851, precision: 0.5636
[2021-11-09 12:08:54][__main__	][INFO	] TRAIN at global step #2 Epoch #1 Step #4 / 151: loss:3.1754, precision: 1.1182
[2021-11-09 12:09:00][__main__	][INFO	] TRAIN at global step #3 Epoch #1 Step #6 / 151: loss:2.8372, precision: 6.6385
[2021-11-09 12:09:07][__main__	][INFO	] TRAIN at global step #4 Epoch #1 Step #8 / 151: loss:2.6803, precision: 6.9450
[2021-11-09 12:09:16][__main__	][INFO	] TRAIN at global step #5 Epoch #1 Step #10 / 151: loss:2.3375, precision: 9.8612
[2021-11-09 12:09:24][__main__	][INFO	] TRAIN at global step #6 Epoch #1 Step #12 / 151: loss:2.4000, precision: 8.2335
[2021-11-09 12:09:31][__main__	][INFO	] TRAIN at global step #7 Epoch #1 Step #14 / 151: loss:2.0929, precision: 11.6335
[2021-11-09 12:09:37][__main__	][INFO	] TRAIN at global step #8 Epoch #1 Step #16 / 151: loss:2.1713, precision: 10.5941
[2021-11-09 12:09:44][__main__	][INFO	] TRAIN at global step #9 Epoch #1 Step #18 / 151: loss:2.1453, precision: 9.3091
[2021-11-09 12:09:51][__main__	][INFO	] TRAIN at global step #10 Epoch #1 Step #20 / 151: loss:2.3875, precision: 9.8839
[2021-11-09 12:09:57][__main__	][INFO	] TRAIN at global step #11 Epoch #1 Step #22 / 151: loss:2.0986, precision: 12.7431
[2021-11-09 12:10:04][__main__	][INFO	] TRAIN at global step #12 Epoch #1 Step #24 / 151: loss:2.0794, precision: 12.5319
[2021-11-09 12:10:10][__main__	][INFO	] TRAIN at global step #13 Epoch #1 Step #26 / 151: loss:2.0706, precision: 10.7597
[2021-11-09 12:10:16][__main__	][INFO	] TRAIN at global step #14 Epoch #1 Step #28 / 151: loss:2.1930, precision: 8.7938
[2021-11-09 12:10:23][__main__	][INFO	] TRAIN at global step #15 Epoch #1 Step #30 / 151: loss:2.0404, precision: 11.9459
[2021-11-09 12:10:30][__main__	][INFO	] TRAIN at global step #16 Epoch #1 Step #32 / 151: loss:2.0389, precision: 15.1109
[2021-11-09 12:10:37][__main__	][INFO	] TRAIN at global step #17 Epoch #1 Step #34 / 151: loss:2.3202, precision: 9.2014
[2021-11-09 12:10:43][__main__	][INFO	] TRAIN at global step #18 Epoch #1 Step #36 / 151: loss:1.8530, precision: 15.3233
[2021-11-09 12:10:50][__main__	][INFO	] TRAIN at global step #19 Epoch #1 Step #38 / 151: loss:2.1054, precision: 10.5303
[2021-11-09 12:10:57][__main__	][INFO	] TRAIN at global step #20 Epoch #1 Step #40 / 151: loss:1.8818, precision: 12.4857
[2021-11-09 12:11:05][__main__	][INFO	] TRAIN at global step #21 Epoch #1 Step #42 / 151: loss:2.1666, precision: 10.2046
[2021-11-09 12:11:11][__main__	][INFO	] TRAIN at global step #22 Epoch #1 Step #44 / 151: loss:1.8758, precision: 13.3097
[2021-11-09 12:11:17][__main__	][INFO	] TRAIN at global step #23 Epoch #1 Step #46 / 151: loss:2.5137, precision: 5.5305
[2021-11-09 12:11:25][__main__	][INFO	] TRAIN at global step #24 Epoch #1 Step #48 / 151: loss:1.9459, precision: 11.0995
[2021-11-09 12:11:33][__main__	][INFO	] TRAIN at global step #25 Epoch #1 Step #50 / 151: loss:1.9603, precision: 12.1416
[2021-11-09 12:11:38][__main__	][INFO	] TRAIN at global step #26 Epoch #1 Step #52 / 151: loss:1.6337, precision: 18.0120
[2021-11-09 12:11:44][__main__	][INFO	] TRAIN at global step #27 Epoch #1 Step #54 / 151: loss:2.0082, precision: 11.6924
[2021-11-09 12:11:52][__main__	][INFO	] TRAIN at global step #28 Epoch #1 Step #56 / 151: loss:1.9632, precision: 12.2437
[2021-11-09 12:11:58][__main__	][INFO	] TRAIN at global step #29 Epoch #1 Step #58 / 151: loss:2.0249, precision: 9.5534
[2021-11-09 12:12:05][__main__	][INFO	] TRAIN at global step #30 Epoch #1 Step #60 / 151: loss:1.6519, precision: 16.8030
[2021-11-09 12:12:10][__main__	][INFO	] TRAIN at global step #31 Epoch #1 Step #62 / 151: loss:1.8810, precision: 12.6424
[2021-11-09 12:12:18][__main__	][INFO	] TRAIN at global step #32 Epoch #1 Step #64 / 151: loss:1.9515, precision: 9.7366
[2021-11-09 12:12:24][__main__	][INFO	] TRAIN at global step #33 Epoch #1 Step #66 / 151: loss:1.5568, precision: 19.3363
[2021-11-09 12:12:30][__main__	][INFO	] TRAIN at global step #34 Epoch #1 Step #68 / 151: loss:1.9217, precision: 13.1037
[2021-11-09 12:12:36][__main__	][INFO	] TRAIN at global step #35 Epoch #1 Step #70 / 151: loss:1.6418, precision: 18.6649
[2021-11-09 12:12:43][__main__	][INFO	] TRAIN at global step #36 Epoch #1 Step #72 / 151: loss:2.0699, precision: 9.8532
[2021-11-09 12:12:51][__main__	][INFO	] TRAIN at global step #37 Epoch #1 Step #74 / 151: loss:1.9958, precision: 11.2464
[2021-11-09 12:12:57][__main__	][INFO	] TRAIN at global step #38 Epoch #1 Step #76 / 151: loss:1.9912, precision: 11.6489
[2021-11-09 12:13:04][__main__	][INFO	] TRAIN at global step #39 Epoch #1 Step #78 / 151: loss:1.9178, precision: 12.5895
[2021-11-09 12:13:11][__main__	][INFO	] TRAIN at global step #40 Epoch #1 Step #80 / 151: loss:2.1310, precision: 10.4258
[2021-11-09 12:13:17][__main__	][INFO	] TRAIN at global step #41 Epoch #1 Step #82 / 151: loss:2.0962, precision: 9.6243
[2021-11-09 12:13:23][__main__	][INFO	] TRAIN at global step #42 Epoch #1 Step #84 / 151: loss:1.9783, precision: 12.0801
[2021-11-09 12:13:30][__main__	][INFO	] TRAIN at global step #43 Epoch #1 Step #86 / 151: loss:1.8718, precision: 15.9497
[2021-11-09 12:13:38][__main__	][INFO	] TRAIN at global step #44 Epoch #1 Step #88 / 151: loss:1.9318, precision: 11.7328
[2021-11-09 12:13:44][__main__	][INFO	] TRAIN at global step #45 Epoch #1 Step #90 / 151: loss:1.9573, precision: 11.1938
[2021-11-09 12:13:52][__main__	][INFO	] TRAIN at global step #46 Epoch #1 Step #92 / 151: loss:1.9903, precision: 9.1295
[2021-11-09 12:14:01][__main__	][INFO	] TRAIN at global step #47 Epoch #1 Step #94 / 151: loss:1.8836, precision: 13.5588
[2021-11-09 12:14:07][__main__	][INFO	] TRAIN at global step #48 Epoch #1 Step #96 / 151: loss:1.7397, precision: 16.5628
[2021-11-09 12:14:14][__main__	][INFO	] TRAIN at global step #49 Epoch #1 Step #98 / 151: loss:1.6633, precision: 17.2636
[2021-11-09 12:14:22][__main__	][INFO	] TRAIN at global step #50 Epoch #1 Step #100 / 151: loss:1.8703, precision: 10.3139
[2021-11-09 12:14:28][__main__	][INFO	] TRAIN at global step #51 Epoch #1 Step #102 / 151: loss:1.9291, precision: 11.2439
[2021-11-09 12:14:35][__main__	][INFO	] TRAIN at global step #52 Epoch #1 Step #104 / 151: loss:1.9564, precision: 11.6005
[2021-11-09 12:14:40][__main__	][INFO	] TRAIN at global step #53 Epoch #1 Step #106 / 151: loss:1.7519, precision: 14.0354
[2021-11-09 12:14:47][__main__	][INFO	] TRAIN at global step #54 Epoch #1 Step #108 / 151: loss:1.7972, precision: 13.3584
[2021-11-09 12:14:53][__main__	][INFO	] TRAIN at global step #55 Epoch #1 Step #110 / 151: loss:1.9412, precision: 13.8475
[2021-11-09 12:14:59][__main__	][INFO	] TRAIN at global step #56 Epoch #1 Step #112 / 151: loss:2.2499, precision: 8.7253
[2021-11-09 12:15:05][__main__	][INFO	] TRAIN at global step #57 Epoch #1 Step #114 / 151: loss:1.9734, precision: 10.9708
[2021-11-09 12:15:10][__main__	][INFO	] TRAIN at global step #58 Epoch #1 Step #116 / 151: loss:1.9807, precision: 11.8141
[2021-11-09 12:15:18][__main__	][INFO	] TRAIN at global step #59 Epoch #1 Step #118 / 151: loss:1.8499, precision: 12.3492
[2021-11-09 12:15:24][__main__	][INFO	] TRAIN at global step #60 Epoch #1 Step #120 / 151: loss:1.8149, precision: 13.6978
[2021-11-09 12:15:31][__main__	][INFO	] TRAIN at global step #61 Epoch #1 Step #122 / 151: loss:1.8642, precision: 11.1409
[2021-11-09 12:15:37][__main__	][INFO	] TRAIN at global step #62 Epoch #1 Step #124 / 151: loss:2.0290, precision: 8.1936
[2021-11-09 12:15:43][__main__	][INFO	] TRAIN at global step #63 Epoch #1 Step #126 / 151: loss:1.8444, precision: 11.9989
[2021-11-09 12:15:48][__main__	][INFO	] TRAIN at global step #64 Epoch #1 Step #128 / 151: loss:2.1641, precision: 9.3551
[2021-11-09 12:15:55][__main__	][INFO	] TRAIN at global step #65 Epoch #1 Step #130 / 151: loss:1.9428, precision: 12.5485
[2021-11-09 12:16:01][__main__	][INFO	] TRAIN at global step #66 Epoch #1 Step #132 / 151: loss:2.0007, precision: 12.5249
[2021-11-09 12:16:06][__main__	][INFO	] TRAIN at global step #67 Epoch #1 Step #134 / 151: loss:1.9787, precision: 9.6441
[2021-11-09 12:16:12][__main__	][INFO	] TRAIN at global step #68 Epoch #1 Step #136 / 151: loss:2.2688, precision: 7.8416
[2021-11-09 12:16:18][__main__	][INFO	] TRAIN at global step #69 Epoch #1 Step #138 / 151: loss:2.0040, precision: 11.0045
[2021-11-09 12:16:23][__main__	][INFO	] TRAIN at global step #70 Epoch #1 Step #140 / 151: loss:1.7656, precision: 14.5987
[2021-11-09 12:16:31][__main__	][INFO	] TRAIN at global step #71 Epoch #1 Step #142 / 151: loss:2.0549, precision: 9.5192
[2021-11-09 12:16:39][__main__	][INFO	] TRAIN at global step #72 Epoch #1 Step #144 / 151: loss:2.0384, precision: 9.3579
[2021-11-09 12:16:45][__main__	][INFO	] TRAIN at global step #73 Epoch #1 Step #146 / 151: loss:1.8409, precision: 14.4583
[2021-11-09 12:16:49][__main__	][INFO	] TRAIN at global step #74 Epoch #1 Step #148 / 151: loss:1.7707, precision: 15.1219
[2021-11-09 12:16:55][__main__	][INFO	] TRAIN at global step #75 Epoch #1 Step #150 / 151: loss:1.9601, precision: 10.2101
[2021-11-09 12:16:58][__main__	][INFO	] Checkpoint at epoch #0 saved
[2021-11-09 12:17:07][__main__	][INFO	] TRAIN at global step #76 Epoch #2 Step #1 / 151: loss:2.1725, precision: 7.5823
[2021-11-09 12:17:12][__main__	][INFO	] TRAIN at global step #77 Epoch #2 Step #3 / 151: loss:1.9595, precision: 12.6589
[2021-11-09 12:17:20][__main__	][INFO	] TRAIN at global step #78 Epoch #2 Step #5 / 151: loss:1.7081, precision: 12.1784
[2021-11-09 12:17:27][__main__	][INFO	] TRAIN at global step #79 Epoch #2 Step #7 / 151: loss:2.0882, precision: 9.6452
[2021-11-09 12:17:33][__main__	][INFO	] TRAIN at global step #80 Epoch #2 Step #9 / 151: loss:1.9991, precision: 9.0497
[2021-11-09 12:17:42][__main__	][INFO	] TRAIN at global step #81 Epoch #2 Step #11 / 151: loss:1.7596, precision: 13.0105
[2021-11-09 12:17:49][__main__	][INFO	] TRAIN at global step #82 Epoch #2 Step #13 / 151: loss:1.8145, precision: 11.7587
[2021-11-09 12:17:55][__main__	][INFO	] TRAIN at global step #83 Epoch #2 Step #15 / 151: loss:1.6330, precision: 14.1213
[2021-11-09 12:18:01][__main__	][INFO	] TRAIN at global step #84 Epoch #2 Step #17 / 151: loss:2.0501, precision: 10.5534
[2021-11-09 12:18:07][__main__	][INFO	] TRAIN at global step #85 Epoch #2 Step #19 / 151: loss:1.8265, precision: 14.3862
[2021-11-09 12:18:13][__main__	][INFO	] TRAIN at global step #86 Epoch #2 Step #21 / 151: loss:1.9682, precision: 11.3680
[2021-11-09 12:18:19][__main__	][INFO	] TRAIN at global step #87 Epoch #2 Step #23 / 151: loss:1.8479, precision: 13.0485
[2021-11-09 12:18:27][__main__	][INFO	] TRAIN at global step #88 Epoch #2 Step #25 / 151: loss:1.7415, precision: 14.2284
[2021-11-09 12:18:34][__main__	][INFO	] TRAIN at global step #89 Epoch #2 Step #27 / 151: loss:1.7516, precision: 15.0117
[2021-11-09 12:18:40][__main__	][INFO	] TRAIN at global step #90 Epoch #2 Step #29 / 151: loss:1.4810, precision: 19.9836
[2021-11-09 12:18:47][__main__	][INFO	] TRAIN at global step #91 Epoch #2 Step #31 / 151: loss:2.2638, precision: 7.7991
[2021-11-09 12:18:53][__main__	][INFO	] TRAIN at global step #92 Epoch #2 Step #33 / 151: loss:1.8608, precision: 12.1867
[2021-11-09 12:18:59][__main__	][INFO	] TRAIN at global step #93 Epoch #2 Step #35 / 151: loss:1.8192, precision: 12.6425
[2021-11-09 12:19:06][__main__	][INFO	] TRAIN at global step #94 Epoch #2 Step #37 / 151: loss:1.9682, precision: 11.7757
[2021-11-09 12:19:13][__main__	][INFO	] TRAIN at global step #95 Epoch #2 Step #39 / 151: loss:1.6914, precision: 14.8514
[2021-11-09 12:19:18][__main__	][INFO	] TRAIN at global step #96 Epoch #2 Step #41 / 151: loss:1.9451, precision: 13.6462
[2021-11-09 12:19:23][__main__	][INFO	] TRAIN at global step #97 Epoch #2 Step #43 / 151: loss:1.7363, precision: 15.7013
[2021-11-09 12:19:29][__main__	][INFO	] TRAIN at global step #98 Epoch #2 Step #45 / 151: loss:2.1223, precision: 9.7445
[2021-11-09 12:19:36][__main__	][INFO	] TRAIN at global step #99 Epoch #2 Step #47 / 151: loss:2.1269, precision: 8.2038
[2021-11-09 12:19:41][__main__	][INFO	] TRAIN at global step #100 Epoch #2 Step #49 / 151: loss:1.9462, precision: 10.6570
[2021-11-09 12:19:49][__main__	][INFO	] TRAIN at global step #101 Epoch #2 Step #51 / 151: loss:1.8924, precision: 10.9084
[2021-11-09 12:19:55][__main__	][INFO	] TRAIN at global step #102 Epoch #2 Step #53 / 151: loss:1.8828, precision: 13.1702
[2021-11-09 12:20:02][__main__	][INFO	] TRAIN at global step #103 Epoch #2 Step #55 / 151: loss:1.9124, precision: 12.0973
[2021-11-09 12:20:09][__main__	][INFO	] TRAIN at global step #104 Epoch #2 Step #57 / 151: loss:1.9210, precision: 9.2292
[2021-11-09 12:20:17][__main__	][INFO	] TRAIN at global step #105 Epoch #2 Step #59 / 151: loss:1.7540, precision: 15.1625
[2021-11-09 12:20:24][__main__	][INFO	] TRAIN at global step #106 Epoch #2 Step #61 / 151: loss:1.9976, precision: 8.9324
[2021-11-09 12:20:31][__main__	][INFO	] TRAIN at global step #107 Epoch #2 Step #63 / 151: loss:1.7863, precision: 14.7133
[2021-11-09 12:20:38][__main__	][INFO	] TRAIN at global step #108 Epoch #2 Step #65 / 151: loss:1.8579, precision: 11.7502
[2021-11-09 12:20:44][__main__	][INFO	] TRAIN at global step #109 Epoch #2 Step #67 / 151: loss:1.7169, precision: 15.2630
[2021-11-09 12:20:50][__main__	][INFO	] TRAIN at global step #110 Epoch #2 Step #69 / 151: loss:1.8208, precision: 13.6194
[2021-11-09 12:20:58][__main__	][INFO	] TRAIN at global step #111 Epoch #2 Step #71 / 151: loss:1.5866, precision: 15.7249
[2021-11-09 12:21:06][__main__	][INFO	] TRAIN at global step #112 Epoch #2 Step #73 / 151: loss:2.0980, precision: 10.4837
[2021-11-09 12:21:11][__main__	][INFO	] TRAIN at global step #113 Epoch #2 Step #75 / 151: loss:1.7864, precision: 15.0412
[2021-11-09 12:21:16][__main__	][INFO	] TRAIN at global step #114 Epoch #2 Step #77 / 151: loss:2.1044, precision: 9.1704
[2021-11-09 12:21:23][__main__	][INFO	] TRAIN at global step #115 Epoch #2 Step #79 / 151: loss:1.9422, precision: 11.2923
[2021-11-09 12:21:31][__main__	][INFO	] TRAIN at global step #116 Epoch #2 Step #81 / 151: loss:1.9609, precision: 12.3474
[2021-11-09 12:21:37][__main__	][INFO	] TRAIN at global step #117 Epoch #2 Step #83 / 151: loss:2.0837, precision: 8.5586
[2021-11-09 12:21:43][__main__	][INFO	] TRAIN at global step #118 Epoch #2 Step #85 / 151: loss:1.8199, precision: 13.0543
[2021-11-09 12:21:50][__main__	][INFO	] TRAIN at global step #119 Epoch #2 Step #87 / 151: loss:1.6793, precision: 13.1602
[2021-11-09 12:21:58][__main__	][INFO	] TRAIN at global step #120 Epoch #2 Step #89 / 151: loss:1.9937, precision: 10.4041
[2021-11-09 12:22:06][__main__	][INFO	] TRAIN at global step #121 Epoch #2 Step #91 / 151: loss:1.9322, precision: 11.1800
[2021-11-09 12:22:12][__main__	][INFO	] TRAIN at global step #122 Epoch #2 Step #93 / 151: loss:1.7785, precision: 16.9337
[2021-11-09 12:22:19][__main__	][INFO	] TRAIN at global step #123 Epoch #2 Step #95 / 151: loss:1.6128, precision: 17.5144
[2021-11-09 12:22:25][__main__	][INFO	] TRAIN at global step #124 Epoch #2 Step #97 / 151: loss:1.9171, precision: 11.0877
[2021-11-09 12:22:33][__main__	][INFO	] TRAIN at global step #125 Epoch #2 Step #99 / 151: loss:1.9137, precision: 10.8966
[2021-11-09 12:22:39][__main__	][INFO	] TRAIN at global step #126 Epoch #2 Step #101 / 151: loss:1.8228, precision: 13.6770
[2021-11-09 12:22:46][__main__	][INFO	] TRAIN at global step #127 Epoch #2 Step #103 / 151: loss:2.2015, precision: 8.1473
[2021-11-09 12:22:54][__main__	][INFO	] TRAIN at global step #128 Epoch #2 Step #105 / 151: loss:2.0533, precision: 9.4273
[2021-11-09 12:23:00][__main__	][INFO	] TRAIN at global step #129 Epoch #2 Step #107 / 151: loss:1.9295, precision: 13.3026
[2021-11-09 12:23:06][__main__	][INFO	] TRAIN at global step #130 Epoch #2 Step #109 / 151: loss:1.7362, precision: 13.2113
[2021-11-09 12:23:14][__main__	][INFO	] TRAIN at global step #131 Epoch #2 Step #111 / 151: loss:1.7776, precision: 14.6316
[2021-11-09 12:23:22][__main__	][INFO	] TRAIN at global step #132 Epoch #2 Step #113 / 151: loss:2.0484, precision: 9.3573
[2021-11-09 12:23:29][__main__	][INFO	] TRAIN at global step #133 Epoch #2 Step #115 / 151: loss:1.8548, precision: 13.2304
[2021-11-09 12:23:35][__main__	][INFO	] TRAIN at global step #134 Epoch #2 Step #117 / 151: loss:1.7879, precision: 14.9085
[2021-11-09 12:23:40][__main__	][INFO	] TRAIN at global step #135 Epoch #2 Step #119 / 151: loss:1.7143, precision: 14.7876
[2021-11-09 12:23:46][__main__	][INFO	] TRAIN at global step #136 Epoch #2 Step #121 / 151: loss:1.9031, precision: 10.3230
[2021-11-09 12:23:52][__main__	][INFO	] TRAIN at global step #137 Epoch #2 Step #123 / 151: loss:1.6552, precision: 17.3037
[2021-11-09 12:23:59][__main__	][INFO	] TRAIN at global step #138 Epoch #2 Step #125 / 151: loss:1.8475, precision: 12.2638
[2021-11-09 12:24:07][__main__	][INFO	] TRAIN at global step #139 Epoch #2 Step #127 / 151: loss:1.8903, precision: 10.3824
[2021-11-09 12:24:13][__main__	][INFO	] TRAIN at global step #140 Epoch #2 Step #129 / 151: loss:2.0123, precision: 8.9219
[2021-11-09 12:24:19][__main__	][INFO	] TRAIN at global step #141 Epoch #2 Step #131 / 151: loss:1.7428, precision: 13.2581
[2021-11-09 12:24:26][__main__	][INFO	] TRAIN at global step #142 Epoch #2 Step #133 / 151: loss:1.8299, precision: 13.6458
[2021-11-09 12:24:33][__main__	][INFO	] TRAIN at global step #143 Epoch #2 Step #135 / 151: loss:1.9706, precision: 12.1830
[2021-11-09 12:24:39][__main__	][INFO	] TRAIN at global step #144 Epoch #2 Step #137 / 151: loss:1.7322, precision: 16.3361
[2021-11-09 12:24:46][__main__	][INFO	] TRAIN at global step #145 Epoch #2 Step #139 / 151: loss:1.8334, precision: 9.8487
[2021-11-09 12:24:52][__main__	][INFO	] TRAIN at global step #146 Epoch #2 Step #141 / 151: loss:1.7104, precision: 13.6758
[2021-11-09 12:24:57][__main__	][INFO	] TRAIN at global step #147 Epoch #2 Step #143 / 151: loss:1.5104, precision: 16.3916
[2021-11-09 12:25:04][__main__	][INFO	] TRAIN at global step #148 Epoch #2 Step #145 / 151: loss:1.9379, precision: 10.2686
[2021-11-09 12:25:11][__main__	][INFO	] TRAIN at global step #149 Epoch #2 Step #147 / 151: loss:1.6889, precision: 14.6277
[2021-11-09 12:25:18][__main__	][INFO	] TRAIN at global step #150 Epoch #2 Step #149 / 151: loss:1.7294, precision: 13.2315
[2021-11-09 12:25:24][__main__	][INFO	] ---> inference #0 of 39 loss: 1.3938 iou: 0.0863
[2021-11-09 12:25:25][__main__	][INFO	] ---> inference #1 of 39 loss: 1.6903 iou: 0.0780
[2021-11-09 12:25:26][__main__	][INFO	] ---> inference #2 of 39 loss: 1.6996 iou: 0.0785
[2021-11-09 12:25:27][__main__	][INFO	] ---> inference #3 of 39 loss: 1.1871 iou: 0.1026
[2021-11-09 12:25:28][__main__	][INFO	] ---> inference #4 of 39 loss: 1.3758 iou: 0.0853
[2021-11-09 12:25:29][__main__	][INFO	] ---> inference #5 of 39 loss: 1.4647 iou: 0.0923
[2021-11-09 12:25:29][__main__	][INFO	] ---> inference #6 of 39 loss: 1.8016 iou: 0.0689
[2021-11-09 12:25:30][__main__	][INFO	] ---> inference #7 of 39 loss: 1.2493 iou: 0.0959
[2021-11-09 12:25:32][__main__	][INFO	] ---> inference #8 of 39 loss: 1.8441 iou: 0.0641
[2021-11-09 12:25:34][__main__	][INFO	] ---> inference #9 of 39 loss: 1.6906 iou: 0.0756
[2021-11-09 12:25:35][__main__	][INFO	] ---> inference #10 of 39 loss: 1.6529 iou: 0.0773
[2021-11-09 12:25:37][__main__	][INFO	] ---> inference #11 of 39 loss: 1.6551 iou: 0.0684
[2021-11-09 12:25:38][__main__	][INFO	] ---> inference #12 of 39 loss: 1.2840 iou: 0.0755
[2021-11-09 12:25:39][__main__	][INFO	] ---> inference #13 of 39 loss: 1.3840 iou: 0.0908
[2021-11-09 12:25:40][__main__	][INFO	] ---> inference #14 of 39 loss: 1.5273 iou: 0.0843
[2021-11-09 12:25:41][__main__	][INFO	] ---> inference #15 of 39 loss: 1.5464 iou: 0.0754
[2021-11-09 12:25:41][__main__	][INFO	] ---> inference #16 of 39 loss: 1.7173 iou: 0.0750
[2021-11-09 12:25:42][__main__	][INFO	] ---> inference #17 of 39 loss: 1.3388 iou: 0.0845
[2021-11-09 12:25:43][__main__	][INFO	] ---> inference #18 of 39 loss: 1.5422 iou: 0.0885
[2021-11-09 12:25:44][__main__	][INFO	] ---> inference #19 of 39 loss: 1.6977 iou: 0.0758
[2021-11-09 12:25:45][__main__	][INFO	] ---> inference #20 of 39 loss: 1.7030 iou: 0.0898
[2021-11-09 12:25:46][__main__	][INFO	] ---> inference #21 of 39 loss: 1.4860 iou: 0.0786
[2021-11-09 12:25:47][__main__	][INFO	] ---> inference #22 of 39 loss: 1.5408 iou: 0.0850
[2021-11-09 12:25:47][__main__	][INFO	] ---> inference #23 of 39 loss: 1.6247 iou: 0.0784
[2021-11-09 12:25:49][__main__	][INFO	] ---> inference #24 of 39 loss: 1.2236 iou: 0.1041
[2021-11-09 12:25:50][__main__	][INFO	] ---> inference #25 of 39 loss: 1.8405 iou: 0.0788
[2021-11-09 12:25:51][__main__	][INFO	] ---> inference #26 of 39 loss: 1.6766 iou: 0.0657
[2021-11-09 12:25:52][__main__	][INFO	] ---> inference #27 of 39 loss: 1.4747 iou: 0.0830
[2021-11-09 12:25:53][__main__	][INFO	] ---> inference #28 of 39 loss: 1.6138 iou: 0.0780
[2021-11-09 12:25:54][__main__	][INFO	] ---> inference #29 of 39 loss: 1.5116 iou: 0.0796
[2021-11-09 12:25:55][__main__	][INFO	] ---> inference #30 of 39 loss: 1.6621 iou: 0.0821
[2021-11-09 12:25:56][__main__	][INFO	] ---> inference #31 of 39 loss: 1.5035 iou: 0.0865
[2021-11-09 12:25:57][__main__	][INFO	] ---> inference #32 of 39 loss: 1.3776 iou: 0.0933
[2021-11-09 12:25:58][__main__	][INFO	] ---> inference #33 of 39 loss: 1.4995 iou: 0.0879
[2021-11-09 12:25:59][__main__	][INFO	] ---> inference #34 of 39 loss: 1.6535 iou: 0.0693
[2021-11-09 12:25:59][__main__	][INFO	] ---> inference #35 of 39 loss: 1.5772 iou: 0.0906
[2021-11-09 12:26:00][__main__	][INFO	] ---> inference #36 of 39 loss: 1.9173 iou: 0.0679
[2021-11-09 12:26:01][__main__	][INFO	] ---> inference #37 of 39 loss: 1.7657 iou: 0.0746
[2021-11-09 12:26:02][__main__	][INFO	] ---> inference #38 of 39 loss: 2.0789 iou: 0.0590
[2021-11-09 12:26:02][__main__	][INFO	] VAL   at global step #150: loss (avg): 1.5762, iou (avg): 0.0809
[2021-11-09 12:26:02][__main__	][INFO	] VAL   at global step #150: iou (cls#0): 0.5485
[2021-11-09 12:26:02][__main__	][INFO	] VAL   at global step #150: iou (cls#1): 0.7108
[2021-11-09 12:26:02][__main__	][INFO	] VAL   at global step #150: iou (cls#2): 0.0002
[2021-11-09 12:26:02][__main__	][INFO	] VAL   at global step #150: iou (cls#3): 0.0000
[2021-11-09 12:26:02][__main__	][INFO	] VAL   at global step #150: iou (cls#4): 0.1951
[2021-11-09 12:26:02][__main__	][INFO	] VAL   at global step #150: iou (cls#5): 0.0000
[2021-11-09 12:26:02][__main__	][INFO	] VAL   at global step #150: iou (cls#6): 0.0998
[2021-11-09 12:26:02][__main__	][INFO	] VAL   at global step #150: iou (cls#7): 0.0000
[2021-11-09 12:26:02][__main__	][INFO	] VAL   at global step #150: iou (cls#8): 0.0636
[2021-11-09 12:26:02][__main__	][INFO	] VAL   at global step #150: iou (cls#9): 0.0000
[2021-11-09 12:26:02][__main__	][INFO	] VAL   at global step #150: iou (cls#10): 0.0000
[2021-11-09 12:26:02][__main__	][INFO	] VAL   at global step #150: iou (cls#11): 0.0000
[2021-11-09 12:26:02][__main__	][INFO	] VAL   at global step #150: iou (cls#12): 0.0000
[2021-11-09 12:26:02][__main__	][INFO	] VAL   at global step #150: iou (cls#13): 0.0000
[2021-11-09 12:26:02][__main__	][INFO	] VAL   at global step #150: iou (cls#14): 0.0000
[2021-11-09 12:26:02][__main__	][INFO	] VAL   at global step #150: iou (cls#15): 0.0000
[2021-11-09 12:26:02][__main__	][INFO	] VAL   at global step #150: iou (cls#16): 0.0000
[2021-11-09 12:26:02][__main__	][INFO	] VAL   at global step #150: iou (cls#17): 0.0000
[2021-11-09 12:26:02][__main__	][INFO	] VAL   at global step #150: iou (cls#18): 0.0000
[2021-11-09 12:26:02][__main__	][INFO	] VAL   at global step #150: iou (cls#19): 0.0001
[2021-11-09 12:26:02][__main__	][INFO	] Better checkpoint saved
[2021-11-09 12:26:08][__main__	][INFO	] TRAIN at global step #151 Epoch #2 Step #151 / 151: loss:2.0446, precision: 14.5023
[2021-11-09 12:26:09][__main__	][INFO	] Checkpoint at epoch #1 saved
[2021-11-09 12:26:23][__main__	][INFO	] TRAIN at global step #152 Epoch #3 Step #2 / 151: loss:2.0675, precision: 8.2654
[2021-11-09 12:26:30][__main__	][INFO	] TRAIN at global step #153 Epoch #3 Step #4 / 151: loss:1.7906, precision: 12.7844
[2021-11-09 12:26:35][__main__	][INFO	] TRAIN at global step #154 Epoch #3 Step #6 / 151: loss:1.7980, precision: 15.1961
[2021-11-09 12:26:43][__main__	][INFO	] TRAIN at global step #155 Epoch #3 Step #8 / 151: loss:1.8024, precision: 13.5619
[2021-11-09 12:26:50][__main__	][INFO	] TRAIN at global step #156 Epoch #3 Step #10 / 151: loss:1.7956, precision: 13.0778
[2021-11-09 12:26:55][__main__	][INFO	] TRAIN at global step #157 Epoch #3 Step #12 / 151: loss:1.8252, precision: 12.4408
[2021-11-09 12:27:01][__main__	][INFO	] TRAIN at global step #158 Epoch #3 Step #14 / 151: loss:1.4321, precision: 20.5151
[2021-11-09 12:27:07][__main__	][INFO	] TRAIN at global step #159 Epoch #3 Step #16 / 151: loss:1.7982, precision: 13.5518
[2021-11-09 12:27:15][__main__	][INFO	] TRAIN at global step #160 Epoch #3 Step #18 / 151: loss:1.8985, precision: 10.8824
[2021-11-09 12:27:21][__main__	][INFO	] TRAIN at global step #161 Epoch #3 Step #20 / 151: loss:2.0501, precision: 8.3941
[2021-11-09 12:27:27][__main__	][INFO	] TRAIN at global step #162 Epoch #3 Step #22 / 151: loss:2.1063, precision: 8.4107
[2021-11-09 12:27:33][__main__	][INFO	] TRAIN at global step #163 Epoch #3 Step #24 / 151: loss:1.4598, precision: 19.2378
[2021-11-09 12:27:39][__main__	][INFO	] TRAIN at global step #164 Epoch #3 Step #26 / 151: loss:1.9884, precision: 8.5660
[2021-11-09 12:27:45][__main__	][INFO	] TRAIN at global step #165 Epoch #3 Step #28 / 151: loss:1.5968, precision: 17.6742
[2021-11-09 12:27:52][__main__	][INFO	] TRAIN at global step #166 Epoch #3 Step #30 / 151: loss:1.6532, precision: 16.0195
[2021-11-09 12:27:59][__main__	][INFO	] TRAIN at global step #167 Epoch #3 Step #32 / 151: loss:1.7800, precision: 11.1512
[2021-11-09 12:28:06][__main__	][INFO	] TRAIN at global step #168 Epoch #3 Step #34 / 151: loss:1.8648, precision: 10.3825
[2021-11-09 12:28:12][__main__	][INFO	] TRAIN at global step #169 Epoch #3 Step #36 / 151: loss:1.7201, precision: 14.1532
[2021-11-09 12:28:19][__main__	][INFO	] TRAIN at global step #170 Epoch #3 Step #38 / 151: loss:1.6894, precision: 15.2140
[2021-11-09 12:28:25][__main__	][INFO	] TRAIN at global step #171 Epoch #3 Step #40 / 151: loss:1.6337, precision: 16.1206
[2021-11-09 12:28:32][__main__	][INFO	] TRAIN at global step #172 Epoch #3 Step #42 / 151: loss:1.8192, precision: 12.4728
[2021-11-09 12:28:38][__main__	][INFO	] TRAIN at global step #173 Epoch #3 Step #44 / 151: loss:1.7378, precision: 11.6017
[2021-11-09 12:28:45][__main__	][INFO	] TRAIN at global step #174 Epoch #3 Step #46 / 151: loss:1.9204, precision: 11.4157
[2021-11-09 12:28:52][__main__	][INFO	] TRAIN at global step #175 Epoch #3 Step #48 / 151: loss:2.0091, precision: 8.7201
[2021-11-09 12:28:59][__main__	][INFO	] TRAIN at global step #176 Epoch #3 Step #50 / 151: loss:1.9495, precision: 10.8156
[2021-11-09 12:29:05][__main__	][INFO	] TRAIN at global step #177 Epoch #3 Step #52 / 151: loss:1.7408, precision: 13.0856
[2021-11-09 12:29:13][__main__	][INFO	] TRAIN at global step #178 Epoch #3 Step #54 / 151: loss:1.7082, precision: 12.4789
[2021-11-09 12:29:19][__main__	][INFO	] TRAIN at global step #179 Epoch #3 Step #56 / 151: loss:1.9252, precision: 8.2727
[2021-11-09 12:29:25][__main__	][INFO	] TRAIN at global step #180 Epoch #3 Step #58 / 151: loss:1.7929, precision: 11.5016
[2021-11-09 12:29:32][__main__	][INFO	] TRAIN at global step #181 Epoch #3 Step #60 / 151: loss:1.9075, precision: 10.6797
[2021-11-09 12:29:39][__main__	][INFO	] TRAIN at global step #182 Epoch #3 Step #62 / 151: loss:1.4810, precision: 18.1811
[2021-11-09 12:29:45][__main__	][INFO	] TRAIN at global step #183 Epoch #3 Step #64 / 151: loss:1.8439, precision: 12.1497
[2021-11-09 12:29:52][__main__	][INFO	] TRAIN at global step #184 Epoch #3 Step #66 / 151: loss:1.9568, precision: 10.2951
[2021-11-09 12:29:58][__main__	][INFO	] TRAIN at global step #185 Epoch #3 Step #68 / 151: loss:1.7158, precision: 12.6445
[2021-11-09 12:30:04][__main__	][INFO	] TRAIN at global step #186 Epoch #3 Step #70 / 151: loss:1.7156, precision: 15.3820
[2021-11-09 12:30:11][__main__	][INFO	] TRAIN at global step #187 Epoch #3 Step #72 / 151: loss:1.4556, precision: 17.4321
[2021-11-09 12:30:19][__main__	][INFO	] TRAIN at global step #188 Epoch #3 Step #74 / 151: loss:1.4159, precision: 17.3921
[2021-11-09 12:30:26][__main__	][INFO	] TRAIN at global step #189 Epoch #3 Step #76 / 151: loss:1.5333, precision: 19.0350
[2021-11-09 12:30:32][__main__	][INFO	] TRAIN at global step #190 Epoch #3 Step #78 / 151: loss:1.4563, precision: 15.5217
[2021-11-09 12:30:38][__main__	][INFO	] TRAIN at global step #191 Epoch #3 Step #80 / 151: loss:2.1952, precision: 6.1904
[2021-11-09 12:30:46][__main__	][INFO	] TRAIN at global step #192 Epoch #3 Step #82 / 151: loss:1.6604, precision: 13.5227
[2021-11-09 12:30:55][__main__	][INFO	] TRAIN at global step #193 Epoch #3 Step #84 / 151: loss:1.8725, precision: 11.5730
[2021-11-09 12:31:01][__main__	][INFO	] TRAIN at global step #194 Epoch #3 Step #86 / 151: loss:1.7184, precision: 13.3169
[2021-11-09 12:31:08][__main__	][INFO	] TRAIN at global step #195 Epoch #3 Step #88 / 151: loss:1.6736, precision: 16.5360
[2021-11-09 12:31:18][__main__	][INFO	] TRAIN at global step #196 Epoch #3 Step #90 / 151: loss:1.8143, precision: 11.4604
[2021-11-09 12:31:24][__main__	][INFO	] TRAIN at global step #197 Epoch #3 Step #92 / 151: loss:1.6747, precision: 11.9166
[2021-11-09 12:31:30][__main__	][INFO	] TRAIN at global step #198 Epoch #3 Step #94 / 151: loss:1.7317, precision: 14.5250
[2021-11-09 12:31:36][__main__	][INFO	] TRAIN at global step #199 Epoch #3 Step #96 / 151: loss:1.7163, precision: 14.2230
[2021-11-09 12:31:42][__main__	][INFO	] TRAIN at global step #200 Epoch #3 Step #98 / 151: loss:1.6176, precision: 12.2766
[2021-11-09 12:31:49][__main__	][INFO	] TRAIN at global step #201 Epoch #3 Step #100 / 151: loss:1.4733, precision: 15.5010
[2021-11-09 12:31:56][__main__	][INFO	] TRAIN at global step #202 Epoch #3 Step #102 / 151: loss:1.6679, precision: 12.7937
[2021-11-09 12:32:03][__main__	][INFO	] TRAIN at global step #203 Epoch #3 Step #104 / 151: loss:1.5759, precision: 14.3589
[2021-11-09 12:32:12][__main__	][INFO	] TRAIN at global step #204 Epoch #3 Step #106 / 151: loss:1.5585, precision: 13.5970
[2021-11-09 12:32:19][__main__	][INFO	] TRAIN at global step #205 Epoch #3 Step #108 / 151: loss:1.4960, precision: 16.5447
[2021-11-09 12:32:25][__main__	][INFO	] TRAIN at global step #206 Epoch #3 Step #110 / 151: loss:1.4705, precision: 17.3920
[2021-11-09 12:32:33][__main__	][INFO	] TRAIN at global step #207 Epoch #3 Step #112 / 151: loss:1.6664, precision: 12.4984
[2021-11-09 12:32:40][__main__	][INFO	] TRAIN at global step #208 Epoch #3 Step #114 / 151: loss:1.7443, precision: 11.2390
[2021-11-09 12:32:47][__main__	][INFO	] TRAIN at global step #209 Epoch #3 Step #116 / 151: loss:1.9831, precision: 8.0577
[2021-11-09 12:32:54][__main__	][INFO	] TRAIN at global step #210 Epoch #3 Step #118 / 151: loss:1.3904, precision: 20.0606
[2021-11-09 12:33:01][__main__	][INFO	] TRAIN at global step #211 Epoch #3 Step #120 / 151: loss:1.5002, precision: 16.9388
[2021-11-09 12:33:07][__main__	][INFO	] TRAIN at global step #212 Epoch #3 Step #122 / 151: loss:1.7687, precision: 11.3541
[2021-11-09 12:33:13][__main__	][INFO	] TRAIN at global step #213 Epoch #3 Step #124 / 151: loss:1.6094, precision: 14.0113
[2021-11-09 12:33:20][__main__	][INFO	] TRAIN at global step #214 Epoch #3 Step #126 / 151: loss:1.5748, precision: 16.1717
[2021-11-09 12:33:26][__main__	][INFO	] TRAIN at global step #215 Epoch #3 Step #128 / 151: loss:1.6491, precision: 12.0060
[2021-11-09 12:33:33][__main__	][INFO	] TRAIN at global step #216 Epoch #3 Step #130 / 151: loss:1.7728, precision: 11.3511
[2021-11-09 12:33:38][__main__	][INFO	] TRAIN at global step #217 Epoch #3 Step #132 / 151: loss:1.6083, precision: 14.2590
[2021-11-09 12:33:45][__main__	][INFO	] TRAIN at global step #218 Epoch #3 Step #134 / 151: loss:1.5669, precision: 11.1899
[2021-11-09 12:33:51][__main__	][INFO	] TRAIN at global step #219 Epoch #3 Step #136 / 151: loss:1.4822, precision: 13.7790
[2021-11-09 12:33:56][__main__	][INFO	] TRAIN at global step #220 Epoch #3 Step #138 / 151: loss:1.7792, precision: 11.3594
[2021-11-09 12:34:03][__main__	][INFO	] TRAIN at global step #221 Epoch #3 Step #140 / 151: loss:1.4175, precision: 17.4240
[2021-11-09 12:34:08][__main__	][INFO	] TRAIN at global step #222 Epoch #3 Step #142 / 151: loss:1.8317, precision: 9.5382
[2021-11-09 12:34:13][__main__	][INFO	] TRAIN at global step #223 Epoch #3 Step #144 / 151: loss:1.6562, precision: 13.4688
[2021-11-09 12:34:19][__main__	][INFO	] TRAIN at global step #224 Epoch #3 Step #146 / 151: loss:1.5069, precision: 16.4590
[2021-11-09 12:34:25][__main__	][INFO	] TRAIN at global step #225 Epoch #3 Step #148 / 151: loss:1.6444, precision: 10.9903
[2021-11-09 12:34:31][__main__	][INFO	] TRAIN at global step #226 Epoch #3 Step #150 / 151: loss:1.8948, precision: 9.1157
[2021-11-09 12:34:33][__main__	][INFO	] Checkpoint at epoch #2 saved
[2021-11-09 12:34:40][__main__	][INFO	] TRAIN at global step #227 Epoch #4 Step #1 / 151: loss:1.8792, precision: 11.0884
[2021-11-09 12:34:46][__main__	][INFO	] TRAIN at global step #228 Epoch #4 Step #3 / 151: loss:1.7697, precision: 9.7682
[2021-11-09 12:34:54][__main__	][INFO	] TRAIN at global step #229 Epoch #4 Step #5 / 151: loss:1.8418, precision: 9.6697
[2021-11-09 12:35:00][__main__	][INFO	] TRAIN at global step #230 Epoch #4 Step #7 / 151: loss:1.4514, precision: 13.9933
[2021-11-09 12:35:07][__main__	][INFO	] TRAIN at global step #231 Epoch #4 Step #9 / 151: loss:1.3385, precision: 16.3211
[2021-11-09 12:35:12][__main__	][INFO	] TRAIN at global step #232 Epoch #4 Step #11 / 151: loss:1.4220, precision: 15.2093
[2021-11-09 12:35:19][__main__	][INFO	] TRAIN at global step #233 Epoch #4 Step #13 / 151: loss:1.5123, precision: 17.0103
[2021-11-09 12:35:26][__main__	][INFO	] TRAIN at global step #234 Epoch #4 Step #15 / 151: loss:1.4494, precision: 15.3286
[2021-11-09 12:35:31][__main__	][INFO	] TRAIN at global step #235 Epoch #4 Step #17 / 151: loss:1.4821, precision: 13.3122
[2021-11-09 12:35:38][__main__	][INFO	] TRAIN at global step #236 Epoch #4 Step #19 / 151: loss:1.3249, precision: 17.3988
[2021-11-09 12:35:44][__main__	][INFO	] TRAIN at global step #237 Epoch #4 Step #21 / 151: loss:1.5132, precision: 16.3828
[2021-11-09 12:35:50][__main__	][INFO	] TRAIN at global step #238 Epoch #4 Step #23 / 151: loss:1.3332, precision: 13.3758
[2021-11-09 12:35:55][__main__	][INFO	] TRAIN at global step #239 Epoch #4 Step #25 / 151: loss:1.7285, precision: 14.3255
[2021-11-09 12:36:01][__main__	][INFO	] TRAIN at global step #240 Epoch #4 Step #27 / 151: loss:1.5197, precision: 14.8944
[2021-11-09 12:36:10][__main__	][INFO	] TRAIN at global step #241 Epoch #4 Step #29 / 151: loss:1.3755, precision: 17.2280
[2021-11-09 12:36:17][__main__	][INFO	] TRAIN at global step #242 Epoch #4 Step #31 / 151: loss:1.8097, precision: 12.2504
[2021-11-09 12:36:24][__main__	][INFO	] TRAIN at global step #243 Epoch #4 Step #33 / 151: loss:1.8478, precision: 10.3453
[2021-11-09 12:36:29][__main__	][INFO	] TRAIN at global step #244 Epoch #4 Step #35 / 151: loss:1.4156, precision: 15.7336
[2021-11-09 12:36:36][__main__	][INFO	] TRAIN at global step #245 Epoch #4 Step #37 / 151: loss:1.3219, precision: 16.6822
[2021-11-09 12:36:41][__main__	][INFO	] TRAIN at global step #246 Epoch #4 Step #39 / 151: loss:1.6127, precision: 13.9137
[2021-11-09 12:36:49][__main__	][INFO	] TRAIN at global step #247 Epoch #4 Step #41 / 151: loss:1.5068, precision: 12.9787
[2021-11-09 12:36:54][__main__	][INFO	] TRAIN at global step #248 Epoch #4 Step #43 / 151: loss:1.3830, precision: 14.0205
[2021-11-09 12:37:01][__main__	][INFO	] TRAIN at global step #249 Epoch #4 Step #45 / 151: loss:1.5461, precision: 13.6238
[2021-11-09 12:37:08][__main__	][INFO	] TRAIN at global step #250 Epoch #4 Step #47 / 151: loss:1.8768, precision: 8.1057
[2021-11-09 12:37:14][__main__	][INFO	] TRAIN at global step #251 Epoch #4 Step #49 / 151: loss:1.8671, precision: 8.7831
[2021-11-09 12:37:21][__main__	][INFO	] TRAIN at global step #252 Epoch #4 Step #51 / 151: loss:1.5297, precision: 13.6185
[2021-11-09 12:37:26][__main__	][INFO	] TRAIN at global step #253 Epoch #4 Step #53 / 151: loss:1.5308, precision: 16.5444
[2021-11-09 12:37:32][__main__	][INFO	] TRAIN at global step #254 Epoch #4 Step #55 / 151: loss:1.4768, precision: 13.4181
[2021-11-09 12:37:39][__main__	][INFO	] TRAIN at global step #255 Epoch #4 Step #57 / 151: loss:1.5991, precision: 12.8854
[2021-11-09 12:37:46][__main__	][INFO	] TRAIN at global step #256 Epoch #4 Step #59 / 151: loss:1.4362, precision: 16.8372
[2021-11-09 12:37:53][__main__	][INFO	] TRAIN at global step #257 Epoch #4 Step #61 / 151: loss:1.3759, precision: 17.5831
[2021-11-09 12:38:00][__main__	][INFO	] TRAIN at global step #258 Epoch #4 Step #63 / 151: loss:1.6124, precision: 12.4798
[2021-11-09 12:38:07][__main__	][INFO	] TRAIN at global step #259 Epoch #4 Step #65 / 151: loss:1.4765, precision: 16.0800
[2021-11-09 12:38:13][__main__	][INFO	] TRAIN at global step #260 Epoch #4 Step #67 / 151: loss:1.5838, precision: 13.4497
[2021-11-09 12:38:19][__main__	][INFO	] TRAIN at global step #261 Epoch #4 Step #69 / 151: loss:1.5493, precision: 14.3044
[2021-11-09 12:38:27][__main__	][INFO	] TRAIN at global step #262 Epoch #4 Step #71 / 151: loss:1.4229, precision: 13.6816
[2021-11-09 12:38:33][__main__	][INFO	] TRAIN at global step #263 Epoch #4 Step #73 / 151: loss:1.4275, precision: 16.4411
Traceback (most recent call last):
  File "new.py", line 1008, in <module>
    main()
  File "new.py", line 90, in main
    main_worker()
  File "new.py", line 213, in main_worker
    train(model, train_dataloader, val_dataloader, config, logger, rank=rank, world_size=world_size)
  File "new.py", line 743, in train
    loss.backward()
  File "/home/aidrive/tb5zhh/.conda/envs/tbw_3dscan/lib/python3.8/site-packages/torch/tensor.py", line 245, in backward
    torch.autograd.backward(self, gradient, retain_graph, create_graph, inputs=inputs)
  File "/home/aidrive/tb5zhh/.conda/envs/tbw_3dscan/lib/python3.8/site-packages/torch/autograd/__init__.py", line 145, in backward
    Variable._execution_engine.run_backward(
  File "/home/aidrive/tb5zhh/.conda/envs/tbw_3dscan/lib/python3.8/site-packages/torch/autograd/function.py", line 89, in apply
    return self._forward_cls.backward(self, *args)  # type: ignore
  File "/home/aidrive/tb5zhh/.conda/envs/tbw_3dscan/lib/python3.8/site-packages/MinkowskiEngine/MinkowskiConvolution.py", line 99, in backward
    grad_in_feat, grad_kernel = bw_fn(
RuntimeError: CUDA out of memory. Tried to allocate 464.00 MiB (GPU 0; 19.62 GiB total capacity; 17.11 GiB already allocated; 433.12 MiB free; 17.60 GiB reserved in total by PyTorch)

wandb: Waiting for W&B process to finish, PID 214038... (failed 1). Press ctrl-c to abort syncing.
wandb: - 0.05MB of 0.05MB uploaded (0.00MB deduped)wandb: \ 0.05MB of 0.05MB uploaded (0.00MB deduped)wandb: | 0.05MB of 0.09MB uploaded (0.00MB deduped)wandb: / 0.05MB of 0.09MB uploaded (0.00MB deduped)wandb: - 0.05MB of 0.09MB uploaded (0.00MB deduped)wandb: \ 0.05MB of 0.09MB uploaded (0.00MB deduped)wandb: | 0.05MB of 0.09MB uploaded (0.00MB deduped)wandb: / 0.05MB of 0.09MB uploaded (0.00MB deduped)wandb: - 0.05MB of 0.09MB uploaded (0.00MB deduped)wandb: \ 0.05MB of 0.09MB uploaded (0.00MB deduped)wandb: | 0.05MB of 0.09MB uploaded (0.00MB deduped)wandb: / 0.06MB of 0.09MB uploaded (0.00MB deduped)wandb: - 0.06MB of 0.09MB uploaded (0.00MB deduped)wandb: \ 0.06MB of 0.09MB uploaded (0.00MB deduped)wandb: | 0.06MB of 0.09MB uploaded (0.00MB deduped)wandb: / 0.06MB of 0.09MB uploaded (0.00MB deduped)wandb: - 0.06MB of 0.09MB uploaded (0.00MB deduped)wandb: \ 0.06MB of 0.09MB uploaded (0.00MB deduped)wandb: | 0.09MB of 0.09MB uploaded (0.00MB deduped)wandb: / 0.09MB of 0.09MB uploaded (0.00MB deduped)wandb: - 0.09MB of 0.09MB uploaded (0.00MB deduped)wandb: \ 0.09MB of 0.09MB uploaded (0.00MB deduped)wandb: | 0.09MB of 0.09MB uploaded (0.00MB deduped)wandb: / 0.09MB of 0.09MB uploaded (0.00MB deduped)wandb: - 0.09MB of 0.09MB uploaded (0.00MB deduped)wandb: \ 0.09MB of 0.09MB uploaded (0.00MB deduped)wandb:                                                                                
wandb: Run history:
wandb:     global_step ▁▁▁▂▂▂▂▂▂▃▃▃▃▃▃▄▄▄▄▄▅▅▅▅▅▅▆▆▆▆▆▆▇▇▇▇▇███
wandb:   learning rate ████▇▇▇▇▇▆▆▆▆▆▆▅▅▅▅▅▅▄▄▄▄▄▃▃▃▃▃▃▂▂▂▂▂▁▁▁
wandb:            loss █▅▄▄▄▅▅▃▆▃▆▅▄▃▃▄▃▅▄▅▅▄▄▅▄▃▃▃▄▂▂▂▃▃▂▁▂▁▂▂
wandb:      optim_step ▁▁▁▁▂▂▂▂▂▃▃▃▃▃▃▄▄▄▄▄▅▅▅▅▅▅▆▆▆▆▆▆▇▇▇▇▇███
wandb:       precision ▁▄▇▅▅▃▄█▂▆▂▁▃▆▅▄▄▄▄▃▃▂▃▂▄▄▅▄▃▆▅▆▄▄█▇▇▇▆▆
wandb:        val_loss ▁
wandb:   val_miou_mean ▁
wandb:        val_step ▁
wandb: 
wandb: Run summary:
wandb:     global_step 263
wandb:   learning rate 0.09921
wandb:            loss 1.42745
wandb:      optim_step 263
wandb:       precision 16.44112
wandb:        val_loss 1.57623
wandb:   val_miou_mean 0.0809
wandb:        val_step 1
wandb: 
wandb: Synced 6 W&B file(s), 0 media file(s), 0 artifact file(s) and 1 other file(s)
wandb: Synced usual-night-271: https://wandb.ai/tb5zhh/3dsp/runs/fmsml62y
wandb: Find logs at: ./wandb/run-20211109_120827-fmsml62y/logs/debug.log
wandb: 
