/home/aidrive/tb5zhh/.conda/envs/tbw_3dscan/lib/python3.8/site-packages/MinkowskiEngine/__init__.py:36: UserWarning: The environment variable `OMP_NUM_THREADS` not set. MinkowskiEngine will automatically set `OMP_NUM_THREADS=16`. If you want to set `OMP_NUM_THREADS` manually, please export it on the command line before running a python script. e.g. `export OMP_NUM_THREADS=12; python your_program.py`. It is recommended to set it below 24.
  warnings.warn(
[2021-11-09 12:08:46][__main__	][INFO	] Run with 1 cpu
[2021-11-09 12:08:46][__main__	][INFO	] Running config
[2021-11-09 12:08:46][__main__	][INFO	] --->                          model: Res16UNet34C
[2021-11-09 12:08:46][__main__	][INFO	] --->              conv1_kernel_size: 5
[2021-11-09 12:08:46][__main__	][INFO	] --->                        weights: checkpoints/pretrain_20000.pth
[2021-11-09 12:08:46][__main__	][INFO	] --->                       weights1: /home/aidrive1/workspace/luoly/dataset/final/min_weights/LR/unc/1/512/checkpoint_NoneRes16UNet34Cbest_val.pth
[2021-11-09 12:08:46][__main__	][INFO	] --->                       weights2: /home/aidrive1/workspace/luoly/dataset/final/min_weights/LR/512/1/checkpoint_NoneRes16UNet34Cbest_val.pth
[2021-11-09 12:08:46][__main__	][INFO	] --->                       weights3: /home/aidrive1/workspace/luoly/dataset/final/min_weights/LR/1024/1/checkpoint_NoneRes16UNet34Cbest_val.pth
[2021-11-09 12:08:46][__main__	][INFO	] --->        weights_for_inner_model: False
[2021-11-09 12:08:46][__main__	][INFO	] --->                      dilations: [1, 1, 1, 1]
[2021-11-09 12:08:46][__main__	][INFO	] --->                   wrapper_type: None
[2021-11-09 12:08:46][__main__	][INFO	] --->            wrapper_region_type: 1
[2021-11-09 12:08:46][__main__	][INFO	] --->            wrapper_kernel_size: 3
[2021-11-09 12:08:46][__main__	][INFO	] --->                     wrapper_lr: 0.1
[2021-11-09 12:08:46][__main__	][INFO	] --->           meanfield_iterations: 10
[2021-11-09 12:08:46][__main__	][INFO	] --->              crf_spatial_sigma: 1
[2021-11-09 12:08:46][__main__	][INFO	] --->            crf_chromatic_sigma: 12
[2021-11-09 12:08:46][__main__	][INFO	] --->                      optimizer: SGD
[2021-11-09 12:08:46][__main__	][INFO	] --->                             lr: 0.1
[2021-11-09 12:08:46][__main__	][INFO	] --->                   sgd_momentum: 0.9
[2021-11-09 12:08:46][__main__	][INFO	] --->                  sgd_dampening: 0.1
[2021-11-09 12:08:46][__main__	][INFO	] --->                     adam_beta1: 0.9
[2021-11-09 12:08:46][__main__	][INFO	] --->                     adam_beta2: 0.999
[2021-11-09 12:08:46][__main__	][INFO	] --->                   weight_decay: 0.0001
[2021-11-09 12:08:46][__main__	][INFO	] --->           param_histogram_freq: 100
[2021-11-09 12:08:46][__main__	][INFO	] --->           save_param_histogram: False
[2021-11-09 12:08:46][__main__	][INFO	] --->                      iter_size: 1
[2021-11-09 12:08:46][__main__	][INFO	] --->                    bn_momentum: 0.02
[2021-11-09 12:08:46][__main__	][INFO	] --->                      scheduler: PolyLR
[2021-11-09 12:08:46][__main__	][INFO	] --->                       max_iter: 30000
[2021-11-09 12:08:46][__main__	][INFO	] --->                      step_size: 20000.0
[2021-11-09 12:08:46][__main__	][INFO	] --->                     step_gamma: 0.1
[2021-11-09 12:08:46][__main__	][INFO	] --->                     poly_power: 0.9
[2021-11-09 12:08:46][__main__	][INFO	] --->                      exp_gamma: 0.95
[2021-11-09 12:08:46][__main__	][INFO	] --->                  exp_step_size: 445
[2021-11-09 12:08:46][__main__	][INFO	] --->                        log_dir: log
[2021-11-09 12:08:46][__main__	][INFO	] --->                       data_dir: data
[2021-11-09 12:08:46][__main__	][INFO	] --->                        dataset: ScannetVoxelization2cmDataset
[2021-11-09 12:08:46][__main__	][INFO	] --->                    testdataset: ScannetVoxelization2cmtestDataset
[2021-11-09 12:08:46][__main__	][INFO	] --->              temporal_dilation: 30
[2021-11-09 12:08:46][__main__	][INFO	] --->                temporal_numseq: 3
[2021-11-09 12:08:46][__main__	][INFO	] --->                      point_lim: -1
[2021-11-09 12:08:46][__main__	][INFO	] --->                  pre_point_lim: -1
[2021-11-09 12:08:46][__main__	][INFO	] --->                     batch_size: 1
[2021-11-09 12:08:46][__main__	][INFO	] --->                test_batch_size: 1
[2021-11-09 12:08:46][__main__	][INFO	] --->                     cache_data: False
[2021-11-09 12:08:46][__main__	][INFO	] --->                    num_workers: 4
[2021-11-09 12:08:46][__main__	][INFO	] --->                num_val_workers: 1
[2021-11-09 12:08:46][__main__	][INFO	] --->                   ignore_label: 255
[2021-11-09 12:08:46][__main__	][INFO	] --->          return_transformation: False
[2021-11-09 12:08:46][__main__	][INFO	] --->         ignore_duplicate_class: False
[2021-11-09 12:08:46][__main__	][INFO	] --->                   partial_crop: 0.0
[2021-11-09 12:08:46][__main__	][INFO	] --->          train_limit_numpoints: 0
[2021-11-09 12:08:46][__main__	][INFO	] --->                   synthia_path: /home/chrischoy/datasets/Synthia/Synthia4D
[2021-11-09 12:08:46][__main__	][INFO	] --->            synthia_camera_path: /home/chrischoy/datasets/Synthia/%s/CameraParams/
[2021-11-09 12:08:46][__main__	][INFO	] --->  synthia_camera_intrinsic_file: intrinsics.txt
[2021-11-09 12:08:46][__main__	][INFO	] ---> synthia_camera_extrinsics_file: Stereo_Right/Omni_F/%s.txt
[2021-11-09 12:08:46][__main__	][INFO	] --->         temporal_rand_dilation: False
[2021-11-09 12:08:46][__main__	][INFO	] --->           temporal_rand_numseq: False
[2021-11-09 12:08:46][__main__	][INFO	] --->                   scannet_path: /home/aidrive/tb5zhh/data/100_fit_spec/train
[2021-11-09 12:08:46][__main__	][INFO	] --->              scannet_test_path: /home/aidrive/tb5zhh/data/full/train
[2021-11-09 12:08:46][__main__	][INFO	] --->                stanford3d_path: /home/chrischoy/datasets/Stanford3D
[2021-11-09 12:08:46][__main__	][INFO	] --->                       is_train: True
[2021-11-09 12:08:46][__main__	][INFO	] --->                      stat_freq: 40
[2021-11-09 12:08:46][__main__	][INFO	] --->                 test_stat_freq: 100
[2021-11-09 12:08:46][__main__	][INFO	] --->                test_stat_freq1: 312
[2021-11-09 12:08:46][__main__	][INFO	] --->                      save_freq: 1000
[2021-11-09 12:08:46][__main__	][INFO	] --->                       val_freq: 2
[2021-11-09 12:08:46][__main__	][INFO	] --->               empty_cache_freq: 1
[2021-11-09 12:08:46][__main__	][INFO	] --->                    train_phase: train
[2021-11-09 12:08:46][__main__	][INFO	] --->                      val_phase: val
[2021-11-09 12:08:46][__main__	][INFO	] --->              overwrite_weights: True
[2021-11-09 12:08:46][__main__	][INFO	] --->                         resume: None
[2021-11-09 12:08:46][__main__	][INFO	] --->               resume_optimizer: True
[2021-11-09 12:08:46][__main__	][INFO	] --->                  eval_upsample: False
[2021-11-09 12:08:46][__main__	][INFO	] --->         lenient_weight_loading: False
[2021-11-09 12:08:46][__main__	][INFO	] --->         distributed_world_size: 2
[2021-11-09 12:08:46][__main__	][INFO	] --->               distributed_rank: 0
[2021-11-09 12:08:46][__main__	][INFO	] --->            distributed_backend: nccl
[2021-11-09 12:08:46][__main__	][INFO	] --->        distributed_init_method: 
[2021-11-09 12:08:46][__main__	][INFO	] --->               distributed_port: 10010
[2021-11-09 12:08:46][__main__	][INFO	] --->                      device_id: 0
[2021-11-09 12:08:46][__main__	][INFO	] --->           distributed_no_spawn: True
[2021-11-09 12:08:46][__main__	][INFO	] --->                    ddp_backend: c10d
[2021-11-09 12:08:46][__main__	][INFO	] --->                  bucket_cap_mb: 25
[2021-11-09 12:08:46][__main__	][INFO	] --->                   use_feat_aug: True
[2021-11-09 12:08:46][__main__	][INFO	] --->     data_aug_color_trans_ratio: 0.1
[2021-11-09 12:08:46][__main__	][INFO	] --->      data_aug_color_jitter_std: 0.05
[2021-11-09 12:08:46][__main__	][INFO	] --->                normalize_color: True
[2021-11-09 12:08:46][__main__	][INFO	] --->             data_aug_scale_min: 0.9
[2021-11-09 12:08:46][__main__	][INFO	] --->             data_aug_scale_max: 1.1
[2021-11-09 12:08:46][__main__	][INFO	] --->               data_aug_hue_max: 0.5
[2021-11-09 12:08:46][__main__	][INFO	] --->        data_aug_saturation_max: 0.2
[2021-11-09 12:08:46][__main__	][INFO	] --->                      visualize: False
[2021-11-09 12:08:46][__main__	][INFO	] --->          test_temporal_average: False
[2021-11-09 12:08:46][__main__	][INFO	] --->                 visualize_path: outputs/visualize
[2021-11-09 12:08:46][__main__	][INFO	] --->                save_prediction: False
[2021-11-09 12:08:46][__main__	][INFO	] --->                  save_pred_dir: outputs/pred
[2021-11-09 12:08:46][__main__	][INFO	] --->                     test_phase: test
[2021-11-09 12:08:46][__main__	][INFO	] --->   evaluate_original_pointcloud: False
[2021-11-09 12:08:46][__main__	][INFO	] --->       test_original_pointcloud: False
[2021-11-09 12:08:46][__main__	][INFO	] --->                        is_cuda: True
[2021-11-09 12:08:46][__main__	][INFO	] --->                      load_path: 
[2021-11-09 12:08:46][__main__	][INFO	] --->                       log_step: 50
[2021-11-09 12:08:46][__main__	][INFO	] --->                      log_level: INFO
[2021-11-09 12:08:46][__main__	][INFO	] --->                        num_gpu: 1
[2021-11-09 12:08:46][__main__	][INFO	] --->                           seed: 42
[2021-11-09 12:08:46][__main__	][INFO	] --->                       run_name: finetune_fit_spec_0.1_100_Res16UNet34C
[2021-11-09 12:08:46][__main__	][INFO	] --->                      unc_round: 20
[2021-11-09 12:08:46][__main__	][INFO	] --->                 unc_result_dir: /
[2021-11-09 12:08:46][__main__	][INFO	] --->                          wandb: True
[2021-11-09 12:08:46][__main__	][INFO	] --->                  train_dataset: ScannetVoxelization2cmDataset
[2021-11-09 12:08:46][__main__	][INFO	] --->                    val_dataset: ScannetVoxelization2cmtestDataset
[2021-11-09 12:08:46][__main__	][INFO	] --->                 checkpoint_dir: checkpoints
[2021-11-09 12:08:46][__main__	][INFO	] --->                     optim_step: 2
[2021-11-09 12:08:46][__main__	][INFO	] --->                  validate_step: 150
[2021-11-09 12:08:46][__main__	][INFO	] --->                    train_epoch: 20000
[2021-11-09 12:08:46][__main__	][INFO	] --->               train_batch_size: 8
[2021-11-09 12:08:46][__main__	][INFO	] --->                 val_batch_size: 8
[2021-11-09 12:08:46][__main__	][INFO	] --->                eval_result_dir: /
[2021-11-09 12:08:46][__main__	][INFO	] --->                  unc_stat_path: /
[2021-11-09 12:08:46][__main__	][INFO	] --->                     save_epoch: 1
[2021-11-09 12:08:46][__main__	][INFO	] --->                   ignore_index: 255
[2021-11-09 12:08:46][__main__	][INFO	] --->                       do_train: True
[2021-11-09 12:08:46][__main__	][INFO	] --->               do_unc_inference: False
[2021-11-09 12:08:46][__main__	][INFO	] --->                    do_unc_demo: False
[2021-11-09 12:08:46][__main__	][INFO	] --->                    unc_dataset: 
[2021-11-09 12:08:46][__main__	][INFO	] --->           do_verbose_inference: False
[2021-11-09 12:08:46][__main__	][INFO	] --->                  do_unc_render: False
[2021-11-09 12:08:54][__main__	][INFO	] Weights loaded from checkpoints/pretrain_20000.pth
[2021-11-09 12:08:54][__main__	][INFO	] Model setup done
[2021-11-09 12:08:54][__main__	][INFO	] 
Res16UNet34C(
  (conv0p1s1): MinkowskiConvolution(in=3, out=32, kernel_size=[5, 5, 5], stride=[1, 1, 1], dilation=[1, 1, 1])
  (bn0): MinkowskiBatchNorm(32, eps=1e-05, momentum=0.02, affine=True, track_running_stats=True)
  (conv1p1s2): MinkowskiConvolution(in=32, out=32, kernel_size=[2, 2, 2], stride=[2, 2, 2], dilation=[1, 1, 1])
  (bn1): MinkowskiBatchNorm(32, eps=1e-05, momentum=0.02, affine=True, track_running_stats=True)
  (block1): Sequential(
    (0): BasicBlock(
      (conv1): MinkowskiConvolution(in=32, out=32, kernel_size=[3, 3, 3], stride=[1, 1, 1], dilation=[1, 1, 1])
      (norm1): MinkowskiBatchNorm(32, eps=1e-05, momentum=0.1, affine=True, track_running_stats=True)
      (conv2): MinkowskiConvolution(in=32, out=32, kernel_size=[3, 3, 3], stride=[1, 1, 1], dilation=[1, 1, 1])
      (norm2): MinkowskiBatchNorm(32, eps=1e-05, momentum=0.1, affine=True, track_running_stats=True)
      (relu): MinkowskiReLU()
    )
    (1): BasicBlock(
      (conv1): MinkowskiConvolution(in=32, out=32, kernel_size=[3, 3, 3], stride=[1, 1, 1], dilation=[1, 1, 1])
      (norm1): MinkowskiBatchNorm(32, eps=1e-05, momentum=0.1, affine=True, track_running_stats=True)
      (conv2): MinkowskiConvolution(in=32, out=32, kernel_size=[3, 3, 3], stride=[1, 1, 1], dilation=[1, 1, 1])
      (norm2): MinkowskiBatchNorm(32, eps=1e-05, momentum=0.1, affine=True, track_running_stats=True)
      (relu): MinkowskiReLU()
    )
  )
  (conv2p2s2): MinkowskiConvolution(in=32, out=32, kernel_size=[2, 2, 2], stride=[2, 2, 2], dilation=[1, 1, 1])
  (bn2): MinkowskiBatchNorm(32, eps=1e-05, momentum=0.02, affine=True, track_running_stats=True)
  (block2): Sequential(
    (0): BasicBlock(
      (conv1): MinkowskiConvolution(in=32, out=64, kernel_size=[3, 3, 3], stride=[1, 1, 1], dilation=[1, 1, 1])
      (norm1): MinkowskiBatchNorm(64, eps=1e-05, momentum=0.1, affine=True, track_running_stats=True)
      (conv2): MinkowskiConvolution(in=64, out=64, kernel_size=[3, 3, 3], stride=[1, 1, 1], dilation=[1, 1, 1])
      (norm2): MinkowskiBatchNorm(64, eps=1e-05, momentum=0.1, affine=True, track_running_stats=True)
      (relu): MinkowskiReLU()
      (downsample): Sequential(
        (0): MinkowskiConvolution(in=32, out=64, kernel_size=[1, 1, 1], stride=[1, 1, 1], dilation=[1, 1, 1])
        (1): MinkowskiBatchNorm(64, eps=1e-05, momentum=0.02, affine=True, track_running_stats=True)
      )
    )
    (1): BasicBlock(
      (conv1): MinkowskiConvolution(in=64, out=64, kernel_size=[3, 3, 3], stride=[1, 1, 1], dilation=[1, 1, 1])
      (norm1): MinkowskiBatchNorm(64, eps=1e-05, momentum=0.1, affine=True, track_running_stats=True)
      (conv2): MinkowskiConvolution(in=64, out=64, kernel_size=[3, 3, 3], stride=[1, 1, 1], dilation=[1, 1, 1])
      (norm2): MinkowskiBatchNorm(64, eps=1e-05, momentum=0.1, affine=True, track_running_stats=True)
      (relu): MinkowskiReLU()
    )
    (2): BasicBlock(
      (conv1): MinkowskiConvolution(in=64, out=64, kernel_size=[3, 3, 3], stride=[1, 1, 1], dilation=[1, 1, 1])
      (norm1): MinkowskiBatchNorm(64, eps=1e-05, momentum=0.1, affine=True, track_running_stats=True)
      (conv2): MinkowskiConvolution(in=64, out=64, kernel_size=[3, 3, 3], stride=[1, 1, 1], dilation=[1, 1, 1])
      (norm2): MinkowskiBatchNorm(64, eps=1e-05, momentum=0.1, affine=True, track_running_stats=True)
      (relu): MinkowskiReLU()
    )
  )
  (conv3p4s2): MinkowskiConvolution(in=64, out=64, kernel_size=[2, 2, 2], stride=[2, 2, 2], dilation=[1, 1, 1])
  (bn3): MinkowskiBatchNorm(64, eps=1e-05, momentum=0.02, affine=True, track_running_stats=True)
  (block3): Sequential(
    (0): BasicBlock(
      (conv1): MinkowskiConvolution(in=64, out=128, kernel_size=[3, 3, 3], stride=[1, 1, 1], dilation=[1, 1, 1])
      (norm1): MinkowskiBatchNorm(128, eps=1e-05, momentum=0.1, affine=True, track_running_stats=True)
      (conv2): MinkowskiConvolution(in=128, out=128, kernel_size=[3, 3, 3], stride=[1, 1, 1], dilation=[1, 1, 1])
      (norm2): MinkowskiBatchNorm(128, eps=1e-05, momentum=0.1, affine=True, track_running_stats=True)
      (relu): MinkowskiReLU()
      (downsample): Sequential(
        (0): MinkowskiConvolution(in=64, out=128, kernel_size=[1, 1, 1], stride=[1, 1, 1], dilation=[1, 1, 1])
        (1): MinkowskiBatchNorm(128, eps=1e-05, momentum=0.02, affine=True, track_running_stats=True)
      )
    )
    (1): BasicBlock(
      (conv1): MinkowskiConvolution(in=128, out=128, kernel_size=[3, 3, 3], stride=[1, 1, 1], dilation=[1, 1, 1])
      (norm1): MinkowskiBatchNorm(128, eps=1e-05, momentum=0.1, affine=True, track_running_stats=True)
      (conv2): MinkowskiConvolution(in=128, out=128, kernel_size=[3, 3, 3], stride=[1, 1, 1], dilation=[1, 1, 1])
      (norm2): MinkowskiBatchNorm(128, eps=1e-05, momentum=0.1, affine=True, track_running_stats=True)
      (relu): MinkowskiReLU()
    )
    (2): BasicBlock(
      (conv1): MinkowskiConvolution(in=128, out=128, kernel_size=[3, 3, 3], stride=[1, 1, 1], dilation=[1, 1, 1])
      (norm1): MinkowskiBatchNorm(128, eps=1e-05, momentum=0.1, affine=True, track_running_stats=True)
      (conv2): MinkowskiConvolution(in=128, out=128, kernel_size=[3, 3, 3], stride=[1, 1, 1], dilation=[1, 1, 1])
      (norm2): MinkowskiBatchNorm(128, eps=1e-05, momentum=0.1, affine=True, track_running_stats=True)
      (relu): MinkowskiReLU()
    )
    (3): BasicBlock(
      (conv1): MinkowskiConvolution(in=128, out=128, kernel_size=[3, 3, 3], stride=[1, 1, 1], dilation=[1, 1, 1])
      (norm1): MinkowskiBatchNorm(128, eps=1e-05, momentum=0.1, affine=True, track_running_stats=True)
      (conv2): MinkowskiConvolution(in=128, out=128, kernel_size=[3, 3, 3], stride=[1, 1, 1], dilation=[1, 1, 1])
      (norm2): MinkowskiBatchNorm(128, eps=1e-05, momentum=0.1, affine=True, track_running_stats=True)
      (relu): MinkowskiReLU()
    )
  )
  (conv4p8s2): MinkowskiConvolution(in=128, out=128, kernel_size=[2, 2, 2], stride=[2, 2, 2], dilation=[1, 1, 1])
  (bn4): MinkowskiBatchNorm(128, eps=1e-05, momentum=0.02, affine=True, track_running_stats=True)
  (block4): Sequential(
    (0): BasicBlock(
      (conv1): MinkowskiConvolution(in=128, out=256, kernel_size=[3, 3, 3], stride=[1, 1, 1], dilation=[1, 1, 1])
      (norm1): MinkowskiBatchNorm(256, eps=1e-05, momentum=0.1, affine=True, track_running_stats=True)
      (conv2): MinkowskiConvolution(in=256, out=256, kernel_size=[3, 3, 3], stride=[1, 1, 1], dilation=[1, 1, 1])
      (norm2): MinkowskiBatchNorm(256, eps=1e-05, momentum=0.1, affine=True, track_running_stats=True)
      (relu): MinkowskiReLU()
      (downsample): Sequential(
        (0): MinkowskiConvolution(in=128, out=256, kernel_size=[1, 1, 1], stride=[1, 1, 1], dilation=[1, 1, 1])
        (1): MinkowskiBatchNorm(256, eps=1e-05, momentum=0.02, affine=True, track_running_stats=True)
      )
    )
    (1): BasicBlock(
      (conv1): MinkowskiConvolution(in=256, out=256, kernel_size=[3, 3, 3], stride=[1, 1, 1], dilation=[1, 1, 1])
      (norm1): MinkowskiBatchNorm(256, eps=1e-05, momentum=0.1, affine=True, track_running_stats=True)
      (conv2): MinkowskiConvolution(in=256, out=256, kernel_size=[3, 3, 3], stride=[1, 1, 1], dilation=[1, 1, 1])
      (norm2): MinkowskiBatchNorm(256, eps=1e-05, momentum=0.1, affine=True, track_running_stats=True)
      (relu): MinkowskiReLU()
    )
    (2): BasicBlock(
      (conv1): MinkowskiConvolution(in=256, out=256, kernel_size=[3, 3, 3], stride=[1, 1, 1], dilation=[1, 1, 1])
      (norm1): MinkowskiBatchNorm(256, eps=1e-05, momentum=0.1, affine=True, track_running_stats=True)
      (conv2): MinkowskiConvolution(in=256, out=256, kernel_size=[3, 3, 3], stride=[1, 1, 1], dilation=[1, 1, 1])
      (norm2): MinkowskiBatchNorm(256, eps=1e-05, momentum=0.1, affine=True, track_running_stats=True)
      (relu): MinkowskiReLU()
    )
    (3): BasicBlock(
      (conv1): MinkowskiConvolution(in=256, out=256, kernel_size=[3, 3, 3], stride=[1, 1, 1], dilation=[1, 1, 1])
      (norm1): MinkowskiBatchNorm(256, eps=1e-05, momentum=0.1, affine=True, track_running_stats=True)
      (conv2): MinkowskiConvolution(in=256, out=256, kernel_size=[3, 3, 3], stride=[1, 1, 1], dilation=[1, 1, 1])
      (norm2): MinkowskiBatchNorm(256, eps=1e-05, momentum=0.1, affine=True, track_running_stats=True)
      (relu): MinkowskiReLU()
    )
    (4): BasicBlock(
      (conv1): MinkowskiConvolution(in=256, out=256, kernel_size=[3, 3, 3], stride=[1, 1, 1], dilation=[1, 1, 1])
      (norm1): MinkowskiBatchNorm(256, eps=1e-05, momentum=0.1, affine=True, track_running_stats=True)
      (conv2): MinkowskiConvolution(in=256, out=256, kernel_size=[3, 3, 3], stride=[1, 1, 1], dilation=[1, 1, 1])
      (norm2): MinkowskiBatchNorm(256, eps=1e-05, momentum=0.1, affine=True, track_running_stats=True)
      (relu): MinkowskiReLU()
    )
    (5): BasicBlock(
      (conv1): MinkowskiConvolution(in=256, out=256, kernel_size=[3, 3, 3], stride=[1, 1, 1], dilation=[1, 1, 1])
      (norm1): MinkowskiBatchNorm(256, eps=1e-05, momentum=0.1, affine=True, track_running_stats=True)
      (conv2): MinkowskiConvolution(in=256, out=256, kernel_size=[3, 3, 3], stride=[1, 1, 1], dilation=[1, 1, 1])
      (norm2): MinkowskiBatchNorm(256, eps=1e-05, momentum=0.1, affine=True, track_running_stats=True)
      (relu): MinkowskiReLU()
    )
  )
  (convtr4p16s2): MinkowskiConvolutionTranspose(in=256, out=256, kernel_size=[2, 2, 2], stride=[2, 2, 2], dilation=[1, 1, 1])
  (bntr4): MinkowskiBatchNorm(256, eps=1e-05, momentum=0.02, affine=True, track_running_stats=True)
  (block5): Sequential(
    (0): BasicBlock(
      (conv1): MinkowskiConvolution(in=384, out=256, kernel_size=[3, 3, 3], stride=[1, 1, 1], dilation=[1, 1, 1])
      (norm1): MinkowskiBatchNorm(256, eps=1e-05, momentum=0.1, affine=True, track_running_stats=True)
      (conv2): MinkowskiConvolution(in=256, out=256, kernel_size=[3, 3, 3], stride=[1, 1, 1], dilation=[1, 1, 1])
      (norm2): MinkowskiBatchNorm(256, eps=1e-05, momentum=0.1, affine=True, track_running_stats=True)
      (relu): MinkowskiReLU()
      (downsample): Sequential(
        (0): MinkowskiConvolution(in=384, out=256, kernel_size=[1, 1, 1], stride=[1, 1, 1], dilation=[1, 1, 1])
        (1): MinkowskiBatchNorm(256, eps=1e-05, momentum=0.02, affine=True, track_running_stats=True)
      )
    )
    (1): BasicBlock(
      (conv1): MinkowskiConvolution(in=256, out=256, kernel_size=[3, 3, 3], stride=[1, 1, 1], dilation=[1, 1, 1])
      (norm1): MinkowskiBatchNorm(256, eps=1e-05, momentum=0.1, affine=True, track_running_stats=True)
      (conv2): MinkowskiConvolution(in=256, out=256, kernel_size=[3, 3, 3], stride=[1, 1, 1], dilation=[1, 1, 1])
      (norm2): MinkowskiBatchNorm(256, eps=1e-05, momentum=0.1, affine=True, track_running_stats=True)
      (relu): MinkowskiReLU()
    )
  )
  (convtr5p8s2): MinkowskiConvolutionTranspose(in=256, out=128, kernel_size=[2, 2, 2], stride=[2, 2, 2], dilation=[1, 1, 1])
  (bntr5): MinkowskiBatchNorm(128, eps=1e-05, momentum=0.02, affine=True, track_running_stats=True)
  (block6): Sequential(
    (0): BasicBlock(
      (conv1): MinkowskiConvolution(in=192, out=128, kernel_size=[3, 3, 3], stride=[1, 1, 1], dilation=[1, 1, 1])
      (norm1): MinkowskiBatchNorm(128, eps=1e-05, momentum=0.1, affine=True, track_running_stats=True)
      (conv2): MinkowskiConvolution(in=128, out=128, kernel_size=[3, 3, 3], stride=[1, 1, 1], dilation=[1, 1, 1])
      (norm2): MinkowskiBatchNorm(128, eps=1e-05, momentum=0.1, affine=True, track_running_stats=True)
      (relu): MinkowskiReLU()
      (downsample): Sequential(
        (0): MinkowskiConvolution(in=192, out=128, kernel_size=[1, 1, 1], stride=[1, 1, 1], dilation=[1, 1, 1])
        (1): MinkowskiBatchNorm(128, eps=1e-05, momentum=0.02, affine=True, track_running_stats=True)
      )
    )
    (1): BasicBlock(
      (conv1): MinkowskiConvolution(in=128, out=128, kernel_size=[3, 3, 3], stride=[1, 1, 1], dilation=[1, 1, 1])
      (norm1): MinkowskiBatchNorm(128, eps=1e-05, momentum=0.1, affine=True, track_running_stats=True)
      (conv2): MinkowskiConvolution(in=128, out=128, kernel_size=[3, 3, 3], stride=[1, 1, 1], dilation=[1, 1, 1])
      (norm2): MinkowskiBatchNorm(128, eps=1e-05, momentum=0.1, affine=True, track_running_stats=True)
      (relu): MinkowskiReLU()
    )
  )
  (convtr6p4s2): MinkowskiConvolutionTranspose(in=128, out=96, kernel_size=[2, 2, 2], stride=[2, 2, 2], dilation=[1, 1, 1])
  (bntr6): MinkowskiBatchNorm(96, eps=1e-05, momentum=0.02, affine=True, track_running_stats=True)
  (block7): Sequential(
    (0): BasicBlock(
      (conv1): MinkowskiConvolution(in=128, out=96, kernel_size=[3, 3, 3], stride=[1, 1, 1], dilation=[1, 1, 1])
      (norm1): MinkowskiBatchNorm(96, eps=1e-05, momentum=0.1, affine=True, track_running_stats=True)
      (conv2): MinkowskiConvolution(in=96, out=96, kernel_size=[3, 3, 3], stride=[1, 1, 1], dilation=[1, 1, 1])
      (norm2): MinkowskiBatchNorm(96, eps=1e-05, momentum=0.1, affine=True, track_running_stats=True)
      (relu): MinkowskiReLU()
      (downsample): Sequential(
        (0): MinkowskiConvolution(in=128, out=96, kernel_size=[1, 1, 1], stride=[1, 1, 1], dilation=[1, 1, 1])
        (1): MinkowskiBatchNorm(96, eps=1e-05, momentum=0.02, affine=True, track_running_stats=True)
      )
    )
    (1): BasicBlock(
      (conv1): MinkowskiConvolution(in=96, out=96, kernel_size=[3, 3, 3], stride=[1, 1, 1], dilation=[1, 1, 1])
      (norm1): MinkowskiBatchNorm(96, eps=1e-05, momentum=0.1, affine=True, track_running_stats=True)
      (conv2): MinkowskiConvolution(in=96, out=96, kernel_size=[3, 3, 3], stride=[1, 1, 1], dilation=[1, 1, 1])
      (norm2): MinkowskiBatchNorm(96, eps=1e-05, momentum=0.1, affine=True, track_running_stats=True)
      (relu): MinkowskiReLU()
    )
  )
  (convtr7p2s2): MinkowskiConvolutionTranspose(in=96, out=96, kernel_size=[2, 2, 2], stride=[2, 2, 2], dilation=[1, 1, 1])
  (bntr7): MinkowskiBatchNorm(96, eps=1e-05, momentum=0.02, affine=True, track_running_stats=True)
  (block8): Sequential(
    (0): BasicBlock(
      (conv1): MinkowskiConvolution(in=128, out=96, kernel_size=[3, 3, 3], stride=[1, 1, 1], dilation=[1, 1, 1])
      (norm1): MinkowskiBatchNorm(96, eps=1e-05, momentum=0.1, affine=True, track_running_stats=True)
      (conv2): MinkowskiConvolution(in=96, out=96, kernel_size=[3, 3, 3], stride=[1, 1, 1], dilation=[1, 1, 1])
      (norm2): MinkowskiBatchNorm(96, eps=1e-05, momentum=0.1, affine=True, track_running_stats=True)
      (relu): MinkowskiReLU()
      (downsample): Sequential(
        (0): MinkowskiConvolution(in=128, out=96, kernel_size=[1, 1, 1], stride=[1, 1, 1], dilation=[1, 1, 1])
        (1): MinkowskiBatchNorm(96, eps=1e-05, momentum=0.02, affine=True, track_running_stats=True)
      )
    )
    (1): BasicBlock(
      (conv1): MinkowskiConvolution(in=96, out=96, kernel_size=[3, 3, 3], stride=[1, 1, 1], dilation=[1, 1, 1])
      (norm1): MinkowskiBatchNorm(96, eps=1e-05, momentum=0.1, affine=True, track_running_stats=True)
      (conv2): MinkowskiConvolution(in=96, out=96, kernel_size=[3, 3, 3], stride=[1, 1, 1], dilation=[1, 1, 1])
      (norm2): MinkowskiBatchNorm(96, eps=1e-05, momentum=0.1, affine=True, track_running_stats=True)
      (relu): MinkowskiReLU()
    )
  )
  (final): MinkowskiConvolution(in=96, out=20, kernel_size=[1, 1, 1], stride=[1, 1, 1], dilation=[1, 1, 1])
  (relu): MinkowskiReLU()
)
wandb: Currently logged in as: tb5zhh (use `wandb login --relogin` to force relogin)
wandb: wandb version 0.12.6 is available!  To upgrade, please run:
wandb:  $ pip install wandb --upgrade
wandb: Tracking run with wandb version 0.12.4
wandb: Syncing run dandy-microwave-274
wandb:  View project at https://wandb.ai/tb5zhh/3dsp
wandb:  View run at https://wandb.ai/tb5zhh/3dsp/runs/1gu706zb
wandb: Run data is saved locally in /home/aidrive/tb5zhh/3DScanSeg/wandb/run-20211109_120855-1gu706zb
wandb: Run `wandb offline` to turn off syncing.

[34m[1mwandb[0m: [33mWARNING[0m Calling run.save without any arguments is deprecated.Changes to attributes are automatically persisted.
[2021-11-09 12:08:58][root	][INFO	] Loading ScannetVoxelization2cmDataset: scannetv2_train.txt
[2021-11-09 12:08:58][root	][INFO	] Loading ScannetVoxelization2cmtestDataset: scannetv2_val.txt
[2021-11-09 12:08:58][__main__	][INFO	] Dataloader setup done
[2021-11-09 12:08:58][__main__	][INFO	] My rank : 0 / 1
[2021-11-09 12:08:58][__main__	][INFO	] Start training
[2021-11-09 12:09:11][__main__	][INFO	] TRAIN at global step #1 Epoch #1 Step #2 / 151: loss:3.3731, precision: 0.5175
[2021-11-09 12:09:19][__main__	][INFO	] TRAIN at global step #2 Epoch #1 Step #4 / 151: loss:2.9836, precision: 1.1355
[2021-11-09 12:09:25][__main__	][INFO	] TRAIN at global step #3 Epoch #1 Step #6 / 151: loss:2.5484, precision: 13.8633
[2021-11-09 12:09:33][__main__	][INFO	] TRAIN at global step #4 Epoch #1 Step #8 / 151: loss:2.4077, precision: 12.6040
[2021-11-09 12:09:40][__main__	][INFO	] TRAIN at global step #5 Epoch #1 Step #10 / 151: loss:2.0965, precision: 17.1681
[2021-11-09 12:09:48][__main__	][INFO	] TRAIN at global step #6 Epoch #1 Step #12 / 151: loss:2.2729, precision: 14.1430
[2021-11-09 12:09:55][__main__	][INFO	] TRAIN at global step #7 Epoch #1 Step #14 / 151: loss:2.0564, precision: 18.2960
[2021-11-09 12:10:01][__main__	][INFO	] TRAIN at global step #8 Epoch #1 Step #16 / 151: loss:2.0650, precision: 17.1914
[2021-11-09 12:10:07][__main__	][INFO	] TRAIN at global step #9 Epoch #1 Step #18 / 151: loss:1.7609, precision: 19.2250
[2021-11-09 12:10:15][__main__	][INFO	] TRAIN at global step #10 Epoch #1 Step #20 / 151: loss:2.0082, precision: 17.5347
[2021-11-09 12:10:21][__main__	][INFO	] TRAIN at global step #11 Epoch #1 Step #22 / 151: loss:1.8842, precision: 16.7590
[2021-11-09 12:10:28][__main__	][INFO	] TRAIN at global step #12 Epoch #1 Step #24 / 151: loss:1.9212, precision: 16.5481
[2021-11-09 12:10:34][__main__	][INFO	] TRAIN at global step #13 Epoch #1 Step #26 / 151: loss:1.7491, precision: 20.1096
[2021-11-09 12:10:41][__main__	][INFO	] TRAIN at global step #14 Epoch #1 Step #28 / 151: loss:1.8329, precision: 17.5144
[2021-11-09 12:10:48][__main__	][INFO	] TRAIN at global step #15 Epoch #1 Step #30 / 151: loss:1.8747, precision: 15.8845
[2021-11-09 12:10:54][__main__	][INFO	] TRAIN at global step #16 Epoch #1 Step #32 / 151: loss:1.9159, precision: 16.9514
[2021-11-09 12:11:00][__main__	][INFO	] TRAIN at global step #17 Epoch #1 Step #34 / 151: loss:2.0376, precision: 15.7549
[2021-11-09 12:11:07][__main__	][INFO	] TRAIN at global step #18 Epoch #1 Step #36 / 151: loss:1.6851, precision: 19.8401
[2021-11-09 12:11:13][__main__	][INFO	] TRAIN at global step #19 Epoch #1 Step #38 / 151: loss:1.8863, precision: 16.1503
[2021-11-09 12:11:20][__main__	][INFO	] TRAIN at global step #20 Epoch #1 Step #40 / 151: loss:1.6624, precision: 19.3804
[2021-11-09 12:11:27][__main__	][INFO	] TRAIN at global step #21 Epoch #1 Step #42 / 151: loss:1.8241, precision: 18.2418
[2021-11-09 12:11:34][__main__	][INFO	] TRAIN at global step #22 Epoch #1 Step #44 / 151: loss:1.6007, precision: 20.3886
[2021-11-09 12:11:41][__main__	][INFO	] TRAIN at global step #23 Epoch #1 Step #46 / 151: loss:1.9848, precision: 14.5187
[2021-11-09 12:11:49][__main__	][INFO	] TRAIN at global step #24 Epoch #1 Step #48 / 151: loss:1.7069, precision: 17.0856
[2021-11-09 12:11:57][__main__	][INFO	] TRAIN at global step #25 Epoch #1 Step #50 / 151: loss:1.6908, precision: 19.2968
[2021-11-09 12:12:02][__main__	][INFO	] TRAIN at global step #26 Epoch #1 Step #52 / 151: loss:1.4158, precision: 23.2821
[2021-11-09 12:12:08][__main__	][INFO	] TRAIN at global step #27 Epoch #1 Step #54 / 151: loss:1.8856, precision: 15.4293
[2021-11-09 12:12:15][__main__	][INFO	] TRAIN at global step #28 Epoch #1 Step #56 / 151: loss:1.6962, precision: 18.1157
[2021-11-09 12:12:22][__main__	][INFO	] TRAIN at global step #29 Epoch #1 Step #58 / 151: loss:1.7114, precision: 18.3008
[2021-11-09 12:12:27][__main__	][INFO	] TRAIN at global step #30 Epoch #1 Step #60 / 151: loss:1.4234, precision: 22.3505
[2021-11-09 12:12:33][__main__	][INFO	] TRAIN at global step #31 Epoch #1 Step #62 / 151: loss:1.5401, precision: 20.7404
[2021-11-09 12:12:41][__main__	][INFO	] TRAIN at global step #32 Epoch #1 Step #64 / 151: loss:1.7028, precision: 17.8266
[2021-11-09 12:12:47][__main__	][INFO	] TRAIN at global step #33 Epoch #1 Step #66 / 151: loss:1.4334, precision: 22.7679
[2021-11-09 12:12:54][__main__	][INFO	] TRAIN at global step #34 Epoch #1 Step #68 / 151: loss:1.7971, precision: 16.7331
[2021-11-09 12:13:00][__main__	][INFO	] TRAIN at global step #35 Epoch #1 Step #70 / 151: loss:1.4903, precision: 22.3054
[2021-11-09 12:13:08][__main__	][INFO	] TRAIN at global step #36 Epoch #1 Step #72 / 151: loss:1.6691, precision: 17.5846
[2021-11-09 12:13:15][__main__	][INFO	] TRAIN at global step #37 Epoch #1 Step #74 / 151: loss:1.7430, precision: 18.7494
[2021-11-09 12:13:21][__main__	][INFO	] TRAIN at global step #38 Epoch #1 Step #76 / 151: loss:1.6292, precision: 19.8459
[2021-11-09 12:13:27][__main__	][INFO	] TRAIN at global step #39 Epoch #1 Step #78 / 151: loss:1.6764, precision: 17.2831
[2021-11-09 12:13:34][__main__	][INFO	] TRAIN at global step #40 Epoch #1 Step #80 / 151: loss:1.7351, precision: 18.6242
[2021-11-09 12:13:40][__main__	][INFO	] TRAIN at global step #41 Epoch #1 Step #82 / 151: loss:1.6981, precision: 17.3459
[2021-11-09 12:13:46][__main__	][INFO	] TRAIN at global step #42 Epoch #1 Step #84 / 151: loss:1.6596, precision: 18.9417
[2021-11-09 12:13:53][__main__	][INFO	] TRAIN at global step #43 Epoch #1 Step #86 / 151: loss:1.6133, precision: 21.5871
[2021-11-09 12:14:02][__main__	][INFO	] TRAIN at global step #44 Epoch #1 Step #88 / 151: loss:1.6428, precision: 17.7291
[2021-11-09 12:14:08][__main__	][INFO	] TRAIN at global step #45 Epoch #1 Step #90 / 151: loss:1.6446, precision: 17.7268
[2021-11-09 12:14:17][__main__	][INFO	] TRAIN at global step #46 Epoch #1 Step #92 / 151: loss:1.8225, precision: 14.4261
[2021-11-09 12:14:25][__main__	][INFO	] TRAIN at global step #47 Epoch #1 Step #94 / 151: loss:1.5491, precision: 20.4515
[2021-11-09 12:14:31][__main__	][INFO	] TRAIN at global step #48 Epoch #1 Step #96 / 151: loss:1.5934, precision: 20.3702
[2021-11-09 12:14:37][__main__	][INFO	] TRAIN at global step #49 Epoch #1 Step #98 / 151: loss:1.5131, precision: 20.6785
[2021-11-09 12:14:45][__main__	][INFO	] TRAIN at global step #50 Epoch #1 Step #100 / 151: loss:1.4752, precision: 19.0658
[2021-11-09 12:14:51][__main__	][INFO	] TRAIN at global step #51 Epoch #1 Step #102 / 151: loss:1.5942, precision: 18.4820
[2021-11-09 12:14:58][__main__	][INFO	] TRAIN at global step #52 Epoch #1 Step #104 / 151: loss:1.6898, precision: 17.9300
[2021-11-09 12:15:03][__main__	][INFO	] TRAIN at global step #53 Epoch #1 Step #106 / 151: loss:1.5603, precision: 19.0988
[2021-11-09 12:15:11][__main__	][INFO	] TRAIN at global step #54 Epoch #1 Step #108 / 151: loss:1.6311, precision: 17.5369
[2021-11-09 12:15:17][__main__	][INFO	] TRAIN at global step #55 Epoch #1 Step #110 / 151: loss:1.6771, precision: 20.1925
[2021-11-09 12:15:23][__main__	][INFO	] TRAIN at global step #56 Epoch #1 Step #112 / 151: loss:2.0782, precision: 13.0289
[2021-11-09 12:15:29][__main__	][INFO	] TRAIN at global step #57 Epoch #1 Step #114 / 151: loss:1.7291, precision: 18.4161
[2021-11-09 12:15:34][__main__	][INFO	] TRAIN at global step #58 Epoch #1 Step #116 / 151: loss:1.6578, precision: 21.3221
[2021-11-09 12:15:41][__main__	][INFO	] TRAIN at global step #59 Epoch #1 Step #118 / 151: loss:1.6142, precision: 18.9195
[2021-11-09 12:15:47][__main__	][INFO	] TRAIN at global step #60 Epoch #1 Step #120 / 151: loss:1.5101, precision: 19.8419
[2021-11-09 12:15:54][__main__	][INFO	] TRAIN at global step #61 Epoch #1 Step #122 / 151: loss:1.5934, precision: 17.0696
[2021-11-09 12:16:00][__main__	][INFO	] TRAIN at global step #62 Epoch #1 Step #124 / 151: loss:1.5644, precision: 18.5159
[2021-11-09 12:16:06][__main__	][INFO	] TRAIN at global step #63 Epoch #1 Step #126 / 151: loss:1.5645, precision: 20.0734
[2021-11-09 12:16:12][__main__	][INFO	] TRAIN at global step #64 Epoch #1 Step #128 / 151: loss:1.6259, precision: 20.6349
[2021-11-09 12:16:19][__main__	][INFO	] TRAIN at global step #65 Epoch #1 Step #130 / 151: loss:1.6596, precision: 18.2217
[2021-11-09 12:16:25][__main__	][INFO	] TRAIN at global step #66 Epoch #1 Step #132 / 151: loss:1.6321, precision: 19.0923
[2021-11-09 12:16:31][__main__	][INFO	] TRAIN at global step #67 Epoch #1 Step #134 / 151: loss:1.5986, precision: 18.8354
[2021-11-09 12:16:37][__main__	][INFO	] TRAIN at global step #68 Epoch #1 Step #136 / 151: loss:1.9027, precision: 15.2490
[2021-11-09 12:16:42][__main__	][INFO	] TRAIN at global step #69 Epoch #1 Step #138 / 151: loss:1.7975, precision: 15.1136
[2021-11-09 12:16:47][__main__	][INFO	] TRAIN at global step #70 Epoch #1 Step #140 / 151: loss:1.5146, precision: 22.3865
[2021-11-09 12:16:55][__main__	][INFO	] TRAIN at global step #71 Epoch #1 Step #142 / 151: loss:1.7593, precision: 16.2815
[2021-11-09 12:17:03][__main__	][INFO	] TRAIN at global step #72 Epoch #1 Step #144 / 151: loss:1.6828, precision: 16.6840
[2021-11-09 12:17:09][__main__	][INFO	] TRAIN at global step #73 Epoch #1 Step #146 / 151: loss:1.5822, precision: 19.2736
[2021-11-09 12:17:14][__main__	][INFO	] TRAIN at global step #74 Epoch #1 Step #148 / 151: loss:1.5946, precision: 18.8611
[2021-11-09 12:17:20][__main__	][INFO	] TRAIN at global step #75 Epoch #1 Step #150 / 151: loss:1.6193, precision: 18.3863
[2021-11-09 12:17:22][__main__	][INFO	] Checkpoint at epoch #0 saved
[2021-11-09 12:17:32][__main__	][INFO	] TRAIN at global step #76 Epoch #2 Step #1 / 151: loss:1.7711, precision: 15.8391
[2021-11-09 12:17:38][__main__	][INFO	] TRAIN at global step #77 Epoch #2 Step #3 / 151: loss:1.6096, precision: 21.1912
[2021-11-09 12:17:46][__main__	][INFO	] TRAIN at global step #78 Epoch #2 Step #5 / 151: loss:1.4449, precision: 19.5849
[2021-11-09 12:17:52][__main__	][INFO	] TRAIN at global step #79 Epoch #2 Step #7 / 151: loss:1.6953, precision: 17.4928
[2021-11-09 12:17:57][__main__	][INFO	] TRAIN at global step #80 Epoch #2 Step #9 / 151: loss:1.4664, precision: 20.8279
[2021-11-09 12:18:06][__main__	][INFO	] TRAIN at global step #81 Epoch #2 Step #11 / 151: loss:1.5689, precision: 17.6483
[2021-11-09 12:18:12][__main__	][INFO	] TRAIN at global step #82 Epoch #2 Step #13 / 151: loss:1.4511, precision: 19.8665
[2021-11-09 12:18:18][__main__	][INFO	] TRAIN at global step #83 Epoch #2 Step #15 / 151: loss:1.3579, precision: 21.4893
[2021-11-09 12:18:25][__main__	][INFO	] TRAIN at global step #84 Epoch #2 Step #17 / 151: loss:1.7993, precision: 16.3312
[2021-11-09 12:18:31][__main__	][INFO	] TRAIN at global step #85 Epoch #2 Step #19 / 151: loss:1.5689, precision: 19.0815
[2021-11-09 12:18:37][__main__	][INFO	] TRAIN at global step #86 Epoch #2 Step #21 / 151: loss:1.7375, precision: 17.4777
[2021-11-09 12:18:44][__main__	][INFO	] TRAIN at global step #87 Epoch #2 Step #23 / 151: loss:1.5820, precision: 19.3704
[2021-11-09 12:18:51][__main__	][INFO	] TRAIN at global step #88 Epoch #2 Step #25 / 151: loss:1.5765, precision: 18.4581
[2021-11-09 12:18:57][__main__	][INFO	] TRAIN at global step #89 Epoch #2 Step #27 / 151: loss:1.5795, precision: 18.9284
[2021-11-09 12:19:03][__main__	][INFO	] TRAIN at global step #90 Epoch #2 Step #29 / 151: loss:1.4845, precision: 21.2465
[2021-11-09 12:19:09][__main__	][INFO	] TRAIN at global step #91 Epoch #2 Step #31 / 151: loss:1.6691, precision: 18.4742
[2021-11-09 12:19:16][__main__	][INFO	] TRAIN at global step #92 Epoch #2 Step #33 / 151: loss:1.5525, precision: 18.4525
[2021-11-09 12:19:22][__main__	][INFO	] TRAIN at global step #93 Epoch #2 Step #35 / 151: loss:1.6426, precision: 17.1129
[2021-11-09 12:19:29][__main__	][INFO	] TRAIN at global step #94 Epoch #2 Step #37 / 151: loss:1.7265, precision: 17.2275
[2021-11-09 12:19:36][__main__	][INFO	] TRAIN at global step #95 Epoch #2 Step #39 / 151: loss:1.5395, precision: 18.7680
[2021-11-09 12:19:41][__main__	][INFO	] TRAIN at global step #96 Epoch #2 Step #41 / 151: loss:1.7528, precision: 18.6261
[2021-11-09 12:19:46][__main__	][INFO	] TRAIN at global step #97 Epoch #2 Step #43 / 151: loss:1.4379, precision: 20.8511
[2021-11-09 12:19:52][__main__	][INFO	] TRAIN at global step #98 Epoch #2 Step #45 / 151: loss:1.6661, precision: 18.8345
[2021-11-09 12:19:58][__main__	][INFO	] TRAIN at global step #99 Epoch #2 Step #47 / 151: loss:1.7436, precision: 16.6759
[2021-11-09 12:20:04][__main__	][INFO	] TRAIN at global step #100 Epoch #2 Step #49 / 151: loss:1.8016, precision: 15.6831
[2021-11-09 12:20:11][__main__	][INFO	] TRAIN at global step #101 Epoch #2 Step #51 / 151: loss:1.6685, precision: 16.5435
[2021-11-09 12:20:17][__main__	][INFO	] TRAIN at global step #102 Epoch #2 Step #53 / 151: loss:1.5543, precision: 19.6571
[2021-11-09 12:20:24][__main__	][INFO	] TRAIN at global step #103 Epoch #2 Step #55 / 151: loss:1.6395, precision: 17.6170
[2021-11-09 12:20:31][__main__	][INFO	] TRAIN at global step #104 Epoch #2 Step #57 / 151: loss:1.5695, precision: 17.9471
[2021-11-09 12:20:39][__main__	][INFO	] TRAIN at global step #105 Epoch #2 Step #59 / 151: loss:1.6154, precision: 18.6574
[2021-11-09 12:20:46][__main__	][INFO	] TRAIN at global step #106 Epoch #2 Step #61 / 151: loss:1.6111, precision: 17.7121
[2021-11-09 12:20:54][__main__	][INFO	] TRAIN at global step #107 Epoch #2 Step #63 / 151: loss:1.6395, precision: 17.6617
[2021-11-09 12:21:01][__main__	][INFO	] TRAIN at global step #108 Epoch #2 Step #65 / 151: loss:1.5061, precision: 20.5775
[2021-11-09 12:21:07][__main__	][INFO	] TRAIN at global step #109 Epoch #2 Step #67 / 151: loss:1.5749, precision: 18.2217
[2021-11-09 12:21:13][__main__	][INFO	] TRAIN at global step #110 Epoch #2 Step #69 / 151: loss:1.6595, precision: 17.8547
[2021-11-09 12:21:20][__main__	][INFO	] TRAIN at global step #111 Epoch #2 Step #71 / 151: loss:1.4366, precision: 20.2474
[2021-11-09 12:21:27][__main__	][INFO	] TRAIN at global step #112 Epoch #2 Step #73 / 151: loss:1.6773, precision: 18.3420
[2021-11-09 12:21:32][__main__	][INFO	] TRAIN at global step #113 Epoch #2 Step #75 / 151: loss:1.5668, precision: 19.9149
[2021-11-09 12:21:37][__main__	][INFO	] TRAIN at global step #114 Epoch #2 Step #77 / 151: loss:1.6389, precision: 18.1432
[2021-11-09 12:21:44][__main__	][INFO	] TRAIN at global step #115 Epoch #2 Step #79 / 151: loss:1.6027, precision: 18.2648
[2021-11-09 12:21:51][__main__	][INFO	] TRAIN at global step #116 Epoch #2 Step #81 / 151: loss:1.7424, precision: 16.3451
[2021-11-09 12:21:58][__main__	][INFO	] TRAIN at global step #117 Epoch #2 Step #83 / 151: loss:1.7246, precision: 16.9748
[2021-11-09 12:22:04][__main__	][INFO	] TRAIN at global step #118 Epoch #2 Step #85 / 151: loss:1.5703, precision: 19.9308
[2021-11-09 12:22:12][__main__	][INFO	] TRAIN at global step #119 Epoch #2 Step #87 / 151: loss:1.3409, precision: 21.7317
[2021-11-09 12:22:20][__main__	][INFO	] TRAIN at global step #120 Epoch #2 Step #89 / 151: loss:1.7685, precision: 15.7038
[2021-11-09 12:22:27][__main__	][INFO	] TRAIN at global step #121 Epoch #2 Step #91 / 151: loss:1.6155, precision: 17.6132
[2021-11-09 12:22:32][__main__	][INFO	] TRAIN at global step #122 Epoch #2 Step #93 / 151: loss:1.4117, precision: 22.1129
[2021-11-09 12:22:39][__main__	][INFO	] TRAIN at global step #123 Epoch #2 Step #95 / 151: loss:1.3483, precision: 22.6561
[2021-11-09 12:22:46][__main__	][INFO	] TRAIN at global step #124 Epoch #2 Step #97 / 151: loss:1.5222, precision: 20.3770
[2021-11-09 12:22:53][__main__	][INFO	] TRAIN at global step #125 Epoch #2 Step #99 / 151: loss:1.5884, precision: 17.3360
[2021-11-09 12:22:59][__main__	][INFO	] TRAIN at global step #126 Epoch #2 Step #101 / 151: loss:1.5625, precision: 20.1099
[2021-11-09 12:23:08][__main__	][INFO	] TRAIN at global step #127 Epoch #2 Step #103 / 151: loss:1.7837, precision: 14.6170
[2021-11-09 12:23:18][__main__	][INFO	] TRAIN at global step #128 Epoch #2 Step #105 / 151: loss:1.6079, precision: 18.3558
[2021-11-09 12:23:23][__main__	][INFO	] TRAIN at global step #129 Epoch #2 Step #107 / 151: loss:1.6022, precision: 19.2724
[2021-11-09 12:23:30][__main__	][INFO	] TRAIN at global step #130 Epoch #2 Step #109 / 151: loss:1.4629, precision: 21.4633
[2021-11-09 12:23:36][__main__	][INFO	] TRAIN at global step #131 Epoch #2 Step #111 / 151: loss:1.5396, precision: 20.0983
[2021-11-09 12:23:43][__main__	][INFO	] TRAIN at global step #132 Epoch #2 Step #113 / 151: loss:1.7044, precision: 16.6478
[2021-11-09 12:23:49][__main__	][INFO	] TRAIN at global step #133 Epoch #2 Step #115 / 151: loss:1.6050, precision: 18.4384
[2021-11-09 12:23:56][__main__	][INFO	] TRAIN at global step #134 Epoch #2 Step #117 / 151: loss:1.5754, precision: 19.4874
[2021-11-09 12:24:01][__main__	][INFO	] TRAIN at global step #135 Epoch #2 Step #119 / 151: loss:1.4557, precision: 21.5081
[2021-11-09 12:24:08][__main__	][INFO	] TRAIN at global step #136 Epoch #2 Step #121 / 151: loss:1.5449, precision: 18.4961
[2021-11-09 12:24:14][__main__	][INFO	] TRAIN at global step #137 Epoch #2 Step #123 / 151: loss:1.4294, precision: 23.0105
[2021-11-09 12:24:21][__main__	][INFO	] TRAIN at global step #138 Epoch #2 Step #125 / 151: loss:1.7485, precision: 15.9694
[2021-11-09 12:24:29][__main__	][INFO	] TRAIN at global step #139 Epoch #2 Step #127 / 151: loss:1.5609, precision: 18.3132
[2021-11-09 12:24:35][__main__	][INFO	] TRAIN at global step #140 Epoch #2 Step #129 / 151: loss:1.5895, precision: 17.7582
[2021-11-09 12:24:42][__main__	][INFO	] TRAIN at global step #141 Epoch #2 Step #131 / 151: loss:1.4308, precision: 22.0770
[2021-11-09 12:24:48][__main__	][INFO	] TRAIN at global step #142 Epoch #2 Step #133 / 151: loss:1.5251, precision: 21.0130
[2021-11-09 12:24:55][__main__	][INFO	] TRAIN at global step #143 Epoch #2 Step #135 / 151: loss:1.7978, precision: 16.3232
[2021-11-09 12:25:00][__main__	][INFO	] TRAIN at global step #144 Epoch #2 Step #137 / 151: loss:1.5115, precision: 19.9959
[2021-11-09 12:25:08][__main__	][INFO	] TRAIN at global step #145 Epoch #2 Step #139 / 151: loss:1.4553, precision: 19.2337
[2021-11-09 12:25:14][__main__	][INFO	] TRAIN at global step #146 Epoch #2 Step #141 / 151: loss:1.5184, precision: 18.8656
[2021-11-09 12:25:19][__main__	][INFO	] TRAIN at global step #147 Epoch #2 Step #143 / 151: loss:1.2943, precision: 22.9382
[2021-11-09 12:25:26][__main__	][INFO	] TRAIN at global step #148 Epoch #2 Step #145 / 151: loss:1.6382, precision: 18.0403
[2021-11-09 12:25:34][__main__	][INFO	] TRAIN at global step #149 Epoch #2 Step #147 / 151: loss:1.4870, precision: 21.1392
[2021-11-09 12:25:41][__main__	][INFO	] TRAIN at global step #150 Epoch #2 Step #149 / 151: loss:1.4246, precision: 20.3265
[2021-11-09 12:25:46][__main__	][INFO	] ---> inference #0 of 39 loss: 1.3712 iou: 0.0790
[2021-11-09 12:25:47][__main__	][INFO	] ---> inference #1 of 39 loss: 1.7406 iou: 0.0761
[2021-11-09 12:25:49][__main__	][INFO	] ---> inference #2 of 39 loss: 1.7688 iou: 0.0667
[2021-11-09 12:25:49][__main__	][INFO	] ---> inference #3 of 39 loss: 1.2117 iou: 0.0916
[2021-11-09 12:25:50][__main__	][INFO	] ---> inference #4 of 39 loss: 1.2349 iou: 0.0851
[2021-11-09 12:25:51][__main__	][INFO	] ---> inference #5 of 39 loss: 1.3787 iou: 0.0893
[2021-11-09 12:25:51][__main__	][INFO	] ---> inference #6 of 39 loss: 1.8807 iou: 0.0635
[2021-11-09 12:25:53][__main__	][INFO	] ---> inference #7 of 39 loss: 1.2515 iou: 0.0953
[2021-11-09 12:25:55][__main__	][INFO	] ---> inference #8 of 39 loss: 1.9095 iou: 0.0632
[2021-11-09 12:25:57][__main__	][INFO	] ---> inference #9 of 39 loss: 1.6775 iou: 0.0716
[2021-11-09 12:25:57][__main__	][INFO	] ---> inference #10 of 39 loss: 1.6419 iou: 0.0800
[2021-11-09 12:25:59][__main__	][INFO	] ---> inference #11 of 39 loss: 1.6763 iou: 0.0682
[2021-11-09 12:26:00][__main__	][INFO	] ---> inference #12 of 39 loss: 1.1878 iou: 0.0794
[2021-11-09 12:26:01][__main__	][INFO	] ---> inference #13 of 39 loss: 1.2829 iou: 0.0839
[2021-11-09 12:26:02][__main__	][INFO	] ---> inference #14 of 39 loss: 1.5260 iou: 0.0817
[2021-11-09 12:26:03][__main__	][INFO	] ---> inference #15 of 39 loss: 1.4947 iou: 0.0769
[2021-11-09 12:26:03][__main__	][INFO	] ---> inference #16 of 39 loss: 1.7195 iou: 0.0755
[2021-11-09 12:26:04][__main__	][INFO	] ---> inference #17 of 39 loss: 1.3650 iou: 0.0782
[2021-11-09 12:26:05][__main__	][INFO	] ---> inference #18 of 39 loss: 1.5178 iou: 0.0872
[2021-11-09 12:26:05][__main__	][INFO	] ---> inference #19 of 39 loss: 1.6693 iou: 0.0733
[2021-11-09 12:26:07][__main__	][INFO	] ---> inference #20 of 39 loss: 1.7505 iou: 0.0935
[2021-11-09 12:26:08][__main__	][INFO	] ---> inference #21 of 39 loss: 1.4962 iou: 0.0729
[2021-11-09 12:26:08][__main__	][INFO	] ---> inference #22 of 39 loss: 1.5260 iou: 0.0810
[2021-11-09 12:26:09][__main__	][INFO	] ---> inference #23 of 39 loss: 1.6205 iou: 0.0737
[2021-11-09 12:26:10][__main__	][INFO	] ---> inference #24 of 39 loss: 1.1043 iou: 0.1070
[2021-11-09 12:26:11][__main__	][INFO	] ---> inference #25 of 39 loss: 1.8760 iou: 0.0744
[2021-11-09 12:26:12][__main__	][INFO	] ---> inference #26 of 39 loss: 1.6968 iou: 0.0664
[2021-11-09 12:26:13][__main__	][INFO	] ---> inference #27 of 39 loss: 1.4997 iou: 0.0735
[2021-11-09 12:26:14][__main__	][INFO	] ---> inference #28 of 39 loss: 1.5484 iou: 0.0752
[2021-11-09 12:26:15][__main__	][INFO	] ---> inference #29 of 39 loss: 1.3880 iou: 0.0800
[2021-11-09 12:26:17][__main__	][INFO	] ---> inference #30 of 39 loss: 1.5834 iou: 0.0785
[2021-11-09 12:26:18][__main__	][INFO	] ---> inference #31 of 39 loss: 1.5390 iou: 0.0765
[2021-11-09 12:26:18][__main__	][INFO	] ---> inference #32 of 39 loss: 1.2436 iou: 0.0938
[2021-11-09 12:26:19][__main__	][INFO	] ---> inference #33 of 39 loss: 1.4919 iou: 0.0869
[2021-11-09 12:26:20][__main__	][INFO	] ---> inference #34 of 39 loss: 1.7745 iou: 0.0711
[2021-11-09 12:26:21][__main__	][INFO	] ---> inference #35 of 39 loss: 1.6469 iou: 0.0871
[2021-11-09 12:26:22][__main__	][INFO	] ---> inference #36 of 39 loss: 1.9181 iou: 0.0686
[2021-11-09 12:26:23][__main__	][INFO	] ---> inference #37 of 39 loss: 1.8506 iou: 0.0691
[2021-11-09 12:26:23][__main__	][INFO	] ---> inference #38 of 39 loss: 2.0938 iou: 0.0607
[2021-11-09 12:26:23][__main__	][INFO	] VAL   at global step #150: loss (avg): 1.5681, iou (avg): 0.0783
[2021-11-09 12:26:23][__main__	][INFO	] VAL   at global step #150: iou (cls#0): 0.5251
[2021-11-09 12:26:23][__main__	][INFO	] VAL   at global step #150: iou (cls#1): 0.7337
[2021-11-09 12:26:23][__main__	][INFO	] VAL   at global step #150: iou (cls#2): 0.0000
[2021-11-09 12:26:23][__main__	][INFO	] VAL   at global step #150: iou (cls#3): 0.0000
[2021-11-09 12:26:23][__main__	][INFO	] VAL   at global step #150: iou (cls#4): 0.1830
[2021-11-09 12:26:23][__main__	][INFO	] VAL   at global step #150: iou (cls#5): 0.0000
[2021-11-09 12:26:23][__main__	][INFO	] VAL   at global step #150: iou (cls#6): 0.1115
[2021-11-09 12:26:23][__main__	][INFO	] VAL   at global step #150: iou (cls#7): 0.0000
[2021-11-09 12:26:23][__main__	][INFO	] VAL   at global step #150: iou (cls#8): 0.0133
[2021-11-09 12:26:23][__main__	][INFO	] VAL   at global step #150: iou (cls#9): 0.0000
[2021-11-09 12:26:23][__main__	][INFO	] VAL   at global step #150: iou (cls#10): 0.0000
[2021-11-09 12:26:23][__main__	][INFO	] VAL   at global step #150: iou (cls#11): 0.0000
[2021-11-09 12:26:23][__main__	][INFO	] VAL   at global step #150: iou (cls#12): 0.0000
[2021-11-09 12:26:23][__main__	][INFO	] VAL   at global step #150: iou (cls#13): 0.0000
[2021-11-09 12:26:23][__main__	][INFO	] VAL   at global step #150: iou (cls#14): 0.0000
[2021-11-09 12:26:23][__main__	][INFO	] VAL   at global step #150: iou (cls#15): 0.0000
[2021-11-09 12:26:23][__main__	][INFO	] VAL   at global step #150: iou (cls#16): 0.0000
[2021-11-09 12:26:23][__main__	][INFO	] VAL   at global step #150: iou (cls#17): 0.0000
[2021-11-09 12:26:23][__main__	][INFO	] VAL   at global step #150: iou (cls#18): 0.0000
[2021-11-09 12:26:23][__main__	][INFO	] VAL   at global step #150: iou (cls#19): 0.0001
[2021-11-09 12:26:23][__main__	][INFO	] Better checkpoint saved
[2021-11-09 12:26:28][__main__	][INFO	] TRAIN at global step #151 Epoch #2 Step #151 / 151: loss:1.6320, precision: 21.4976
[2021-11-09 12:26:30][__main__	][INFO	] Checkpoint at epoch #1 saved
[2021-11-09 12:26:44][__main__	][INFO	] TRAIN at global step #152 Epoch #3 Step #2 / 151: loss:1.7503, precision: 14.2827
[2021-11-09 12:26:52][__main__	][INFO	] TRAIN at global step #153 Epoch #3 Step #4 / 151: loss:1.5232, precision: 18.5615
[2021-11-09 12:26:57][__main__	][INFO	] TRAIN at global step #154 Epoch #3 Step #6 / 151: loss:1.6098, precision: 18.8422
[2021-11-09 12:27:04][__main__	][INFO	] TRAIN at global step #155 Epoch #3 Step #8 / 151: loss:1.5247, precision: 18.9283
[2021-11-09 12:27:10][__main__	][INFO	] TRAIN at global step #156 Epoch #3 Step #10 / 151: loss:1.6358, precision: 17.8008
[2021-11-09 12:27:15][__main__	][INFO	] TRAIN at global step #157 Epoch #3 Step #12 / 151: loss:1.4893, precision: 20.5566
[2021-11-09 12:27:22][__main__	][INFO	] TRAIN at global step #158 Epoch #3 Step #14 / 151: loss:1.2906, precision: 22.0683
[2021-11-09 12:27:27][__main__	][INFO	] TRAIN at global step #159 Epoch #3 Step #16 / 151: loss:1.6226, precision: 16.7149
[2021-11-09 12:27:35][__main__	][INFO	] TRAIN at global step #160 Epoch #3 Step #18 / 151: loss:1.4871, precision: 18.3015
[2021-11-09 12:27:42][__main__	][INFO	] TRAIN at global step #161 Epoch #3 Step #20 / 151: loss:1.6259, precision: 16.4737
[2021-11-09 12:27:47][__main__	][INFO	] TRAIN at global step #162 Epoch #3 Step #22 / 151: loss:1.6958, precision: 17.1327
[2021-11-09 12:27:53][__main__	][INFO	] TRAIN at global step #163 Epoch #3 Step #24 / 151: loss:1.3883, precision: 21.8766
[2021-11-09 12:28:00][__main__	][INFO	] TRAIN at global step #164 Epoch #3 Step #26 / 151: loss:1.7052, precision: 17.1687
[2021-11-09 12:28:06][__main__	][INFO	] TRAIN at global step #165 Epoch #3 Step #28 / 151: loss:1.4194, precision: 22.1032
[2021-11-09 12:28:12][__main__	][INFO	] TRAIN at global step #166 Epoch #3 Step #30 / 151: loss:1.4320, precision: 20.8222
[2021-11-09 12:28:18][__main__	][INFO	] TRAIN at global step #167 Epoch #3 Step #32 / 151: loss:1.3906, precision: 21.2204
[2021-11-09 12:28:26][__main__	][INFO	] TRAIN at global step #168 Epoch #3 Step #34 / 151: loss:1.5987, precision: 16.7473
[2021-11-09 12:28:31][__main__	][INFO	] TRAIN at global step #169 Epoch #3 Step #36 / 151: loss:1.4535, precision: 21.0007
[2021-11-09 12:28:39][__main__	][INFO	] TRAIN at global step #170 Epoch #3 Step #38 / 151: loss:1.3923, precision: 21.3858
[2021-11-09 12:28:45][__main__	][INFO	] TRAIN at global step #171 Epoch #3 Step #40 / 151: loss:1.3471, precision: 22.1337
[2021-11-09 12:28:52][__main__	][INFO	] TRAIN at global step #172 Epoch #3 Step #42 / 151: loss:1.5375, precision: 17.5884
[2021-11-09 12:28:58][__main__	][INFO	] TRAIN at global step #173 Epoch #3 Step #44 / 151: loss:1.4105, precision: 19.4235
[2021-11-09 12:29:06][__main__	][INFO	] TRAIN at global step #174 Epoch #3 Step #46 / 151: loss:1.5345, precision: 16.4602
[2021-11-09 12:29:13][__main__	][INFO	] TRAIN at global step #175 Epoch #3 Step #48 / 151: loss:1.4687, precision: 18.4223
[2021-11-09 12:29:19][__main__	][INFO	] TRAIN at global step #176 Epoch #3 Step #50 / 151: loss:1.5773, precision: 18.7302
[2021-11-09 12:29:25][__main__	][INFO	] TRAIN at global step #177 Epoch #3 Step #52 / 151: loss:1.5002, precision: 18.9851
[2021-11-09 12:29:33][__main__	][INFO	] TRAIN at global step #178 Epoch #3 Step #54 / 151: loss:1.3746, precision: 21.4428
[2021-11-09 12:29:39][__main__	][INFO	] TRAIN at global step #179 Epoch #3 Step #56 / 151: loss:1.4692, precision: 18.0737
[2021-11-09 12:29:45][__main__	][INFO	] TRAIN at global step #180 Epoch #3 Step #58 / 151: loss:1.4808, precision: 19.5452
[2021-11-09 12:29:52][__main__	][INFO	] TRAIN at global step #181 Epoch #3 Step #60 / 151: loss:1.5438, precision: 18.9017
[2021-11-09 12:29:59][__main__	][INFO	] TRAIN at global step #182 Epoch #3 Step #62 / 151: loss:1.2611, precision: 21.0683
[2021-11-09 12:30:05][__main__	][INFO	] TRAIN at global step #183 Epoch #3 Step #64 / 151: loss:1.5835, precision: 18.7300
[2021-11-09 12:30:12][__main__	][INFO	] TRAIN at global step #184 Epoch #3 Step #66 / 151: loss:1.6005, precision: 18.0111
[2021-11-09 12:30:18][__main__	][INFO	] TRAIN at global step #185 Epoch #3 Step #68 / 151: loss:1.5049, precision: 19.0202
[2021-11-09 12:30:25][__main__	][INFO	] TRAIN at global step #186 Epoch #3 Step #70 / 151: loss:1.5430, precision: 19.0124
[2021-11-09 12:30:32][__main__	][INFO	] TRAIN at global step #187 Epoch #3 Step #72 / 151: loss:1.4306, precision: 21.3710
[2021-11-09 12:30:39][__main__	][INFO	] TRAIN at global step #188 Epoch #3 Step #74 / 151: loss:1.2150, precision: 22.6712
[2021-11-09 12:30:45][__main__	][INFO	] TRAIN at global step #189 Epoch #3 Step #76 / 151: loss:1.4671, precision: 19.4237
[2021-11-09 12:30:51][__main__	][INFO	] TRAIN at global step #190 Epoch #3 Step #78 / 151: loss:1.2272, precision: 22.0393
[2021-11-09 12:30:58][__main__	][INFO	] TRAIN at global step #191 Epoch #3 Step #80 / 151: loss:1.6757, precision: 16.2792
[2021-11-09 12:31:06][__main__	][INFO	] TRAIN at global step #192 Epoch #3 Step #82 / 151: loss:1.4372, precision: 18.9943
[2021-11-09 12:31:15][__main__	][INFO	] TRAIN at global step #193 Epoch #3 Step #84 / 151: loss:1.3850, precision: 20.0811
[2021-11-09 12:31:21][__main__	][INFO	] TRAIN at global step #194 Epoch #3 Step #86 / 151: loss:1.4406, precision: 17.9804
[2021-11-09 12:31:29][__main__	][INFO	] TRAIN at global step #195 Epoch #3 Step #88 / 151: loss:1.4653, precision: 19.4453
[2021-11-09 12:31:37][__main__	][INFO	] TRAIN at global step #196 Epoch #3 Step #90 / 151: loss:1.5585, precision: 16.6030
[2021-11-09 12:31:43][__main__	][INFO	] TRAIN at global step #197 Epoch #3 Step #92 / 151: loss:1.5428, precision: 16.8563
[2021-11-09 12:31:49][__main__	][INFO	] TRAIN at global step #198 Epoch #3 Step #94 / 151: loss:1.4719, precision: 19.4610
[2021-11-09 12:31:55][__main__	][INFO	] TRAIN at global step #199 Epoch #3 Step #96 / 151: loss:1.3340, precision: 20.8522
[2021-11-09 12:32:00][__main__	][INFO	] TRAIN at global step #200 Epoch #3 Step #98 / 151: loss:1.2232, precision: 23.2920
[2021-11-09 12:32:08][__main__	][INFO	] TRAIN at global step #201 Epoch #3 Step #100 / 151: loss:1.2270, precision: 21.8139
[2021-11-09 12:32:16][__main__	][INFO	] TRAIN at global step #202 Epoch #3 Step #102 / 151: loss:1.3845, precision: 20.4645
[2021-11-09 12:32:22][__main__	][INFO	] TRAIN at global step #203 Epoch #3 Step #104 / 151: loss:1.3844, precision: 18.6595
[2021-11-09 12:32:30][__main__	][INFO	] TRAIN at global step #204 Epoch #3 Step #106 / 151: loss:1.4068, precision: 18.5636
[2021-11-09 12:32:38][__main__	][INFO	] TRAIN at global step #205 Epoch #3 Step #108 / 151: loss:1.3103, precision: 22.0660
[2021-11-09 12:32:45][__main__	][INFO	] TRAIN at global step #206 Epoch #3 Step #110 / 151: loss:1.4205, precision: 20.8567
[2021-11-09 12:32:52][__main__	][INFO	] TRAIN at global step #207 Epoch #3 Step #112 / 151: loss:1.3611, precision: 20.0528
[2021-11-09 12:32:59][__main__	][INFO	] TRAIN at global step #208 Epoch #3 Step #114 / 151: loss:1.4612, precision: 18.2985
[2021-11-09 12:33:06][__main__	][INFO	] TRAIN at global step #209 Epoch #3 Step #116 / 151: loss:1.5677, precision: 17.3605
[2021-11-09 12:33:12][__main__	][INFO	] TRAIN at global step #210 Epoch #3 Step #118 / 151: loss:1.3553, precision: 22.6731
[2021-11-09 12:33:19][__main__	][INFO	] TRAIN at global step #211 Epoch #3 Step #120 / 151: loss:1.3607, precision: 20.7913
[2021-11-09 12:33:25][__main__	][INFO	] TRAIN at global step #212 Epoch #3 Step #122 / 151: loss:1.5053, precision: 19.2205
[2021-11-09 12:33:31][__main__	][INFO	] TRAIN at global step #213 Epoch #3 Step #124 / 151: loss:1.3580, precision: 21.4970
[2021-11-09 12:33:38][__main__	][INFO	] TRAIN at global step #214 Epoch #3 Step #126 / 151: loss:1.4147, precision: 19.5282
[2021-11-09 12:33:45][__main__	][INFO	] TRAIN at global step #215 Epoch #3 Step #128 / 151: loss:1.4523, precision: 18.8283
[2021-11-09 12:33:52][__main__	][INFO	] TRAIN at global step #216 Epoch #3 Step #130 / 151: loss:1.4904, precision: 18.0377
[2021-11-09 12:33:57][__main__	][INFO	] TRAIN at global step #217 Epoch #3 Step #132 / 151: loss:1.2940, precision: 22.0283
[2021-11-09 12:34:03][__main__	][INFO	] TRAIN at global step #218 Epoch #3 Step #134 / 151: loss:1.4629, precision: 18.8786
[2021-11-09 12:34:09][__main__	][INFO	] TRAIN at global step #219 Epoch #3 Step #136 / 151: loss:1.1874, precision: 22.8418
[2021-11-09 12:34:14][__main__	][INFO	] TRAIN at global step #220 Epoch #3 Step #138 / 151: loss:1.3797, precision: 22.3472
[2021-11-09 12:34:21][__main__	][INFO	] TRAIN at global step #221 Epoch #3 Step #140 / 151: loss:1.2862, precision: 21.2416
[2021-11-09 12:34:27][__main__	][INFO	] TRAIN at global step #222 Epoch #3 Step #142 / 151: loss:1.3940, precision: 20.4504
[2021-11-09 12:34:31][__main__	][INFO	] TRAIN at global step #223 Epoch #3 Step #144 / 151: loss:1.3969, precision: 20.6761
[2021-11-09 12:34:38][__main__	][INFO	] TRAIN at global step #224 Epoch #3 Step #146 / 151: loss:1.2012, precision: 22.7796
[2021-11-09 12:34:44][__main__	][INFO	] TRAIN at global step #225 Epoch #3 Step #148 / 151: loss:1.3934, precision: 19.7337
[2021-11-09 12:34:50][__main__	][INFO	] TRAIN at global step #226 Epoch #3 Step #150 / 151: loss:1.5794, precision: 16.8873
[2021-11-09 12:34:53][__main__	][INFO	] Checkpoint at epoch #2 saved
[2021-11-09 12:35:00][__main__	][INFO	] TRAIN at global step #227 Epoch #4 Step #1 / 151: loss:1.6834, precision: 14.8090
[2021-11-09 12:35:06][__main__	][INFO	] TRAIN at global step #228 Epoch #4 Step #3 / 151: loss:1.3259, precision: 19.5617
[2021-11-09 12:35:13][__main__	][INFO	] TRAIN at global step #229 Epoch #4 Step #5 / 151: loss:1.2652, precision: 21.7366
[2021-11-09 12:35:19][__main__	][INFO	] TRAIN at global step #230 Epoch #4 Step #7 / 151: loss:1.0950, precision: 24.1722
[2021-11-09 12:35:26][__main__	][INFO	] TRAIN at global step #231 Epoch #4 Step #9 / 151: loss:1.1503, precision: 23.1460
[2021-11-09 12:35:31][__main__	][INFO	] TRAIN at global step #232 Epoch #4 Step #11 / 151: loss:1.1811, precision: 22.3783
[2021-11-09 12:35:38][__main__	][INFO	] TRAIN at global step #233 Epoch #4 Step #13 / 151: loss:1.2900, precision: 23.7221
[2021-11-09 12:35:46][__main__	][INFO	] TRAIN at global step #234 Epoch #4 Step #15 / 151: loss:1.2026, precision: 21.6156
[2021-11-09 12:35:51][__main__	][INFO	] TRAIN at global step #235 Epoch #4 Step #17 / 151: loss:1.2976, precision: 20.7142
[2021-11-09 12:35:58][__main__	][INFO	] TRAIN at global step #236 Epoch #4 Step #19 / 151: loss:1.1689, precision: 23.2730
[2021-11-09 12:36:04][__main__	][INFO	] TRAIN at global step #237 Epoch #4 Step #21 / 151: loss:1.3312, precision: 20.5141
[2021-11-09 12:36:11][__main__	][INFO	] TRAIN at global step #238 Epoch #4 Step #23 / 151: loss:1.1828, precision: 22.7459
[2021-11-09 12:36:15][__main__	][INFO	] TRAIN at global step #239 Epoch #4 Step #25 / 151: loss:1.4669, precision: 20.7503
[2021-11-09 12:36:21][__main__	][INFO	] TRAIN at global step #240 Epoch #4 Step #27 / 151: loss:1.3365, precision: 19.3531
[2021-11-09 12:36:30][__main__	][INFO	] TRAIN at global step #241 Epoch #4 Step #29 / 151: loss:1.2778, precision: 20.8821
[2021-11-09 12:36:37][__main__	][INFO	] TRAIN at global step #242 Epoch #4 Step #31 / 151: loss:1.6685, precision: 14.8265
[2021-11-09 12:36:44][__main__	][INFO	] TRAIN at global step #243 Epoch #4 Step #33 / 151: loss:1.5091, precision: 16.6551
[2021-11-09 12:36:49][__main__	][INFO	] TRAIN at global step #244 Epoch #4 Step #35 / 151: loss:1.2558, precision: 22.8764
[2021-11-09 12:36:55][__main__	][INFO	] TRAIN at global step #245 Epoch #4 Step #37 / 151: loss:1.1364, precision: 23.3443
[2021-11-09 12:37:01][__main__	][INFO	] TRAIN at global step #246 Epoch #4 Step #39 / 151: loss:1.3709, precision: 18.5017
[2021-11-09 12:37:09][__main__	][INFO	] TRAIN at global step #247 Epoch #4 Step #41 / 151: loss:1.2808, precision: 20.7644
[2021-11-09 12:37:14][__main__	][INFO	] TRAIN at global step #248 Epoch #4 Step #43 / 151: loss:1.1450, precision: 23.2562
[2021-11-09 12:37:22][__main__	][INFO	] TRAIN at global step #249 Epoch #4 Step #45 / 151: loss:1.3508, precision: 19.1095
[2021-11-09 12:37:28][__main__	][INFO	] TRAIN at global step #250 Epoch #4 Step #47 / 151: loss:1.4620, precision: 18.4305
[2021-11-09 12:37:34][__main__	][INFO	] TRAIN at global step #251 Epoch #4 Step #49 / 151: loss:1.5416, precision: 16.9463
[2021-11-09 12:37:40][__main__	][INFO	] TRAIN at global step #252 Epoch #4 Step #51 / 151: loss:1.2437, precision: 22.8327
[2021-11-09 12:37:46][__main__	][INFO	] TRAIN at global step #253 Epoch #4 Step #53 / 151: loss:1.3345, precision: 20.7685
[2021-11-09 12:37:52][__main__	][INFO	] TRAIN at global step #254 Epoch #4 Step #55 / 151: loss:1.2627, precision: 20.2646
[2021-11-09 12:37:58][__main__	][INFO	] TRAIN at global step #255 Epoch #4 Step #57 / 151: loss:1.2658, precision: 22.1072
[2021-11-09 12:38:06][__main__	][INFO	] TRAIN at global step #256 Epoch #4 Step #59 / 151: loss:1.2556, precision: 20.6247
[2021-11-09 12:38:12][__main__	][INFO	] TRAIN at global step #257 Epoch #4 Step #61 / 151: loss:1.2030, precision: 21.8732
[2021-11-09 12:38:20][__main__	][INFO	] TRAIN at global step #258 Epoch #4 Step #63 / 151: loss:1.4024, precision: 18.3838
[2021-11-09 12:38:28][__main__	][INFO	] TRAIN at global step #259 Epoch #4 Step #65 / 151: loss:1.2754, precision: 21.0079
[2021-11-09 12:38:34][__main__	][INFO	] TRAIN at global step #260 Epoch #4 Step #67 / 151: loss:1.3208, precision: 19.1787
[2021-11-09 12:38:39][__main__	][INFO	] TRAIN at global step #261 Epoch #4 Step #69 / 151: loss:1.3167, precision: 19.8744
[2021-11-09 12:38:47][__main__	][INFO	] TRAIN at global step #262 Epoch #4 Step #71 / 151: loss:1.1256, precision: 22.9191
[2021-11-09 12:38:53][__main__	][INFO	] TRAIN at global step #263 Epoch #4 Step #73 / 151: loss:1.2487, precision: 20.3736
Traceback (most recent call last):
  File "new.py", line 1008, in <module>
    main()
  File "new.py", line 90, in main
    main_worker()
  File "new.py", line 213, in main_worker
    train(model, train_dataloader, val_dataloader, config, logger, rank=rank, world_size=world_size)
  File "new.py", line 743, in train
    loss.backward()
  File "/home/aidrive/tb5zhh/.conda/envs/tbw_3dscan/lib/python3.8/site-packages/torch/tensor.py", line 245, in backward
    torch.autograd.backward(self, gradient, retain_graph, create_graph, inputs=inputs)
  File "/home/aidrive/tb5zhh/.conda/envs/tbw_3dscan/lib/python3.8/site-packages/torch/autograd/__init__.py", line 145, in backward
    Variable._execution_engine.run_backward(
  File "/home/aidrive/tb5zhh/.conda/envs/tbw_3dscan/lib/python3.8/site-packages/torch/autograd/function.py", line 89, in apply
    return self._forward_cls.backward(self, *args)  # type: ignore
  File "/home/aidrive/tb5zhh/.conda/envs/tbw_3dscan/lib/python3.8/site-packages/MinkowskiEngine/MinkowskiConvolution.py", line 99, in backward
    grad_in_feat, grad_kernel = bw_fn(
RuntimeError: CUDA out of memory. Tried to allocate 476.00 MiB (GPU 0; 19.62 GiB total capacity; 17.34 GiB already allocated; 299.12 MiB free; 17.73 GiB reserved in total by PyTorch)

wandb: Waiting for W&B process to finish, PID 215389... (failed 1). Press ctrl-c to abort syncing.
wandb: - 0.05MB of 0.05MB uploaded (0.00MB deduped)wandb: \ 0.05MB of 0.05MB uploaded (0.00MB deduped)wandb: | 0.05MB of 0.09MB uploaded (0.00MB deduped)wandb: / 0.05MB of 0.09MB uploaded (0.00MB deduped)wandb: - 0.05MB of 0.09MB uploaded (0.00MB deduped)wandb: \ 0.05MB of 0.09MB uploaded (0.00MB deduped)wandb: | 0.05MB of 0.09MB uploaded (0.00MB deduped)wandb: / 0.09MB of 0.09MB uploaded (0.00MB deduped)wandb: - 0.09MB of 0.09MB uploaded (0.00MB deduped)wandb: \ 0.09MB of 0.09MB uploaded (0.00MB deduped)wandb: | 0.09MB of 0.09MB uploaded (0.00MB deduped)wandb: / 0.09MB of 0.09MB uploaded (0.00MB deduped)wandb: - 0.09MB of 0.09MB uploaded (0.00MB deduped)wandb: \ 0.09MB of 0.09MB uploaded (0.00MB deduped)wandb: | 0.09MB of 0.09MB uploaded (0.00MB deduped)wandb: / 0.09MB of 0.09MB uploaded (0.00MB deduped)wandb: - 0.09MB of 0.09MB uploaded (0.00MB deduped)wandb: \ 0.09MB of 0.09MB uploaded (0.00MB deduped)wandb: | 0.09MB of 0.09MB uploaded (0.00MB deduped)wandb: / 0.09MB of 0.09MB uploaded (0.00MB deduped)wandb: - 0.09MB of 0.09MB uploaded (0.00MB deduped)wandb: \ 0.09MB of 0.09MB uploaded (0.00MB deduped)wandb: | 0.09MB of 0.09MB uploaded (0.00MB deduped)wandb: / 0.09MB of 0.09MB uploaded (0.00MB deduped)wandb: - 0.09MB of 0.09MB uploaded (0.00MB deduped)wandb: \ 0.09MB of 0.09MB uploaded (0.00MB deduped)wandb: | 0.09MB of 0.09MB uploaded (0.00MB deduped)wandb: / 0.09MB of 0.09MB uploaded (0.00MB deduped)wandb: - 0.09MB of 0.09MB uploaded (0.00MB deduped)wandb: \ 0.09MB of 0.09MB uploaded (0.00MB deduped)wandb: | 0.09MB of 0.09MB uploaded (0.00MB deduped)wandb:                                                                                
wandb: Run history:
wandb:     global_step ▁▁▁▂▂▂▂▂▂▃▃▃▃▃▃▄▄▄▄▄▅▅▅▅▅▅▆▆▆▆▆▆▇▇▇▇▇███
wandb:   learning rate ████▇▇▇▇▇▆▆▆▆▆▆▅▅▅▅▅▅▄▄▄▄▄▃▃▃▃▃▃▂▂▂▂▂▁▁▁
wandb:            loss █▆▅▄▄▄▄▃▆▃▅▄▃▃▃▅▃▄▄▃▄▃▄▄▃▃▃▃▃▂▁▂▃▂▁▁▂▁▁▂
wandb:      optim_step ▁▁▁▁▂▂▂▂▂▃▃▃▃▃▃▄▄▄▄▄▅▅▅▅▅▅▆▆▆▆▆▆▇▇▇▇▇███
wandb:       precision ▁▄▄▅▅▄▅▆▁▆▃▃▆▅▅▃▆▅▃▅▄▄▅▂▅▄▄▆▅▅█▅▅▇█▇▅██▅
wandb:        val_loss ▁
wandb:   val_miou_mean ▁
wandb:        val_step ▁
wandb: 
wandb: Run summary:
wandb:     global_step 263
wandb:   learning rate 0.09921
wandb:            loss 1.24869
wandb:      optim_step 263
wandb:       precision 20.37365
wandb:        val_loss 1.56807
wandb:   val_miou_mean 0.07834
wandb:        val_step 1
wandb: 
wandb: Synced 6 W&B file(s), 0 media file(s), 0 artifact file(s) and 1 other file(s)
wandb: Synced dandy-microwave-274: https://wandb.ai/tb5zhh/3dsp/runs/1gu706zb
wandb: Find logs at: ./wandb/run-20211109_120855-1gu706zb/logs/debug.log
wandb: 
